[2023-01-04 08:00:53,265] {processor.py:153} INFO - Started process (PID=28214) to work on /home/gustavo/Documents/etl_api_twitter/venv/lib/python3.9/site-packages/airflow/example_dags/example_task_group_decorator.py
[2023-01-04 08:00:53,266] {processor.py:641} INFO - Processing file /home/gustavo/Documents/etl_api_twitter/venv/lib/python3.9/site-packages/airflow/example_dags/example_task_group_decorator.py for tasks to queue
[2023-01-04 08:00:53,267] {logging_mixin.py:115} INFO - [2023-01-04 08:00:53,267] {dagbag.py:507} INFO - Filling up the DagBag from /home/gustavo/Documents/etl_api_twitter/venv/lib/python3.9/site-packages/airflow/example_dags/example_task_group_decorator.py
[2023-01-04 08:00:53,349] {processor.py:651} INFO - DAG(s) dict_keys(['example_task_group_decorator']) retrieved from /home/gustavo/Documents/etl_api_twitter/venv/lib/python3.9/site-packages/airflow/example_dags/example_task_group_decorator.py
[2023-01-04 08:00:53,453] {logging_mixin.py:115} INFO - [2023-01-04 08:00:53,453] {manager.py:508} INFO - Created Permission View: can edit on DAG:example_task_group_decorator
[2023-01-04 08:00:53,474] {logging_mixin.py:115} INFO - [2023-01-04 08:00:53,474] {manager.py:508} INFO - Created Permission View: can read on DAG:example_task_group_decorator
[2023-01-04 08:00:53,481] {logging_mixin.py:115} INFO - [2023-01-04 08:00:53,481] {manager.py:508} INFO - Created Permission View: can delete on DAG:example_task_group_decorator
[2023-01-04 08:00:53,482] {logging_mixin.py:115} INFO - [2023-01-04 08:00:53,482] {dag.py:2379} INFO - Sync 1 DAGs
[2023-01-04 08:00:53,495] {logging_mixin.py:115} INFO - [2023-01-04 08:00:53,495] {dag.py:2398} INFO - Creating ORM DAG for example_task_group_decorator
[2023-01-04 08:00:53,529] {logging_mixin.py:115} INFO - [2023-01-04 08:00:53,529] {dag.py:2927} INFO - Setting next_dagrun for example_task_group_decorator to 2023-01-03T11:00:53.528902+00:00, run_after=2023-01-04T11:00:53.528902+00:00
[2023-01-04 08:00:53,582] {processor.py:161} INFO - Processing /home/gustavo/Documents/etl_api_twitter/venv/lib/python3.9/site-packages/airflow/example_dags/example_task_group_decorator.py took 0.328 seconds
[2023-01-04 08:01:34,084] {processor.py:153} INFO - Started process (PID=28472) to work on /home/gustavo/Documents/etl_api_twitter/venv/lib/python3.9/site-packages/airflow/example_dags/example_task_group_decorator.py
[2023-01-04 08:01:34,088] {processor.py:641} INFO - Processing file /home/gustavo/Documents/etl_api_twitter/venv/lib/python3.9/site-packages/airflow/example_dags/example_task_group_decorator.py for tasks to queue
[2023-01-04 08:01:34,089] {logging_mixin.py:115} INFO - [2023-01-04 08:01:34,089] {dagbag.py:507} INFO - Filling up the DagBag from /home/gustavo/Documents/etl_api_twitter/venv/lib/python3.9/site-packages/airflow/example_dags/example_task_group_decorator.py
[2023-01-04 08:01:34,126] {processor.py:651} INFO - DAG(s) dict_keys(['example_task_group_decorator']) retrieved from /home/gustavo/Documents/etl_api_twitter/venv/lib/python3.9/site-packages/airflow/example_dags/example_task_group_decorator.py
[2023-01-04 08:01:34,186] {logging_mixin.py:115} INFO - [2023-01-04 08:01:34,186] {dag.py:2379} INFO - Sync 1 DAGs
[2023-01-04 08:01:34,199] {logging_mixin.py:115} INFO - [2023-01-04 08:01:34,199] {dag.py:2927} INFO - Setting next_dagrun for example_task_group_decorator to 2023-01-03T11:01:34.199206+00:00, run_after=2023-01-04T11:01:34.199206+00:00
[2023-01-04 08:01:34,223] {processor.py:161} INFO - Processing /home/gustavo/Documents/etl_api_twitter/venv/lib/python3.9/site-packages/airflow/example_dags/example_task_group_decorator.py took 0.143 seconds
[2023-01-04 08:02:10,750] {processor.py:153} INFO - Started process (PID=28681) to work on /home/gustavo/Documents/etl_api_twitter/venv/lib/python3.9/site-packages/airflow/example_dags/example_task_group_decorator.py
[2023-01-04 08:02:10,753] {processor.py:641} INFO - Processing file /home/gustavo/Documents/etl_api_twitter/venv/lib/python3.9/site-packages/airflow/example_dags/example_task_group_decorator.py for tasks to queue
[2023-01-04 08:02:10,756] {logging_mixin.py:115} INFO - [2023-01-04 08:02:10,756] {dagbag.py:507} INFO - Filling up the DagBag from /home/gustavo/Documents/etl_api_twitter/venv/lib/python3.9/site-packages/airflow/example_dags/example_task_group_decorator.py
[2023-01-04 08:02:10,833] {processor.py:651} INFO - DAG(s) dict_keys(['example_task_group_decorator']) retrieved from /home/gustavo/Documents/etl_api_twitter/venv/lib/python3.9/site-packages/airflow/example_dags/example_task_group_decorator.py
[2023-01-04 08:02:10,956] {logging_mixin.py:115} INFO - [2023-01-04 08:02:10,956] {dag.py:2379} INFO - Sync 1 DAGs
[2023-01-04 08:02:10,979] {logging_mixin.py:115} INFO - [2023-01-04 08:02:10,979] {dag.py:2927} INFO - Setting next_dagrun for example_task_group_decorator to 2023-01-03T11:02:10.979437+00:00, run_after=2023-01-04T11:02:10.979437+00:00
[2023-01-04 08:02:11,002] {processor.py:161} INFO - Processing /home/gustavo/Documents/etl_api_twitter/venv/lib/python3.9/site-packages/airflow/example_dags/example_task_group_decorator.py took 0.259 seconds
[2023-01-04 08:10:45,024] {processor.py:153} INFO - Started process (PID=3391) to work on /home/gustavo/Documents/etl_api_twitter/venv/lib/python3.9/site-packages/airflow/example_dags/example_task_group_decorator.py
[2023-01-04 08:10:45,026] {processor.py:641} INFO - Processing file /home/gustavo/Documents/etl_api_twitter/venv/lib/python3.9/site-packages/airflow/example_dags/example_task_group_decorator.py for tasks to queue
[2023-01-04 08:10:45,028] {logging_mixin.py:115} INFO - [2023-01-04 08:10:45,028] {dagbag.py:507} INFO - Filling up the DagBag from /home/gustavo/Documents/etl_api_twitter/venv/lib/python3.9/site-packages/airflow/example_dags/example_task_group_decorator.py
[2023-01-04 08:10:45,077] {processor.py:651} INFO - DAG(s) dict_keys(['example_task_group_decorator']) retrieved from /home/gustavo/Documents/etl_api_twitter/venv/lib/python3.9/site-packages/airflow/example_dags/example_task_group_decorator.py
[2023-01-04 08:10:45,145] {logging_mixin.py:115} INFO - [2023-01-04 08:10:45,145] {dag.py:2379} INFO - Sync 1 DAGs
[2023-01-04 08:10:45,158] {logging_mixin.py:115} INFO - [2023-01-04 08:10:45,158] {dag.py:2927} INFO - Setting next_dagrun for example_task_group_decorator to 2023-01-03T11:10:45.158279+00:00, run_after=2023-01-04T11:10:45.158279+00:00
[2023-01-04 08:10:45,177] {processor.py:161} INFO - Processing /home/gustavo/Documents/etl_api_twitter/venv/lib/python3.9/site-packages/airflow/example_dags/example_task_group_decorator.py took 0.158 seconds
[2023-01-04 08:11:21,370] {processor.py:153} INFO - Started process (PID=3931) to work on /home/gustavo/Documents/etl_api_twitter/venv/lib/python3.9/site-packages/airflow/example_dags/example_task_group_decorator.py
[2023-01-04 08:11:21,371] {processor.py:641} INFO - Processing file /home/gustavo/Documents/etl_api_twitter/venv/lib/python3.9/site-packages/airflow/example_dags/example_task_group_decorator.py for tasks to queue
[2023-01-04 08:11:21,372] {logging_mixin.py:115} INFO - [2023-01-04 08:11:21,371] {dagbag.py:507} INFO - Filling up the DagBag from /home/gustavo/Documents/etl_api_twitter/venv/lib/python3.9/site-packages/airflow/example_dags/example_task_group_decorator.py
[2023-01-04 08:11:21,404] {processor.py:651} INFO - DAG(s) dict_keys(['example_task_group_decorator']) retrieved from /home/gustavo/Documents/etl_api_twitter/venv/lib/python3.9/site-packages/airflow/example_dags/example_task_group_decorator.py
[2023-01-04 08:11:21,441] {logging_mixin.py:115} INFO - [2023-01-04 08:11:21,441] {dag.py:2379} INFO - Sync 1 DAGs
[2023-01-04 08:11:21,465] {logging_mixin.py:115} INFO - [2023-01-04 08:11:21,465] {dag.py:2927} INFO - Setting next_dagrun for example_task_group_decorator to 2023-01-03T11:11:21.464612+00:00, run_after=2023-01-04T11:11:21.464612+00:00
[2023-01-04 08:11:21,482] {processor.py:161} INFO - Processing /home/gustavo/Documents/etl_api_twitter/venv/lib/python3.9/site-packages/airflow/example_dags/example_task_group_decorator.py took 0.115 seconds
[2023-01-04 08:11:56,167] {processor.py:153} INFO - Started process (PID=4080) to work on /home/gustavo/Documents/etl_api_twitter/venv/lib/python3.9/site-packages/airflow/example_dags/example_task_group_decorator.py
[2023-01-04 08:11:56,169] {processor.py:641} INFO - Processing file /home/gustavo/Documents/etl_api_twitter/venv/lib/python3.9/site-packages/airflow/example_dags/example_task_group_decorator.py for tasks to queue
[2023-01-04 08:11:56,170] {logging_mixin.py:115} INFO - [2023-01-04 08:11:56,170] {dagbag.py:507} INFO - Filling up the DagBag from /home/gustavo/Documents/etl_api_twitter/venv/lib/python3.9/site-packages/airflow/example_dags/example_task_group_decorator.py
[2023-01-04 08:11:56,199] {processor.py:651} INFO - DAG(s) dict_keys(['example_task_group_decorator']) retrieved from /home/gustavo/Documents/etl_api_twitter/venv/lib/python3.9/site-packages/airflow/example_dags/example_task_group_decorator.py
[2023-01-04 08:11:56,233] {logging_mixin.py:115} INFO - [2023-01-04 08:11:56,232] {dag.py:2379} INFO - Sync 1 DAGs
[2023-01-04 08:11:56,244] {logging_mixin.py:115} INFO - [2023-01-04 08:11:56,244] {dag.py:2927} INFO - Setting next_dagrun for example_task_group_decorator to 2023-01-03T11:11:56.244592+00:00, run_after=2023-01-04T11:11:56.244592+00:00
[2023-01-04 08:11:56,258] {processor.py:161} INFO - Processing /home/gustavo/Documents/etl_api_twitter/venv/lib/python3.9/site-packages/airflow/example_dags/example_task_group_decorator.py took 0.098 seconds
[2023-01-04 08:12:28,242] {processor.py:153} INFO - Started process (PID=4174) to work on /home/gustavo/Documents/etl_api_twitter/venv/lib/python3.9/site-packages/airflow/example_dags/example_task_group_decorator.py
[2023-01-04 08:12:28,242] {processor.py:641} INFO - Processing file /home/gustavo/Documents/etl_api_twitter/venv/lib/python3.9/site-packages/airflow/example_dags/example_task_group_decorator.py for tasks to queue
[2023-01-04 08:12:28,243] {logging_mixin.py:115} INFO - [2023-01-04 08:12:28,243] {dagbag.py:507} INFO - Filling up the DagBag from /home/gustavo/Documents/etl_api_twitter/venv/lib/python3.9/site-packages/airflow/example_dags/example_task_group_decorator.py
[2023-01-04 08:12:28,267] {processor.py:651} INFO - DAG(s) dict_keys(['example_task_group_decorator']) retrieved from /home/gustavo/Documents/etl_api_twitter/venv/lib/python3.9/site-packages/airflow/example_dags/example_task_group_decorator.py
[2023-01-04 08:12:28,283] {logging_mixin.py:115} INFO - [2023-01-04 08:12:28,283] {dag.py:2379} INFO - Sync 1 DAGs
[2023-01-04 08:12:28,298] {logging_mixin.py:115} INFO - [2023-01-04 08:12:28,298] {dag.py:2927} INFO - Setting next_dagrun for example_task_group_decorator to 2023-01-03T11:12:28.297800+00:00, run_after=2023-01-04T11:12:28.297800+00:00
[2023-01-04 08:12:28,308] {processor.py:161} INFO - Processing /home/gustavo/Documents/etl_api_twitter/venv/lib/python3.9/site-packages/airflow/example_dags/example_task_group_decorator.py took 0.069 seconds
[2023-01-04 08:13:03,101] {processor.py:153} INFO - Started process (PID=4210) to work on /home/gustavo/Documents/etl_api_twitter/venv/lib/python3.9/site-packages/airflow/example_dags/example_task_group_decorator.py
[2023-01-04 08:13:03,102] {processor.py:641} INFO - Processing file /home/gustavo/Documents/etl_api_twitter/venv/lib/python3.9/site-packages/airflow/example_dags/example_task_group_decorator.py for tasks to queue
[2023-01-04 08:13:03,103] {logging_mixin.py:115} INFO - [2023-01-04 08:13:03,103] {dagbag.py:507} INFO - Filling up the DagBag from /home/gustavo/Documents/etl_api_twitter/venv/lib/python3.9/site-packages/airflow/example_dags/example_task_group_decorator.py
[2023-01-04 08:13:03,126] {processor.py:651} INFO - DAG(s) dict_keys(['example_task_group_decorator']) retrieved from /home/gustavo/Documents/etl_api_twitter/venv/lib/python3.9/site-packages/airflow/example_dags/example_task_group_decorator.py
[2023-01-04 08:13:03,184] {logging_mixin.py:115} INFO - [2023-01-04 08:13:03,184] {dag.py:2379} INFO - Sync 1 DAGs
[2023-01-04 08:13:03,201] {logging_mixin.py:115} INFO - [2023-01-04 08:13:03,201] {dag.py:2927} INFO - Setting next_dagrun for example_task_group_decorator to 2023-01-03T11:13:03.201359+00:00, run_after=2023-01-04T11:13:03.201359+00:00
[2023-01-04 08:13:03,214] {processor.py:161} INFO - Processing /home/gustavo/Documents/etl_api_twitter/venv/lib/python3.9/site-packages/airflow/example_dags/example_task_group_decorator.py took 0.116 seconds
[2023-01-04 08:13:37,918] {processor.py:153} INFO - Started process (PID=4247) to work on /home/gustavo/Documents/etl_api_twitter/venv/lib/python3.9/site-packages/airflow/example_dags/example_task_group_decorator.py
[2023-01-04 08:13:37,919] {processor.py:641} INFO - Processing file /home/gustavo/Documents/etl_api_twitter/venv/lib/python3.9/site-packages/airflow/example_dags/example_task_group_decorator.py for tasks to queue
[2023-01-04 08:13:37,920] {logging_mixin.py:115} INFO - [2023-01-04 08:13:37,919] {dagbag.py:507} INFO - Filling up the DagBag from /home/gustavo/Documents/etl_api_twitter/venv/lib/python3.9/site-packages/airflow/example_dags/example_task_group_decorator.py
[2023-01-04 08:13:37,946] {processor.py:651} INFO - DAG(s) dict_keys(['example_task_group_decorator']) retrieved from /home/gustavo/Documents/etl_api_twitter/venv/lib/python3.9/site-packages/airflow/example_dags/example_task_group_decorator.py
[2023-01-04 08:13:37,991] {logging_mixin.py:115} INFO - [2023-01-04 08:13:37,990] {dag.py:2379} INFO - Sync 1 DAGs
[2023-01-04 08:13:38,012] {logging_mixin.py:115} INFO - [2023-01-04 08:13:38,012] {dag.py:2927} INFO - Setting next_dagrun for example_task_group_decorator to 2023-01-03T11:13:38.012298+00:00, run_after=2023-01-04T11:13:38.012298+00:00
[2023-01-04 08:13:38,034] {processor.py:161} INFO - Processing /home/gustavo/Documents/etl_api_twitter/venv/lib/python3.9/site-packages/airflow/example_dags/example_task_group_decorator.py took 0.122 seconds
[2023-01-04 08:14:11,606] {processor.py:153} INFO - Started process (PID=4283) to work on /home/gustavo/Documents/etl_api_twitter/venv/lib/python3.9/site-packages/airflow/example_dags/example_task_group_decorator.py
[2023-01-04 08:14:11,607] {processor.py:641} INFO - Processing file /home/gustavo/Documents/etl_api_twitter/venv/lib/python3.9/site-packages/airflow/example_dags/example_task_group_decorator.py for tasks to queue
[2023-01-04 08:14:11,608] {logging_mixin.py:115} INFO - [2023-01-04 08:14:11,608] {dagbag.py:507} INFO - Filling up the DagBag from /home/gustavo/Documents/etl_api_twitter/venv/lib/python3.9/site-packages/airflow/example_dags/example_task_group_decorator.py
[2023-01-04 08:14:11,627] {processor.py:651} INFO - DAG(s) dict_keys(['example_task_group_decorator']) retrieved from /home/gustavo/Documents/etl_api_twitter/venv/lib/python3.9/site-packages/airflow/example_dags/example_task_group_decorator.py
[2023-01-04 08:14:11,699] {logging_mixin.py:115} INFO - [2023-01-04 08:14:11,699] {dag.py:2379} INFO - Sync 1 DAGs
[2023-01-04 08:14:11,716] {logging_mixin.py:115} INFO - [2023-01-04 08:14:11,716] {dag.py:2927} INFO - Setting next_dagrun for example_task_group_decorator to 2023-01-03T11:14:11.716164+00:00, run_after=2023-01-04T11:14:11.716164+00:00
[2023-01-04 08:14:11,731] {processor.py:161} INFO - Processing /home/gustavo/Documents/etl_api_twitter/venv/lib/python3.9/site-packages/airflow/example_dags/example_task_group_decorator.py took 0.132 seconds
[2023-01-04 08:14:46,233] {processor.py:153} INFO - Started process (PID=4429) to work on /home/gustavo/Documents/etl_api_twitter/venv/lib/python3.9/site-packages/airflow/example_dags/example_task_group_decorator.py
[2023-01-04 08:14:46,234] {processor.py:641} INFO - Processing file /home/gustavo/Documents/etl_api_twitter/venv/lib/python3.9/site-packages/airflow/example_dags/example_task_group_decorator.py for tasks to queue
[2023-01-04 08:14:46,234] {logging_mixin.py:115} INFO - [2023-01-04 08:14:46,234] {dagbag.py:507} INFO - Filling up the DagBag from /home/gustavo/Documents/etl_api_twitter/venv/lib/python3.9/site-packages/airflow/example_dags/example_task_group_decorator.py
[2023-01-04 08:14:46,257] {processor.py:651} INFO - DAG(s) dict_keys(['example_task_group_decorator']) retrieved from /home/gustavo/Documents/etl_api_twitter/venv/lib/python3.9/site-packages/airflow/example_dags/example_task_group_decorator.py
[2023-01-04 08:14:46,301] {logging_mixin.py:115} INFO - [2023-01-04 08:14:46,301] {dag.py:2379} INFO - Sync 1 DAGs
[2023-01-04 08:14:46,314] {logging_mixin.py:115} INFO - [2023-01-04 08:14:46,314] {dag.py:2927} INFO - Setting next_dagrun for example_task_group_decorator to 2023-01-03T11:14:46.314008+00:00, run_after=2023-01-04T11:14:46.314008+00:00
[2023-01-04 08:14:46,324] {processor.py:161} INFO - Processing /home/gustavo/Documents/etl_api_twitter/venv/lib/python3.9/site-packages/airflow/example_dags/example_task_group_decorator.py took 0.095 seconds
[2023-01-04 08:15:20,850] {processor.py:153} INFO - Started process (PID=4565) to work on /home/gustavo/Documents/etl_api_twitter/venv/lib/python3.9/site-packages/airflow/example_dags/example_task_group_decorator.py
[2023-01-04 08:15:20,852] {processor.py:641} INFO - Processing file /home/gustavo/Documents/etl_api_twitter/venv/lib/python3.9/site-packages/airflow/example_dags/example_task_group_decorator.py for tasks to queue
[2023-01-04 08:15:20,852] {logging_mixin.py:115} INFO - [2023-01-04 08:15:20,852] {dagbag.py:507} INFO - Filling up the DagBag from /home/gustavo/Documents/etl_api_twitter/venv/lib/python3.9/site-packages/airflow/example_dags/example_task_group_decorator.py
[2023-01-04 08:15:20,892] {processor.py:651} INFO - DAG(s) dict_keys(['example_task_group_decorator']) retrieved from /home/gustavo/Documents/etl_api_twitter/venv/lib/python3.9/site-packages/airflow/example_dags/example_task_group_decorator.py
[2023-01-04 08:15:20,919] {logging_mixin.py:115} INFO - [2023-01-04 08:15:20,918] {dag.py:2379} INFO - Sync 1 DAGs
[2023-01-04 08:15:20,936] {logging_mixin.py:115} INFO - [2023-01-04 08:15:20,936] {dag.py:2927} INFO - Setting next_dagrun for example_task_group_decorator to 2023-01-03T11:15:20.935916+00:00, run_after=2023-01-04T11:15:20.935916+00:00
[2023-01-04 08:15:20,949] {processor.py:161} INFO - Processing /home/gustavo/Documents/etl_api_twitter/venv/lib/python3.9/site-packages/airflow/example_dags/example_task_group_decorator.py took 0.103 seconds
[2023-01-04 08:15:52,541] {processor.py:153} INFO - Started process (PID=4821) to work on /home/gustavo/Documents/etl_api_twitter/venv/lib/python3.9/site-packages/airflow/example_dags/example_task_group_decorator.py
[2023-01-04 08:15:52,542] {processor.py:641} INFO - Processing file /home/gustavo/Documents/etl_api_twitter/venv/lib/python3.9/site-packages/airflow/example_dags/example_task_group_decorator.py for tasks to queue
[2023-01-04 08:15:52,543] {logging_mixin.py:115} INFO - [2023-01-04 08:15:52,543] {dagbag.py:507} INFO - Filling up the DagBag from /home/gustavo/Documents/etl_api_twitter/venv/lib/python3.9/site-packages/airflow/example_dags/example_task_group_decorator.py
[2023-01-04 08:15:52,571] {processor.py:651} INFO - DAG(s) dict_keys(['example_task_group_decorator']) retrieved from /home/gustavo/Documents/etl_api_twitter/venv/lib/python3.9/site-packages/airflow/example_dags/example_task_group_decorator.py
[2023-01-04 08:15:52,626] {logging_mixin.py:115} INFO - [2023-01-04 08:15:52,626] {dag.py:2379} INFO - Sync 1 DAGs
[2023-01-04 08:15:52,638] {logging_mixin.py:115} INFO - [2023-01-04 08:15:52,638] {dag.py:2927} INFO - Setting next_dagrun for example_task_group_decorator to 2023-01-03T11:15:52.637799+00:00, run_after=2023-01-04T11:15:52.637799+00:00
[2023-01-04 08:15:52,648] {processor.py:161} INFO - Processing /home/gustavo/Documents/etl_api_twitter/venv/lib/python3.9/site-packages/airflow/example_dags/example_task_group_decorator.py took 0.113 seconds
[2023-01-04 08:16:24,890] {processor.py:153} INFO - Started process (PID=5013) to work on /home/gustavo/Documents/etl_api_twitter/venv/lib/python3.9/site-packages/airflow/example_dags/example_task_group_decorator.py
[2023-01-04 08:16:24,892] {processor.py:641} INFO - Processing file /home/gustavo/Documents/etl_api_twitter/venv/lib/python3.9/site-packages/airflow/example_dags/example_task_group_decorator.py for tasks to queue
[2023-01-04 08:16:24,893] {logging_mixin.py:115} INFO - [2023-01-04 08:16:24,893] {dagbag.py:507} INFO - Filling up the DagBag from /home/gustavo/Documents/etl_api_twitter/venv/lib/python3.9/site-packages/airflow/example_dags/example_task_group_decorator.py
[2023-01-04 08:16:24,922] {processor.py:651} INFO - DAG(s) dict_keys(['example_task_group_decorator']) retrieved from /home/gustavo/Documents/etl_api_twitter/venv/lib/python3.9/site-packages/airflow/example_dags/example_task_group_decorator.py
[2023-01-04 08:16:24,956] {logging_mixin.py:115} INFO - [2023-01-04 08:16:24,956] {dag.py:2379} INFO - Sync 1 DAGs
[2023-01-04 08:16:24,989] {logging_mixin.py:115} INFO - [2023-01-04 08:16:24,989] {dag.py:2927} INFO - Setting next_dagrun for example_task_group_decorator to 2023-01-03T11:16:24.988784+00:00, run_after=2023-01-04T11:16:24.988784+00:00
[2023-01-04 08:16:25,002] {processor.py:161} INFO - Processing /home/gustavo/Documents/etl_api_twitter/venv/lib/python3.9/site-packages/airflow/example_dags/example_task_group_decorator.py took 0.118 seconds
[2023-01-04 08:16:58,218] {processor.py:153} INFO - Started process (PID=5192) to work on /home/gustavo/Documents/etl_api_twitter/venv/lib/python3.9/site-packages/airflow/example_dags/example_task_group_decorator.py
[2023-01-04 08:16:58,218] {processor.py:641} INFO - Processing file /home/gustavo/Documents/etl_api_twitter/venv/lib/python3.9/site-packages/airflow/example_dags/example_task_group_decorator.py for tasks to queue
[2023-01-04 08:16:58,219] {logging_mixin.py:115} INFO - [2023-01-04 08:16:58,219] {dagbag.py:507} INFO - Filling up the DagBag from /home/gustavo/Documents/etl_api_twitter/venv/lib/python3.9/site-packages/airflow/example_dags/example_task_group_decorator.py
[2023-01-04 08:16:58,250] {processor.py:651} INFO - DAG(s) dict_keys(['example_task_group_decorator']) retrieved from /home/gustavo/Documents/etl_api_twitter/venv/lib/python3.9/site-packages/airflow/example_dags/example_task_group_decorator.py
[2023-01-04 08:16:58,269] {logging_mixin.py:115} INFO - [2023-01-04 08:16:58,269] {dag.py:2379} INFO - Sync 1 DAGs
[2023-01-04 08:16:58,284] {logging_mixin.py:115} INFO - [2023-01-04 08:16:58,284] {dag.py:2927} INFO - Setting next_dagrun for example_task_group_decorator to 2023-01-03T11:16:58.284290+00:00, run_after=2023-01-04T11:16:58.284290+00:00
[2023-01-04 08:16:58,305] {processor.py:161} INFO - Processing /home/gustavo/Documents/etl_api_twitter/venv/lib/python3.9/site-packages/airflow/example_dags/example_task_group_decorator.py took 0.090 seconds
[2023-01-04 08:17:34,507] {processor.py:153} INFO - Started process (PID=5422) to work on /home/gustavo/Documents/etl_api_twitter/venv/lib/python3.9/site-packages/airflow/example_dags/example_task_group_decorator.py
[2023-01-04 08:17:34,508] {processor.py:641} INFO - Processing file /home/gustavo/Documents/etl_api_twitter/venv/lib/python3.9/site-packages/airflow/example_dags/example_task_group_decorator.py for tasks to queue
[2023-01-04 08:17:34,509] {logging_mixin.py:115} INFO - [2023-01-04 08:17:34,509] {dagbag.py:507} INFO - Filling up the DagBag from /home/gustavo/Documents/etl_api_twitter/venv/lib/python3.9/site-packages/airflow/example_dags/example_task_group_decorator.py
[2023-01-04 08:17:34,541] {processor.py:651} INFO - DAG(s) dict_keys(['example_task_group_decorator']) retrieved from /home/gustavo/Documents/etl_api_twitter/venv/lib/python3.9/site-packages/airflow/example_dags/example_task_group_decorator.py
[2023-01-04 08:17:34,557] {logging_mixin.py:115} INFO - [2023-01-04 08:17:34,557] {dag.py:2379} INFO - Sync 1 DAGs
[2023-01-04 08:17:34,586] {logging_mixin.py:115} INFO - [2023-01-04 08:17:34,586] {dag.py:2927} INFO - Setting next_dagrun for example_task_group_decorator to 2023-01-03T11:17:34.585726+00:00, run_after=2023-01-04T11:17:34.585726+00:00
[2023-01-04 08:17:34,604] {processor.py:161} INFO - Processing /home/gustavo/Documents/etl_api_twitter/venv/lib/python3.9/site-packages/airflow/example_dags/example_task_group_decorator.py took 0.104 seconds
[2023-01-04 08:18:07,688] {processor.py:153} INFO - Started process (PID=5608) to work on /home/gustavo/Documents/etl_api_twitter/venv/lib/python3.9/site-packages/airflow/example_dags/example_task_group_decorator.py
[2023-01-04 08:18:07,688] {processor.py:641} INFO - Processing file /home/gustavo/Documents/etl_api_twitter/venv/lib/python3.9/site-packages/airflow/example_dags/example_task_group_decorator.py for tasks to queue
[2023-01-04 08:18:07,689] {logging_mixin.py:115} INFO - [2023-01-04 08:18:07,689] {dagbag.py:507} INFO - Filling up the DagBag from /home/gustavo/Documents/etl_api_twitter/venv/lib/python3.9/site-packages/airflow/example_dags/example_task_group_decorator.py
[2023-01-04 08:18:07,718] {processor.py:651} INFO - DAG(s) dict_keys(['example_task_group_decorator']) retrieved from /home/gustavo/Documents/etl_api_twitter/venv/lib/python3.9/site-packages/airflow/example_dags/example_task_group_decorator.py
[2023-01-04 08:18:07,785] {logging_mixin.py:115} INFO - [2023-01-04 08:18:07,785] {dag.py:2379} INFO - Sync 1 DAGs
[2023-01-04 08:18:07,797] {logging_mixin.py:115} INFO - [2023-01-04 08:18:07,797] {dag.py:2927} INFO - Setting next_dagrun for example_task_group_decorator to 2023-01-03T11:18:07.796955+00:00, run_after=2023-01-04T11:18:07.796955+00:00
[2023-01-04 08:18:07,809] {processor.py:161} INFO - Processing /home/gustavo/Documents/etl_api_twitter/venv/lib/python3.9/site-packages/airflow/example_dags/example_task_group_decorator.py took 0.126 seconds
[2023-01-04 08:18:40,422] {processor.py:153} INFO - Started process (PID=5791) to work on /home/gustavo/Documents/etl_api_twitter/venv/lib/python3.9/site-packages/airflow/example_dags/example_task_group_decorator.py
[2023-01-04 08:18:40,424] {processor.py:641} INFO - Processing file /home/gustavo/Documents/etl_api_twitter/venv/lib/python3.9/site-packages/airflow/example_dags/example_task_group_decorator.py for tasks to queue
[2023-01-04 08:18:40,425] {logging_mixin.py:115} INFO - [2023-01-04 08:18:40,425] {dagbag.py:507} INFO - Filling up the DagBag from /home/gustavo/Documents/etl_api_twitter/venv/lib/python3.9/site-packages/airflow/example_dags/example_task_group_decorator.py
[2023-01-04 08:18:40,452] {processor.py:651} INFO - DAG(s) dict_keys(['example_task_group_decorator']) retrieved from /home/gustavo/Documents/etl_api_twitter/venv/lib/python3.9/site-packages/airflow/example_dags/example_task_group_decorator.py
[2023-01-04 08:18:40,536] {logging_mixin.py:115} INFO - [2023-01-04 08:18:40,536] {dag.py:2379} INFO - Sync 1 DAGs
[2023-01-04 08:18:40,554] {logging_mixin.py:115} INFO - [2023-01-04 08:18:40,554] {dag.py:2927} INFO - Setting next_dagrun for example_task_group_decorator to 2023-01-03T11:18:40.554322+00:00, run_after=2023-01-04T11:18:40.554322+00:00
[2023-01-04 08:18:40,569] {processor.py:161} INFO - Processing /home/gustavo/Documents/etl_api_twitter/venv/lib/python3.9/site-packages/airflow/example_dags/example_task_group_decorator.py took 0.152 seconds
[2023-01-04 08:19:15,458] {processor.py:153} INFO - Started process (PID=5994) to work on /home/gustavo/Documents/etl_api_twitter/venv/lib/python3.9/site-packages/airflow/example_dags/example_task_group_decorator.py
[2023-01-04 08:19:15,460] {processor.py:641} INFO - Processing file /home/gustavo/Documents/etl_api_twitter/venv/lib/python3.9/site-packages/airflow/example_dags/example_task_group_decorator.py for tasks to queue
[2023-01-04 08:19:15,461] {logging_mixin.py:115} INFO - [2023-01-04 08:19:15,461] {dagbag.py:507} INFO - Filling up the DagBag from /home/gustavo/Documents/etl_api_twitter/venv/lib/python3.9/site-packages/airflow/example_dags/example_task_group_decorator.py
[2023-01-04 08:19:15,505] {processor.py:651} INFO - DAG(s) dict_keys(['example_task_group_decorator']) retrieved from /home/gustavo/Documents/etl_api_twitter/venv/lib/python3.9/site-packages/airflow/example_dags/example_task_group_decorator.py
[2023-01-04 08:19:15,596] {logging_mixin.py:115} INFO - [2023-01-04 08:19:15,596] {dag.py:2379} INFO - Sync 1 DAGs
[2023-01-04 08:19:15,624] {logging_mixin.py:115} INFO - [2023-01-04 08:19:15,624] {dag.py:2927} INFO - Setting next_dagrun for example_task_group_decorator to 2023-01-03T11:19:15.624005+00:00, run_after=2023-01-04T11:19:15.624005+00:00
[2023-01-04 08:19:15,648] {processor.py:161} INFO - Processing /home/gustavo/Documents/etl_api_twitter/venv/lib/python3.9/site-packages/airflow/example_dags/example_task_group_decorator.py took 0.197 seconds
[2023-01-04 08:19:47,868] {processor.py:153} INFO - Started process (PID=6198) to work on /home/gustavo/Documents/etl_api_twitter/venv/lib/python3.9/site-packages/airflow/example_dags/example_task_group_decorator.py
[2023-01-04 08:19:47,870] {processor.py:641} INFO - Processing file /home/gustavo/Documents/etl_api_twitter/venv/lib/python3.9/site-packages/airflow/example_dags/example_task_group_decorator.py for tasks to queue
[2023-01-04 08:19:47,872] {logging_mixin.py:115} INFO - [2023-01-04 08:19:47,871] {dagbag.py:507} INFO - Filling up the DagBag from /home/gustavo/Documents/etl_api_twitter/venv/lib/python3.9/site-packages/airflow/example_dags/example_task_group_decorator.py
[2023-01-04 08:19:47,916] {processor.py:651} INFO - DAG(s) dict_keys(['example_task_group_decorator']) retrieved from /home/gustavo/Documents/etl_api_twitter/venv/lib/python3.9/site-packages/airflow/example_dags/example_task_group_decorator.py
[2023-01-04 08:19:47,941] {logging_mixin.py:115} INFO - [2023-01-04 08:19:47,941] {dag.py:2379} INFO - Sync 1 DAGs
[2023-01-04 08:19:47,965] {logging_mixin.py:115} INFO - [2023-01-04 08:19:47,965] {dag.py:2927} INFO - Setting next_dagrun for example_task_group_decorator to 2023-01-03T11:19:47.965183+00:00, run_after=2023-01-04T11:19:47.965183+00:00
[2023-01-04 08:19:47,992] {processor.py:161} INFO - Processing /home/gustavo/Documents/etl_api_twitter/venv/lib/python3.9/site-packages/airflow/example_dags/example_task_group_decorator.py took 0.131 seconds
[2023-01-04 08:20:21,284] {processor.py:153} INFO - Started process (PID=6379) to work on /home/gustavo/Documents/etl_api_twitter/venv/lib/python3.9/site-packages/airflow/example_dags/example_task_group_decorator.py
[2023-01-04 08:20:21,285] {processor.py:641} INFO - Processing file /home/gustavo/Documents/etl_api_twitter/venv/lib/python3.9/site-packages/airflow/example_dags/example_task_group_decorator.py for tasks to queue
[2023-01-04 08:20:21,287] {logging_mixin.py:115} INFO - [2023-01-04 08:20:21,287] {dagbag.py:507} INFO - Filling up the DagBag from /home/gustavo/Documents/etl_api_twitter/venv/lib/python3.9/site-packages/airflow/example_dags/example_task_group_decorator.py
[2023-01-04 08:20:21,320] {processor.py:651} INFO - DAG(s) dict_keys(['example_task_group_decorator']) retrieved from /home/gustavo/Documents/etl_api_twitter/venv/lib/python3.9/site-packages/airflow/example_dags/example_task_group_decorator.py
[2023-01-04 08:20:21,351] {logging_mixin.py:115} INFO - [2023-01-04 08:20:21,351] {dag.py:2379} INFO - Sync 1 DAGs
[2023-01-04 08:20:21,376] {logging_mixin.py:115} INFO - [2023-01-04 08:20:21,376] {dag.py:2927} INFO - Setting next_dagrun for example_task_group_decorator to 2023-01-03T11:20:21.376000+00:00, run_after=2023-01-04T11:20:21.376000+00:00
[2023-01-04 08:20:21,399] {processor.py:161} INFO - Processing /home/gustavo/Documents/etl_api_twitter/venv/lib/python3.9/site-packages/airflow/example_dags/example_task_group_decorator.py took 0.119 seconds
[2023-01-04 08:20:53,534] {processor.py:153} INFO - Started process (PID=6613) to work on /home/gustavo/Documents/etl_api_twitter/venv/lib/python3.9/site-packages/airflow/example_dags/example_task_group_decorator.py
[2023-01-04 08:20:53,535] {processor.py:641} INFO - Processing file /home/gustavo/Documents/etl_api_twitter/venv/lib/python3.9/site-packages/airflow/example_dags/example_task_group_decorator.py for tasks to queue
[2023-01-04 08:20:53,536] {logging_mixin.py:115} INFO - [2023-01-04 08:20:53,536] {dagbag.py:507} INFO - Filling up the DagBag from /home/gustavo/Documents/etl_api_twitter/venv/lib/python3.9/site-packages/airflow/example_dags/example_task_group_decorator.py
[2023-01-04 08:20:53,557] {processor.py:651} INFO - DAG(s) dict_keys(['example_task_group_decorator']) retrieved from /home/gustavo/Documents/etl_api_twitter/venv/lib/python3.9/site-packages/airflow/example_dags/example_task_group_decorator.py
[2023-01-04 08:20:53,602] {logging_mixin.py:115} INFO - [2023-01-04 08:20:53,602] {dag.py:2379} INFO - Sync 1 DAGs
[2023-01-04 08:20:53,632] {logging_mixin.py:115} INFO - [2023-01-04 08:20:53,631] {dag.py:2927} INFO - Setting next_dagrun for example_task_group_decorator to 2023-01-03T11:20:53.631608+00:00, run_after=2023-01-04T11:20:53.631608+00:00
[2023-01-04 08:20:53,652] {processor.py:161} INFO - Processing /home/gustavo/Documents/etl_api_twitter/venv/lib/python3.9/site-packages/airflow/example_dags/example_task_group_decorator.py took 0.121 seconds
[2023-01-04 08:21:26,571] {processor.py:153} INFO - Started process (PID=6815) to work on /home/gustavo/Documents/etl_api_twitter/venv/lib/python3.9/site-packages/airflow/example_dags/example_task_group_decorator.py
[2023-01-04 08:21:26,573] {processor.py:641} INFO - Processing file /home/gustavo/Documents/etl_api_twitter/venv/lib/python3.9/site-packages/airflow/example_dags/example_task_group_decorator.py for tasks to queue
[2023-01-04 08:21:26,573] {logging_mixin.py:115} INFO - [2023-01-04 08:21:26,573] {dagbag.py:507} INFO - Filling up the DagBag from /home/gustavo/Documents/etl_api_twitter/venv/lib/python3.9/site-packages/airflow/example_dags/example_task_group_decorator.py
[2023-01-04 08:21:26,610] {processor.py:651} INFO - DAG(s) dict_keys(['example_task_group_decorator']) retrieved from /home/gustavo/Documents/etl_api_twitter/venv/lib/python3.9/site-packages/airflow/example_dags/example_task_group_decorator.py
[2023-01-04 08:21:26,639] {logging_mixin.py:115} INFO - [2023-01-04 08:21:26,638] {dag.py:2379} INFO - Sync 1 DAGs
[2023-01-04 08:21:26,668] {logging_mixin.py:115} INFO - [2023-01-04 08:21:26,668] {dag.py:2927} INFO - Setting next_dagrun for example_task_group_decorator to 2023-01-03T11:21:26.668154+00:00, run_after=2023-01-04T11:21:26.668154+00:00
[2023-01-04 08:21:26,684] {processor.py:161} INFO - Processing /home/gustavo/Documents/etl_api_twitter/venv/lib/python3.9/site-packages/airflow/example_dags/example_task_group_decorator.py took 0.117 seconds
[2023-01-04 08:22:01,544] {processor.py:153} INFO - Started process (PID=7020) to work on /home/gustavo/Documents/etl_api_twitter/venv/lib/python3.9/site-packages/airflow/example_dags/example_task_group_decorator.py
[2023-01-04 08:22:01,545] {processor.py:641} INFO - Processing file /home/gustavo/Documents/etl_api_twitter/venv/lib/python3.9/site-packages/airflow/example_dags/example_task_group_decorator.py for tasks to queue
[2023-01-04 08:22:01,546] {logging_mixin.py:115} INFO - [2023-01-04 08:22:01,546] {dagbag.py:507} INFO - Filling up the DagBag from /home/gustavo/Documents/etl_api_twitter/venv/lib/python3.9/site-packages/airflow/example_dags/example_task_group_decorator.py
[2023-01-04 08:22:01,584] {processor.py:651} INFO - DAG(s) dict_keys(['example_task_group_decorator']) retrieved from /home/gustavo/Documents/etl_api_twitter/venv/lib/python3.9/site-packages/airflow/example_dags/example_task_group_decorator.py
[2023-01-04 08:22:01,605] {logging_mixin.py:115} INFO - [2023-01-04 08:22:01,605] {dag.py:2379} INFO - Sync 1 DAGs
[2023-01-04 08:22:01,628] {logging_mixin.py:115} INFO - [2023-01-04 08:22:01,628] {dag.py:2927} INFO - Setting next_dagrun for example_task_group_decorator to 2023-01-03T11:22:01.627942+00:00, run_after=2023-01-04T11:22:01.627942+00:00
[2023-01-04 08:22:01,639] {processor.py:161} INFO - Processing /home/gustavo/Documents/etl_api_twitter/venv/lib/python3.9/site-packages/airflow/example_dags/example_task_group_decorator.py took 0.099 seconds
[2023-01-04 08:22:34,917] {processor.py:153} INFO - Started process (PID=7199) to work on /home/gustavo/Documents/etl_api_twitter/venv/lib/python3.9/site-packages/airflow/example_dags/example_task_group_decorator.py
[2023-01-04 08:22:34,918] {processor.py:641} INFO - Processing file /home/gustavo/Documents/etl_api_twitter/venv/lib/python3.9/site-packages/airflow/example_dags/example_task_group_decorator.py for tasks to queue
[2023-01-04 08:22:34,918] {logging_mixin.py:115} INFO - [2023-01-04 08:22:34,918] {dagbag.py:507} INFO - Filling up the DagBag from /home/gustavo/Documents/etl_api_twitter/venv/lib/python3.9/site-packages/airflow/example_dags/example_task_group_decorator.py
[2023-01-04 08:22:34,945] {processor.py:651} INFO - DAG(s) dict_keys(['example_task_group_decorator']) retrieved from /home/gustavo/Documents/etl_api_twitter/venv/lib/python3.9/site-packages/airflow/example_dags/example_task_group_decorator.py
[2023-01-04 08:22:34,964] {logging_mixin.py:115} INFO - [2023-01-04 08:22:34,964] {dag.py:2379} INFO - Sync 1 DAGs
[2023-01-04 08:22:34,991] {logging_mixin.py:115} INFO - [2023-01-04 08:22:34,991] {dag.py:2927} INFO - Setting next_dagrun for example_task_group_decorator to 2023-01-03T11:22:34.990706+00:00, run_after=2023-01-04T11:22:34.990706+00:00
[2023-01-04 08:22:35,010] {processor.py:161} INFO - Processing /home/gustavo/Documents/etl_api_twitter/venv/lib/python3.9/site-packages/airflow/example_dags/example_task_group_decorator.py took 0.096 seconds
[2023-01-04 08:23:08,071] {processor.py:153} INFO - Started process (PID=7414) to work on /home/gustavo/Documents/etl_api_twitter/venv/lib/python3.9/site-packages/airflow/example_dags/example_task_group_decorator.py
[2023-01-04 08:23:08,072] {processor.py:641} INFO - Processing file /home/gustavo/Documents/etl_api_twitter/venv/lib/python3.9/site-packages/airflow/example_dags/example_task_group_decorator.py for tasks to queue
[2023-01-04 08:23:08,072] {logging_mixin.py:115} INFO - [2023-01-04 08:23:08,072] {dagbag.py:507} INFO - Filling up the DagBag from /home/gustavo/Documents/etl_api_twitter/venv/lib/python3.9/site-packages/airflow/example_dags/example_task_group_decorator.py
[2023-01-04 08:23:08,101] {processor.py:651} INFO - DAG(s) dict_keys(['example_task_group_decorator']) retrieved from /home/gustavo/Documents/etl_api_twitter/venv/lib/python3.9/site-packages/airflow/example_dags/example_task_group_decorator.py
[2023-01-04 08:23:08,170] {logging_mixin.py:115} INFO - [2023-01-04 08:23:08,170] {dag.py:2379} INFO - Sync 1 DAGs
[2023-01-04 08:23:08,183] {logging_mixin.py:115} INFO - [2023-01-04 08:23:08,183] {dag.py:2927} INFO - Setting next_dagrun for example_task_group_decorator to 2023-01-03T11:23:08.182828+00:00, run_after=2023-01-04T11:23:08.182828+00:00
[2023-01-04 08:23:08,196] {processor.py:161} INFO - Processing /home/gustavo/Documents/etl_api_twitter/venv/lib/python3.9/site-packages/airflow/example_dags/example_task_group_decorator.py took 0.130 seconds
[2023-01-04 08:23:42,159] {processor.py:153} INFO - Started process (PID=7595) to work on /home/gustavo/Documents/etl_api_twitter/venv/lib/python3.9/site-packages/airflow/example_dags/example_task_group_decorator.py
[2023-01-04 08:23:42,161] {processor.py:641} INFO - Processing file /home/gustavo/Documents/etl_api_twitter/venv/lib/python3.9/site-packages/airflow/example_dags/example_task_group_decorator.py for tasks to queue
[2023-01-04 08:23:42,162] {logging_mixin.py:115} INFO - [2023-01-04 08:23:42,162] {dagbag.py:507} INFO - Filling up the DagBag from /home/gustavo/Documents/etl_api_twitter/venv/lib/python3.9/site-packages/airflow/example_dags/example_task_group_decorator.py
[2023-01-04 08:23:42,182] {processor.py:651} INFO - DAG(s) dict_keys(['example_task_group_decorator']) retrieved from /home/gustavo/Documents/etl_api_twitter/venv/lib/python3.9/site-packages/airflow/example_dags/example_task_group_decorator.py
[2023-01-04 08:23:42,210] {logging_mixin.py:115} INFO - [2023-01-04 08:23:42,210] {dag.py:2379} INFO - Sync 1 DAGs
[2023-01-04 08:23:42,235] {logging_mixin.py:115} INFO - [2023-01-04 08:23:42,235] {dag.py:2927} INFO - Setting next_dagrun for example_task_group_decorator to 2023-01-03T11:23:42.235018+00:00, run_after=2023-01-04T11:23:42.235018+00:00
[2023-01-04 08:23:42,264] {processor.py:161} INFO - Processing /home/gustavo/Documents/etl_api_twitter/venv/lib/python3.9/site-packages/airflow/example_dags/example_task_group_decorator.py took 0.110 seconds
[2023-01-04 08:24:15,942] {processor.py:153} INFO - Started process (PID=7796) to work on /home/gustavo/Documents/etl_api_twitter/venv/lib/python3.9/site-packages/airflow/example_dags/example_task_group_decorator.py
[2023-01-04 08:24:15,943] {processor.py:641} INFO - Processing file /home/gustavo/Documents/etl_api_twitter/venv/lib/python3.9/site-packages/airflow/example_dags/example_task_group_decorator.py for tasks to queue
[2023-01-04 08:24:15,943] {logging_mixin.py:115} INFO - [2023-01-04 08:24:15,943] {dagbag.py:507} INFO - Filling up the DagBag from /home/gustavo/Documents/etl_api_twitter/venv/lib/python3.9/site-packages/airflow/example_dags/example_task_group_decorator.py
[2023-01-04 08:24:15,966] {processor.py:651} INFO - DAG(s) dict_keys(['example_task_group_decorator']) retrieved from /home/gustavo/Documents/etl_api_twitter/venv/lib/python3.9/site-packages/airflow/example_dags/example_task_group_decorator.py
[2023-01-04 08:24:15,982] {logging_mixin.py:115} INFO - [2023-01-04 08:24:15,982] {dag.py:2379} INFO - Sync 1 DAGs
[2023-01-04 08:24:15,995] {logging_mixin.py:115} INFO - [2023-01-04 08:24:15,995] {dag.py:2927} INFO - Setting next_dagrun for example_task_group_decorator to 2023-01-03T11:24:15.994859+00:00, run_after=2023-01-04T11:24:15.994859+00:00
[2023-01-04 08:24:16,006] {processor.py:161} INFO - Processing /home/gustavo/Documents/etl_api_twitter/venv/lib/python3.9/site-packages/airflow/example_dags/example_task_group_decorator.py took 0.067 seconds
[2023-01-04 08:24:48,115] {processor.py:153} INFO - Started process (PID=7974) to work on /home/gustavo/Documents/etl_api_twitter/venv/lib/python3.9/site-packages/airflow/example_dags/example_task_group_decorator.py
[2023-01-04 08:24:48,115] {processor.py:641} INFO - Processing file /home/gustavo/Documents/etl_api_twitter/venv/lib/python3.9/site-packages/airflow/example_dags/example_task_group_decorator.py for tasks to queue
[2023-01-04 08:24:48,116] {logging_mixin.py:115} INFO - [2023-01-04 08:24:48,116] {dagbag.py:507} INFO - Filling up the DagBag from /home/gustavo/Documents/etl_api_twitter/venv/lib/python3.9/site-packages/airflow/example_dags/example_task_group_decorator.py
[2023-01-04 08:24:48,141] {processor.py:651} INFO - DAG(s) dict_keys(['example_task_group_decorator']) retrieved from /home/gustavo/Documents/etl_api_twitter/venv/lib/python3.9/site-packages/airflow/example_dags/example_task_group_decorator.py
[2023-01-04 08:24:48,179] {logging_mixin.py:115} INFO - [2023-01-04 08:24:48,179] {dag.py:2379} INFO - Sync 1 DAGs
[2023-01-04 08:24:48,217] {logging_mixin.py:115} INFO - [2023-01-04 08:24:48,217] {dag.py:2927} INFO - Setting next_dagrun for example_task_group_decorator to 2023-01-03T11:24:48.216902+00:00, run_after=2023-01-04T11:24:48.216902+00:00
[2023-01-04 08:24:48,241] {processor.py:161} INFO - Processing /home/gustavo/Documents/etl_api_twitter/venv/lib/python3.9/site-packages/airflow/example_dags/example_task_group_decorator.py took 0.132 seconds
[2023-01-04 08:25:21,045] {processor.py:153} INFO - Started process (PID=8177) to work on /home/gustavo/Documents/etl_api_twitter/venv/lib/python3.9/site-packages/airflow/example_dags/example_task_group_decorator.py
[2023-01-04 08:25:21,046] {processor.py:641} INFO - Processing file /home/gustavo/Documents/etl_api_twitter/venv/lib/python3.9/site-packages/airflow/example_dags/example_task_group_decorator.py for tasks to queue
[2023-01-04 08:25:21,047] {logging_mixin.py:115} INFO - [2023-01-04 08:25:21,047] {dagbag.py:507} INFO - Filling up the DagBag from /home/gustavo/Documents/etl_api_twitter/venv/lib/python3.9/site-packages/airflow/example_dags/example_task_group_decorator.py
[2023-01-04 08:25:21,077] {processor.py:651} INFO - DAG(s) dict_keys(['example_task_group_decorator']) retrieved from /home/gustavo/Documents/etl_api_twitter/venv/lib/python3.9/site-packages/airflow/example_dags/example_task_group_decorator.py
[2023-01-04 08:25:21,123] {logging_mixin.py:115} INFO - [2023-01-04 08:25:21,123] {dag.py:2379} INFO - Sync 1 DAGs
[2023-01-04 08:25:21,141] {logging_mixin.py:115} INFO - [2023-01-04 08:25:21,140] {dag.py:2927} INFO - Setting next_dagrun for example_task_group_decorator to 2023-01-03T11:25:21.140713+00:00, run_after=2023-01-04T11:25:21.140713+00:00
[2023-01-04 08:25:21,151] {processor.py:161} INFO - Processing /home/gustavo/Documents/etl_api_twitter/venv/lib/python3.9/site-packages/airflow/example_dags/example_task_group_decorator.py took 0.109 seconds
[2023-01-04 08:25:53,841] {processor.py:153} INFO - Started process (PID=8412) to work on /home/gustavo/Documents/etl_api_twitter/venv/lib/python3.9/site-packages/airflow/example_dags/example_task_group_decorator.py
[2023-01-04 08:25:53,843] {processor.py:641} INFO - Processing file /home/gustavo/Documents/etl_api_twitter/venv/lib/python3.9/site-packages/airflow/example_dags/example_task_group_decorator.py for tasks to queue
[2023-01-04 08:25:53,844] {logging_mixin.py:115} INFO - [2023-01-04 08:25:53,844] {dagbag.py:507} INFO - Filling up the DagBag from /home/gustavo/Documents/etl_api_twitter/venv/lib/python3.9/site-packages/airflow/example_dags/example_task_group_decorator.py
[2023-01-04 08:25:53,875] {processor.py:651} INFO - DAG(s) dict_keys(['example_task_group_decorator']) retrieved from /home/gustavo/Documents/etl_api_twitter/venv/lib/python3.9/site-packages/airflow/example_dags/example_task_group_decorator.py
[2023-01-04 08:25:53,925] {logging_mixin.py:115} INFO - [2023-01-04 08:25:53,925] {dag.py:2379} INFO - Sync 1 DAGs
[2023-01-04 08:25:53,950] {logging_mixin.py:115} INFO - [2023-01-04 08:25:53,950] {dag.py:2927} INFO - Setting next_dagrun for example_task_group_decorator to 2023-01-03T11:25:53.950630+00:00, run_after=2023-01-04T11:25:53.950630+00:00
[2023-01-04 08:25:53,977] {processor.py:161} INFO - Processing /home/gustavo/Documents/etl_api_twitter/venv/lib/python3.9/site-packages/airflow/example_dags/example_task_group_decorator.py took 0.140 seconds
[2023-01-04 08:26:27,399] {processor.py:153} INFO - Started process (PID=8614) to work on /home/gustavo/Documents/etl_api_twitter/venv/lib/python3.9/site-packages/airflow/example_dags/example_task_group_decorator.py
[2023-01-04 08:26:27,400] {processor.py:641} INFO - Processing file /home/gustavo/Documents/etl_api_twitter/venv/lib/python3.9/site-packages/airflow/example_dags/example_task_group_decorator.py for tasks to queue
[2023-01-04 08:26:27,402] {logging_mixin.py:115} INFO - [2023-01-04 08:26:27,401] {dagbag.py:507} INFO - Filling up the DagBag from /home/gustavo/Documents/etl_api_twitter/venv/lib/python3.9/site-packages/airflow/example_dags/example_task_group_decorator.py
[2023-01-04 08:26:27,448] {processor.py:651} INFO - DAG(s) dict_keys(['example_task_group_decorator']) retrieved from /home/gustavo/Documents/etl_api_twitter/venv/lib/python3.9/site-packages/airflow/example_dags/example_task_group_decorator.py
[2023-01-04 08:26:27,498] {logging_mixin.py:115} INFO - [2023-01-04 08:26:27,498] {dag.py:2379} INFO - Sync 1 DAGs
[2023-01-04 08:26:27,520] {logging_mixin.py:115} INFO - [2023-01-04 08:26:27,520] {dag.py:2927} INFO - Setting next_dagrun for example_task_group_decorator to 2023-01-03T11:26:27.519411+00:00, run_after=2023-01-04T11:26:27.519411+00:00
[2023-01-04 08:26:27,540] {processor.py:161} INFO - Processing /home/gustavo/Documents/etl_api_twitter/venv/lib/python3.9/site-packages/airflow/example_dags/example_task_group_decorator.py took 0.148 seconds
[2023-01-04 08:27:02,460] {processor.py:153} INFO - Started process (PID=8822) to work on /home/gustavo/Documents/etl_api_twitter/venv/lib/python3.9/site-packages/airflow/example_dags/example_task_group_decorator.py
[2023-01-04 08:27:02,462] {processor.py:641} INFO - Processing file /home/gustavo/Documents/etl_api_twitter/venv/lib/python3.9/site-packages/airflow/example_dags/example_task_group_decorator.py for tasks to queue
[2023-01-04 08:27:02,464] {logging_mixin.py:115} INFO - [2023-01-04 08:27:02,464] {dagbag.py:507} INFO - Filling up the DagBag from /home/gustavo/Documents/etl_api_twitter/venv/lib/python3.9/site-packages/airflow/example_dags/example_task_group_decorator.py
[2023-01-04 08:27:02,506] {processor.py:651} INFO - DAG(s) dict_keys(['example_task_group_decorator']) retrieved from /home/gustavo/Documents/etl_api_twitter/venv/lib/python3.9/site-packages/airflow/example_dags/example_task_group_decorator.py
[2023-01-04 08:27:02,520] {logging_mixin.py:115} INFO - [2023-01-04 08:27:02,520] {dag.py:2379} INFO - Sync 1 DAGs
[2023-01-04 08:27:02,534] {logging_mixin.py:115} INFO - [2023-01-04 08:27:02,534] {dag.py:2927} INFO - Setting next_dagrun for example_task_group_decorator to 2023-01-03T11:27:02.534405+00:00, run_after=2023-01-04T11:27:02.534405+00:00
[2023-01-04 08:27:02,545] {processor.py:161} INFO - Processing /home/gustavo/Documents/etl_api_twitter/venv/lib/python3.9/site-packages/airflow/example_dags/example_task_group_decorator.py took 0.093 seconds
[2023-01-04 08:27:37,779] {processor.py:153} INFO - Started process (PID=9035) to work on /home/gustavo/Documents/etl_api_twitter/venv/lib/python3.9/site-packages/airflow/example_dags/example_task_group_decorator.py
[2023-01-04 08:27:37,781] {processor.py:641} INFO - Processing file /home/gustavo/Documents/etl_api_twitter/venv/lib/python3.9/site-packages/airflow/example_dags/example_task_group_decorator.py for tasks to queue
[2023-01-04 08:27:37,782] {logging_mixin.py:115} INFO - [2023-01-04 08:27:37,782] {dagbag.py:507} INFO - Filling up the DagBag from /home/gustavo/Documents/etl_api_twitter/venv/lib/python3.9/site-packages/airflow/example_dags/example_task_group_decorator.py
[2023-01-04 08:27:37,824] {processor.py:651} INFO - DAG(s) dict_keys(['example_task_group_decorator']) retrieved from /home/gustavo/Documents/etl_api_twitter/venv/lib/python3.9/site-packages/airflow/example_dags/example_task_group_decorator.py
[2023-01-04 08:27:37,901] {logging_mixin.py:115} INFO - [2023-01-04 08:27:37,900] {dag.py:2379} INFO - Sync 1 DAGs
[2023-01-04 08:27:37,931] {logging_mixin.py:115} INFO - [2023-01-04 08:27:37,931] {dag.py:2927} INFO - Setting next_dagrun for example_task_group_decorator to 2023-01-03T11:27:37.930999+00:00, run_after=2023-01-04T11:27:37.930999+00:00
[2023-01-04 08:27:37,951] {processor.py:161} INFO - Processing /home/gustavo/Documents/etl_api_twitter/venv/lib/python3.9/site-packages/airflow/example_dags/example_task_group_decorator.py took 0.179 seconds
