[2023-01-04 08:01:02,254] {processor.py:153} INFO - Started process (PID=28300) to work on /home/gustavo/Documents/etl_api_twitter/venv/lib/python3.9/site-packages/airflow/example_dags/example_kubernetes_executor.py
[2023-01-04 08:01:02,255] {processor.py:641} INFO - Processing file /home/gustavo/Documents/etl_api_twitter/venv/lib/python3.9/site-packages/airflow/example_dags/example_kubernetes_executor.py for tasks to queue
[2023-01-04 08:01:02,256] {logging_mixin.py:115} INFO - [2023-01-04 08:01:02,256] {dagbag.py:507} INFO - Filling up the DagBag from /home/gustavo/Documents/etl_api_twitter/venv/lib/python3.9/site-packages/airflow/example_dags/example_kubernetes_executor.py
[2023-01-04 08:01:02,302] {logging_mixin.py:115} INFO - [2023-01-04 08:01:02,302] {example_kubernetes_executor.py:39} WARNING - The example_kubernetes_executor example DAG requires the kubernetes provider. Please install it with: pip install apache-airflow[cncf.kubernetes]
[2023-01-04 08:01:02,303] {processor.py:653} WARNING - No viable dags retrieved from /home/gustavo/Documents/etl_api_twitter/venv/lib/python3.9/site-packages/airflow/example_dags/example_kubernetes_executor.py
[2023-01-04 08:01:02,347] {processor.py:161} INFO - Processing /home/gustavo/Documents/etl_api_twitter/venv/lib/python3.9/site-packages/airflow/example_dags/example_kubernetes_executor.py took 0.105 seconds
[2023-01-04 08:01:42,759] {processor.py:153} INFO - Started process (PID=28530) to work on /home/gustavo/Documents/etl_api_twitter/venv/lib/python3.9/site-packages/airflow/example_dags/example_kubernetes_executor.py
[2023-01-04 08:01:42,761] {processor.py:641} INFO - Processing file /home/gustavo/Documents/etl_api_twitter/venv/lib/python3.9/site-packages/airflow/example_dags/example_kubernetes_executor.py for tasks to queue
[2023-01-04 08:01:42,762] {logging_mixin.py:115} INFO - [2023-01-04 08:01:42,761] {dagbag.py:507} INFO - Filling up the DagBag from /home/gustavo/Documents/etl_api_twitter/venv/lib/python3.9/site-packages/airflow/example_dags/example_kubernetes_executor.py
[2023-01-04 08:01:42,802] {logging_mixin.py:115} INFO - [2023-01-04 08:01:42,801] {example_kubernetes_executor.py:39} WARNING - The example_kubernetes_executor example DAG requires the kubernetes provider. Please install it with: pip install apache-airflow[cncf.kubernetes]
[2023-01-04 08:01:42,802] {processor.py:653} WARNING - No viable dags retrieved from /home/gustavo/Documents/etl_api_twitter/venv/lib/python3.9/site-packages/airflow/example_dags/example_kubernetes_executor.py
[2023-01-04 08:01:42,825] {processor.py:161} INFO - Processing /home/gustavo/Documents/etl_api_twitter/venv/lib/python3.9/site-packages/airflow/example_dags/example_kubernetes_executor.py took 0.076 seconds
[2023-01-04 08:10:54,000] {processor.py:153} INFO - Started process (PID=3613) to work on /home/gustavo/Documents/etl_api_twitter/venv/lib/python3.9/site-packages/airflow/example_dags/example_kubernetes_executor.py
[2023-01-04 08:10:54,001] {processor.py:641} INFO - Processing file /home/gustavo/Documents/etl_api_twitter/venv/lib/python3.9/site-packages/airflow/example_dags/example_kubernetes_executor.py for tasks to queue
[2023-01-04 08:10:54,002] {logging_mixin.py:115} INFO - [2023-01-04 08:10:54,001] {dagbag.py:507} INFO - Filling up the DagBag from /home/gustavo/Documents/etl_api_twitter/venv/lib/python3.9/site-packages/airflow/example_dags/example_kubernetes_executor.py
[2023-01-04 08:10:54,023] {logging_mixin.py:115} INFO - [2023-01-04 08:10:54,022] {example_kubernetes_executor.py:39} WARNING - The example_kubernetes_executor example DAG requires the kubernetes provider. Please install it with: pip install apache-airflow[cncf.kubernetes]
[2023-01-04 08:10:54,023] {processor.py:653} WARNING - No viable dags retrieved from /home/gustavo/Documents/etl_api_twitter/venv/lib/python3.9/site-packages/airflow/example_dags/example_kubernetes_executor.py
[2023-01-04 08:10:54,073] {processor.py:161} INFO - Processing /home/gustavo/Documents/etl_api_twitter/venv/lib/python3.9/site-packages/airflow/example_dags/example_kubernetes_executor.py took 0.078 seconds
[2023-01-04 08:11:29,926] {processor.py:153} INFO - Started process (PID=3939) to work on /home/gustavo/Documents/etl_api_twitter/venv/lib/python3.9/site-packages/airflow/example_dags/example_kubernetes_executor.py
[2023-01-04 08:11:29,927] {processor.py:641} INFO - Processing file /home/gustavo/Documents/etl_api_twitter/venv/lib/python3.9/site-packages/airflow/example_dags/example_kubernetes_executor.py for tasks to queue
[2023-01-04 08:11:29,928] {logging_mixin.py:115} INFO - [2023-01-04 08:11:29,928] {dagbag.py:507} INFO - Filling up the DagBag from /home/gustavo/Documents/etl_api_twitter/venv/lib/python3.9/site-packages/airflow/example_dags/example_kubernetes_executor.py
[2023-01-04 08:11:29,960] {logging_mixin.py:115} INFO - [2023-01-04 08:11:29,960] {example_kubernetes_executor.py:39} WARNING - The example_kubernetes_executor example DAG requires the kubernetes provider. Please install it with: pip install apache-airflow[cncf.kubernetes]
[2023-01-04 08:11:29,961] {processor.py:653} WARNING - No viable dags retrieved from /home/gustavo/Documents/etl_api_twitter/venv/lib/python3.9/site-packages/airflow/example_dags/example_kubernetes_executor.py
[2023-01-04 08:11:29,982] {processor.py:161} INFO - Processing /home/gustavo/Documents/etl_api_twitter/venv/lib/python3.9/site-packages/airflow/example_dags/example_kubernetes_executor.py took 0.059 seconds
[2023-01-04 08:12:04,223] {processor.py:153} INFO - Started process (PID=4140) to work on /home/gustavo/Documents/etl_api_twitter/venv/lib/python3.9/site-packages/airflow/example_dags/example_kubernetes_executor.py
[2023-01-04 08:12:04,224] {processor.py:641} INFO - Processing file /home/gustavo/Documents/etl_api_twitter/venv/lib/python3.9/site-packages/airflow/example_dags/example_kubernetes_executor.py for tasks to queue
[2023-01-04 08:12:04,225] {logging_mixin.py:115} INFO - [2023-01-04 08:12:04,225] {dagbag.py:507} INFO - Filling up the DagBag from /home/gustavo/Documents/etl_api_twitter/venv/lib/python3.9/site-packages/airflow/example_dags/example_kubernetes_executor.py
[2023-01-04 08:12:04,250] {logging_mixin.py:115} INFO - [2023-01-04 08:12:04,249] {example_kubernetes_executor.py:39} WARNING - The example_kubernetes_executor example DAG requires the kubernetes provider. Please install it with: pip install apache-airflow[cncf.kubernetes]
[2023-01-04 08:12:04,250] {processor.py:653} WARNING - No viable dags retrieved from /home/gustavo/Documents/etl_api_twitter/venv/lib/python3.9/site-packages/airflow/example_dags/example_kubernetes_executor.py
[2023-01-04 08:12:04,268] {processor.py:161} INFO - Processing /home/gustavo/Documents/etl_api_twitter/venv/lib/python3.9/site-packages/airflow/example_dags/example_kubernetes_executor.py took 0.048 seconds
[2023-01-04 08:12:36,819] {processor.py:153} INFO - Started process (PID=4182) to work on /home/gustavo/Documents/etl_api_twitter/venv/lib/python3.9/site-packages/airflow/example_dags/example_kubernetes_executor.py
[2023-01-04 08:12:36,821] {processor.py:641} INFO - Processing file /home/gustavo/Documents/etl_api_twitter/venv/lib/python3.9/site-packages/airflow/example_dags/example_kubernetes_executor.py for tasks to queue
[2023-01-04 08:12:36,822] {logging_mixin.py:115} INFO - [2023-01-04 08:12:36,822] {dagbag.py:507} INFO - Filling up the DagBag from /home/gustavo/Documents/etl_api_twitter/venv/lib/python3.9/site-packages/airflow/example_dags/example_kubernetes_executor.py
[2023-01-04 08:12:36,848] {logging_mixin.py:115} INFO - [2023-01-04 08:12:36,848] {example_kubernetes_executor.py:39} WARNING - The example_kubernetes_executor example DAG requires the kubernetes provider. Please install it with: pip install apache-airflow[cncf.kubernetes]
[2023-01-04 08:12:36,849] {processor.py:653} WARNING - No viable dags retrieved from /home/gustavo/Documents/etl_api_twitter/venv/lib/python3.9/site-packages/airflow/example_dags/example_kubernetes_executor.py
[2023-01-04 08:12:36,861] {processor.py:161} INFO - Processing /home/gustavo/Documents/etl_api_twitter/venv/lib/python3.9/site-packages/airflow/example_dags/example_kubernetes_executor.py took 0.048 seconds
[2023-01-04 08:13:11,957] {processor.py:153} INFO - Started process (PID=4218) to work on /home/gustavo/Documents/etl_api_twitter/venv/lib/python3.9/site-packages/airflow/example_dags/example_kubernetes_executor.py
[2023-01-04 08:13:11,959] {processor.py:641} INFO - Processing file /home/gustavo/Documents/etl_api_twitter/venv/lib/python3.9/site-packages/airflow/example_dags/example_kubernetes_executor.py for tasks to queue
[2023-01-04 08:13:11,959] {logging_mixin.py:115} INFO - [2023-01-04 08:13:11,959] {dagbag.py:507} INFO - Filling up the DagBag from /home/gustavo/Documents/etl_api_twitter/venv/lib/python3.9/site-packages/airflow/example_dags/example_kubernetes_executor.py
[2023-01-04 08:13:11,975] {logging_mixin.py:115} INFO - [2023-01-04 08:13:11,975] {example_kubernetes_executor.py:39} WARNING - The example_kubernetes_executor example DAG requires the kubernetes provider. Please install it with: pip install apache-airflow[cncf.kubernetes]
[2023-01-04 08:13:11,976] {processor.py:653} WARNING - No viable dags retrieved from /home/gustavo/Documents/etl_api_twitter/venv/lib/python3.9/site-packages/airflow/example_dags/example_kubernetes_executor.py
[2023-01-04 08:13:11,995] {processor.py:161} INFO - Processing /home/gustavo/Documents/etl_api_twitter/venv/lib/python3.9/site-packages/airflow/example_dags/example_kubernetes_executor.py took 0.044 seconds
[2023-01-04 08:13:46,680] {processor.py:153} INFO - Started process (PID=4256) to work on /home/gustavo/Documents/etl_api_twitter/venv/lib/python3.9/site-packages/airflow/example_dags/example_kubernetes_executor.py
[2023-01-04 08:13:46,681] {processor.py:641} INFO - Processing file /home/gustavo/Documents/etl_api_twitter/venv/lib/python3.9/site-packages/airflow/example_dags/example_kubernetes_executor.py for tasks to queue
[2023-01-04 08:13:46,681] {logging_mixin.py:115} INFO - [2023-01-04 08:13:46,681] {dagbag.py:507} INFO - Filling up the DagBag from /home/gustavo/Documents/etl_api_twitter/venv/lib/python3.9/site-packages/airflow/example_dags/example_kubernetes_executor.py
[2023-01-04 08:13:46,694] {logging_mixin.py:115} INFO - [2023-01-04 08:13:46,693] {example_kubernetes_executor.py:39} WARNING - The example_kubernetes_executor example DAG requires the kubernetes provider. Please install it with: pip install apache-airflow[cncf.kubernetes]
[2023-01-04 08:13:46,694] {processor.py:653} WARNING - No viable dags retrieved from /home/gustavo/Documents/etl_api_twitter/venv/lib/python3.9/site-packages/airflow/example_dags/example_kubernetes_executor.py
[2023-01-04 08:13:46,707] {processor.py:161} INFO - Processing /home/gustavo/Documents/etl_api_twitter/venv/lib/python3.9/site-packages/airflow/example_dags/example_kubernetes_executor.py took 0.029 seconds
[2023-01-04 08:14:20,645] {processor.py:153} INFO - Started process (PID=4295) to work on /home/gustavo/Documents/etl_api_twitter/venv/lib/python3.9/site-packages/airflow/example_dags/example_kubernetes_executor.py
[2023-01-04 08:14:20,646] {processor.py:641} INFO - Processing file /home/gustavo/Documents/etl_api_twitter/venv/lib/python3.9/site-packages/airflow/example_dags/example_kubernetes_executor.py for tasks to queue
[2023-01-04 08:14:20,646] {logging_mixin.py:115} INFO - [2023-01-04 08:14:20,646] {dagbag.py:507} INFO - Filling up the DagBag from /home/gustavo/Documents/etl_api_twitter/venv/lib/python3.9/site-packages/airflow/example_dags/example_kubernetes_executor.py
[2023-01-04 08:14:20,675] {logging_mixin.py:115} INFO - [2023-01-04 08:14:20,675] {example_kubernetes_executor.py:39} WARNING - The example_kubernetes_executor example DAG requires the kubernetes provider. Please install it with: pip install apache-airflow[cncf.kubernetes]
[2023-01-04 08:14:20,675] {processor.py:653} WARNING - No viable dags retrieved from /home/gustavo/Documents/etl_api_twitter/venv/lib/python3.9/site-packages/airflow/example_dags/example_kubernetes_executor.py
[2023-01-04 08:14:20,700] {processor.py:161} INFO - Processing /home/gustavo/Documents/etl_api_twitter/venv/lib/python3.9/site-packages/airflow/example_dags/example_kubernetes_executor.py took 0.059 seconds
[2023-01-04 08:14:55,288] {processor.py:153} INFO - Started process (PID=4438) to work on /home/gustavo/Documents/etl_api_twitter/venv/lib/python3.9/site-packages/airflow/example_dags/example_kubernetes_executor.py
[2023-01-04 08:14:55,289] {processor.py:641} INFO - Processing file /home/gustavo/Documents/etl_api_twitter/venv/lib/python3.9/site-packages/airflow/example_dags/example_kubernetes_executor.py for tasks to queue
[2023-01-04 08:14:55,290] {logging_mixin.py:115} INFO - [2023-01-04 08:14:55,290] {dagbag.py:507} INFO - Filling up the DagBag from /home/gustavo/Documents/etl_api_twitter/venv/lib/python3.9/site-packages/airflow/example_dags/example_kubernetes_executor.py
[2023-01-04 08:14:55,300] {logging_mixin.py:115} INFO - [2023-01-04 08:14:55,300] {example_kubernetes_executor.py:39} WARNING - The example_kubernetes_executor example DAG requires the kubernetes provider. Please install it with: pip install apache-airflow[cncf.kubernetes]
[2023-01-04 08:14:55,300] {processor.py:653} WARNING - No viable dags retrieved from /home/gustavo/Documents/etl_api_twitter/venv/lib/python3.9/site-packages/airflow/example_dags/example_kubernetes_executor.py
[2023-01-04 08:14:55,308] {processor.py:161} INFO - Processing /home/gustavo/Documents/etl_api_twitter/venv/lib/python3.9/site-packages/airflow/example_dags/example_kubernetes_executor.py took 0.022 seconds
[2023-01-04 08:15:29,682] {processor.py:153} INFO - Started process (PID=4624) to work on /home/gustavo/Documents/etl_api_twitter/venv/lib/python3.9/site-packages/airflow/example_dags/example_kubernetes_executor.py
[2023-01-04 08:15:29,684] {processor.py:641} INFO - Processing file /home/gustavo/Documents/etl_api_twitter/venv/lib/python3.9/site-packages/airflow/example_dags/example_kubernetes_executor.py for tasks to queue
[2023-01-04 08:15:29,686] {logging_mixin.py:115} INFO - [2023-01-04 08:15:29,685] {dagbag.py:507} INFO - Filling up the DagBag from /home/gustavo/Documents/etl_api_twitter/venv/lib/python3.9/site-packages/airflow/example_dags/example_kubernetes_executor.py
[2023-01-04 08:15:29,715] {logging_mixin.py:115} INFO - [2023-01-04 08:15:29,714] {example_kubernetes_executor.py:39} WARNING - The example_kubernetes_executor example DAG requires the kubernetes provider. Please install it with: pip install apache-airflow[cncf.kubernetes]
[2023-01-04 08:15:29,715] {processor.py:653} WARNING - No viable dags retrieved from /home/gustavo/Documents/etl_api_twitter/venv/lib/python3.9/site-packages/airflow/example_dags/example_kubernetes_executor.py
[2023-01-04 08:15:29,726] {processor.py:161} INFO - Processing /home/gustavo/Documents/etl_api_twitter/venv/lib/python3.9/site-packages/airflow/example_dags/example_kubernetes_executor.py took 0.053 seconds
[2023-01-04 08:16:03,687] {processor.py:153} INFO - Started process (PID=4892) to work on /home/gustavo/Documents/etl_api_twitter/venv/lib/python3.9/site-packages/airflow/example_dags/example_kubernetes_executor.py
[2023-01-04 08:16:03,689] {processor.py:641} INFO - Processing file /home/gustavo/Documents/etl_api_twitter/venv/lib/python3.9/site-packages/airflow/example_dags/example_kubernetes_executor.py for tasks to queue
[2023-01-04 08:16:03,691] {logging_mixin.py:115} INFO - [2023-01-04 08:16:03,690] {dagbag.py:507} INFO - Filling up the DagBag from /home/gustavo/Documents/etl_api_twitter/venv/lib/python3.9/site-packages/airflow/example_dags/example_kubernetes_executor.py
[2023-01-04 08:16:03,721] {logging_mixin.py:115} INFO - [2023-01-04 08:16:03,721] {example_kubernetes_executor.py:39} WARNING - The example_kubernetes_executor example DAG requires the kubernetes provider. Please install it with: pip install apache-airflow[cncf.kubernetes]
[2023-01-04 08:16:03,722] {processor.py:653} WARNING - No viable dags retrieved from /home/gustavo/Documents/etl_api_twitter/venv/lib/python3.9/site-packages/airflow/example_dags/example_kubernetes_executor.py
[2023-01-04 08:16:03,745] {processor.py:161} INFO - Processing /home/gustavo/Documents/etl_api_twitter/venv/lib/python3.9/site-packages/airflow/example_dags/example_kubernetes_executor.py took 0.068 seconds
[2023-01-04 08:16:38,077] {processor.py:153} INFO - Started process (PID=5074) to work on /home/gustavo/Documents/etl_api_twitter/venv/lib/python3.9/site-packages/airflow/example_dags/example_kubernetes_executor.py
[2023-01-04 08:16:38,079] {processor.py:641} INFO - Processing file /home/gustavo/Documents/etl_api_twitter/venv/lib/python3.9/site-packages/airflow/example_dags/example_kubernetes_executor.py for tasks to queue
[2023-01-04 08:16:38,080] {logging_mixin.py:115} INFO - [2023-01-04 08:16:38,080] {dagbag.py:507} INFO - Filling up the DagBag from /home/gustavo/Documents/etl_api_twitter/venv/lib/python3.9/site-packages/airflow/example_dags/example_kubernetes_executor.py
[2023-01-04 08:16:38,111] {logging_mixin.py:115} INFO - [2023-01-04 08:16:38,111] {example_kubernetes_executor.py:39} WARNING - The example_kubernetes_executor example DAG requires the kubernetes provider. Please install it with: pip install apache-airflow[cncf.kubernetes]
[2023-01-04 08:16:38,111] {processor.py:653} WARNING - No viable dags retrieved from /home/gustavo/Documents/etl_api_twitter/venv/lib/python3.9/site-packages/airflow/example_dags/example_kubernetes_executor.py
[2023-01-04 08:16:38,131] {processor.py:161} INFO - Processing /home/gustavo/Documents/etl_api_twitter/venv/lib/python3.9/site-packages/airflow/example_dags/example_kubernetes_executor.py took 0.057 seconds
[2023-01-04 08:17:12,453] {processor.py:153} INFO - Started process (PID=5281) to work on /home/gustavo/Documents/etl_api_twitter/venv/lib/python3.9/site-packages/airflow/example_dags/example_kubernetes_executor.py
[2023-01-04 08:17:12,455] {processor.py:641} INFO - Processing file /home/gustavo/Documents/etl_api_twitter/venv/lib/python3.9/site-packages/airflow/example_dags/example_kubernetes_executor.py for tasks to queue
[2023-01-04 08:17:12,456] {logging_mixin.py:115} INFO - [2023-01-04 08:17:12,456] {dagbag.py:507} INFO - Filling up the DagBag from /home/gustavo/Documents/etl_api_twitter/venv/lib/python3.9/site-packages/airflow/example_dags/example_kubernetes_executor.py
[2023-01-04 08:17:12,480] {logging_mixin.py:115} INFO - [2023-01-04 08:17:12,480] {example_kubernetes_executor.py:39} WARNING - The example_kubernetes_executor example DAG requires the kubernetes provider. Please install it with: pip install apache-airflow[cncf.kubernetes]
[2023-01-04 08:17:12,480] {processor.py:653} WARNING - No viable dags retrieved from /home/gustavo/Documents/etl_api_twitter/venv/lib/python3.9/site-packages/airflow/example_dags/example_kubernetes_executor.py
[2023-01-04 08:17:12,489] {processor.py:161} INFO - Processing /home/gustavo/Documents/etl_api_twitter/venv/lib/python3.9/site-packages/airflow/example_dags/example_kubernetes_executor.py took 0.041 seconds
[2023-01-04 08:17:47,086] {processor.py:153} INFO - Started process (PID=5490) to work on /home/gustavo/Documents/etl_api_twitter/venv/lib/python3.9/site-packages/airflow/example_dags/example_kubernetes_executor.py
[2023-01-04 08:17:47,087] {processor.py:641} INFO - Processing file /home/gustavo/Documents/etl_api_twitter/venv/lib/python3.9/site-packages/airflow/example_dags/example_kubernetes_executor.py for tasks to queue
[2023-01-04 08:17:47,088] {logging_mixin.py:115} INFO - [2023-01-04 08:17:47,088] {dagbag.py:507} INFO - Filling up the DagBag from /home/gustavo/Documents/etl_api_twitter/venv/lib/python3.9/site-packages/airflow/example_dags/example_kubernetes_executor.py
[2023-01-04 08:17:47,110] {logging_mixin.py:115} INFO - [2023-01-04 08:17:47,110] {example_kubernetes_executor.py:39} WARNING - The example_kubernetes_executor example DAG requires the kubernetes provider. Please install it with: pip install apache-airflow[cncf.kubernetes]
[2023-01-04 08:17:47,111] {processor.py:653} WARNING - No viable dags retrieved from /home/gustavo/Documents/etl_api_twitter/venv/lib/python3.9/site-packages/airflow/example_dags/example_kubernetes_executor.py
[2023-01-04 08:17:47,123] {processor.py:161} INFO - Processing /home/gustavo/Documents/etl_api_twitter/venv/lib/python3.9/site-packages/airflow/example_dags/example_kubernetes_executor.py took 0.042 seconds
[2023-01-04 08:18:21,113] {processor.py:153} INFO - Started process (PID=5700) to work on /home/gustavo/Documents/etl_api_twitter/venv/lib/python3.9/site-packages/airflow/example_dags/example_kubernetes_executor.py
[2023-01-04 08:18:21,115] {processor.py:641} INFO - Processing file /home/gustavo/Documents/etl_api_twitter/venv/lib/python3.9/site-packages/airflow/example_dags/example_kubernetes_executor.py for tasks to queue
[2023-01-04 08:18:21,116] {logging_mixin.py:115} INFO - [2023-01-04 08:18:21,116] {dagbag.py:507} INFO - Filling up the DagBag from /home/gustavo/Documents/etl_api_twitter/venv/lib/python3.9/site-packages/airflow/example_dags/example_kubernetes_executor.py
[2023-01-04 08:18:21,143] {logging_mixin.py:115} INFO - [2023-01-04 08:18:21,143] {example_kubernetes_executor.py:39} WARNING - The example_kubernetes_executor example DAG requires the kubernetes provider. Please install it with: pip install apache-airflow[cncf.kubernetes]
[2023-01-04 08:18:21,144] {processor.py:653} WARNING - No viable dags retrieved from /home/gustavo/Documents/etl_api_twitter/venv/lib/python3.9/site-packages/airflow/example_dags/example_kubernetes_executor.py
[2023-01-04 08:18:21,165] {processor.py:161} INFO - Processing /home/gustavo/Documents/etl_api_twitter/venv/lib/python3.9/site-packages/airflow/example_dags/example_kubernetes_executor.py took 0.057 seconds
[2023-01-04 08:18:53,309] {processor.py:153} INFO - Started process (PID=5876) to work on /home/gustavo/Documents/etl_api_twitter/venv/lib/python3.9/site-packages/airflow/example_dags/example_kubernetes_executor.py
[2023-01-04 08:18:53,310] {processor.py:641} INFO - Processing file /home/gustavo/Documents/etl_api_twitter/venv/lib/python3.9/site-packages/airflow/example_dags/example_kubernetes_executor.py for tasks to queue
[2023-01-04 08:18:53,311] {logging_mixin.py:115} INFO - [2023-01-04 08:18:53,311] {dagbag.py:507} INFO - Filling up the DagBag from /home/gustavo/Documents/etl_api_twitter/venv/lib/python3.9/site-packages/airflow/example_dags/example_kubernetes_executor.py
[2023-01-04 08:18:53,325] {logging_mixin.py:115} INFO - [2023-01-04 08:18:53,325] {example_kubernetes_executor.py:39} WARNING - The example_kubernetes_executor example DAG requires the kubernetes provider. Please install it with: pip install apache-airflow[cncf.kubernetes]
[2023-01-04 08:18:53,326] {processor.py:653} WARNING - No viable dags retrieved from /home/gustavo/Documents/etl_api_twitter/venv/lib/python3.9/site-packages/airflow/example_dags/example_kubernetes_executor.py
[2023-01-04 08:18:53,336] {processor.py:161} INFO - Processing /home/gustavo/Documents/etl_api_twitter/venv/lib/python3.9/site-packages/airflow/example_dags/example_kubernetes_executor.py took 0.030 seconds
[2023-01-04 08:19:28,267] {processor.py:153} INFO - Started process (PID=6082) to work on /home/gustavo/Documents/etl_api_twitter/venv/lib/python3.9/site-packages/airflow/example_dags/example_kubernetes_executor.py
[2023-01-04 08:19:28,269] {processor.py:641} INFO - Processing file /home/gustavo/Documents/etl_api_twitter/venv/lib/python3.9/site-packages/airflow/example_dags/example_kubernetes_executor.py for tasks to queue
[2023-01-04 08:19:28,271] {logging_mixin.py:115} INFO - [2023-01-04 08:19:28,270] {dagbag.py:507} INFO - Filling up the DagBag from /home/gustavo/Documents/etl_api_twitter/venv/lib/python3.9/site-packages/airflow/example_dags/example_kubernetes_executor.py
[2023-01-04 08:19:28,302] {logging_mixin.py:115} INFO - [2023-01-04 08:19:28,301] {example_kubernetes_executor.py:39} WARNING - The example_kubernetes_executor example DAG requires the kubernetes provider. Please install it with: pip install apache-airflow[cncf.kubernetes]
[2023-01-04 08:19:28,302] {processor.py:653} WARNING - No viable dags retrieved from /home/gustavo/Documents/etl_api_twitter/venv/lib/python3.9/site-packages/airflow/example_dags/example_kubernetes_executor.py
[2023-01-04 08:19:28,316] {processor.py:161} INFO - Processing /home/gustavo/Documents/etl_api_twitter/venv/lib/python3.9/site-packages/airflow/example_dags/example_kubernetes_executor.py took 0.052 seconds
[2023-01-04 08:20:02,178] {processor.py:153} INFO - Started process (PID=6265) to work on /home/gustavo/Documents/etl_api_twitter/venv/lib/python3.9/site-packages/airflow/example_dags/example_kubernetes_executor.py
[2023-01-04 08:20:02,180] {processor.py:641} INFO - Processing file /home/gustavo/Documents/etl_api_twitter/venv/lib/python3.9/site-packages/airflow/example_dags/example_kubernetes_executor.py for tasks to queue
[2023-01-04 08:20:02,181] {logging_mixin.py:115} INFO - [2023-01-04 08:20:02,181] {dagbag.py:507} INFO - Filling up the DagBag from /home/gustavo/Documents/etl_api_twitter/venv/lib/python3.9/site-packages/airflow/example_dags/example_kubernetes_executor.py
[2023-01-04 08:20:02,207] {logging_mixin.py:115} INFO - [2023-01-04 08:20:02,206] {example_kubernetes_executor.py:39} WARNING - The example_kubernetes_executor example DAG requires the kubernetes provider. Please install it with: pip install apache-airflow[cncf.kubernetes]
[2023-01-04 08:20:02,207] {processor.py:653} WARNING - No viable dags retrieved from /home/gustavo/Documents/etl_api_twitter/venv/lib/python3.9/site-packages/airflow/example_dags/example_kubernetes_executor.py
[2023-01-04 08:20:02,217] {processor.py:161} INFO - Processing /home/gustavo/Documents/etl_api_twitter/venv/lib/python3.9/site-packages/airflow/example_dags/example_kubernetes_executor.py took 0.047 seconds
[2023-01-04 08:20:35,094] {processor.py:153} INFO - Started process (PID=6467) to work on /home/gustavo/Documents/etl_api_twitter/venv/lib/python3.9/site-packages/airflow/example_dags/example_kubernetes_executor.py
[2023-01-04 08:20:35,095] {processor.py:641} INFO - Processing file /home/gustavo/Documents/etl_api_twitter/venv/lib/python3.9/site-packages/airflow/example_dags/example_kubernetes_executor.py for tasks to queue
[2023-01-04 08:20:35,095] {logging_mixin.py:115} INFO - [2023-01-04 08:20:35,095] {dagbag.py:507} INFO - Filling up the DagBag from /home/gustavo/Documents/etl_api_twitter/venv/lib/python3.9/site-packages/airflow/example_dags/example_kubernetes_executor.py
[2023-01-04 08:20:35,115] {logging_mixin.py:115} INFO - [2023-01-04 08:20:35,115] {example_kubernetes_executor.py:39} WARNING - The example_kubernetes_executor example DAG requires the kubernetes provider. Please install it with: pip install apache-airflow[cncf.kubernetes]
[2023-01-04 08:20:35,116] {processor.py:653} WARNING - No viable dags retrieved from /home/gustavo/Documents/etl_api_twitter/venv/lib/python3.9/site-packages/airflow/example_dags/example_kubernetes_executor.py
[2023-01-04 08:20:35,125] {processor.py:161} INFO - Processing /home/gustavo/Documents/etl_api_twitter/venv/lib/python3.9/site-packages/airflow/example_dags/example_kubernetes_executor.py took 0.034 seconds
[2023-01-04 08:21:09,946] {processor.py:153} INFO - Started process (PID=6726) to work on /home/gustavo/Documents/etl_api_twitter/venv/lib/python3.9/site-packages/airflow/example_dags/example_kubernetes_executor.py
[2023-01-04 08:21:09,947] {processor.py:641} INFO - Processing file /home/gustavo/Documents/etl_api_twitter/venv/lib/python3.9/site-packages/airflow/example_dags/example_kubernetes_executor.py for tasks to queue
[2023-01-04 08:21:09,947] {logging_mixin.py:115} INFO - [2023-01-04 08:21:09,947] {dagbag.py:507} INFO - Filling up the DagBag from /home/gustavo/Documents/etl_api_twitter/venv/lib/python3.9/site-packages/airflow/example_dags/example_kubernetes_executor.py
[2023-01-04 08:21:09,956] {logging_mixin.py:115} INFO - [2023-01-04 08:21:09,956] {example_kubernetes_executor.py:39} WARNING - The example_kubernetes_executor example DAG requires the kubernetes provider. Please install it with: pip install apache-airflow[cncf.kubernetes]
[2023-01-04 08:21:09,956] {processor.py:653} WARNING - No viable dags retrieved from /home/gustavo/Documents/etl_api_twitter/venv/lib/python3.9/site-packages/airflow/example_dags/example_kubernetes_executor.py
[2023-01-04 08:21:09,963] {processor.py:161} INFO - Processing /home/gustavo/Documents/etl_api_twitter/venv/lib/python3.9/site-packages/airflow/example_dags/example_kubernetes_executor.py took 0.019 seconds
[2023-01-04 08:21:44,232] {processor.py:153} INFO - Started process (PID=6905) to work on /home/gustavo/Documents/etl_api_twitter/venv/lib/python3.9/site-packages/airflow/example_dags/example_kubernetes_executor.py
[2023-01-04 08:21:44,233] {processor.py:641} INFO - Processing file /home/gustavo/Documents/etl_api_twitter/venv/lib/python3.9/site-packages/airflow/example_dags/example_kubernetes_executor.py for tasks to queue
[2023-01-04 08:21:44,233] {logging_mixin.py:115} INFO - [2023-01-04 08:21:44,233] {dagbag.py:507} INFO - Filling up the DagBag from /home/gustavo/Documents/etl_api_twitter/venv/lib/python3.9/site-packages/airflow/example_dags/example_kubernetes_executor.py
[2023-01-04 08:21:44,256] {logging_mixin.py:115} INFO - [2023-01-04 08:21:44,256] {example_kubernetes_executor.py:39} WARNING - The example_kubernetes_executor example DAG requires the kubernetes provider. Please install it with: pip install apache-airflow[cncf.kubernetes]
[2023-01-04 08:21:44,256] {processor.py:653} WARNING - No viable dags retrieved from /home/gustavo/Documents/etl_api_twitter/venv/lib/python3.9/site-packages/airflow/example_dags/example_kubernetes_executor.py
[2023-01-04 08:21:44,271] {processor.py:161} INFO - Processing /home/gustavo/Documents/etl_api_twitter/venv/lib/python3.9/site-packages/airflow/example_dags/example_kubernetes_executor.py took 0.042 seconds
[2023-01-04 08:22:18,235] {processor.py:153} INFO - Started process (PID=7108) to work on /home/gustavo/Documents/etl_api_twitter/venv/lib/python3.9/site-packages/airflow/example_dags/example_kubernetes_executor.py
[2023-01-04 08:22:18,236] {processor.py:641} INFO - Processing file /home/gustavo/Documents/etl_api_twitter/venv/lib/python3.9/site-packages/airflow/example_dags/example_kubernetes_executor.py for tasks to queue
[2023-01-04 08:22:18,236] {logging_mixin.py:115} INFO - [2023-01-04 08:22:18,236] {dagbag.py:507} INFO - Filling up the DagBag from /home/gustavo/Documents/etl_api_twitter/venv/lib/python3.9/site-packages/airflow/example_dags/example_kubernetes_executor.py
[2023-01-04 08:22:18,255] {logging_mixin.py:115} INFO - [2023-01-04 08:22:18,254] {example_kubernetes_executor.py:39} WARNING - The example_kubernetes_executor example DAG requires the kubernetes provider. Please install it with: pip install apache-airflow[cncf.kubernetes]
[2023-01-04 08:22:18,255] {processor.py:653} WARNING - No viable dags retrieved from /home/gustavo/Documents/etl_api_twitter/venv/lib/python3.9/site-packages/airflow/example_dags/example_kubernetes_executor.py
[2023-01-04 08:22:18,269] {processor.py:161} INFO - Processing /home/gustavo/Documents/etl_api_twitter/venv/lib/python3.9/site-packages/airflow/example_dags/example_kubernetes_executor.py took 0.038 seconds
[2023-01-04 08:22:51,501] {processor.py:153} INFO - Started process (PID=7321) to work on /home/gustavo/Documents/etl_api_twitter/venv/lib/python3.9/site-packages/airflow/example_dags/example_kubernetes_executor.py
[2023-01-04 08:22:51,503] {processor.py:641} INFO - Processing file /home/gustavo/Documents/etl_api_twitter/venv/lib/python3.9/site-packages/airflow/example_dags/example_kubernetes_executor.py for tasks to queue
[2023-01-04 08:22:51,504] {logging_mixin.py:115} INFO - [2023-01-04 08:22:51,504] {dagbag.py:507} INFO - Filling up the DagBag from /home/gustavo/Documents/etl_api_twitter/venv/lib/python3.9/site-packages/airflow/example_dags/example_kubernetes_executor.py
[2023-01-04 08:22:51,534] {logging_mixin.py:115} INFO - [2023-01-04 08:22:51,534] {example_kubernetes_executor.py:39} WARNING - The example_kubernetes_executor example DAG requires the kubernetes provider. Please install it with: pip install apache-airflow[cncf.kubernetes]
[2023-01-04 08:22:51,535] {processor.py:653} WARNING - No viable dags retrieved from /home/gustavo/Documents/etl_api_twitter/venv/lib/python3.9/site-packages/airflow/example_dags/example_kubernetes_executor.py
[2023-01-04 08:22:51,552] {processor.py:161} INFO - Processing /home/gustavo/Documents/etl_api_twitter/venv/lib/python3.9/site-packages/airflow/example_dags/example_kubernetes_executor.py took 0.056 seconds
[2023-01-04 08:23:25,967] {processor.py:153} INFO - Started process (PID=7507) to work on /home/gustavo/Documents/etl_api_twitter/venv/lib/python3.9/site-packages/airflow/example_dags/example_kubernetes_executor.py
[2023-01-04 08:23:25,968] {processor.py:641} INFO - Processing file /home/gustavo/Documents/etl_api_twitter/venv/lib/python3.9/site-packages/airflow/example_dags/example_kubernetes_executor.py for tasks to queue
[2023-01-04 08:23:25,968] {logging_mixin.py:115} INFO - [2023-01-04 08:23:25,968] {dagbag.py:507} INFO - Filling up the DagBag from /home/gustavo/Documents/etl_api_twitter/venv/lib/python3.9/site-packages/airflow/example_dags/example_kubernetes_executor.py
[2023-01-04 08:23:25,993] {logging_mixin.py:115} INFO - [2023-01-04 08:23:25,993] {example_kubernetes_executor.py:39} WARNING - The example_kubernetes_executor example DAG requires the kubernetes provider. Please install it with: pip install apache-airflow[cncf.kubernetes]
[2023-01-04 08:23:25,994] {processor.py:653} WARNING - No viable dags retrieved from /home/gustavo/Documents/etl_api_twitter/venv/lib/python3.9/site-packages/airflow/example_dags/example_kubernetes_executor.py
[2023-01-04 08:23:26,013] {processor.py:161} INFO - Processing /home/gustavo/Documents/etl_api_twitter/venv/lib/python3.9/site-packages/airflow/example_dags/example_kubernetes_executor.py took 0.049 seconds
[2023-01-04 08:24:01,778] {processor.py:153} INFO - Started process (PID=7710) to work on /home/gustavo/Documents/etl_api_twitter/venv/lib/python3.9/site-packages/airflow/example_dags/example_kubernetes_executor.py
[2023-01-04 08:24:01,779] {processor.py:641} INFO - Processing file /home/gustavo/Documents/etl_api_twitter/venv/lib/python3.9/site-packages/airflow/example_dags/example_kubernetes_executor.py for tasks to queue
[2023-01-04 08:24:01,780] {logging_mixin.py:115} INFO - [2023-01-04 08:24:01,780] {dagbag.py:507} INFO - Filling up the DagBag from /home/gustavo/Documents/etl_api_twitter/venv/lib/python3.9/site-packages/airflow/example_dags/example_kubernetes_executor.py
[2023-01-04 08:24:01,804] {logging_mixin.py:115} INFO - [2023-01-04 08:24:01,804] {example_kubernetes_executor.py:39} WARNING - The example_kubernetes_executor example DAG requires the kubernetes provider. Please install it with: pip install apache-airflow[cncf.kubernetes]
[2023-01-04 08:24:01,804] {processor.py:653} WARNING - No viable dags retrieved from /home/gustavo/Documents/etl_api_twitter/venv/lib/python3.9/site-packages/airflow/example_dags/example_kubernetes_executor.py
[2023-01-04 08:24:01,825] {processor.py:161} INFO - Processing /home/gustavo/Documents/etl_api_twitter/venv/lib/python3.9/site-packages/airflow/example_dags/example_kubernetes_executor.py took 0.052 seconds
[2023-01-04 08:24:36,828] {processor.py:153} INFO - Started process (PID=7915) to work on /home/gustavo/Documents/etl_api_twitter/venv/lib/python3.9/site-packages/airflow/example_dags/example_kubernetes_executor.py
[2023-01-04 08:24:36,830] {processor.py:641} INFO - Processing file /home/gustavo/Documents/etl_api_twitter/venv/lib/python3.9/site-packages/airflow/example_dags/example_kubernetes_executor.py for tasks to queue
[2023-01-04 08:24:36,831] {logging_mixin.py:115} INFO - [2023-01-04 08:24:36,831] {dagbag.py:507} INFO - Filling up the DagBag from /home/gustavo/Documents/etl_api_twitter/venv/lib/python3.9/site-packages/airflow/example_dags/example_kubernetes_executor.py
[2023-01-04 08:24:36,863] {logging_mixin.py:115} INFO - [2023-01-04 08:24:36,863] {example_kubernetes_executor.py:39} WARNING - The example_kubernetes_executor example DAG requires the kubernetes provider. Please install it with: pip install apache-airflow[cncf.kubernetes]
[2023-01-04 08:24:36,863] {processor.py:653} WARNING - No viable dags retrieved from /home/gustavo/Documents/etl_api_twitter/venv/lib/python3.9/site-packages/airflow/example_dags/example_kubernetes_executor.py
[2023-01-04 08:24:36,875] {processor.py:161} INFO - Processing /home/gustavo/Documents/etl_api_twitter/venv/lib/python3.9/site-packages/airflow/example_dags/example_kubernetes_executor.py took 0.055 seconds
[2023-01-04 08:25:08,390] {processor.py:153} INFO - Started process (PID=8091) to work on /home/gustavo/Documents/etl_api_twitter/venv/lib/python3.9/site-packages/airflow/example_dags/example_kubernetes_executor.py
[2023-01-04 08:25:08,391] {processor.py:641} INFO - Processing file /home/gustavo/Documents/etl_api_twitter/venv/lib/python3.9/site-packages/airflow/example_dags/example_kubernetes_executor.py for tasks to queue
[2023-01-04 08:25:08,391] {logging_mixin.py:115} INFO - [2023-01-04 08:25:08,391] {dagbag.py:507} INFO - Filling up the DagBag from /home/gustavo/Documents/etl_api_twitter/venv/lib/python3.9/site-packages/airflow/example_dags/example_kubernetes_executor.py
[2023-01-04 08:25:08,406] {logging_mixin.py:115} INFO - [2023-01-04 08:25:08,406] {example_kubernetes_executor.py:39} WARNING - The example_kubernetes_executor example DAG requires the kubernetes provider. Please install it with: pip install apache-airflow[cncf.kubernetes]
[2023-01-04 08:25:08,406] {processor.py:653} WARNING - No viable dags retrieved from /home/gustavo/Documents/etl_api_twitter/venv/lib/python3.9/site-packages/airflow/example_dags/example_kubernetes_executor.py
[2023-01-04 08:25:08,418] {processor.py:161} INFO - Processing /home/gustavo/Documents/etl_api_twitter/venv/lib/python3.9/site-packages/airflow/example_dags/example_kubernetes_executor.py took 0.030 seconds
[2023-01-04 08:25:41,765] {processor.py:153} INFO - Started process (PID=8349) to work on /home/gustavo/Documents/etl_api_twitter/venv/lib/python3.9/site-packages/airflow/example_dags/example_kubernetes_executor.py
[2023-01-04 08:25:41,766] {processor.py:641} INFO - Processing file /home/gustavo/Documents/etl_api_twitter/venv/lib/python3.9/site-packages/airflow/example_dags/example_kubernetes_executor.py for tasks to queue
[2023-01-04 08:25:41,766] {logging_mixin.py:115} INFO - [2023-01-04 08:25:41,766] {dagbag.py:507} INFO - Filling up the DagBag from /home/gustavo/Documents/etl_api_twitter/venv/lib/python3.9/site-packages/airflow/example_dags/example_kubernetes_executor.py
[2023-01-04 08:25:41,786] {logging_mixin.py:115} INFO - [2023-01-04 08:25:41,786] {example_kubernetes_executor.py:39} WARNING - The example_kubernetes_executor example DAG requires the kubernetes provider. Please install it with: pip install apache-airflow[cncf.kubernetes]
[2023-01-04 08:25:41,786] {processor.py:653} WARNING - No viable dags retrieved from /home/gustavo/Documents/etl_api_twitter/venv/lib/python3.9/site-packages/airflow/example_dags/example_kubernetes_executor.py
[2023-01-04 08:25:41,807] {processor.py:161} INFO - Processing /home/gustavo/Documents/etl_api_twitter/venv/lib/python3.9/site-packages/airflow/example_dags/example_kubernetes_executor.py took 0.045 seconds
[2023-01-04 08:26:15,764] {processor.py:153} INFO - Started process (PID=8530) to work on /home/gustavo/Documents/etl_api_twitter/venv/lib/python3.9/site-packages/airflow/example_dags/example_kubernetes_executor.py
[2023-01-04 08:26:15,766] {processor.py:641} INFO - Processing file /home/gustavo/Documents/etl_api_twitter/venv/lib/python3.9/site-packages/airflow/example_dags/example_kubernetes_executor.py for tasks to queue
[2023-01-04 08:26:15,767] {logging_mixin.py:115} INFO - [2023-01-04 08:26:15,767] {dagbag.py:507} INFO - Filling up the DagBag from /home/gustavo/Documents/etl_api_twitter/venv/lib/python3.9/site-packages/airflow/example_dags/example_kubernetes_executor.py
[2023-01-04 08:26:15,789] {logging_mixin.py:115} INFO - [2023-01-04 08:26:15,789] {example_kubernetes_executor.py:39} WARNING - The example_kubernetes_executor example DAG requires the kubernetes provider. Please install it with: pip install apache-airflow[cncf.kubernetes]
[2023-01-04 08:26:15,790] {processor.py:653} WARNING - No viable dags retrieved from /home/gustavo/Documents/etl_api_twitter/venv/lib/python3.9/site-packages/airflow/example_dags/example_kubernetes_executor.py
[2023-01-04 08:26:15,818] {processor.py:161} INFO - Processing /home/gustavo/Documents/etl_api_twitter/venv/lib/python3.9/site-packages/airflow/example_dags/example_kubernetes_executor.py took 0.061 seconds
[2023-01-04 08:26:50,922] {processor.py:153} INFO - Started process (PID=8734) to work on /home/gustavo/Documents/etl_api_twitter/venv/lib/python3.9/site-packages/airflow/example_dags/example_kubernetes_executor.py
[2023-01-04 08:26:50,923] {processor.py:641} INFO - Processing file /home/gustavo/Documents/etl_api_twitter/venv/lib/python3.9/site-packages/airflow/example_dags/example_kubernetes_executor.py for tasks to queue
[2023-01-04 08:26:50,923] {logging_mixin.py:115} INFO - [2023-01-04 08:26:50,923] {dagbag.py:507} INFO - Filling up the DagBag from /home/gustavo/Documents/etl_api_twitter/venv/lib/python3.9/site-packages/airflow/example_dags/example_kubernetes_executor.py
[2023-01-04 08:26:50,934] {logging_mixin.py:115} INFO - [2023-01-04 08:26:50,934] {example_kubernetes_executor.py:39} WARNING - The example_kubernetes_executor example DAG requires the kubernetes provider. Please install it with: pip install apache-airflow[cncf.kubernetes]
[2023-01-04 08:26:50,935] {processor.py:653} WARNING - No viable dags retrieved from /home/gustavo/Documents/etl_api_twitter/venv/lib/python3.9/site-packages/airflow/example_dags/example_kubernetes_executor.py
[2023-01-04 08:26:50,945] {processor.py:161} INFO - Processing /home/gustavo/Documents/etl_api_twitter/venv/lib/python3.9/site-packages/airflow/example_dags/example_kubernetes_executor.py took 0.026 seconds
[2023-01-04 08:27:23,283] {processor.py:153} INFO - Started process (PID=8945) to work on /home/gustavo/Documents/etl_api_twitter/venv/lib/python3.9/site-packages/airflow/example_dags/example_kubernetes_executor.py
[2023-01-04 08:27:23,284] {processor.py:641} INFO - Processing file /home/gustavo/Documents/etl_api_twitter/venv/lib/python3.9/site-packages/airflow/example_dags/example_kubernetes_executor.py for tasks to queue
[2023-01-04 08:27:23,285] {logging_mixin.py:115} INFO - [2023-01-04 08:27:23,285] {dagbag.py:507} INFO - Filling up the DagBag from /home/gustavo/Documents/etl_api_twitter/venv/lib/python3.9/site-packages/airflow/example_dags/example_kubernetes_executor.py
[2023-01-04 08:27:23,311] {logging_mixin.py:115} INFO - [2023-01-04 08:27:23,311] {example_kubernetes_executor.py:39} WARNING - The example_kubernetes_executor example DAG requires the kubernetes provider. Please install it with: pip install apache-airflow[cncf.kubernetes]
[2023-01-04 08:27:23,312] {processor.py:653} WARNING - No viable dags retrieved from /home/gustavo/Documents/etl_api_twitter/venv/lib/python3.9/site-packages/airflow/example_dags/example_kubernetes_executor.py
[2023-01-04 08:27:23,332] {processor.py:161} INFO - Processing /home/gustavo/Documents/etl_api_twitter/venv/lib/python3.9/site-packages/airflow/example_dags/example_kubernetes_executor.py took 0.056 seconds
