[2023-01-04 08:01:14,511] {processor.py:153} INFO - Started process (PID=28358) to work on /home/gustavo/Documents/etl_api_twitter/venv/lib/python3.9/site-packages/airflow/example_dags/example_python_operator.py
[2023-01-04 08:01:14,512] {processor.py:641} INFO - Processing file /home/gustavo/Documents/etl_api_twitter/venv/lib/python3.9/site-packages/airflow/example_dags/example_python_operator.py for tasks to queue
[2023-01-04 08:01:14,512] {logging_mixin.py:115} INFO - [2023-01-04 08:01:14,512] {dagbag.py:507} INFO - Filling up the DagBag from /home/gustavo/Documents/etl_api_twitter/venv/lib/python3.9/site-packages/airflow/example_dags/example_python_operator.py
[2023-01-04 08:01:14,544] {logging_mixin.py:115} INFO - [2023-01-04 08:01:14,543] {example_python_operator.py:68} WARNING - The virtalenv_python example task requires virtualenv, please install it.
[2023-01-04 08:01:14,544] {processor.py:651} INFO - DAG(s) dict_keys(['example_python_operator']) retrieved from /home/gustavo/Documents/etl_api_twitter/venv/lib/python3.9/site-packages/airflow/example_dags/example_python_operator.py
[2023-01-04 08:01:14,663] {logging_mixin.py:115} INFO - [2023-01-04 08:01:14,663] {manager.py:508} INFO - Created Permission View: can edit on DAG:example_python_operator
[2023-01-04 08:01:14,680] {logging_mixin.py:115} INFO - [2023-01-04 08:01:14,680] {manager.py:508} INFO - Created Permission View: can read on DAG:example_python_operator
[2023-01-04 08:01:14,694] {logging_mixin.py:115} INFO - [2023-01-04 08:01:14,694] {manager.py:508} INFO - Created Permission View: can delete on DAG:example_python_operator
[2023-01-04 08:01:14,695] {logging_mixin.py:115} INFO - [2023-01-04 08:01:14,695] {dag.py:2379} INFO - Sync 1 DAGs
[2023-01-04 08:01:14,706] {logging_mixin.py:115} INFO - [2023-01-04 08:01:14,706] {dag.py:2398} INFO - Creating ORM DAG for example_python_operator
[2023-01-04 08:01:14,730] {logging_mixin.py:115} INFO - [2023-01-04 08:01:14,730] {dag.py:2927} INFO - Setting next_dagrun for example_python_operator to None, run_after=None
[2023-01-04 08:01:14,768] {processor.py:161} INFO - Processing /home/gustavo/Documents/etl_api_twitter/venv/lib/python3.9/site-packages/airflow/example_dags/example_python_operator.py took 0.263 seconds
[2023-01-04 08:01:53,254] {processor.py:153} INFO - Started process (PID=28589) to work on /home/gustavo/Documents/etl_api_twitter/venv/lib/python3.9/site-packages/airflow/example_dags/example_python_operator.py
[2023-01-04 08:01:53,261] {processor.py:641} INFO - Processing file /home/gustavo/Documents/etl_api_twitter/venv/lib/python3.9/site-packages/airflow/example_dags/example_python_operator.py for tasks to queue
[2023-01-04 08:01:53,262] {logging_mixin.py:115} INFO - [2023-01-04 08:01:53,262] {dagbag.py:507} INFO - Filling up the DagBag from /home/gustavo/Documents/etl_api_twitter/venv/lib/python3.9/site-packages/airflow/example_dags/example_python_operator.py
[2023-01-04 08:01:53,326] {logging_mixin.py:115} INFO - [2023-01-04 08:01:53,326] {example_python_operator.py:68} WARNING - The virtalenv_python example task requires virtualenv, please install it.
[2023-01-04 08:01:53,327] {processor.py:651} INFO - DAG(s) dict_keys(['example_python_operator']) retrieved from /home/gustavo/Documents/etl_api_twitter/venv/lib/python3.9/site-packages/airflow/example_dags/example_python_operator.py
[2023-01-04 08:01:53,370] {logging_mixin.py:115} INFO - [2023-01-04 08:01:53,370] {dag.py:2379} INFO - Sync 1 DAGs
[2023-01-04 08:01:53,411] {logging_mixin.py:115} INFO - [2023-01-04 08:01:53,411] {dag.py:2927} INFO - Setting next_dagrun for example_python_operator to None, run_after=None
[2023-01-04 08:01:53,436] {processor.py:161} INFO - Processing /home/gustavo/Documents/etl_api_twitter/venv/lib/python3.9/site-packages/airflow/example_dags/example_python_operator.py took 0.188 seconds
[2023-01-04 08:11:04,138] {processor.py:153} INFO - Started process (PID=3772) to work on /home/gustavo/Documents/etl_api_twitter/venv/lib/python3.9/site-packages/airflow/example_dags/example_python_operator.py
[2023-01-04 08:11:04,140] {processor.py:641} INFO - Processing file /home/gustavo/Documents/etl_api_twitter/venv/lib/python3.9/site-packages/airflow/example_dags/example_python_operator.py for tasks to queue
[2023-01-04 08:11:04,140] {logging_mixin.py:115} INFO - [2023-01-04 08:11:04,140] {dagbag.py:507} INFO - Filling up the DagBag from /home/gustavo/Documents/etl_api_twitter/venv/lib/python3.9/site-packages/airflow/example_dags/example_python_operator.py
[2023-01-04 08:11:04,160] {logging_mixin.py:115} INFO - [2023-01-04 08:11:04,160] {example_python_operator.py:68} WARNING - The virtalenv_python example task requires virtualenv, please install it.
[2023-01-04 08:11:04,160] {processor.py:651} INFO - DAG(s) dict_keys(['example_python_operator']) retrieved from /home/gustavo/Documents/etl_api_twitter/venv/lib/python3.9/site-packages/airflow/example_dags/example_python_operator.py
[2023-01-04 08:11:04,175] {logging_mixin.py:115} INFO - [2023-01-04 08:11:04,175] {dag.py:2379} INFO - Sync 1 DAGs
[2023-01-04 08:11:04,189] {logging_mixin.py:115} INFO - [2023-01-04 08:11:04,189] {dag.py:2927} INFO - Setting next_dagrun for example_python_operator to None, run_after=None
[2023-01-04 08:11:04,202] {processor.py:161} INFO - Processing /home/gustavo/Documents/etl_api_twitter/venv/lib/python3.9/site-packages/airflow/example_dags/example_python_operator.py took 0.066 seconds
[2023-01-04 08:11:40,293] {processor.py:153} INFO - Started process (PID=4005) to work on /home/gustavo/Documents/etl_api_twitter/venv/lib/python3.9/site-packages/airflow/example_dags/example_python_operator.py
[2023-01-04 08:11:40,294] {processor.py:641} INFO - Processing file /home/gustavo/Documents/etl_api_twitter/venv/lib/python3.9/site-packages/airflow/example_dags/example_python_operator.py for tasks to queue
[2023-01-04 08:11:40,295] {logging_mixin.py:115} INFO - [2023-01-04 08:11:40,295] {dagbag.py:507} INFO - Filling up the DagBag from /home/gustavo/Documents/etl_api_twitter/venv/lib/python3.9/site-packages/airflow/example_dags/example_python_operator.py
[2023-01-04 08:11:40,318] {logging_mixin.py:115} INFO - [2023-01-04 08:11:40,318] {example_python_operator.py:68} WARNING - The virtalenv_python example task requires virtualenv, please install it.
[2023-01-04 08:11:40,318] {processor.py:651} INFO - DAG(s) dict_keys(['example_python_operator']) retrieved from /home/gustavo/Documents/etl_api_twitter/venv/lib/python3.9/site-packages/airflow/example_dags/example_python_operator.py
[2023-01-04 08:11:40,341] {logging_mixin.py:115} INFO - [2023-01-04 08:11:40,341] {dag.py:2379} INFO - Sync 1 DAGs
[2023-01-04 08:11:40,368] {logging_mixin.py:115} INFO - [2023-01-04 08:11:40,368] {dag.py:2927} INFO - Setting next_dagrun for example_python_operator to None, run_after=None
[2023-01-04 08:11:40,383] {processor.py:161} INFO - Processing /home/gustavo/Documents/etl_api_twitter/venv/lib/python3.9/site-packages/airflow/example_dags/example_python_operator.py took 0.095 seconds
[2023-01-04 08:12:13,965] {processor.py:153} INFO - Started process (PID=4152) to work on /home/gustavo/Documents/etl_api_twitter/venv/lib/python3.9/site-packages/airflow/example_dags/example_python_operator.py
[2023-01-04 08:12:13,966] {processor.py:641} INFO - Processing file /home/gustavo/Documents/etl_api_twitter/venv/lib/python3.9/site-packages/airflow/example_dags/example_python_operator.py for tasks to queue
[2023-01-04 08:12:13,967] {logging_mixin.py:115} INFO - [2023-01-04 08:12:13,967] {dagbag.py:507} INFO - Filling up the DagBag from /home/gustavo/Documents/etl_api_twitter/venv/lib/python3.9/site-packages/airflow/example_dags/example_python_operator.py
[2023-01-04 08:12:13,982] {logging_mixin.py:115} INFO - [2023-01-04 08:12:13,982] {example_python_operator.py:68} WARNING - The virtalenv_python example task requires virtualenv, please install it.
[2023-01-04 08:12:13,982] {processor.py:651} INFO - DAG(s) dict_keys(['example_python_operator']) retrieved from /home/gustavo/Documents/etl_api_twitter/venv/lib/python3.9/site-packages/airflow/example_dags/example_python_operator.py
[2023-01-04 08:12:14,000] {logging_mixin.py:115} INFO - [2023-01-04 08:12:14,000] {dag.py:2379} INFO - Sync 1 DAGs
[2023-01-04 08:12:14,019] {logging_mixin.py:115} INFO - [2023-01-04 08:12:14,019] {dag.py:2927} INFO - Setting next_dagrun for example_python_operator to None, run_after=None
[2023-01-04 08:12:14,035] {processor.py:161} INFO - Processing /home/gustavo/Documents/etl_api_twitter/venv/lib/python3.9/site-packages/airflow/example_dags/example_python_operator.py took 0.072 seconds
[2023-01-04 08:12:47,644] {processor.py:153} INFO - Started process (PID=4193) to work on /home/gustavo/Documents/etl_api_twitter/venv/lib/python3.9/site-packages/airflow/example_dags/example_python_operator.py
[2023-01-04 08:12:47,645] {processor.py:641} INFO - Processing file /home/gustavo/Documents/etl_api_twitter/venv/lib/python3.9/site-packages/airflow/example_dags/example_python_operator.py for tasks to queue
[2023-01-04 08:12:47,645] {logging_mixin.py:115} INFO - [2023-01-04 08:12:47,645] {dagbag.py:507} INFO - Filling up the DagBag from /home/gustavo/Documents/etl_api_twitter/venv/lib/python3.9/site-packages/airflow/example_dags/example_python_operator.py
[2023-01-04 08:12:47,660] {logging_mixin.py:115} INFO - [2023-01-04 08:12:47,660] {example_python_operator.py:68} WARNING - The virtalenv_python example task requires virtualenv, please install it.
[2023-01-04 08:12:47,661] {processor.py:651} INFO - DAG(s) dict_keys(['example_python_operator']) retrieved from /home/gustavo/Documents/etl_api_twitter/venv/lib/python3.9/site-packages/airflow/example_dags/example_python_operator.py
[2023-01-04 08:12:47,677] {logging_mixin.py:115} INFO - [2023-01-04 08:12:47,677] {dag.py:2379} INFO - Sync 1 DAGs
[2023-01-04 08:12:47,716] {logging_mixin.py:115} INFO - [2023-01-04 08:12:47,716] {dag.py:2927} INFO - Setting next_dagrun for example_python_operator to None, run_after=None
[2023-01-04 08:12:47,736] {processor.py:161} INFO - Processing /home/gustavo/Documents/etl_api_twitter/venv/lib/python3.9/site-packages/airflow/example_dags/example_python_operator.py took 0.096 seconds
[2023-01-04 08:13:23,395] {processor.py:153} INFO - Started process (PID=4231) to work on /home/gustavo/Documents/etl_api_twitter/venv/lib/python3.9/site-packages/airflow/example_dags/example_python_operator.py
[2023-01-04 08:13:23,396] {processor.py:641} INFO - Processing file /home/gustavo/Documents/etl_api_twitter/venv/lib/python3.9/site-packages/airflow/example_dags/example_python_operator.py for tasks to queue
[2023-01-04 08:13:23,397] {logging_mixin.py:115} INFO - [2023-01-04 08:13:23,397] {dagbag.py:507} INFO - Filling up the DagBag from /home/gustavo/Documents/etl_api_twitter/venv/lib/python3.9/site-packages/airflow/example_dags/example_python_operator.py
[2023-01-04 08:13:23,444] {logging_mixin.py:115} INFO - [2023-01-04 08:13:23,444] {example_python_operator.py:68} WARNING - The virtalenv_python example task requires virtualenv, please install it.
[2023-01-04 08:13:23,445] {processor.py:651} INFO - DAG(s) dict_keys(['example_python_operator']) retrieved from /home/gustavo/Documents/etl_api_twitter/venv/lib/python3.9/site-packages/airflow/example_dags/example_python_operator.py
[2023-01-04 08:13:23,488] {logging_mixin.py:115} INFO - [2023-01-04 08:13:23,488] {dag.py:2379} INFO - Sync 1 DAGs
[2023-01-04 08:13:23,503] {logging_mixin.py:115} INFO - [2023-01-04 08:13:23,503] {dag.py:2927} INFO - Setting next_dagrun for example_python_operator to None, run_after=None
[2023-01-04 08:13:23,516] {processor.py:161} INFO - Processing /home/gustavo/Documents/etl_api_twitter/venv/lib/python3.9/site-packages/airflow/example_dags/example_python_operator.py took 0.128 seconds
[2023-01-04 08:13:58,235] {processor.py:153} INFO - Started process (PID=4268) to work on /home/gustavo/Documents/etl_api_twitter/venv/lib/python3.9/site-packages/airflow/example_dags/example_python_operator.py
[2023-01-04 08:13:58,236] {processor.py:641} INFO - Processing file /home/gustavo/Documents/etl_api_twitter/venv/lib/python3.9/site-packages/airflow/example_dags/example_python_operator.py for tasks to queue
[2023-01-04 08:13:58,236] {logging_mixin.py:115} INFO - [2023-01-04 08:13:58,236] {dagbag.py:507} INFO - Filling up the DagBag from /home/gustavo/Documents/etl_api_twitter/venv/lib/python3.9/site-packages/airflow/example_dags/example_python_operator.py
[2023-01-04 08:13:58,249] {logging_mixin.py:115} INFO - [2023-01-04 08:13:58,249] {example_python_operator.py:68} WARNING - The virtalenv_python example task requires virtualenv, please install it.
[2023-01-04 08:13:58,250] {processor.py:651} INFO - DAG(s) dict_keys(['example_python_operator']) retrieved from /home/gustavo/Documents/etl_api_twitter/venv/lib/python3.9/site-packages/airflow/example_dags/example_python_operator.py
[2023-01-04 08:13:58,263] {logging_mixin.py:115} INFO - [2023-01-04 08:13:58,263] {dag.py:2379} INFO - Sync 1 DAGs
[2023-01-04 08:13:58,275] {logging_mixin.py:115} INFO - [2023-01-04 08:13:58,275] {dag.py:2927} INFO - Setting next_dagrun for example_python_operator to None, run_after=None
[2023-01-04 08:13:58,291] {processor.py:161} INFO - Processing /home/gustavo/Documents/etl_api_twitter/venv/lib/python3.9/site-packages/airflow/example_dags/example_python_operator.py took 0.060 seconds
[2023-01-04 08:14:33,592] {processor.py:153} INFO - Started process (PID=4416) to work on /home/gustavo/Documents/etl_api_twitter/venv/lib/python3.9/site-packages/airflow/example_dags/example_python_operator.py
[2023-01-04 08:14:33,593] {processor.py:641} INFO - Processing file /home/gustavo/Documents/etl_api_twitter/venv/lib/python3.9/site-packages/airflow/example_dags/example_python_operator.py for tasks to queue
[2023-01-04 08:14:33,593] {logging_mixin.py:115} INFO - [2023-01-04 08:14:33,593] {dagbag.py:507} INFO - Filling up the DagBag from /home/gustavo/Documents/etl_api_twitter/venv/lib/python3.9/site-packages/airflow/example_dags/example_python_operator.py
[2023-01-04 08:14:33,607] {logging_mixin.py:115} INFO - [2023-01-04 08:14:33,607] {example_python_operator.py:68} WARNING - The virtalenv_python example task requires virtualenv, please install it.
[2023-01-04 08:14:33,609] {processor.py:651} INFO - DAG(s) dict_keys(['example_python_operator']) retrieved from /home/gustavo/Documents/etl_api_twitter/venv/lib/python3.9/site-packages/airflow/example_dags/example_python_operator.py
[2023-01-04 08:14:33,634] {logging_mixin.py:115} INFO - [2023-01-04 08:14:33,634] {dag.py:2379} INFO - Sync 1 DAGs
[2023-01-04 08:14:33,650] {logging_mixin.py:115} INFO - [2023-01-04 08:14:33,650] {dag.py:2927} INFO - Setting next_dagrun for example_python_operator to None, run_after=None
[2023-01-04 08:14:33,672] {processor.py:161} INFO - Processing /home/gustavo/Documents/etl_api_twitter/venv/lib/python3.9/site-packages/airflow/example_dags/example_python_operator.py took 0.084 seconds
[2023-01-04 08:15:07,221] {processor.py:153} INFO - Started process (PID=4501) to work on /home/gustavo/Documents/etl_api_twitter/venv/lib/python3.9/site-packages/airflow/example_dags/example_python_operator.py
[2023-01-04 08:15:07,223] {processor.py:641} INFO - Processing file /home/gustavo/Documents/etl_api_twitter/venv/lib/python3.9/site-packages/airflow/example_dags/example_python_operator.py for tasks to queue
[2023-01-04 08:15:07,224] {logging_mixin.py:115} INFO - [2023-01-04 08:15:07,224] {dagbag.py:507} INFO - Filling up the DagBag from /home/gustavo/Documents/etl_api_twitter/venv/lib/python3.9/site-packages/airflow/example_dags/example_python_operator.py
[2023-01-04 08:15:07,248] {logging_mixin.py:115} INFO - [2023-01-04 08:15:07,248] {example_python_operator.py:68} WARNING - The virtalenv_python example task requires virtualenv, please install it.
[2023-01-04 08:15:07,249] {processor.py:651} INFO - DAG(s) dict_keys(['example_python_operator']) retrieved from /home/gustavo/Documents/etl_api_twitter/venv/lib/python3.9/site-packages/airflow/example_dags/example_python_operator.py
[2023-01-04 08:15:07,274] {logging_mixin.py:115} INFO - [2023-01-04 08:15:07,274] {dag.py:2379} INFO - Sync 1 DAGs
[2023-01-04 08:15:07,300] {logging_mixin.py:115} INFO - [2023-01-04 08:15:07,300] {dag.py:2927} INFO - Setting next_dagrun for example_python_operator to None, run_after=None
[2023-01-04 08:15:07,312] {processor.py:161} INFO - Processing /home/gustavo/Documents/etl_api_twitter/venv/lib/python3.9/site-packages/airflow/example_dags/example_python_operator.py took 0.097 seconds
[2023-01-04 08:15:39,923] {processor.py:153} INFO - Started process (PID=4737) to work on /home/gustavo/Documents/etl_api_twitter/venv/lib/python3.9/site-packages/airflow/example_dags/example_python_operator.py
[2023-01-04 08:15:39,925] {processor.py:641} INFO - Processing file /home/gustavo/Documents/etl_api_twitter/venv/lib/python3.9/site-packages/airflow/example_dags/example_python_operator.py for tasks to queue
[2023-01-04 08:15:39,926] {logging_mixin.py:115} INFO - [2023-01-04 08:15:39,926] {dagbag.py:507} INFO - Filling up the DagBag from /home/gustavo/Documents/etl_api_twitter/venv/lib/python3.9/site-packages/airflow/example_dags/example_python_operator.py
[2023-01-04 08:15:39,951] {logging_mixin.py:115} INFO - [2023-01-04 08:15:39,951] {example_python_operator.py:68} WARNING - The virtalenv_python example task requires virtualenv, please install it.
[2023-01-04 08:15:39,951] {processor.py:651} INFO - DAG(s) dict_keys(['example_python_operator']) retrieved from /home/gustavo/Documents/etl_api_twitter/venv/lib/python3.9/site-packages/airflow/example_dags/example_python_operator.py
[2023-01-04 08:15:39,980] {logging_mixin.py:115} INFO - [2023-01-04 08:15:39,980] {dag.py:2379} INFO - Sync 1 DAGs
[2023-01-04 08:15:40,000] {logging_mixin.py:115} INFO - [2023-01-04 08:15:39,999] {dag.py:2927} INFO - Setting next_dagrun for example_python_operator to None, run_after=None
[2023-01-04 08:15:40,013] {processor.py:161} INFO - Processing /home/gustavo/Documents/etl_api_twitter/venv/lib/python3.9/site-packages/airflow/example_dags/example_python_operator.py took 0.097 seconds
[2023-01-04 08:16:13,851] {processor.py:153} INFO - Started process (PID=4954) to work on /home/gustavo/Documents/etl_api_twitter/venv/lib/python3.9/site-packages/airflow/example_dags/example_python_operator.py
[2023-01-04 08:16:13,852] {processor.py:641} INFO - Processing file /home/gustavo/Documents/etl_api_twitter/venv/lib/python3.9/site-packages/airflow/example_dags/example_python_operator.py for tasks to queue
[2023-01-04 08:16:13,853] {logging_mixin.py:115} INFO - [2023-01-04 08:16:13,853] {dagbag.py:507} INFO - Filling up the DagBag from /home/gustavo/Documents/etl_api_twitter/venv/lib/python3.9/site-packages/airflow/example_dags/example_python_operator.py
[2023-01-04 08:16:13,873] {logging_mixin.py:115} INFO - [2023-01-04 08:16:13,873] {example_python_operator.py:68} WARNING - The virtalenv_python example task requires virtualenv, please install it.
[2023-01-04 08:16:13,873] {processor.py:651} INFO - DAG(s) dict_keys(['example_python_operator']) retrieved from /home/gustavo/Documents/etl_api_twitter/venv/lib/python3.9/site-packages/airflow/example_dags/example_python_operator.py
[2023-01-04 08:16:13,890] {logging_mixin.py:115} INFO - [2023-01-04 08:16:13,890] {dag.py:2379} INFO - Sync 1 DAGs
[2023-01-04 08:16:13,911] {logging_mixin.py:115} INFO - [2023-01-04 08:16:13,911] {dag.py:2927} INFO - Setting next_dagrun for example_python_operator to None, run_after=None
[2023-01-04 08:16:13,929] {processor.py:161} INFO - Processing /home/gustavo/Documents/etl_api_twitter/venv/lib/python3.9/site-packages/airflow/example_dags/example_python_operator.py took 0.081 seconds
[2023-01-04 08:16:49,875] {processor.py:153} INFO - Started process (PID=5158) to work on /home/gustavo/Documents/etl_api_twitter/venv/lib/python3.9/site-packages/airflow/example_dags/example_python_operator.py
[2023-01-04 08:16:49,877] {processor.py:641} INFO - Processing file /home/gustavo/Documents/etl_api_twitter/venv/lib/python3.9/site-packages/airflow/example_dags/example_python_operator.py for tasks to queue
[2023-01-04 08:16:49,878] {logging_mixin.py:115} INFO - [2023-01-04 08:16:49,878] {dagbag.py:507} INFO - Filling up the DagBag from /home/gustavo/Documents/etl_api_twitter/venv/lib/python3.9/site-packages/airflow/example_dags/example_python_operator.py
[2023-01-04 08:16:49,896] {logging_mixin.py:115} INFO - [2023-01-04 08:16:49,896] {example_python_operator.py:68} WARNING - The virtalenv_python example task requires virtualenv, please install it.
[2023-01-04 08:16:49,896] {processor.py:651} INFO - DAG(s) dict_keys(['example_python_operator']) retrieved from /home/gustavo/Documents/etl_api_twitter/venv/lib/python3.9/site-packages/airflow/example_dags/example_python_operator.py
[2023-01-04 08:16:49,918] {logging_mixin.py:115} INFO - [2023-01-04 08:16:49,918] {dag.py:2379} INFO - Sync 1 DAGs
[2023-01-04 08:16:49,933] {logging_mixin.py:115} INFO - [2023-01-04 08:16:49,933] {dag.py:2927} INFO - Setting next_dagrun for example_python_operator to None, run_after=None
[2023-01-04 08:16:49,944] {processor.py:161} INFO - Processing /home/gustavo/Documents/etl_api_twitter/venv/lib/python3.9/site-packages/airflow/example_dags/example_python_operator.py took 0.074 seconds
[2023-01-04 08:17:24,707] {processor.py:153} INFO - Started process (PID=5365) to work on /home/gustavo/Documents/etl_api_twitter/venv/lib/python3.9/site-packages/airflow/example_dags/example_python_operator.py
[2023-01-04 08:17:24,709] {processor.py:641} INFO - Processing file /home/gustavo/Documents/etl_api_twitter/venv/lib/python3.9/site-packages/airflow/example_dags/example_python_operator.py for tasks to queue
[2023-01-04 08:17:24,710] {logging_mixin.py:115} INFO - [2023-01-04 08:17:24,710] {dagbag.py:507} INFO - Filling up the DagBag from /home/gustavo/Documents/etl_api_twitter/venv/lib/python3.9/site-packages/airflow/example_dags/example_python_operator.py
[2023-01-04 08:17:24,738] {logging_mixin.py:115} INFO - [2023-01-04 08:17:24,738] {example_python_operator.py:68} WARNING - The virtalenv_python example task requires virtualenv, please install it.
[2023-01-04 08:17:24,738] {processor.py:651} INFO - DAG(s) dict_keys(['example_python_operator']) retrieved from /home/gustavo/Documents/etl_api_twitter/venv/lib/python3.9/site-packages/airflow/example_dags/example_python_operator.py
[2023-01-04 08:17:24,752] {logging_mixin.py:115} INFO - [2023-01-04 08:17:24,752] {dag.py:2379} INFO - Sync 1 DAGs
[2023-01-04 08:17:24,769] {logging_mixin.py:115} INFO - [2023-01-04 08:17:24,768] {dag.py:2927} INFO - Setting next_dagrun for example_python_operator to None, run_after=None
[2023-01-04 08:17:24,787] {processor.py:161} INFO - Processing /home/gustavo/Documents/etl_api_twitter/venv/lib/python3.9/site-packages/airflow/example_dags/example_python_operator.py took 0.083 seconds
[2023-01-04 08:17:58,999] {processor.py:153} INFO - Started process (PID=5552) to work on /home/gustavo/Documents/etl_api_twitter/venv/lib/python3.9/site-packages/airflow/example_dags/example_python_operator.py
[2023-01-04 08:17:59,001] {processor.py:641} INFO - Processing file /home/gustavo/Documents/etl_api_twitter/venv/lib/python3.9/site-packages/airflow/example_dags/example_python_operator.py for tasks to queue
[2023-01-04 08:17:59,002] {logging_mixin.py:115} INFO - [2023-01-04 08:17:59,002] {dagbag.py:507} INFO - Filling up the DagBag from /home/gustavo/Documents/etl_api_twitter/venv/lib/python3.9/site-packages/airflow/example_dags/example_python_operator.py
[2023-01-04 08:17:59,036] {logging_mixin.py:115} INFO - [2023-01-04 08:17:59,036] {example_python_operator.py:68} WARNING - The virtalenv_python example task requires virtualenv, please install it.
[2023-01-04 08:17:59,036] {processor.py:651} INFO - DAG(s) dict_keys(['example_python_operator']) retrieved from /home/gustavo/Documents/etl_api_twitter/venv/lib/python3.9/site-packages/airflow/example_dags/example_python_operator.py
[2023-01-04 08:17:59,064] {logging_mixin.py:115} INFO - [2023-01-04 08:17:59,064] {dag.py:2379} INFO - Sync 1 DAGs
[2023-01-04 08:17:59,091] {logging_mixin.py:115} INFO - [2023-01-04 08:17:59,090] {dag.py:2927} INFO - Setting next_dagrun for example_python_operator to None, run_after=None
[2023-01-04 08:17:59,101] {processor.py:161} INFO - Processing /home/gustavo/Documents/etl_api_twitter/venv/lib/python3.9/site-packages/airflow/example_dags/example_python_operator.py took 0.109 seconds
[2023-01-04 08:18:35,273] {processor.py:153} INFO - Started process (PID=5762) to work on /home/gustavo/Documents/etl_api_twitter/venv/lib/python3.9/site-packages/airflow/example_dags/example_python_operator.py
[2023-01-04 08:18:35,275] {processor.py:641} INFO - Processing file /home/gustavo/Documents/etl_api_twitter/venv/lib/python3.9/site-packages/airflow/example_dags/example_python_operator.py for tasks to queue
[2023-01-04 08:18:35,276] {logging_mixin.py:115} INFO - [2023-01-04 08:18:35,276] {dagbag.py:507} INFO - Filling up the DagBag from /home/gustavo/Documents/etl_api_twitter/venv/lib/python3.9/site-packages/airflow/example_dags/example_python_operator.py
[2023-01-04 08:18:35,316] {logging_mixin.py:115} INFO - [2023-01-04 08:18:35,316] {example_python_operator.py:68} WARNING - The virtalenv_python example task requires virtualenv, please install it.
[2023-01-04 08:18:35,317] {processor.py:651} INFO - DAG(s) dict_keys(['example_python_operator']) retrieved from /home/gustavo/Documents/etl_api_twitter/venv/lib/python3.9/site-packages/airflow/example_dags/example_python_operator.py
[2023-01-04 08:18:35,350] {logging_mixin.py:115} INFO - [2023-01-04 08:18:35,350] {dag.py:2379} INFO - Sync 1 DAGs
[2023-01-04 08:18:35,372] {logging_mixin.py:115} INFO - [2023-01-04 08:18:35,372] {dag.py:2927} INFO - Setting next_dagrun for example_python_operator to None, run_after=None
[2023-01-04 08:18:35,383] {processor.py:161} INFO - Processing /home/gustavo/Documents/etl_api_twitter/venv/lib/python3.9/site-packages/airflow/example_dags/example_python_operator.py took 0.116 seconds
[2023-01-04 08:19:10,402] {processor.py:153} INFO - Started process (PID=5965) to work on /home/gustavo/Documents/etl_api_twitter/venv/lib/python3.9/site-packages/airflow/example_dags/example_python_operator.py
[2023-01-04 08:19:10,404] {processor.py:641} INFO - Processing file /home/gustavo/Documents/etl_api_twitter/venv/lib/python3.9/site-packages/airflow/example_dags/example_python_operator.py for tasks to queue
[2023-01-04 08:19:10,404] {logging_mixin.py:115} INFO - [2023-01-04 08:19:10,404] {dagbag.py:507} INFO - Filling up the DagBag from /home/gustavo/Documents/etl_api_twitter/venv/lib/python3.9/site-packages/airflow/example_dags/example_python_operator.py
[2023-01-04 08:19:10,441] {logging_mixin.py:115} INFO - [2023-01-04 08:19:10,440] {example_python_operator.py:68} WARNING - The virtalenv_python example task requires virtualenv, please install it.
[2023-01-04 08:19:10,441] {processor.py:651} INFO - DAG(s) dict_keys(['example_python_operator']) retrieved from /home/gustavo/Documents/etl_api_twitter/venv/lib/python3.9/site-packages/airflow/example_dags/example_python_operator.py
[2023-01-04 08:19:10,472] {logging_mixin.py:115} INFO - [2023-01-04 08:19:10,471] {dag.py:2379} INFO - Sync 1 DAGs
[2023-01-04 08:19:10,505] {logging_mixin.py:115} INFO - [2023-01-04 08:19:10,505] {dag.py:2927} INFO - Setting next_dagrun for example_python_operator to None, run_after=None
[2023-01-04 08:19:10,521] {processor.py:161} INFO - Processing /home/gustavo/Documents/etl_api_twitter/venv/lib/python3.9/site-packages/airflow/example_dags/example_python_operator.py took 0.126 seconds
[2023-01-04 08:19:49,113] {processor.py:153} INFO - Started process (PID=6199) to work on /home/gustavo/Documents/etl_api_twitter/venv/lib/python3.9/site-packages/airflow/example_dags/example_python_operator.py
[2023-01-04 08:19:49,116] {processor.py:641} INFO - Processing file /home/gustavo/Documents/etl_api_twitter/venv/lib/python3.9/site-packages/airflow/example_dags/example_python_operator.py for tasks to queue
[2023-01-04 08:19:49,119] {logging_mixin.py:115} INFO - [2023-01-04 08:19:49,118] {dagbag.py:507} INFO - Filling up the DagBag from /home/gustavo/Documents/etl_api_twitter/venv/lib/python3.9/site-packages/airflow/example_dags/example_python_operator.py
[2023-01-04 08:19:49,144] {logging_mixin.py:115} INFO - [2023-01-04 08:19:49,144] {example_python_operator.py:68} WARNING - The virtalenv_python example task requires virtualenv, please install it.
[2023-01-04 08:19:49,145] {processor.py:651} INFO - DAG(s) dict_keys(['example_python_operator']) retrieved from /home/gustavo/Documents/etl_api_twitter/venv/lib/python3.9/site-packages/airflow/example_dags/example_python_operator.py
[2023-01-04 08:19:49,165] {logging_mixin.py:115} INFO - [2023-01-04 08:19:49,165] {dag.py:2379} INFO - Sync 1 DAGs
[2023-01-04 08:19:49,183] {logging_mixin.py:115} INFO - [2023-01-04 08:19:49,183] {dag.py:2927} INFO - Setting next_dagrun for example_python_operator to None, run_after=None
[2023-01-04 08:19:49,199] {processor.py:161} INFO - Processing /home/gustavo/Documents/etl_api_twitter/venv/lib/python3.9/site-packages/airflow/example_dags/example_python_operator.py took 0.091 seconds
[2023-01-04 08:20:25,266] {processor.py:153} INFO - Started process (PID=6407) to work on /home/gustavo/Documents/etl_api_twitter/venv/lib/python3.9/site-packages/airflow/example_dags/example_python_operator.py
[2023-01-04 08:20:25,266] {processor.py:641} INFO - Processing file /home/gustavo/Documents/etl_api_twitter/venv/lib/python3.9/site-packages/airflow/example_dags/example_python_operator.py for tasks to queue
[2023-01-04 08:20:25,267] {logging_mixin.py:115} INFO - [2023-01-04 08:20:25,267] {dagbag.py:507} INFO - Filling up the DagBag from /home/gustavo/Documents/etl_api_twitter/venv/lib/python3.9/site-packages/airflow/example_dags/example_python_operator.py
[2023-01-04 08:20:25,280] {logging_mixin.py:115} INFO - [2023-01-04 08:20:25,280] {example_python_operator.py:68} WARNING - The virtalenv_python example task requires virtualenv, please install it.
[2023-01-04 08:20:25,280] {processor.py:651} INFO - DAG(s) dict_keys(['example_python_operator']) retrieved from /home/gustavo/Documents/etl_api_twitter/venv/lib/python3.9/site-packages/airflow/example_dags/example_python_operator.py
[2023-01-04 08:20:25,298] {logging_mixin.py:115} INFO - [2023-01-04 08:20:25,298] {dag.py:2379} INFO - Sync 1 DAGs
[2023-01-04 08:20:25,315] {logging_mixin.py:115} INFO - [2023-01-04 08:20:25,314] {dag.py:2927} INFO - Setting next_dagrun for example_python_operator to None, run_after=None
[2023-01-04 08:20:25,325] {processor.py:161} INFO - Processing /home/gustavo/Documents/etl_api_twitter/venv/lib/python3.9/site-packages/airflow/example_dags/example_python_operator.py took 0.062 seconds
[2023-01-04 08:20:59,376] {processor.py:153} INFO - Started process (PID=6666) to work on /home/gustavo/Documents/etl_api_twitter/venv/lib/python3.9/site-packages/airflow/example_dags/example_python_operator.py
[2023-01-04 08:20:59,377] {processor.py:641} INFO - Processing file /home/gustavo/Documents/etl_api_twitter/venv/lib/python3.9/site-packages/airflow/example_dags/example_python_operator.py for tasks to queue
[2023-01-04 08:20:59,378] {logging_mixin.py:115} INFO - [2023-01-04 08:20:59,378] {dagbag.py:507} INFO - Filling up the DagBag from /home/gustavo/Documents/etl_api_twitter/venv/lib/python3.9/site-packages/airflow/example_dags/example_python_operator.py
[2023-01-04 08:20:59,407] {logging_mixin.py:115} INFO - [2023-01-04 08:20:59,407] {example_python_operator.py:68} WARNING - The virtalenv_python example task requires virtualenv, please install it.
[2023-01-04 08:20:59,407] {processor.py:651} INFO - DAG(s) dict_keys(['example_python_operator']) retrieved from /home/gustavo/Documents/etl_api_twitter/venv/lib/python3.9/site-packages/airflow/example_dags/example_python_operator.py
[2023-01-04 08:20:59,426] {logging_mixin.py:115} INFO - [2023-01-04 08:20:59,426] {dag.py:2379} INFO - Sync 1 DAGs
[2023-01-04 08:20:59,447] {logging_mixin.py:115} INFO - [2023-01-04 08:20:59,447] {dag.py:2927} INFO - Setting next_dagrun for example_python_operator to None, run_after=None
[2023-01-04 08:20:59,456] {processor.py:161} INFO - Processing /home/gustavo/Documents/etl_api_twitter/venv/lib/python3.9/site-packages/airflow/example_dags/example_python_operator.py took 0.086 seconds
[2023-01-04 08:21:33,967] {processor.py:153} INFO - Started process (PID=6846) to work on /home/gustavo/Documents/etl_api_twitter/venv/lib/python3.9/site-packages/airflow/example_dags/example_python_operator.py
[2023-01-04 08:21:33,968] {processor.py:641} INFO - Processing file /home/gustavo/Documents/etl_api_twitter/venv/lib/python3.9/site-packages/airflow/example_dags/example_python_operator.py for tasks to queue
[2023-01-04 08:21:33,969] {logging_mixin.py:115} INFO - [2023-01-04 08:21:33,969] {dagbag.py:507} INFO - Filling up the DagBag from /home/gustavo/Documents/etl_api_twitter/venv/lib/python3.9/site-packages/airflow/example_dags/example_python_operator.py
[2023-01-04 08:21:33,991] {logging_mixin.py:115} INFO - [2023-01-04 08:21:33,991] {example_python_operator.py:68} WARNING - The virtalenv_python example task requires virtualenv, please install it.
[2023-01-04 08:21:33,992] {processor.py:651} INFO - DAG(s) dict_keys(['example_python_operator']) retrieved from /home/gustavo/Documents/etl_api_twitter/venv/lib/python3.9/site-packages/airflow/example_dags/example_python_operator.py
[2023-01-04 08:21:34,022] {logging_mixin.py:115} INFO - [2023-01-04 08:21:34,021] {dag.py:2379} INFO - Sync 1 DAGs
[2023-01-04 08:21:34,051] {logging_mixin.py:115} INFO - [2023-01-04 08:21:34,051] {dag.py:2927} INFO - Setting next_dagrun for example_python_operator to None, run_after=None
[2023-01-04 08:21:34,079] {processor.py:161} INFO - Processing /home/gustavo/Documents/etl_api_twitter/venv/lib/python3.9/site-packages/airflow/example_dags/example_python_operator.py took 0.117 seconds
[2023-01-04 08:22:10,203] {processor.py:153} INFO - Started process (PID=7052) to work on /home/gustavo/Documents/etl_api_twitter/venv/lib/python3.9/site-packages/airflow/example_dags/example_python_operator.py
[2023-01-04 08:22:10,205] {processor.py:641} INFO - Processing file /home/gustavo/Documents/etl_api_twitter/venv/lib/python3.9/site-packages/airflow/example_dags/example_python_operator.py for tasks to queue
[2023-01-04 08:22:10,206] {logging_mixin.py:115} INFO - [2023-01-04 08:22:10,206] {dagbag.py:507} INFO - Filling up the DagBag from /home/gustavo/Documents/etl_api_twitter/venv/lib/python3.9/site-packages/airflow/example_dags/example_python_operator.py
[2023-01-04 08:22:10,227] {logging_mixin.py:115} INFO - [2023-01-04 08:22:10,227] {example_python_operator.py:68} WARNING - The virtalenv_python example task requires virtualenv, please install it.
[2023-01-04 08:22:10,228] {processor.py:651} INFO - DAG(s) dict_keys(['example_python_operator']) retrieved from /home/gustavo/Documents/etl_api_twitter/venv/lib/python3.9/site-packages/airflow/example_dags/example_python_operator.py
[2023-01-04 08:22:10,254] {logging_mixin.py:115} INFO - [2023-01-04 08:22:10,254] {dag.py:2379} INFO - Sync 1 DAGs
[2023-01-04 08:22:10,279] {logging_mixin.py:115} INFO - [2023-01-04 08:22:10,279] {dag.py:2927} INFO - Setting next_dagrun for example_python_operator to None, run_after=None
[2023-01-04 08:22:10,300] {processor.py:161} INFO - Processing /home/gustavo/Documents/etl_api_twitter/venv/lib/python3.9/site-packages/airflow/example_dags/example_python_operator.py took 0.104 seconds
[2023-01-04 08:22:44,087] {processor.py:153} INFO - Started process (PID=7263) to work on /home/gustavo/Documents/etl_api_twitter/venv/lib/python3.9/site-packages/airflow/example_dags/example_python_operator.py
[2023-01-04 08:22:44,089] {processor.py:641} INFO - Processing file /home/gustavo/Documents/etl_api_twitter/venv/lib/python3.9/site-packages/airflow/example_dags/example_python_operator.py for tasks to queue
[2023-01-04 08:22:44,090] {logging_mixin.py:115} INFO - [2023-01-04 08:22:44,090] {dagbag.py:507} INFO - Filling up the DagBag from /home/gustavo/Documents/etl_api_twitter/venv/lib/python3.9/site-packages/airflow/example_dags/example_python_operator.py
[2023-01-04 08:22:44,115] {logging_mixin.py:115} INFO - [2023-01-04 08:22:44,115] {example_python_operator.py:68} WARNING - The virtalenv_python example task requires virtualenv, please install it.
[2023-01-04 08:22:44,116] {processor.py:651} INFO - DAG(s) dict_keys(['example_python_operator']) retrieved from /home/gustavo/Documents/etl_api_twitter/venv/lib/python3.9/site-packages/airflow/example_dags/example_python_operator.py
[2023-01-04 08:22:44,138] {logging_mixin.py:115} INFO - [2023-01-04 08:22:44,138] {dag.py:2379} INFO - Sync 1 DAGs
[2023-01-04 08:22:44,171] {logging_mixin.py:115} INFO - [2023-01-04 08:22:44,171] {dag.py:2927} INFO - Setting next_dagrun for example_python_operator to None, run_after=None
[2023-01-04 08:22:44,185] {processor.py:161} INFO - Processing /home/gustavo/Documents/etl_api_twitter/venv/lib/python3.9/site-packages/airflow/example_dags/example_python_operator.py took 0.102 seconds
[2023-01-04 08:23:18,118] {processor.py:153} INFO - Started process (PID=7473) to work on /home/gustavo/Documents/etl_api_twitter/venv/lib/python3.9/site-packages/airflow/example_dags/example_python_operator.py
[2023-01-04 08:23:18,119] {processor.py:641} INFO - Processing file /home/gustavo/Documents/etl_api_twitter/venv/lib/python3.9/site-packages/airflow/example_dags/example_python_operator.py for tasks to queue
[2023-01-04 08:23:18,120] {logging_mixin.py:115} INFO - [2023-01-04 08:23:18,120] {dagbag.py:507} INFO - Filling up the DagBag from /home/gustavo/Documents/etl_api_twitter/venv/lib/python3.9/site-packages/airflow/example_dags/example_python_operator.py
[2023-01-04 08:23:18,140] {logging_mixin.py:115} INFO - [2023-01-04 08:23:18,140] {example_python_operator.py:68} WARNING - The virtalenv_python example task requires virtualenv, please install it.
[2023-01-04 08:23:18,141] {processor.py:651} INFO - DAG(s) dict_keys(['example_python_operator']) retrieved from /home/gustavo/Documents/etl_api_twitter/venv/lib/python3.9/site-packages/airflow/example_dags/example_python_operator.py
[2023-01-04 08:23:18,162] {logging_mixin.py:115} INFO - [2023-01-04 08:23:18,161] {dag.py:2379} INFO - Sync 1 DAGs
[2023-01-04 08:23:18,183] {logging_mixin.py:115} INFO - [2023-01-04 08:23:18,183] {dag.py:2927} INFO - Setting next_dagrun for example_python_operator to None, run_after=None
[2023-01-04 08:23:18,196] {processor.py:161} INFO - Processing /home/gustavo/Documents/etl_api_twitter/venv/lib/python3.9/site-packages/airflow/example_dags/example_python_operator.py took 0.082 seconds
[2023-01-04 08:23:53,780] {processor.py:153} INFO - Started process (PID=7678) to work on /home/gustavo/Documents/etl_api_twitter/venv/lib/python3.9/site-packages/airflow/example_dags/example_python_operator.py
[2023-01-04 08:23:53,782] {processor.py:641} INFO - Processing file /home/gustavo/Documents/etl_api_twitter/venv/lib/python3.9/site-packages/airflow/example_dags/example_python_operator.py for tasks to queue
[2023-01-04 08:23:53,783] {logging_mixin.py:115} INFO - [2023-01-04 08:23:53,783] {dagbag.py:507} INFO - Filling up the DagBag from /home/gustavo/Documents/etl_api_twitter/venv/lib/python3.9/site-packages/airflow/example_dags/example_python_operator.py
[2023-01-04 08:23:53,808] {logging_mixin.py:115} INFO - [2023-01-04 08:23:53,808] {example_python_operator.py:68} WARNING - The virtalenv_python example task requires virtualenv, please install it.
[2023-01-04 08:23:53,809] {processor.py:651} INFO - DAG(s) dict_keys(['example_python_operator']) retrieved from /home/gustavo/Documents/etl_api_twitter/venv/lib/python3.9/site-packages/airflow/example_dags/example_python_operator.py
[2023-01-04 08:23:53,832] {logging_mixin.py:115} INFO - [2023-01-04 08:23:53,831] {dag.py:2379} INFO - Sync 1 DAGs
[2023-01-04 08:23:53,845] {logging_mixin.py:115} INFO - [2023-01-04 08:23:53,845] {dag.py:2927} INFO - Setting next_dagrun for example_python_operator to None, run_after=None
[2023-01-04 08:23:53,856] {processor.py:161} INFO - Processing /home/gustavo/Documents/etl_api_twitter/venv/lib/python3.9/site-packages/airflow/example_dags/example_python_operator.py took 0.086 seconds
[2023-01-04 08:24:28,945] {processor.py:153} INFO - Started process (PID=7883) to work on /home/gustavo/Documents/etl_api_twitter/venv/lib/python3.9/site-packages/airflow/example_dags/example_python_operator.py
[2023-01-04 08:24:28,946] {processor.py:641} INFO - Processing file /home/gustavo/Documents/etl_api_twitter/venv/lib/python3.9/site-packages/airflow/example_dags/example_python_operator.py for tasks to queue
[2023-01-04 08:24:28,948] {logging_mixin.py:115} INFO - [2023-01-04 08:24:28,948] {dagbag.py:507} INFO - Filling up the DagBag from /home/gustavo/Documents/etl_api_twitter/venv/lib/python3.9/site-packages/airflow/example_dags/example_python_operator.py
[2023-01-04 08:24:28,975] {logging_mixin.py:115} INFO - [2023-01-04 08:24:28,975] {example_python_operator.py:68} WARNING - The virtalenv_python example task requires virtualenv, please install it.
[2023-01-04 08:24:28,975] {processor.py:651} INFO - DAG(s) dict_keys(['example_python_operator']) retrieved from /home/gustavo/Documents/etl_api_twitter/venv/lib/python3.9/site-packages/airflow/example_dags/example_python_operator.py
[2023-01-04 08:24:28,998] {logging_mixin.py:115} INFO - [2023-01-04 08:24:28,998] {dag.py:2379} INFO - Sync 1 DAGs
[2023-01-04 08:24:29,022] {logging_mixin.py:115} INFO - [2023-01-04 08:24:29,022] {dag.py:2927} INFO - Setting next_dagrun for example_python_operator to None, run_after=None
[2023-01-04 08:24:29,037] {processor.py:161} INFO - Processing /home/gustavo/Documents/etl_api_twitter/venv/lib/python3.9/site-packages/airflow/example_dags/example_python_operator.py took 0.096 seconds
[2023-01-04 08:25:02,251] {processor.py:153} INFO - Started process (PID=8061) to work on /home/gustavo/Documents/etl_api_twitter/venv/lib/python3.9/site-packages/airflow/example_dags/example_python_operator.py
[2023-01-04 08:25:02,252] {processor.py:641} INFO - Processing file /home/gustavo/Documents/etl_api_twitter/venv/lib/python3.9/site-packages/airflow/example_dags/example_python_operator.py for tasks to queue
[2023-01-04 08:25:02,253] {logging_mixin.py:115} INFO - [2023-01-04 08:25:02,253] {dagbag.py:507} INFO - Filling up the DagBag from /home/gustavo/Documents/etl_api_twitter/venv/lib/python3.9/site-packages/airflow/example_dags/example_python_operator.py
[2023-01-04 08:25:02,268] {logging_mixin.py:115} INFO - [2023-01-04 08:25:02,268] {example_python_operator.py:68} WARNING - The virtalenv_python example task requires virtualenv, please install it.
[2023-01-04 08:25:02,268] {processor.py:651} INFO - DAG(s) dict_keys(['example_python_operator']) retrieved from /home/gustavo/Documents/etl_api_twitter/venv/lib/python3.9/site-packages/airflow/example_dags/example_python_operator.py
[2023-01-04 08:25:02,282] {logging_mixin.py:115} INFO - [2023-01-04 08:25:02,282] {dag.py:2379} INFO - Sync 1 DAGs
[2023-01-04 08:25:02,299] {logging_mixin.py:115} INFO - [2023-01-04 08:25:02,299] {dag.py:2927} INFO - Setting next_dagrun for example_python_operator to None, run_after=None
[2023-01-04 08:25:02,313] {processor.py:161} INFO - Processing /home/gustavo/Documents/etl_api_twitter/venv/lib/python3.9/site-packages/airflow/example_dags/example_python_operator.py took 0.065 seconds
[2023-01-04 08:25:35,398] {processor.py:153} INFO - Started process (PID=8266) to work on /home/gustavo/Documents/etl_api_twitter/venv/lib/python3.9/site-packages/airflow/example_dags/example_python_operator.py
[2023-01-04 08:25:35,399] {processor.py:641} INFO - Processing file /home/gustavo/Documents/etl_api_twitter/venv/lib/python3.9/site-packages/airflow/example_dags/example_python_operator.py for tasks to queue
[2023-01-04 08:25:35,401] {logging_mixin.py:115} INFO - [2023-01-04 08:25:35,400] {dagbag.py:507} INFO - Filling up the DagBag from /home/gustavo/Documents/etl_api_twitter/venv/lib/python3.9/site-packages/airflow/example_dags/example_python_operator.py
[2023-01-04 08:25:35,426] {logging_mixin.py:115} INFO - [2023-01-04 08:25:35,426] {example_python_operator.py:68} WARNING - The virtalenv_python example task requires virtualenv, please install it.
[2023-01-04 08:25:35,430] {processor.py:651} INFO - DAG(s) dict_keys(['example_python_operator']) retrieved from /home/gustavo/Documents/etl_api_twitter/venv/lib/python3.9/site-packages/airflow/example_dags/example_python_operator.py
[2023-01-04 08:25:35,458] {logging_mixin.py:115} INFO - [2023-01-04 08:25:35,458] {dag.py:2379} INFO - Sync 1 DAGs
[2023-01-04 08:25:35,475] {logging_mixin.py:115} INFO - [2023-01-04 08:25:35,475] {dag.py:2927} INFO - Setting next_dagrun for example_python_operator to None, run_after=None
[2023-01-04 08:25:35,486] {processor.py:161} INFO - Processing /home/gustavo/Documents/etl_api_twitter/venv/lib/python3.9/site-packages/airflow/example_dags/example_python_operator.py took 0.094 seconds
[2023-01-04 08:26:12,606] {processor.py:153} INFO - Started process (PID=8527) to work on /home/gustavo/Documents/etl_api_twitter/venv/lib/python3.9/site-packages/airflow/example_dags/example_python_operator.py
[2023-01-04 08:26:12,608] {processor.py:641} INFO - Processing file /home/gustavo/Documents/etl_api_twitter/venv/lib/python3.9/site-packages/airflow/example_dags/example_python_operator.py for tasks to queue
[2023-01-04 08:26:12,609] {logging_mixin.py:115} INFO - [2023-01-04 08:26:12,609] {dagbag.py:507} INFO - Filling up the DagBag from /home/gustavo/Documents/etl_api_twitter/venv/lib/python3.9/site-packages/airflow/example_dags/example_python_operator.py
[2023-01-04 08:26:12,635] {logging_mixin.py:115} INFO - [2023-01-04 08:26:12,635] {example_python_operator.py:68} WARNING - The virtalenv_python example task requires virtualenv, please install it.
[2023-01-04 08:26:12,635] {processor.py:651} INFO - DAG(s) dict_keys(['example_python_operator']) retrieved from /home/gustavo/Documents/etl_api_twitter/venv/lib/python3.9/site-packages/airflow/example_dags/example_python_operator.py
[2023-01-04 08:26:12,653] {logging_mixin.py:115} INFO - [2023-01-04 08:26:12,653] {dag.py:2379} INFO - Sync 1 DAGs
[2023-01-04 08:26:12,671] {logging_mixin.py:115} INFO - [2023-01-04 08:26:12,671] {dag.py:2927} INFO - Setting next_dagrun for example_python_operator to None, run_after=None
[2023-01-04 08:26:12,682] {processor.py:161} INFO - Processing /home/gustavo/Documents/etl_api_twitter/venv/lib/python3.9/site-packages/airflow/example_dags/example_python_operator.py took 0.080 seconds
[2023-01-04 08:26:48,054] {processor.py:153} INFO - Started process (PID=8731) to work on /home/gustavo/Documents/etl_api_twitter/venv/lib/python3.9/site-packages/airflow/example_dags/example_python_operator.py
[2023-01-04 08:26:48,056] {processor.py:641} INFO - Processing file /home/gustavo/Documents/etl_api_twitter/venv/lib/python3.9/site-packages/airflow/example_dags/example_python_operator.py for tasks to queue
[2023-01-04 08:26:48,057] {logging_mixin.py:115} INFO - [2023-01-04 08:26:48,057] {dagbag.py:507} INFO - Filling up the DagBag from /home/gustavo/Documents/etl_api_twitter/venv/lib/python3.9/site-packages/airflow/example_dags/example_python_operator.py
[2023-01-04 08:26:48,091] {logging_mixin.py:115} INFO - [2023-01-04 08:26:48,091] {example_python_operator.py:68} WARNING - The virtalenv_python example task requires virtualenv, please install it.
[2023-01-04 08:26:48,092] {processor.py:651} INFO - DAG(s) dict_keys(['example_python_operator']) retrieved from /home/gustavo/Documents/etl_api_twitter/venv/lib/python3.9/site-packages/airflow/example_dags/example_python_operator.py
[2023-01-04 08:26:48,107] {logging_mixin.py:115} INFO - [2023-01-04 08:26:48,107] {dag.py:2379} INFO - Sync 1 DAGs
[2023-01-04 08:26:48,122] {logging_mixin.py:115} INFO - [2023-01-04 08:26:48,122] {dag.py:2927} INFO - Setting next_dagrun for example_python_operator to None, run_after=None
[2023-01-04 08:26:48,134] {processor.py:161} INFO - Processing /home/gustavo/Documents/etl_api_twitter/venv/lib/python3.9/site-packages/airflow/example_dags/example_python_operator.py took 0.085 seconds
[2023-01-04 08:27:25,684] {processor.py:153} INFO - Started process (PID=8947) to work on /home/gustavo/Documents/etl_api_twitter/venv/lib/python3.9/site-packages/airflow/example_dags/example_python_operator.py
[2023-01-04 08:27:25,686] {processor.py:641} INFO - Processing file /home/gustavo/Documents/etl_api_twitter/venv/lib/python3.9/site-packages/airflow/example_dags/example_python_operator.py for tasks to queue
[2023-01-04 08:27:25,687] {logging_mixin.py:115} INFO - [2023-01-04 08:27:25,687] {dagbag.py:507} INFO - Filling up the DagBag from /home/gustavo/Documents/etl_api_twitter/venv/lib/python3.9/site-packages/airflow/example_dags/example_python_operator.py
[2023-01-04 08:27:25,707] {logging_mixin.py:115} INFO - [2023-01-04 08:27:25,706] {example_python_operator.py:68} WARNING - The virtalenv_python example task requires virtualenv, please install it.
[2023-01-04 08:27:25,707] {processor.py:651} INFO - DAG(s) dict_keys(['example_python_operator']) retrieved from /home/gustavo/Documents/etl_api_twitter/venv/lib/python3.9/site-packages/airflow/example_dags/example_python_operator.py
[2023-01-04 08:27:25,734] {logging_mixin.py:115} INFO - [2023-01-04 08:27:25,734] {dag.py:2379} INFO - Sync 1 DAGs
[2023-01-04 08:27:25,767] {logging_mixin.py:115} INFO - [2023-01-04 08:27:25,767] {dag.py:2927} INFO - Setting next_dagrun for example_python_operator to None, run_after=None
[2023-01-04 08:27:25,785] {processor.py:161} INFO - Processing /home/gustavo/Documents/etl_api_twitter/venv/lib/python3.9/site-packages/airflow/example_dags/example_python_operator.py took 0.108 seconds
