[2023-01-04 08:01:17,255] {processor.py:153} INFO - Started process (PID=28371) to work on /home/gustavo/Documents/etl_api_twitter/venv/lib/python3.9/site-packages/airflow/example_dags/example_branch_operator.py
[2023-01-04 08:01:17,257] {processor.py:641} INFO - Processing file /home/gustavo/Documents/etl_api_twitter/venv/lib/python3.9/site-packages/airflow/example_dags/example_branch_operator.py for tasks to queue
[2023-01-04 08:01:17,258] {logging_mixin.py:115} INFO - [2023-01-04 08:01:17,258] {dagbag.py:507} INFO - Filling up the DagBag from /home/gustavo/Documents/etl_api_twitter/venv/lib/python3.9/site-packages/airflow/example_dags/example_branch_operator.py
[2023-01-04 08:01:17,287] {processor.py:651} INFO - DAG(s) dict_keys(['example_branch_operator']) retrieved from /home/gustavo/Documents/etl_api_twitter/venv/lib/python3.9/site-packages/airflow/example_dags/example_branch_operator.py
[2023-01-04 08:01:17,457] {logging_mixin.py:115} INFO - [2023-01-04 08:01:17,457] {manager.py:508} INFO - Created Permission View: can edit on DAG:example_branch_operator
[2023-01-04 08:01:17,486] {logging_mixin.py:115} INFO - [2023-01-04 08:01:17,486] {manager.py:508} INFO - Created Permission View: can read on DAG:example_branch_operator
[2023-01-04 08:01:17,509] {logging_mixin.py:115} INFO - [2023-01-04 08:01:17,509] {manager.py:508} INFO - Created Permission View: can delete on DAG:example_branch_operator
[2023-01-04 08:01:17,510] {logging_mixin.py:115} INFO - [2023-01-04 08:01:17,510] {dag.py:2379} INFO - Sync 1 DAGs
[2023-01-04 08:01:17,535] {logging_mixin.py:115} INFO - [2023-01-04 08:01:17,535] {dag.py:2398} INFO - Creating ORM DAG for example_branch_operator
[2023-01-04 08:01:17,575] {logging_mixin.py:115} INFO - [2023-01-04 08:01:17,575] {dag.py:2927} INFO - Setting next_dagrun for example_branch_operator to 2023-01-03T00:00:00+00:00, run_after=2023-01-04T00:00:00+00:00
[2023-01-04 08:01:17,620] {processor.py:161} INFO - Processing /home/gustavo/Documents/etl_api_twitter/venv/lib/python3.9/site-packages/airflow/example_dags/example_branch_operator.py took 0.379 seconds
[2023-01-04 08:01:54,937] {processor.py:153} INFO - Started process (PID=28594) to work on /home/gustavo/Documents/etl_api_twitter/venv/lib/python3.9/site-packages/airflow/example_dags/example_branch_operator.py
[2023-01-04 08:01:54,939] {processor.py:641} INFO - Processing file /home/gustavo/Documents/etl_api_twitter/venv/lib/python3.9/site-packages/airflow/example_dags/example_branch_operator.py for tasks to queue
[2023-01-04 08:01:54,941] {logging_mixin.py:115} INFO - [2023-01-04 08:01:54,940] {dagbag.py:507} INFO - Filling up the DagBag from /home/gustavo/Documents/etl_api_twitter/venv/lib/python3.9/site-packages/airflow/example_dags/example_branch_operator.py
[2023-01-04 08:01:54,967] {processor.py:651} INFO - DAG(s) dict_keys(['example_branch_operator']) retrieved from /home/gustavo/Documents/etl_api_twitter/venv/lib/python3.9/site-packages/airflow/example_dags/example_branch_operator.py
[2023-01-04 08:01:55,001] {logging_mixin.py:115} INFO - [2023-01-04 08:01:55,001] {dag.py:2379} INFO - Sync 1 DAGs
[2023-01-04 08:01:55,042] {logging_mixin.py:115} INFO - [2023-01-04 08:01:55,042] {dag.py:2927} INFO - Setting next_dagrun for example_branch_operator to 2023-01-03T00:00:00+00:00, run_after=2023-01-04T00:00:00+00:00
[2023-01-04 08:01:55,057] {processor.py:161} INFO - Processing /home/gustavo/Documents/etl_api_twitter/venv/lib/python3.9/site-packages/airflow/example_dags/example_branch_operator.py took 0.125 seconds
[2023-01-04 08:11:05,825] {processor.py:153} INFO - Started process (PID=3800) to work on /home/gustavo/Documents/etl_api_twitter/venv/lib/python3.9/site-packages/airflow/example_dags/example_branch_operator.py
[2023-01-04 08:11:05,830] {processor.py:641} INFO - Processing file /home/gustavo/Documents/etl_api_twitter/venv/lib/python3.9/site-packages/airflow/example_dags/example_branch_operator.py for tasks to queue
[2023-01-04 08:11:05,834] {logging_mixin.py:115} INFO - [2023-01-04 08:11:05,833] {dagbag.py:507} INFO - Filling up the DagBag from /home/gustavo/Documents/etl_api_twitter/venv/lib/python3.9/site-packages/airflow/example_dags/example_branch_operator.py
[2023-01-04 08:11:05,901] {processor.py:651} INFO - DAG(s) dict_keys(['example_branch_operator']) retrieved from /home/gustavo/Documents/etl_api_twitter/venv/lib/python3.9/site-packages/airflow/example_dags/example_branch_operator.py
[2023-01-04 08:11:05,963] {logging_mixin.py:115} INFO - [2023-01-04 08:11:05,963] {dag.py:2379} INFO - Sync 1 DAGs
[2023-01-04 08:11:06,013] {logging_mixin.py:115} INFO - [2023-01-04 08:11:06,013] {dag.py:2927} INFO - Setting next_dagrun for example_branch_operator to 2023-01-03T00:00:00+00:00, run_after=2023-01-04T00:00:00+00:00
[2023-01-04 08:11:06,034] {processor.py:161} INFO - Processing /home/gustavo/Documents/etl_api_twitter/venv/lib/python3.9/site-packages/airflow/example_dags/example_branch_operator.py took 0.237 seconds
[2023-01-04 08:11:42,051] {processor.py:153} INFO - Started process (PID=4059) to work on /home/gustavo/Documents/etl_api_twitter/venv/lib/python3.9/site-packages/airflow/example_dags/example_branch_operator.py
[2023-01-04 08:11:42,052] {processor.py:641} INFO - Processing file /home/gustavo/Documents/etl_api_twitter/venv/lib/python3.9/site-packages/airflow/example_dags/example_branch_operator.py for tasks to queue
[2023-01-04 08:11:42,053] {logging_mixin.py:115} INFO - [2023-01-04 08:11:42,053] {dagbag.py:507} INFO - Filling up the DagBag from /home/gustavo/Documents/etl_api_twitter/venv/lib/python3.9/site-packages/airflow/example_dags/example_branch_operator.py
[2023-01-04 08:11:42,068] {processor.py:651} INFO - DAG(s) dict_keys(['example_branch_operator']) retrieved from /home/gustavo/Documents/etl_api_twitter/venv/lib/python3.9/site-packages/airflow/example_dags/example_branch_operator.py
[2023-01-04 08:11:42,089] {logging_mixin.py:115} INFO - [2023-01-04 08:11:42,089] {dag.py:2379} INFO - Sync 1 DAGs
[2023-01-04 08:11:42,112] {logging_mixin.py:115} INFO - [2023-01-04 08:11:42,112] {dag.py:2927} INFO - Setting next_dagrun for example_branch_operator to 2023-01-03T00:00:00+00:00, run_after=2023-01-04T00:00:00+00:00
[2023-01-04 08:11:42,132] {processor.py:161} INFO - Processing /home/gustavo/Documents/etl_api_twitter/venv/lib/python3.9/site-packages/airflow/example_dags/example_branch_operator.py took 0.085 seconds
[2023-01-04 08:12:16,435] {processor.py:153} INFO - Started process (PID=4155) to work on /home/gustavo/Documents/etl_api_twitter/venv/lib/python3.9/site-packages/airflow/example_dags/example_branch_operator.py
[2023-01-04 08:12:16,436] {processor.py:641} INFO - Processing file /home/gustavo/Documents/etl_api_twitter/venv/lib/python3.9/site-packages/airflow/example_dags/example_branch_operator.py for tasks to queue
[2023-01-04 08:12:16,436] {logging_mixin.py:115} INFO - [2023-01-04 08:12:16,436] {dagbag.py:507} INFO - Filling up the DagBag from /home/gustavo/Documents/etl_api_twitter/venv/lib/python3.9/site-packages/airflow/example_dags/example_branch_operator.py
[2023-01-04 08:12:16,446] {processor.py:651} INFO - DAG(s) dict_keys(['example_branch_operator']) retrieved from /home/gustavo/Documents/etl_api_twitter/venv/lib/python3.9/site-packages/airflow/example_dags/example_branch_operator.py
[2023-01-04 08:12:16,464] {logging_mixin.py:115} INFO - [2023-01-04 08:12:16,464] {dag.py:2379} INFO - Sync 1 DAGs
[2023-01-04 08:12:16,484] {logging_mixin.py:115} INFO - [2023-01-04 08:12:16,484] {dag.py:2927} INFO - Setting next_dagrun for example_branch_operator to 2023-01-03T00:00:00+00:00, run_after=2023-01-04T00:00:00+00:00
[2023-01-04 08:12:16,495] {processor.py:161} INFO - Processing /home/gustavo/Documents/etl_api_twitter/venv/lib/python3.9/site-packages/airflow/example_dags/example_branch_operator.py took 0.062 seconds
[2023-01-04 08:12:49,648] {processor.py:153} INFO - Started process (PID=4195) to work on /home/gustavo/Documents/etl_api_twitter/venv/lib/python3.9/site-packages/airflow/example_dags/example_branch_operator.py
[2023-01-04 08:12:49,650] {processor.py:641} INFO - Processing file /home/gustavo/Documents/etl_api_twitter/venv/lib/python3.9/site-packages/airflow/example_dags/example_branch_operator.py for tasks to queue
[2023-01-04 08:12:49,651] {logging_mixin.py:115} INFO - [2023-01-04 08:12:49,651] {dagbag.py:507} INFO - Filling up the DagBag from /home/gustavo/Documents/etl_api_twitter/venv/lib/python3.9/site-packages/airflow/example_dags/example_branch_operator.py
[2023-01-04 08:12:49,670] {processor.py:651} INFO - DAG(s) dict_keys(['example_branch_operator']) retrieved from /home/gustavo/Documents/etl_api_twitter/venv/lib/python3.9/site-packages/airflow/example_dags/example_branch_operator.py
[2023-01-04 08:12:49,692] {logging_mixin.py:115} INFO - [2023-01-04 08:12:49,692] {dag.py:2379} INFO - Sync 1 DAGs
[2023-01-04 08:12:49,715] {logging_mixin.py:115} INFO - [2023-01-04 08:12:49,714] {dag.py:2927} INFO - Setting next_dagrun for example_branch_operator to 2023-01-03T00:00:00+00:00, run_after=2023-01-04T00:00:00+00:00
[2023-01-04 08:12:49,731] {processor.py:161} INFO - Processing /home/gustavo/Documents/etl_api_twitter/venv/lib/python3.9/site-packages/airflow/example_dags/example_branch_operator.py took 0.089 seconds
[2023-01-04 08:13:26,173] {processor.py:153} INFO - Started process (PID=4234) to work on /home/gustavo/Documents/etl_api_twitter/venv/lib/python3.9/site-packages/airflow/example_dags/example_branch_operator.py
[2023-01-04 08:13:26,174] {processor.py:641} INFO - Processing file /home/gustavo/Documents/etl_api_twitter/venv/lib/python3.9/site-packages/airflow/example_dags/example_branch_operator.py for tasks to queue
[2023-01-04 08:13:26,174] {logging_mixin.py:115} INFO - [2023-01-04 08:13:26,174] {dagbag.py:507} INFO - Filling up the DagBag from /home/gustavo/Documents/etl_api_twitter/venv/lib/python3.9/site-packages/airflow/example_dags/example_branch_operator.py
[2023-01-04 08:13:26,193] {processor.py:651} INFO - DAG(s) dict_keys(['example_branch_operator']) retrieved from /home/gustavo/Documents/etl_api_twitter/venv/lib/python3.9/site-packages/airflow/example_dags/example_branch_operator.py
[2023-01-04 08:13:26,221] {logging_mixin.py:115} INFO - [2023-01-04 08:13:26,220] {dag.py:2379} INFO - Sync 1 DAGs
[2023-01-04 08:13:26,250] {logging_mixin.py:115} INFO - [2023-01-04 08:13:26,249] {dag.py:2927} INFO - Setting next_dagrun for example_branch_operator to 2023-01-03T00:00:00+00:00, run_after=2023-01-04T00:00:00+00:00
[2023-01-04 08:13:26,263] {processor.py:161} INFO - Processing /home/gustavo/Documents/etl_api_twitter/venv/lib/python3.9/site-packages/airflow/example_dags/example_branch_operator.py took 0.098 seconds
[2023-01-04 08:14:01,128] {processor.py:153} INFO - Started process (PID=4271) to work on /home/gustavo/Documents/etl_api_twitter/venv/lib/python3.9/site-packages/airflow/example_dags/example_branch_operator.py
[2023-01-04 08:14:01,130] {processor.py:641} INFO - Processing file /home/gustavo/Documents/etl_api_twitter/venv/lib/python3.9/site-packages/airflow/example_dags/example_branch_operator.py for tasks to queue
[2023-01-04 08:14:01,131] {logging_mixin.py:115} INFO - [2023-01-04 08:14:01,131] {dagbag.py:507} INFO - Filling up the DagBag from /home/gustavo/Documents/etl_api_twitter/venv/lib/python3.9/site-packages/airflow/example_dags/example_branch_operator.py
[2023-01-04 08:14:01,153] {processor.py:651} INFO - DAG(s) dict_keys(['example_branch_operator']) retrieved from /home/gustavo/Documents/etl_api_twitter/venv/lib/python3.9/site-packages/airflow/example_dags/example_branch_operator.py
[2023-01-04 08:14:01,171] {logging_mixin.py:115} INFO - [2023-01-04 08:14:01,171] {dag.py:2379} INFO - Sync 1 DAGs
[2023-01-04 08:14:01,190] {logging_mixin.py:115} INFO - [2023-01-04 08:14:01,190] {dag.py:2927} INFO - Setting next_dagrun for example_branch_operator to 2023-01-03T00:00:00+00:00, run_after=2023-01-04T00:00:00+00:00
[2023-01-04 08:14:01,208] {processor.py:161} INFO - Processing /home/gustavo/Documents/etl_api_twitter/venv/lib/python3.9/site-packages/airflow/example_dags/example_branch_operator.py took 0.088 seconds
[2023-01-04 08:14:35,812] {processor.py:153} INFO - Started process (PID=4418) to work on /home/gustavo/Documents/etl_api_twitter/venv/lib/python3.9/site-packages/airflow/example_dags/example_branch_operator.py
[2023-01-04 08:14:35,814] {processor.py:641} INFO - Processing file /home/gustavo/Documents/etl_api_twitter/venv/lib/python3.9/site-packages/airflow/example_dags/example_branch_operator.py for tasks to queue
[2023-01-04 08:14:35,816] {logging_mixin.py:115} INFO - [2023-01-04 08:14:35,815] {dagbag.py:507} INFO - Filling up the DagBag from /home/gustavo/Documents/etl_api_twitter/venv/lib/python3.9/site-packages/airflow/example_dags/example_branch_operator.py
[2023-01-04 08:14:35,835] {processor.py:651} INFO - DAG(s) dict_keys(['example_branch_operator']) retrieved from /home/gustavo/Documents/etl_api_twitter/venv/lib/python3.9/site-packages/airflow/example_dags/example_branch_operator.py
[2023-01-04 08:14:35,862] {logging_mixin.py:115} INFO - [2023-01-04 08:14:35,862] {dag.py:2379} INFO - Sync 1 DAGs
[2023-01-04 08:14:35,881] {logging_mixin.py:115} INFO - [2023-01-04 08:14:35,881] {dag.py:2927} INFO - Setting next_dagrun for example_branch_operator to 2023-01-03T00:00:00+00:00, run_after=2023-01-04T00:00:00+00:00
[2023-01-04 08:14:35,900] {processor.py:161} INFO - Processing /home/gustavo/Documents/etl_api_twitter/venv/lib/python3.9/site-packages/airflow/example_dags/example_branch_operator.py took 0.091 seconds
[2023-01-04 08:15:09,393] {processor.py:153} INFO - Started process (PID=4503) to work on /home/gustavo/Documents/etl_api_twitter/venv/lib/python3.9/site-packages/airflow/example_dags/example_branch_operator.py
[2023-01-04 08:15:09,394] {processor.py:641} INFO - Processing file /home/gustavo/Documents/etl_api_twitter/venv/lib/python3.9/site-packages/airflow/example_dags/example_branch_operator.py for tasks to queue
[2023-01-04 08:15:09,394] {logging_mixin.py:115} INFO - [2023-01-04 08:15:09,394] {dagbag.py:507} INFO - Filling up the DagBag from /home/gustavo/Documents/etl_api_twitter/venv/lib/python3.9/site-packages/airflow/example_dags/example_branch_operator.py
[2023-01-04 08:15:09,402] {processor.py:651} INFO - DAG(s) dict_keys(['example_branch_operator']) retrieved from /home/gustavo/Documents/etl_api_twitter/venv/lib/python3.9/site-packages/airflow/example_dags/example_branch_operator.py
[2023-01-04 08:15:09,418] {logging_mixin.py:115} INFO - [2023-01-04 08:15:09,418] {dag.py:2379} INFO - Sync 1 DAGs
[2023-01-04 08:15:09,434] {logging_mixin.py:115} INFO - [2023-01-04 08:15:09,434] {dag.py:2927} INFO - Setting next_dagrun for example_branch_operator to 2023-01-03T00:00:00+00:00, run_after=2023-01-04T00:00:00+00:00
[2023-01-04 08:15:09,446] {processor.py:161} INFO - Processing /home/gustavo/Documents/etl_api_twitter/venv/lib/python3.9/site-packages/airflow/example_dags/example_branch_operator.py took 0.056 seconds
[2023-01-04 08:15:42,297] {processor.py:153} INFO - Started process (PID=4763) to work on /home/gustavo/Documents/etl_api_twitter/venv/lib/python3.9/site-packages/airflow/example_dags/example_branch_operator.py
[2023-01-04 08:15:42,297] {processor.py:641} INFO - Processing file /home/gustavo/Documents/etl_api_twitter/venv/lib/python3.9/site-packages/airflow/example_dags/example_branch_operator.py for tasks to queue
[2023-01-04 08:15:42,297] {logging_mixin.py:115} INFO - [2023-01-04 08:15:42,297] {dagbag.py:507} INFO - Filling up the DagBag from /home/gustavo/Documents/etl_api_twitter/venv/lib/python3.9/site-packages/airflow/example_dags/example_branch_operator.py
[2023-01-04 08:15:42,311] {processor.py:651} INFO - DAG(s) dict_keys(['example_branch_operator']) retrieved from /home/gustavo/Documents/etl_api_twitter/venv/lib/python3.9/site-packages/airflow/example_dags/example_branch_operator.py
[2023-01-04 08:15:42,337] {logging_mixin.py:115} INFO - [2023-01-04 08:15:42,337] {dag.py:2379} INFO - Sync 1 DAGs
[2023-01-04 08:15:42,365] {logging_mixin.py:115} INFO - [2023-01-04 08:15:42,365] {dag.py:2927} INFO - Setting next_dagrun for example_branch_operator to 2023-01-03T00:00:00+00:00, run_after=2023-01-04T00:00:00+00:00
[2023-01-04 08:15:42,377] {processor.py:161} INFO - Processing /home/gustavo/Documents/etl_api_twitter/venv/lib/python3.9/site-packages/airflow/example_dags/example_branch_operator.py took 0.086 seconds
[2023-01-04 08:16:18,118] {processor.py:153} INFO - Started process (PID=4982) to work on /home/gustavo/Documents/etl_api_twitter/venv/lib/python3.9/site-packages/airflow/example_dags/example_branch_operator.py
[2023-01-04 08:16:18,119] {processor.py:641} INFO - Processing file /home/gustavo/Documents/etl_api_twitter/venv/lib/python3.9/site-packages/airflow/example_dags/example_branch_operator.py for tasks to queue
[2023-01-04 08:16:18,119] {logging_mixin.py:115} INFO - [2023-01-04 08:16:18,119] {dagbag.py:507} INFO - Filling up the DagBag from /home/gustavo/Documents/etl_api_twitter/venv/lib/python3.9/site-packages/airflow/example_dags/example_branch_operator.py
[2023-01-04 08:16:18,141] {processor.py:651} INFO - DAG(s) dict_keys(['example_branch_operator']) retrieved from /home/gustavo/Documents/etl_api_twitter/venv/lib/python3.9/site-packages/airflow/example_dags/example_branch_operator.py
[2023-01-04 08:16:18,164] {logging_mixin.py:115} INFO - [2023-01-04 08:16:18,164] {dag.py:2379} INFO - Sync 1 DAGs
[2023-01-04 08:16:18,209] {logging_mixin.py:115} INFO - [2023-01-04 08:16:18,209] {dag.py:2927} INFO - Setting next_dagrun for example_branch_operator to 2023-01-03T00:00:00+00:00, run_after=2023-01-04T00:00:00+00:00
[2023-01-04 08:16:18,230] {processor.py:161} INFO - Processing /home/gustavo/Documents/etl_api_twitter/venv/lib/python3.9/site-packages/airflow/example_dags/example_branch_operator.py took 0.117 seconds
[2023-01-04 08:16:54,309] {processor.py:153} INFO - Started process (PID=5187) to work on /home/gustavo/Documents/etl_api_twitter/venv/lib/python3.9/site-packages/airflow/example_dags/example_branch_operator.py
[2023-01-04 08:16:54,311] {processor.py:641} INFO - Processing file /home/gustavo/Documents/etl_api_twitter/venv/lib/python3.9/site-packages/airflow/example_dags/example_branch_operator.py for tasks to queue
[2023-01-04 08:16:54,312] {logging_mixin.py:115} INFO - [2023-01-04 08:16:54,312] {dagbag.py:507} INFO - Filling up the DagBag from /home/gustavo/Documents/etl_api_twitter/venv/lib/python3.9/site-packages/airflow/example_dags/example_branch_operator.py
[2023-01-04 08:16:54,321] {processor.py:651} INFO - DAG(s) dict_keys(['example_branch_operator']) retrieved from /home/gustavo/Documents/etl_api_twitter/venv/lib/python3.9/site-packages/airflow/example_dags/example_branch_operator.py
[2023-01-04 08:16:54,348] {logging_mixin.py:115} INFO - [2023-01-04 08:16:54,348] {dag.py:2379} INFO - Sync 1 DAGs
[2023-01-04 08:16:54,378] {logging_mixin.py:115} INFO - [2023-01-04 08:16:54,378] {dag.py:2927} INFO - Setting next_dagrun for example_branch_operator to 2023-01-03T00:00:00+00:00, run_after=2023-01-04T00:00:00+00:00
[2023-01-04 08:16:54,390] {processor.py:161} INFO - Processing /home/gustavo/Documents/etl_api_twitter/venv/lib/python3.9/site-packages/airflow/example_dags/example_branch_operator.py took 0.087 seconds
[2023-01-04 08:17:29,255] {processor.py:153} INFO - Started process (PID=5369) to work on /home/gustavo/Documents/etl_api_twitter/venv/lib/python3.9/site-packages/airflow/example_dags/example_branch_operator.py
[2023-01-04 08:17:29,257] {processor.py:641} INFO - Processing file /home/gustavo/Documents/etl_api_twitter/venv/lib/python3.9/site-packages/airflow/example_dags/example_branch_operator.py for tasks to queue
[2023-01-04 08:17:29,258] {logging_mixin.py:115} INFO - [2023-01-04 08:17:29,258] {dagbag.py:507} INFO - Filling up the DagBag from /home/gustavo/Documents/etl_api_twitter/venv/lib/python3.9/site-packages/airflow/example_dags/example_branch_operator.py
[2023-01-04 08:17:29,279] {processor.py:651} INFO - DAG(s) dict_keys(['example_branch_operator']) retrieved from /home/gustavo/Documents/etl_api_twitter/venv/lib/python3.9/site-packages/airflow/example_dags/example_branch_operator.py
[2023-01-04 08:17:29,309] {logging_mixin.py:115} INFO - [2023-01-04 08:17:29,309] {dag.py:2379} INFO - Sync 1 DAGs
[2023-01-04 08:17:29,332] {logging_mixin.py:115} INFO - [2023-01-04 08:17:29,332] {dag.py:2927} INFO - Setting next_dagrun for example_branch_operator to 2023-01-03T00:00:00+00:00, run_after=2023-01-04T00:00:00+00:00
[2023-01-04 08:17:29,344] {processor.py:161} INFO - Processing /home/gustavo/Documents/etl_api_twitter/venv/lib/python3.9/site-packages/airflow/example_dags/example_branch_operator.py took 0.095 seconds
[2023-01-04 08:18:02,999] {processor.py:153} INFO - Started process (PID=5580) to work on /home/gustavo/Documents/etl_api_twitter/venv/lib/python3.9/site-packages/airflow/example_dags/example_branch_operator.py
[2023-01-04 08:18:03,001] {processor.py:641} INFO - Processing file /home/gustavo/Documents/etl_api_twitter/venv/lib/python3.9/site-packages/airflow/example_dags/example_branch_operator.py for tasks to queue
[2023-01-04 08:18:03,002] {logging_mixin.py:115} INFO - [2023-01-04 08:18:03,002] {dagbag.py:507} INFO - Filling up the DagBag from /home/gustavo/Documents/etl_api_twitter/venv/lib/python3.9/site-packages/airflow/example_dags/example_branch_operator.py
[2023-01-04 08:18:03,021] {processor.py:651} INFO - DAG(s) dict_keys(['example_branch_operator']) retrieved from /home/gustavo/Documents/etl_api_twitter/venv/lib/python3.9/site-packages/airflow/example_dags/example_branch_operator.py
[2023-01-04 08:18:03,049] {logging_mixin.py:115} INFO - [2023-01-04 08:18:03,049] {dag.py:2379} INFO - Sync 1 DAGs
[2023-01-04 08:18:03,063] {logging_mixin.py:115} INFO - [2023-01-04 08:18:03,063] {dag.py:2927} INFO - Setting next_dagrun for example_branch_operator to 2023-01-03T00:00:00+00:00, run_after=2023-01-04T00:00:00+00:00
[2023-01-04 08:18:03,077] {processor.py:161} INFO - Processing /home/gustavo/Documents/etl_api_twitter/venv/lib/python3.9/site-packages/airflow/example_dags/example_branch_operator.py took 0.085 seconds
[2023-01-04 08:18:37,737] {processor.py:153} INFO - Started process (PID=5788) to work on /home/gustavo/Documents/etl_api_twitter/venv/lib/python3.9/site-packages/airflow/example_dags/example_branch_operator.py
[2023-01-04 08:18:37,738] {processor.py:641} INFO - Processing file /home/gustavo/Documents/etl_api_twitter/venv/lib/python3.9/site-packages/airflow/example_dags/example_branch_operator.py for tasks to queue
[2023-01-04 08:18:37,738] {logging_mixin.py:115} INFO - [2023-01-04 08:18:37,738] {dagbag.py:507} INFO - Filling up the DagBag from /home/gustavo/Documents/etl_api_twitter/venv/lib/python3.9/site-packages/airflow/example_dags/example_branch_operator.py
[2023-01-04 08:18:37,748] {processor.py:651} INFO - DAG(s) dict_keys(['example_branch_operator']) retrieved from /home/gustavo/Documents/etl_api_twitter/venv/lib/python3.9/site-packages/airflow/example_dags/example_branch_operator.py
[2023-01-04 08:18:37,770] {logging_mixin.py:115} INFO - [2023-01-04 08:18:37,769] {dag.py:2379} INFO - Sync 1 DAGs
[2023-01-04 08:18:37,794] {logging_mixin.py:115} INFO - [2023-01-04 08:18:37,794] {dag.py:2927} INFO - Setting next_dagrun for example_branch_operator to 2023-01-03T00:00:00+00:00, run_after=2023-01-04T00:00:00+00:00
[2023-01-04 08:18:37,808] {processor.py:161} INFO - Processing /home/gustavo/Documents/etl_api_twitter/venv/lib/python3.9/site-packages/airflow/example_dags/example_branch_operator.py took 0.076 seconds
[2023-01-04 08:19:11,925] {processor.py:153} INFO - Started process (PID=5991) to work on /home/gustavo/Documents/etl_api_twitter/venv/lib/python3.9/site-packages/airflow/example_dags/example_branch_operator.py
[2023-01-04 08:19:11,927] {processor.py:641} INFO - Processing file /home/gustavo/Documents/etl_api_twitter/venv/lib/python3.9/site-packages/airflow/example_dags/example_branch_operator.py for tasks to queue
[2023-01-04 08:19:11,928] {logging_mixin.py:115} INFO - [2023-01-04 08:19:11,928] {dagbag.py:507} INFO - Filling up the DagBag from /home/gustavo/Documents/etl_api_twitter/venv/lib/python3.9/site-packages/airflow/example_dags/example_branch_operator.py
[2023-01-04 08:19:11,947] {processor.py:651} INFO - DAG(s) dict_keys(['example_branch_operator']) retrieved from /home/gustavo/Documents/etl_api_twitter/venv/lib/python3.9/site-packages/airflow/example_dags/example_branch_operator.py
[2023-01-04 08:19:11,974] {logging_mixin.py:115} INFO - [2023-01-04 08:19:11,974] {dag.py:2379} INFO - Sync 1 DAGs
[2023-01-04 08:19:11,988] {logging_mixin.py:115} INFO - [2023-01-04 08:19:11,988] {dag.py:2927} INFO - Setting next_dagrun for example_branch_operator to 2023-01-03T00:00:00+00:00, run_after=2023-01-04T00:00:00+00:00
[2023-01-04 08:19:12,001] {processor.py:161} INFO - Processing /home/gustavo/Documents/etl_api_twitter/venv/lib/python3.9/site-packages/airflow/example_dags/example_branch_operator.py took 0.080 seconds
[2023-01-04 08:19:51,397] {processor.py:153} INFO - Started process (PID=6201) to work on /home/gustavo/Documents/etl_api_twitter/venv/lib/python3.9/site-packages/airflow/example_dags/example_branch_operator.py
[2023-01-04 08:19:51,400] {processor.py:641} INFO - Processing file /home/gustavo/Documents/etl_api_twitter/venv/lib/python3.9/site-packages/airflow/example_dags/example_branch_operator.py for tasks to queue
[2023-01-04 08:19:51,401] {logging_mixin.py:115} INFO - [2023-01-04 08:19:51,401] {dagbag.py:507} INFO - Filling up the DagBag from /home/gustavo/Documents/etl_api_twitter/venv/lib/python3.9/site-packages/airflow/example_dags/example_branch_operator.py
[2023-01-04 08:19:51,417] {processor.py:651} INFO - DAG(s) dict_keys(['example_branch_operator']) retrieved from /home/gustavo/Documents/etl_api_twitter/venv/lib/python3.9/site-packages/airflow/example_dags/example_branch_operator.py
[2023-01-04 08:19:51,441] {logging_mixin.py:115} INFO - [2023-01-04 08:19:51,441] {dag.py:2379} INFO - Sync 1 DAGs
[2023-01-04 08:19:51,455] {logging_mixin.py:115} INFO - [2023-01-04 08:19:51,455] {dag.py:2927} INFO - Setting next_dagrun for example_branch_operator to 2023-01-03T00:00:00+00:00, run_after=2023-01-04T00:00:00+00:00
[2023-01-04 08:19:51,467] {processor.py:161} INFO - Processing /home/gustavo/Documents/etl_api_twitter/venv/lib/python3.9/site-packages/airflow/example_dags/example_branch_operator.py took 0.077 seconds
[2023-01-04 08:20:27,643] {processor.py:153} INFO - Started process (PID=6409) to work on /home/gustavo/Documents/etl_api_twitter/venv/lib/python3.9/site-packages/airflow/example_dags/example_branch_operator.py
[2023-01-04 08:20:27,644] {processor.py:641} INFO - Processing file /home/gustavo/Documents/etl_api_twitter/venv/lib/python3.9/site-packages/airflow/example_dags/example_branch_operator.py for tasks to queue
[2023-01-04 08:20:27,645] {logging_mixin.py:115} INFO - [2023-01-04 08:20:27,645] {dagbag.py:507} INFO - Filling up the DagBag from /home/gustavo/Documents/etl_api_twitter/venv/lib/python3.9/site-packages/airflow/example_dags/example_branch_operator.py
[2023-01-04 08:20:27,657] {processor.py:651} INFO - DAG(s) dict_keys(['example_branch_operator']) retrieved from /home/gustavo/Documents/etl_api_twitter/venv/lib/python3.9/site-packages/airflow/example_dags/example_branch_operator.py
[2023-01-04 08:20:27,691] {logging_mixin.py:115} INFO - [2023-01-04 08:20:27,691] {dag.py:2379} INFO - Sync 1 DAGs
[2023-01-04 08:20:27,709] {logging_mixin.py:115} INFO - [2023-01-04 08:20:27,709] {dag.py:2927} INFO - Setting next_dagrun for example_branch_operator to 2023-01-03T00:00:00+00:00, run_after=2023-01-04T00:00:00+00:00
[2023-01-04 08:20:27,721] {processor.py:161} INFO - Processing /home/gustavo/Documents/etl_api_twitter/venv/lib/python3.9/site-packages/airflow/example_dags/example_branch_operator.py took 0.082 seconds
[2023-01-04 08:21:03,186] {processor.py:153} INFO - Started process (PID=6670) to work on /home/gustavo/Documents/etl_api_twitter/venv/lib/python3.9/site-packages/airflow/example_dags/example_branch_operator.py
[2023-01-04 08:21:03,189] {processor.py:641} INFO - Processing file /home/gustavo/Documents/etl_api_twitter/venv/lib/python3.9/site-packages/airflow/example_dags/example_branch_operator.py for tasks to queue
[2023-01-04 08:21:03,190] {logging_mixin.py:115} INFO - [2023-01-04 08:21:03,190] {dagbag.py:507} INFO - Filling up the DagBag from /home/gustavo/Documents/etl_api_twitter/venv/lib/python3.9/site-packages/airflow/example_dags/example_branch_operator.py
[2023-01-04 08:21:03,214] {processor.py:651} INFO - DAG(s) dict_keys(['example_branch_operator']) retrieved from /home/gustavo/Documents/etl_api_twitter/venv/lib/python3.9/site-packages/airflow/example_dags/example_branch_operator.py
[2023-01-04 08:21:03,250] {logging_mixin.py:115} INFO - [2023-01-04 08:21:03,250] {dag.py:2379} INFO - Sync 1 DAGs
[2023-01-04 08:21:03,276] {logging_mixin.py:115} INFO - [2023-01-04 08:21:03,276] {dag.py:2927} INFO - Setting next_dagrun for example_branch_operator to 2023-01-03T00:00:00+00:00, run_after=2023-01-04T00:00:00+00:00
[2023-01-04 08:21:03,287] {processor.py:161} INFO - Processing /home/gustavo/Documents/etl_api_twitter/venv/lib/python3.9/site-packages/airflow/example_dags/example_branch_operator.py took 0.108 seconds
[2023-01-04 08:21:38,110] {processor.py:153} INFO - Started process (PID=6874) to work on /home/gustavo/Documents/etl_api_twitter/venv/lib/python3.9/site-packages/airflow/example_dags/example_branch_operator.py
[2023-01-04 08:21:38,111] {processor.py:641} INFO - Processing file /home/gustavo/Documents/etl_api_twitter/venv/lib/python3.9/site-packages/airflow/example_dags/example_branch_operator.py for tasks to queue
[2023-01-04 08:21:38,112] {logging_mixin.py:115} INFO - [2023-01-04 08:21:38,112] {dagbag.py:507} INFO - Filling up the DagBag from /home/gustavo/Documents/etl_api_twitter/venv/lib/python3.9/site-packages/airflow/example_dags/example_branch_operator.py
[2023-01-04 08:21:38,132] {processor.py:651} INFO - DAG(s) dict_keys(['example_branch_operator']) retrieved from /home/gustavo/Documents/etl_api_twitter/venv/lib/python3.9/site-packages/airflow/example_dags/example_branch_operator.py
[2023-01-04 08:21:38,150] {logging_mixin.py:115} INFO - [2023-01-04 08:21:38,150] {dag.py:2379} INFO - Sync 1 DAGs
[2023-01-04 08:21:38,169] {logging_mixin.py:115} INFO - [2023-01-04 08:21:38,169] {dag.py:2927} INFO - Setting next_dagrun for example_branch_operator to 2023-01-03T00:00:00+00:00, run_after=2023-01-04T00:00:00+00:00
[2023-01-04 08:21:38,188] {processor.py:161} INFO - Processing /home/gustavo/Documents/etl_api_twitter/venv/lib/python3.9/site-packages/airflow/example_dags/example_branch_operator.py took 0.083 seconds
[2023-01-04 08:22:13,075] {processor.py:153} INFO - Started process (PID=7079) to work on /home/gustavo/Documents/etl_api_twitter/venv/lib/python3.9/site-packages/airflow/example_dags/example_branch_operator.py
[2023-01-04 08:22:13,076] {processor.py:641} INFO - Processing file /home/gustavo/Documents/etl_api_twitter/venv/lib/python3.9/site-packages/airflow/example_dags/example_branch_operator.py for tasks to queue
[2023-01-04 08:22:13,076] {logging_mixin.py:115} INFO - [2023-01-04 08:22:13,076] {dagbag.py:507} INFO - Filling up the DagBag from /home/gustavo/Documents/etl_api_twitter/venv/lib/python3.9/site-packages/airflow/example_dags/example_branch_operator.py
[2023-01-04 08:22:13,088] {processor.py:651} INFO - DAG(s) dict_keys(['example_branch_operator']) retrieved from /home/gustavo/Documents/etl_api_twitter/venv/lib/python3.9/site-packages/airflow/example_dags/example_branch_operator.py
[2023-01-04 08:22:13,112] {logging_mixin.py:115} INFO - [2023-01-04 08:22:13,112] {dag.py:2379} INFO - Sync 1 DAGs
[2023-01-04 08:22:13,127] {logging_mixin.py:115} INFO - [2023-01-04 08:22:13,127] {dag.py:2927} INFO - Setting next_dagrun for example_branch_operator to 2023-01-03T00:00:00+00:00, run_after=2023-01-04T00:00:00+00:00
[2023-01-04 08:22:13,137] {processor.py:161} INFO - Processing /home/gustavo/Documents/etl_api_twitter/venv/lib/python3.9/site-packages/airflow/example_dags/example_branch_operator.py took 0.065 seconds
[2023-01-04 08:22:47,597] {processor.py:153} INFO - Started process (PID=7293) to work on /home/gustavo/Documents/etl_api_twitter/venv/lib/python3.9/site-packages/airflow/example_dags/example_branch_operator.py
[2023-01-04 08:22:47,599] {processor.py:641} INFO - Processing file /home/gustavo/Documents/etl_api_twitter/venv/lib/python3.9/site-packages/airflow/example_dags/example_branch_operator.py for tasks to queue
[2023-01-04 08:22:47,599] {logging_mixin.py:115} INFO - [2023-01-04 08:22:47,599] {dagbag.py:507} INFO - Filling up the DagBag from /home/gustavo/Documents/etl_api_twitter/venv/lib/python3.9/site-packages/airflow/example_dags/example_branch_operator.py
[2023-01-04 08:22:47,608] {processor.py:651} INFO - DAG(s) dict_keys(['example_branch_operator']) retrieved from /home/gustavo/Documents/etl_api_twitter/venv/lib/python3.9/site-packages/airflow/example_dags/example_branch_operator.py
[2023-01-04 08:22:47,631] {logging_mixin.py:115} INFO - [2023-01-04 08:22:47,631] {dag.py:2379} INFO - Sync 1 DAGs
[2023-01-04 08:22:47,656] {logging_mixin.py:115} INFO - [2023-01-04 08:22:47,655] {dag.py:2927} INFO - Setting next_dagrun for example_branch_operator to 2023-01-03T00:00:00+00:00, run_after=2023-01-04T00:00:00+00:00
[2023-01-04 08:22:47,677] {processor.py:161} INFO - Processing /home/gustavo/Documents/etl_api_twitter/venv/lib/python3.9/site-packages/airflow/example_dags/example_branch_operator.py took 0.084 seconds
[2023-01-04 08:23:21,450] {processor.py:153} INFO - Started process (PID=7478) to work on /home/gustavo/Documents/etl_api_twitter/venv/lib/python3.9/site-packages/airflow/example_dags/example_branch_operator.py
[2023-01-04 08:23:21,451] {processor.py:641} INFO - Processing file /home/gustavo/Documents/etl_api_twitter/venv/lib/python3.9/site-packages/airflow/example_dags/example_branch_operator.py for tasks to queue
[2023-01-04 08:23:21,452] {logging_mixin.py:115} INFO - [2023-01-04 08:23:21,451] {dagbag.py:507} INFO - Filling up the DagBag from /home/gustavo/Documents/etl_api_twitter/venv/lib/python3.9/site-packages/airflow/example_dags/example_branch_operator.py
[2023-01-04 08:23:21,459] {processor.py:651} INFO - DAG(s) dict_keys(['example_branch_operator']) retrieved from /home/gustavo/Documents/etl_api_twitter/venv/lib/python3.9/site-packages/airflow/example_dags/example_branch_operator.py
[2023-01-04 08:23:21,472] {logging_mixin.py:115} INFO - [2023-01-04 08:23:21,472] {dag.py:2379} INFO - Sync 1 DAGs
[2023-01-04 08:23:21,489] {logging_mixin.py:115} INFO - [2023-01-04 08:23:21,488] {dag.py:2927} INFO - Setting next_dagrun for example_branch_operator to 2023-01-03T00:00:00+00:00, run_after=2023-01-04T00:00:00+00:00
[2023-01-04 08:23:21,508] {processor.py:161} INFO - Processing /home/gustavo/Documents/etl_api_twitter/venv/lib/python3.9/site-packages/airflow/example_dags/example_branch_operator.py took 0.060 seconds
[2023-01-04 08:23:56,158] {processor.py:153} INFO - Started process (PID=7681) to work on /home/gustavo/Documents/etl_api_twitter/venv/lib/python3.9/site-packages/airflow/example_dags/example_branch_operator.py
[2023-01-04 08:23:56,160] {processor.py:641} INFO - Processing file /home/gustavo/Documents/etl_api_twitter/venv/lib/python3.9/site-packages/airflow/example_dags/example_branch_operator.py for tasks to queue
[2023-01-04 08:23:56,162] {logging_mixin.py:115} INFO - [2023-01-04 08:23:56,161] {dagbag.py:507} INFO - Filling up the DagBag from /home/gustavo/Documents/etl_api_twitter/venv/lib/python3.9/site-packages/airflow/example_dags/example_branch_operator.py
[2023-01-04 08:23:56,184] {processor.py:651} INFO - DAG(s) dict_keys(['example_branch_operator']) retrieved from /home/gustavo/Documents/etl_api_twitter/venv/lib/python3.9/site-packages/airflow/example_dags/example_branch_operator.py
[2023-01-04 08:23:56,208] {logging_mixin.py:115} INFO - [2023-01-04 08:23:56,208] {dag.py:2379} INFO - Sync 1 DAGs
[2023-01-04 08:23:56,241] {logging_mixin.py:115} INFO - [2023-01-04 08:23:56,241] {dag.py:2927} INFO - Setting next_dagrun for example_branch_operator to 2023-01-03T00:00:00+00:00, run_after=2023-01-04T00:00:00+00:00
[2023-01-04 08:23:56,253] {processor.py:161} INFO - Processing /home/gustavo/Documents/etl_api_twitter/venv/lib/python3.9/site-packages/airflow/example_dags/example_branch_operator.py took 0.101 seconds
[2023-01-04 08:24:33,717] {processor.py:153} INFO - Started process (PID=7911) to work on /home/gustavo/Documents/etl_api_twitter/venv/lib/python3.9/site-packages/airflow/example_dags/example_branch_operator.py
[2023-01-04 08:24:33,719] {processor.py:641} INFO - Processing file /home/gustavo/Documents/etl_api_twitter/venv/lib/python3.9/site-packages/airflow/example_dags/example_branch_operator.py for tasks to queue
[2023-01-04 08:24:33,720] {logging_mixin.py:115} INFO - [2023-01-04 08:24:33,720] {dagbag.py:507} INFO - Filling up the DagBag from /home/gustavo/Documents/etl_api_twitter/venv/lib/python3.9/site-packages/airflow/example_dags/example_branch_operator.py
[2023-01-04 08:24:33,737] {processor.py:651} INFO - DAG(s) dict_keys(['example_branch_operator']) retrieved from /home/gustavo/Documents/etl_api_twitter/venv/lib/python3.9/site-packages/airflow/example_dags/example_branch_operator.py
[2023-01-04 08:24:33,761] {logging_mixin.py:115} INFO - [2023-01-04 08:24:33,761] {dag.py:2379} INFO - Sync 1 DAGs
[2023-01-04 08:24:33,785] {logging_mixin.py:115} INFO - [2023-01-04 08:24:33,785] {dag.py:2927} INFO - Setting next_dagrun for example_branch_operator to 2023-01-03T00:00:00+00:00, run_after=2023-01-04T00:00:00+00:00
[2023-01-04 08:24:33,799] {processor.py:161} INFO - Processing /home/gustavo/Documents/etl_api_twitter/venv/lib/python3.9/site-packages/airflow/example_dags/example_branch_operator.py took 0.089 seconds
[2023-01-04 08:25:06,798] {processor.py:153} INFO - Started process (PID=8089) to work on /home/gustavo/Documents/etl_api_twitter/venv/lib/python3.9/site-packages/airflow/example_dags/example_branch_operator.py
[2023-01-04 08:25:06,800] {processor.py:641} INFO - Processing file /home/gustavo/Documents/etl_api_twitter/venv/lib/python3.9/site-packages/airflow/example_dags/example_branch_operator.py for tasks to queue
[2023-01-04 08:25:06,800] {logging_mixin.py:115} INFO - [2023-01-04 08:25:06,800] {dagbag.py:507} INFO - Filling up the DagBag from /home/gustavo/Documents/etl_api_twitter/venv/lib/python3.9/site-packages/airflow/example_dags/example_branch_operator.py
[2023-01-04 08:25:06,812] {processor.py:651} INFO - DAG(s) dict_keys(['example_branch_operator']) retrieved from /home/gustavo/Documents/etl_api_twitter/venv/lib/python3.9/site-packages/airflow/example_dags/example_branch_operator.py
[2023-01-04 08:25:06,830] {logging_mixin.py:115} INFO - [2023-01-04 08:25:06,830] {dag.py:2379} INFO - Sync 1 DAGs
[2023-01-04 08:25:06,849] {logging_mixin.py:115} INFO - [2023-01-04 08:25:06,849] {dag.py:2927} INFO - Setting next_dagrun for example_branch_operator to 2023-01-03T00:00:00+00:00, run_after=2023-01-04T00:00:00+00:00
[2023-01-04 08:25:06,861] {processor.py:161} INFO - Processing /home/gustavo/Documents/etl_api_twitter/venv/lib/python3.9/site-packages/airflow/example_dags/example_branch_operator.py took 0.067 seconds
[2023-01-04 08:25:40,622] {processor.py:153} INFO - Started process (PID=8348) to work on /home/gustavo/Documents/etl_api_twitter/venv/lib/python3.9/site-packages/airflow/example_dags/example_branch_operator.py
[2023-01-04 08:25:40,623] {processor.py:641} INFO - Processing file /home/gustavo/Documents/etl_api_twitter/venv/lib/python3.9/site-packages/airflow/example_dags/example_branch_operator.py for tasks to queue
[2023-01-04 08:25:40,623] {logging_mixin.py:115} INFO - [2023-01-04 08:25:40,623] {dagbag.py:507} INFO - Filling up the DagBag from /home/gustavo/Documents/etl_api_twitter/venv/lib/python3.9/site-packages/airflow/example_dags/example_branch_operator.py
[2023-01-04 08:25:40,632] {processor.py:651} INFO - DAG(s) dict_keys(['example_branch_operator']) retrieved from /home/gustavo/Documents/etl_api_twitter/venv/lib/python3.9/site-packages/airflow/example_dags/example_branch_operator.py
[2023-01-04 08:25:40,647] {logging_mixin.py:115} INFO - [2023-01-04 08:25:40,647] {dag.py:2379} INFO - Sync 1 DAGs
[2023-01-04 08:25:40,682] {logging_mixin.py:115} INFO - [2023-01-04 08:25:40,682] {dag.py:2927} INFO - Setting next_dagrun for example_branch_operator to 2023-01-03T00:00:00+00:00, run_after=2023-01-04T00:00:00+00:00
[2023-01-04 08:25:40,700] {processor.py:161} INFO - Processing /home/gustavo/Documents/etl_api_twitter/venv/lib/python3.9/site-packages/airflow/example_dags/example_branch_operator.py took 0.082 seconds
[2023-01-04 08:26:16,910] {processor.py:153} INFO - Started process (PID=8555) to work on /home/gustavo/Documents/etl_api_twitter/venv/lib/python3.9/site-packages/airflow/example_dags/example_branch_operator.py
[2023-01-04 08:26:16,912] {processor.py:641} INFO - Processing file /home/gustavo/Documents/etl_api_twitter/venv/lib/python3.9/site-packages/airflow/example_dags/example_branch_operator.py for tasks to queue
[2023-01-04 08:26:16,913] {logging_mixin.py:115} INFO - [2023-01-04 08:26:16,913] {dagbag.py:507} INFO - Filling up the DagBag from /home/gustavo/Documents/etl_api_twitter/venv/lib/python3.9/site-packages/airflow/example_dags/example_branch_operator.py
[2023-01-04 08:26:16,929] {processor.py:651} INFO - DAG(s) dict_keys(['example_branch_operator']) retrieved from /home/gustavo/Documents/etl_api_twitter/venv/lib/python3.9/site-packages/airflow/example_dags/example_branch_operator.py
[2023-01-04 08:26:16,944] {logging_mixin.py:115} INFO - [2023-01-04 08:26:16,944] {dag.py:2379} INFO - Sync 1 DAGs
[2023-01-04 08:26:16,958] {logging_mixin.py:115} INFO - [2023-01-04 08:26:16,958] {dag.py:2927} INFO - Setting next_dagrun for example_branch_operator to 2023-01-03T00:00:00+00:00, run_after=2023-01-04T00:00:00+00:00
[2023-01-04 08:26:16,967] {processor.py:161} INFO - Processing /home/gustavo/Documents/etl_api_twitter/venv/lib/python3.9/site-packages/airflow/example_dags/example_branch_operator.py took 0.066 seconds
[2023-01-04 08:26:52,052] {processor.py:153} INFO - Started process (PID=8760) to work on /home/gustavo/Documents/etl_api_twitter/venv/lib/python3.9/site-packages/airflow/example_dags/example_branch_operator.py
[2023-01-04 08:26:52,054] {processor.py:641} INFO - Processing file /home/gustavo/Documents/etl_api_twitter/venv/lib/python3.9/site-packages/airflow/example_dags/example_branch_operator.py for tasks to queue
[2023-01-04 08:26:52,054] {logging_mixin.py:115} INFO - [2023-01-04 08:26:52,054] {dagbag.py:507} INFO - Filling up the DagBag from /home/gustavo/Documents/etl_api_twitter/venv/lib/python3.9/site-packages/airflow/example_dags/example_branch_operator.py
[2023-01-04 08:26:52,067] {processor.py:651} INFO - DAG(s) dict_keys(['example_branch_operator']) retrieved from /home/gustavo/Documents/etl_api_twitter/venv/lib/python3.9/site-packages/airflow/example_dags/example_branch_operator.py
[2023-01-04 08:26:52,086] {logging_mixin.py:115} INFO - [2023-01-04 08:26:52,086] {dag.py:2379} INFO - Sync 1 DAGs
[2023-01-04 08:26:52,114] {logging_mixin.py:115} INFO - [2023-01-04 08:26:52,113] {dag.py:2927} INFO - Setting next_dagrun for example_branch_operator to 2023-01-03T00:00:00+00:00, run_after=2023-01-04T00:00:00+00:00
[2023-01-04 08:26:52,126] {processor.py:161} INFO - Processing /home/gustavo/Documents/etl_api_twitter/venv/lib/python3.9/site-packages/airflow/example_dags/example_branch_operator.py took 0.079 seconds
[2023-01-04 08:27:29,589] {processor.py:153} INFO - Started process (PID=8976) to work on /home/gustavo/Documents/etl_api_twitter/venv/lib/python3.9/site-packages/airflow/example_dags/example_branch_operator.py
[2023-01-04 08:27:29,590] {processor.py:641} INFO - Processing file /home/gustavo/Documents/etl_api_twitter/venv/lib/python3.9/site-packages/airflow/example_dags/example_branch_operator.py for tasks to queue
[2023-01-04 08:27:29,591] {logging_mixin.py:115} INFO - [2023-01-04 08:27:29,591] {dagbag.py:507} INFO - Filling up the DagBag from /home/gustavo/Documents/etl_api_twitter/venv/lib/python3.9/site-packages/airflow/example_dags/example_branch_operator.py
[2023-01-04 08:27:29,608] {processor.py:651} INFO - DAG(s) dict_keys(['example_branch_operator']) retrieved from /home/gustavo/Documents/etl_api_twitter/venv/lib/python3.9/site-packages/airflow/example_dags/example_branch_operator.py
[2023-01-04 08:27:29,634] {logging_mixin.py:115} INFO - [2023-01-04 08:27:29,634] {dag.py:2379} INFO - Sync 1 DAGs
[2023-01-04 08:27:29,655] {logging_mixin.py:115} INFO - [2023-01-04 08:27:29,654] {dag.py:2927} INFO - Setting next_dagrun for example_branch_operator to 2023-01-03T00:00:00+00:00, run_after=2023-01-04T00:00:00+00:00
[2023-01-04 08:27:29,666] {processor.py:161} INFO - Processing /home/gustavo/Documents/etl_api_twitter/venv/lib/python3.9/site-packages/airflow/example_dags/example_branch_operator.py took 0.081 seconds
