[2023-01-04 08:01:01,283] {processor.py:153} INFO - Started process (PID=28295) to work on /home/gustavo/Documents/etl_api_twitter/venv/lib/python3.9/site-packages/airflow/example_dags/example_branch_datetime_operator.py
[2023-01-04 08:01:01,288] {processor.py:641} INFO - Processing file /home/gustavo/Documents/etl_api_twitter/venv/lib/python3.9/site-packages/airflow/example_dags/example_branch_datetime_operator.py for tasks to queue
[2023-01-04 08:01:01,290] {logging_mixin.py:115} INFO - [2023-01-04 08:01:01,290] {dagbag.py:507} INFO - Filling up the DagBag from /home/gustavo/Documents/etl_api_twitter/venv/lib/python3.9/site-packages/airflow/example_dags/example_branch_datetime_operator.py
[2023-01-04 08:01:01,309] {processor.py:651} INFO - DAG(s) dict_keys(['example_branch_datetime_operator_2']) retrieved from /home/gustavo/Documents/etl_api_twitter/venv/lib/python3.9/site-packages/airflow/example_dags/example_branch_datetime_operator.py
[2023-01-04 08:01:01,514] {logging_mixin.py:115} INFO - [2023-01-04 08:01:01,514] {manager.py:508} INFO - Created Permission View: can edit on DAG:example_branch_datetime_operator_2
[2023-01-04 08:01:01,531] {logging_mixin.py:115} INFO - [2023-01-04 08:01:01,531] {manager.py:508} INFO - Created Permission View: can read on DAG:example_branch_datetime_operator_2
[2023-01-04 08:01:01,542] {logging_mixin.py:115} INFO - [2023-01-04 08:01:01,541] {manager.py:508} INFO - Created Permission View: can delete on DAG:example_branch_datetime_operator_2
[2023-01-04 08:01:01,542] {logging_mixin.py:115} INFO - [2023-01-04 08:01:01,542] {dag.py:2379} INFO - Sync 1 DAGs
[2023-01-04 08:01:01,557] {logging_mixin.py:115} INFO - [2023-01-04 08:01:01,557] {dag.py:2398} INFO - Creating ORM DAG for example_branch_datetime_operator_2
[2023-01-04 08:01:01,583] {logging_mixin.py:115} INFO - [2023-01-04 08:01:01,583] {dag.py:2927} INFO - Setting next_dagrun for example_branch_datetime_operator_2 to 2023-01-03T00:00:00+00:00, run_after=2023-01-04T00:00:00+00:00
[2023-01-04 08:01:01,614] {processor.py:161} INFO - Processing /home/gustavo/Documents/etl_api_twitter/venv/lib/python3.9/site-packages/airflow/example_dags/example_branch_datetime_operator.py took 0.334 seconds
[2023-01-04 08:01:41,652] {processor.py:153} INFO - Started process (PID=28519) to work on /home/gustavo/Documents/etl_api_twitter/venv/lib/python3.9/site-packages/airflow/example_dags/example_branch_datetime_operator.py
[2023-01-04 08:01:41,660] {processor.py:641} INFO - Processing file /home/gustavo/Documents/etl_api_twitter/venv/lib/python3.9/site-packages/airflow/example_dags/example_branch_datetime_operator.py for tasks to queue
[2023-01-04 08:01:41,662] {logging_mixin.py:115} INFO - [2023-01-04 08:01:41,662] {dagbag.py:507} INFO - Filling up the DagBag from /home/gustavo/Documents/etl_api_twitter/venv/lib/python3.9/site-packages/airflow/example_dags/example_branch_datetime_operator.py
[2023-01-04 08:01:41,680] {processor.py:651} INFO - DAG(s) dict_keys(['example_branch_datetime_operator_2']) retrieved from /home/gustavo/Documents/etl_api_twitter/venv/lib/python3.9/site-packages/airflow/example_dags/example_branch_datetime_operator.py
[2023-01-04 08:01:41,721] {logging_mixin.py:115} INFO - [2023-01-04 08:01:41,721] {dag.py:2379} INFO - Sync 1 DAGs
[2023-01-04 08:01:41,759] {logging_mixin.py:115} INFO - [2023-01-04 08:01:41,759] {dag.py:2927} INFO - Setting next_dagrun for example_branch_datetime_operator_2 to 2023-01-03T00:00:00+00:00, run_after=2023-01-04T00:00:00+00:00
[2023-01-04 08:01:41,787] {processor.py:161} INFO - Processing /home/gustavo/Documents/etl_api_twitter/venv/lib/python3.9/site-packages/airflow/example_dags/example_branch_datetime_operator.py took 0.142 seconds
[2023-01-04 08:02:18,538] {processor.py:153} INFO - Started process (PID=28718) to work on /home/gustavo/Documents/etl_api_twitter/venv/lib/python3.9/site-packages/airflow/example_dags/example_branch_datetime_operator.py
[2023-01-04 08:02:18,544] {processor.py:641} INFO - Processing file /home/gustavo/Documents/etl_api_twitter/venv/lib/python3.9/site-packages/airflow/example_dags/example_branch_datetime_operator.py for tasks to queue
[2023-01-04 08:02:18,545] {logging_mixin.py:115} INFO - [2023-01-04 08:02:18,544] {dagbag.py:507} INFO - Filling up the DagBag from /home/gustavo/Documents/etl_api_twitter/venv/lib/python3.9/site-packages/airflow/example_dags/example_branch_datetime_operator.py
[2023-01-04 08:02:18,560] {processor.py:651} INFO - DAG(s) dict_keys(['example_branch_datetime_operator_2']) retrieved from /home/gustavo/Documents/etl_api_twitter/venv/lib/python3.9/site-packages/airflow/example_dags/example_branch_datetime_operator.py
[2023-01-04 08:02:18,605] {logging_mixin.py:115} INFO - [2023-01-04 08:02:18,605] {dag.py:2379} INFO - Sync 1 DAGs
[2023-01-04 08:02:18,635] {logging_mixin.py:115} INFO - [2023-01-04 08:02:18,635] {dag.py:2927} INFO - Setting next_dagrun for example_branch_datetime_operator_2 to 2023-01-03T00:00:00+00:00, run_after=2023-01-04T00:00:00+00:00
[2023-01-04 08:02:18,651] {processor.py:161} INFO - Processing /home/gustavo/Documents/etl_api_twitter/venv/lib/python3.9/site-packages/airflow/example_dags/example_branch_datetime_operator.py took 0.123 seconds
[2023-01-04 08:10:52,690] {processor.py:153} INFO - Started process (PID=3540) to work on /home/gustavo/Documents/etl_api_twitter/venv/lib/python3.9/site-packages/airflow/example_dags/example_branch_datetime_operator.py
[2023-01-04 08:10:52,693] {processor.py:641} INFO - Processing file /home/gustavo/Documents/etl_api_twitter/venv/lib/python3.9/site-packages/airflow/example_dags/example_branch_datetime_operator.py for tasks to queue
[2023-01-04 08:10:52,696] {logging_mixin.py:115} INFO - [2023-01-04 08:10:52,696] {dagbag.py:507} INFO - Filling up the DagBag from /home/gustavo/Documents/etl_api_twitter/venv/lib/python3.9/site-packages/airflow/example_dags/example_branch_datetime_operator.py
[2023-01-04 08:10:52,736] {processor.py:651} INFO - DAG(s) dict_keys(['example_branch_datetime_operator_2']) retrieved from /home/gustavo/Documents/etl_api_twitter/venv/lib/python3.9/site-packages/airflow/example_dags/example_branch_datetime_operator.py
[2023-01-04 08:10:52,813] {logging_mixin.py:115} INFO - [2023-01-04 08:10:52,813] {dag.py:2379} INFO - Sync 1 DAGs
[2023-01-04 08:10:52,872] {logging_mixin.py:115} INFO - [2023-01-04 08:10:52,872] {dag.py:2927} INFO - Setting next_dagrun for example_branch_datetime_operator_2 to 2023-01-03T00:00:00+00:00, run_after=2023-01-04T00:00:00+00:00
[2023-01-04 08:10:52,898] {processor.py:161} INFO - Processing /home/gustavo/Documents/etl_api_twitter/venv/lib/python3.9/site-packages/airflow/example_dags/example_branch_datetime_operator.py took 0.228 seconds
[2023-01-04 08:11:28,786] {processor.py:153} INFO - Started process (PID=3938) to work on /home/gustavo/Documents/etl_api_twitter/venv/lib/python3.9/site-packages/airflow/example_dags/example_branch_datetime_operator.py
[2023-01-04 08:11:28,787] {processor.py:641} INFO - Processing file /home/gustavo/Documents/etl_api_twitter/venv/lib/python3.9/site-packages/airflow/example_dags/example_branch_datetime_operator.py for tasks to queue
[2023-01-04 08:11:28,788] {logging_mixin.py:115} INFO - [2023-01-04 08:11:28,787] {dagbag.py:507} INFO - Filling up the DagBag from /home/gustavo/Documents/etl_api_twitter/venv/lib/python3.9/site-packages/airflow/example_dags/example_branch_datetime_operator.py
[2023-01-04 08:11:28,798] {processor.py:651} INFO - DAG(s) dict_keys(['example_branch_datetime_operator_2']) retrieved from /home/gustavo/Documents/etl_api_twitter/venv/lib/python3.9/site-packages/airflow/example_dags/example_branch_datetime_operator.py
[2023-01-04 08:11:28,833] {logging_mixin.py:115} INFO - [2023-01-04 08:11:28,833] {dag.py:2379} INFO - Sync 1 DAGs
[2023-01-04 08:11:28,854] {logging_mixin.py:115} INFO - [2023-01-04 08:11:28,854] {dag.py:2927} INFO - Setting next_dagrun for example_branch_datetime_operator_2 to 2023-01-03T00:00:00+00:00, run_after=2023-01-04T00:00:00+00:00
[2023-01-04 08:11:28,876] {processor.py:161} INFO - Processing /home/gustavo/Documents/etl_api_twitter/venv/lib/python3.9/site-packages/airflow/example_dags/example_branch_datetime_operator.py took 0.092 seconds
[2023-01-04 08:12:03,675] {processor.py:153} INFO - Started process (PID=4139) to work on /home/gustavo/Documents/etl_api_twitter/venv/lib/python3.9/site-packages/airflow/example_dags/example_branch_datetime_operator.py
[2023-01-04 08:12:03,676] {processor.py:641} INFO - Processing file /home/gustavo/Documents/etl_api_twitter/venv/lib/python3.9/site-packages/airflow/example_dags/example_branch_datetime_operator.py for tasks to queue
[2023-01-04 08:12:03,676] {logging_mixin.py:115} INFO - [2023-01-04 08:12:03,676] {dagbag.py:507} INFO - Filling up the DagBag from /home/gustavo/Documents/etl_api_twitter/venv/lib/python3.9/site-packages/airflow/example_dags/example_branch_datetime_operator.py
[2023-01-04 08:12:03,691] {processor.py:651} INFO - DAG(s) dict_keys(['example_branch_datetime_operator_2']) retrieved from /home/gustavo/Documents/etl_api_twitter/venv/lib/python3.9/site-packages/airflow/example_dags/example_branch_datetime_operator.py
[2023-01-04 08:12:03,713] {logging_mixin.py:115} INFO - [2023-01-04 08:12:03,713] {dag.py:2379} INFO - Sync 1 DAGs
[2023-01-04 08:12:03,734] {logging_mixin.py:115} INFO - [2023-01-04 08:12:03,734] {dag.py:2927} INFO - Setting next_dagrun for example_branch_datetime_operator_2 to 2023-01-03T00:00:00+00:00, run_after=2023-01-04T00:00:00+00:00
[2023-01-04 08:12:03,745] {processor.py:161} INFO - Processing /home/gustavo/Documents/etl_api_twitter/venv/lib/python3.9/site-packages/airflow/example_dags/example_branch_datetime_operator.py took 0.076 seconds
[2023-01-04 08:12:35,577] {processor.py:153} INFO - Started process (PID=4181) to work on /home/gustavo/Documents/etl_api_twitter/venv/lib/python3.9/site-packages/airflow/example_dags/example_branch_datetime_operator.py
[2023-01-04 08:12:35,579] {processor.py:641} INFO - Processing file /home/gustavo/Documents/etl_api_twitter/venv/lib/python3.9/site-packages/airflow/example_dags/example_branch_datetime_operator.py for tasks to queue
[2023-01-04 08:12:35,580] {logging_mixin.py:115} INFO - [2023-01-04 08:12:35,580] {dagbag.py:507} INFO - Filling up the DagBag from /home/gustavo/Documents/etl_api_twitter/venv/lib/python3.9/site-packages/airflow/example_dags/example_branch_datetime_operator.py
[2023-01-04 08:12:35,598] {processor.py:651} INFO - DAG(s) dict_keys(['example_branch_datetime_operator_2']) retrieved from /home/gustavo/Documents/etl_api_twitter/venv/lib/python3.9/site-packages/airflow/example_dags/example_branch_datetime_operator.py
[2023-01-04 08:12:35,620] {logging_mixin.py:115} INFO - [2023-01-04 08:12:35,620] {dag.py:2379} INFO - Sync 1 DAGs
[2023-01-04 08:12:35,653] {logging_mixin.py:115} INFO - [2023-01-04 08:12:35,653] {dag.py:2927} INFO - Setting next_dagrun for example_branch_datetime_operator_2 to 2023-01-03T00:00:00+00:00, run_after=2023-01-04T00:00:00+00:00
[2023-01-04 08:12:35,676] {processor.py:161} INFO - Processing /home/gustavo/Documents/etl_api_twitter/venv/lib/python3.9/site-packages/airflow/example_dags/example_branch_datetime_operator.py took 0.108 seconds
[2023-01-04 08:13:10,730] {processor.py:153} INFO - Started process (PID=4217) to work on /home/gustavo/Documents/etl_api_twitter/venv/lib/python3.9/site-packages/airflow/example_dags/example_branch_datetime_operator.py
[2023-01-04 08:13:10,732] {processor.py:641} INFO - Processing file /home/gustavo/Documents/etl_api_twitter/venv/lib/python3.9/site-packages/airflow/example_dags/example_branch_datetime_operator.py for tasks to queue
[2023-01-04 08:13:10,733] {logging_mixin.py:115} INFO - [2023-01-04 08:13:10,733] {dagbag.py:507} INFO - Filling up the DagBag from /home/gustavo/Documents/etl_api_twitter/venv/lib/python3.9/site-packages/airflow/example_dags/example_branch_datetime_operator.py
[2023-01-04 08:13:10,750] {processor.py:651} INFO - DAG(s) dict_keys(['example_branch_datetime_operator_2']) retrieved from /home/gustavo/Documents/etl_api_twitter/venv/lib/python3.9/site-packages/airflow/example_dags/example_branch_datetime_operator.py
[2023-01-04 08:13:10,782] {logging_mixin.py:115} INFO - [2023-01-04 08:13:10,782] {dag.py:2379} INFO - Sync 1 DAGs
[2023-01-04 08:13:10,800] {logging_mixin.py:115} INFO - [2023-01-04 08:13:10,800] {dag.py:2927} INFO - Setting next_dagrun for example_branch_datetime_operator_2 to 2023-01-03T00:00:00+00:00, run_after=2023-01-04T00:00:00+00:00
[2023-01-04 08:13:10,816] {processor.py:161} INFO - Processing /home/gustavo/Documents/etl_api_twitter/venv/lib/python3.9/site-packages/airflow/example_dags/example_branch_datetime_operator.py took 0.095 seconds
[2023-01-04 08:13:45,555] {processor.py:153} INFO - Started process (PID=4255) to work on /home/gustavo/Documents/etl_api_twitter/venv/lib/python3.9/site-packages/airflow/example_dags/example_branch_datetime_operator.py
[2023-01-04 08:13:45,557] {processor.py:641} INFO - Processing file /home/gustavo/Documents/etl_api_twitter/venv/lib/python3.9/site-packages/airflow/example_dags/example_branch_datetime_operator.py for tasks to queue
[2023-01-04 08:13:45,557] {logging_mixin.py:115} INFO - [2023-01-04 08:13:45,557] {dagbag.py:507} INFO - Filling up the DagBag from /home/gustavo/Documents/etl_api_twitter/venv/lib/python3.9/site-packages/airflow/example_dags/example_branch_datetime_operator.py
[2023-01-04 08:13:45,567] {processor.py:651} INFO - DAG(s) dict_keys(['example_branch_datetime_operator_2']) retrieved from /home/gustavo/Documents/etl_api_twitter/venv/lib/python3.9/site-packages/airflow/example_dags/example_branch_datetime_operator.py
[2023-01-04 08:13:45,590] {logging_mixin.py:115} INFO - [2023-01-04 08:13:45,590] {dag.py:2379} INFO - Sync 1 DAGs
[2023-01-04 08:13:45,615] {logging_mixin.py:115} INFO - [2023-01-04 08:13:45,615] {dag.py:2927} INFO - Setting next_dagrun for example_branch_datetime_operator_2 to 2023-01-03T00:00:00+00:00, run_after=2023-01-04T00:00:00+00:00
[2023-01-04 08:13:45,628] {processor.py:161} INFO - Processing /home/gustavo/Documents/etl_api_twitter/venv/lib/python3.9/site-packages/airflow/example_dags/example_branch_datetime_operator.py took 0.080 seconds
[2023-01-04 08:14:18,611] {processor.py:153} INFO - Started process (PID=4293) to work on /home/gustavo/Documents/etl_api_twitter/venv/lib/python3.9/site-packages/airflow/example_dags/example_branch_datetime_operator.py
[2023-01-04 08:14:18,612] {processor.py:641} INFO - Processing file /home/gustavo/Documents/etl_api_twitter/venv/lib/python3.9/site-packages/airflow/example_dags/example_branch_datetime_operator.py for tasks to queue
[2023-01-04 08:14:18,612] {logging_mixin.py:115} INFO - [2023-01-04 08:14:18,612] {dagbag.py:507} INFO - Filling up the DagBag from /home/gustavo/Documents/etl_api_twitter/venv/lib/python3.9/site-packages/airflow/example_dags/example_branch_datetime_operator.py
[2023-01-04 08:14:18,621] {processor.py:651} INFO - DAG(s) dict_keys(['example_branch_datetime_operator_2']) retrieved from /home/gustavo/Documents/etl_api_twitter/venv/lib/python3.9/site-packages/airflow/example_dags/example_branch_datetime_operator.py
[2023-01-04 08:14:18,648] {logging_mixin.py:115} INFO - [2023-01-04 08:14:18,647] {dag.py:2379} INFO - Sync 1 DAGs
[2023-01-04 08:14:18,669] {logging_mixin.py:115} INFO - [2023-01-04 08:14:18,668] {dag.py:2927} INFO - Setting next_dagrun for example_branch_datetime_operator_2 to 2023-01-03T00:00:00+00:00, run_after=2023-01-04T00:00:00+00:00
[2023-01-04 08:14:18,682] {processor.py:161} INFO - Processing /home/gustavo/Documents/etl_api_twitter/venv/lib/python3.9/site-packages/airflow/example_dags/example_branch_datetime_operator.py took 0.074 seconds
[2023-01-04 08:14:54,160] {processor.py:153} INFO - Started process (PID=4437) to work on /home/gustavo/Documents/etl_api_twitter/venv/lib/python3.9/site-packages/airflow/example_dags/example_branch_datetime_operator.py
[2023-01-04 08:14:54,161] {processor.py:641} INFO - Processing file /home/gustavo/Documents/etl_api_twitter/venv/lib/python3.9/site-packages/airflow/example_dags/example_branch_datetime_operator.py for tasks to queue
[2023-01-04 08:14:54,162] {logging_mixin.py:115} INFO - [2023-01-04 08:14:54,161] {dagbag.py:507} INFO - Filling up the DagBag from /home/gustavo/Documents/etl_api_twitter/venv/lib/python3.9/site-packages/airflow/example_dags/example_branch_datetime_operator.py
[2023-01-04 08:14:54,173] {processor.py:651} INFO - DAG(s) dict_keys(['example_branch_datetime_operator_2']) retrieved from /home/gustavo/Documents/etl_api_twitter/venv/lib/python3.9/site-packages/airflow/example_dags/example_branch_datetime_operator.py
[2023-01-04 08:14:54,195] {logging_mixin.py:115} INFO - [2023-01-04 08:14:54,195] {dag.py:2379} INFO - Sync 1 DAGs
[2023-01-04 08:14:54,210] {logging_mixin.py:115} INFO - [2023-01-04 08:14:54,210] {dag.py:2927} INFO - Setting next_dagrun for example_branch_datetime_operator_2 to 2023-01-03T00:00:00+00:00, run_after=2023-01-04T00:00:00+00:00
[2023-01-04 08:14:54,220] {processor.py:161} INFO - Processing /home/gustavo/Documents/etl_api_twitter/venv/lib/python3.9/site-packages/airflow/example_dags/example_branch_datetime_operator.py took 0.066 seconds
[2023-01-04 08:15:27,910] {processor.py:153} INFO - Started process (PID=4621) to work on /home/gustavo/Documents/etl_api_twitter/venv/lib/python3.9/site-packages/airflow/example_dags/example_branch_datetime_operator.py
[2023-01-04 08:15:27,911] {processor.py:641} INFO - Processing file /home/gustavo/Documents/etl_api_twitter/venv/lib/python3.9/site-packages/airflow/example_dags/example_branch_datetime_operator.py for tasks to queue
[2023-01-04 08:15:27,912] {logging_mixin.py:115} INFO - [2023-01-04 08:15:27,911] {dagbag.py:507} INFO - Filling up the DagBag from /home/gustavo/Documents/etl_api_twitter/venv/lib/python3.9/site-packages/airflow/example_dags/example_branch_datetime_operator.py
[2023-01-04 08:15:27,919] {processor.py:651} INFO - DAG(s) dict_keys(['example_branch_datetime_operator_2']) retrieved from /home/gustavo/Documents/etl_api_twitter/venv/lib/python3.9/site-packages/airflow/example_dags/example_branch_datetime_operator.py
[2023-01-04 08:15:27,934] {logging_mixin.py:115} INFO - [2023-01-04 08:15:27,934] {dag.py:2379} INFO - Sync 1 DAGs
[2023-01-04 08:15:27,949] {logging_mixin.py:115} INFO - [2023-01-04 08:15:27,949] {dag.py:2927} INFO - Setting next_dagrun for example_branch_datetime_operator_2 to 2023-01-03T00:00:00+00:00, run_after=2023-01-04T00:00:00+00:00
[2023-01-04 08:15:27,960] {processor.py:161} INFO - Processing /home/gustavo/Documents/etl_api_twitter/venv/lib/python3.9/site-packages/airflow/example_dags/example_branch_datetime_operator.py took 0.052 seconds
[2023-01-04 08:16:02,543] {processor.py:153} INFO - Started process (PID=4867) to work on /home/gustavo/Documents/etl_api_twitter/venv/lib/python3.9/site-packages/airflow/example_dags/example_branch_datetime_operator.py
[2023-01-04 08:16:02,544] {processor.py:641} INFO - Processing file /home/gustavo/Documents/etl_api_twitter/venv/lib/python3.9/site-packages/airflow/example_dags/example_branch_datetime_operator.py for tasks to queue
[2023-01-04 08:16:02,544] {logging_mixin.py:115} INFO - [2023-01-04 08:16:02,544] {dagbag.py:507} INFO - Filling up the DagBag from /home/gustavo/Documents/etl_api_twitter/venv/lib/python3.9/site-packages/airflow/example_dags/example_branch_datetime_operator.py
[2023-01-04 08:16:02,552] {processor.py:651} INFO - DAG(s) dict_keys(['example_branch_datetime_operator_2']) retrieved from /home/gustavo/Documents/etl_api_twitter/venv/lib/python3.9/site-packages/airflow/example_dags/example_branch_datetime_operator.py
[2023-01-04 08:16:02,565] {logging_mixin.py:115} INFO - [2023-01-04 08:16:02,565] {dag.py:2379} INFO - Sync 1 DAGs
[2023-01-04 08:16:02,589] {logging_mixin.py:115} INFO - [2023-01-04 08:16:02,589] {dag.py:2927} INFO - Setting next_dagrun for example_branch_datetime_operator_2 to 2023-01-03T00:00:00+00:00, run_after=2023-01-04T00:00:00+00:00
[2023-01-04 08:16:02,612] {processor.py:161} INFO - Processing /home/gustavo/Documents/etl_api_twitter/venv/lib/python3.9/site-packages/airflow/example_dags/example_branch_datetime_operator.py took 0.073 seconds
[2023-01-04 08:16:36,937] {processor.py:153} INFO - Started process (PID=5073) to work on /home/gustavo/Documents/etl_api_twitter/venv/lib/python3.9/site-packages/airflow/example_dags/example_branch_datetime_operator.py
[2023-01-04 08:16:36,940] {processor.py:641} INFO - Processing file /home/gustavo/Documents/etl_api_twitter/venv/lib/python3.9/site-packages/airflow/example_dags/example_branch_datetime_operator.py for tasks to queue
[2023-01-04 08:16:36,943] {logging_mixin.py:115} INFO - [2023-01-04 08:16:36,942] {dagbag.py:507} INFO - Filling up the DagBag from /home/gustavo/Documents/etl_api_twitter/venv/lib/python3.9/site-packages/airflow/example_dags/example_branch_datetime_operator.py
[2023-01-04 08:16:36,955] {processor.py:651} INFO - DAG(s) dict_keys(['example_branch_datetime_operator_2']) retrieved from /home/gustavo/Documents/etl_api_twitter/venv/lib/python3.9/site-packages/airflow/example_dags/example_branch_datetime_operator.py
[2023-01-04 08:16:36,971] {logging_mixin.py:115} INFO - [2023-01-04 08:16:36,971] {dag.py:2379} INFO - Sync 1 DAGs
[2023-01-04 08:16:37,010] {logging_mixin.py:115} INFO - [2023-01-04 08:16:37,010] {dag.py:2927} INFO - Setting next_dagrun for example_branch_datetime_operator_2 to 2023-01-03T00:00:00+00:00, run_after=2023-01-04T00:00:00+00:00
[2023-01-04 08:16:37,032] {processor.py:161} INFO - Processing /home/gustavo/Documents/etl_api_twitter/venv/lib/python3.9/site-packages/airflow/example_dags/example_branch_datetime_operator.py took 0.100 seconds
[2023-01-04 08:17:11,288] {processor.py:153} INFO - Started process (PID=5280) to work on /home/gustavo/Documents/etl_api_twitter/venv/lib/python3.9/site-packages/airflow/example_dags/example_branch_datetime_operator.py
[2023-01-04 08:17:11,289] {processor.py:641} INFO - Processing file /home/gustavo/Documents/etl_api_twitter/venv/lib/python3.9/site-packages/airflow/example_dags/example_branch_datetime_operator.py for tasks to queue
[2023-01-04 08:17:11,289] {logging_mixin.py:115} INFO - [2023-01-04 08:17:11,289] {dagbag.py:507} INFO - Filling up the DagBag from /home/gustavo/Documents/etl_api_twitter/venv/lib/python3.9/site-packages/airflow/example_dags/example_branch_datetime_operator.py
[2023-01-04 08:17:11,296] {processor.py:651} INFO - DAG(s) dict_keys(['example_branch_datetime_operator_2']) retrieved from /home/gustavo/Documents/etl_api_twitter/venv/lib/python3.9/site-packages/airflow/example_dags/example_branch_datetime_operator.py
[2023-01-04 08:17:11,316] {logging_mixin.py:115} INFO - [2023-01-04 08:17:11,316] {dag.py:2379} INFO - Sync 1 DAGs
[2023-01-04 08:17:11,333] {logging_mixin.py:115} INFO - [2023-01-04 08:17:11,333] {dag.py:2927} INFO - Setting next_dagrun for example_branch_datetime_operator_2 to 2023-01-03T00:00:00+00:00, run_after=2023-01-04T00:00:00+00:00
[2023-01-04 08:17:11,345] {processor.py:161} INFO - Processing /home/gustavo/Documents/etl_api_twitter/venv/lib/python3.9/site-packages/airflow/example_dags/example_branch_datetime_operator.py took 0.060 seconds
[2023-01-04 08:17:45,952] {processor.py:153} INFO - Started process (PID=5488) to work on /home/gustavo/Documents/etl_api_twitter/venv/lib/python3.9/site-packages/airflow/example_dags/example_branch_datetime_operator.py
[2023-01-04 08:17:45,952] {processor.py:641} INFO - Processing file /home/gustavo/Documents/etl_api_twitter/venv/lib/python3.9/site-packages/airflow/example_dags/example_branch_datetime_operator.py for tasks to queue
[2023-01-04 08:17:45,953] {logging_mixin.py:115} INFO - [2023-01-04 08:17:45,953] {dagbag.py:507} INFO - Filling up the DagBag from /home/gustavo/Documents/etl_api_twitter/venv/lib/python3.9/site-packages/airflow/example_dags/example_branch_datetime_operator.py
[2023-01-04 08:17:45,962] {processor.py:651} INFO - DAG(s) dict_keys(['example_branch_datetime_operator_2']) retrieved from /home/gustavo/Documents/etl_api_twitter/venv/lib/python3.9/site-packages/airflow/example_dags/example_branch_datetime_operator.py
[2023-01-04 08:17:45,987] {logging_mixin.py:115} INFO - [2023-01-04 08:17:45,986] {dag.py:2379} INFO - Sync 1 DAGs
[2023-01-04 08:17:46,011] {logging_mixin.py:115} INFO - [2023-01-04 08:17:46,011] {dag.py:2927} INFO - Setting next_dagrun for example_branch_datetime_operator_2 to 2023-01-03T00:00:00+00:00, run_after=2023-01-04T00:00:00+00:00
[2023-01-04 08:17:46,027] {processor.py:161} INFO - Processing /home/gustavo/Documents/etl_api_twitter/venv/lib/python3.9/site-packages/airflow/example_dags/example_branch_datetime_operator.py took 0.078 seconds
[2023-01-04 08:18:20,951] {processor.py:153} INFO - Started process (PID=5698) to work on /home/gustavo/Documents/etl_api_twitter/venv/lib/python3.9/site-packages/airflow/example_dags/example_branch_datetime_operator.py
[2023-01-04 08:18:20,952] {processor.py:641} INFO - Processing file /home/gustavo/Documents/etl_api_twitter/venv/lib/python3.9/site-packages/airflow/example_dags/example_branch_datetime_operator.py for tasks to queue
[2023-01-04 08:18:20,952] {logging_mixin.py:115} INFO - [2023-01-04 08:18:20,952] {dagbag.py:507} INFO - Filling up the DagBag from /home/gustavo/Documents/etl_api_twitter/venv/lib/python3.9/site-packages/airflow/example_dags/example_branch_datetime_operator.py
[2023-01-04 08:18:20,961] {processor.py:651} INFO - DAG(s) dict_keys(['example_branch_datetime_operator_2']) retrieved from /home/gustavo/Documents/etl_api_twitter/venv/lib/python3.9/site-packages/airflow/example_dags/example_branch_datetime_operator.py
[2023-01-04 08:18:20,977] {logging_mixin.py:115} INFO - [2023-01-04 08:18:20,977] {dag.py:2379} INFO - Sync 1 DAGs
[2023-01-04 08:18:21,003] {logging_mixin.py:115} INFO - [2023-01-04 08:18:21,003] {dag.py:2927} INFO - Setting next_dagrun for example_branch_datetime_operator_2 to 2023-01-03T00:00:00+00:00, run_after=2023-01-04T00:00:00+00:00
[2023-01-04 08:18:21,026] {processor.py:161} INFO - Processing /home/gustavo/Documents/etl_api_twitter/venv/lib/python3.9/site-packages/airflow/example_dags/example_branch_datetime_operator.py took 0.078 seconds
[2023-01-04 08:18:52,798] {processor.py:153} INFO - Started process (PID=5875) to work on /home/gustavo/Documents/etl_api_twitter/venv/lib/python3.9/site-packages/airflow/example_dags/example_branch_datetime_operator.py
[2023-01-04 08:18:52,800] {processor.py:641} INFO - Processing file /home/gustavo/Documents/etl_api_twitter/venv/lib/python3.9/site-packages/airflow/example_dags/example_branch_datetime_operator.py for tasks to queue
[2023-01-04 08:18:52,801] {logging_mixin.py:115} INFO - [2023-01-04 08:18:52,801] {dagbag.py:507} INFO - Filling up the DagBag from /home/gustavo/Documents/etl_api_twitter/venv/lib/python3.9/site-packages/airflow/example_dags/example_branch_datetime_operator.py
[2023-01-04 08:18:52,815] {processor.py:651} INFO - DAG(s) dict_keys(['example_branch_datetime_operator_2']) retrieved from /home/gustavo/Documents/etl_api_twitter/venv/lib/python3.9/site-packages/airflow/example_dags/example_branch_datetime_operator.py
[2023-01-04 08:18:52,835] {logging_mixin.py:115} INFO - [2023-01-04 08:18:52,835] {dag.py:2379} INFO - Sync 1 DAGs
[2023-01-04 08:18:52,850] {logging_mixin.py:115} INFO - [2023-01-04 08:18:52,850] {dag.py:2927} INFO - Setting next_dagrun for example_branch_datetime_operator_2 to 2023-01-03T00:00:00+00:00, run_after=2023-01-04T00:00:00+00:00
[2023-01-04 08:18:52,863] {processor.py:161} INFO - Processing /home/gustavo/Documents/etl_api_twitter/venv/lib/python3.9/site-packages/airflow/example_dags/example_branch_datetime_operator.py took 0.073 seconds
[2023-01-04 08:19:27,126] {processor.py:153} INFO - Started process (PID=6081) to work on /home/gustavo/Documents/etl_api_twitter/venv/lib/python3.9/site-packages/airflow/example_dags/example_branch_datetime_operator.py
[2023-01-04 08:19:27,127] {processor.py:641} INFO - Processing file /home/gustavo/Documents/etl_api_twitter/venv/lib/python3.9/site-packages/airflow/example_dags/example_branch_datetime_operator.py for tasks to queue
[2023-01-04 08:19:27,128] {logging_mixin.py:115} INFO - [2023-01-04 08:19:27,128] {dagbag.py:507} INFO - Filling up the DagBag from /home/gustavo/Documents/etl_api_twitter/venv/lib/python3.9/site-packages/airflow/example_dags/example_branch_datetime_operator.py
[2023-01-04 08:19:27,139] {processor.py:651} INFO - DAG(s) dict_keys(['example_branch_datetime_operator_2']) retrieved from /home/gustavo/Documents/etl_api_twitter/venv/lib/python3.9/site-packages/airflow/example_dags/example_branch_datetime_operator.py
[2023-01-04 08:19:27,165] {logging_mixin.py:115} INFO - [2023-01-04 08:19:27,164] {dag.py:2379} INFO - Sync 1 DAGs
[2023-01-04 08:19:27,189] {logging_mixin.py:115} INFO - [2023-01-04 08:19:27,189] {dag.py:2927} INFO - Setting next_dagrun for example_branch_datetime_operator_2 to 2023-01-03T00:00:00+00:00, run_after=2023-01-04T00:00:00+00:00
[2023-01-04 08:19:27,213] {processor.py:161} INFO - Processing /home/gustavo/Documents/etl_api_twitter/venv/lib/python3.9/site-packages/airflow/example_dags/example_branch_datetime_operator.py took 0.091 seconds
[2023-01-04 08:20:01,669] {processor.py:153} INFO - Started process (PID=6264) to work on /home/gustavo/Documents/etl_api_twitter/venv/lib/python3.9/site-packages/airflow/example_dags/example_branch_datetime_operator.py
[2023-01-04 08:20:01,671] {processor.py:641} INFO - Processing file /home/gustavo/Documents/etl_api_twitter/venv/lib/python3.9/site-packages/airflow/example_dags/example_branch_datetime_operator.py for tasks to queue
[2023-01-04 08:20:01,672] {logging_mixin.py:115} INFO - [2023-01-04 08:20:01,672] {dagbag.py:507} INFO - Filling up the DagBag from /home/gustavo/Documents/etl_api_twitter/venv/lib/python3.9/site-packages/airflow/example_dags/example_branch_datetime_operator.py
[2023-01-04 08:20:01,684] {processor.py:651} INFO - DAG(s) dict_keys(['example_branch_datetime_operator_2']) retrieved from /home/gustavo/Documents/etl_api_twitter/venv/lib/python3.9/site-packages/airflow/example_dags/example_branch_datetime_operator.py
[2023-01-04 08:20:01,699] {logging_mixin.py:115} INFO - [2023-01-04 08:20:01,699] {dag.py:2379} INFO - Sync 1 DAGs
[2023-01-04 08:20:01,719] {logging_mixin.py:115} INFO - [2023-01-04 08:20:01,719] {dag.py:2927} INFO - Setting next_dagrun for example_branch_datetime_operator_2 to 2023-01-03T00:00:00+00:00, run_after=2023-01-04T00:00:00+00:00
[2023-01-04 08:20:01,741] {processor.py:161} INFO - Processing /home/gustavo/Documents/etl_api_twitter/venv/lib/python3.9/site-packages/airflow/example_dags/example_branch_datetime_operator.py took 0.080 seconds
[2023-01-04 08:20:33,806] {processor.py:153} INFO - Started process (PID=6466) to work on /home/gustavo/Documents/etl_api_twitter/venv/lib/python3.9/site-packages/airflow/example_dags/example_branch_datetime_operator.py
[2023-01-04 08:20:33,808] {processor.py:641} INFO - Processing file /home/gustavo/Documents/etl_api_twitter/venv/lib/python3.9/site-packages/airflow/example_dags/example_branch_datetime_operator.py for tasks to queue
[2023-01-04 08:20:33,809] {logging_mixin.py:115} INFO - [2023-01-04 08:20:33,809] {dagbag.py:507} INFO - Filling up the DagBag from /home/gustavo/Documents/etl_api_twitter/venv/lib/python3.9/site-packages/airflow/example_dags/example_branch_datetime_operator.py
[2023-01-04 08:20:33,822] {processor.py:651} INFO - DAG(s) dict_keys(['example_branch_datetime_operator_2']) retrieved from /home/gustavo/Documents/etl_api_twitter/venv/lib/python3.9/site-packages/airflow/example_dags/example_branch_datetime_operator.py
[2023-01-04 08:20:33,844] {logging_mixin.py:115} INFO - [2023-01-04 08:20:33,843] {dag.py:2379} INFO - Sync 1 DAGs
[2023-01-04 08:20:33,882] {logging_mixin.py:115} INFO - [2023-01-04 08:20:33,882] {dag.py:2927} INFO - Setting next_dagrun for example_branch_datetime_operator_2 to 2023-01-03T00:00:00+00:00, run_after=2023-01-04T00:00:00+00:00
[2023-01-04 08:20:33,905] {processor.py:161} INFO - Processing /home/gustavo/Documents/etl_api_twitter/venv/lib/python3.9/site-packages/airflow/example_dags/example_branch_datetime_operator.py took 0.106 seconds
[2023-01-04 08:21:09,623] {processor.py:153} INFO - Started process (PID=6725) to work on /home/gustavo/Documents/etl_api_twitter/venv/lib/python3.9/site-packages/airflow/example_dags/example_branch_datetime_operator.py
[2023-01-04 08:21:09,624] {processor.py:641} INFO - Processing file /home/gustavo/Documents/etl_api_twitter/venv/lib/python3.9/site-packages/airflow/example_dags/example_branch_datetime_operator.py for tasks to queue
[2023-01-04 08:21:09,624] {logging_mixin.py:115} INFO - [2023-01-04 08:21:09,624] {dagbag.py:507} INFO - Filling up the DagBag from /home/gustavo/Documents/etl_api_twitter/venv/lib/python3.9/site-packages/airflow/example_dags/example_branch_datetime_operator.py
[2023-01-04 08:21:09,632] {processor.py:651} INFO - DAG(s) dict_keys(['example_branch_datetime_operator_2']) retrieved from /home/gustavo/Documents/etl_api_twitter/venv/lib/python3.9/site-packages/airflow/example_dags/example_branch_datetime_operator.py
[2023-01-04 08:21:09,656] {logging_mixin.py:115} INFO - [2023-01-04 08:21:09,655] {dag.py:2379} INFO - Sync 1 DAGs
[2023-01-04 08:21:09,672] {logging_mixin.py:115} INFO - [2023-01-04 08:21:09,672] {dag.py:2927} INFO - Setting next_dagrun for example_branch_datetime_operator_2 to 2023-01-03T00:00:00+00:00, run_after=2023-01-04T00:00:00+00:00
[2023-01-04 08:21:09,681] {processor.py:161} INFO - Processing /home/gustavo/Documents/etl_api_twitter/venv/lib/python3.9/site-packages/airflow/example_dags/example_branch_datetime_operator.py took 0.060 seconds
[2023-01-04 08:21:43,261] {processor.py:153} INFO - Started process (PID=6904) to work on /home/gustavo/Documents/etl_api_twitter/venv/lib/python3.9/site-packages/airflow/example_dags/example_branch_datetime_operator.py
[2023-01-04 08:21:43,262] {processor.py:641} INFO - Processing file /home/gustavo/Documents/etl_api_twitter/venv/lib/python3.9/site-packages/airflow/example_dags/example_branch_datetime_operator.py for tasks to queue
[2023-01-04 08:21:43,262] {logging_mixin.py:115} INFO - [2023-01-04 08:21:43,262] {dagbag.py:507} INFO - Filling up the DagBag from /home/gustavo/Documents/etl_api_twitter/venv/lib/python3.9/site-packages/airflow/example_dags/example_branch_datetime_operator.py
[2023-01-04 08:21:43,278] {processor.py:651} INFO - DAG(s) dict_keys(['example_branch_datetime_operator_2']) retrieved from /home/gustavo/Documents/etl_api_twitter/venv/lib/python3.9/site-packages/airflow/example_dags/example_branch_datetime_operator.py
[2023-01-04 08:21:43,291] {logging_mixin.py:115} INFO - [2023-01-04 08:21:43,291] {dag.py:2379} INFO - Sync 1 DAGs
[2023-01-04 08:21:43,309] {logging_mixin.py:115} INFO - [2023-01-04 08:21:43,309] {dag.py:2927} INFO - Setting next_dagrun for example_branch_datetime_operator_2 to 2023-01-03T00:00:00+00:00, run_after=2023-01-04T00:00:00+00:00
[2023-01-04 08:21:43,324] {processor.py:161} INFO - Processing /home/gustavo/Documents/etl_api_twitter/venv/lib/python3.9/site-packages/airflow/example_dags/example_branch_datetime_operator.py took 0.069 seconds
[2023-01-04 08:22:17,087] {processor.py:153} INFO - Started process (PID=7107) to work on /home/gustavo/Documents/etl_api_twitter/venv/lib/python3.9/site-packages/airflow/example_dags/example_branch_datetime_operator.py
[2023-01-04 08:22:17,089] {processor.py:641} INFO - Processing file /home/gustavo/Documents/etl_api_twitter/venv/lib/python3.9/site-packages/airflow/example_dags/example_branch_datetime_operator.py for tasks to queue
[2023-01-04 08:22:17,090] {logging_mixin.py:115} INFO - [2023-01-04 08:22:17,090] {dagbag.py:507} INFO - Filling up the DagBag from /home/gustavo/Documents/etl_api_twitter/venv/lib/python3.9/site-packages/airflow/example_dags/example_branch_datetime_operator.py
[2023-01-04 08:22:17,105] {processor.py:651} INFO - DAG(s) dict_keys(['example_branch_datetime_operator_2']) retrieved from /home/gustavo/Documents/etl_api_twitter/venv/lib/python3.9/site-packages/airflow/example_dags/example_branch_datetime_operator.py
[2023-01-04 08:22:17,123] {logging_mixin.py:115} INFO - [2023-01-04 08:22:17,123] {dag.py:2379} INFO - Sync 1 DAGs
[2023-01-04 08:22:17,144] {logging_mixin.py:115} INFO - [2023-01-04 08:22:17,144] {dag.py:2927} INFO - Setting next_dagrun for example_branch_datetime_operator_2 to 2023-01-03T00:00:00+00:00, run_after=2023-01-04T00:00:00+00:00
[2023-01-04 08:22:17,158] {processor.py:161} INFO - Processing /home/gustavo/Documents/etl_api_twitter/venv/lib/python3.9/site-packages/airflow/example_dags/example_branch_datetime_operator.py took 0.077 seconds
[2023-01-04 08:22:50,363] {processor.py:153} INFO - Started process (PID=7296) to work on /home/gustavo/Documents/etl_api_twitter/venv/lib/python3.9/site-packages/airflow/example_dags/example_branch_datetime_operator.py
[2023-01-04 08:22:50,365] {processor.py:641} INFO - Processing file /home/gustavo/Documents/etl_api_twitter/venv/lib/python3.9/site-packages/airflow/example_dags/example_branch_datetime_operator.py for tasks to queue
[2023-01-04 08:22:50,367] {logging_mixin.py:115} INFO - [2023-01-04 08:22:50,367] {dagbag.py:507} INFO - Filling up the DagBag from /home/gustavo/Documents/etl_api_twitter/venv/lib/python3.9/site-packages/airflow/example_dags/example_branch_datetime_operator.py
[2023-01-04 08:22:50,383] {processor.py:651} INFO - DAG(s) dict_keys(['example_branch_datetime_operator_2']) retrieved from /home/gustavo/Documents/etl_api_twitter/venv/lib/python3.9/site-packages/airflow/example_dags/example_branch_datetime_operator.py
[2023-01-04 08:22:50,410] {logging_mixin.py:115} INFO - [2023-01-04 08:22:50,410] {dag.py:2379} INFO - Sync 1 DAGs
[2023-01-04 08:22:50,426] {logging_mixin.py:115} INFO - [2023-01-04 08:22:50,426] {dag.py:2927} INFO - Setting next_dagrun for example_branch_datetime_operator_2 to 2023-01-03T00:00:00+00:00, run_after=2023-01-04T00:00:00+00:00
[2023-01-04 08:22:50,439] {processor.py:161} INFO - Processing /home/gustavo/Documents/etl_api_twitter/venv/lib/python3.9/site-packages/airflow/example_dags/example_branch_datetime_operator.py took 0.084 seconds
[2023-01-04 08:23:25,350] {processor.py:153} INFO - Started process (PID=7506) to work on /home/gustavo/Documents/etl_api_twitter/venv/lib/python3.9/site-packages/airflow/example_dags/example_branch_datetime_operator.py
[2023-01-04 08:23:25,351] {processor.py:641} INFO - Processing file /home/gustavo/Documents/etl_api_twitter/venv/lib/python3.9/site-packages/airflow/example_dags/example_branch_datetime_operator.py for tasks to queue
[2023-01-04 08:23:25,351] {logging_mixin.py:115} INFO - [2023-01-04 08:23:25,351] {dagbag.py:507} INFO - Filling up the DagBag from /home/gustavo/Documents/etl_api_twitter/venv/lib/python3.9/site-packages/airflow/example_dags/example_branch_datetime_operator.py
[2023-01-04 08:23:25,359] {processor.py:651} INFO - DAG(s) dict_keys(['example_branch_datetime_operator_2']) retrieved from /home/gustavo/Documents/etl_api_twitter/venv/lib/python3.9/site-packages/airflow/example_dags/example_branch_datetime_operator.py
[2023-01-04 08:23:25,417] {logging_mixin.py:115} INFO - [2023-01-04 08:23:25,416] {dag.py:2379} INFO - Sync 1 DAGs
[2023-01-04 08:23:25,451] {logging_mixin.py:115} INFO - [2023-01-04 08:23:25,451] {dag.py:2927} INFO - Setting next_dagrun for example_branch_datetime_operator_2 to 2023-01-03T00:00:00+00:00, run_after=2023-01-04T00:00:00+00:00
[2023-01-04 08:23:25,472] {processor.py:161} INFO - Processing /home/gustavo/Documents/etl_api_twitter/venv/lib/python3.9/site-packages/airflow/example_dags/example_branch_datetime_operator.py took 0.126 seconds
[2023-01-04 08:24:00,540] {processor.py:153} INFO - Started process (PID=7709) to work on /home/gustavo/Documents/etl_api_twitter/venv/lib/python3.9/site-packages/airflow/example_dags/example_branch_datetime_operator.py
[2023-01-04 08:24:00,542] {processor.py:641} INFO - Processing file /home/gustavo/Documents/etl_api_twitter/venv/lib/python3.9/site-packages/airflow/example_dags/example_branch_datetime_operator.py for tasks to queue
[2023-01-04 08:24:00,543] {logging_mixin.py:115} INFO - [2023-01-04 08:24:00,543] {dagbag.py:507} INFO - Filling up the DagBag from /home/gustavo/Documents/etl_api_twitter/venv/lib/python3.9/site-packages/airflow/example_dags/example_branch_datetime_operator.py
[2023-01-04 08:24:00,562] {processor.py:651} INFO - DAG(s) dict_keys(['example_branch_datetime_operator_2']) retrieved from /home/gustavo/Documents/etl_api_twitter/venv/lib/python3.9/site-packages/airflow/example_dags/example_branch_datetime_operator.py
[2023-01-04 08:24:00,588] {logging_mixin.py:115} INFO - [2023-01-04 08:24:00,588] {dag.py:2379} INFO - Sync 1 DAGs
[2023-01-04 08:24:00,631] {logging_mixin.py:115} INFO - [2023-01-04 08:24:00,631] {dag.py:2927} INFO - Setting next_dagrun for example_branch_datetime_operator_2 to 2023-01-03T00:00:00+00:00, run_after=2023-01-04T00:00:00+00:00
[2023-01-04 08:24:00,653] {processor.py:161} INFO - Processing /home/gustavo/Documents/etl_api_twitter/venv/lib/python3.9/site-packages/airflow/example_dags/example_branch_datetime_operator.py took 0.120 seconds
[2023-01-04 08:24:32,474] {processor.py:153} INFO - Started process (PID=7886) to work on /home/gustavo/Documents/etl_api_twitter/venv/lib/python3.9/site-packages/airflow/example_dags/example_branch_datetime_operator.py
[2023-01-04 08:24:32,475] {processor.py:641} INFO - Processing file /home/gustavo/Documents/etl_api_twitter/venv/lib/python3.9/site-packages/airflow/example_dags/example_branch_datetime_operator.py for tasks to queue
[2023-01-04 08:24:32,476] {logging_mixin.py:115} INFO - [2023-01-04 08:24:32,475] {dagbag.py:507} INFO - Filling up the DagBag from /home/gustavo/Documents/etl_api_twitter/venv/lib/python3.9/site-packages/airflow/example_dags/example_branch_datetime_operator.py
[2023-01-04 08:24:32,486] {processor.py:651} INFO - DAG(s) dict_keys(['example_branch_datetime_operator_2']) retrieved from /home/gustavo/Documents/etl_api_twitter/venv/lib/python3.9/site-packages/airflow/example_dags/example_branch_datetime_operator.py
[2023-01-04 08:24:32,518] {logging_mixin.py:115} INFO - [2023-01-04 08:24:32,518] {dag.py:2379} INFO - Sync 1 DAGs
[2023-01-04 08:24:32,554] {logging_mixin.py:115} INFO - [2023-01-04 08:24:32,554] {dag.py:2927} INFO - Setting next_dagrun for example_branch_datetime_operator_2 to 2023-01-03T00:00:00+00:00, run_after=2023-01-04T00:00:00+00:00
[2023-01-04 08:24:32,585] {processor.py:161} INFO - Processing /home/gustavo/Documents/etl_api_twitter/venv/lib/python3.9/site-packages/airflow/example_dags/example_branch_datetime_operator.py took 0.118 seconds
[2023-01-04 08:25:05,668] {processor.py:153} INFO - Started process (PID=8088) to work on /home/gustavo/Documents/etl_api_twitter/venv/lib/python3.9/site-packages/airflow/example_dags/example_branch_datetime_operator.py
[2023-01-04 08:25:05,670] {processor.py:641} INFO - Processing file /home/gustavo/Documents/etl_api_twitter/venv/lib/python3.9/site-packages/airflow/example_dags/example_branch_datetime_operator.py for tasks to queue
[2023-01-04 08:25:05,671] {logging_mixin.py:115} INFO - [2023-01-04 08:25:05,670] {dagbag.py:507} INFO - Filling up the DagBag from /home/gustavo/Documents/etl_api_twitter/venv/lib/python3.9/site-packages/airflow/example_dags/example_branch_datetime_operator.py
[2023-01-04 08:25:05,682] {processor.py:651} INFO - DAG(s) dict_keys(['example_branch_datetime_operator_2']) retrieved from /home/gustavo/Documents/etl_api_twitter/venv/lib/python3.9/site-packages/airflow/example_dags/example_branch_datetime_operator.py
[2023-01-04 08:25:05,707] {logging_mixin.py:115} INFO - [2023-01-04 08:25:05,707] {dag.py:2379} INFO - Sync 1 DAGs
[2023-01-04 08:25:05,730] {logging_mixin.py:115} INFO - [2023-01-04 08:25:05,730] {dag.py:2927} INFO - Setting next_dagrun for example_branch_datetime_operator_2 to 2023-01-03T00:00:00+00:00, run_after=2023-01-04T00:00:00+00:00
[2023-01-04 08:25:05,750] {processor.py:161} INFO - Processing /home/gustavo/Documents/etl_api_twitter/venv/lib/python3.9/site-packages/airflow/example_dags/example_branch_datetime_operator.py took 0.087 seconds
[2023-01-04 08:25:39,396] {processor.py:153} INFO - Started process (PID=8323) to work on /home/gustavo/Documents/etl_api_twitter/venv/lib/python3.9/site-packages/airflow/example_dags/example_branch_datetime_operator.py
[2023-01-04 08:25:39,397] {processor.py:641} INFO - Processing file /home/gustavo/Documents/etl_api_twitter/venv/lib/python3.9/site-packages/airflow/example_dags/example_branch_datetime_operator.py for tasks to queue
[2023-01-04 08:25:39,398] {logging_mixin.py:115} INFO - [2023-01-04 08:25:39,398] {dagbag.py:507} INFO - Filling up the DagBag from /home/gustavo/Documents/etl_api_twitter/venv/lib/python3.9/site-packages/airflow/example_dags/example_branch_datetime_operator.py
[2023-01-04 08:25:39,411] {processor.py:651} INFO - DAG(s) dict_keys(['example_branch_datetime_operator_2']) retrieved from /home/gustavo/Documents/etl_api_twitter/venv/lib/python3.9/site-packages/airflow/example_dags/example_branch_datetime_operator.py
[2023-01-04 08:25:39,433] {logging_mixin.py:115} INFO - [2023-01-04 08:25:39,433] {dag.py:2379} INFO - Sync 1 DAGs
[2023-01-04 08:25:39,467] {logging_mixin.py:115} INFO - [2023-01-04 08:25:39,467] {dag.py:2927} INFO - Setting next_dagrun for example_branch_datetime_operator_2 to 2023-01-03T00:00:00+00:00, run_after=2023-01-04T00:00:00+00:00
[2023-01-04 08:25:39,481] {processor.py:161} INFO - Processing /home/gustavo/Documents/etl_api_twitter/venv/lib/python3.9/site-packages/airflow/example_dags/example_branch_datetime_operator.py took 0.091 seconds
[2023-01-04 08:26:14,509] {processor.py:153} INFO - Started process (PID=8529) to work on /home/gustavo/Documents/etl_api_twitter/venv/lib/python3.9/site-packages/airflow/example_dags/example_branch_datetime_operator.py
[2023-01-04 08:26:14,511] {processor.py:641} INFO - Processing file /home/gustavo/Documents/etl_api_twitter/venv/lib/python3.9/site-packages/airflow/example_dags/example_branch_datetime_operator.py for tasks to queue
[2023-01-04 08:26:14,513] {logging_mixin.py:115} INFO - [2023-01-04 08:26:14,513] {dagbag.py:507} INFO - Filling up the DagBag from /home/gustavo/Documents/etl_api_twitter/venv/lib/python3.9/site-packages/airflow/example_dags/example_branch_datetime_operator.py
[2023-01-04 08:26:14,529] {processor.py:651} INFO - DAG(s) dict_keys(['example_branch_datetime_operator_2']) retrieved from /home/gustavo/Documents/etl_api_twitter/venv/lib/python3.9/site-packages/airflow/example_dags/example_branch_datetime_operator.py
[2023-01-04 08:26:14,558] {logging_mixin.py:115} INFO - [2023-01-04 08:26:14,558] {dag.py:2379} INFO - Sync 1 DAGs
[2023-01-04 08:26:14,588] {logging_mixin.py:115} INFO - [2023-01-04 08:26:14,587] {dag.py:2927} INFO - Setting next_dagrun for example_branch_datetime_operator_2 to 2023-01-03T00:00:00+00:00, run_after=2023-01-04T00:00:00+00:00
[2023-01-04 08:26:14,599] {processor.py:161} INFO - Processing /home/gustavo/Documents/etl_api_twitter/venv/lib/python3.9/site-packages/airflow/example_dags/example_branch_datetime_operator.py took 0.099 seconds
[2023-01-04 08:26:45,701] {processor.py:153} INFO - Started process (PID=8705) to work on /home/gustavo/Documents/etl_api_twitter/venv/lib/python3.9/site-packages/airflow/example_dags/example_branch_datetime_operator.py
[2023-01-04 08:26:45,703] {processor.py:641} INFO - Processing file /home/gustavo/Documents/etl_api_twitter/venv/lib/python3.9/site-packages/airflow/example_dags/example_branch_datetime_operator.py for tasks to queue
[2023-01-04 08:26:45,704] {logging_mixin.py:115} INFO - [2023-01-04 08:26:45,704] {dagbag.py:507} INFO - Filling up the DagBag from /home/gustavo/Documents/etl_api_twitter/venv/lib/python3.9/site-packages/airflow/example_dags/example_branch_datetime_operator.py
[2023-01-04 08:26:45,719] {processor.py:651} INFO - DAG(s) dict_keys(['example_branch_datetime_operator_2']) retrieved from /home/gustavo/Documents/etl_api_twitter/venv/lib/python3.9/site-packages/airflow/example_dags/example_branch_datetime_operator.py
[2023-01-04 08:26:45,744] {logging_mixin.py:115} INFO - [2023-01-04 08:26:45,744] {dag.py:2379} INFO - Sync 1 DAGs
[2023-01-04 08:26:45,771] {logging_mixin.py:115} INFO - [2023-01-04 08:26:45,771] {dag.py:2927} INFO - Setting next_dagrun for example_branch_datetime_operator_2 to 2023-01-03T00:00:00+00:00, run_after=2023-01-04T00:00:00+00:00
[2023-01-04 08:26:45,783] {processor.py:161} INFO - Processing /home/gustavo/Documents/etl_api_twitter/venv/lib/python3.9/site-packages/airflow/example_dags/example_branch_datetime_operator.py took 0.087 seconds
[2023-01-04 08:27:19,726] {processor.py:153} INFO - Started process (PID=8914) to work on /home/gustavo/Documents/etl_api_twitter/venv/lib/python3.9/site-packages/airflow/example_dags/example_branch_datetime_operator.py
[2023-01-04 08:27:19,728] {processor.py:641} INFO - Processing file /home/gustavo/Documents/etl_api_twitter/venv/lib/python3.9/site-packages/airflow/example_dags/example_branch_datetime_operator.py for tasks to queue
[2023-01-04 08:27:19,728] {logging_mixin.py:115} INFO - [2023-01-04 08:27:19,728] {dagbag.py:507} INFO - Filling up the DagBag from /home/gustavo/Documents/etl_api_twitter/venv/lib/python3.9/site-packages/airflow/example_dags/example_branch_datetime_operator.py
[2023-01-04 08:27:19,736] {processor.py:651} INFO - DAG(s) dict_keys(['example_branch_datetime_operator_2']) retrieved from /home/gustavo/Documents/etl_api_twitter/venv/lib/python3.9/site-packages/airflow/example_dags/example_branch_datetime_operator.py
[2023-01-04 08:27:19,752] {logging_mixin.py:115} INFO - [2023-01-04 08:27:19,752] {dag.py:2379} INFO - Sync 1 DAGs
[2023-01-04 08:27:19,773] {logging_mixin.py:115} INFO - [2023-01-04 08:27:19,773] {dag.py:2927} INFO - Setting next_dagrun for example_branch_datetime_operator_2 to 2023-01-03T00:00:00+00:00, run_after=2023-01-04T00:00:00+00:00
[2023-01-04 08:27:19,783] {processor.py:161} INFO - Processing /home/gustavo/Documents/etl_api_twitter/venv/lib/python3.9/site-packages/airflow/example_dags/example_branch_datetime_operator.py took 0.062 seconds
