[2023-01-04 08:01:19,897] {processor.py:153} INFO - Started process (PID=28386) to work on /home/gustavo/Documents/etl_api_twitter/venv/lib/python3.9/site-packages/airflow/example_dags/example_branch_python_dop_operator_3.py
[2023-01-04 08:01:19,900] {processor.py:641} INFO - Processing file /home/gustavo/Documents/etl_api_twitter/venv/lib/python3.9/site-packages/airflow/example_dags/example_branch_python_dop_operator_3.py for tasks to queue
[2023-01-04 08:01:19,901] {logging_mixin.py:115} INFO - [2023-01-04 08:01:19,900] {dagbag.py:507} INFO - Filling up the DagBag from /home/gustavo/Documents/etl_api_twitter/venv/lib/python3.9/site-packages/airflow/example_dags/example_branch_python_dop_operator_3.py
[2023-01-04 08:01:19,918] {processor.py:651} INFO - DAG(s) dict_keys(['example_branch_dop_operator_v3']) retrieved from /home/gustavo/Documents/etl_api_twitter/venv/lib/python3.9/site-packages/airflow/example_dags/example_branch_python_dop_operator_3.py
[2023-01-04 08:01:20,039] {logging_mixin.py:115} INFO - [2023-01-04 08:01:20,038] {manager.py:508} INFO - Created Permission View: can edit on DAG:example_branch_dop_operator_v3
[2023-01-04 08:01:20,053] {logging_mixin.py:115} INFO - [2023-01-04 08:01:20,052] {manager.py:508} INFO - Created Permission View: can read on DAG:example_branch_dop_operator_v3
[2023-01-04 08:01:20,071] {logging_mixin.py:115} INFO - [2023-01-04 08:01:20,071] {manager.py:508} INFO - Created Permission View: can delete on DAG:example_branch_dop_operator_v3
[2023-01-04 08:01:20,071] {logging_mixin.py:115} INFO - [2023-01-04 08:01:20,071] {dag.py:2379} INFO - Sync 1 DAGs
[2023-01-04 08:01:20,100] {logging_mixin.py:115} INFO - [2023-01-04 08:01:20,100] {dag.py:2398} INFO - Creating ORM DAG for example_branch_dop_operator_v3
[2023-01-04 08:01:20,130] {logging_mixin.py:115} INFO - [2023-01-04 08:01:20,130] {dag.py:2927} INFO - Setting next_dagrun for example_branch_dop_operator_v3 to 2023-01-04T11:00:00+00:00, run_after=2023-01-04T11:01:00+00:00
[2023-01-04 08:01:20,160] {processor.py:161} INFO - Processing /home/gustavo/Documents/etl_api_twitter/venv/lib/python3.9/site-packages/airflow/example_dags/example_branch_python_dop_operator_3.py took 0.270 seconds
[2023-01-04 08:01:57,442] {processor.py:153} INFO - Started process (PID=28616) to work on /home/gustavo/Documents/etl_api_twitter/venv/lib/python3.9/site-packages/airflow/example_dags/example_branch_python_dop_operator_3.py
[2023-01-04 08:01:57,448] {processor.py:641} INFO - Processing file /home/gustavo/Documents/etl_api_twitter/venv/lib/python3.9/site-packages/airflow/example_dags/example_branch_python_dop_operator_3.py for tasks to queue
[2023-01-04 08:01:57,450] {logging_mixin.py:115} INFO - [2023-01-04 08:01:57,449] {dagbag.py:507} INFO - Filling up the DagBag from /home/gustavo/Documents/etl_api_twitter/venv/lib/python3.9/site-packages/airflow/example_dags/example_branch_python_dop_operator_3.py
[2023-01-04 08:01:57,473] {processor.py:651} INFO - DAG(s) dict_keys(['example_branch_dop_operator_v3']) retrieved from /home/gustavo/Documents/etl_api_twitter/venv/lib/python3.9/site-packages/airflow/example_dags/example_branch_python_dop_operator_3.py
[2023-01-04 08:01:57,499] {logging_mixin.py:115} INFO - [2023-01-04 08:01:57,498] {dag.py:2379} INFO - Sync 1 DAGs
[2023-01-04 08:01:57,535] {logging_mixin.py:115} INFO - [2023-01-04 08:01:57,535] {dag.py:2927} INFO - Setting next_dagrun for example_branch_dop_operator_v3 to 2023-01-04T11:00:00+00:00, run_after=2023-01-04T11:01:00+00:00
[2023-01-04 08:01:57,555] {processor.py:161} INFO - Processing /home/gustavo/Documents/etl_api_twitter/venv/lib/python3.9/site-packages/airflow/example_dags/example_branch_python_dop_operator_3.py took 0.118 seconds
[2023-01-04 08:11:08,497] {processor.py:153} INFO - Started process (PID=3867) to work on /home/gustavo/Documents/etl_api_twitter/venv/lib/python3.9/site-packages/airflow/example_dags/example_branch_python_dop_operator_3.py
[2023-01-04 08:11:08,503] {processor.py:641} INFO - Processing file /home/gustavo/Documents/etl_api_twitter/venv/lib/python3.9/site-packages/airflow/example_dags/example_branch_python_dop_operator_3.py for tasks to queue
[2023-01-04 08:11:08,507] {logging_mixin.py:115} INFO - [2023-01-04 08:11:08,506] {dagbag.py:507} INFO - Filling up the DagBag from /home/gustavo/Documents/etl_api_twitter/venv/lib/python3.9/site-packages/airflow/example_dags/example_branch_python_dop_operator_3.py
[2023-01-04 08:11:08,581] {processor.py:651} INFO - DAG(s) dict_keys(['example_branch_dop_operator_v3']) retrieved from /home/gustavo/Documents/etl_api_twitter/venv/lib/python3.9/site-packages/airflow/example_dags/example_branch_python_dop_operator_3.py
[2023-01-04 08:11:08,664] {logging_mixin.py:115} INFO - [2023-01-04 08:11:08,664] {dag.py:2379} INFO - Sync 1 DAGs
[2023-01-04 08:11:08,717] {logging_mixin.py:115} INFO - [2023-01-04 08:11:08,716] {dag.py:2927} INFO - Setting next_dagrun for example_branch_dop_operator_v3 to 2023-01-04T11:10:00+00:00, run_after=2023-01-04T11:11:00+00:00
[2023-01-04 08:11:08,753] {processor.py:161} INFO - Processing /home/gustavo/Documents/etl_api_twitter/venv/lib/python3.9/site-packages/airflow/example_dags/example_branch_python_dop_operator_3.py took 0.291 seconds
[2023-01-04 08:11:44,903] {processor.py:153} INFO - Started process (PID=4062) to work on /home/gustavo/Documents/etl_api_twitter/venv/lib/python3.9/site-packages/airflow/example_dags/example_branch_python_dop_operator_3.py
[2023-01-04 08:11:44,904] {processor.py:641} INFO - Processing file /home/gustavo/Documents/etl_api_twitter/venv/lib/python3.9/site-packages/airflow/example_dags/example_branch_python_dop_operator_3.py for tasks to queue
[2023-01-04 08:11:44,906] {logging_mixin.py:115} INFO - [2023-01-04 08:11:44,905] {dagbag.py:507} INFO - Filling up the DagBag from /home/gustavo/Documents/etl_api_twitter/venv/lib/python3.9/site-packages/airflow/example_dags/example_branch_python_dop_operator_3.py
[2023-01-04 08:11:44,917] {processor.py:651} INFO - DAG(s) dict_keys(['example_branch_dop_operator_v3']) retrieved from /home/gustavo/Documents/etl_api_twitter/venv/lib/python3.9/site-packages/airflow/example_dags/example_branch_python_dop_operator_3.py
[2023-01-04 08:11:44,940] {logging_mixin.py:115} INFO - [2023-01-04 08:11:44,940] {dag.py:2379} INFO - Sync 1 DAGs
[2023-01-04 08:11:44,964] {logging_mixin.py:115} INFO - [2023-01-04 08:11:44,964] {dag.py:2927} INFO - Setting next_dagrun for example_branch_dop_operator_v3 to 2023-01-04T11:10:00+00:00, run_after=2023-01-04T11:11:00+00:00
[2023-01-04 08:11:44,978] {processor.py:161} INFO - Processing /home/gustavo/Documents/etl_api_twitter/venv/lib/python3.9/site-packages/airflow/example_dags/example_branch_python_dop_operator_3.py took 0.077 seconds
[2023-01-04 08:12:17,969] {processor.py:153} INFO - Started process (PID=4157) to work on /home/gustavo/Documents/etl_api_twitter/venv/lib/python3.9/site-packages/airflow/example_dags/example_branch_python_dop_operator_3.py
[2023-01-04 08:12:17,971] {processor.py:641} INFO - Processing file /home/gustavo/Documents/etl_api_twitter/venv/lib/python3.9/site-packages/airflow/example_dags/example_branch_python_dop_operator_3.py for tasks to queue
[2023-01-04 08:12:17,972] {logging_mixin.py:115} INFO - [2023-01-04 08:12:17,972] {dagbag.py:507} INFO - Filling up the DagBag from /home/gustavo/Documents/etl_api_twitter/venv/lib/python3.9/site-packages/airflow/example_dags/example_branch_python_dop_operator_3.py
[2023-01-04 08:12:17,986] {processor.py:651} INFO - DAG(s) dict_keys(['example_branch_dop_operator_v3']) retrieved from /home/gustavo/Documents/etl_api_twitter/venv/lib/python3.9/site-packages/airflow/example_dags/example_branch_python_dop_operator_3.py
[2023-01-04 08:12:18,010] {logging_mixin.py:115} INFO - [2023-01-04 08:12:18,010] {dag.py:2379} INFO - Sync 1 DAGs
[2023-01-04 08:12:18,058] {logging_mixin.py:115} INFO - [2023-01-04 08:12:18,057] {dag.py:2927} INFO - Setting next_dagrun for example_branch_dop_operator_v3 to 2023-01-04T11:11:00+00:00, run_after=2023-01-04T11:12:00+00:00
[2023-01-04 08:12:18,074] {processor.py:161} INFO - Processing /home/gustavo/Documents/etl_api_twitter/venv/lib/python3.9/site-packages/airflow/example_dags/example_branch_python_dop_operator_3.py took 0.111 seconds
[2023-01-04 08:12:52,799] {processor.py:153} INFO - Started process (PID=4200) to work on /home/gustavo/Documents/etl_api_twitter/venv/lib/python3.9/site-packages/airflow/example_dags/example_branch_python_dop_operator_3.py
[2023-01-04 08:12:52,800] {processor.py:641} INFO - Processing file /home/gustavo/Documents/etl_api_twitter/venv/lib/python3.9/site-packages/airflow/example_dags/example_branch_python_dop_operator_3.py for tasks to queue
[2023-01-04 08:12:52,801] {logging_mixin.py:115} INFO - [2023-01-04 08:12:52,801] {dagbag.py:507} INFO - Filling up the DagBag from /home/gustavo/Documents/etl_api_twitter/venv/lib/python3.9/site-packages/airflow/example_dags/example_branch_python_dop_operator_3.py
[2023-01-04 08:12:52,819] {processor.py:651} INFO - DAG(s) dict_keys(['example_branch_dop_operator_v3']) retrieved from /home/gustavo/Documents/etl_api_twitter/venv/lib/python3.9/site-packages/airflow/example_dags/example_branch_python_dop_operator_3.py
[2023-01-04 08:12:52,844] {logging_mixin.py:115} INFO - [2023-01-04 08:12:52,844] {dag.py:2379} INFO - Sync 1 DAGs
[2023-01-04 08:12:52,867] {logging_mixin.py:115} INFO - [2023-01-04 08:12:52,867] {dag.py:2927} INFO - Setting next_dagrun for example_branch_dop_operator_v3 to 2023-01-04T11:11:00+00:00, run_after=2023-01-04T11:12:00+00:00
[2023-01-04 08:12:52,878] {processor.py:161} INFO - Processing /home/gustavo/Documents/etl_api_twitter/venv/lib/python3.9/site-packages/airflow/example_dags/example_branch_python_dop_operator_3.py took 0.083 seconds
[2023-01-04 08:13:27,668] {processor.py:153} INFO - Started process (PID=4237) to work on /home/gustavo/Documents/etl_api_twitter/venv/lib/python3.9/site-packages/airflow/example_dags/example_branch_python_dop_operator_3.py
[2023-01-04 08:13:27,669] {processor.py:641} INFO - Processing file /home/gustavo/Documents/etl_api_twitter/venv/lib/python3.9/site-packages/airflow/example_dags/example_branch_python_dop_operator_3.py for tasks to queue
[2023-01-04 08:13:27,670] {logging_mixin.py:115} INFO - [2023-01-04 08:13:27,670] {dagbag.py:507} INFO - Filling up the DagBag from /home/gustavo/Documents/etl_api_twitter/venv/lib/python3.9/site-packages/airflow/example_dags/example_branch_python_dop_operator_3.py
[2023-01-04 08:13:27,686] {processor.py:651} INFO - DAG(s) dict_keys(['example_branch_dop_operator_v3']) retrieved from /home/gustavo/Documents/etl_api_twitter/venv/lib/python3.9/site-packages/airflow/example_dags/example_branch_python_dop_operator_3.py
[2023-01-04 08:13:27,712] {logging_mixin.py:115} INFO - [2023-01-04 08:13:27,712] {dag.py:2379} INFO - Sync 1 DAGs
[2023-01-04 08:13:27,750] {logging_mixin.py:115} INFO - [2023-01-04 08:13:27,750] {dag.py:2927} INFO - Setting next_dagrun for example_branch_dop_operator_v3 to 2023-01-04T11:12:00+00:00, run_after=2023-01-04T11:13:00+00:00
[2023-01-04 08:13:27,767] {processor.py:161} INFO - Processing /home/gustavo/Documents/etl_api_twitter/venv/lib/python3.9/site-packages/airflow/example_dags/example_branch_python_dop_operator_3.py took 0.105 seconds
[2023-01-04 08:14:03,409] {processor.py:153} INFO - Started process (PID=4274) to work on /home/gustavo/Documents/etl_api_twitter/venv/lib/python3.9/site-packages/airflow/example_dags/example_branch_python_dop_operator_3.py
[2023-01-04 08:14:03,410] {processor.py:641} INFO - Processing file /home/gustavo/Documents/etl_api_twitter/venv/lib/python3.9/site-packages/airflow/example_dags/example_branch_python_dop_operator_3.py for tasks to queue
[2023-01-04 08:14:03,410] {logging_mixin.py:115} INFO - [2023-01-04 08:14:03,410] {dagbag.py:507} INFO - Filling up the DagBag from /home/gustavo/Documents/etl_api_twitter/venv/lib/python3.9/site-packages/airflow/example_dags/example_branch_python_dop_operator_3.py
[2023-01-04 08:14:03,419] {processor.py:651} INFO - DAG(s) dict_keys(['example_branch_dop_operator_v3']) retrieved from /home/gustavo/Documents/etl_api_twitter/venv/lib/python3.9/site-packages/airflow/example_dags/example_branch_python_dop_operator_3.py
[2023-01-04 08:14:03,434] {logging_mixin.py:115} INFO - [2023-01-04 08:14:03,434] {dag.py:2379} INFO - Sync 1 DAGs
[2023-01-04 08:14:03,470] {logging_mixin.py:115} INFO - [2023-01-04 08:14:03,469] {dag.py:2927} INFO - Setting next_dagrun for example_branch_dop_operator_v3 to 2023-01-04T11:13:00+00:00, run_after=2023-01-04T11:14:00+00:00
[2023-01-04 08:14:03,504] {processor.py:161} INFO - Processing /home/gustavo/Documents/etl_api_twitter/venv/lib/python3.9/site-packages/airflow/example_dags/example_branch_python_dop_operator_3.py took 0.098 seconds
[2023-01-04 08:14:37,592] {processor.py:153} INFO - Started process (PID=4420) to work on /home/gustavo/Documents/etl_api_twitter/venv/lib/python3.9/site-packages/airflow/example_dags/example_branch_python_dop_operator_3.py
[2023-01-04 08:14:37,593] {processor.py:641} INFO - Processing file /home/gustavo/Documents/etl_api_twitter/venv/lib/python3.9/site-packages/airflow/example_dags/example_branch_python_dop_operator_3.py for tasks to queue
[2023-01-04 08:14:37,594] {logging_mixin.py:115} INFO - [2023-01-04 08:14:37,594] {dagbag.py:507} INFO - Filling up the DagBag from /home/gustavo/Documents/etl_api_twitter/venv/lib/python3.9/site-packages/airflow/example_dags/example_branch_python_dop_operator_3.py
[2023-01-04 08:14:37,614] {processor.py:651} INFO - DAG(s) dict_keys(['example_branch_dop_operator_v3']) retrieved from /home/gustavo/Documents/etl_api_twitter/venv/lib/python3.9/site-packages/airflow/example_dags/example_branch_python_dop_operator_3.py
[2023-01-04 08:14:37,630] {logging_mixin.py:115} INFO - [2023-01-04 08:14:37,630] {dag.py:2379} INFO - Sync 1 DAGs
[2023-01-04 08:14:37,654] {logging_mixin.py:115} INFO - [2023-01-04 08:14:37,653] {dag.py:2927} INFO - Setting next_dagrun for example_branch_dop_operator_v3 to 2023-01-04T11:13:00+00:00, run_after=2023-01-04T11:14:00+00:00
[2023-01-04 08:14:37,665] {processor.py:161} INFO - Processing /home/gustavo/Documents/etl_api_twitter/venv/lib/python3.9/site-packages/airflow/example_dags/example_branch_python_dop_operator_3.py took 0.076 seconds
[2023-01-04 08:15:13,642] {processor.py:153} INFO - Started process (PID=4531) to work on /home/gustavo/Documents/etl_api_twitter/venv/lib/python3.9/site-packages/airflow/example_dags/example_branch_python_dop_operator_3.py
[2023-01-04 08:15:13,644] {processor.py:641} INFO - Processing file /home/gustavo/Documents/etl_api_twitter/venv/lib/python3.9/site-packages/airflow/example_dags/example_branch_python_dop_operator_3.py for tasks to queue
[2023-01-04 08:15:13,645] {logging_mixin.py:115} INFO - [2023-01-04 08:15:13,645] {dagbag.py:507} INFO - Filling up the DagBag from /home/gustavo/Documents/etl_api_twitter/venv/lib/python3.9/site-packages/airflow/example_dags/example_branch_python_dop_operator_3.py
[2023-01-04 08:15:13,660] {processor.py:651} INFO - DAG(s) dict_keys(['example_branch_dop_operator_v3']) retrieved from /home/gustavo/Documents/etl_api_twitter/venv/lib/python3.9/site-packages/airflow/example_dags/example_branch_python_dop_operator_3.py
[2023-01-04 08:15:13,683] {logging_mixin.py:115} INFO - [2023-01-04 08:15:13,682] {dag.py:2379} INFO - Sync 1 DAGs
[2023-01-04 08:15:13,712] {logging_mixin.py:115} INFO - [2023-01-04 08:15:13,712] {dag.py:2927} INFO - Setting next_dagrun for example_branch_dop_operator_v3 to 2023-01-04T11:14:00+00:00, run_after=2023-01-04T11:15:00+00:00
[2023-01-04 08:15:13,733] {processor.py:161} INFO - Processing /home/gustavo/Documents/etl_api_twitter/venv/lib/python3.9/site-packages/airflow/example_dags/example_branch_python_dop_operator_3.py took 0.098 seconds
[2023-01-04 08:15:48,156] {processor.py:153} INFO - Started process (PID=4792) to work on /home/gustavo/Documents/etl_api_twitter/venv/lib/python3.9/site-packages/airflow/example_dags/example_branch_python_dop_operator_3.py
[2023-01-04 08:15:48,158] {processor.py:641} INFO - Processing file /home/gustavo/Documents/etl_api_twitter/venv/lib/python3.9/site-packages/airflow/example_dags/example_branch_python_dop_operator_3.py for tasks to queue
[2023-01-04 08:15:48,159] {logging_mixin.py:115} INFO - [2023-01-04 08:15:48,159] {dagbag.py:507} INFO - Filling up the DagBag from /home/gustavo/Documents/etl_api_twitter/venv/lib/python3.9/site-packages/airflow/example_dags/example_branch_python_dop_operator_3.py
[2023-01-04 08:15:48,172] {processor.py:651} INFO - DAG(s) dict_keys(['example_branch_dop_operator_v3']) retrieved from /home/gustavo/Documents/etl_api_twitter/venv/lib/python3.9/site-packages/airflow/example_dags/example_branch_python_dop_operator_3.py
[2023-01-04 08:15:48,198] {logging_mixin.py:115} INFO - [2023-01-04 08:15:48,198] {dag.py:2379} INFO - Sync 1 DAGs
[2023-01-04 08:15:48,214] {logging_mixin.py:115} INFO - [2023-01-04 08:15:48,214] {dag.py:2927} INFO - Setting next_dagrun for example_branch_dop_operator_v3 to 2023-01-04T11:14:00+00:00, run_after=2023-01-04T11:15:00+00:00
[2023-01-04 08:15:48,223] {processor.py:161} INFO - Processing /home/gustavo/Documents/etl_api_twitter/venv/lib/python3.9/site-packages/airflow/example_dags/example_branch_python_dop_operator_3.py took 0.072 seconds
[2023-01-04 08:16:21,678] {processor.py:153} INFO - Started process (PID=4986) to work on /home/gustavo/Documents/etl_api_twitter/venv/lib/python3.9/site-packages/airflow/example_dags/example_branch_python_dop_operator_3.py
[2023-01-04 08:16:21,680] {processor.py:641} INFO - Processing file /home/gustavo/Documents/etl_api_twitter/venv/lib/python3.9/site-packages/airflow/example_dags/example_branch_python_dop_operator_3.py for tasks to queue
[2023-01-04 08:16:21,681] {logging_mixin.py:115} INFO - [2023-01-04 08:16:21,681] {dagbag.py:507} INFO - Filling up the DagBag from /home/gustavo/Documents/etl_api_twitter/venv/lib/python3.9/site-packages/airflow/example_dags/example_branch_python_dop_operator_3.py
[2023-01-04 08:16:21,700] {processor.py:651} INFO - DAG(s) dict_keys(['example_branch_dop_operator_v3']) retrieved from /home/gustavo/Documents/etl_api_twitter/venv/lib/python3.9/site-packages/airflow/example_dags/example_branch_python_dop_operator_3.py
[2023-01-04 08:16:21,734] {logging_mixin.py:115} INFO - [2023-01-04 08:16:21,734] {dag.py:2379} INFO - Sync 1 DAGs
[2023-01-04 08:16:21,766] {logging_mixin.py:115} INFO - [2023-01-04 08:16:21,766] {dag.py:2927} INFO - Setting next_dagrun for example_branch_dop_operator_v3 to 2023-01-04T11:15:00+00:00, run_after=2023-01-04T11:16:00+00:00
[2023-01-04 08:16:21,777] {processor.py:161} INFO - Processing /home/gustavo/Documents/etl_api_twitter/venv/lib/python3.9/site-packages/airflow/example_dags/example_branch_python_dop_operator_3.py took 0.105 seconds
[2023-01-04 08:16:55,939] {processor.py:153} INFO - Started process (PID=5190) to work on /home/gustavo/Documents/etl_api_twitter/venv/lib/python3.9/site-packages/airflow/example_dags/example_branch_python_dop_operator_3.py
[2023-01-04 08:16:55,940] {processor.py:641} INFO - Processing file /home/gustavo/Documents/etl_api_twitter/venv/lib/python3.9/site-packages/airflow/example_dags/example_branch_python_dop_operator_3.py for tasks to queue
[2023-01-04 08:16:55,941] {logging_mixin.py:115} INFO - [2023-01-04 08:16:55,941] {dagbag.py:507} INFO - Filling up the DagBag from /home/gustavo/Documents/etl_api_twitter/venv/lib/python3.9/site-packages/airflow/example_dags/example_branch_python_dop_operator_3.py
[2023-01-04 08:16:55,953] {processor.py:651} INFO - DAG(s) dict_keys(['example_branch_dop_operator_v3']) retrieved from /home/gustavo/Documents/etl_api_twitter/venv/lib/python3.9/site-packages/airflow/example_dags/example_branch_python_dop_operator_3.py
[2023-01-04 08:16:55,976] {logging_mixin.py:115} INFO - [2023-01-04 08:16:55,976] {dag.py:2379} INFO - Sync 1 DAGs
[2023-01-04 08:16:55,995] {logging_mixin.py:115} INFO - [2023-01-04 08:16:55,995] {dag.py:2927} INFO - Setting next_dagrun for example_branch_dop_operator_v3 to 2023-01-04T11:15:00+00:00, run_after=2023-01-04T11:16:00+00:00
[2023-01-04 08:16:56,004] {processor.py:161} INFO - Processing /home/gustavo/Documents/etl_api_twitter/venv/lib/python3.9/site-packages/airflow/example_dags/example_branch_python_dop_operator_3.py took 0.068 seconds
[2023-01-04 08:17:31,475] {processor.py:153} INFO - Started process (PID=5395) to work on /home/gustavo/Documents/etl_api_twitter/venv/lib/python3.9/site-packages/airflow/example_dags/example_branch_python_dop_operator_3.py
[2023-01-04 08:17:31,477] {processor.py:641} INFO - Processing file /home/gustavo/Documents/etl_api_twitter/venv/lib/python3.9/site-packages/airflow/example_dags/example_branch_python_dop_operator_3.py for tasks to queue
[2023-01-04 08:17:31,478] {logging_mixin.py:115} INFO - [2023-01-04 08:17:31,478] {dagbag.py:507} INFO - Filling up the DagBag from /home/gustavo/Documents/etl_api_twitter/venv/lib/python3.9/site-packages/airflow/example_dags/example_branch_python_dop_operator_3.py
[2023-01-04 08:17:31,496] {processor.py:651} INFO - DAG(s) dict_keys(['example_branch_dop_operator_v3']) retrieved from /home/gustavo/Documents/etl_api_twitter/venv/lib/python3.9/site-packages/airflow/example_dags/example_branch_python_dop_operator_3.py
[2023-01-04 08:17:31,525] {logging_mixin.py:115} INFO - [2023-01-04 08:17:31,524] {dag.py:2379} INFO - Sync 1 DAGs
[2023-01-04 08:17:31,557] {logging_mixin.py:115} INFO - [2023-01-04 08:17:31,557] {dag.py:2927} INFO - Setting next_dagrun for example_branch_dop_operator_v3 to 2023-01-04T11:16:00+00:00, run_after=2023-01-04T11:17:00+00:00
[2023-01-04 08:17:31,582] {processor.py:161} INFO - Processing /home/gustavo/Documents/etl_api_twitter/venv/lib/python3.9/site-packages/airflow/example_dags/example_branch_python_dop_operator_3.py took 0.114 seconds
[2023-01-04 08:18:08,150] {processor.py:153} INFO - Started process (PID=5612) to work on /home/gustavo/Documents/etl_api_twitter/venv/lib/python3.9/site-packages/airflow/example_dags/example_branch_python_dop_operator_3.py
[2023-01-04 08:18:08,151] {processor.py:641} INFO - Processing file /home/gustavo/Documents/etl_api_twitter/venv/lib/python3.9/site-packages/airflow/example_dags/example_branch_python_dop_operator_3.py for tasks to queue
[2023-01-04 08:18:08,151] {logging_mixin.py:115} INFO - [2023-01-04 08:18:08,151] {dagbag.py:507} INFO - Filling up the DagBag from /home/gustavo/Documents/etl_api_twitter/venv/lib/python3.9/site-packages/airflow/example_dags/example_branch_python_dop_operator_3.py
[2023-01-04 08:18:08,161] {processor.py:651} INFO - DAG(s) dict_keys(['example_branch_dop_operator_v3']) retrieved from /home/gustavo/Documents/etl_api_twitter/venv/lib/python3.9/site-packages/airflow/example_dags/example_branch_python_dop_operator_3.py
[2023-01-04 08:18:08,180] {logging_mixin.py:115} INFO - [2023-01-04 08:18:08,179] {dag.py:2379} INFO - Sync 1 DAGs
[2023-01-04 08:18:08,204] {logging_mixin.py:115} INFO - [2023-01-04 08:18:08,204] {dag.py:2927} INFO - Setting next_dagrun for example_branch_dop_operator_v3 to 2023-01-04T11:17:00+00:00, run_after=2023-01-04T11:18:00+00:00
[2023-01-04 08:18:08,216] {processor.py:161} INFO - Processing /home/gustavo/Documents/etl_api_twitter/venv/lib/python3.9/site-packages/airflow/example_dags/example_branch_python_dop_operator_3.py took 0.070 seconds
[2023-01-04 08:18:46,805] {processor.py:153} INFO - Started process (PID=5845) to work on /home/gustavo/Documents/etl_api_twitter/venv/lib/python3.9/site-packages/airflow/example_dags/example_branch_python_dop_operator_3.py
[2023-01-04 08:18:46,807] {processor.py:641} INFO - Processing file /home/gustavo/Documents/etl_api_twitter/venv/lib/python3.9/site-packages/airflow/example_dags/example_branch_python_dop_operator_3.py for tasks to queue
[2023-01-04 08:18:46,808] {logging_mixin.py:115} INFO - [2023-01-04 08:18:46,808] {dagbag.py:507} INFO - Filling up the DagBag from /home/gustavo/Documents/etl_api_twitter/venv/lib/python3.9/site-packages/airflow/example_dags/example_branch_python_dop_operator_3.py
[2023-01-04 08:18:46,829] {processor.py:651} INFO - DAG(s) dict_keys(['example_branch_dop_operator_v3']) retrieved from /home/gustavo/Documents/etl_api_twitter/venv/lib/python3.9/site-packages/airflow/example_dags/example_branch_python_dop_operator_3.py
[2023-01-04 08:18:46,855] {logging_mixin.py:115} INFO - [2023-01-04 08:18:46,855] {dag.py:2379} INFO - Sync 1 DAGs
[2023-01-04 08:18:46,873] {logging_mixin.py:115} INFO - [2023-01-04 08:18:46,873] {dag.py:2927} INFO - Setting next_dagrun for example_branch_dop_operator_v3 to 2023-01-04T11:17:00+00:00, run_after=2023-01-04T11:18:00+00:00
[2023-01-04 08:18:46,891] {processor.py:161} INFO - Processing /home/gustavo/Documents/etl_api_twitter/venv/lib/python3.9/site-packages/airflow/example_dags/example_branch_python_dop_operator_3.py took 0.091 seconds
[2023-01-04 08:19:20,798] {processor.py:153} INFO - Started process (PID=6027) to work on /home/gustavo/Documents/etl_api_twitter/venv/lib/python3.9/site-packages/airflow/example_dags/example_branch_python_dop_operator_3.py
[2023-01-04 08:19:20,800] {processor.py:641} INFO - Processing file /home/gustavo/Documents/etl_api_twitter/venv/lib/python3.9/site-packages/airflow/example_dags/example_branch_python_dop_operator_3.py for tasks to queue
[2023-01-04 08:19:20,800] {logging_mixin.py:115} INFO - [2023-01-04 08:19:20,800] {dagbag.py:507} INFO - Filling up the DagBag from /home/gustavo/Documents/etl_api_twitter/venv/lib/python3.9/site-packages/airflow/example_dags/example_branch_python_dop_operator_3.py
[2023-01-04 08:19:20,810] {processor.py:651} INFO - DAG(s) dict_keys(['example_branch_dop_operator_v3']) retrieved from /home/gustavo/Documents/etl_api_twitter/venv/lib/python3.9/site-packages/airflow/example_dags/example_branch_python_dop_operator_3.py
[2023-01-04 08:19:20,832] {logging_mixin.py:115} INFO - [2023-01-04 08:19:20,832] {dag.py:2379} INFO - Sync 1 DAGs
[2023-01-04 08:19:20,863] {logging_mixin.py:115} INFO - [2023-01-04 08:19:20,863] {dag.py:2927} INFO - Setting next_dagrun for example_branch_dop_operator_v3 to 2023-01-04T11:18:00+00:00, run_after=2023-01-04T11:19:00+00:00
[2023-01-04 08:19:20,876] {processor.py:161} INFO - Processing /home/gustavo/Documents/etl_api_twitter/venv/lib/python3.9/site-packages/airflow/example_dags/example_branch_python_dop_operator_3.py took 0.082 seconds
[2023-01-04 08:19:55,043] {processor.py:153} INFO - Started process (PID=6231) to work on /home/gustavo/Documents/etl_api_twitter/venv/lib/python3.9/site-packages/airflow/example_dags/example_branch_python_dop_operator_3.py
[2023-01-04 08:19:55,045] {processor.py:641} INFO - Processing file /home/gustavo/Documents/etl_api_twitter/venv/lib/python3.9/site-packages/airflow/example_dags/example_branch_python_dop_operator_3.py for tasks to queue
[2023-01-04 08:19:55,046] {logging_mixin.py:115} INFO - [2023-01-04 08:19:55,046] {dagbag.py:507} INFO - Filling up the DagBag from /home/gustavo/Documents/etl_api_twitter/venv/lib/python3.9/site-packages/airflow/example_dags/example_branch_python_dop_operator_3.py
[2023-01-04 08:19:55,072] {processor.py:651} INFO - DAG(s) dict_keys(['example_branch_dop_operator_v3']) retrieved from /home/gustavo/Documents/etl_api_twitter/venv/lib/python3.9/site-packages/airflow/example_dags/example_branch_python_dop_operator_3.py
[2023-01-04 08:19:55,097] {logging_mixin.py:115} INFO - [2023-01-04 08:19:55,097] {dag.py:2379} INFO - Sync 1 DAGs
[2023-01-04 08:19:55,133] {logging_mixin.py:115} INFO - [2023-01-04 08:19:55,132] {dag.py:2927} INFO - Setting next_dagrun for example_branch_dop_operator_v3 to 2023-01-04T11:18:00+00:00, run_after=2023-01-04T11:19:00+00:00
[2023-01-04 08:19:55,147] {processor.py:161} INFO - Processing /home/gustavo/Documents/etl_api_twitter/venv/lib/python3.9/site-packages/airflow/example_dags/example_branch_python_dop_operator_3.py took 0.112 seconds
[2023-01-04 08:20:32,722] {processor.py:153} INFO - Started process (PID=6439) to work on /home/gustavo/Documents/etl_api_twitter/venv/lib/python3.9/site-packages/airflow/example_dags/example_branch_python_dop_operator_3.py
[2023-01-04 08:20:32,723] {processor.py:641} INFO - Processing file /home/gustavo/Documents/etl_api_twitter/venv/lib/python3.9/site-packages/airflow/example_dags/example_branch_python_dop_operator_3.py for tasks to queue
[2023-01-04 08:20:32,724] {logging_mixin.py:115} INFO - [2023-01-04 08:20:32,724] {dagbag.py:507} INFO - Filling up the DagBag from /home/gustavo/Documents/etl_api_twitter/venv/lib/python3.9/site-packages/airflow/example_dags/example_branch_python_dop_operator_3.py
[2023-01-04 08:20:32,742] {processor.py:651} INFO - DAG(s) dict_keys(['example_branch_dop_operator_v3']) retrieved from /home/gustavo/Documents/etl_api_twitter/venv/lib/python3.9/site-packages/airflow/example_dags/example_branch_python_dop_operator_3.py
[2023-01-04 08:20:32,770] {logging_mixin.py:115} INFO - [2023-01-04 08:20:32,770] {dag.py:2379} INFO - Sync 1 DAGs
[2023-01-04 08:20:32,816] {logging_mixin.py:115} INFO - [2023-01-04 08:20:32,816] {dag.py:2927} INFO - Setting next_dagrun for example_branch_dop_operator_v3 to 2023-01-04T11:19:00+00:00, run_after=2023-01-04T11:20:00+00:00
[2023-01-04 08:20:32,839] {processor.py:161} INFO - Processing /home/gustavo/Documents/etl_api_twitter/venv/lib/python3.9/site-packages/airflow/example_dags/example_branch_python_dop_operator_3.py took 0.121 seconds
[2023-01-04 08:21:08,204] {processor.py:153} INFO - Started process (PID=6699) to work on /home/gustavo/Documents/etl_api_twitter/venv/lib/python3.9/site-packages/airflow/example_dags/example_branch_python_dop_operator_3.py
[2023-01-04 08:21:08,205] {processor.py:641} INFO - Processing file /home/gustavo/Documents/etl_api_twitter/venv/lib/python3.9/site-packages/airflow/example_dags/example_branch_python_dop_operator_3.py for tasks to queue
[2023-01-04 08:21:08,207] {logging_mixin.py:115} INFO - [2023-01-04 08:21:08,206] {dagbag.py:507} INFO - Filling up the DagBag from /home/gustavo/Documents/etl_api_twitter/venv/lib/python3.9/site-packages/airflow/example_dags/example_branch_python_dop_operator_3.py
[2023-01-04 08:21:08,219] {processor.py:651} INFO - DAG(s) dict_keys(['example_branch_dop_operator_v3']) retrieved from /home/gustavo/Documents/etl_api_twitter/venv/lib/python3.9/site-packages/airflow/example_dags/example_branch_python_dop_operator_3.py
[2023-01-04 08:21:08,240] {logging_mixin.py:115} INFO - [2023-01-04 08:21:08,239] {dag.py:2379} INFO - Sync 1 DAGs
[2023-01-04 08:21:08,270] {logging_mixin.py:115} INFO - [2023-01-04 08:21:08,269] {dag.py:2927} INFO - Setting next_dagrun for example_branch_dop_operator_v3 to 2023-01-04T11:20:00+00:00, run_after=2023-01-04T11:21:00+00:00
[2023-01-04 08:21:08,282] {processor.py:161} INFO - Processing /home/gustavo/Documents/etl_api_twitter/venv/lib/python3.9/site-packages/airflow/example_dags/example_branch_python_dop_operator_3.py took 0.082 seconds
[2023-01-04 08:21:40,859] {processor.py:153} INFO - Started process (PID=6902) to work on /home/gustavo/Documents/etl_api_twitter/venv/lib/python3.9/site-packages/airflow/example_dags/example_branch_python_dop_operator_3.py
[2023-01-04 08:21:40,860] {processor.py:641} INFO - Processing file /home/gustavo/Documents/etl_api_twitter/venv/lib/python3.9/site-packages/airflow/example_dags/example_branch_python_dop_operator_3.py for tasks to queue
[2023-01-04 08:21:40,860] {logging_mixin.py:115} INFO - [2023-01-04 08:21:40,860] {dagbag.py:507} INFO - Filling up the DagBag from /home/gustavo/Documents/etl_api_twitter/venv/lib/python3.9/site-packages/airflow/example_dags/example_branch_python_dop_operator_3.py
[2023-01-04 08:21:40,874] {processor.py:651} INFO - DAG(s) dict_keys(['example_branch_dop_operator_v3']) retrieved from /home/gustavo/Documents/etl_api_twitter/venv/lib/python3.9/site-packages/airflow/example_dags/example_branch_python_dop_operator_3.py
[2023-01-04 08:21:40,899] {logging_mixin.py:115} INFO - [2023-01-04 08:21:40,899] {dag.py:2379} INFO - Sync 1 DAGs
[2023-01-04 08:21:40,923] {logging_mixin.py:115} INFO - [2023-01-04 08:21:40,923] {dag.py:2927} INFO - Setting next_dagrun for example_branch_dop_operator_v3 to 2023-01-04T11:20:00+00:00, run_after=2023-01-04T11:21:00+00:00
[2023-01-04 08:21:40,934] {processor.py:161} INFO - Processing /home/gustavo/Documents/etl_api_twitter/venv/lib/python3.9/site-packages/airflow/example_dags/example_branch_python_dop_operator_3.py took 0.078 seconds
[2023-01-04 08:22:14,794] {processor.py:153} INFO - Started process (PID=7081) to work on /home/gustavo/Documents/etl_api_twitter/venv/lib/python3.9/site-packages/airflow/example_dags/example_branch_python_dop_operator_3.py
[2023-01-04 08:22:14,796] {processor.py:641} INFO - Processing file /home/gustavo/Documents/etl_api_twitter/venv/lib/python3.9/site-packages/airflow/example_dags/example_branch_python_dop_operator_3.py for tasks to queue
[2023-01-04 08:22:14,797] {logging_mixin.py:115} INFO - [2023-01-04 08:22:14,797] {dagbag.py:507} INFO - Filling up the DagBag from /home/gustavo/Documents/etl_api_twitter/venv/lib/python3.9/site-packages/airflow/example_dags/example_branch_python_dop_operator_3.py
[2023-01-04 08:22:14,815] {processor.py:651} INFO - DAG(s) dict_keys(['example_branch_dop_operator_v3']) retrieved from /home/gustavo/Documents/etl_api_twitter/venv/lib/python3.9/site-packages/airflow/example_dags/example_branch_python_dop_operator_3.py
[2023-01-04 08:22:14,832] {logging_mixin.py:115} INFO - [2023-01-04 08:22:14,832] {dag.py:2379} INFO - Sync 1 DAGs
[2023-01-04 08:22:14,872] {logging_mixin.py:115} INFO - [2023-01-04 08:22:14,872] {dag.py:2927} INFO - Setting next_dagrun for example_branch_dop_operator_v3 to 2023-01-04T11:21:00+00:00, run_after=2023-01-04T11:22:00+00:00
[2023-01-04 08:22:14,894] {processor.py:161} INFO - Processing /home/gustavo/Documents/etl_api_twitter/venv/lib/python3.9/site-packages/airflow/example_dags/example_branch_python_dop_operator_3.py took 0.107 seconds
[2023-01-04 08:22:49,229] {processor.py:153} INFO - Started process (PID=7295) to work on /home/gustavo/Documents/etl_api_twitter/venv/lib/python3.9/site-packages/airflow/example_dags/example_branch_python_dop_operator_3.py
[2023-01-04 08:22:49,230] {processor.py:641} INFO - Processing file /home/gustavo/Documents/etl_api_twitter/venv/lib/python3.9/site-packages/airflow/example_dags/example_branch_python_dop_operator_3.py for tasks to queue
[2023-01-04 08:22:49,231] {logging_mixin.py:115} INFO - [2023-01-04 08:22:49,231] {dagbag.py:507} INFO - Filling up the DagBag from /home/gustavo/Documents/etl_api_twitter/venv/lib/python3.9/site-packages/airflow/example_dags/example_branch_python_dop_operator_3.py
[2023-01-04 08:22:49,241] {processor.py:651} INFO - DAG(s) dict_keys(['example_branch_dop_operator_v3']) retrieved from /home/gustavo/Documents/etl_api_twitter/venv/lib/python3.9/site-packages/airflow/example_dags/example_branch_python_dop_operator_3.py
[2023-01-04 08:22:49,255] {logging_mixin.py:115} INFO - [2023-01-04 08:22:49,255] {dag.py:2379} INFO - Sync 1 DAGs
[2023-01-04 08:22:49,272] {logging_mixin.py:115} INFO - [2023-01-04 08:22:49,271] {dag.py:2927} INFO - Setting next_dagrun for example_branch_dop_operator_v3 to 2023-01-04T11:21:00+00:00, run_after=2023-01-04T11:22:00+00:00
[2023-01-04 08:22:49,281] {processor.py:161} INFO - Processing /home/gustavo/Documents/etl_api_twitter/venv/lib/python3.9/site-packages/airflow/example_dags/example_branch_python_dop_operator_3.py took 0.058 seconds
[2023-01-04 08:23:23,735] {processor.py:153} INFO - Started process (PID=7504) to work on /home/gustavo/Documents/etl_api_twitter/venv/lib/python3.9/site-packages/airflow/example_dags/example_branch_python_dop_operator_3.py
[2023-01-04 08:23:23,737] {processor.py:641} INFO - Processing file /home/gustavo/Documents/etl_api_twitter/venv/lib/python3.9/site-packages/airflow/example_dags/example_branch_python_dop_operator_3.py for tasks to queue
[2023-01-04 08:23:23,738] {logging_mixin.py:115} INFO - [2023-01-04 08:23:23,738] {dagbag.py:507} INFO - Filling up the DagBag from /home/gustavo/Documents/etl_api_twitter/venv/lib/python3.9/site-packages/airflow/example_dags/example_branch_python_dop_operator_3.py
[2023-01-04 08:23:23,757] {processor.py:651} INFO - DAG(s) dict_keys(['example_branch_dop_operator_v3']) retrieved from /home/gustavo/Documents/etl_api_twitter/venv/lib/python3.9/site-packages/airflow/example_dags/example_branch_python_dop_operator_3.py
[2023-01-04 08:23:23,786] {logging_mixin.py:115} INFO - [2023-01-04 08:23:23,786] {dag.py:2379} INFO - Sync 1 DAGs
[2023-01-04 08:23:23,808] {logging_mixin.py:115} INFO - [2023-01-04 08:23:23,808] {dag.py:2927} INFO - Setting next_dagrun for example_branch_dop_operator_v3 to 2023-01-04T11:22:00+00:00, run_after=2023-01-04T11:23:00+00:00
[2023-01-04 08:23:23,825] {processor.py:161} INFO - Processing /home/gustavo/Documents/etl_api_twitter/venv/lib/python3.9/site-packages/airflow/example_dags/example_branch_python_dop_operator_3.py took 0.093 seconds
[2023-01-04 08:23:58,663] {processor.py:153} INFO - Started process (PID=7707) to work on /home/gustavo/Documents/etl_api_twitter/venv/lib/python3.9/site-packages/airflow/example_dags/example_branch_python_dop_operator_3.py
[2023-01-04 08:23:58,664] {processor.py:641} INFO - Processing file /home/gustavo/Documents/etl_api_twitter/venv/lib/python3.9/site-packages/airflow/example_dags/example_branch_python_dop_operator_3.py for tasks to queue
[2023-01-04 08:23:58,665] {logging_mixin.py:115} INFO - [2023-01-04 08:23:58,665] {dagbag.py:507} INFO - Filling up the DagBag from /home/gustavo/Documents/etl_api_twitter/venv/lib/python3.9/site-packages/airflow/example_dags/example_branch_python_dop_operator_3.py
[2023-01-04 08:23:58,684] {processor.py:651} INFO - DAG(s) dict_keys(['example_branch_dop_operator_v3']) retrieved from /home/gustavo/Documents/etl_api_twitter/venv/lib/python3.9/site-packages/airflow/example_dags/example_branch_python_dop_operator_3.py
[2023-01-04 08:23:58,708] {logging_mixin.py:115} INFO - [2023-01-04 08:23:58,707] {dag.py:2379} INFO - Sync 1 DAGs
[2023-01-04 08:23:58,740] {logging_mixin.py:115} INFO - [2023-01-04 08:23:58,739] {dag.py:2927} INFO - Setting next_dagrun for example_branch_dop_operator_v3 to 2023-01-04T11:22:00+00:00, run_after=2023-01-04T11:23:00+00:00
[2023-01-04 08:23:58,761] {processor.py:161} INFO - Processing /home/gustavo/Documents/etl_api_twitter/venv/lib/python3.9/site-packages/airflow/example_dags/example_branch_python_dop_operator_3.py took 0.103 seconds
[2023-01-04 08:24:35,977] {processor.py:153} INFO - Started process (PID=7913) to work on /home/gustavo/Documents/etl_api_twitter/venv/lib/python3.9/site-packages/airflow/example_dags/example_branch_python_dop_operator_3.py
[2023-01-04 08:24:35,978] {processor.py:641} INFO - Processing file /home/gustavo/Documents/etl_api_twitter/venv/lib/python3.9/site-packages/airflow/example_dags/example_branch_python_dop_operator_3.py for tasks to queue
[2023-01-04 08:24:35,978] {logging_mixin.py:115} INFO - [2023-01-04 08:24:35,978] {dagbag.py:507} INFO - Filling up the DagBag from /home/gustavo/Documents/etl_api_twitter/venv/lib/python3.9/site-packages/airflow/example_dags/example_branch_python_dop_operator_3.py
[2023-01-04 08:24:35,988] {processor.py:651} INFO - DAG(s) dict_keys(['example_branch_dop_operator_v3']) retrieved from /home/gustavo/Documents/etl_api_twitter/venv/lib/python3.9/site-packages/airflow/example_dags/example_branch_python_dop_operator_3.py
[2023-01-04 08:24:36,002] {logging_mixin.py:115} INFO - [2023-01-04 08:24:36,002] {dag.py:2379} INFO - Sync 1 DAGs
[2023-01-04 08:24:36,026] {logging_mixin.py:115} INFO - [2023-01-04 08:24:36,026] {dag.py:2927} INFO - Setting next_dagrun for example_branch_dop_operator_v3 to 2023-01-04T11:23:00+00:00, run_after=2023-01-04T11:24:00+00:00
[2023-01-04 08:24:36,038] {processor.py:161} INFO - Processing /home/gustavo/Documents/etl_api_twitter/venv/lib/python3.9/site-packages/airflow/example_dags/example_branch_python_dop_operator_3.py took 0.065 seconds
[2023-01-04 08:25:10,671] {processor.py:153} INFO - Started process (PID=8117) to work on /home/gustavo/Documents/etl_api_twitter/venv/lib/python3.9/site-packages/airflow/example_dags/example_branch_python_dop_operator_3.py
[2023-01-04 08:25:10,673] {processor.py:641} INFO - Processing file /home/gustavo/Documents/etl_api_twitter/venv/lib/python3.9/site-packages/airflow/example_dags/example_branch_python_dop_operator_3.py for tasks to queue
[2023-01-04 08:25:10,674] {logging_mixin.py:115} INFO - [2023-01-04 08:25:10,673] {dagbag.py:507} INFO - Filling up the DagBag from /home/gustavo/Documents/etl_api_twitter/venv/lib/python3.9/site-packages/airflow/example_dags/example_branch_python_dop_operator_3.py
[2023-01-04 08:25:10,686] {processor.py:651} INFO - DAG(s) dict_keys(['example_branch_dop_operator_v3']) retrieved from /home/gustavo/Documents/etl_api_twitter/venv/lib/python3.9/site-packages/airflow/example_dags/example_branch_python_dop_operator_3.py
[2023-01-04 08:25:10,706] {logging_mixin.py:115} INFO - [2023-01-04 08:25:10,706] {dag.py:2379} INFO - Sync 1 DAGs
[2023-01-04 08:25:10,738] {logging_mixin.py:115} INFO - [2023-01-04 08:25:10,738] {dag.py:2927} INFO - Setting next_dagrun for example_branch_dop_operator_v3 to 2023-01-04T11:24:00+00:00, run_after=2023-01-04T11:25:00+00:00
[2023-01-04 08:25:10,751] {processor.py:161} INFO - Processing /home/gustavo/Documents/etl_api_twitter/venv/lib/python3.9/site-packages/airflow/example_dags/example_branch_python_dop_operator_3.py took 0.085 seconds
[2023-01-04 08:25:43,354] {processor.py:153} INFO - Started process (PID=8351) to work on /home/gustavo/Documents/etl_api_twitter/venv/lib/python3.9/site-packages/airflow/example_dags/example_branch_python_dop_operator_3.py
[2023-01-04 08:25:43,356] {processor.py:641} INFO - Processing file /home/gustavo/Documents/etl_api_twitter/venv/lib/python3.9/site-packages/airflow/example_dags/example_branch_python_dop_operator_3.py for tasks to queue
[2023-01-04 08:25:43,357] {logging_mixin.py:115} INFO - [2023-01-04 08:25:43,357] {dagbag.py:507} INFO - Filling up the DagBag from /home/gustavo/Documents/etl_api_twitter/venv/lib/python3.9/site-packages/airflow/example_dags/example_branch_python_dop_operator_3.py
[2023-01-04 08:25:43,378] {processor.py:651} INFO - DAG(s) dict_keys(['example_branch_dop_operator_v3']) retrieved from /home/gustavo/Documents/etl_api_twitter/venv/lib/python3.9/site-packages/airflow/example_dags/example_branch_python_dop_operator_3.py
[2023-01-04 08:25:43,408] {logging_mixin.py:115} INFO - [2023-01-04 08:25:43,408] {dag.py:2379} INFO - Sync 1 DAGs
[2023-01-04 08:25:43,435] {logging_mixin.py:115} INFO - [2023-01-04 08:25:43,435] {dag.py:2927} INFO - Setting next_dagrun for example_branch_dop_operator_v3 to 2023-01-04T11:24:00+00:00, run_after=2023-01-04T11:25:00+00:00
[2023-01-04 08:25:43,447] {processor.py:161} INFO - Processing /home/gustavo/Documents/etl_api_twitter/venv/lib/python3.9/site-packages/airflow/example_dags/example_branch_python_dop_operator_3.py took 0.096 seconds
[2023-01-04 08:26:18,659] {processor.py:153} INFO - Started process (PID=8557) to work on /home/gustavo/Documents/etl_api_twitter/venv/lib/python3.9/site-packages/airflow/example_dags/example_branch_python_dop_operator_3.py
[2023-01-04 08:26:18,660] {processor.py:641} INFO - Processing file /home/gustavo/Documents/etl_api_twitter/venv/lib/python3.9/site-packages/airflow/example_dags/example_branch_python_dop_operator_3.py for tasks to queue
[2023-01-04 08:26:18,660] {logging_mixin.py:115} INFO - [2023-01-04 08:26:18,660] {dagbag.py:507} INFO - Filling up the DagBag from /home/gustavo/Documents/etl_api_twitter/venv/lib/python3.9/site-packages/airflow/example_dags/example_branch_python_dop_operator_3.py
[2023-01-04 08:26:18,671] {processor.py:651} INFO - DAG(s) dict_keys(['example_branch_dop_operator_v3']) retrieved from /home/gustavo/Documents/etl_api_twitter/venv/lib/python3.9/site-packages/airflow/example_dags/example_branch_python_dop_operator_3.py
[2023-01-04 08:26:18,703] {logging_mixin.py:115} INFO - [2023-01-04 08:26:18,694] {dag.py:2379} INFO - Sync 1 DAGs
[2023-01-04 08:26:18,728] {logging_mixin.py:115} INFO - [2023-01-04 08:26:18,728] {dag.py:2927} INFO - Setting next_dagrun for example_branch_dop_operator_v3 to 2023-01-04T11:25:00+00:00, run_after=2023-01-04T11:26:00+00:00
[2023-01-04 08:26:18,749] {processor.py:161} INFO - Processing /home/gustavo/Documents/etl_api_twitter/venv/lib/python3.9/site-packages/airflow/example_dags/example_branch_python_dop_operator_3.py took 0.093 seconds
[2023-01-04 08:26:54,359] {processor.py:153} INFO - Started process (PID=8762) to work on /home/gustavo/Documents/etl_api_twitter/venv/lib/python3.9/site-packages/airflow/example_dags/example_branch_python_dop_operator_3.py
[2023-01-04 08:26:54,361] {processor.py:641} INFO - Processing file /home/gustavo/Documents/etl_api_twitter/venv/lib/python3.9/site-packages/airflow/example_dags/example_branch_python_dop_operator_3.py for tasks to queue
[2023-01-04 08:26:54,362] {logging_mixin.py:115} INFO - [2023-01-04 08:26:54,362] {dagbag.py:507} INFO - Filling up the DagBag from /home/gustavo/Documents/etl_api_twitter/venv/lib/python3.9/site-packages/airflow/example_dags/example_branch_python_dop_operator_3.py
[2023-01-04 08:26:54,379] {processor.py:651} INFO - DAG(s) dict_keys(['example_branch_dop_operator_v3']) retrieved from /home/gustavo/Documents/etl_api_twitter/venv/lib/python3.9/site-packages/airflow/example_dags/example_branch_python_dop_operator_3.py
[2023-01-04 08:26:54,394] {logging_mixin.py:115} INFO - [2023-01-04 08:26:54,394] {dag.py:2379} INFO - Sync 1 DAGs
[2023-01-04 08:26:54,410] {logging_mixin.py:115} INFO - [2023-01-04 08:26:54,410] {dag.py:2927} INFO - Setting next_dagrun for example_branch_dop_operator_v3 to 2023-01-04T11:25:00+00:00, run_after=2023-01-04T11:26:00+00:00
[2023-01-04 08:26:54,426] {processor.py:161} INFO - Processing /home/gustavo/Documents/etl_api_twitter/venv/lib/python3.9/site-packages/airflow/example_dags/example_branch_python_dop_operator_3.py took 0.074 seconds
[2023-01-04 08:27:31,037] {processor.py:153} INFO - Started process (PID=8978) to work on /home/gustavo/Documents/etl_api_twitter/venv/lib/python3.9/site-packages/airflow/example_dags/example_branch_python_dop_operator_3.py
[2023-01-04 08:27:31,039] {processor.py:641} INFO - Processing file /home/gustavo/Documents/etl_api_twitter/venv/lib/python3.9/site-packages/airflow/example_dags/example_branch_python_dop_operator_3.py for tasks to queue
[2023-01-04 08:27:31,040] {logging_mixin.py:115} INFO - [2023-01-04 08:27:31,040] {dagbag.py:507} INFO - Filling up the DagBag from /home/gustavo/Documents/etl_api_twitter/venv/lib/python3.9/site-packages/airflow/example_dags/example_branch_python_dop_operator_3.py
[2023-01-04 08:27:31,061] {processor.py:651} INFO - DAG(s) dict_keys(['example_branch_dop_operator_v3']) retrieved from /home/gustavo/Documents/etl_api_twitter/venv/lib/python3.9/site-packages/airflow/example_dags/example_branch_python_dop_operator_3.py
[2023-01-04 08:27:31,093] {logging_mixin.py:115} INFO - [2023-01-04 08:27:31,093] {dag.py:2379} INFO - Sync 1 DAGs
[2023-01-04 08:27:31,133] {logging_mixin.py:115} INFO - [2023-01-04 08:27:31,133] {dag.py:2927} INFO - Setting next_dagrun for example_branch_dop_operator_v3 to 2023-01-04T11:26:00+00:00, run_after=2023-01-04T11:27:00+00:00
[2023-01-04 08:27:31,152] {processor.py:161} INFO - Processing /home/gustavo/Documents/etl_api_twitter/venv/lib/python3.9/site-packages/airflow/example_dags/example_branch_python_dop_operator_3.py took 0.122 seconds
