[2023-01-04 08:01:18,505] {processor.py:153} INFO - Started process (PID=28381) to work on /home/gustavo/Documents/etl_api_twitter/venv/lib/python3.9/site-packages/airflow/example_dags/example_branch_labels.py
[2023-01-04 08:01:18,506] {processor.py:641} INFO - Processing file /home/gustavo/Documents/etl_api_twitter/venv/lib/python3.9/site-packages/airflow/example_dags/example_branch_labels.py for tasks to queue
[2023-01-04 08:01:18,507] {logging_mixin.py:115} INFO - [2023-01-04 08:01:18,507] {dagbag.py:507} INFO - Filling up the DagBag from /home/gustavo/Documents/etl_api_twitter/venv/lib/python3.9/site-packages/airflow/example_dags/example_branch_labels.py
[2023-01-04 08:01:18,524] {processor.py:651} INFO - DAG(s) dict_keys(['example_branch_labels']) retrieved from /home/gustavo/Documents/etl_api_twitter/venv/lib/python3.9/site-packages/airflow/example_dags/example_branch_labels.py
[2023-01-04 08:01:18,690] {logging_mixin.py:115} INFO - [2023-01-04 08:01:18,690] {manager.py:508} INFO - Created Permission View: can edit on DAG:example_branch_labels
[2023-01-04 08:01:18,721] {logging_mixin.py:115} INFO - [2023-01-04 08:01:18,721] {manager.py:508} INFO - Created Permission View: can read on DAG:example_branch_labels
[2023-01-04 08:01:18,734] {logging_mixin.py:115} INFO - [2023-01-04 08:01:18,734] {manager.py:508} INFO - Created Permission View: can delete on DAG:example_branch_labels
[2023-01-04 08:01:18,734] {logging_mixin.py:115} INFO - [2023-01-04 08:01:18,734] {dag.py:2379} INFO - Sync 1 DAGs
[2023-01-04 08:01:18,747] {logging_mixin.py:115} INFO - [2023-01-04 08:01:18,747] {dag.py:2398} INFO - Creating ORM DAG for example_branch_labels
[2023-01-04 08:01:18,766] {logging_mixin.py:115} INFO - [2023-01-04 08:01:18,766] {dag.py:2927} INFO - Setting next_dagrun for example_branch_labels to 2023-01-03T00:00:00+00:00, run_after=2023-01-04T00:00:00+00:00
[2023-01-04 08:01:18,787] {processor.py:161} INFO - Processing /home/gustavo/Documents/etl_api_twitter/venv/lib/python3.9/site-packages/airflow/example_dags/example_branch_labels.py took 0.288 seconds
[2023-01-04 08:01:56,175] {processor.py:153} INFO - Started process (PID=28603) to work on /home/gustavo/Documents/etl_api_twitter/venv/lib/python3.9/site-packages/airflow/example_dags/example_branch_labels.py
[2023-01-04 08:01:56,178] {processor.py:641} INFO - Processing file /home/gustavo/Documents/etl_api_twitter/venv/lib/python3.9/site-packages/airflow/example_dags/example_branch_labels.py for tasks to queue
[2023-01-04 08:01:56,180] {logging_mixin.py:115} INFO - [2023-01-04 08:01:56,179] {dagbag.py:507} INFO - Filling up the DagBag from /home/gustavo/Documents/etl_api_twitter/venv/lib/python3.9/site-packages/airflow/example_dags/example_branch_labels.py
[2023-01-04 08:01:56,194] {processor.py:651} INFO - DAG(s) dict_keys(['example_branch_labels']) retrieved from /home/gustavo/Documents/etl_api_twitter/venv/lib/python3.9/site-packages/airflow/example_dags/example_branch_labels.py
[2023-01-04 08:01:56,257] {logging_mixin.py:115} INFO - [2023-01-04 08:01:56,257] {dag.py:2379} INFO - Sync 1 DAGs
[2023-01-04 08:01:56,281] {logging_mixin.py:115} INFO - [2023-01-04 08:01:56,281] {dag.py:2927} INFO - Setting next_dagrun for example_branch_labels to 2023-01-03T00:00:00+00:00, run_after=2023-01-04T00:00:00+00:00
[2023-01-04 08:01:56,304] {processor.py:161} INFO - Processing /home/gustavo/Documents/etl_api_twitter/venv/lib/python3.9/site-packages/airflow/example_dags/example_branch_labels.py took 0.134 seconds
[2023-01-04 08:11:07,116] {processor.py:153} INFO - Started process (PID=3866) to work on /home/gustavo/Documents/etl_api_twitter/venv/lib/python3.9/site-packages/airflow/example_dags/example_branch_labels.py
[2023-01-04 08:11:07,118] {processor.py:641} INFO - Processing file /home/gustavo/Documents/etl_api_twitter/venv/lib/python3.9/site-packages/airflow/example_dags/example_branch_labels.py for tasks to queue
[2023-01-04 08:11:07,119] {logging_mixin.py:115} INFO - [2023-01-04 08:11:07,118] {dagbag.py:507} INFO - Filling up the DagBag from /home/gustavo/Documents/etl_api_twitter/venv/lib/python3.9/site-packages/airflow/example_dags/example_branch_labels.py
[2023-01-04 08:11:07,141] {processor.py:651} INFO - DAG(s) dict_keys(['example_branch_labels']) retrieved from /home/gustavo/Documents/etl_api_twitter/venv/lib/python3.9/site-packages/airflow/example_dags/example_branch_labels.py
[2023-01-04 08:11:07,236] {logging_mixin.py:115} INFO - [2023-01-04 08:11:07,236] {dag.py:2379} INFO - Sync 1 DAGs
[2023-01-04 08:11:07,294] {logging_mixin.py:115} INFO - [2023-01-04 08:11:07,294] {dag.py:2927} INFO - Setting next_dagrun for example_branch_labels to 2023-01-03T00:00:00+00:00, run_after=2023-01-04T00:00:00+00:00
[2023-01-04 08:11:07,324] {processor.py:161} INFO - Processing /home/gustavo/Documents/etl_api_twitter/venv/lib/python3.9/site-packages/airflow/example_dags/example_branch_labels.py took 0.210 seconds
[2023-01-04 08:11:43,199] {processor.py:153} INFO - Started process (PID=4060) to work on /home/gustavo/Documents/etl_api_twitter/venv/lib/python3.9/site-packages/airflow/example_dags/example_branch_labels.py
[2023-01-04 08:11:43,201] {processor.py:641} INFO - Processing file /home/gustavo/Documents/etl_api_twitter/venv/lib/python3.9/site-packages/airflow/example_dags/example_branch_labels.py for tasks to queue
[2023-01-04 08:11:43,202] {logging_mixin.py:115} INFO - [2023-01-04 08:11:43,202] {dagbag.py:507} INFO - Filling up the DagBag from /home/gustavo/Documents/etl_api_twitter/venv/lib/python3.9/site-packages/airflow/example_dags/example_branch_labels.py
[2023-01-04 08:11:43,220] {processor.py:651} INFO - DAG(s) dict_keys(['example_branch_labels']) retrieved from /home/gustavo/Documents/etl_api_twitter/venv/lib/python3.9/site-packages/airflow/example_dags/example_branch_labels.py
[2023-01-04 08:11:43,247] {logging_mixin.py:115} INFO - [2023-01-04 08:11:43,246] {dag.py:2379} INFO - Sync 1 DAGs
[2023-01-04 08:11:43,260] {logging_mixin.py:115} INFO - [2023-01-04 08:11:43,260] {dag.py:2927} INFO - Setting next_dagrun for example_branch_labels to 2023-01-03T00:00:00+00:00, run_after=2023-01-04T00:00:00+00:00
[2023-01-04 08:11:43,276] {processor.py:161} INFO - Processing /home/gustavo/Documents/etl_api_twitter/venv/lib/python3.9/site-packages/airflow/example_dags/example_branch_labels.py took 0.089 seconds
[2023-01-04 08:12:16,823] {processor.py:153} INFO - Started process (PID=4156) to work on /home/gustavo/Documents/etl_api_twitter/venv/lib/python3.9/site-packages/airflow/example_dags/example_branch_labels.py
[2023-01-04 08:12:16,824] {processor.py:641} INFO - Processing file /home/gustavo/Documents/etl_api_twitter/venv/lib/python3.9/site-packages/airflow/example_dags/example_branch_labels.py for tasks to queue
[2023-01-04 08:12:16,824] {logging_mixin.py:115} INFO - [2023-01-04 08:12:16,824] {dagbag.py:507} INFO - Filling up the DagBag from /home/gustavo/Documents/etl_api_twitter/venv/lib/python3.9/site-packages/airflow/example_dags/example_branch_labels.py
[2023-01-04 08:12:16,830] {processor.py:651} INFO - DAG(s) dict_keys(['example_branch_labels']) retrieved from /home/gustavo/Documents/etl_api_twitter/venv/lib/python3.9/site-packages/airflow/example_dags/example_branch_labels.py
[2023-01-04 08:12:16,844] {logging_mixin.py:115} INFO - [2023-01-04 08:12:16,844] {dag.py:2379} INFO - Sync 1 DAGs
[2023-01-04 08:12:16,859] {logging_mixin.py:115} INFO - [2023-01-04 08:12:16,858] {dag.py:2927} INFO - Setting next_dagrun for example_branch_labels to 2023-01-03T00:00:00+00:00, run_after=2023-01-04T00:00:00+00:00
[2023-01-04 08:12:16,867] {processor.py:161} INFO - Processing /home/gustavo/Documents/etl_api_twitter/venv/lib/python3.9/site-packages/airflow/example_dags/example_branch_labels.py took 0.047 seconds
[2023-01-04 08:12:50,794] {processor.py:153} INFO - Started process (PID=4196) to work on /home/gustavo/Documents/etl_api_twitter/venv/lib/python3.9/site-packages/airflow/example_dags/example_branch_labels.py
[2023-01-04 08:12:50,795] {processor.py:641} INFO - Processing file /home/gustavo/Documents/etl_api_twitter/venv/lib/python3.9/site-packages/airflow/example_dags/example_branch_labels.py for tasks to queue
[2023-01-04 08:12:50,797] {logging_mixin.py:115} INFO - [2023-01-04 08:12:50,796] {dagbag.py:507} INFO - Filling up the DagBag from /home/gustavo/Documents/etl_api_twitter/venv/lib/python3.9/site-packages/airflow/example_dags/example_branch_labels.py
[2023-01-04 08:12:50,804] {processor.py:651} INFO - DAG(s) dict_keys(['example_branch_labels']) retrieved from /home/gustavo/Documents/etl_api_twitter/venv/lib/python3.9/site-packages/airflow/example_dags/example_branch_labels.py
[2023-01-04 08:12:50,829] {logging_mixin.py:115} INFO - [2023-01-04 08:12:50,829] {dag.py:2379} INFO - Sync 1 DAGs
[2023-01-04 08:12:50,861] {logging_mixin.py:115} INFO - [2023-01-04 08:12:50,861] {dag.py:2927} INFO - Setting next_dagrun for example_branch_labels to 2023-01-03T00:00:00+00:00, run_after=2023-01-04T00:00:00+00:00
[2023-01-04 08:12:50,873] {processor.py:161} INFO - Processing /home/gustavo/Documents/etl_api_twitter/venv/lib/python3.9/site-packages/airflow/example_dags/example_branch_labels.py took 0.084 seconds
[2023-01-04 08:13:26,438] {processor.py:153} INFO - Started process (PID=4235) to work on /home/gustavo/Documents/etl_api_twitter/venv/lib/python3.9/site-packages/airflow/example_dags/example_branch_labels.py
[2023-01-04 08:13:26,444] {processor.py:641} INFO - Processing file /home/gustavo/Documents/etl_api_twitter/venv/lib/python3.9/site-packages/airflow/example_dags/example_branch_labels.py for tasks to queue
[2023-01-04 08:13:26,446] {logging_mixin.py:115} INFO - [2023-01-04 08:13:26,446] {dagbag.py:507} INFO - Filling up the DagBag from /home/gustavo/Documents/etl_api_twitter/venv/lib/python3.9/site-packages/airflow/example_dags/example_branch_labels.py
[2023-01-04 08:13:26,456] {processor.py:651} INFO - DAG(s) dict_keys(['example_branch_labels']) retrieved from /home/gustavo/Documents/etl_api_twitter/venv/lib/python3.9/site-packages/airflow/example_dags/example_branch_labels.py
[2023-01-04 08:13:26,495] {logging_mixin.py:115} INFO - [2023-01-04 08:13:26,494] {dag.py:2379} INFO - Sync 1 DAGs
[2023-01-04 08:13:26,524] {logging_mixin.py:115} INFO - [2023-01-04 08:13:26,524] {dag.py:2927} INFO - Setting next_dagrun for example_branch_labels to 2023-01-03T00:00:00+00:00, run_after=2023-01-04T00:00:00+00:00
[2023-01-04 08:13:26,541] {processor.py:161} INFO - Processing /home/gustavo/Documents/etl_api_twitter/venv/lib/python3.9/site-packages/airflow/example_dags/example_branch_labels.py took 0.109 seconds
[2023-01-04 08:14:02,282] {processor.py:153} INFO - Started process (PID=4272) to work on /home/gustavo/Documents/etl_api_twitter/venv/lib/python3.9/site-packages/airflow/example_dags/example_branch_labels.py
[2023-01-04 08:14:02,283] {processor.py:641} INFO - Processing file /home/gustavo/Documents/etl_api_twitter/venv/lib/python3.9/site-packages/airflow/example_dags/example_branch_labels.py for tasks to queue
[2023-01-04 08:14:02,285] {logging_mixin.py:115} INFO - [2023-01-04 08:14:02,284] {dagbag.py:507} INFO - Filling up the DagBag from /home/gustavo/Documents/etl_api_twitter/venv/lib/python3.9/site-packages/airflow/example_dags/example_branch_labels.py
[2023-01-04 08:14:02,297] {processor.py:651} INFO - DAG(s) dict_keys(['example_branch_labels']) retrieved from /home/gustavo/Documents/etl_api_twitter/venv/lib/python3.9/site-packages/airflow/example_dags/example_branch_labels.py
[2023-01-04 08:14:02,316] {logging_mixin.py:115} INFO - [2023-01-04 08:14:02,316] {dag.py:2379} INFO - Sync 1 DAGs
[2023-01-04 08:14:02,341] {logging_mixin.py:115} INFO - [2023-01-04 08:14:02,341] {dag.py:2927} INFO - Setting next_dagrun for example_branch_labels to 2023-01-03T00:00:00+00:00, run_after=2023-01-04T00:00:00+00:00
[2023-01-04 08:14:02,364] {processor.py:161} INFO - Processing /home/gustavo/Documents/etl_api_twitter/venv/lib/python3.9/site-packages/airflow/example_dags/example_branch_labels.py took 0.087 seconds
[2023-01-04 08:14:36,336] {processor.py:153} INFO - Started process (PID=4419) to work on /home/gustavo/Documents/etl_api_twitter/venv/lib/python3.9/site-packages/airflow/example_dags/example_branch_labels.py
[2023-01-04 08:14:36,338] {processor.py:641} INFO - Processing file /home/gustavo/Documents/etl_api_twitter/venv/lib/python3.9/site-packages/airflow/example_dags/example_branch_labels.py for tasks to queue
[2023-01-04 08:14:36,339] {logging_mixin.py:115} INFO - [2023-01-04 08:14:36,339] {dagbag.py:507} INFO - Filling up the DagBag from /home/gustavo/Documents/etl_api_twitter/venv/lib/python3.9/site-packages/airflow/example_dags/example_branch_labels.py
[2023-01-04 08:14:36,351] {processor.py:651} INFO - DAG(s) dict_keys(['example_branch_labels']) retrieved from /home/gustavo/Documents/etl_api_twitter/venv/lib/python3.9/site-packages/airflow/example_dags/example_branch_labels.py
[2023-01-04 08:14:36,380] {logging_mixin.py:115} INFO - [2023-01-04 08:14:36,380] {dag.py:2379} INFO - Sync 1 DAGs
[2023-01-04 08:14:36,415] {logging_mixin.py:115} INFO - [2023-01-04 08:14:36,415] {dag.py:2927} INFO - Setting next_dagrun for example_branch_labels to 2023-01-03T00:00:00+00:00, run_after=2023-01-04T00:00:00+00:00
[2023-01-04 08:14:36,438] {processor.py:161} INFO - Processing /home/gustavo/Documents/etl_api_twitter/venv/lib/python3.9/site-packages/airflow/example_dags/example_branch_labels.py took 0.105 seconds
[2023-01-04 08:15:12,478] {processor.py:153} INFO - Started process (PID=4530) to work on /home/gustavo/Documents/etl_api_twitter/venv/lib/python3.9/site-packages/airflow/example_dags/example_branch_labels.py
[2023-01-04 08:15:12,479] {processor.py:641} INFO - Processing file /home/gustavo/Documents/etl_api_twitter/venv/lib/python3.9/site-packages/airflow/example_dags/example_branch_labels.py for tasks to queue
[2023-01-04 08:15:12,480] {logging_mixin.py:115} INFO - [2023-01-04 08:15:12,480] {dagbag.py:507} INFO - Filling up the DagBag from /home/gustavo/Documents/etl_api_twitter/venv/lib/python3.9/site-packages/airflow/example_dags/example_branch_labels.py
[2023-01-04 08:15:12,491] {processor.py:651} INFO - DAG(s) dict_keys(['example_branch_labels']) retrieved from /home/gustavo/Documents/etl_api_twitter/venv/lib/python3.9/site-packages/airflow/example_dags/example_branch_labels.py
[2023-01-04 08:15:12,527] {logging_mixin.py:115} INFO - [2023-01-04 08:15:12,526] {dag.py:2379} INFO - Sync 1 DAGs
[2023-01-04 08:15:12,548] {logging_mixin.py:115} INFO - [2023-01-04 08:15:12,548] {dag.py:2927} INFO - Setting next_dagrun for example_branch_labels to 2023-01-03T00:00:00+00:00, run_after=2023-01-04T00:00:00+00:00
[2023-01-04 08:15:12,565] {processor.py:161} INFO - Processing /home/gustavo/Documents/etl_api_twitter/venv/lib/python3.9/site-packages/airflow/example_dags/example_branch_labels.py took 0.092 seconds
[2023-01-04 08:15:45,796] {processor.py:153} INFO - Started process (PID=4766) to work on /home/gustavo/Documents/etl_api_twitter/venv/lib/python3.9/site-packages/airflow/example_dags/example_branch_labels.py
[2023-01-04 08:15:45,797] {processor.py:641} INFO - Processing file /home/gustavo/Documents/etl_api_twitter/venv/lib/python3.9/site-packages/airflow/example_dags/example_branch_labels.py for tasks to queue
[2023-01-04 08:15:45,798] {logging_mixin.py:115} INFO - [2023-01-04 08:15:45,798] {dagbag.py:507} INFO - Filling up the DagBag from /home/gustavo/Documents/etl_api_twitter/venv/lib/python3.9/site-packages/airflow/example_dags/example_branch_labels.py
[2023-01-04 08:15:45,812] {processor.py:651} INFO - DAG(s) dict_keys(['example_branch_labels']) retrieved from /home/gustavo/Documents/etl_api_twitter/venv/lib/python3.9/site-packages/airflow/example_dags/example_branch_labels.py
[2023-01-04 08:15:45,835] {logging_mixin.py:115} INFO - [2023-01-04 08:15:45,835] {dag.py:2379} INFO - Sync 1 DAGs
[2023-01-04 08:15:45,852] {logging_mixin.py:115} INFO - [2023-01-04 08:15:45,852] {dag.py:2927} INFO - Setting next_dagrun for example_branch_labels to 2023-01-03T00:00:00+00:00, run_after=2023-01-04T00:00:00+00:00
[2023-01-04 08:15:45,864] {processor.py:161} INFO - Processing /home/gustavo/Documents/etl_api_twitter/venv/lib/python3.9/site-packages/airflow/example_dags/example_branch_labels.py took 0.076 seconds
[2023-01-04 08:16:20,885] {processor.py:153} INFO - Started process (PID=4985) to work on /home/gustavo/Documents/etl_api_twitter/venv/lib/python3.9/site-packages/airflow/example_dags/example_branch_labels.py
[2023-01-04 08:16:20,886] {processor.py:641} INFO - Processing file /home/gustavo/Documents/etl_api_twitter/venv/lib/python3.9/site-packages/airflow/example_dags/example_branch_labels.py for tasks to queue
[2023-01-04 08:16:20,887] {logging_mixin.py:115} INFO - [2023-01-04 08:16:20,887] {dagbag.py:507} INFO - Filling up the DagBag from /home/gustavo/Documents/etl_api_twitter/venv/lib/python3.9/site-packages/airflow/example_dags/example_branch_labels.py
[2023-01-04 08:16:20,897] {processor.py:651} INFO - DAG(s) dict_keys(['example_branch_labels']) retrieved from /home/gustavo/Documents/etl_api_twitter/venv/lib/python3.9/site-packages/airflow/example_dags/example_branch_labels.py
[2023-01-04 08:16:20,911] {logging_mixin.py:115} INFO - [2023-01-04 08:16:20,911] {dag.py:2379} INFO - Sync 1 DAGs
[2023-01-04 08:16:20,926] {logging_mixin.py:115} INFO - [2023-01-04 08:16:20,926] {dag.py:2927} INFO - Setting next_dagrun for example_branch_labels to 2023-01-03T00:00:00+00:00, run_after=2023-01-04T00:00:00+00:00
[2023-01-04 08:16:20,936] {processor.py:161} INFO - Processing /home/gustavo/Documents/etl_api_twitter/venv/lib/python3.9/site-packages/airflow/example_dags/example_branch_labels.py took 0.055 seconds
[2023-01-04 08:16:55,438] {processor.py:153} INFO - Started process (PID=5188) to work on /home/gustavo/Documents/etl_api_twitter/venv/lib/python3.9/site-packages/airflow/example_dags/example_branch_labels.py
[2023-01-04 08:16:55,438] {processor.py:641} INFO - Processing file /home/gustavo/Documents/etl_api_twitter/venv/lib/python3.9/site-packages/airflow/example_dags/example_branch_labels.py for tasks to queue
[2023-01-04 08:16:55,439] {logging_mixin.py:115} INFO - [2023-01-04 08:16:55,438] {dagbag.py:507} INFO - Filling up the DagBag from /home/gustavo/Documents/etl_api_twitter/venv/lib/python3.9/site-packages/airflow/example_dags/example_branch_labels.py
[2023-01-04 08:16:55,442] {processor.py:651} INFO - DAG(s) dict_keys(['example_branch_labels']) retrieved from /home/gustavo/Documents/etl_api_twitter/venv/lib/python3.9/site-packages/airflow/example_dags/example_branch_labels.py
[2023-01-04 08:16:55,456] {logging_mixin.py:115} INFO - [2023-01-04 08:16:55,456] {dag.py:2379} INFO - Sync 1 DAGs
[2023-01-04 08:16:55,471] {logging_mixin.py:115} INFO - [2023-01-04 08:16:55,471] {dag.py:2927} INFO - Setting next_dagrun for example_branch_labels to 2023-01-03T00:00:00+00:00, run_after=2023-01-04T00:00:00+00:00
[2023-01-04 08:16:55,478] {processor.py:161} INFO - Processing /home/gustavo/Documents/etl_api_twitter/venv/lib/python3.9/site-packages/airflow/example_dags/example_branch_labels.py took 0.043 seconds
[2023-01-04 08:17:30,329] {processor.py:153} INFO - Started process (PID=5394) to work on /home/gustavo/Documents/etl_api_twitter/venv/lib/python3.9/site-packages/airflow/example_dags/example_branch_labels.py
[2023-01-04 08:17:30,330] {processor.py:641} INFO - Processing file /home/gustavo/Documents/etl_api_twitter/venv/lib/python3.9/site-packages/airflow/example_dags/example_branch_labels.py for tasks to queue
[2023-01-04 08:17:30,330] {logging_mixin.py:115} INFO - [2023-01-04 08:17:30,330] {dagbag.py:507} INFO - Filling up the DagBag from /home/gustavo/Documents/etl_api_twitter/venv/lib/python3.9/site-packages/airflow/example_dags/example_branch_labels.py
[2023-01-04 08:17:30,336] {processor.py:651} INFO - DAG(s) dict_keys(['example_branch_labels']) retrieved from /home/gustavo/Documents/etl_api_twitter/venv/lib/python3.9/site-packages/airflow/example_dags/example_branch_labels.py
[2023-01-04 08:17:30,361] {logging_mixin.py:115} INFO - [2023-01-04 08:17:30,361] {dag.py:2379} INFO - Sync 1 DAGs
[2023-01-04 08:17:30,383] {logging_mixin.py:115} INFO - [2023-01-04 08:17:30,382] {dag.py:2927} INFO - Setting next_dagrun for example_branch_labels to 2023-01-03T00:00:00+00:00, run_after=2023-01-04T00:00:00+00:00
[2023-01-04 08:17:30,403] {processor.py:161} INFO - Processing /home/gustavo/Documents/etl_api_twitter/venv/lib/python3.9/site-packages/airflow/example_dags/example_branch_labels.py took 0.077 seconds
[2023-01-04 08:18:04,158] {processor.py:153} INFO - Started process (PID=5581) to work on /home/gustavo/Documents/etl_api_twitter/venv/lib/python3.9/site-packages/airflow/example_dags/example_branch_labels.py
[2023-01-04 08:18:04,159] {processor.py:641} INFO - Processing file /home/gustavo/Documents/etl_api_twitter/venv/lib/python3.9/site-packages/airflow/example_dags/example_branch_labels.py for tasks to queue
[2023-01-04 08:18:04,160] {logging_mixin.py:115} INFO - [2023-01-04 08:18:04,160] {dagbag.py:507} INFO - Filling up the DagBag from /home/gustavo/Documents/etl_api_twitter/venv/lib/python3.9/site-packages/airflow/example_dags/example_branch_labels.py
[2023-01-04 08:18:04,169] {processor.py:651} INFO - DAG(s) dict_keys(['example_branch_labels']) retrieved from /home/gustavo/Documents/etl_api_twitter/venv/lib/python3.9/site-packages/airflow/example_dags/example_branch_labels.py
[2023-01-04 08:18:04,183] {logging_mixin.py:115} INFO - [2023-01-04 08:18:04,183] {dag.py:2379} INFO - Sync 1 DAGs
[2023-01-04 08:18:04,197] {logging_mixin.py:115} INFO - [2023-01-04 08:18:04,197] {dag.py:2927} INFO - Setting next_dagrun for example_branch_labels to 2023-01-03T00:00:00+00:00, run_after=2023-01-04T00:00:00+00:00
[2023-01-04 08:18:04,210] {processor.py:161} INFO - Processing /home/gustavo/Documents/etl_api_twitter/venv/lib/python3.9/site-packages/airflow/example_dags/example_branch_labels.py took 0.058 seconds
[2023-01-04 08:18:41,497] {processor.py:153} INFO - Started process (PID=5816) to work on /home/gustavo/Documents/etl_api_twitter/venv/lib/python3.9/site-packages/airflow/example_dags/example_branch_labels.py
[2023-01-04 08:18:41,498] {processor.py:641} INFO - Processing file /home/gustavo/Documents/etl_api_twitter/venv/lib/python3.9/site-packages/airflow/example_dags/example_branch_labels.py for tasks to queue
[2023-01-04 08:18:41,498] {logging_mixin.py:115} INFO - [2023-01-04 08:18:41,498] {dagbag.py:507} INFO - Filling up the DagBag from /home/gustavo/Documents/etl_api_twitter/venv/lib/python3.9/site-packages/airflow/example_dags/example_branch_labels.py
[2023-01-04 08:18:41,503] {processor.py:651} INFO - DAG(s) dict_keys(['example_branch_labels']) retrieved from /home/gustavo/Documents/etl_api_twitter/venv/lib/python3.9/site-packages/airflow/example_dags/example_branch_labels.py
[2023-01-04 08:18:41,524] {logging_mixin.py:115} INFO - [2023-01-04 08:18:41,524] {dag.py:2379} INFO - Sync 1 DAGs
[2023-01-04 08:18:41,540] {logging_mixin.py:115} INFO - [2023-01-04 08:18:41,540] {dag.py:2927} INFO - Setting next_dagrun for example_branch_labels to 2023-01-03T00:00:00+00:00, run_after=2023-01-04T00:00:00+00:00
[2023-01-04 08:18:41,553] {processor.py:161} INFO - Processing /home/gustavo/Documents/etl_api_twitter/venv/lib/python3.9/site-packages/airflow/example_dags/example_branch_labels.py took 0.059 seconds
[2023-01-04 08:19:16,799] {processor.py:153} INFO - Started process (PID=6019) to work on /home/gustavo/Documents/etl_api_twitter/venv/lib/python3.9/site-packages/airflow/example_dags/example_branch_labels.py
[2023-01-04 08:19:16,800] {processor.py:641} INFO - Processing file /home/gustavo/Documents/etl_api_twitter/venv/lib/python3.9/site-packages/airflow/example_dags/example_branch_labels.py for tasks to queue
[2023-01-04 08:19:16,801] {logging_mixin.py:115} INFO - [2023-01-04 08:19:16,801] {dagbag.py:507} INFO - Filling up the DagBag from /home/gustavo/Documents/etl_api_twitter/venv/lib/python3.9/site-packages/airflow/example_dags/example_branch_labels.py
[2023-01-04 08:19:16,812] {processor.py:651} INFO - DAG(s) dict_keys(['example_branch_labels']) retrieved from /home/gustavo/Documents/etl_api_twitter/venv/lib/python3.9/site-packages/airflow/example_dags/example_branch_labels.py
[2023-01-04 08:19:16,834] {logging_mixin.py:115} INFO - [2023-01-04 08:19:16,833] {dag.py:2379} INFO - Sync 1 DAGs
[2023-01-04 08:19:16,868] {logging_mixin.py:115} INFO - [2023-01-04 08:19:16,868] {dag.py:2927} INFO - Setting next_dagrun for example_branch_labels to 2023-01-03T00:00:00+00:00, run_after=2023-01-04T00:00:00+00:00
[2023-01-04 08:19:16,884] {processor.py:161} INFO - Processing /home/gustavo/Documents/etl_api_twitter/venv/lib/python3.9/site-packages/airflow/example_dags/example_branch_labels.py took 0.090 seconds
[2023-01-04 08:19:53,894] {processor.py:153} INFO - Started process (PID=6230) to work on /home/gustavo/Documents/etl_api_twitter/venv/lib/python3.9/site-packages/airflow/example_dags/example_branch_labels.py
[2023-01-04 08:19:53,896] {processor.py:641} INFO - Processing file /home/gustavo/Documents/etl_api_twitter/venv/lib/python3.9/site-packages/airflow/example_dags/example_branch_labels.py for tasks to queue
[2023-01-04 08:19:53,898] {logging_mixin.py:115} INFO - [2023-01-04 08:19:53,897] {dagbag.py:507} INFO - Filling up the DagBag from /home/gustavo/Documents/etl_api_twitter/venv/lib/python3.9/site-packages/airflow/example_dags/example_branch_labels.py
[2023-01-04 08:19:53,907] {processor.py:651} INFO - DAG(s) dict_keys(['example_branch_labels']) retrieved from /home/gustavo/Documents/etl_api_twitter/venv/lib/python3.9/site-packages/airflow/example_dags/example_branch_labels.py
[2023-01-04 08:19:53,941] {logging_mixin.py:115} INFO - [2023-01-04 08:19:53,941] {dag.py:2379} INFO - Sync 1 DAGs
[2023-01-04 08:19:53,955] {logging_mixin.py:115} INFO - [2023-01-04 08:19:53,955] {dag.py:2927} INFO - Setting next_dagrun for example_branch_labels to 2023-01-03T00:00:00+00:00, run_after=2023-01-04T00:00:00+00:00
[2023-01-04 08:19:53,964] {processor.py:161} INFO - Processing /home/gustavo/Documents/etl_api_twitter/venv/lib/python3.9/site-packages/airflow/example_dags/example_branch_labels.py took 0.080 seconds
[2023-01-04 08:20:31,578] {processor.py:153} INFO - Started process (PID=6437) to work on /home/gustavo/Documents/etl_api_twitter/venv/lib/python3.9/site-packages/airflow/example_dags/example_branch_labels.py
[2023-01-04 08:20:31,579] {processor.py:641} INFO - Processing file /home/gustavo/Documents/etl_api_twitter/venv/lib/python3.9/site-packages/airflow/example_dags/example_branch_labels.py for tasks to queue
[2023-01-04 08:20:31,580] {logging_mixin.py:115} INFO - [2023-01-04 08:20:31,580] {dagbag.py:507} INFO - Filling up the DagBag from /home/gustavo/Documents/etl_api_twitter/venv/lib/python3.9/site-packages/airflow/example_dags/example_branch_labels.py
[2023-01-04 08:20:31,588] {processor.py:651} INFO - DAG(s) dict_keys(['example_branch_labels']) retrieved from /home/gustavo/Documents/etl_api_twitter/venv/lib/python3.9/site-packages/airflow/example_dags/example_branch_labels.py
[2023-01-04 08:20:31,617] {logging_mixin.py:115} INFO - [2023-01-04 08:20:31,617] {dag.py:2379} INFO - Sync 1 DAGs
[2023-01-04 08:20:31,641] {logging_mixin.py:115} INFO - [2023-01-04 08:20:31,641] {dag.py:2927} INFO - Setting next_dagrun for example_branch_labels to 2023-01-03T00:00:00+00:00, run_after=2023-01-04T00:00:00+00:00
[2023-01-04 08:20:31,656] {processor.py:161} INFO - Processing /home/gustavo/Documents/etl_api_twitter/venv/lib/python3.9/site-packages/airflow/example_dags/example_branch_labels.py took 0.082 seconds
[2023-01-04 08:21:07,076] {processor.py:153} INFO - Started process (PID=6698) to work on /home/gustavo/Documents/etl_api_twitter/venv/lib/python3.9/site-packages/airflow/example_dags/example_branch_labels.py
[2023-01-04 08:21:07,077] {processor.py:641} INFO - Processing file /home/gustavo/Documents/etl_api_twitter/venv/lib/python3.9/site-packages/airflow/example_dags/example_branch_labels.py for tasks to queue
[2023-01-04 08:21:07,077] {logging_mixin.py:115} INFO - [2023-01-04 08:21:07,077] {dagbag.py:507} INFO - Filling up the DagBag from /home/gustavo/Documents/etl_api_twitter/venv/lib/python3.9/site-packages/airflow/example_dags/example_branch_labels.py
[2023-01-04 08:21:07,082] {processor.py:651} INFO - DAG(s) dict_keys(['example_branch_labels']) retrieved from /home/gustavo/Documents/etl_api_twitter/venv/lib/python3.9/site-packages/airflow/example_dags/example_branch_labels.py
[2023-01-04 08:21:07,103] {logging_mixin.py:115} INFO - [2023-01-04 08:21:07,103] {dag.py:2379} INFO - Sync 1 DAGs
[2023-01-04 08:21:07,123] {logging_mixin.py:115} INFO - [2023-01-04 08:21:07,123] {dag.py:2927} INFO - Setting next_dagrun for example_branch_labels to 2023-01-03T00:00:00+00:00, run_after=2023-01-04T00:00:00+00:00
[2023-01-04 08:21:07,142] {processor.py:161} INFO - Processing /home/gustavo/Documents/etl_api_twitter/venv/lib/python3.9/site-packages/airflow/example_dags/example_branch_labels.py took 0.069 seconds
[2023-01-04 08:21:39,915] {processor.py:153} INFO - Started process (PID=6900) to work on /home/gustavo/Documents/etl_api_twitter/venv/lib/python3.9/site-packages/airflow/example_dags/example_branch_labels.py
[2023-01-04 08:21:39,916] {processor.py:641} INFO - Processing file /home/gustavo/Documents/etl_api_twitter/venv/lib/python3.9/site-packages/airflow/example_dags/example_branch_labels.py for tasks to queue
[2023-01-04 08:21:39,916] {logging_mixin.py:115} INFO - [2023-01-04 08:21:39,916] {dagbag.py:507} INFO - Filling up the DagBag from /home/gustavo/Documents/etl_api_twitter/venv/lib/python3.9/site-packages/airflow/example_dags/example_branch_labels.py
[2023-01-04 08:21:39,925] {processor.py:651} INFO - DAG(s) dict_keys(['example_branch_labels']) retrieved from /home/gustavo/Documents/etl_api_twitter/venv/lib/python3.9/site-packages/airflow/example_dags/example_branch_labels.py
[2023-01-04 08:21:39,950] {logging_mixin.py:115} INFO - [2023-01-04 08:21:39,950] {dag.py:2379} INFO - Sync 1 DAGs
[2023-01-04 08:21:39,979] {logging_mixin.py:115} INFO - [2023-01-04 08:21:39,979] {dag.py:2927} INFO - Setting next_dagrun for example_branch_labels to 2023-01-03T00:00:00+00:00, run_after=2023-01-04T00:00:00+00:00
[2023-01-04 08:21:39,990] {processor.py:161} INFO - Processing /home/gustavo/Documents/etl_api_twitter/venv/lib/python3.9/site-packages/airflow/example_dags/example_branch_labels.py took 0.080 seconds
[2023-01-04 08:22:14,228] {processor.py:153} INFO - Started process (PID=7080) to work on /home/gustavo/Documents/etl_api_twitter/venv/lib/python3.9/site-packages/airflow/example_dags/example_branch_labels.py
[2023-01-04 08:22:14,229] {processor.py:641} INFO - Processing file /home/gustavo/Documents/etl_api_twitter/venv/lib/python3.9/site-packages/airflow/example_dags/example_branch_labels.py for tasks to queue
[2023-01-04 08:22:14,230] {logging_mixin.py:115} INFO - [2023-01-04 08:22:14,230] {dagbag.py:507} INFO - Filling up the DagBag from /home/gustavo/Documents/etl_api_twitter/venv/lib/python3.9/site-packages/airflow/example_dags/example_branch_labels.py
[2023-01-04 08:22:14,240] {processor.py:651} INFO - DAG(s) dict_keys(['example_branch_labels']) retrieved from /home/gustavo/Documents/etl_api_twitter/venv/lib/python3.9/site-packages/airflow/example_dags/example_branch_labels.py
[2023-01-04 08:22:14,275] {logging_mixin.py:115} INFO - [2023-01-04 08:22:14,275] {dag.py:2379} INFO - Sync 1 DAGs
[2023-01-04 08:22:14,305] {logging_mixin.py:115} INFO - [2023-01-04 08:22:14,305] {dag.py:2927} INFO - Setting next_dagrun for example_branch_labels to 2023-01-03T00:00:00+00:00, run_after=2023-01-04T00:00:00+00:00
[2023-01-04 08:22:14,316] {processor.py:161} INFO - Processing /home/gustavo/Documents/etl_api_twitter/venv/lib/python3.9/site-packages/airflow/example_dags/example_branch_labels.py took 0.095 seconds
[2023-01-04 08:22:48,089] {processor.py:153} INFO - Started process (PID=7294) to work on /home/gustavo/Documents/etl_api_twitter/venv/lib/python3.9/site-packages/airflow/example_dags/example_branch_labels.py
[2023-01-04 08:22:48,091] {processor.py:641} INFO - Processing file /home/gustavo/Documents/etl_api_twitter/venv/lib/python3.9/site-packages/airflow/example_dags/example_branch_labels.py for tasks to queue
[2023-01-04 08:22:48,092] {logging_mixin.py:115} INFO - [2023-01-04 08:22:48,092] {dagbag.py:507} INFO - Filling up the DagBag from /home/gustavo/Documents/etl_api_twitter/venv/lib/python3.9/site-packages/airflow/example_dags/example_branch_labels.py
[2023-01-04 08:22:48,100] {processor.py:651} INFO - DAG(s) dict_keys(['example_branch_labels']) retrieved from /home/gustavo/Documents/etl_api_twitter/venv/lib/python3.9/site-packages/airflow/example_dags/example_branch_labels.py
[2023-01-04 08:22:48,121] {logging_mixin.py:115} INFO - [2023-01-04 08:22:48,120] {dag.py:2379} INFO - Sync 1 DAGs
[2023-01-04 08:22:48,150] {logging_mixin.py:115} INFO - [2023-01-04 08:22:48,150] {dag.py:2927} INFO - Setting next_dagrun for example_branch_labels to 2023-01-03T00:00:00+00:00, run_after=2023-01-04T00:00:00+00:00
[2023-01-04 08:22:48,160] {processor.py:161} INFO - Processing /home/gustavo/Documents/etl_api_twitter/venv/lib/python3.9/site-packages/airflow/example_dags/example_branch_labels.py took 0.078 seconds
[2023-01-04 08:23:22,595] {processor.py:153} INFO - Started process (PID=7503) to work on /home/gustavo/Documents/etl_api_twitter/venv/lib/python3.9/site-packages/airflow/example_dags/example_branch_labels.py
[2023-01-04 08:23:22,595] {processor.py:641} INFO - Processing file /home/gustavo/Documents/etl_api_twitter/venv/lib/python3.9/site-packages/airflow/example_dags/example_branch_labels.py for tasks to queue
[2023-01-04 08:23:22,596] {logging_mixin.py:115} INFO - [2023-01-04 08:23:22,596] {dagbag.py:507} INFO - Filling up the DagBag from /home/gustavo/Documents/etl_api_twitter/venv/lib/python3.9/site-packages/airflow/example_dags/example_branch_labels.py
[2023-01-04 08:23:22,602] {processor.py:651} INFO - DAG(s) dict_keys(['example_branch_labels']) retrieved from /home/gustavo/Documents/etl_api_twitter/venv/lib/python3.9/site-packages/airflow/example_dags/example_branch_labels.py
[2023-01-04 08:23:22,619] {logging_mixin.py:115} INFO - [2023-01-04 08:23:22,619] {dag.py:2379} INFO - Sync 1 DAGs
[2023-01-04 08:23:22,634] {logging_mixin.py:115} INFO - [2023-01-04 08:23:22,634] {dag.py:2927} INFO - Setting next_dagrun for example_branch_labels to 2023-01-03T00:00:00+00:00, run_after=2023-01-04T00:00:00+00:00
[2023-01-04 08:23:22,642] {processor.py:161} INFO - Processing /home/gustavo/Documents/etl_api_twitter/venv/lib/python3.9/site-packages/airflow/example_dags/example_branch_labels.py took 0.053 seconds
[2023-01-04 08:23:57,425] {processor.py:153} INFO - Started process (PID=7682) to work on /home/gustavo/Documents/etl_api_twitter/venv/lib/python3.9/site-packages/airflow/example_dags/example_branch_labels.py
[2023-01-04 08:23:57,427] {processor.py:641} INFO - Processing file /home/gustavo/Documents/etl_api_twitter/venv/lib/python3.9/site-packages/airflow/example_dags/example_branch_labels.py for tasks to queue
[2023-01-04 08:23:57,427] {logging_mixin.py:115} INFO - [2023-01-04 08:23:57,427] {dagbag.py:507} INFO - Filling up the DagBag from /home/gustavo/Documents/etl_api_twitter/venv/lib/python3.9/site-packages/airflow/example_dags/example_branch_labels.py
[2023-01-04 08:23:57,436] {processor.py:651} INFO - DAG(s) dict_keys(['example_branch_labels']) retrieved from /home/gustavo/Documents/etl_api_twitter/venv/lib/python3.9/site-packages/airflow/example_dags/example_branch_labels.py
[2023-01-04 08:23:57,462] {logging_mixin.py:115} INFO - [2023-01-04 08:23:57,461] {dag.py:2379} INFO - Sync 1 DAGs
[2023-01-04 08:23:57,516] {logging_mixin.py:115} INFO - [2023-01-04 08:23:57,516] {dag.py:2927} INFO - Setting next_dagrun for example_branch_labels to 2023-01-03T00:00:00+00:00, run_after=2023-01-04T00:00:00+00:00
[2023-01-04 08:23:57,537] {processor.py:161} INFO - Processing /home/gustavo/Documents/etl_api_twitter/venv/lib/python3.9/site-packages/airflow/example_dags/example_branch_labels.py took 0.120 seconds
[2023-01-04 08:24:34,855] {processor.py:153} INFO - Started process (PID=7912) to work on /home/gustavo/Documents/etl_api_twitter/venv/lib/python3.9/site-packages/airflow/example_dags/example_branch_labels.py
[2023-01-04 08:24:34,857] {processor.py:641} INFO - Processing file /home/gustavo/Documents/etl_api_twitter/venv/lib/python3.9/site-packages/airflow/example_dags/example_branch_labels.py for tasks to queue
[2023-01-04 08:24:34,858] {logging_mixin.py:115} INFO - [2023-01-04 08:24:34,858] {dagbag.py:507} INFO - Filling up the DagBag from /home/gustavo/Documents/etl_api_twitter/venv/lib/python3.9/site-packages/airflow/example_dags/example_branch_labels.py
[2023-01-04 08:24:34,869] {processor.py:651} INFO - DAG(s) dict_keys(['example_branch_labels']) retrieved from /home/gustavo/Documents/etl_api_twitter/venv/lib/python3.9/site-packages/airflow/example_dags/example_branch_labels.py
[2023-01-04 08:24:34,889] {logging_mixin.py:115} INFO - [2023-01-04 08:24:34,889] {dag.py:2379} INFO - Sync 1 DAGs
[2023-01-04 08:24:34,914] {logging_mixin.py:115} INFO - [2023-01-04 08:24:34,914] {dag.py:2927} INFO - Setting next_dagrun for example_branch_labels to 2023-01-03T00:00:00+00:00, run_after=2023-01-04T00:00:00+00:00
[2023-01-04 08:24:34,924] {processor.py:161} INFO - Processing /home/gustavo/Documents/etl_api_twitter/venv/lib/python3.9/site-packages/airflow/example_dags/example_branch_labels.py took 0.076 seconds
[2023-01-04 08:25:09,538] {processor.py:153} INFO - Started process (PID=8116) to work on /home/gustavo/Documents/etl_api_twitter/venv/lib/python3.9/site-packages/airflow/example_dags/example_branch_labels.py
[2023-01-04 08:25:09,540] {processor.py:641} INFO - Processing file /home/gustavo/Documents/etl_api_twitter/venv/lib/python3.9/site-packages/airflow/example_dags/example_branch_labels.py for tasks to queue
[2023-01-04 08:25:09,540] {logging_mixin.py:115} INFO - [2023-01-04 08:25:09,540] {dagbag.py:507} INFO - Filling up the DagBag from /home/gustavo/Documents/etl_api_twitter/venv/lib/python3.9/site-packages/airflow/example_dags/example_branch_labels.py
[2023-01-04 08:25:09,547] {processor.py:651} INFO - DAG(s) dict_keys(['example_branch_labels']) retrieved from /home/gustavo/Documents/etl_api_twitter/venv/lib/python3.9/site-packages/airflow/example_dags/example_branch_labels.py
[2023-01-04 08:25:09,573] {logging_mixin.py:115} INFO - [2023-01-04 08:25:09,573] {dag.py:2379} INFO - Sync 1 DAGs
[2023-01-04 08:25:09,592] {logging_mixin.py:115} INFO - [2023-01-04 08:25:09,592] {dag.py:2927} INFO - Setting next_dagrun for example_branch_labels to 2023-01-03T00:00:00+00:00, run_after=2023-01-04T00:00:00+00:00
[2023-01-04 08:25:09,605] {processor.py:161} INFO - Processing /home/gustavo/Documents/etl_api_twitter/venv/lib/python3.9/site-packages/airflow/example_dags/example_branch_labels.py took 0.072 seconds
[2023-01-04 08:25:42,216] {processor.py:153} INFO - Started process (PID=8350) to work on /home/gustavo/Documents/etl_api_twitter/venv/lib/python3.9/site-packages/airflow/example_dags/example_branch_labels.py
[2023-01-04 08:25:42,218] {processor.py:641} INFO - Processing file /home/gustavo/Documents/etl_api_twitter/venv/lib/python3.9/site-packages/airflow/example_dags/example_branch_labels.py for tasks to queue
[2023-01-04 08:25:42,219] {logging_mixin.py:115} INFO - [2023-01-04 08:25:42,219] {dagbag.py:507} INFO - Filling up the DagBag from /home/gustavo/Documents/etl_api_twitter/venv/lib/python3.9/site-packages/airflow/example_dags/example_branch_labels.py
[2023-01-04 08:25:42,231] {processor.py:651} INFO - DAG(s) dict_keys(['example_branch_labels']) retrieved from /home/gustavo/Documents/etl_api_twitter/venv/lib/python3.9/site-packages/airflow/example_dags/example_branch_labels.py
[2023-01-04 08:25:42,255] {logging_mixin.py:115} INFO - [2023-01-04 08:25:42,255] {dag.py:2379} INFO - Sync 1 DAGs
[2023-01-04 08:25:42,281] {logging_mixin.py:115} INFO - [2023-01-04 08:25:42,281] {dag.py:2927} INFO - Setting next_dagrun for example_branch_labels to 2023-01-03T00:00:00+00:00, run_after=2023-01-04T00:00:00+00:00
[2023-01-04 08:25:42,298] {processor.py:161} INFO - Processing /home/gustavo/Documents/etl_api_twitter/venv/lib/python3.9/site-packages/airflow/example_dags/example_branch_labels.py took 0.086 seconds
[2023-01-04 08:26:18,055] {processor.py:153} INFO - Started process (PID=8556) to work on /home/gustavo/Documents/etl_api_twitter/venv/lib/python3.9/site-packages/airflow/example_dags/example_branch_labels.py
[2023-01-04 08:26:18,057] {processor.py:641} INFO - Processing file /home/gustavo/Documents/etl_api_twitter/venv/lib/python3.9/site-packages/airflow/example_dags/example_branch_labels.py for tasks to queue
[2023-01-04 08:26:18,059] {logging_mixin.py:115} INFO - [2023-01-04 08:26:18,058] {dagbag.py:507} INFO - Filling up the DagBag from /home/gustavo/Documents/etl_api_twitter/venv/lib/python3.9/site-packages/airflow/example_dags/example_branch_labels.py
[2023-01-04 08:26:18,070] {processor.py:651} INFO - DAG(s) dict_keys(['example_branch_labels']) retrieved from /home/gustavo/Documents/etl_api_twitter/venv/lib/python3.9/site-packages/airflow/example_dags/example_branch_labels.py
[2023-01-04 08:26:18,093] {logging_mixin.py:115} INFO - [2023-01-04 08:26:18,093] {dag.py:2379} INFO - Sync 1 DAGs
[2023-01-04 08:26:18,127] {logging_mixin.py:115} INFO - [2023-01-04 08:26:18,126] {dag.py:2927} INFO - Setting next_dagrun for example_branch_labels to 2023-01-03T00:00:00+00:00, run_after=2023-01-04T00:00:00+00:00
[2023-01-04 08:26:18,146] {processor.py:161} INFO - Processing /home/gustavo/Documents/etl_api_twitter/venv/lib/python3.9/site-packages/airflow/example_dags/example_branch_labels.py took 0.099 seconds
[2023-01-04 08:26:53,209] {processor.py:153} INFO - Started process (PID=8761) to work on /home/gustavo/Documents/etl_api_twitter/venv/lib/python3.9/site-packages/airflow/example_dags/example_branch_labels.py
[2023-01-04 08:26:53,210] {processor.py:641} INFO - Processing file /home/gustavo/Documents/etl_api_twitter/venv/lib/python3.9/site-packages/airflow/example_dags/example_branch_labels.py for tasks to queue
[2023-01-04 08:26:53,211] {logging_mixin.py:115} INFO - [2023-01-04 08:26:53,211] {dagbag.py:507} INFO - Filling up the DagBag from /home/gustavo/Documents/etl_api_twitter/venv/lib/python3.9/site-packages/airflow/example_dags/example_branch_labels.py
[2023-01-04 08:26:53,224] {processor.py:651} INFO - DAG(s) dict_keys(['example_branch_labels']) retrieved from /home/gustavo/Documents/etl_api_twitter/venv/lib/python3.9/site-packages/airflow/example_dags/example_branch_labels.py
[2023-01-04 08:26:53,246] {logging_mixin.py:115} INFO - [2023-01-04 08:26:53,246] {dag.py:2379} INFO - Sync 1 DAGs
[2023-01-04 08:26:53,267] {logging_mixin.py:115} INFO - [2023-01-04 08:26:53,267] {dag.py:2927} INFO - Setting next_dagrun for example_branch_labels to 2023-01-03T00:00:00+00:00, run_after=2023-01-04T00:00:00+00:00
[2023-01-04 08:26:53,282] {processor.py:161} INFO - Processing /home/gustavo/Documents/etl_api_twitter/venv/lib/python3.9/site-packages/airflow/example_dags/example_branch_labels.py took 0.078 seconds
[2023-01-04 08:27:29,886] {processor.py:153} INFO - Started process (PID=8977) to work on /home/gustavo/Documents/etl_api_twitter/venv/lib/python3.9/site-packages/airflow/example_dags/example_branch_labels.py
[2023-01-04 08:27:29,887] {processor.py:641} INFO - Processing file /home/gustavo/Documents/etl_api_twitter/venv/lib/python3.9/site-packages/airflow/example_dags/example_branch_labels.py for tasks to queue
[2023-01-04 08:27:29,888] {logging_mixin.py:115} INFO - [2023-01-04 08:27:29,888] {dagbag.py:507} INFO - Filling up the DagBag from /home/gustavo/Documents/etl_api_twitter/venv/lib/python3.9/site-packages/airflow/example_dags/example_branch_labels.py
[2023-01-04 08:27:29,894] {processor.py:651} INFO - DAG(s) dict_keys(['example_branch_labels']) retrieved from /home/gustavo/Documents/etl_api_twitter/venv/lib/python3.9/site-packages/airflow/example_dags/example_branch_labels.py
[2023-01-04 08:27:29,913] {logging_mixin.py:115} INFO - [2023-01-04 08:27:29,913] {dag.py:2379} INFO - Sync 1 DAGs
[2023-01-04 08:27:29,929] {logging_mixin.py:115} INFO - [2023-01-04 08:27:29,929] {dag.py:2927} INFO - Setting next_dagrun for example_branch_labels to 2023-01-03T00:00:00+00:00, run_after=2023-01-04T00:00:00+00:00
[2023-01-04 08:27:29,948] {processor.py:161} INFO - Processing /home/gustavo/Documents/etl_api_twitter/venv/lib/python3.9/site-packages/airflow/example_dags/example_branch_labels.py took 0.070 seconds
