[2023-01-04 08:01:10,511] {processor.py:153} INFO - Started process (PID=28339) to work on /home/gustavo/Documents/etl_api_twitter/venv/lib/python3.9/site-packages/airflow/example_dags/example_latest_only.py
[2023-01-04 08:01:10,516] {processor.py:641} INFO - Processing file /home/gustavo/Documents/etl_api_twitter/venv/lib/python3.9/site-packages/airflow/example_dags/example_latest_only.py for tasks to queue
[2023-01-04 08:01:10,516] {logging_mixin.py:115} INFO - [2023-01-04 08:01:10,516] {dagbag.py:507} INFO - Filling up the DagBag from /home/gustavo/Documents/etl_api_twitter/venv/lib/python3.9/site-packages/airflow/example_dags/example_latest_only.py
[2023-01-04 08:01:10,527] {processor.py:651} INFO - DAG(s) dict_keys(['latest_only']) retrieved from /home/gustavo/Documents/etl_api_twitter/venv/lib/python3.9/site-packages/airflow/example_dags/example_latest_only.py
[2023-01-04 08:01:10,666] {logging_mixin.py:115} INFO - [2023-01-04 08:01:10,665] {manager.py:508} INFO - Created Permission View: can edit on DAG:latest_only
[2023-01-04 08:01:10,694] {logging_mixin.py:115} INFO - [2023-01-04 08:01:10,694] {manager.py:508} INFO - Created Permission View: can read on DAG:latest_only
[2023-01-04 08:01:10,719] {logging_mixin.py:115} INFO - [2023-01-04 08:01:10,719] {manager.py:508} INFO - Created Permission View: can delete on DAG:latest_only
[2023-01-04 08:01:10,720] {logging_mixin.py:115} INFO - [2023-01-04 08:01:10,719] {dag.py:2379} INFO - Sync 1 DAGs
[2023-01-04 08:01:10,742] {logging_mixin.py:115} INFO - [2023-01-04 08:01:10,739] {dag.py:2398} INFO - Creating ORM DAG for latest_only
[2023-01-04 08:01:10,766] {logging_mixin.py:115} INFO - [2023-01-04 08:01:10,766] {dag.py:2927} INFO - Setting next_dagrun for latest_only to 2023-01-04T07:01:10.765695+00:00, run_after=2023-01-04T11:01:10.765695+00:00
[2023-01-04 08:01:10,816] {processor.py:161} INFO - Processing /home/gustavo/Documents/etl_api_twitter/venv/lib/python3.9/site-packages/airflow/example_dags/example_latest_only.py took 0.308 seconds
[2023-01-04 08:01:48,397] {processor.py:153} INFO - Started process (PID=28562) to work on /home/gustavo/Documents/etl_api_twitter/venv/lib/python3.9/site-packages/airflow/example_dags/example_latest_only.py
[2023-01-04 08:01:48,398] {processor.py:641} INFO - Processing file /home/gustavo/Documents/etl_api_twitter/venv/lib/python3.9/site-packages/airflow/example_dags/example_latest_only.py for tasks to queue
[2023-01-04 08:01:48,399] {logging_mixin.py:115} INFO - [2023-01-04 08:01:48,399] {dagbag.py:507} INFO - Filling up the DagBag from /home/gustavo/Documents/etl_api_twitter/venv/lib/python3.9/site-packages/airflow/example_dags/example_latest_only.py
[2023-01-04 08:01:48,411] {processor.py:651} INFO - DAG(s) dict_keys(['latest_only']) retrieved from /home/gustavo/Documents/etl_api_twitter/venv/lib/python3.9/site-packages/airflow/example_dags/example_latest_only.py
[2023-01-04 08:01:48,451] {logging_mixin.py:115} INFO - [2023-01-04 08:01:48,451] {dag.py:2379} INFO - Sync 1 DAGs
[2023-01-04 08:01:48,474] {logging_mixin.py:115} INFO - [2023-01-04 08:01:48,474] {dag.py:2927} INFO - Setting next_dagrun for latest_only to 2023-01-04T07:01:48.473671+00:00, run_after=2023-01-04T11:01:48.473671+00:00
[2023-01-04 08:01:48,494] {processor.py:161} INFO - Processing /home/gustavo/Documents/etl_api_twitter/venv/lib/python3.9/site-packages/airflow/example_dags/example_latest_only.py took 0.105 seconds
[2023-01-04 08:11:00,611] {processor.py:153} INFO - Started process (PID=3734) to work on /home/gustavo/Documents/etl_api_twitter/venv/lib/python3.9/site-packages/airflow/example_dags/example_latest_only.py
[2023-01-04 08:11:00,611] {processor.py:641} INFO - Processing file /home/gustavo/Documents/etl_api_twitter/venv/lib/python3.9/site-packages/airflow/example_dags/example_latest_only.py for tasks to queue
[2023-01-04 08:11:00,611] {logging_mixin.py:115} INFO - [2023-01-04 08:11:00,611] {dagbag.py:507} INFO - Filling up the DagBag from /home/gustavo/Documents/etl_api_twitter/venv/lib/python3.9/site-packages/airflow/example_dags/example_latest_only.py
[2023-01-04 08:11:00,616] {processor.py:651} INFO - DAG(s) dict_keys(['latest_only']) retrieved from /home/gustavo/Documents/etl_api_twitter/venv/lib/python3.9/site-packages/airflow/example_dags/example_latest_only.py
[2023-01-04 08:11:00,646] {logging_mixin.py:115} INFO - [2023-01-04 08:11:00,645] {dag.py:2379} INFO - Sync 1 DAGs
[2023-01-04 08:11:00,668] {logging_mixin.py:115} INFO - [2023-01-04 08:11:00,667] {dag.py:2927} INFO - Setting next_dagrun for latest_only to 2023-01-04T07:11:00.667572+00:00, run_after=2023-01-04T11:11:00.667572+00:00
[2023-01-04 08:11:00,683] {processor.py:161} INFO - Processing /home/gustavo/Documents/etl_api_twitter/venv/lib/python3.9/site-packages/airflow/example_dags/example_latest_only.py took 0.075 seconds
[2023-01-04 08:11:35,769] {processor.py:153} INFO - Started process (PID=3967) to work on /home/gustavo/Documents/etl_api_twitter/venv/lib/python3.9/site-packages/airflow/example_dags/example_latest_only.py
[2023-01-04 08:11:35,772] {processor.py:641} INFO - Processing file /home/gustavo/Documents/etl_api_twitter/venv/lib/python3.9/site-packages/airflow/example_dags/example_latest_only.py for tasks to queue
[2023-01-04 08:11:35,772] {logging_mixin.py:115} INFO - [2023-01-04 08:11:35,772] {dagbag.py:507} INFO - Filling up the DagBag from /home/gustavo/Documents/etl_api_twitter/venv/lib/python3.9/site-packages/airflow/example_dags/example_latest_only.py
[2023-01-04 08:11:35,788] {processor.py:651} INFO - DAG(s) dict_keys(['latest_only']) retrieved from /home/gustavo/Documents/etl_api_twitter/venv/lib/python3.9/site-packages/airflow/example_dags/example_latest_only.py
[2023-01-04 08:11:35,821] {logging_mixin.py:115} INFO - [2023-01-04 08:11:35,821] {dag.py:2379} INFO - Sync 1 DAGs
[2023-01-04 08:11:35,839] {logging_mixin.py:115} INFO - [2023-01-04 08:11:35,839] {dag.py:2927} INFO - Setting next_dagrun for latest_only to 2023-01-04T07:11:35.839103+00:00, run_after=2023-01-04T11:11:35.839103+00:00
[2023-01-04 08:11:35,848] {processor.py:161} INFO - Processing /home/gustavo/Documents/etl_api_twitter/venv/lib/python3.9/site-packages/airflow/example_dags/example_latest_only.py took 0.086 seconds
[2023-01-04 08:12:10,042] {processor.py:153} INFO - Started process (PID=4148) to work on /home/gustavo/Documents/etl_api_twitter/venv/lib/python3.9/site-packages/airflow/example_dags/example_latest_only.py
[2023-01-04 08:12:10,042] {processor.py:641} INFO - Processing file /home/gustavo/Documents/etl_api_twitter/venv/lib/python3.9/site-packages/airflow/example_dags/example_latest_only.py for tasks to queue
[2023-01-04 08:12:10,043] {logging_mixin.py:115} INFO - [2023-01-04 08:12:10,043] {dagbag.py:507} INFO - Filling up the DagBag from /home/gustavo/Documents/etl_api_twitter/venv/lib/python3.9/site-packages/airflow/example_dags/example_latest_only.py
[2023-01-04 08:12:10,048] {processor.py:651} INFO - DAG(s) dict_keys(['latest_only']) retrieved from /home/gustavo/Documents/etl_api_twitter/venv/lib/python3.9/site-packages/airflow/example_dags/example_latest_only.py
[2023-01-04 08:12:10,066] {logging_mixin.py:115} INFO - [2023-01-04 08:12:10,066] {dag.py:2379} INFO - Sync 1 DAGs
[2023-01-04 08:12:10,087] {logging_mixin.py:115} INFO - [2023-01-04 08:12:10,087] {dag.py:2927} INFO - Setting next_dagrun for latest_only to 2023-01-04T07:12:10.086769+00:00, run_after=2023-01-04T11:12:10.086769+00:00
[2023-01-04 08:12:10,103] {processor.py:161} INFO - Processing /home/gustavo/Documents/etl_api_twitter/venv/lib/python3.9/site-packages/airflow/example_dags/example_latest_only.py took 0.064 seconds
[2023-01-04 08:12:42,514] {processor.py:153} INFO - Started process (PID=4188) to work on /home/gustavo/Documents/etl_api_twitter/venv/lib/python3.9/site-packages/airflow/example_dags/example_latest_only.py
[2023-01-04 08:12:42,516] {processor.py:641} INFO - Processing file /home/gustavo/Documents/etl_api_twitter/venv/lib/python3.9/site-packages/airflow/example_dags/example_latest_only.py for tasks to queue
[2023-01-04 08:12:42,516] {logging_mixin.py:115} INFO - [2023-01-04 08:12:42,516] {dagbag.py:507} INFO - Filling up the DagBag from /home/gustavo/Documents/etl_api_twitter/venv/lib/python3.9/site-packages/airflow/example_dags/example_latest_only.py
[2023-01-04 08:12:42,526] {processor.py:651} INFO - DAG(s) dict_keys(['latest_only']) retrieved from /home/gustavo/Documents/etl_api_twitter/venv/lib/python3.9/site-packages/airflow/example_dags/example_latest_only.py
[2023-01-04 08:12:42,558] {logging_mixin.py:115} INFO - [2023-01-04 08:12:42,558] {dag.py:2379} INFO - Sync 1 DAGs
[2023-01-04 08:12:42,584] {logging_mixin.py:115} INFO - [2023-01-04 08:12:42,583] {dag.py:2927} INFO - Setting next_dagrun for latest_only to 2023-01-04T07:12:42.583529+00:00, run_after=2023-01-04T11:12:42.583529+00:00
[2023-01-04 08:12:42,595] {processor.py:161} INFO - Processing /home/gustavo/Documents/etl_api_twitter/venv/lib/python3.9/site-packages/airflow/example_dags/example_latest_only.py took 0.087 seconds
[2023-01-04 08:13:17,441] {processor.py:153} INFO - Started process (PID=4224) to work on /home/gustavo/Documents/etl_api_twitter/venv/lib/python3.9/site-packages/airflow/example_dags/example_latest_only.py
[2023-01-04 08:13:17,442] {processor.py:641} INFO - Processing file /home/gustavo/Documents/etl_api_twitter/venv/lib/python3.9/site-packages/airflow/example_dags/example_latest_only.py for tasks to queue
[2023-01-04 08:13:17,443] {logging_mixin.py:115} INFO - [2023-01-04 08:13:17,443] {dagbag.py:507} INFO - Filling up the DagBag from /home/gustavo/Documents/etl_api_twitter/venv/lib/python3.9/site-packages/airflow/example_dags/example_latest_only.py
[2023-01-04 08:13:17,454] {processor.py:651} INFO - DAG(s) dict_keys(['latest_only']) retrieved from /home/gustavo/Documents/etl_api_twitter/venv/lib/python3.9/site-packages/airflow/example_dags/example_latest_only.py
[2023-01-04 08:13:17,495] {logging_mixin.py:115} INFO - [2023-01-04 08:13:17,495] {dag.py:2379} INFO - Sync 1 DAGs
[2023-01-04 08:13:17,531] {logging_mixin.py:115} INFO - [2023-01-04 08:13:17,531] {dag.py:2927} INFO - Setting next_dagrun for latest_only to 2023-01-04T07:13:17.530819+00:00, run_after=2023-01-04T11:13:17.530819+00:00
[2023-01-04 08:13:17,551] {processor.py:161} INFO - Processing /home/gustavo/Documents/etl_api_twitter/venv/lib/python3.9/site-packages/airflow/example_dags/example_latest_only.py took 0.117 seconds
[2023-01-04 08:13:52,770] {processor.py:153} INFO - Started process (PID=4263) to work on /home/gustavo/Documents/etl_api_twitter/venv/lib/python3.9/site-packages/airflow/example_dags/example_latest_only.py
[2023-01-04 08:13:52,772] {processor.py:641} INFO - Processing file /home/gustavo/Documents/etl_api_twitter/venv/lib/python3.9/site-packages/airflow/example_dags/example_latest_only.py for tasks to queue
[2023-01-04 08:13:52,774] {logging_mixin.py:115} INFO - [2023-01-04 08:13:52,773] {dagbag.py:507} INFO - Filling up the DagBag from /home/gustavo/Documents/etl_api_twitter/venv/lib/python3.9/site-packages/airflow/example_dags/example_latest_only.py
[2023-01-04 08:13:52,785] {processor.py:651} INFO - DAG(s) dict_keys(['latest_only']) retrieved from /home/gustavo/Documents/etl_api_twitter/venv/lib/python3.9/site-packages/airflow/example_dags/example_latest_only.py
[2023-01-04 08:13:52,813] {logging_mixin.py:115} INFO - [2023-01-04 08:13:52,813] {dag.py:2379} INFO - Sync 1 DAGs
[2023-01-04 08:13:52,846] {logging_mixin.py:115} INFO - [2023-01-04 08:13:52,846] {dag.py:2927} INFO - Setting next_dagrun for latest_only to 2023-01-04T07:13:52.845952+00:00, run_after=2023-01-04T11:13:52.845952+00:00
[2023-01-04 08:13:52,865] {processor.py:161} INFO - Processing /home/gustavo/Documents/etl_api_twitter/venv/lib/python3.9/site-packages/airflow/example_dags/example_latest_only.py took 0.103 seconds
[2023-01-04 08:14:27,608] {processor.py:153} INFO - Started process (PID=4359) to work on /home/gustavo/Documents/etl_api_twitter/venv/lib/python3.9/site-packages/airflow/example_dags/example_latest_only.py
[2023-01-04 08:14:27,608] {processor.py:641} INFO - Processing file /home/gustavo/Documents/etl_api_twitter/venv/lib/python3.9/site-packages/airflow/example_dags/example_latest_only.py for tasks to queue
[2023-01-04 08:14:27,609] {logging_mixin.py:115} INFO - [2023-01-04 08:14:27,609] {dagbag.py:507} INFO - Filling up the DagBag from /home/gustavo/Documents/etl_api_twitter/venv/lib/python3.9/site-packages/airflow/example_dags/example_latest_only.py
[2023-01-04 08:14:27,614] {processor.py:651} INFO - DAG(s) dict_keys(['latest_only']) retrieved from /home/gustavo/Documents/etl_api_twitter/venv/lib/python3.9/site-packages/airflow/example_dags/example_latest_only.py
[2023-01-04 08:14:27,629] {logging_mixin.py:115} INFO - [2023-01-04 08:14:27,629] {dag.py:2379} INFO - Sync 1 DAGs
[2023-01-04 08:14:27,647] {logging_mixin.py:115} INFO - [2023-01-04 08:14:27,647] {dag.py:2927} INFO - Setting next_dagrun for latest_only to 2023-01-04T07:14:27.647125+00:00, run_after=2023-01-04T11:14:27.647125+00:00
[2023-01-04 08:14:27,657] {processor.py:161} INFO - Processing /home/gustavo/Documents/etl_api_twitter/venv/lib/python3.9/site-packages/airflow/example_dags/example_latest_only.py took 0.053 seconds
[2023-01-04 08:15:03,308] {processor.py:153} INFO - Started process (PID=4473) to work on /home/gustavo/Documents/etl_api_twitter/venv/lib/python3.9/site-packages/airflow/example_dags/example_latest_only.py
[2023-01-04 08:15:03,310] {processor.py:641} INFO - Processing file /home/gustavo/Documents/etl_api_twitter/venv/lib/python3.9/site-packages/airflow/example_dags/example_latest_only.py for tasks to queue
[2023-01-04 08:15:03,310] {logging_mixin.py:115} INFO - [2023-01-04 08:15:03,310] {dagbag.py:507} INFO - Filling up the DagBag from /home/gustavo/Documents/etl_api_twitter/venv/lib/python3.9/site-packages/airflow/example_dags/example_latest_only.py
[2023-01-04 08:15:03,317] {processor.py:651} INFO - DAG(s) dict_keys(['latest_only']) retrieved from /home/gustavo/Documents/etl_api_twitter/venv/lib/python3.9/site-packages/airflow/example_dags/example_latest_only.py
[2023-01-04 08:15:03,352] {logging_mixin.py:115} INFO - [2023-01-04 08:15:03,352] {dag.py:2379} INFO - Sync 1 DAGs
[2023-01-04 08:15:03,380] {logging_mixin.py:115} INFO - [2023-01-04 08:15:03,380] {dag.py:2927} INFO - Setting next_dagrun for latest_only to 2023-01-04T07:15:03.379879+00:00, run_after=2023-01-04T11:15:03.379879+00:00
[2023-01-04 08:15:03,397] {processor.py:161} INFO - Processing /home/gustavo/Documents/etl_api_twitter/venv/lib/python3.9/site-packages/airflow/example_dags/example_latest_only.py took 0.095 seconds
[2023-01-04 08:15:36,371] {processor.py:153} INFO - Started process (PID=4707) to work on /home/gustavo/Documents/etl_api_twitter/venv/lib/python3.9/site-packages/airflow/example_dags/example_latest_only.py
[2023-01-04 08:15:36,371] {processor.py:641} INFO - Processing file /home/gustavo/Documents/etl_api_twitter/venv/lib/python3.9/site-packages/airflow/example_dags/example_latest_only.py for tasks to queue
[2023-01-04 08:15:36,372] {logging_mixin.py:115} INFO - [2023-01-04 08:15:36,372] {dagbag.py:507} INFO - Filling up the DagBag from /home/gustavo/Documents/etl_api_twitter/venv/lib/python3.9/site-packages/airflow/example_dags/example_latest_only.py
[2023-01-04 08:15:36,376] {processor.py:651} INFO - DAG(s) dict_keys(['latest_only']) retrieved from /home/gustavo/Documents/etl_api_twitter/venv/lib/python3.9/site-packages/airflow/example_dags/example_latest_only.py
[2023-01-04 08:15:36,394] {logging_mixin.py:115} INFO - [2023-01-04 08:15:36,394] {dag.py:2379} INFO - Sync 1 DAGs
[2023-01-04 08:15:36,423] {logging_mixin.py:115} INFO - [2023-01-04 08:15:36,423] {dag.py:2927} INFO - Setting next_dagrun for latest_only to 2023-01-04T07:15:36.423047+00:00, run_after=2023-01-04T11:15:36.423047+00:00
[2023-01-04 08:15:36,442] {processor.py:161} INFO - Processing /home/gustavo/Documents/etl_api_twitter/venv/lib/python3.9/site-packages/airflow/example_dags/example_latest_only.py took 0.074 seconds
[2023-01-04 08:16:09,235] {processor.py:153} INFO - Started process (PID=4923) to work on /home/gustavo/Documents/etl_api_twitter/venv/lib/python3.9/site-packages/airflow/example_dags/example_latest_only.py
[2023-01-04 08:16:09,236] {processor.py:641} INFO - Processing file /home/gustavo/Documents/etl_api_twitter/venv/lib/python3.9/site-packages/airflow/example_dags/example_latest_only.py for tasks to queue
[2023-01-04 08:16:09,236] {logging_mixin.py:115} INFO - [2023-01-04 08:16:09,236] {dagbag.py:507} INFO - Filling up the DagBag from /home/gustavo/Documents/etl_api_twitter/venv/lib/python3.9/site-packages/airflow/example_dags/example_latest_only.py
[2023-01-04 08:16:09,240] {processor.py:651} INFO - DAG(s) dict_keys(['latest_only']) retrieved from /home/gustavo/Documents/etl_api_twitter/venv/lib/python3.9/site-packages/airflow/example_dags/example_latest_only.py
[2023-01-04 08:16:09,254] {logging_mixin.py:115} INFO - [2023-01-04 08:16:09,254] {dag.py:2379} INFO - Sync 1 DAGs
[2023-01-04 08:16:09,265] {logging_mixin.py:115} INFO - [2023-01-04 08:16:09,265] {dag.py:2927} INFO - Setting next_dagrun for latest_only to 2023-01-04T07:16:09.265302+00:00, run_after=2023-01-04T11:16:09.265302+00:00
[2023-01-04 08:16:09,274] {processor.py:161} INFO - Processing /home/gustavo/Documents/etl_api_twitter/venv/lib/python3.9/site-packages/airflow/example_dags/example_latest_only.py took 0.041 seconds
[2023-01-04 08:16:43,824] {processor.py:153} INFO - Started process (PID=5128) to work on /home/gustavo/Documents/etl_api_twitter/venv/lib/python3.9/site-packages/airflow/example_dags/example_latest_only.py
[2023-01-04 08:16:43,825] {processor.py:641} INFO - Processing file /home/gustavo/Documents/etl_api_twitter/venv/lib/python3.9/site-packages/airflow/example_dags/example_latest_only.py for tasks to queue
[2023-01-04 08:16:43,826] {logging_mixin.py:115} INFO - [2023-01-04 08:16:43,826] {dagbag.py:507} INFO - Filling up the DagBag from /home/gustavo/Documents/etl_api_twitter/venv/lib/python3.9/site-packages/airflow/example_dags/example_latest_only.py
[2023-01-04 08:16:43,831] {processor.py:651} INFO - DAG(s) dict_keys(['latest_only']) retrieved from /home/gustavo/Documents/etl_api_twitter/venv/lib/python3.9/site-packages/airflow/example_dags/example_latest_only.py
[2023-01-04 08:16:43,848] {logging_mixin.py:115} INFO - [2023-01-04 08:16:43,848] {dag.py:2379} INFO - Sync 1 DAGs
[2023-01-04 08:16:43,866] {logging_mixin.py:115} INFO - [2023-01-04 08:16:43,866] {dag.py:2927} INFO - Setting next_dagrun for latest_only to 2023-01-04T07:16:43.866266+00:00, run_after=2023-01-04T11:16:43.866266+00:00
[2023-01-04 08:16:43,878] {processor.py:161} INFO - Processing /home/gustavo/Documents/etl_api_twitter/venv/lib/python3.9/site-packages/airflow/example_dags/example_latest_only.py took 0.056 seconds
[2023-01-04 08:17:18,841] {processor.py:153} INFO - Started process (PID=5311) to work on /home/gustavo/Documents/etl_api_twitter/venv/lib/python3.9/site-packages/airflow/example_dags/example_latest_only.py
[2023-01-04 08:17:18,843] {processor.py:641} INFO - Processing file /home/gustavo/Documents/etl_api_twitter/venv/lib/python3.9/site-packages/airflow/example_dags/example_latest_only.py for tasks to queue
[2023-01-04 08:17:18,845] {logging_mixin.py:115} INFO - [2023-01-04 08:17:18,844] {dagbag.py:507} INFO - Filling up the DagBag from /home/gustavo/Documents/etl_api_twitter/venv/lib/python3.9/site-packages/airflow/example_dags/example_latest_only.py
[2023-01-04 08:17:18,857] {processor.py:651} INFO - DAG(s) dict_keys(['latest_only']) retrieved from /home/gustavo/Documents/etl_api_twitter/venv/lib/python3.9/site-packages/airflow/example_dags/example_latest_only.py
[2023-01-04 08:17:18,897] {logging_mixin.py:115} INFO - [2023-01-04 08:17:18,897] {dag.py:2379} INFO - Sync 1 DAGs
[2023-01-04 08:17:18,931] {logging_mixin.py:115} INFO - [2023-01-04 08:17:18,931] {dag.py:2927} INFO - Setting next_dagrun for latest_only to 2023-01-04T07:17:18.930388+00:00, run_after=2023-01-04T11:17:18.930388+00:00
[2023-01-04 08:17:18,944] {processor.py:161} INFO - Processing /home/gustavo/Documents/etl_api_twitter/venv/lib/python3.9/site-packages/airflow/example_dags/example_latest_only.py took 0.109 seconds
[2023-01-04 08:17:52,711] {processor.py:153} INFO - Started process (PID=5521) to work on /home/gustavo/Documents/etl_api_twitter/venv/lib/python3.9/site-packages/airflow/example_dags/example_latest_only.py
[2023-01-04 08:17:52,712] {processor.py:641} INFO - Processing file /home/gustavo/Documents/etl_api_twitter/venv/lib/python3.9/site-packages/airflow/example_dags/example_latest_only.py for tasks to queue
[2023-01-04 08:17:52,712] {logging_mixin.py:115} INFO - [2023-01-04 08:17:52,712] {dagbag.py:507} INFO - Filling up the DagBag from /home/gustavo/Documents/etl_api_twitter/venv/lib/python3.9/site-packages/airflow/example_dags/example_latest_only.py
[2023-01-04 08:17:52,720] {processor.py:651} INFO - DAG(s) dict_keys(['latest_only']) retrieved from /home/gustavo/Documents/etl_api_twitter/venv/lib/python3.9/site-packages/airflow/example_dags/example_latest_only.py
[2023-01-04 08:17:52,738] {logging_mixin.py:115} INFO - [2023-01-04 08:17:52,738] {dag.py:2379} INFO - Sync 1 DAGs
[2023-01-04 08:17:52,772] {logging_mixin.py:115} INFO - [2023-01-04 08:17:52,772] {dag.py:2927} INFO - Setting next_dagrun for latest_only to 2023-01-04T07:17:52.772337+00:00, run_after=2023-01-04T11:17:52.772337+00:00
[2023-01-04 08:17:52,792] {processor.py:161} INFO - Processing /home/gustavo/Documents/etl_api_twitter/venv/lib/python3.9/site-packages/airflow/example_dags/example_latest_only.py took 0.087 seconds
[2023-01-04 08:18:27,365] {processor.py:153} INFO - Started process (PID=5730) to work on /home/gustavo/Documents/etl_api_twitter/venv/lib/python3.9/site-packages/airflow/example_dags/example_latest_only.py
[2023-01-04 08:18:27,367] {processor.py:641} INFO - Processing file /home/gustavo/Documents/etl_api_twitter/venv/lib/python3.9/site-packages/airflow/example_dags/example_latest_only.py for tasks to queue
[2023-01-04 08:18:27,368] {logging_mixin.py:115} INFO - [2023-01-04 08:18:27,368] {dagbag.py:507} INFO - Filling up the DagBag from /home/gustavo/Documents/etl_api_twitter/venv/lib/python3.9/site-packages/airflow/example_dags/example_latest_only.py
[2023-01-04 08:18:27,376] {processor.py:651} INFO - DAG(s) dict_keys(['latest_only']) retrieved from /home/gustavo/Documents/etl_api_twitter/venv/lib/python3.9/site-packages/airflow/example_dags/example_latest_only.py
[2023-01-04 08:18:27,399] {logging_mixin.py:115} INFO - [2023-01-04 08:18:27,398] {dag.py:2379} INFO - Sync 1 DAGs
[2023-01-04 08:18:27,417] {logging_mixin.py:115} INFO - [2023-01-04 08:18:27,417] {dag.py:2927} INFO - Setting next_dagrun for latest_only to 2023-01-04T07:18:27.417036+00:00, run_after=2023-01-04T11:18:27.417036+00:00
[2023-01-04 08:18:27,431] {processor.py:161} INFO - Processing /home/gustavo/Documents/etl_api_twitter/venv/lib/python3.9/site-packages/airflow/example_dags/example_latest_only.py took 0.073 seconds
[2023-01-04 08:19:02,928] {processor.py:153} INFO - Started process (PID=5934) to work on /home/gustavo/Documents/etl_api_twitter/venv/lib/python3.9/site-packages/airflow/example_dags/example_latest_only.py
[2023-01-04 08:19:02,930] {processor.py:641} INFO - Processing file /home/gustavo/Documents/etl_api_twitter/venv/lib/python3.9/site-packages/airflow/example_dags/example_latest_only.py for tasks to queue
[2023-01-04 08:19:02,931] {logging_mixin.py:115} INFO - [2023-01-04 08:19:02,931] {dagbag.py:507} INFO - Filling up the DagBag from /home/gustavo/Documents/etl_api_twitter/venv/lib/python3.9/site-packages/airflow/example_dags/example_latest_only.py
[2023-01-04 08:19:02,945] {processor.py:651} INFO - DAG(s) dict_keys(['latest_only']) retrieved from /home/gustavo/Documents/etl_api_twitter/venv/lib/python3.9/site-packages/airflow/example_dags/example_latest_only.py
[2023-01-04 08:19:02,969] {logging_mixin.py:115} INFO - [2023-01-04 08:19:02,969] {dag.py:2379} INFO - Sync 1 DAGs
[2023-01-04 08:19:03,001] {logging_mixin.py:115} INFO - [2023-01-04 08:19:03,001] {dag.py:2927} INFO - Setting next_dagrun for latest_only to 2023-01-04T07:19:03.000709+00:00, run_after=2023-01-04T11:19:03.000709+00:00
[2023-01-04 08:19:03,016] {processor.py:161} INFO - Processing /home/gustavo/Documents/etl_api_twitter/venv/lib/python3.9/site-packages/airflow/example_dags/example_latest_only.py took 0.094 seconds
[2023-01-04 08:19:38,746] {processor.py:153} INFO - Started process (PID=6140) to work on /home/gustavo/Documents/etl_api_twitter/venv/lib/python3.9/site-packages/airflow/example_dags/example_latest_only.py
[2023-01-04 08:19:38,747] {processor.py:641} INFO - Processing file /home/gustavo/Documents/etl_api_twitter/venv/lib/python3.9/site-packages/airflow/example_dags/example_latest_only.py for tasks to queue
[2023-01-04 08:19:38,748] {logging_mixin.py:115} INFO - [2023-01-04 08:19:38,748] {dagbag.py:507} INFO - Filling up the DagBag from /home/gustavo/Documents/etl_api_twitter/venv/lib/python3.9/site-packages/airflow/example_dags/example_latest_only.py
[2023-01-04 08:19:38,756] {processor.py:651} INFO - DAG(s) dict_keys(['latest_only']) retrieved from /home/gustavo/Documents/etl_api_twitter/venv/lib/python3.9/site-packages/airflow/example_dags/example_latest_only.py
[2023-01-04 08:19:38,775] {logging_mixin.py:115} INFO - [2023-01-04 08:19:38,774] {dag.py:2379} INFO - Sync 1 DAGs
[2023-01-04 08:19:38,794] {logging_mixin.py:115} INFO - [2023-01-04 08:19:38,794] {dag.py:2927} INFO - Setting next_dagrun for latest_only to 2023-01-04T07:19:38.794229+00:00, run_after=2023-01-04T11:19:38.794229+00:00
[2023-01-04 08:19:38,806] {processor.py:161} INFO - Processing /home/gustavo/Documents/etl_api_twitter/venv/lib/python3.9/site-packages/airflow/example_dags/example_latest_only.py took 0.066 seconds
[2023-01-04 08:20:12,892] {processor.py:153} INFO - Started process (PID=6324) to work on /home/gustavo/Documents/etl_api_twitter/venv/lib/python3.9/site-packages/airflow/example_dags/example_latest_only.py
[2023-01-04 08:20:12,895] {processor.py:641} INFO - Processing file /home/gustavo/Documents/etl_api_twitter/venv/lib/python3.9/site-packages/airflow/example_dags/example_latest_only.py for tasks to queue
[2023-01-04 08:20:12,895] {logging_mixin.py:115} INFO - [2023-01-04 08:20:12,895] {dagbag.py:507} INFO - Filling up the DagBag from /home/gustavo/Documents/etl_api_twitter/venv/lib/python3.9/site-packages/airflow/example_dags/example_latest_only.py
[2023-01-04 08:20:12,904] {processor.py:651} INFO - DAG(s) dict_keys(['latest_only']) retrieved from /home/gustavo/Documents/etl_api_twitter/venv/lib/python3.9/site-packages/airflow/example_dags/example_latest_only.py
[2023-01-04 08:20:12,919] {logging_mixin.py:115} INFO - [2023-01-04 08:20:12,918] {dag.py:2379} INFO - Sync 1 DAGs
[2023-01-04 08:20:12,946] {logging_mixin.py:115} INFO - [2023-01-04 08:20:12,946] {dag.py:2927} INFO - Setting next_dagrun for latest_only to 2023-01-04T07:20:12.945893+00:00, run_after=2023-01-04T11:20:12.945893+00:00
[2023-01-04 08:20:12,962] {processor.py:161} INFO - Processing /home/gustavo/Documents/etl_api_twitter/venv/lib/python3.9/site-packages/airflow/example_dags/example_latest_only.py took 0.076 seconds
[2023-01-04 08:20:49,092] {processor.py:153} INFO - Started process (PID=6606) to work on /home/gustavo/Documents/etl_api_twitter/venv/lib/python3.9/site-packages/airflow/example_dags/example_latest_only.py
[2023-01-04 08:20:49,093] {processor.py:641} INFO - Processing file /home/gustavo/Documents/etl_api_twitter/venv/lib/python3.9/site-packages/airflow/example_dags/example_latest_only.py for tasks to queue
[2023-01-04 08:20:49,095] {logging_mixin.py:115} INFO - [2023-01-04 08:20:49,094] {dagbag.py:507} INFO - Filling up the DagBag from /home/gustavo/Documents/etl_api_twitter/venv/lib/python3.9/site-packages/airflow/example_dags/example_latest_only.py
[2023-01-04 08:20:49,108] {processor.py:651} INFO - DAG(s) dict_keys(['latest_only']) retrieved from /home/gustavo/Documents/etl_api_twitter/venv/lib/python3.9/site-packages/airflow/example_dags/example_latest_only.py
[2023-01-04 08:20:49,137] {logging_mixin.py:115} INFO - [2023-01-04 08:20:49,137] {dag.py:2379} INFO - Sync 1 DAGs
[2023-01-04 08:20:49,169] {logging_mixin.py:115} INFO - [2023-01-04 08:20:49,168] {dag.py:2927} INFO - Setting next_dagrun for latest_only to 2023-01-04T07:20:49.168696+00:00, run_after=2023-01-04T11:20:49.168696+00:00
[2023-01-04 08:20:49,185] {processor.py:161} INFO - Processing /home/gustavo/Documents/etl_api_twitter/venv/lib/python3.9/site-packages/airflow/example_dags/example_latest_only.py took 0.100 seconds
[2023-01-04 08:21:23,712] {processor.py:153} INFO - Started process (PID=6787) to work on /home/gustavo/Documents/etl_api_twitter/venv/lib/python3.9/site-packages/airflow/example_dags/example_latest_only.py
[2023-01-04 08:21:23,712] {processor.py:641} INFO - Processing file /home/gustavo/Documents/etl_api_twitter/venv/lib/python3.9/site-packages/airflow/example_dags/example_latest_only.py for tasks to queue
[2023-01-04 08:21:23,713] {logging_mixin.py:115} INFO - [2023-01-04 08:21:23,713] {dagbag.py:507} INFO - Filling up the DagBag from /home/gustavo/Documents/etl_api_twitter/venv/lib/python3.9/site-packages/airflow/example_dags/example_latest_only.py
[2023-01-04 08:21:23,719] {processor.py:651} INFO - DAG(s) dict_keys(['latest_only']) retrieved from /home/gustavo/Documents/etl_api_twitter/venv/lib/python3.9/site-packages/airflow/example_dags/example_latest_only.py
[2023-01-04 08:21:23,744] {logging_mixin.py:115} INFO - [2023-01-04 08:21:23,744] {dag.py:2379} INFO - Sync 1 DAGs
[2023-01-04 08:21:23,762] {logging_mixin.py:115} INFO - [2023-01-04 08:21:23,762] {dag.py:2927} INFO - Setting next_dagrun for latest_only to 2023-01-04T07:21:23.761947+00:00, run_after=2023-01-04T11:21:23.761947+00:00
[2023-01-04 08:21:23,776] {processor.py:161} INFO - Processing /home/gustavo/Documents/etl_api_twitter/venv/lib/python3.9/site-packages/airflow/example_dags/example_latest_only.py took 0.068 seconds
[2023-01-04 08:21:57,538] {processor.py:153} INFO - Started process (PID=6992) to work on /home/gustavo/Documents/etl_api_twitter/venv/lib/python3.9/site-packages/airflow/example_dags/example_latest_only.py
[2023-01-04 08:21:57,540] {processor.py:641} INFO - Processing file /home/gustavo/Documents/etl_api_twitter/venv/lib/python3.9/site-packages/airflow/example_dags/example_latest_only.py for tasks to queue
[2023-01-04 08:21:57,542] {logging_mixin.py:115} INFO - [2023-01-04 08:21:57,542] {dagbag.py:507} INFO - Filling up the DagBag from /home/gustavo/Documents/etl_api_twitter/venv/lib/python3.9/site-packages/airflow/example_dags/example_latest_only.py
[2023-01-04 08:21:57,551] {processor.py:651} INFO - DAG(s) dict_keys(['latest_only']) retrieved from /home/gustavo/Documents/etl_api_twitter/venv/lib/python3.9/site-packages/airflow/example_dags/example_latest_only.py
[2023-01-04 08:21:57,566] {logging_mixin.py:115} INFO - [2023-01-04 08:21:57,566] {dag.py:2379} INFO - Sync 1 DAGs
[2023-01-04 08:21:57,589] {logging_mixin.py:115} INFO - [2023-01-04 08:21:57,589] {dag.py:2927} INFO - Setting next_dagrun for latest_only to 2023-01-04T07:21:57.588770+00:00, run_after=2023-01-04T11:21:57.588770+00:00
[2023-01-04 08:21:57,602] {processor.py:161} INFO - Processing /home/gustavo/Documents/etl_api_twitter/venv/lib/python3.9/site-packages/airflow/example_dags/example_latest_only.py took 0.070 seconds
[2023-01-04 08:22:32,157] {processor.py:153} INFO - Started process (PID=7196) to work on /home/gustavo/Documents/etl_api_twitter/venv/lib/python3.9/site-packages/airflow/example_dags/example_latest_only.py
[2023-01-04 08:22:32,158] {processor.py:641} INFO - Processing file /home/gustavo/Documents/etl_api_twitter/venv/lib/python3.9/site-packages/airflow/example_dags/example_latest_only.py for tasks to queue
[2023-01-04 08:22:32,159] {logging_mixin.py:115} INFO - [2023-01-04 08:22:32,159] {dagbag.py:507} INFO - Filling up the DagBag from /home/gustavo/Documents/etl_api_twitter/venv/lib/python3.9/site-packages/airflow/example_dags/example_latest_only.py
[2023-01-04 08:22:32,164] {processor.py:651} INFO - DAG(s) dict_keys(['latest_only']) retrieved from /home/gustavo/Documents/etl_api_twitter/venv/lib/python3.9/site-packages/airflow/example_dags/example_latest_only.py
[2023-01-04 08:22:32,182] {logging_mixin.py:115} INFO - [2023-01-04 08:22:32,182] {dag.py:2379} INFO - Sync 1 DAGs
[2023-01-04 08:22:32,206] {logging_mixin.py:115} INFO - [2023-01-04 08:22:32,206] {dag.py:2927} INFO - Setting next_dagrun for latest_only to 2023-01-04T07:22:32.205868+00:00, run_after=2023-01-04T11:22:32.205868+00:00
[2023-01-04 08:22:32,219] {processor.py:161} INFO - Processing /home/gustavo/Documents/etl_api_twitter/venv/lib/python3.9/site-packages/airflow/example_dags/example_latest_only.py took 0.065 seconds
[2023-01-04 08:23:05,704] {processor.py:153} INFO - Started process (PID=7388) to work on /home/gustavo/Documents/etl_api_twitter/venv/lib/python3.9/site-packages/airflow/example_dags/example_latest_only.py
[2023-01-04 08:23:05,705] {processor.py:641} INFO - Processing file /home/gustavo/Documents/etl_api_twitter/venv/lib/python3.9/site-packages/airflow/example_dags/example_latest_only.py for tasks to queue
[2023-01-04 08:23:05,706] {logging_mixin.py:115} INFO - [2023-01-04 08:23:05,706] {dagbag.py:507} INFO - Filling up the DagBag from /home/gustavo/Documents/etl_api_twitter/venv/lib/python3.9/site-packages/airflow/example_dags/example_latest_only.py
[2023-01-04 08:23:05,715] {processor.py:651} INFO - DAG(s) dict_keys(['latest_only']) retrieved from /home/gustavo/Documents/etl_api_twitter/venv/lib/python3.9/site-packages/airflow/example_dags/example_latest_only.py
[2023-01-04 08:23:05,734] {logging_mixin.py:115} INFO - [2023-01-04 08:23:05,734] {dag.py:2379} INFO - Sync 1 DAGs
[2023-01-04 08:23:05,763] {logging_mixin.py:115} INFO - [2023-01-04 08:23:05,763] {dag.py:2927} INFO - Setting next_dagrun for latest_only to 2023-01-04T07:23:05.763197+00:00, run_after=2023-01-04T11:23:05.763197+00:00
[2023-01-04 08:23:05,779] {processor.py:161} INFO - Processing /home/gustavo/Documents/etl_api_twitter/venv/lib/python3.9/site-packages/airflow/example_dags/example_latest_only.py took 0.078 seconds
[2023-01-04 08:23:41,005] {processor.py:153} INFO - Started process (PID=7594) to work on /home/gustavo/Documents/etl_api_twitter/venv/lib/python3.9/site-packages/airflow/example_dags/example_latest_only.py
[2023-01-04 08:23:41,007] {processor.py:641} INFO - Processing file /home/gustavo/Documents/etl_api_twitter/venv/lib/python3.9/site-packages/airflow/example_dags/example_latest_only.py for tasks to queue
[2023-01-04 08:23:41,008] {logging_mixin.py:115} INFO - [2023-01-04 08:23:41,008] {dagbag.py:507} INFO - Filling up the DagBag from /home/gustavo/Documents/etl_api_twitter/venv/lib/python3.9/site-packages/airflow/example_dags/example_latest_only.py
[2023-01-04 08:23:41,018] {processor.py:651} INFO - DAG(s) dict_keys(['latest_only']) retrieved from /home/gustavo/Documents/etl_api_twitter/venv/lib/python3.9/site-packages/airflow/example_dags/example_latest_only.py
[2023-01-04 08:23:41,042] {logging_mixin.py:115} INFO - [2023-01-04 08:23:41,042] {dag.py:2379} INFO - Sync 1 DAGs
[2023-01-04 08:23:41,058] {logging_mixin.py:115} INFO - [2023-01-04 08:23:41,058] {dag.py:2927} INFO - Setting next_dagrun for latest_only to 2023-01-04T07:23:41.058648+00:00, run_after=2023-01-04T11:23:41.058648+00:00
[2023-01-04 08:23:41,069] {processor.py:161} INFO - Processing /home/gustavo/Documents/etl_api_twitter/venv/lib/python3.9/site-packages/airflow/example_dags/example_latest_only.py took 0.070 seconds
[2023-01-04 08:24:18,948] {processor.py:153} INFO - Started process (PID=7825) to work on /home/gustavo/Documents/etl_api_twitter/venv/lib/python3.9/site-packages/airflow/example_dags/example_latest_only.py
[2023-01-04 08:24:18,950] {processor.py:641} INFO - Processing file /home/gustavo/Documents/etl_api_twitter/venv/lib/python3.9/site-packages/airflow/example_dags/example_latest_only.py for tasks to queue
[2023-01-04 08:24:18,950] {logging_mixin.py:115} INFO - [2023-01-04 08:24:18,950] {dagbag.py:507} INFO - Filling up the DagBag from /home/gustavo/Documents/etl_api_twitter/venv/lib/python3.9/site-packages/airflow/example_dags/example_latest_only.py
[2023-01-04 08:24:18,957] {processor.py:651} INFO - DAG(s) dict_keys(['latest_only']) retrieved from /home/gustavo/Documents/etl_api_twitter/venv/lib/python3.9/site-packages/airflow/example_dags/example_latest_only.py
[2023-01-04 08:24:18,983] {logging_mixin.py:115} INFO - [2023-01-04 08:24:18,982] {dag.py:2379} INFO - Sync 1 DAGs
[2023-01-04 08:24:19,002] {logging_mixin.py:115} INFO - [2023-01-04 08:24:19,002] {dag.py:2927} INFO - Setting next_dagrun for latest_only to 2023-01-04T07:24:19.001972+00:00, run_after=2023-01-04T11:24:19.001972+00:00
[2023-01-04 08:24:19,012] {processor.py:161} INFO - Processing /home/gustavo/Documents/etl_api_twitter/venv/lib/python3.9/site-packages/airflow/example_dags/example_latest_only.py took 0.071 seconds
[2023-01-04 08:24:54,256] {processor.py:153} INFO - Started process (PID=8028) to work on /home/gustavo/Documents/etl_api_twitter/venv/lib/python3.9/site-packages/airflow/example_dags/example_latest_only.py
[2023-01-04 08:24:54,258] {processor.py:641} INFO - Processing file /home/gustavo/Documents/etl_api_twitter/venv/lib/python3.9/site-packages/airflow/example_dags/example_latest_only.py for tasks to queue
[2023-01-04 08:24:54,259] {logging_mixin.py:115} INFO - [2023-01-04 08:24:54,259] {dagbag.py:507} INFO - Filling up the DagBag from /home/gustavo/Documents/etl_api_twitter/venv/lib/python3.9/site-packages/airflow/example_dags/example_latest_only.py
[2023-01-04 08:24:54,272] {processor.py:651} INFO - DAG(s) dict_keys(['latest_only']) retrieved from /home/gustavo/Documents/etl_api_twitter/venv/lib/python3.9/site-packages/airflow/example_dags/example_latest_only.py
[2023-01-04 08:24:54,295] {logging_mixin.py:115} INFO - [2023-01-04 08:24:54,295] {dag.py:2379} INFO - Sync 1 DAGs
[2023-01-04 08:24:54,318] {logging_mixin.py:115} INFO - [2023-01-04 08:24:54,318] {dag.py:2927} INFO - Setting next_dagrun for latest_only to 2023-01-04T07:24:54.317920+00:00, run_after=2023-01-04T11:24:54.317920+00:00
[2023-01-04 08:24:54,338] {processor.py:161} INFO - Processing /home/gustavo/Documents/etl_api_twitter/venv/lib/python3.9/site-packages/airflow/example_dags/example_latest_only.py took 0.090 seconds
[2023-01-04 08:25:27,076] {processor.py:153} INFO - Started process (PID=8207) to work on /home/gustavo/Documents/etl_api_twitter/venv/lib/python3.9/site-packages/airflow/example_dags/example_latest_only.py
[2023-01-04 08:25:27,077] {processor.py:641} INFO - Processing file /home/gustavo/Documents/etl_api_twitter/venv/lib/python3.9/site-packages/airflow/example_dags/example_latest_only.py for tasks to queue
[2023-01-04 08:25:27,077] {logging_mixin.py:115} INFO - [2023-01-04 08:25:27,077] {dagbag.py:507} INFO - Filling up the DagBag from /home/gustavo/Documents/etl_api_twitter/venv/lib/python3.9/site-packages/airflow/example_dags/example_latest_only.py
[2023-01-04 08:25:27,084] {processor.py:651} INFO - DAG(s) dict_keys(['latest_only']) retrieved from /home/gustavo/Documents/etl_api_twitter/venv/lib/python3.9/site-packages/airflow/example_dags/example_latest_only.py
[2023-01-04 08:25:27,105] {logging_mixin.py:115} INFO - [2023-01-04 08:25:27,105] {dag.py:2379} INFO - Sync 1 DAGs
[2023-01-04 08:25:27,122] {logging_mixin.py:115} INFO - [2023-01-04 08:25:27,122] {dag.py:2927} INFO - Setting next_dagrun for latest_only to 2023-01-04T07:25:27.122131+00:00, run_after=2023-01-04T11:25:27.122131+00:00
[2023-01-04 08:25:27,133] {processor.py:161} INFO - Processing /home/gustavo/Documents/etl_api_twitter/venv/lib/python3.9/site-packages/airflow/example_dags/example_latest_only.py took 0.060 seconds
[2023-01-04 08:26:00,238] {processor.py:153} INFO - Started process (PID=8442) to work on /home/gustavo/Documents/etl_api_twitter/venv/lib/python3.9/site-packages/airflow/example_dags/example_latest_only.py
[2023-01-04 08:26:00,239] {processor.py:641} INFO - Processing file /home/gustavo/Documents/etl_api_twitter/venv/lib/python3.9/site-packages/airflow/example_dags/example_latest_only.py for tasks to queue
[2023-01-04 08:26:00,239] {logging_mixin.py:115} INFO - [2023-01-04 08:26:00,239] {dagbag.py:507} INFO - Filling up the DagBag from /home/gustavo/Documents/etl_api_twitter/venv/lib/python3.9/site-packages/airflow/example_dags/example_latest_only.py
[2023-01-04 08:26:00,244] {processor.py:651} INFO - DAG(s) dict_keys(['latest_only']) retrieved from /home/gustavo/Documents/etl_api_twitter/venv/lib/python3.9/site-packages/airflow/example_dags/example_latest_only.py
[2023-01-04 08:26:00,258] {logging_mixin.py:115} INFO - [2023-01-04 08:26:00,258] {dag.py:2379} INFO - Sync 1 DAGs
[2023-01-04 08:26:00,275] {logging_mixin.py:115} INFO - [2023-01-04 08:26:00,275] {dag.py:2927} INFO - Setting next_dagrun for latest_only to 2023-01-04T07:26:00.275167+00:00, run_after=2023-01-04T11:26:00.275167+00:00
[2023-01-04 08:26:00,285] {processor.py:161} INFO - Processing /home/gustavo/Documents/etl_api_twitter/venv/lib/python3.9/site-packages/airflow/example_dags/example_latest_only.py took 0.050 seconds
[2023-01-04 08:26:36,534] {processor.py:153} INFO - Started process (PID=8671) to work on /home/gustavo/Documents/etl_api_twitter/venv/lib/python3.9/site-packages/airflow/example_dags/example_latest_only.py
[2023-01-04 08:26:36,535] {processor.py:641} INFO - Processing file /home/gustavo/Documents/etl_api_twitter/venv/lib/python3.9/site-packages/airflow/example_dags/example_latest_only.py for tasks to queue
[2023-01-04 08:26:36,536] {logging_mixin.py:115} INFO - [2023-01-04 08:26:36,536] {dagbag.py:507} INFO - Filling up the DagBag from /home/gustavo/Documents/etl_api_twitter/venv/lib/python3.9/site-packages/airflow/example_dags/example_latest_only.py
[2023-01-04 08:26:36,543] {processor.py:651} INFO - DAG(s) dict_keys(['latest_only']) retrieved from /home/gustavo/Documents/etl_api_twitter/venv/lib/python3.9/site-packages/airflow/example_dags/example_latest_only.py
[2023-01-04 08:26:36,564] {logging_mixin.py:115} INFO - [2023-01-04 08:26:36,564] {dag.py:2379} INFO - Sync 1 DAGs
[2023-01-04 08:26:36,582] {logging_mixin.py:115} INFO - [2023-01-04 08:26:36,582] {dag.py:2927} INFO - Setting next_dagrun for latest_only to 2023-01-04T07:26:36.582078+00:00, run_after=2023-01-04T11:26:36.582078+00:00
[2023-01-04 08:26:36,597] {processor.py:161} INFO - Processing /home/gustavo/Documents/etl_api_twitter/venv/lib/python3.9/site-packages/airflow/example_dags/example_latest_only.py took 0.066 seconds
[2023-01-04 08:27:12,880] {processor.py:153} INFO - Started process (PID=8882) to work on /home/gustavo/Documents/etl_api_twitter/venv/lib/python3.9/site-packages/airflow/example_dags/example_latest_only.py
[2023-01-04 08:27:12,882] {processor.py:641} INFO - Processing file /home/gustavo/Documents/etl_api_twitter/venv/lib/python3.9/site-packages/airflow/example_dags/example_latest_only.py for tasks to queue
[2023-01-04 08:27:12,884] {logging_mixin.py:115} INFO - [2023-01-04 08:27:12,883] {dagbag.py:507} INFO - Filling up the DagBag from /home/gustavo/Documents/etl_api_twitter/venv/lib/python3.9/site-packages/airflow/example_dags/example_latest_only.py
[2023-01-04 08:27:12,897] {processor.py:651} INFO - DAG(s) dict_keys(['latest_only']) retrieved from /home/gustavo/Documents/etl_api_twitter/venv/lib/python3.9/site-packages/airflow/example_dags/example_latest_only.py
[2023-01-04 08:27:12,929] {logging_mixin.py:115} INFO - [2023-01-04 08:27:12,929] {dag.py:2379} INFO - Sync 1 DAGs
[2023-01-04 08:27:12,956] {logging_mixin.py:115} INFO - [2023-01-04 08:27:12,956] {dag.py:2927} INFO - Setting next_dagrun for latest_only to 2023-01-04T07:27:12.956143+00:00, run_after=2023-01-04T11:27:12.956143+00:00
[2023-01-04 08:27:12,978] {processor.py:161} INFO - Processing /home/gustavo/Documents/etl_api_twitter/venv/lib/python3.9/site-packages/airflow/example_dags/example_latest_only.py took 0.105 seconds
