[2023-01-04 08:01:05,029] {processor.py:153} INFO - Started process (PID=28312) to work on /home/gustavo/Documents/etl_api_twitter/venv/lib/python3.9/site-packages/airflow/example_dags/example_sla_dag.py
[2023-01-04 08:01:05,030] {processor.py:641} INFO - Processing file /home/gustavo/Documents/etl_api_twitter/venv/lib/python3.9/site-packages/airflow/example_dags/example_sla_dag.py for tasks to queue
[2023-01-04 08:01:05,031] {logging_mixin.py:115} INFO - [2023-01-04 08:01:05,031] {dagbag.py:507} INFO - Filling up the DagBag from /home/gustavo/Documents/etl_api_twitter/venv/lib/python3.9/site-packages/airflow/example_dags/example_sla_dag.py
[2023-01-04 08:01:05,081] {processor.py:651} INFO - DAG(s) dict_keys(['example_sla_dag']) retrieved from /home/gustavo/Documents/etl_api_twitter/venv/lib/python3.9/site-packages/airflow/example_dags/example_sla_dag.py
[2023-01-04 08:01:05,242] {logging_mixin.py:115} INFO - [2023-01-04 08:01:05,241] {manager.py:508} INFO - Created Permission View: can edit on DAG:example_sla_dag
[2023-01-04 08:01:05,261] {logging_mixin.py:115} INFO - [2023-01-04 08:01:05,260] {manager.py:508} INFO - Created Permission View: can read on DAG:example_sla_dag
[2023-01-04 08:01:05,279] {logging_mixin.py:115} INFO - [2023-01-04 08:01:05,278] {manager.py:508} INFO - Created Permission View: can delete on DAG:example_sla_dag
[2023-01-04 08:01:05,279] {logging_mixin.py:115} INFO - [2023-01-04 08:01:05,279] {dag.py:2379} INFO - Sync 1 DAGs
[2023-01-04 08:01:05,297] {logging_mixin.py:115} INFO - [2023-01-04 08:01:05,297] {dag.py:2398} INFO - Creating ORM DAG for example_sla_dag
[2023-01-04 08:01:05,348] {logging_mixin.py:115} INFO - [2023-01-04 08:01:05,348] {dag.py:2927} INFO - Setting next_dagrun for example_sla_dag to 2023-01-04T10:58:00+00:00, run_after=2023-01-04T11:00:00+00:00
[2023-01-04 08:01:05,383] {processor.py:161} INFO - Processing /home/gustavo/Documents/etl_api_twitter/venv/lib/python3.9/site-packages/airflow/example_dags/example_sla_dag.py took 0.363 seconds
[2023-01-04 08:01:44,253] {processor.py:153} INFO - Started process (PID=28535) to work on /home/gustavo/Documents/etl_api_twitter/venv/lib/python3.9/site-packages/airflow/example_dags/example_sla_dag.py
[2023-01-04 08:01:44,254] {processor.py:641} INFO - Processing file /home/gustavo/Documents/etl_api_twitter/venv/lib/python3.9/site-packages/airflow/example_dags/example_sla_dag.py for tasks to queue
[2023-01-04 08:01:44,255] {logging_mixin.py:115} INFO - [2023-01-04 08:01:44,254] {dagbag.py:507} INFO - Filling up the DagBag from /home/gustavo/Documents/etl_api_twitter/venv/lib/python3.9/site-packages/airflow/example_dags/example_sla_dag.py
[2023-01-04 08:01:44,299] {processor.py:651} INFO - DAG(s) dict_keys(['example_sla_dag']) retrieved from /home/gustavo/Documents/etl_api_twitter/venv/lib/python3.9/site-packages/airflow/example_dags/example_sla_dag.py
[2023-01-04 08:01:44,320] {logging_mixin.py:115} INFO - [2023-01-04 08:01:44,320] {dag.py:2379} INFO - Sync 1 DAGs
[2023-01-04 08:01:44,363] {logging_mixin.py:115} INFO - [2023-01-04 08:01:44,363] {dag.py:2927} INFO - Setting next_dagrun for example_sla_dag to 2023-01-04T10:58:00+00:00, run_after=2023-01-04T11:00:00+00:00
[2023-01-04 08:01:44,399] {processor.py:161} INFO - Processing /home/gustavo/Documents/etl_api_twitter/venv/lib/python3.9/site-packages/airflow/example_dags/example_sla_dag.py took 0.154 seconds
[2023-01-04 08:10:55,527] {processor.py:153} INFO - Started process (PID=3677) to work on /home/gustavo/Documents/etl_api_twitter/venv/lib/python3.9/site-packages/airflow/example_dags/example_sla_dag.py
[2023-01-04 08:10:55,530] {processor.py:641} INFO - Processing file /home/gustavo/Documents/etl_api_twitter/venv/lib/python3.9/site-packages/airflow/example_dags/example_sla_dag.py for tasks to queue
[2023-01-04 08:10:55,532] {logging_mixin.py:115} INFO - [2023-01-04 08:10:55,532] {dagbag.py:507} INFO - Filling up the DagBag from /home/gustavo/Documents/etl_api_twitter/venv/lib/python3.9/site-packages/airflow/example_dags/example_sla_dag.py
[2023-01-04 08:10:55,605] {processor.py:651} INFO - DAG(s) dict_keys(['example_sla_dag']) retrieved from /home/gustavo/Documents/etl_api_twitter/venv/lib/python3.9/site-packages/airflow/example_dags/example_sla_dag.py
[2023-01-04 08:10:55,705] {logging_mixin.py:115} INFO - [2023-01-04 08:10:55,705] {dag.py:2379} INFO - Sync 1 DAGs
[2023-01-04 08:10:55,801] {logging_mixin.py:115} INFO - [2023-01-04 08:10:55,800] {dag.py:2927} INFO - Setting next_dagrun for example_sla_dag to 2023-01-04T11:08:00+00:00, run_after=2023-01-04T11:10:00+00:00
[2023-01-04 08:10:55,819] {processor.py:161} INFO - Processing /home/gustavo/Documents/etl_api_twitter/venv/lib/python3.9/site-packages/airflow/example_dags/example_sla_dag.py took 0.296 seconds
[2023-01-04 08:11:31,762] {processor.py:153} INFO - Started process (PID=3941) to work on /home/gustavo/Documents/etl_api_twitter/venv/lib/python3.9/site-packages/airflow/example_dags/example_sla_dag.py
[2023-01-04 08:11:31,763] {processor.py:641} INFO - Processing file /home/gustavo/Documents/etl_api_twitter/venv/lib/python3.9/site-packages/airflow/example_dags/example_sla_dag.py for tasks to queue
[2023-01-04 08:11:31,764] {logging_mixin.py:115} INFO - [2023-01-04 08:11:31,763] {dagbag.py:507} INFO - Filling up the DagBag from /home/gustavo/Documents/etl_api_twitter/venv/lib/python3.9/site-packages/airflow/example_dags/example_sla_dag.py
[2023-01-04 08:11:31,782] {processor.py:651} INFO - DAG(s) dict_keys(['example_sla_dag']) retrieved from /home/gustavo/Documents/etl_api_twitter/venv/lib/python3.9/site-packages/airflow/example_dags/example_sla_dag.py
[2023-01-04 08:11:31,807] {logging_mixin.py:115} INFO - [2023-01-04 08:11:31,806] {dag.py:2379} INFO - Sync 1 DAGs
[2023-01-04 08:11:31,836] {logging_mixin.py:115} INFO - [2023-01-04 08:11:31,836] {dag.py:2927} INFO - Setting next_dagrun for example_sla_dag to 2023-01-04T11:08:00+00:00, run_after=2023-01-04T11:10:00+00:00
[2023-01-04 08:11:31,847] {processor.py:161} INFO - Processing /home/gustavo/Documents/etl_api_twitter/venv/lib/python3.9/site-packages/airflow/example_dags/example_sla_dag.py took 0.087 seconds
[2023-01-04 08:12:06,322] {processor.py:153} INFO - Started process (PID=4142) to work on /home/gustavo/Documents/etl_api_twitter/venv/lib/python3.9/site-packages/airflow/example_dags/example_sla_dag.py
[2023-01-04 08:12:06,324] {processor.py:641} INFO - Processing file /home/gustavo/Documents/etl_api_twitter/venv/lib/python3.9/site-packages/airflow/example_dags/example_sla_dag.py for tasks to queue
[2023-01-04 08:12:06,325] {logging_mixin.py:115} INFO - [2023-01-04 08:12:06,325] {dagbag.py:507} INFO - Filling up the DagBag from /home/gustavo/Documents/etl_api_twitter/venv/lib/python3.9/site-packages/airflow/example_dags/example_sla_dag.py
[2023-01-04 08:12:06,353] {processor.py:651} INFO - DAG(s) dict_keys(['example_sla_dag']) retrieved from /home/gustavo/Documents/etl_api_twitter/venv/lib/python3.9/site-packages/airflow/example_dags/example_sla_dag.py
[2023-01-04 08:12:06,372] {logging_mixin.py:115} INFO - [2023-01-04 08:12:06,372] {dag.py:2379} INFO - Sync 1 DAGs
[2023-01-04 08:12:06,389] {logging_mixin.py:115} INFO - [2023-01-04 08:12:06,388] {dag.py:2927} INFO - Setting next_dagrun for example_sla_dag to 2023-01-04T11:10:00+00:00, run_after=2023-01-04T11:12:00+00:00
[2023-01-04 08:12:06,399] {processor.py:161} INFO - Processing /home/gustavo/Documents/etl_api_twitter/venv/lib/python3.9/site-packages/airflow/example_dags/example_sla_dag.py took 0.083 seconds
[2023-01-04 08:12:38,506] {processor.py:153} INFO - Started process (PID=4184) to work on /home/gustavo/Documents/etl_api_twitter/venv/lib/python3.9/site-packages/airflow/example_dags/example_sla_dag.py
[2023-01-04 08:12:38,507] {processor.py:641} INFO - Processing file /home/gustavo/Documents/etl_api_twitter/venv/lib/python3.9/site-packages/airflow/example_dags/example_sla_dag.py for tasks to queue
[2023-01-04 08:12:38,507] {logging_mixin.py:115} INFO - [2023-01-04 08:12:38,507] {dagbag.py:507} INFO - Filling up the DagBag from /home/gustavo/Documents/etl_api_twitter/venv/lib/python3.9/site-packages/airflow/example_dags/example_sla_dag.py
[2023-01-04 08:12:38,528] {processor.py:651} INFO - DAG(s) dict_keys(['example_sla_dag']) retrieved from /home/gustavo/Documents/etl_api_twitter/venv/lib/python3.9/site-packages/airflow/example_dags/example_sla_dag.py
[2023-01-04 08:12:38,552] {logging_mixin.py:115} INFO - [2023-01-04 08:12:38,552] {dag.py:2379} INFO - Sync 1 DAGs
[2023-01-04 08:12:38,581] {logging_mixin.py:115} INFO - [2023-01-04 08:12:38,581] {dag.py:2927} INFO - Setting next_dagrun for example_sla_dag to 2023-01-04T11:10:00+00:00, run_after=2023-01-04T11:12:00+00:00
[2023-01-04 08:12:38,594] {processor.py:161} INFO - Processing /home/gustavo/Documents/etl_api_twitter/venv/lib/python3.9/site-packages/airflow/example_dags/example_sla_dag.py took 0.090 seconds
[2023-01-04 08:13:13,481] {processor.py:153} INFO - Started process (PID=4220) to work on /home/gustavo/Documents/etl_api_twitter/venv/lib/python3.9/site-packages/airflow/example_dags/example_sla_dag.py
[2023-01-04 08:13:13,484] {processor.py:641} INFO - Processing file /home/gustavo/Documents/etl_api_twitter/venv/lib/python3.9/site-packages/airflow/example_dags/example_sla_dag.py for tasks to queue
[2023-01-04 08:13:13,485] {logging_mixin.py:115} INFO - [2023-01-04 08:13:13,485] {dagbag.py:507} INFO - Filling up the DagBag from /home/gustavo/Documents/etl_api_twitter/venv/lib/python3.9/site-packages/airflow/example_dags/example_sla_dag.py
[2023-01-04 08:13:13,510] {processor.py:651} INFO - DAG(s) dict_keys(['example_sla_dag']) retrieved from /home/gustavo/Documents/etl_api_twitter/venv/lib/python3.9/site-packages/airflow/example_dags/example_sla_dag.py
[2023-01-04 08:13:13,542] {logging_mixin.py:115} INFO - [2023-01-04 08:13:13,542] {dag.py:2379} INFO - Sync 1 DAGs
[2023-01-04 08:13:13,560] {logging_mixin.py:115} INFO - [2023-01-04 08:13:13,560] {dag.py:2927} INFO - Setting next_dagrun for example_sla_dag to 2023-01-04T11:10:00+00:00, run_after=2023-01-04T11:12:00+00:00
[2023-01-04 08:13:13,573] {processor.py:161} INFO - Processing /home/gustavo/Documents/etl_api_twitter/venv/lib/python3.9/site-packages/airflow/example_dags/example_sla_dag.py took 0.098 seconds
[2023-01-04 08:13:48,055] {processor.py:153} INFO - Started process (PID=4258) to work on /home/gustavo/Documents/etl_api_twitter/venv/lib/python3.9/site-packages/airflow/example_dags/example_sla_dag.py
[2023-01-04 08:13:48,057] {processor.py:641} INFO - Processing file /home/gustavo/Documents/etl_api_twitter/venv/lib/python3.9/site-packages/airflow/example_dags/example_sla_dag.py for tasks to queue
[2023-01-04 08:13:48,058] {logging_mixin.py:115} INFO - [2023-01-04 08:13:48,058] {dagbag.py:507} INFO - Filling up the DagBag from /home/gustavo/Documents/etl_api_twitter/venv/lib/python3.9/site-packages/airflow/example_dags/example_sla_dag.py
[2023-01-04 08:13:48,081] {processor.py:651} INFO - DAG(s) dict_keys(['example_sla_dag']) retrieved from /home/gustavo/Documents/etl_api_twitter/venv/lib/python3.9/site-packages/airflow/example_dags/example_sla_dag.py
[2023-01-04 08:13:48,104] {logging_mixin.py:115} INFO - [2023-01-04 08:13:48,103] {dag.py:2379} INFO - Sync 1 DAGs
[2023-01-04 08:13:48,122] {logging_mixin.py:115} INFO - [2023-01-04 08:13:48,122] {dag.py:2927} INFO - Setting next_dagrun for example_sla_dag to 2023-01-04T11:10:00+00:00, run_after=2023-01-04T11:12:00+00:00
[2023-01-04 08:13:48,136] {processor.py:161} INFO - Processing /home/gustavo/Documents/etl_api_twitter/venv/lib/python3.9/site-packages/airflow/example_dags/example_sla_dag.py took 0.090 seconds
[2023-01-04 08:14:22,936] {processor.py:153} INFO - Started process (PID=4301) to work on /home/gustavo/Documents/etl_api_twitter/venv/lib/python3.9/site-packages/airflow/example_dags/example_sla_dag.py
[2023-01-04 08:14:22,937] {processor.py:641} INFO - Processing file /home/gustavo/Documents/etl_api_twitter/venv/lib/python3.9/site-packages/airflow/example_dags/example_sla_dag.py for tasks to queue
[2023-01-04 08:14:22,939] {logging_mixin.py:115} INFO - [2023-01-04 08:14:22,938] {dagbag.py:507} INFO - Filling up the DagBag from /home/gustavo/Documents/etl_api_twitter/venv/lib/python3.9/site-packages/airflow/example_dags/example_sla_dag.py
[2023-01-04 08:14:22,974] {processor.py:651} INFO - DAG(s) dict_keys(['example_sla_dag']) retrieved from /home/gustavo/Documents/etl_api_twitter/venv/lib/python3.9/site-packages/airflow/example_dags/example_sla_dag.py
[2023-01-04 08:14:22,991] {logging_mixin.py:115} INFO - [2023-01-04 08:14:22,991] {dag.py:2379} INFO - Sync 1 DAGs
[2023-01-04 08:14:23,024] {logging_mixin.py:115} INFO - [2023-01-04 08:14:23,024] {dag.py:2927} INFO - Setting next_dagrun for example_sla_dag to 2023-01-04T11:12:00+00:00, run_after=2023-01-04T11:14:00+00:00
[2023-01-04 08:14:23,034] {processor.py:161} INFO - Processing /home/gustavo/Documents/etl_api_twitter/venv/lib/python3.9/site-packages/airflow/example_dags/example_sla_dag.py took 0.103 seconds
[2023-01-04 08:14:58,007] {processor.py:153} INFO - Started process (PID=4441) to work on /home/gustavo/Documents/etl_api_twitter/venv/lib/python3.9/site-packages/airflow/example_dags/example_sla_dag.py
[2023-01-04 08:14:58,008] {processor.py:641} INFO - Processing file /home/gustavo/Documents/etl_api_twitter/venv/lib/python3.9/site-packages/airflow/example_dags/example_sla_dag.py for tasks to queue
[2023-01-04 08:14:58,009] {logging_mixin.py:115} INFO - [2023-01-04 08:14:58,009] {dagbag.py:507} INFO - Filling up the DagBag from /home/gustavo/Documents/etl_api_twitter/venv/lib/python3.9/site-packages/airflow/example_dags/example_sla_dag.py
[2023-01-04 08:14:58,034] {processor.py:651} INFO - DAG(s) dict_keys(['example_sla_dag']) retrieved from /home/gustavo/Documents/etl_api_twitter/venv/lib/python3.9/site-packages/airflow/example_dags/example_sla_dag.py
[2023-01-04 08:14:58,057] {logging_mixin.py:115} INFO - [2023-01-04 08:14:58,057] {dag.py:2379} INFO - Sync 1 DAGs
[2023-01-04 08:14:58,074] {logging_mixin.py:115} INFO - [2023-01-04 08:14:58,074] {dag.py:2927} INFO - Setting next_dagrun for example_sla_dag to 2023-01-04T11:12:00+00:00, run_after=2023-01-04T11:14:00+00:00
[2023-01-04 08:14:58,086] {processor.py:161} INFO - Processing /home/gustavo/Documents/etl_api_twitter/venv/lib/python3.9/site-packages/airflow/example_dags/example_sla_dag.py took 0.082 seconds
[2023-01-04 08:15:32,035] {processor.py:153} INFO - Started process (PID=4650) to work on /home/gustavo/Documents/etl_api_twitter/venv/lib/python3.9/site-packages/airflow/example_dags/example_sla_dag.py
[2023-01-04 08:15:32,040] {processor.py:641} INFO - Processing file /home/gustavo/Documents/etl_api_twitter/venv/lib/python3.9/site-packages/airflow/example_dags/example_sla_dag.py for tasks to queue
[2023-01-04 08:15:32,041] {logging_mixin.py:115} INFO - [2023-01-04 08:15:32,041] {dagbag.py:507} INFO - Filling up the DagBag from /home/gustavo/Documents/etl_api_twitter/venv/lib/python3.9/site-packages/airflow/example_dags/example_sla_dag.py
[2023-01-04 08:15:32,080] {processor.py:651} INFO - DAG(s) dict_keys(['example_sla_dag']) retrieved from /home/gustavo/Documents/etl_api_twitter/venv/lib/python3.9/site-packages/airflow/example_dags/example_sla_dag.py
[2023-01-04 08:15:32,115] {logging_mixin.py:115} INFO - [2023-01-04 08:15:32,115] {dag.py:2379} INFO - Sync 1 DAGs
[2023-01-04 08:15:32,172] {logging_mixin.py:115} INFO - [2023-01-04 08:15:32,172] {dag.py:2927} INFO - Setting next_dagrun for example_sla_dag to 2023-01-04T11:12:00+00:00, run_after=2023-01-04T11:14:00+00:00
[2023-01-04 08:15:32,190] {processor.py:161} INFO - Processing /home/gustavo/Documents/etl_api_twitter/venv/lib/python3.9/site-packages/airflow/example_dags/example_sla_dag.py took 0.158 seconds
[2023-01-04 08:16:06,366] {processor.py:153} INFO - Started process (PID=4895) to work on /home/gustavo/Documents/etl_api_twitter/venv/lib/python3.9/site-packages/airflow/example_dags/example_sla_dag.py
[2023-01-04 08:16:06,366] {processor.py:641} INFO - Processing file /home/gustavo/Documents/etl_api_twitter/venv/lib/python3.9/site-packages/airflow/example_dags/example_sla_dag.py for tasks to queue
[2023-01-04 08:16:06,367] {logging_mixin.py:115} INFO - [2023-01-04 08:16:06,367] {dagbag.py:507} INFO - Filling up the DagBag from /home/gustavo/Documents/etl_api_twitter/venv/lib/python3.9/site-packages/airflow/example_dags/example_sla_dag.py
[2023-01-04 08:16:06,385] {processor.py:651} INFO - DAG(s) dict_keys(['example_sla_dag']) retrieved from /home/gustavo/Documents/etl_api_twitter/venv/lib/python3.9/site-packages/airflow/example_dags/example_sla_dag.py
[2023-01-04 08:16:06,420] {logging_mixin.py:115} INFO - [2023-01-04 08:16:06,419] {dag.py:2379} INFO - Sync 1 DAGs
[2023-01-04 08:16:06,441] {logging_mixin.py:115} INFO - [2023-01-04 08:16:06,441] {dag.py:2927} INFO - Setting next_dagrun for example_sla_dag to 2023-01-04T11:14:00+00:00, run_after=2023-01-04T11:16:00+00:00
[2023-01-04 08:16:06,451] {processor.py:161} INFO - Processing /home/gustavo/Documents/etl_api_twitter/venv/lib/python3.9/site-packages/airflow/example_dags/example_sla_dag.py took 0.088 seconds
[2023-01-04 08:16:39,753] {processor.py:153} INFO - Started process (PID=5100) to work on /home/gustavo/Documents/etl_api_twitter/venv/lib/python3.9/site-packages/airflow/example_dags/example_sla_dag.py
[2023-01-04 08:16:39,755] {processor.py:641} INFO - Processing file /home/gustavo/Documents/etl_api_twitter/venv/lib/python3.9/site-packages/airflow/example_dags/example_sla_dag.py for tasks to queue
[2023-01-04 08:16:39,756] {logging_mixin.py:115} INFO - [2023-01-04 08:16:39,756] {dagbag.py:507} INFO - Filling up the DagBag from /home/gustavo/Documents/etl_api_twitter/venv/lib/python3.9/site-packages/airflow/example_dags/example_sla_dag.py
[2023-01-04 08:16:39,779] {processor.py:651} INFO - DAG(s) dict_keys(['example_sla_dag']) retrieved from /home/gustavo/Documents/etl_api_twitter/venv/lib/python3.9/site-packages/airflow/example_dags/example_sla_dag.py
[2023-01-04 08:16:39,795] {logging_mixin.py:115} INFO - [2023-01-04 08:16:39,794] {dag.py:2379} INFO - Sync 1 DAGs
[2023-01-04 08:16:39,814] {logging_mixin.py:115} INFO - [2023-01-04 08:16:39,814] {dag.py:2927} INFO - Setting next_dagrun for example_sla_dag to 2023-01-04T11:14:00+00:00, run_after=2023-01-04T11:16:00+00:00
[2023-01-04 08:16:39,824] {processor.py:161} INFO - Processing /home/gustavo/Documents/etl_api_twitter/venv/lib/python3.9/site-packages/airflow/example_dags/example_sla_dag.py took 0.080 seconds
[2023-01-04 08:17:14,740] {processor.py:153} INFO - Started process (PID=5307) to work on /home/gustavo/Documents/etl_api_twitter/venv/lib/python3.9/site-packages/airflow/example_dags/example_sla_dag.py
[2023-01-04 08:17:14,740] {processor.py:641} INFO - Processing file /home/gustavo/Documents/etl_api_twitter/venv/lib/python3.9/site-packages/airflow/example_dags/example_sla_dag.py for tasks to queue
[2023-01-04 08:17:14,741] {logging_mixin.py:115} INFO - [2023-01-04 08:17:14,741] {dagbag.py:507} INFO - Filling up the DagBag from /home/gustavo/Documents/etl_api_twitter/venv/lib/python3.9/site-packages/airflow/example_dags/example_sla_dag.py
[2023-01-04 08:17:14,756] {processor.py:651} INFO - DAG(s) dict_keys(['example_sla_dag']) retrieved from /home/gustavo/Documents/etl_api_twitter/venv/lib/python3.9/site-packages/airflow/example_dags/example_sla_dag.py
[2023-01-04 08:17:14,769] {logging_mixin.py:115} INFO - [2023-01-04 08:17:14,768] {dag.py:2379} INFO - Sync 1 DAGs
[2023-01-04 08:17:14,792] {logging_mixin.py:115} INFO - [2023-01-04 08:17:14,791] {dag.py:2927} INFO - Setting next_dagrun for example_sla_dag to 2023-01-04T11:14:00+00:00, run_after=2023-01-04T11:16:00+00:00
[2023-01-04 08:17:14,809] {processor.py:161} INFO - Processing /home/gustavo/Documents/etl_api_twitter/venv/lib/python3.9/site-packages/airflow/example_dags/example_sla_dag.py took 0.072 seconds
[2023-01-04 08:17:48,707] {processor.py:153} INFO - Started process (PID=5492) to work on /home/gustavo/Documents/etl_api_twitter/venv/lib/python3.9/site-packages/airflow/example_dags/example_sla_dag.py
[2023-01-04 08:17:48,708] {processor.py:641} INFO - Processing file /home/gustavo/Documents/etl_api_twitter/venv/lib/python3.9/site-packages/airflow/example_dags/example_sla_dag.py for tasks to queue
[2023-01-04 08:17:48,708] {logging_mixin.py:115} INFO - [2023-01-04 08:17:48,708] {dagbag.py:507} INFO - Filling up the DagBag from /home/gustavo/Documents/etl_api_twitter/venv/lib/python3.9/site-packages/airflow/example_dags/example_sla_dag.py
[2023-01-04 08:17:48,724] {processor.py:651} INFO - DAG(s) dict_keys(['example_sla_dag']) retrieved from /home/gustavo/Documents/etl_api_twitter/venv/lib/python3.9/site-packages/airflow/example_dags/example_sla_dag.py
[2023-01-04 08:17:48,747] {logging_mixin.py:115} INFO - [2023-01-04 08:17:48,747] {dag.py:2379} INFO - Sync 1 DAGs
[2023-01-04 08:17:48,784] {logging_mixin.py:115} INFO - [2023-01-04 08:17:48,784] {dag.py:2927} INFO - Setting next_dagrun for example_sla_dag to 2023-01-04T11:14:00+00:00, run_after=2023-01-04T11:16:00+00:00
[2023-01-04 08:17:48,802] {processor.py:161} INFO - Processing /home/gustavo/Documents/etl_api_twitter/venv/lib/python3.9/site-packages/airflow/example_dags/example_sla_dag.py took 0.099 seconds
[2023-01-04 08:18:22,939] {processor.py:153} INFO - Started process (PID=5702) to work on /home/gustavo/Documents/etl_api_twitter/venv/lib/python3.9/site-packages/airflow/example_dags/example_sla_dag.py
[2023-01-04 08:18:22,943] {processor.py:641} INFO - Processing file /home/gustavo/Documents/etl_api_twitter/venv/lib/python3.9/site-packages/airflow/example_dags/example_sla_dag.py for tasks to queue
[2023-01-04 08:18:22,944] {logging_mixin.py:115} INFO - [2023-01-04 08:18:22,944] {dagbag.py:507} INFO - Filling up the DagBag from /home/gustavo/Documents/etl_api_twitter/venv/lib/python3.9/site-packages/airflow/example_dags/example_sla_dag.py
[2023-01-04 08:18:22,970] {processor.py:651} INFO - DAG(s) dict_keys(['example_sla_dag']) retrieved from /home/gustavo/Documents/etl_api_twitter/venv/lib/python3.9/site-packages/airflow/example_dags/example_sla_dag.py
[2023-01-04 08:18:23,015] {logging_mixin.py:115} INFO - [2023-01-04 08:18:23,015] {dag.py:2379} INFO - Sync 1 DAGs
[2023-01-04 08:18:23,056] {logging_mixin.py:115} INFO - [2023-01-04 08:18:23,055] {dag.py:2927} INFO - Setting next_dagrun for example_sla_dag to 2023-01-04T11:16:00+00:00, run_after=2023-01-04T11:18:00+00:00
[2023-01-04 08:18:23,078] {processor.py:161} INFO - Processing /home/gustavo/Documents/etl_api_twitter/venv/lib/python3.9/site-packages/airflow/example_dags/example_sla_dag.py took 0.149 seconds
[2023-01-04 08:18:57,014] {processor.py:153} INFO - Started process (PID=5904) to work on /home/gustavo/Documents/etl_api_twitter/venv/lib/python3.9/site-packages/airflow/example_dags/example_sla_dag.py
[2023-01-04 08:18:57,016] {processor.py:641} INFO - Processing file /home/gustavo/Documents/etl_api_twitter/venv/lib/python3.9/site-packages/airflow/example_dags/example_sla_dag.py for tasks to queue
[2023-01-04 08:18:57,018] {logging_mixin.py:115} INFO - [2023-01-04 08:18:57,017] {dagbag.py:507} INFO - Filling up the DagBag from /home/gustavo/Documents/etl_api_twitter/venv/lib/python3.9/site-packages/airflow/example_dags/example_sla_dag.py
[2023-01-04 08:18:57,039] {processor.py:651} INFO - DAG(s) dict_keys(['example_sla_dag']) retrieved from /home/gustavo/Documents/etl_api_twitter/venv/lib/python3.9/site-packages/airflow/example_dags/example_sla_dag.py
[2023-01-04 08:18:57,051] {logging_mixin.py:115} INFO - [2023-01-04 08:18:57,051] {dag.py:2379} INFO - Sync 1 DAGs
[2023-01-04 08:18:57,069] {logging_mixin.py:115} INFO - [2023-01-04 08:18:57,069] {dag.py:2927} INFO - Setting next_dagrun for example_sla_dag to 2023-01-04T11:16:00+00:00, run_after=2023-01-04T11:18:00+00:00
[2023-01-04 08:18:57,085] {processor.py:161} INFO - Processing /home/gustavo/Documents/etl_api_twitter/venv/lib/python3.9/site-packages/airflow/example_dags/example_sla_dag.py took 0.078 seconds
[2023-01-04 08:19:30,676] {processor.py:153} INFO - Started process (PID=6084) to work on /home/gustavo/Documents/etl_api_twitter/venv/lib/python3.9/site-packages/airflow/example_dags/example_sla_dag.py
[2023-01-04 08:19:30,678] {processor.py:641} INFO - Processing file /home/gustavo/Documents/etl_api_twitter/venv/lib/python3.9/site-packages/airflow/example_dags/example_sla_dag.py for tasks to queue
[2023-01-04 08:19:30,684] {logging_mixin.py:115} INFO - [2023-01-04 08:19:30,684] {dagbag.py:507} INFO - Filling up the DagBag from /home/gustavo/Documents/etl_api_twitter/venv/lib/python3.9/site-packages/airflow/example_dags/example_sla_dag.py
[2023-01-04 08:19:30,723] {processor.py:651} INFO - DAG(s) dict_keys(['example_sla_dag']) retrieved from /home/gustavo/Documents/etl_api_twitter/venv/lib/python3.9/site-packages/airflow/example_dags/example_sla_dag.py
[2023-01-04 08:19:30,752] {logging_mixin.py:115} INFO - [2023-01-04 08:19:30,752] {dag.py:2379} INFO - Sync 1 DAGs
[2023-01-04 08:19:30,788] {logging_mixin.py:115} INFO - [2023-01-04 08:19:30,788] {dag.py:2927} INFO - Setting next_dagrun for example_sla_dag to 2023-01-04T11:16:00+00:00, run_after=2023-01-04T11:18:00+00:00
[2023-01-04 08:19:30,806] {processor.py:161} INFO - Processing /home/gustavo/Documents/etl_api_twitter/venv/lib/python3.9/site-packages/airflow/example_dags/example_sla_dag.py took 0.134 seconds
[2023-01-04 08:20:03,893] {processor.py:153} INFO - Started process (PID=6291) to work on /home/gustavo/Documents/etl_api_twitter/venv/lib/python3.9/site-packages/airflow/example_dags/example_sla_dag.py
[2023-01-04 08:20:03,895] {processor.py:641} INFO - Processing file /home/gustavo/Documents/etl_api_twitter/venv/lib/python3.9/site-packages/airflow/example_dags/example_sla_dag.py for tasks to queue
[2023-01-04 08:20:03,896] {logging_mixin.py:115} INFO - [2023-01-04 08:20:03,896] {dagbag.py:507} INFO - Filling up the DagBag from /home/gustavo/Documents/etl_api_twitter/venv/lib/python3.9/site-packages/airflow/example_dags/example_sla_dag.py
[2023-01-04 08:20:03,927] {processor.py:651} INFO - DAG(s) dict_keys(['example_sla_dag']) retrieved from /home/gustavo/Documents/etl_api_twitter/venv/lib/python3.9/site-packages/airflow/example_dags/example_sla_dag.py
[2023-01-04 08:20:03,954] {logging_mixin.py:115} INFO - [2023-01-04 08:20:03,954] {dag.py:2379} INFO - Sync 1 DAGs
[2023-01-04 08:20:03,991] {logging_mixin.py:115} INFO - [2023-01-04 08:20:03,991] {dag.py:2927} INFO - Setting next_dagrun for example_sla_dag to 2023-01-04T11:18:00+00:00, run_after=2023-01-04T11:20:00+00:00
[2023-01-04 08:20:04,013] {processor.py:161} INFO - Processing /home/gustavo/Documents/etl_api_twitter/venv/lib/python3.9/site-packages/airflow/example_dags/example_sla_dag.py took 0.126 seconds
[2023-01-04 08:20:40,536] {processor.py:153} INFO - Started process (PID=6549) to work on /home/gustavo/Documents/etl_api_twitter/venv/lib/python3.9/site-packages/airflow/example_dags/example_sla_dag.py
[2023-01-04 08:20:40,538] {processor.py:641} INFO - Processing file /home/gustavo/Documents/etl_api_twitter/venv/lib/python3.9/site-packages/airflow/example_dags/example_sla_dag.py for tasks to queue
[2023-01-04 08:20:40,539] {logging_mixin.py:115} INFO - [2023-01-04 08:20:40,539] {dagbag.py:507} INFO - Filling up the DagBag from /home/gustavo/Documents/etl_api_twitter/venv/lib/python3.9/site-packages/airflow/example_dags/example_sla_dag.py
[2023-01-04 08:20:40,554] {processor.py:651} INFO - DAG(s) dict_keys(['example_sla_dag']) retrieved from /home/gustavo/Documents/etl_api_twitter/venv/lib/python3.9/site-packages/airflow/example_dags/example_sla_dag.py
[2023-01-04 08:20:40,570] {logging_mixin.py:115} INFO - [2023-01-04 08:20:40,570] {dag.py:2379} INFO - Sync 1 DAGs
[2023-01-04 08:20:40,584] {logging_mixin.py:115} INFO - [2023-01-04 08:20:40,584] {dag.py:2927} INFO - Setting next_dagrun for example_sla_dag to 2023-01-04T11:18:00+00:00, run_after=2023-01-04T11:20:00+00:00
[2023-01-04 08:20:40,598] {processor.py:161} INFO - Processing /home/gustavo/Documents/etl_api_twitter/venv/lib/python3.9/site-packages/airflow/example_dags/example_sla_dag.py took 0.068 seconds
[2023-01-04 08:21:15,070] {processor.py:153} INFO - Started process (PID=6755) to work on /home/gustavo/Documents/etl_api_twitter/venv/lib/python3.9/site-packages/airflow/example_dags/example_sla_dag.py
[2023-01-04 08:21:15,072] {processor.py:641} INFO - Processing file /home/gustavo/Documents/etl_api_twitter/venv/lib/python3.9/site-packages/airflow/example_dags/example_sla_dag.py for tasks to queue
[2023-01-04 08:21:15,073] {logging_mixin.py:115} INFO - [2023-01-04 08:21:15,073] {dagbag.py:507} INFO - Filling up the DagBag from /home/gustavo/Documents/etl_api_twitter/venv/lib/python3.9/site-packages/airflow/example_dags/example_sla_dag.py
[2023-01-04 08:21:15,095] {processor.py:651} INFO - DAG(s) dict_keys(['example_sla_dag']) retrieved from /home/gustavo/Documents/etl_api_twitter/venv/lib/python3.9/site-packages/airflow/example_dags/example_sla_dag.py
[2023-01-04 08:21:15,118] {logging_mixin.py:115} INFO - [2023-01-04 08:21:15,118] {dag.py:2379} INFO - Sync 1 DAGs
[2023-01-04 08:21:15,144] {logging_mixin.py:115} INFO - [2023-01-04 08:21:15,144] {dag.py:2927} INFO - Setting next_dagrun for example_sla_dag to 2023-01-04T11:18:00+00:00, run_after=2023-01-04T11:20:00+00:00
[2023-01-04 08:21:15,162] {processor.py:161} INFO - Processing /home/gustavo/Documents/etl_api_twitter/venv/lib/python3.9/site-packages/airflow/example_dags/example_sla_dag.py took 0.095 seconds
[2023-01-04 08:21:48,400] {processor.py:153} INFO - Started process (PID=6933) to work on /home/gustavo/Documents/etl_api_twitter/venv/lib/python3.9/site-packages/airflow/example_dags/example_sla_dag.py
[2023-01-04 08:21:48,401] {processor.py:641} INFO - Processing file /home/gustavo/Documents/etl_api_twitter/venv/lib/python3.9/site-packages/airflow/example_dags/example_sla_dag.py for tasks to queue
[2023-01-04 08:21:48,402] {logging_mixin.py:115} INFO - [2023-01-04 08:21:48,402] {dagbag.py:507} INFO - Filling up the DagBag from /home/gustavo/Documents/etl_api_twitter/venv/lib/python3.9/site-packages/airflow/example_dags/example_sla_dag.py
[2023-01-04 08:21:48,425] {processor.py:651} INFO - DAG(s) dict_keys(['example_sla_dag']) retrieved from /home/gustavo/Documents/etl_api_twitter/venv/lib/python3.9/site-packages/airflow/example_dags/example_sla_dag.py
[2023-01-04 08:21:48,450] {logging_mixin.py:115} INFO - [2023-01-04 08:21:48,450] {dag.py:2379} INFO - Sync 1 DAGs
[2023-01-04 08:21:48,478] {logging_mixin.py:115} INFO - [2023-01-04 08:21:48,478] {dag.py:2927} INFO - Setting next_dagrun for example_sla_dag to 2023-01-04T11:18:00+00:00, run_after=2023-01-04T11:20:00+00:00
[2023-01-04 08:21:48,489] {processor.py:161} INFO - Processing /home/gustavo/Documents/etl_api_twitter/venv/lib/python3.9/site-packages/airflow/example_dags/example_sla_dag.py took 0.096 seconds
[2023-01-04 08:22:22,253] {processor.py:153} INFO - Started process (PID=7136) to work on /home/gustavo/Documents/etl_api_twitter/venv/lib/python3.9/site-packages/airflow/example_dags/example_sla_dag.py
[2023-01-04 08:22:22,255] {processor.py:641} INFO - Processing file /home/gustavo/Documents/etl_api_twitter/venv/lib/python3.9/site-packages/airflow/example_dags/example_sla_dag.py for tasks to queue
[2023-01-04 08:22:22,256] {logging_mixin.py:115} INFO - [2023-01-04 08:22:22,256] {dagbag.py:507} INFO - Filling up the DagBag from /home/gustavo/Documents/etl_api_twitter/venv/lib/python3.9/site-packages/airflow/example_dags/example_sla_dag.py
[2023-01-04 08:22:22,288] {processor.py:651} INFO - DAG(s) dict_keys(['example_sla_dag']) retrieved from /home/gustavo/Documents/etl_api_twitter/venv/lib/python3.9/site-packages/airflow/example_dags/example_sla_dag.py
[2023-01-04 08:22:22,311] {logging_mixin.py:115} INFO - [2023-01-04 08:22:22,311] {dag.py:2379} INFO - Sync 1 DAGs
[2023-01-04 08:22:22,325] {logging_mixin.py:115} INFO - [2023-01-04 08:22:22,325] {dag.py:2927} INFO - Setting next_dagrun for example_sla_dag to 2023-01-04T11:20:00+00:00, run_after=2023-01-04T11:22:00+00:00
[2023-01-04 08:22:22,337] {processor.py:161} INFO - Processing /home/gustavo/Documents/etl_api_twitter/venv/lib/python3.9/site-packages/airflow/example_dags/example_sla_dag.py took 0.092 seconds
[2023-01-04 08:22:55,463] {processor.py:153} INFO - Started process (PID=7325) to work on /home/gustavo/Documents/etl_api_twitter/venv/lib/python3.9/site-packages/airflow/example_dags/example_sla_dag.py
[2023-01-04 08:22:55,464] {processor.py:641} INFO - Processing file /home/gustavo/Documents/etl_api_twitter/venv/lib/python3.9/site-packages/airflow/example_dags/example_sla_dag.py for tasks to queue
[2023-01-04 08:22:55,465] {logging_mixin.py:115} INFO - [2023-01-04 08:22:55,465] {dagbag.py:507} INFO - Filling up the DagBag from /home/gustavo/Documents/etl_api_twitter/venv/lib/python3.9/site-packages/airflow/example_dags/example_sla_dag.py
[2023-01-04 08:22:55,498] {processor.py:651} INFO - DAG(s) dict_keys(['example_sla_dag']) retrieved from /home/gustavo/Documents/etl_api_twitter/venv/lib/python3.9/site-packages/airflow/example_dags/example_sla_dag.py
[2023-01-04 08:22:55,534] {logging_mixin.py:115} INFO - [2023-01-04 08:22:55,534] {dag.py:2379} INFO - Sync 1 DAGs
[2023-01-04 08:22:55,564] {logging_mixin.py:115} INFO - [2023-01-04 08:22:55,563] {dag.py:2927} INFO - Setting next_dagrun for example_sla_dag to 2023-01-04T11:20:00+00:00, run_after=2023-01-04T11:22:00+00:00
[2023-01-04 08:22:55,577] {processor.py:161} INFO - Processing /home/gustavo/Documents/etl_api_twitter/venv/lib/python3.9/site-packages/airflow/example_dags/example_sla_dag.py took 0.117 seconds
[2023-01-04 08:23:29,364] {processor.py:153} INFO - Started process (PID=7534) to work on /home/gustavo/Documents/etl_api_twitter/venv/lib/python3.9/site-packages/airflow/example_dags/example_sla_dag.py
[2023-01-04 08:23:29,365] {processor.py:641} INFO - Processing file /home/gustavo/Documents/etl_api_twitter/venv/lib/python3.9/site-packages/airflow/example_dags/example_sla_dag.py for tasks to queue
[2023-01-04 08:23:29,366] {logging_mixin.py:115} INFO - [2023-01-04 08:23:29,366] {dagbag.py:507} INFO - Filling up the DagBag from /home/gustavo/Documents/etl_api_twitter/venv/lib/python3.9/site-packages/airflow/example_dags/example_sla_dag.py
[2023-01-04 08:23:29,418] {processor.py:651} INFO - DAG(s) dict_keys(['example_sla_dag']) retrieved from /home/gustavo/Documents/etl_api_twitter/venv/lib/python3.9/site-packages/airflow/example_dags/example_sla_dag.py
[2023-01-04 08:23:29,447] {logging_mixin.py:115} INFO - [2023-01-04 08:23:29,446] {dag.py:2379} INFO - Sync 1 DAGs
[2023-01-04 08:23:29,483] {logging_mixin.py:115} INFO - [2023-01-04 08:23:29,483] {dag.py:2927} INFO - Setting next_dagrun for example_sla_dag to 2023-01-04T11:20:00+00:00, run_after=2023-01-04T11:22:00+00:00
[2023-01-04 08:23:29,504] {processor.py:161} INFO - Processing /home/gustavo/Documents/etl_api_twitter/venv/lib/python3.9/site-packages/airflow/example_dags/example_sla_dag.py took 0.147 seconds
[2023-01-04 08:24:04,066] {processor.py:153} INFO - Started process (PID=7736) to work on /home/gustavo/Documents/etl_api_twitter/venv/lib/python3.9/site-packages/airflow/example_dags/example_sla_dag.py
[2023-01-04 08:24:04,068] {processor.py:641} INFO - Processing file /home/gustavo/Documents/etl_api_twitter/venv/lib/python3.9/site-packages/airflow/example_dags/example_sla_dag.py for tasks to queue
[2023-01-04 08:24:04,068] {logging_mixin.py:115} INFO - [2023-01-04 08:24:04,068] {dagbag.py:507} INFO - Filling up the DagBag from /home/gustavo/Documents/etl_api_twitter/venv/lib/python3.9/site-packages/airflow/example_dags/example_sla_dag.py
[2023-01-04 08:24:04,099] {processor.py:651} INFO - DAG(s) dict_keys(['example_sla_dag']) retrieved from /home/gustavo/Documents/etl_api_twitter/venv/lib/python3.9/site-packages/airflow/example_dags/example_sla_dag.py
[2023-01-04 08:24:04,115] {logging_mixin.py:115} INFO - [2023-01-04 08:24:04,115] {dag.py:2379} INFO - Sync 1 DAGs
[2023-01-04 08:24:04,142] {logging_mixin.py:115} INFO - [2023-01-04 08:24:04,141] {dag.py:2927} INFO - Setting next_dagrun for example_sla_dag to 2023-01-04T11:22:00+00:00, run_after=2023-01-04T11:24:00+00:00
[2023-01-04 08:24:04,158] {processor.py:161} INFO - Processing /home/gustavo/Documents/etl_api_twitter/venv/lib/python3.9/site-packages/airflow/example_dags/example_sla_dag.py took 0.100 seconds
[2023-01-04 08:24:39,253] {processor.py:153} INFO - Started process (PID=7941) to work on /home/gustavo/Documents/etl_api_twitter/venv/lib/python3.9/site-packages/airflow/example_dags/example_sla_dag.py
[2023-01-04 08:24:39,256] {processor.py:641} INFO - Processing file /home/gustavo/Documents/etl_api_twitter/venv/lib/python3.9/site-packages/airflow/example_dags/example_sla_dag.py for tasks to queue
[2023-01-04 08:24:39,257] {logging_mixin.py:115} INFO - [2023-01-04 08:24:39,257] {dagbag.py:507} INFO - Filling up the DagBag from /home/gustavo/Documents/etl_api_twitter/venv/lib/python3.9/site-packages/airflow/example_dags/example_sla_dag.py
[2023-01-04 08:24:39,293] {processor.py:651} INFO - DAG(s) dict_keys(['example_sla_dag']) retrieved from /home/gustavo/Documents/etl_api_twitter/venv/lib/python3.9/site-packages/airflow/example_dags/example_sla_dag.py
[2023-01-04 08:24:39,308] {logging_mixin.py:115} INFO - [2023-01-04 08:24:39,308] {dag.py:2379} INFO - Sync 1 DAGs
[2023-01-04 08:24:39,323] {logging_mixin.py:115} INFO - [2023-01-04 08:24:39,323] {dag.py:2927} INFO - Setting next_dagrun for example_sla_dag to 2023-01-04T11:22:00+00:00, run_after=2023-01-04T11:24:00+00:00
[2023-01-04 08:24:39,336] {processor.py:161} INFO - Processing /home/gustavo/Documents/etl_api_twitter/venv/lib/python3.9/site-packages/airflow/example_dags/example_sla_dag.py took 0.091 seconds
[2023-01-04 08:25:12,398] {processor.py:153} INFO - Started process (PID=8120) to work on /home/gustavo/Documents/etl_api_twitter/venv/lib/python3.9/site-packages/airflow/example_dags/example_sla_dag.py
[2023-01-04 08:25:12,399] {processor.py:641} INFO - Processing file /home/gustavo/Documents/etl_api_twitter/venv/lib/python3.9/site-packages/airflow/example_dags/example_sla_dag.py for tasks to queue
[2023-01-04 08:25:12,400] {logging_mixin.py:115} INFO - [2023-01-04 08:25:12,400] {dagbag.py:507} INFO - Filling up the DagBag from /home/gustavo/Documents/etl_api_twitter/venv/lib/python3.9/site-packages/airflow/example_dags/example_sla_dag.py
[2023-01-04 08:25:12,419] {processor.py:651} INFO - DAG(s) dict_keys(['example_sla_dag']) retrieved from /home/gustavo/Documents/etl_api_twitter/venv/lib/python3.9/site-packages/airflow/example_dags/example_sla_dag.py
[2023-01-04 08:25:12,434] {logging_mixin.py:115} INFO - [2023-01-04 08:25:12,434] {dag.py:2379} INFO - Sync 1 DAGs
[2023-01-04 08:25:12,458] {logging_mixin.py:115} INFO - [2023-01-04 08:25:12,458] {dag.py:2927} INFO - Setting next_dagrun for example_sla_dag to 2023-01-04T11:22:00+00:00, run_after=2023-01-04T11:24:00+00:00
[2023-01-04 08:25:12,472] {processor.py:161} INFO - Processing /home/gustavo/Documents/etl_api_twitter/venv/lib/python3.9/site-packages/airflow/example_dags/example_sla_dag.py took 0.081 seconds
[2023-01-04 08:25:46,995] {processor.py:153} INFO - Started process (PID=8378) to work on /home/gustavo/Documents/etl_api_twitter/venv/lib/python3.9/site-packages/airflow/example_dags/example_sla_dag.py
[2023-01-04 08:25:46,996] {processor.py:641} INFO - Processing file /home/gustavo/Documents/etl_api_twitter/venv/lib/python3.9/site-packages/airflow/example_dags/example_sla_dag.py for tasks to queue
[2023-01-04 08:25:46,998] {logging_mixin.py:115} INFO - [2023-01-04 08:25:46,998] {dagbag.py:507} INFO - Filling up the DagBag from /home/gustavo/Documents/etl_api_twitter/venv/lib/python3.9/site-packages/airflow/example_dags/example_sla_dag.py
[2023-01-04 08:25:47,024] {processor.py:651} INFO - DAG(s) dict_keys(['example_sla_dag']) retrieved from /home/gustavo/Documents/etl_api_twitter/venv/lib/python3.9/site-packages/airflow/example_dags/example_sla_dag.py
[2023-01-04 08:25:47,108] {logging_mixin.py:115} INFO - [2023-01-04 08:25:47,108] {dag.py:2379} INFO - Sync 1 DAGs
[2023-01-04 08:25:47,149] {logging_mixin.py:115} INFO - [2023-01-04 08:25:47,149] {dag.py:2927} INFO - Setting next_dagrun for example_sla_dag to 2023-01-04T11:22:00+00:00, run_after=2023-01-04T11:24:00+00:00
[2023-01-04 08:25:47,181] {processor.py:161} INFO - Processing /home/gustavo/Documents/etl_api_twitter/venv/lib/python3.9/site-packages/airflow/example_dags/example_sla_dag.py took 0.193 seconds
[2023-01-04 08:26:23,393] {processor.py:153} INFO - Started process (PID=8586) to work on /home/gustavo/Documents/etl_api_twitter/venv/lib/python3.9/site-packages/airflow/example_dags/example_sla_dag.py
[2023-01-04 08:26:23,394] {processor.py:641} INFO - Processing file /home/gustavo/Documents/etl_api_twitter/venv/lib/python3.9/site-packages/airflow/example_dags/example_sla_dag.py for tasks to queue
[2023-01-04 08:26:23,394] {logging_mixin.py:115} INFO - [2023-01-04 08:26:23,394] {dagbag.py:507} INFO - Filling up the DagBag from /home/gustavo/Documents/etl_api_twitter/venv/lib/python3.9/site-packages/airflow/example_dags/example_sla_dag.py
[2023-01-04 08:26:23,418] {processor.py:651} INFO - DAG(s) dict_keys(['example_sla_dag']) retrieved from /home/gustavo/Documents/etl_api_twitter/venv/lib/python3.9/site-packages/airflow/example_dags/example_sla_dag.py
[2023-01-04 08:26:23,438] {logging_mixin.py:115} INFO - [2023-01-04 08:26:23,438] {dag.py:2379} INFO - Sync 1 DAGs
[2023-01-04 08:26:23,454] {logging_mixin.py:115} INFO - [2023-01-04 08:26:23,454] {dag.py:2927} INFO - Setting next_dagrun for example_sla_dag to 2023-01-04T11:24:00+00:00, run_after=2023-01-04T11:26:00+00:00
[2023-01-04 08:26:23,484] {processor.py:161} INFO - Processing /home/gustavo/Documents/etl_api_twitter/venv/lib/python3.9/site-packages/airflow/example_dags/example_sla_dag.py took 0.094 seconds
[2023-01-04 08:26:58,067] {processor.py:153} INFO - Started process (PID=8794) to work on /home/gustavo/Documents/etl_api_twitter/venv/lib/python3.9/site-packages/airflow/example_dags/example_sla_dag.py
[2023-01-04 08:26:58,068] {processor.py:641} INFO - Processing file /home/gustavo/Documents/etl_api_twitter/venv/lib/python3.9/site-packages/airflow/example_dags/example_sla_dag.py for tasks to queue
[2023-01-04 08:26:58,069] {logging_mixin.py:115} INFO - [2023-01-04 08:26:58,069] {dagbag.py:507} INFO - Filling up the DagBag from /home/gustavo/Documents/etl_api_twitter/venv/lib/python3.9/site-packages/airflow/example_dags/example_sla_dag.py
[2023-01-04 08:26:58,096] {processor.py:651} INFO - DAG(s) dict_keys(['example_sla_dag']) retrieved from /home/gustavo/Documents/etl_api_twitter/venv/lib/python3.9/site-packages/airflow/example_dags/example_sla_dag.py
[2023-01-04 08:26:58,115] {logging_mixin.py:115} INFO - [2023-01-04 08:26:58,115] {dag.py:2379} INFO - Sync 1 DAGs
[2023-01-04 08:26:58,128] {logging_mixin.py:115} INFO - [2023-01-04 08:26:58,128] {dag.py:2927} INFO - Setting next_dagrun for example_sla_dag to 2023-01-04T11:24:00+00:00, run_after=2023-01-04T11:26:00+00:00
[2023-01-04 08:26:58,142] {processor.py:161} INFO - Processing /home/gustavo/Documents/etl_api_twitter/venv/lib/python3.9/site-packages/airflow/example_dags/example_sla_dag.py took 0.081 seconds
[2023-01-04 08:27:34,922] {processor.py:153} INFO - Started process (PID=9007) to work on /home/gustavo/Documents/etl_api_twitter/venv/lib/python3.9/site-packages/airflow/example_dags/example_sla_dag.py
[2023-01-04 08:27:34,924] {processor.py:641} INFO - Processing file /home/gustavo/Documents/etl_api_twitter/venv/lib/python3.9/site-packages/airflow/example_dags/example_sla_dag.py for tasks to queue
[2023-01-04 08:27:34,925] {logging_mixin.py:115} INFO - [2023-01-04 08:27:34,925] {dagbag.py:507} INFO - Filling up the DagBag from /home/gustavo/Documents/etl_api_twitter/venv/lib/python3.9/site-packages/airflow/example_dags/example_sla_dag.py
[2023-01-04 08:27:34,946] {processor.py:651} INFO - DAG(s) dict_keys(['example_sla_dag']) retrieved from /home/gustavo/Documents/etl_api_twitter/venv/lib/python3.9/site-packages/airflow/example_dags/example_sla_dag.py
[2023-01-04 08:27:34,959] {logging_mixin.py:115} INFO - [2023-01-04 08:27:34,959] {dag.py:2379} INFO - Sync 1 DAGs
[2023-01-04 08:27:34,987] {logging_mixin.py:115} INFO - [2023-01-04 08:27:34,987] {dag.py:2927} INFO - Setting next_dagrun for example_sla_dag to 2023-01-04T11:24:00+00:00, run_after=2023-01-04T11:26:00+00:00
[2023-01-04 08:27:35,005] {processor.py:161} INFO - Processing /home/gustavo/Documents/etl_api_twitter/venv/lib/python3.9/site-packages/airflow/example_dags/example_sla_dag.py took 0.089 seconds
