[2023-01-04 08:01:22,621] {processor.py:153} INFO - Started process (PID=28401) to work on /home/gustavo/Documents/etl_api_twitter/venv/lib/python3.9/site-packages/airflow/example_dags/example_nested_branch_dag.py
[2023-01-04 08:01:22,621] {processor.py:641} INFO - Processing file /home/gustavo/Documents/etl_api_twitter/venv/lib/python3.9/site-packages/airflow/example_dags/example_nested_branch_dag.py for tasks to queue
[2023-01-04 08:01:22,622] {logging_mixin.py:115} INFO - [2023-01-04 08:01:22,622] {dagbag.py:507} INFO - Filling up the DagBag from /home/gustavo/Documents/etl_api_twitter/venv/lib/python3.9/site-packages/airflow/example_dags/example_nested_branch_dag.py
[2023-01-04 08:01:22,663] {processor.py:651} INFO - DAG(s) dict_keys(['example_nested_branch_dag']) retrieved from /home/gustavo/Documents/etl_api_twitter/venv/lib/python3.9/site-packages/airflow/example_dags/example_nested_branch_dag.py
[2023-01-04 08:01:22,822] {logging_mixin.py:115} INFO - [2023-01-04 08:01:22,822] {manager.py:508} INFO - Created Permission View: can edit on DAG:example_nested_branch_dag
[2023-01-04 08:01:22,840] {logging_mixin.py:115} INFO - [2023-01-04 08:01:22,840] {manager.py:508} INFO - Created Permission View: can read on DAG:example_nested_branch_dag
[2023-01-04 08:01:22,855] {logging_mixin.py:115} INFO - [2023-01-04 08:01:22,855] {manager.py:508} INFO - Created Permission View: can delete on DAG:example_nested_branch_dag
[2023-01-04 08:01:22,855] {logging_mixin.py:115} INFO - [2023-01-04 08:01:22,855] {dag.py:2379} INFO - Sync 1 DAGs
[2023-01-04 08:01:22,865] {logging_mixin.py:115} INFO - [2023-01-04 08:01:22,865] {dag.py:2398} INFO - Creating ORM DAG for example_nested_branch_dag
[2023-01-04 08:01:22,882] {logging_mixin.py:115} INFO - [2023-01-04 08:01:22,882] {dag.py:2927} INFO - Setting next_dagrun for example_nested_branch_dag to 2023-01-03T00:00:00+00:00, run_after=2023-01-04T00:00:00+00:00
[2023-01-04 08:01:22,907] {processor.py:161} INFO - Processing /home/gustavo/Documents/etl_api_twitter/venv/lib/python3.9/site-packages/airflow/example_dags/example_nested_branch_dag.py took 0.296 seconds
[2023-01-04 08:01:59,185] {processor.py:153} INFO - Started process (PID=28622) to work on /home/gustavo/Documents/etl_api_twitter/venv/lib/python3.9/site-packages/airflow/example_dags/example_nested_branch_dag.py
[2023-01-04 08:01:59,186] {processor.py:641} INFO - Processing file /home/gustavo/Documents/etl_api_twitter/venv/lib/python3.9/site-packages/airflow/example_dags/example_nested_branch_dag.py for tasks to queue
[2023-01-04 08:01:59,187] {logging_mixin.py:115} INFO - [2023-01-04 08:01:59,187] {dagbag.py:507} INFO - Filling up the DagBag from /home/gustavo/Documents/etl_api_twitter/venv/lib/python3.9/site-packages/airflow/example_dags/example_nested_branch_dag.py
[2023-01-04 08:01:59,212] {processor.py:651} INFO - DAG(s) dict_keys(['example_nested_branch_dag']) retrieved from /home/gustavo/Documents/etl_api_twitter/venv/lib/python3.9/site-packages/airflow/example_dags/example_nested_branch_dag.py
[2023-01-04 08:01:59,243] {logging_mixin.py:115} INFO - [2023-01-04 08:01:59,243] {dag.py:2379} INFO - Sync 1 DAGs
[2023-01-04 08:01:59,286] {logging_mixin.py:115} INFO - [2023-01-04 08:01:59,286] {dag.py:2927} INFO - Setting next_dagrun for example_nested_branch_dag to 2023-01-03T00:00:00+00:00, run_after=2023-01-04T00:00:00+00:00
[2023-01-04 08:01:59,312] {processor.py:161} INFO - Processing /home/gustavo/Documents/etl_api_twitter/venv/lib/python3.9/site-packages/airflow/example_dags/example_nested_branch_dag.py took 0.137 seconds
[2023-01-04 08:11:11,053] {processor.py:153} INFO - Started process (PID=3892) to work on /home/gustavo/Documents/etl_api_twitter/venv/lib/python3.9/site-packages/airflow/example_dags/example_nested_branch_dag.py
[2023-01-04 08:11:11,055] {processor.py:641} INFO - Processing file /home/gustavo/Documents/etl_api_twitter/venv/lib/python3.9/site-packages/airflow/example_dags/example_nested_branch_dag.py for tasks to queue
[2023-01-04 08:11:11,055] {logging_mixin.py:115} INFO - [2023-01-04 08:11:11,055] {dagbag.py:507} INFO - Filling up the DagBag from /home/gustavo/Documents/etl_api_twitter/venv/lib/python3.9/site-packages/airflow/example_dags/example_nested_branch_dag.py
[2023-01-04 08:11:11,068] {processor.py:651} INFO - DAG(s) dict_keys(['example_nested_branch_dag']) retrieved from /home/gustavo/Documents/etl_api_twitter/venv/lib/python3.9/site-packages/airflow/example_dags/example_nested_branch_dag.py
[2023-01-04 08:11:11,088] {logging_mixin.py:115} INFO - [2023-01-04 08:11:11,088] {dag.py:2379} INFO - Sync 1 DAGs
[2023-01-04 08:11:11,111] {logging_mixin.py:115} INFO - [2023-01-04 08:11:11,111] {dag.py:2927} INFO - Setting next_dagrun for example_nested_branch_dag to 2023-01-03T00:00:00+00:00, run_after=2023-01-04T00:00:00+00:00
[2023-01-04 08:11:11,123] {processor.py:161} INFO - Processing /home/gustavo/Documents/etl_api_twitter/venv/lib/python3.9/site-packages/airflow/example_dags/example_nested_branch_dag.py took 0.077 seconds
[2023-01-04 08:11:47,169] {processor.py:153} INFO - Started process (PID=4064) to work on /home/gustavo/Documents/etl_api_twitter/venv/lib/python3.9/site-packages/airflow/example_dags/example_nested_branch_dag.py
[2023-01-04 08:11:47,171] {processor.py:641} INFO - Processing file /home/gustavo/Documents/etl_api_twitter/venv/lib/python3.9/site-packages/airflow/example_dags/example_nested_branch_dag.py for tasks to queue
[2023-01-04 08:11:47,172] {logging_mixin.py:115} INFO - [2023-01-04 08:11:47,172] {dagbag.py:507} INFO - Filling up the DagBag from /home/gustavo/Documents/etl_api_twitter/venv/lib/python3.9/site-packages/airflow/example_dags/example_nested_branch_dag.py
[2023-01-04 08:11:47,186] {processor.py:651} INFO - DAG(s) dict_keys(['example_nested_branch_dag']) retrieved from /home/gustavo/Documents/etl_api_twitter/venv/lib/python3.9/site-packages/airflow/example_dags/example_nested_branch_dag.py
[2023-01-04 08:11:47,207] {logging_mixin.py:115} INFO - [2023-01-04 08:11:47,206] {dag.py:2379} INFO - Sync 1 DAGs
[2023-01-04 08:11:47,226] {logging_mixin.py:115} INFO - [2023-01-04 08:11:47,226] {dag.py:2927} INFO - Setting next_dagrun for example_nested_branch_dag to 2023-01-03T00:00:00+00:00, run_after=2023-01-04T00:00:00+00:00
[2023-01-04 08:11:47,244] {processor.py:161} INFO - Processing /home/gustavo/Documents/etl_api_twitter/venv/lib/python3.9/site-packages/airflow/example_dags/example_nested_branch_dag.py took 0.078 seconds
[2023-01-04 08:12:20,490] {processor.py:153} INFO - Started process (PID=4163) to work on /home/gustavo/Documents/etl_api_twitter/venv/lib/python3.9/site-packages/airflow/example_dags/example_nested_branch_dag.py
[2023-01-04 08:12:20,490] {processor.py:641} INFO - Processing file /home/gustavo/Documents/etl_api_twitter/venv/lib/python3.9/site-packages/airflow/example_dags/example_nested_branch_dag.py for tasks to queue
[2023-01-04 08:12:20,491] {logging_mixin.py:115} INFO - [2023-01-04 08:12:20,491] {dagbag.py:507} INFO - Filling up the DagBag from /home/gustavo/Documents/etl_api_twitter/venv/lib/python3.9/site-packages/airflow/example_dags/example_nested_branch_dag.py
[2023-01-04 08:12:20,500] {processor.py:651} INFO - DAG(s) dict_keys(['example_nested_branch_dag']) retrieved from /home/gustavo/Documents/etl_api_twitter/venv/lib/python3.9/site-packages/airflow/example_dags/example_nested_branch_dag.py
[2023-01-04 08:12:20,516] {logging_mixin.py:115} INFO - [2023-01-04 08:12:20,516] {dag.py:2379} INFO - Sync 1 DAGs
[2023-01-04 08:12:20,534] {logging_mixin.py:115} INFO - [2023-01-04 08:12:20,534] {dag.py:2927} INFO - Setting next_dagrun for example_nested_branch_dag to 2023-01-03T00:00:00+00:00, run_after=2023-01-04T00:00:00+00:00
[2023-01-04 08:12:20,546] {processor.py:161} INFO - Processing /home/gustavo/Documents/etl_api_twitter/venv/lib/python3.9/site-packages/airflow/example_dags/example_nested_branch_dag.py took 0.059 seconds
[2023-01-04 08:12:55,206] {processor.py:153} INFO - Started process (PID=4202) to work on /home/gustavo/Documents/etl_api_twitter/venv/lib/python3.9/site-packages/airflow/example_dags/example_nested_branch_dag.py
[2023-01-04 08:12:55,208] {processor.py:641} INFO - Processing file /home/gustavo/Documents/etl_api_twitter/venv/lib/python3.9/site-packages/airflow/example_dags/example_nested_branch_dag.py for tasks to queue
[2023-01-04 08:12:55,209] {logging_mixin.py:115} INFO - [2023-01-04 08:12:55,209] {dagbag.py:507} INFO - Filling up the DagBag from /home/gustavo/Documents/etl_api_twitter/venv/lib/python3.9/site-packages/airflow/example_dags/example_nested_branch_dag.py
[2023-01-04 08:12:55,225] {processor.py:651} INFO - DAG(s) dict_keys(['example_nested_branch_dag']) retrieved from /home/gustavo/Documents/etl_api_twitter/venv/lib/python3.9/site-packages/airflow/example_dags/example_nested_branch_dag.py
[2023-01-04 08:12:55,243] {logging_mixin.py:115} INFO - [2023-01-04 08:12:55,243] {dag.py:2379} INFO - Sync 1 DAGs
[2023-01-04 08:12:55,268] {logging_mixin.py:115} INFO - [2023-01-04 08:12:55,267] {dag.py:2927} INFO - Setting next_dagrun for example_nested_branch_dag to 2023-01-03T00:00:00+00:00, run_after=2023-01-04T00:00:00+00:00
[2023-01-04 08:12:55,279] {processor.py:161} INFO - Processing /home/gustavo/Documents/etl_api_twitter/venv/lib/python3.9/site-packages/airflow/example_dags/example_nested_branch_dag.py took 0.081 seconds
[2023-01-04 08:13:32,535] {processor.py:153} INFO - Started process (PID=4241) to work on /home/gustavo/Documents/etl_api_twitter/venv/lib/python3.9/site-packages/airflow/example_dags/example_nested_branch_dag.py
[2023-01-04 08:13:32,536] {processor.py:641} INFO - Processing file /home/gustavo/Documents/etl_api_twitter/venv/lib/python3.9/site-packages/airflow/example_dags/example_nested_branch_dag.py for tasks to queue
[2023-01-04 08:13:32,537] {logging_mixin.py:115} INFO - [2023-01-04 08:13:32,537] {dagbag.py:507} INFO - Filling up the DagBag from /home/gustavo/Documents/etl_api_twitter/venv/lib/python3.9/site-packages/airflow/example_dags/example_nested_branch_dag.py
[2023-01-04 08:13:32,546] {processor.py:651} INFO - DAG(s) dict_keys(['example_nested_branch_dag']) retrieved from /home/gustavo/Documents/etl_api_twitter/venv/lib/python3.9/site-packages/airflow/example_dags/example_nested_branch_dag.py
[2023-01-04 08:13:32,567] {logging_mixin.py:115} INFO - [2023-01-04 08:13:32,567] {dag.py:2379} INFO - Sync 1 DAGs
[2023-01-04 08:13:32,609] {logging_mixin.py:115} INFO - [2023-01-04 08:13:32,609] {dag.py:2927} INFO - Setting next_dagrun for example_nested_branch_dag to 2023-01-03T00:00:00+00:00, run_after=2023-01-04T00:00:00+00:00
[2023-01-04 08:13:32,621] {processor.py:161} INFO - Processing /home/gustavo/Documents/etl_api_twitter/venv/lib/python3.9/site-packages/airflow/example_dags/example_nested_branch_dag.py took 0.089 seconds
[2023-01-04 08:14:06,648] {processor.py:153} INFO - Started process (PID=4278) to work on /home/gustavo/Documents/etl_api_twitter/venv/lib/python3.9/site-packages/airflow/example_dags/example_nested_branch_dag.py
[2023-01-04 08:14:06,649] {processor.py:641} INFO - Processing file /home/gustavo/Documents/etl_api_twitter/venv/lib/python3.9/site-packages/airflow/example_dags/example_nested_branch_dag.py for tasks to queue
[2023-01-04 08:14:06,650] {logging_mixin.py:115} INFO - [2023-01-04 08:14:06,650] {dagbag.py:507} INFO - Filling up the DagBag from /home/gustavo/Documents/etl_api_twitter/venv/lib/python3.9/site-packages/airflow/example_dags/example_nested_branch_dag.py
[2023-01-04 08:14:06,662] {processor.py:651} INFO - DAG(s) dict_keys(['example_nested_branch_dag']) retrieved from /home/gustavo/Documents/etl_api_twitter/venv/lib/python3.9/site-packages/airflow/example_dags/example_nested_branch_dag.py
[2023-01-04 08:14:06,678] {logging_mixin.py:115} INFO - [2023-01-04 08:14:06,678] {dag.py:2379} INFO - Sync 1 DAGs
[2023-01-04 08:14:06,697] {logging_mixin.py:115} INFO - [2023-01-04 08:14:06,697] {dag.py:2927} INFO - Setting next_dagrun for example_nested_branch_dag to 2023-01-03T00:00:00+00:00, run_after=2023-01-04T00:00:00+00:00
[2023-01-04 08:14:06,707] {processor.py:161} INFO - Processing /home/gustavo/Documents/etl_api_twitter/venv/lib/python3.9/site-packages/airflow/example_dags/example_nested_branch_dag.py took 0.065 seconds
[2023-01-04 08:14:41,259] {processor.py:153} INFO - Started process (PID=4424) to work on /home/gustavo/Documents/etl_api_twitter/venv/lib/python3.9/site-packages/airflow/example_dags/example_nested_branch_dag.py
[2023-01-04 08:14:41,260] {processor.py:641} INFO - Processing file /home/gustavo/Documents/etl_api_twitter/venv/lib/python3.9/site-packages/airflow/example_dags/example_nested_branch_dag.py for tasks to queue
[2023-01-04 08:14:41,260] {logging_mixin.py:115} INFO - [2023-01-04 08:14:41,260] {dagbag.py:507} INFO - Filling up the DagBag from /home/gustavo/Documents/etl_api_twitter/venv/lib/python3.9/site-packages/airflow/example_dags/example_nested_branch_dag.py
[2023-01-04 08:14:41,273] {processor.py:651} INFO - DAG(s) dict_keys(['example_nested_branch_dag']) retrieved from /home/gustavo/Documents/etl_api_twitter/venv/lib/python3.9/site-packages/airflow/example_dags/example_nested_branch_dag.py
[2023-01-04 08:14:41,307] {logging_mixin.py:115} INFO - [2023-01-04 08:14:41,307] {dag.py:2379} INFO - Sync 1 DAGs
[2023-01-04 08:14:41,341] {logging_mixin.py:115} INFO - [2023-01-04 08:14:41,340] {dag.py:2927} INFO - Setting next_dagrun for example_nested_branch_dag to 2023-01-03T00:00:00+00:00, run_after=2023-01-04T00:00:00+00:00
[2023-01-04 08:14:41,362] {processor.py:161} INFO - Processing /home/gustavo/Documents/etl_api_twitter/venv/lib/python3.9/site-packages/airflow/example_dags/example_nested_branch_dag.py took 0.107 seconds
[2023-01-04 08:15:18,400] {processor.py:153} INFO - Started process (PID=4560) to work on /home/gustavo/Documents/etl_api_twitter/venv/lib/python3.9/site-packages/airflow/example_dags/example_nested_branch_dag.py
[2023-01-04 08:15:18,401] {processor.py:641} INFO - Processing file /home/gustavo/Documents/etl_api_twitter/venv/lib/python3.9/site-packages/airflow/example_dags/example_nested_branch_dag.py for tasks to queue
[2023-01-04 08:15:18,404] {logging_mixin.py:115} INFO - [2023-01-04 08:15:18,404] {dagbag.py:507} INFO - Filling up the DagBag from /home/gustavo/Documents/etl_api_twitter/venv/lib/python3.9/site-packages/airflow/example_dags/example_nested_branch_dag.py
[2023-01-04 08:15:18,415] {processor.py:651} INFO - DAG(s) dict_keys(['example_nested_branch_dag']) retrieved from /home/gustavo/Documents/etl_api_twitter/venv/lib/python3.9/site-packages/airflow/example_dags/example_nested_branch_dag.py
[2023-01-04 08:15:18,433] {logging_mixin.py:115} INFO - [2023-01-04 08:15:18,433] {dag.py:2379} INFO - Sync 1 DAGs
[2023-01-04 08:15:18,468] {logging_mixin.py:115} INFO - [2023-01-04 08:15:18,467] {dag.py:2927} INFO - Setting next_dagrun for example_nested_branch_dag to 2023-01-03T00:00:00+00:00, run_after=2023-01-04T00:00:00+00:00
[2023-01-04 08:15:18,484] {processor.py:161} INFO - Processing /home/gustavo/Documents/etl_api_twitter/venv/lib/python3.9/site-packages/airflow/example_dags/example_nested_branch_dag.py took 0.089 seconds
[2023-01-04 08:15:51,410] {processor.py:153} INFO - Started process (PID=4796) to work on /home/gustavo/Documents/etl_api_twitter/venv/lib/python3.9/site-packages/airflow/example_dags/example_nested_branch_dag.py
[2023-01-04 08:15:51,411] {processor.py:641} INFO - Processing file /home/gustavo/Documents/etl_api_twitter/venv/lib/python3.9/site-packages/airflow/example_dags/example_nested_branch_dag.py for tasks to queue
[2023-01-04 08:15:51,412] {logging_mixin.py:115} INFO - [2023-01-04 08:15:51,411] {dagbag.py:507} INFO - Filling up the DagBag from /home/gustavo/Documents/etl_api_twitter/venv/lib/python3.9/site-packages/airflow/example_dags/example_nested_branch_dag.py
[2023-01-04 08:15:51,426] {processor.py:651} INFO - DAG(s) dict_keys(['example_nested_branch_dag']) retrieved from /home/gustavo/Documents/etl_api_twitter/venv/lib/python3.9/site-packages/airflow/example_dags/example_nested_branch_dag.py
[2023-01-04 08:15:51,452] {logging_mixin.py:115} INFO - [2023-01-04 08:15:51,452] {dag.py:2379} INFO - Sync 1 DAGs
[2023-01-04 08:15:51,474] {logging_mixin.py:115} INFO - [2023-01-04 08:15:51,474] {dag.py:2927} INFO - Setting next_dagrun for example_nested_branch_dag to 2023-01-03T00:00:00+00:00, run_after=2023-01-04T00:00:00+00:00
[2023-01-04 08:15:51,494] {processor.py:161} INFO - Processing /home/gustavo/Documents/etl_api_twitter/venv/lib/python3.9/site-packages/airflow/example_dags/example_nested_branch_dag.py took 0.090 seconds
[2023-01-04 08:16:27,280] {processor.py:153} INFO - Started process (PID=5015) to work on /home/gustavo/Documents/etl_api_twitter/venv/lib/python3.9/site-packages/airflow/example_dags/example_nested_branch_dag.py
[2023-01-04 08:16:27,281] {processor.py:641} INFO - Processing file /home/gustavo/Documents/etl_api_twitter/venv/lib/python3.9/site-packages/airflow/example_dags/example_nested_branch_dag.py for tasks to queue
[2023-01-04 08:16:27,282] {logging_mixin.py:115} INFO - [2023-01-04 08:16:27,282] {dagbag.py:507} INFO - Filling up the DagBag from /home/gustavo/Documents/etl_api_twitter/venv/lib/python3.9/site-packages/airflow/example_dags/example_nested_branch_dag.py
[2023-01-04 08:16:27,293] {processor.py:651} INFO - DAG(s) dict_keys(['example_nested_branch_dag']) retrieved from /home/gustavo/Documents/etl_api_twitter/venv/lib/python3.9/site-packages/airflow/example_dags/example_nested_branch_dag.py
[2023-01-04 08:16:27,312] {logging_mixin.py:115} INFO - [2023-01-04 08:16:27,312] {dag.py:2379} INFO - Sync 1 DAGs
[2023-01-04 08:16:27,337] {logging_mixin.py:115} INFO - [2023-01-04 08:16:27,337] {dag.py:2927} INFO - Setting next_dagrun for example_nested_branch_dag to 2023-01-03T00:00:00+00:00, run_after=2023-01-04T00:00:00+00:00
[2023-01-04 08:16:27,358] {processor.py:161} INFO - Processing /home/gustavo/Documents/etl_api_twitter/venv/lib/python3.9/site-packages/airflow/example_dags/example_nested_branch_dag.py took 0.082 seconds
[2023-01-04 08:17:03,373] {processor.py:153} INFO - Started process (PID=5224) to work on /home/gustavo/Documents/etl_api_twitter/venv/lib/python3.9/site-packages/airflow/example_dags/example_nested_branch_dag.py
[2023-01-04 08:17:03,374] {processor.py:641} INFO - Processing file /home/gustavo/Documents/etl_api_twitter/venv/lib/python3.9/site-packages/airflow/example_dags/example_nested_branch_dag.py for tasks to queue
[2023-01-04 08:17:03,374] {logging_mixin.py:115} INFO - [2023-01-04 08:17:03,374] {dagbag.py:507} INFO - Filling up the DagBag from /home/gustavo/Documents/etl_api_twitter/venv/lib/python3.9/site-packages/airflow/example_dags/example_nested_branch_dag.py
[2023-01-04 08:17:03,385] {processor.py:651} INFO - DAG(s) dict_keys(['example_nested_branch_dag']) retrieved from /home/gustavo/Documents/etl_api_twitter/venv/lib/python3.9/site-packages/airflow/example_dags/example_nested_branch_dag.py
[2023-01-04 08:17:03,400] {logging_mixin.py:115} INFO - [2023-01-04 08:17:03,400] {dag.py:2379} INFO - Sync 1 DAGs
[2023-01-04 08:17:03,414] {logging_mixin.py:115} INFO - [2023-01-04 08:17:03,414] {dag.py:2927} INFO - Setting next_dagrun for example_nested_branch_dag to 2023-01-03T00:00:00+00:00, run_after=2023-01-04T00:00:00+00:00
[2023-01-04 08:17:03,424] {processor.py:161} INFO - Processing /home/gustavo/Documents/etl_api_twitter/venv/lib/python3.9/site-packages/airflow/example_dags/example_nested_branch_dag.py took 0.054 seconds
[2023-01-04 08:17:39,929] {processor.py:153} INFO - Started process (PID=5456) to work on /home/gustavo/Documents/etl_api_twitter/venv/lib/python3.9/site-packages/airflow/example_dags/example_nested_branch_dag.py
[2023-01-04 08:17:39,930] {processor.py:641} INFO - Processing file /home/gustavo/Documents/etl_api_twitter/venv/lib/python3.9/site-packages/airflow/example_dags/example_nested_branch_dag.py for tasks to queue
[2023-01-04 08:17:39,931] {logging_mixin.py:115} INFO - [2023-01-04 08:17:39,931] {dagbag.py:507} INFO - Filling up the DagBag from /home/gustavo/Documents/etl_api_twitter/venv/lib/python3.9/site-packages/airflow/example_dags/example_nested_branch_dag.py
[2023-01-04 08:17:39,943] {processor.py:651} INFO - DAG(s) dict_keys(['example_nested_branch_dag']) retrieved from /home/gustavo/Documents/etl_api_twitter/venv/lib/python3.9/site-packages/airflow/example_dags/example_nested_branch_dag.py
[2023-01-04 08:17:39,963] {logging_mixin.py:115} INFO - [2023-01-04 08:17:39,963] {dag.py:2379} INFO - Sync 1 DAGs
[2023-01-04 08:17:39,977] {logging_mixin.py:115} INFO - [2023-01-04 08:17:39,977] {dag.py:2927} INFO - Setting next_dagrun for example_nested_branch_dag to 2023-01-03T00:00:00+00:00, run_after=2023-01-04T00:00:00+00:00
[2023-01-04 08:17:39,987] {processor.py:161} INFO - Processing /home/gustavo/Documents/etl_api_twitter/venv/lib/python3.9/site-packages/airflow/example_dags/example_nested_branch_dag.py took 0.061 seconds
[2023-01-04 08:18:18,080] {processor.py:153} INFO - Started process (PID=5671) to work on /home/gustavo/Documents/etl_api_twitter/venv/lib/python3.9/site-packages/airflow/example_dags/example_nested_branch_dag.py
[2023-01-04 08:18:18,081] {processor.py:641} INFO - Processing file /home/gustavo/Documents/etl_api_twitter/venv/lib/python3.9/site-packages/airflow/example_dags/example_nested_branch_dag.py for tasks to queue
[2023-01-04 08:18:18,082] {logging_mixin.py:115} INFO - [2023-01-04 08:18:18,082] {dagbag.py:507} INFO - Filling up the DagBag from /home/gustavo/Documents/etl_api_twitter/venv/lib/python3.9/site-packages/airflow/example_dags/example_nested_branch_dag.py
[2023-01-04 08:18:18,095] {processor.py:651} INFO - DAG(s) dict_keys(['example_nested_branch_dag']) retrieved from /home/gustavo/Documents/etl_api_twitter/venv/lib/python3.9/site-packages/airflow/example_dags/example_nested_branch_dag.py
[2023-01-04 08:18:18,126] {logging_mixin.py:115} INFO - [2023-01-04 08:18:18,126] {dag.py:2379} INFO - Sync 1 DAGs
[2023-01-04 08:18:18,155] {logging_mixin.py:115} INFO - [2023-01-04 08:18:18,155] {dag.py:2927} INFO - Setting next_dagrun for example_nested_branch_dag to 2023-01-03T00:00:00+00:00, run_after=2023-01-04T00:00:00+00:00
[2023-01-04 08:18:18,170] {processor.py:161} INFO - Processing /home/gustavo/Documents/etl_api_twitter/venv/lib/python3.9/site-packages/airflow/example_dags/example_nested_branch_dag.py took 0.096 seconds
[2023-01-04 08:18:54,459] {processor.py:153} INFO - Started process (PID=5877) to work on /home/gustavo/Documents/etl_api_twitter/venv/lib/python3.9/site-packages/airflow/example_dags/example_nested_branch_dag.py
[2023-01-04 08:18:54,461] {processor.py:641} INFO - Processing file /home/gustavo/Documents/etl_api_twitter/venv/lib/python3.9/site-packages/airflow/example_dags/example_nested_branch_dag.py for tasks to queue
[2023-01-04 08:18:54,462] {logging_mixin.py:115} INFO - [2023-01-04 08:18:54,462] {dagbag.py:507} INFO - Filling up the DagBag from /home/gustavo/Documents/etl_api_twitter/venv/lib/python3.9/site-packages/airflow/example_dags/example_nested_branch_dag.py
[2023-01-04 08:18:54,480] {processor.py:651} INFO - DAG(s) dict_keys(['example_nested_branch_dag']) retrieved from /home/gustavo/Documents/etl_api_twitter/venv/lib/python3.9/site-packages/airflow/example_dags/example_nested_branch_dag.py
[2023-01-04 08:18:54,509] {logging_mixin.py:115} INFO - [2023-01-04 08:18:54,509] {dag.py:2379} INFO - Sync 1 DAGs
[2023-01-04 08:18:54,549] {logging_mixin.py:115} INFO - [2023-01-04 08:18:54,549] {dag.py:2927} INFO - Setting next_dagrun for example_nested_branch_dag to 2023-01-03T00:00:00+00:00, run_after=2023-01-04T00:00:00+00:00
[2023-01-04 08:18:54,570] {processor.py:161} INFO - Processing /home/gustavo/Documents/etl_api_twitter/venv/lib/python3.9/site-packages/airflow/example_dags/example_nested_branch_dag.py took 0.114 seconds
[2023-01-04 08:19:31,135] {processor.py:153} INFO - Started process (PID=6085) to work on /home/gustavo/Documents/etl_api_twitter/venv/lib/python3.9/site-packages/airflow/example_dags/example_nested_branch_dag.py
[2023-01-04 08:19:31,137] {processor.py:641} INFO - Processing file /home/gustavo/Documents/etl_api_twitter/venv/lib/python3.9/site-packages/airflow/example_dags/example_nested_branch_dag.py for tasks to queue
[2023-01-04 08:19:31,138] {logging_mixin.py:115} INFO - [2023-01-04 08:19:31,138] {dagbag.py:507} INFO - Filling up the DagBag from /home/gustavo/Documents/etl_api_twitter/venv/lib/python3.9/site-packages/airflow/example_dags/example_nested_branch_dag.py
[2023-01-04 08:19:31,156] {processor.py:651} INFO - DAG(s) dict_keys(['example_nested_branch_dag']) retrieved from /home/gustavo/Documents/etl_api_twitter/venv/lib/python3.9/site-packages/airflow/example_dags/example_nested_branch_dag.py
[2023-01-04 08:19:31,175] {logging_mixin.py:115} INFO - [2023-01-04 08:19:31,175] {dag.py:2379} INFO - Sync 1 DAGs
[2023-01-04 08:19:31,193] {logging_mixin.py:115} INFO - [2023-01-04 08:19:31,193] {dag.py:2927} INFO - Setting next_dagrun for example_nested_branch_dag to 2023-01-03T00:00:00+00:00, run_after=2023-01-04T00:00:00+00:00
[2023-01-04 08:19:31,218] {processor.py:161} INFO - Processing /home/gustavo/Documents/etl_api_twitter/venv/lib/python3.9/site-packages/airflow/example_dags/example_nested_branch_dag.py took 0.090 seconds
[2023-01-04 08:20:05,136] {processor.py:153} INFO - Started process (PID=6292) to work on /home/gustavo/Documents/etl_api_twitter/venv/lib/python3.9/site-packages/airflow/example_dags/example_nested_branch_dag.py
[2023-01-04 08:20:05,138] {processor.py:641} INFO - Processing file /home/gustavo/Documents/etl_api_twitter/venv/lib/python3.9/site-packages/airflow/example_dags/example_nested_branch_dag.py for tasks to queue
[2023-01-04 08:20:05,139] {logging_mixin.py:115} INFO - [2023-01-04 08:20:05,139] {dagbag.py:507} INFO - Filling up the DagBag from /home/gustavo/Documents/etl_api_twitter/venv/lib/python3.9/site-packages/airflow/example_dags/example_nested_branch_dag.py
[2023-01-04 08:20:05,150] {processor.py:651} INFO - DAG(s) dict_keys(['example_nested_branch_dag']) retrieved from /home/gustavo/Documents/etl_api_twitter/venv/lib/python3.9/site-packages/airflow/example_dags/example_nested_branch_dag.py
[2023-01-04 08:20:05,166] {logging_mixin.py:115} INFO - [2023-01-04 08:20:05,166] {dag.py:2379} INFO - Sync 1 DAGs
[2023-01-04 08:20:05,183] {logging_mixin.py:115} INFO - [2023-01-04 08:20:05,183] {dag.py:2927} INFO - Setting next_dagrun for example_nested_branch_dag to 2023-01-03T00:00:00+00:00, run_after=2023-01-04T00:00:00+00:00
[2023-01-04 08:20:05,195] {processor.py:161} INFO - Processing /home/gustavo/Documents/etl_api_twitter/venv/lib/python3.9/site-packages/airflow/example_dags/example_nested_branch_dag.py took 0.064 seconds
[2023-01-04 08:20:41,682] {processor.py:153} INFO - Started process (PID=6550) to work on /home/gustavo/Documents/etl_api_twitter/venv/lib/python3.9/site-packages/airflow/example_dags/example_nested_branch_dag.py
[2023-01-04 08:20:41,685] {processor.py:641} INFO - Processing file /home/gustavo/Documents/etl_api_twitter/venv/lib/python3.9/site-packages/airflow/example_dags/example_nested_branch_dag.py for tasks to queue
[2023-01-04 08:20:41,686] {logging_mixin.py:115} INFO - [2023-01-04 08:20:41,686] {dagbag.py:507} INFO - Filling up the DagBag from /home/gustavo/Documents/etl_api_twitter/venv/lib/python3.9/site-packages/airflow/example_dags/example_nested_branch_dag.py
[2023-01-04 08:20:41,695] {processor.py:651} INFO - DAG(s) dict_keys(['example_nested_branch_dag']) retrieved from /home/gustavo/Documents/etl_api_twitter/venv/lib/python3.9/site-packages/airflow/example_dags/example_nested_branch_dag.py
[2023-01-04 08:20:41,709] {logging_mixin.py:115} INFO - [2023-01-04 08:20:41,709] {dag.py:2379} INFO - Sync 1 DAGs
[2023-01-04 08:20:41,723] {logging_mixin.py:115} INFO - [2023-01-04 08:20:41,723] {dag.py:2927} INFO - Setting next_dagrun for example_nested_branch_dag to 2023-01-03T00:00:00+00:00, run_after=2023-01-04T00:00:00+00:00
[2023-01-04 08:20:41,740] {processor.py:161} INFO - Processing /home/gustavo/Documents/etl_api_twitter/venv/lib/python3.9/site-packages/airflow/example_dags/example_nested_branch_dag.py took 0.065 seconds
[2023-01-04 08:21:16,303] {processor.py:153} INFO - Started process (PID=6756) to work on /home/gustavo/Documents/etl_api_twitter/venv/lib/python3.9/site-packages/airflow/example_dags/example_nested_branch_dag.py
[2023-01-04 08:21:16,304] {processor.py:641} INFO - Processing file /home/gustavo/Documents/etl_api_twitter/venv/lib/python3.9/site-packages/airflow/example_dags/example_nested_branch_dag.py for tasks to queue
[2023-01-04 08:21:16,304] {logging_mixin.py:115} INFO - [2023-01-04 08:21:16,304] {dagbag.py:507} INFO - Filling up the DagBag from /home/gustavo/Documents/etl_api_twitter/venv/lib/python3.9/site-packages/airflow/example_dags/example_nested_branch_dag.py
[2023-01-04 08:21:16,313] {processor.py:651} INFO - DAG(s) dict_keys(['example_nested_branch_dag']) retrieved from /home/gustavo/Documents/etl_api_twitter/venv/lib/python3.9/site-packages/airflow/example_dags/example_nested_branch_dag.py
[2023-01-04 08:21:16,335] {logging_mixin.py:115} INFO - [2023-01-04 08:21:16,335] {dag.py:2379} INFO - Sync 1 DAGs
[2023-01-04 08:21:16,351] {logging_mixin.py:115} INFO - [2023-01-04 08:21:16,351] {dag.py:2927} INFO - Setting next_dagrun for example_nested_branch_dag to 2023-01-03T00:00:00+00:00, run_after=2023-01-04T00:00:00+00:00
[2023-01-04 08:21:16,361] {processor.py:161} INFO - Processing /home/gustavo/Documents/etl_api_twitter/venv/lib/python3.9/site-packages/airflow/example_dags/example_nested_branch_dag.py took 0.060 seconds
[2023-01-04 08:21:53,532] {processor.py:153} INFO - Started process (PID=6963) to work on /home/gustavo/Documents/etl_api_twitter/venv/lib/python3.9/site-packages/airflow/example_dags/example_nested_branch_dag.py
[2023-01-04 08:21:53,534] {processor.py:641} INFO - Processing file /home/gustavo/Documents/etl_api_twitter/venv/lib/python3.9/site-packages/airflow/example_dags/example_nested_branch_dag.py for tasks to queue
[2023-01-04 08:21:53,535] {logging_mixin.py:115} INFO - [2023-01-04 08:21:53,535] {dagbag.py:507} INFO - Filling up the DagBag from /home/gustavo/Documents/etl_api_twitter/venv/lib/python3.9/site-packages/airflow/example_dags/example_nested_branch_dag.py
[2023-01-04 08:21:53,550] {processor.py:651} INFO - DAG(s) dict_keys(['example_nested_branch_dag']) retrieved from /home/gustavo/Documents/etl_api_twitter/venv/lib/python3.9/site-packages/airflow/example_dags/example_nested_branch_dag.py
[2023-01-04 08:21:53,568] {logging_mixin.py:115} INFO - [2023-01-04 08:21:53,568] {dag.py:2379} INFO - Sync 1 DAGs
[2023-01-04 08:21:53,592] {logging_mixin.py:115} INFO - [2023-01-04 08:21:53,592] {dag.py:2927} INFO - Setting next_dagrun for example_nested_branch_dag to 2023-01-03T00:00:00+00:00, run_after=2023-01-04T00:00:00+00:00
[2023-01-04 08:21:53,603] {processor.py:161} INFO - Processing /home/gustavo/Documents/etl_api_twitter/venv/lib/python3.9/site-packages/airflow/example_dags/example_nested_branch_dag.py took 0.076 seconds
[2023-01-04 08:22:26,694] {processor.py:153} INFO - Started process (PID=7165) to work on /home/gustavo/Documents/etl_api_twitter/venv/lib/python3.9/site-packages/airflow/example_dags/example_nested_branch_dag.py
[2023-01-04 08:22:26,695] {processor.py:641} INFO - Processing file /home/gustavo/Documents/etl_api_twitter/venv/lib/python3.9/site-packages/airflow/example_dags/example_nested_branch_dag.py for tasks to queue
[2023-01-04 08:22:26,695] {logging_mixin.py:115} INFO - [2023-01-04 08:22:26,695] {dagbag.py:507} INFO - Filling up the DagBag from /home/gustavo/Documents/etl_api_twitter/venv/lib/python3.9/site-packages/airflow/example_dags/example_nested_branch_dag.py
[2023-01-04 08:22:26,713] {processor.py:651} INFO - DAG(s) dict_keys(['example_nested_branch_dag']) retrieved from /home/gustavo/Documents/etl_api_twitter/venv/lib/python3.9/site-packages/airflow/example_dags/example_nested_branch_dag.py
[2023-01-04 08:22:26,741] {logging_mixin.py:115} INFO - [2023-01-04 08:22:26,741] {dag.py:2379} INFO - Sync 1 DAGs
[2023-01-04 08:22:26,778] {logging_mixin.py:115} INFO - [2023-01-04 08:22:26,778] {dag.py:2927} INFO - Setting next_dagrun for example_nested_branch_dag to 2023-01-03T00:00:00+00:00, run_after=2023-01-04T00:00:00+00:00
[2023-01-04 08:22:26,791] {processor.py:161} INFO - Processing /home/gustavo/Documents/etl_api_twitter/venv/lib/python3.9/site-packages/airflow/example_dags/example_nested_branch_dag.py took 0.102 seconds
[2023-01-04 08:23:00,775] {processor.py:153} INFO - Started process (PID=7355) to work on /home/gustavo/Documents/etl_api_twitter/venv/lib/python3.9/site-packages/airflow/example_dags/example_nested_branch_dag.py
[2023-01-04 08:23:00,777] {processor.py:641} INFO - Processing file /home/gustavo/Documents/etl_api_twitter/venv/lib/python3.9/site-packages/airflow/example_dags/example_nested_branch_dag.py for tasks to queue
[2023-01-04 08:23:00,777] {logging_mixin.py:115} INFO - [2023-01-04 08:23:00,777] {dagbag.py:507} INFO - Filling up the DagBag from /home/gustavo/Documents/etl_api_twitter/venv/lib/python3.9/site-packages/airflow/example_dags/example_nested_branch_dag.py
[2023-01-04 08:23:00,788] {processor.py:651} INFO - DAG(s) dict_keys(['example_nested_branch_dag']) retrieved from /home/gustavo/Documents/etl_api_twitter/venv/lib/python3.9/site-packages/airflow/example_dags/example_nested_branch_dag.py
[2023-01-04 08:23:00,805] {logging_mixin.py:115} INFO - [2023-01-04 08:23:00,805] {dag.py:2379} INFO - Sync 1 DAGs
[2023-01-04 08:23:00,820] {logging_mixin.py:115} INFO - [2023-01-04 08:23:00,820] {dag.py:2927} INFO - Setting next_dagrun for example_nested_branch_dag to 2023-01-03T00:00:00+00:00, run_after=2023-01-04T00:00:00+00:00
[2023-01-04 08:23:00,831] {processor.py:161} INFO - Processing /home/gustavo/Documents/etl_api_twitter/venv/lib/python3.9/site-packages/airflow/example_dags/example_nested_branch_dag.py took 0.062 seconds
[2023-01-04 08:23:35,751] {processor.py:153} INFO - Started process (PID=7564) to work on /home/gustavo/Documents/etl_api_twitter/venv/lib/python3.9/site-packages/airflow/example_dags/example_nested_branch_dag.py
[2023-01-04 08:23:35,752] {processor.py:641} INFO - Processing file /home/gustavo/Documents/etl_api_twitter/venv/lib/python3.9/site-packages/airflow/example_dags/example_nested_branch_dag.py for tasks to queue
[2023-01-04 08:23:35,752] {logging_mixin.py:115} INFO - [2023-01-04 08:23:35,752] {dagbag.py:507} INFO - Filling up the DagBag from /home/gustavo/Documents/etl_api_twitter/venv/lib/python3.9/site-packages/airflow/example_dags/example_nested_branch_dag.py
[2023-01-04 08:23:35,763] {processor.py:651} INFO - DAG(s) dict_keys(['example_nested_branch_dag']) retrieved from /home/gustavo/Documents/etl_api_twitter/venv/lib/python3.9/site-packages/airflow/example_dags/example_nested_branch_dag.py
[2023-01-04 08:23:35,793] {logging_mixin.py:115} INFO - [2023-01-04 08:23:35,793] {dag.py:2379} INFO - Sync 1 DAGs
[2023-01-04 08:23:35,815] {logging_mixin.py:115} INFO - [2023-01-04 08:23:35,815] {dag.py:2927} INFO - Setting next_dagrun for example_nested_branch_dag to 2023-01-03T00:00:00+00:00, run_after=2023-01-04T00:00:00+00:00
[2023-01-04 08:23:35,836] {processor.py:161} INFO - Processing /home/gustavo/Documents/etl_api_twitter/venv/lib/python3.9/site-packages/airflow/example_dags/example_nested_branch_dag.py took 0.090 seconds
[2023-01-04 08:24:13,678] {processor.py:153} INFO - Started process (PID=7794) to work on /home/gustavo/Documents/etl_api_twitter/venv/lib/python3.9/site-packages/airflow/example_dags/example_nested_branch_dag.py
[2023-01-04 08:24:13,679] {processor.py:641} INFO - Processing file /home/gustavo/Documents/etl_api_twitter/venv/lib/python3.9/site-packages/airflow/example_dags/example_nested_branch_dag.py for tasks to queue
[2023-01-04 08:24:13,680] {logging_mixin.py:115} INFO - [2023-01-04 08:24:13,680] {dagbag.py:507} INFO - Filling up the DagBag from /home/gustavo/Documents/etl_api_twitter/venv/lib/python3.9/site-packages/airflow/example_dags/example_nested_branch_dag.py
[2023-01-04 08:24:13,703] {processor.py:651} INFO - DAG(s) dict_keys(['example_nested_branch_dag']) retrieved from /home/gustavo/Documents/etl_api_twitter/venv/lib/python3.9/site-packages/airflow/example_dags/example_nested_branch_dag.py
[2023-01-04 08:24:13,733] {logging_mixin.py:115} INFO - [2023-01-04 08:24:13,733] {dag.py:2379} INFO - Sync 1 DAGs
[2023-01-04 08:24:13,751] {logging_mixin.py:115} INFO - [2023-01-04 08:24:13,751] {dag.py:2927} INFO - Setting next_dagrun for example_nested_branch_dag to 2023-01-03T00:00:00+00:00, run_after=2023-01-04T00:00:00+00:00
[2023-01-04 08:24:13,772] {processor.py:161} INFO - Processing /home/gustavo/Documents/etl_api_twitter/venv/lib/python3.9/site-packages/airflow/example_dags/example_nested_branch_dag.py took 0.097 seconds
[2023-01-04 08:24:50,484] {processor.py:153} INFO - Started process (PID=8000) to work on /home/gustavo/Documents/etl_api_twitter/venv/lib/python3.9/site-packages/airflow/example_dags/example_nested_branch_dag.py
[2023-01-04 08:24:50,485] {processor.py:641} INFO - Processing file /home/gustavo/Documents/etl_api_twitter/venv/lib/python3.9/site-packages/airflow/example_dags/example_nested_branch_dag.py for tasks to queue
[2023-01-04 08:24:50,485] {logging_mixin.py:115} INFO - [2023-01-04 08:24:50,485] {dagbag.py:507} INFO - Filling up the DagBag from /home/gustavo/Documents/etl_api_twitter/venv/lib/python3.9/site-packages/airflow/example_dags/example_nested_branch_dag.py
[2023-01-04 08:24:50,493] {processor.py:651} INFO - DAG(s) dict_keys(['example_nested_branch_dag']) retrieved from /home/gustavo/Documents/etl_api_twitter/venv/lib/python3.9/site-packages/airflow/example_dags/example_nested_branch_dag.py
[2023-01-04 08:24:50,509] {logging_mixin.py:115} INFO - [2023-01-04 08:24:50,509] {dag.py:2379} INFO - Sync 1 DAGs
[2023-01-04 08:24:50,525] {logging_mixin.py:115} INFO - [2023-01-04 08:24:50,525] {dag.py:2927} INFO - Setting next_dagrun for example_nested_branch_dag to 2023-01-03T00:00:00+00:00, run_after=2023-01-04T00:00:00+00:00
[2023-01-04 08:24:50,537] {processor.py:161} INFO - Processing /home/gustavo/Documents/etl_api_twitter/venv/lib/python3.9/site-packages/airflow/example_dags/example_nested_branch_dag.py took 0.055 seconds
[2023-01-04 08:25:23,774] {processor.py:153} INFO - Started process (PID=8180) to work on /home/gustavo/Documents/etl_api_twitter/venv/lib/python3.9/site-packages/airflow/example_dags/example_nested_branch_dag.py
[2023-01-04 08:25:23,775] {processor.py:641} INFO - Processing file /home/gustavo/Documents/etl_api_twitter/venv/lib/python3.9/site-packages/airflow/example_dags/example_nested_branch_dag.py for tasks to queue
[2023-01-04 08:25:23,775] {logging_mixin.py:115} INFO - [2023-01-04 08:25:23,775] {dagbag.py:507} INFO - Filling up the DagBag from /home/gustavo/Documents/etl_api_twitter/venv/lib/python3.9/site-packages/airflow/example_dags/example_nested_branch_dag.py
[2023-01-04 08:25:23,800] {processor.py:651} INFO - DAG(s) dict_keys(['example_nested_branch_dag']) retrieved from /home/gustavo/Documents/etl_api_twitter/venv/lib/python3.9/site-packages/airflow/example_dags/example_nested_branch_dag.py
[2023-01-04 08:25:23,829] {logging_mixin.py:115} INFO - [2023-01-04 08:25:23,829] {dag.py:2379} INFO - Sync 1 DAGs
[2023-01-04 08:25:23,848] {logging_mixin.py:115} INFO - [2023-01-04 08:25:23,848] {dag.py:2927} INFO - Setting next_dagrun for example_nested_branch_dag to 2023-01-03T00:00:00+00:00, run_after=2023-01-04T00:00:00+00:00
[2023-01-04 08:25:23,864] {processor.py:161} INFO - Processing /home/gustavo/Documents/etl_api_twitter/venv/lib/python3.9/site-packages/airflow/example_dags/example_nested_branch_dag.py took 0.093 seconds
[2023-01-04 08:26:02,619] {processor.py:153} INFO - Started process (PID=8468) to work on /home/gustavo/Documents/etl_api_twitter/venv/lib/python3.9/site-packages/airflow/example_dags/example_nested_branch_dag.py
[2023-01-04 08:26:02,620] {processor.py:641} INFO - Processing file /home/gustavo/Documents/etl_api_twitter/venv/lib/python3.9/site-packages/airflow/example_dags/example_nested_branch_dag.py for tasks to queue
[2023-01-04 08:26:02,620] {logging_mixin.py:115} INFO - [2023-01-04 08:26:02,620] {dagbag.py:507} INFO - Filling up the DagBag from /home/gustavo/Documents/etl_api_twitter/venv/lib/python3.9/site-packages/airflow/example_dags/example_nested_branch_dag.py
[2023-01-04 08:26:02,631] {processor.py:651} INFO - DAG(s) dict_keys(['example_nested_branch_dag']) retrieved from /home/gustavo/Documents/etl_api_twitter/venv/lib/python3.9/site-packages/airflow/example_dags/example_nested_branch_dag.py
[2023-01-04 08:26:02,648] {logging_mixin.py:115} INFO - [2023-01-04 08:26:02,647] {dag.py:2379} INFO - Sync 1 DAGs
[2023-01-04 08:26:02,662] {logging_mixin.py:115} INFO - [2023-01-04 08:26:02,662] {dag.py:2927} INFO - Setting next_dagrun for example_nested_branch_dag to 2023-01-03T00:00:00+00:00, run_after=2023-01-04T00:00:00+00:00
[2023-01-04 08:26:02,678] {processor.py:161} INFO - Processing /home/gustavo/Documents/etl_api_twitter/venv/lib/python3.9/site-packages/airflow/example_dags/example_nested_branch_dag.py took 0.063 seconds
[2023-01-04 08:26:38,812] {processor.py:153} INFO - Started process (PID=8673) to work on /home/gustavo/Documents/etl_api_twitter/venv/lib/python3.9/site-packages/airflow/example_dags/example_nested_branch_dag.py
[2023-01-04 08:26:38,815] {processor.py:641} INFO - Processing file /home/gustavo/Documents/etl_api_twitter/venv/lib/python3.9/site-packages/airflow/example_dags/example_nested_branch_dag.py for tasks to queue
[2023-01-04 08:26:38,816] {logging_mixin.py:115} INFO - [2023-01-04 08:26:38,816] {dagbag.py:507} INFO - Filling up the DagBag from /home/gustavo/Documents/etl_api_twitter/venv/lib/python3.9/site-packages/airflow/example_dags/example_nested_branch_dag.py
[2023-01-04 08:26:38,832] {processor.py:651} INFO - DAG(s) dict_keys(['example_nested_branch_dag']) retrieved from /home/gustavo/Documents/etl_api_twitter/venv/lib/python3.9/site-packages/airflow/example_dags/example_nested_branch_dag.py
[2023-01-04 08:26:38,862] {logging_mixin.py:115} INFO - [2023-01-04 08:26:38,862] {dag.py:2379} INFO - Sync 1 DAGs
[2023-01-04 08:26:38,885] {logging_mixin.py:115} INFO - [2023-01-04 08:26:38,885] {dag.py:2927} INFO - Setting next_dagrun for example_nested_branch_dag to 2023-01-03T00:00:00+00:00, run_after=2023-01-04T00:00:00+00:00
[2023-01-04 08:26:38,895] {processor.py:161} INFO - Processing /home/gustavo/Documents/etl_api_twitter/venv/lib/python3.9/site-packages/airflow/example_dags/example_nested_branch_dag.py took 0.092 seconds
[2023-01-04 08:27:14,453] {processor.py:153} INFO - Started process (PID=8885) to work on /home/gustavo/Documents/etl_api_twitter/venv/lib/python3.9/site-packages/airflow/example_dags/example_nested_branch_dag.py
[2023-01-04 08:27:14,455] {processor.py:641} INFO - Processing file /home/gustavo/Documents/etl_api_twitter/venv/lib/python3.9/site-packages/airflow/example_dags/example_nested_branch_dag.py for tasks to queue
[2023-01-04 08:27:14,457] {logging_mixin.py:115} INFO - [2023-01-04 08:27:14,456] {dagbag.py:507} INFO - Filling up the DagBag from /home/gustavo/Documents/etl_api_twitter/venv/lib/python3.9/site-packages/airflow/example_dags/example_nested_branch_dag.py
[2023-01-04 08:27:14,476] {processor.py:651} INFO - DAG(s) dict_keys(['example_nested_branch_dag']) retrieved from /home/gustavo/Documents/etl_api_twitter/venv/lib/python3.9/site-packages/airflow/example_dags/example_nested_branch_dag.py
[2023-01-04 08:27:14,493] {logging_mixin.py:115} INFO - [2023-01-04 08:27:14,493] {dag.py:2379} INFO - Sync 1 DAGs
[2023-01-04 08:27:14,506] {logging_mixin.py:115} INFO - [2023-01-04 08:27:14,506] {dag.py:2927} INFO - Setting next_dagrun for example_nested_branch_dag to 2023-01-03T00:00:00+00:00, run_after=2023-01-04T00:00:00+00:00
[2023-01-04 08:27:14,517] {processor.py:161} INFO - Processing /home/gustavo/Documents/etl_api_twitter/venv/lib/python3.9/site-packages/airflow/example_dags/example_nested_branch_dag.py took 0.071 seconds
