[2023-01-04 08:00:58,450] {processor.py:153} INFO - Started process (PID=28279) to work on /home/gustavo/Documents/etl_api_twitter/venv/lib/python3.9/site-packages/airflow/example_dags/example_skip_dag.py
[2023-01-04 08:00:58,451] {processor.py:641} INFO - Processing file /home/gustavo/Documents/etl_api_twitter/venv/lib/python3.9/site-packages/airflow/example_dags/example_skip_dag.py for tasks to queue
[2023-01-04 08:00:58,453] {logging_mixin.py:115} INFO - [2023-01-04 08:00:58,452] {dagbag.py:507} INFO - Filling up the DagBag from /home/gustavo/Documents/etl_api_twitter/venv/lib/python3.9/site-packages/airflow/example_dags/example_skip_dag.py
[2023-01-04 08:00:58,471] {processor.py:651} INFO - DAG(s) dict_keys(['example_skip_dag']) retrieved from /home/gustavo/Documents/etl_api_twitter/venv/lib/python3.9/site-packages/airflow/example_dags/example_skip_dag.py
[2023-01-04 08:00:58,619] {logging_mixin.py:115} INFO - [2023-01-04 08:00:58,619] {manager.py:508} INFO - Created Permission View: can edit on DAG:example_skip_dag
[2023-01-04 08:00:58,630] {logging_mixin.py:115} INFO - [2023-01-04 08:00:58,629] {manager.py:508} INFO - Created Permission View: can read on DAG:example_skip_dag
[2023-01-04 08:00:58,641] {logging_mixin.py:115} INFO - [2023-01-04 08:00:58,641] {manager.py:508} INFO - Created Permission View: can delete on DAG:example_skip_dag
[2023-01-04 08:00:58,641] {logging_mixin.py:115} INFO - [2023-01-04 08:00:58,641] {dag.py:2379} INFO - Sync 1 DAGs
[2023-01-04 08:00:58,661] {logging_mixin.py:115} INFO - [2023-01-04 08:00:58,661] {dag.py:2398} INFO - Creating ORM DAG for example_skip_dag
[2023-01-04 08:00:58,680] {logging_mixin.py:115} INFO - [2023-01-04 08:00:58,680] {dag.py:2927} INFO - Setting next_dagrun for example_skip_dag to 2023-01-03T11:00:58.679958+00:00, run_after=2023-01-04T11:00:58.679958+00:00
[2023-01-04 08:00:58,713] {processor.py:161} INFO - Processing /home/gustavo/Documents/etl_api_twitter/venv/lib/python3.9/site-packages/airflow/example_dags/example_skip_dag.py took 0.273 seconds
[2023-01-04 08:01:39,343] {processor.py:153} INFO - Started process (PID=28503) to work on /home/gustavo/Documents/etl_api_twitter/venv/lib/python3.9/site-packages/airflow/example_dags/example_skip_dag.py
[2023-01-04 08:01:39,345] {processor.py:641} INFO - Processing file /home/gustavo/Documents/etl_api_twitter/venv/lib/python3.9/site-packages/airflow/example_dags/example_skip_dag.py for tasks to queue
[2023-01-04 08:01:39,346] {logging_mixin.py:115} INFO - [2023-01-04 08:01:39,346] {dagbag.py:507} INFO - Filling up the DagBag from /home/gustavo/Documents/etl_api_twitter/venv/lib/python3.9/site-packages/airflow/example_dags/example_skip_dag.py
[2023-01-04 08:01:39,354] {processor.py:651} INFO - DAG(s) dict_keys(['example_skip_dag']) retrieved from /home/gustavo/Documents/etl_api_twitter/venv/lib/python3.9/site-packages/airflow/example_dags/example_skip_dag.py
[2023-01-04 08:01:39,380] {logging_mixin.py:115} INFO - [2023-01-04 08:01:39,379] {dag.py:2379} INFO - Sync 1 DAGs
[2023-01-04 08:01:39,402] {logging_mixin.py:115} INFO - [2023-01-04 08:01:39,402] {dag.py:2927} INFO - Setting next_dagrun for example_skip_dag to 2023-01-03T11:01:39.401755+00:00, run_after=2023-01-04T11:01:39.401755+00:00
[2023-01-04 08:01:39,418] {processor.py:161} INFO - Processing /home/gustavo/Documents/etl_api_twitter/venv/lib/python3.9/site-packages/airflow/example_dags/example_skip_dag.py took 0.084 seconds
[2023-01-04 08:02:16,114] {processor.py:153} INFO - Started process (PID=28712) to work on /home/gustavo/Documents/etl_api_twitter/venv/lib/python3.9/site-packages/airflow/example_dags/example_skip_dag.py
[2023-01-04 08:02:16,115] {processor.py:641} INFO - Processing file /home/gustavo/Documents/etl_api_twitter/venv/lib/python3.9/site-packages/airflow/example_dags/example_skip_dag.py for tasks to queue
[2023-01-04 08:02:16,116] {logging_mixin.py:115} INFO - [2023-01-04 08:02:16,116] {dagbag.py:507} INFO - Filling up the DagBag from /home/gustavo/Documents/etl_api_twitter/venv/lib/python3.9/site-packages/airflow/example_dags/example_skip_dag.py
[2023-01-04 08:02:16,123] {processor.py:651} INFO - DAG(s) dict_keys(['example_skip_dag']) retrieved from /home/gustavo/Documents/etl_api_twitter/venv/lib/python3.9/site-packages/airflow/example_dags/example_skip_dag.py
[2023-01-04 08:02:16,156] {logging_mixin.py:115} INFO - [2023-01-04 08:02:16,156] {dag.py:2379} INFO - Sync 1 DAGs
[2023-01-04 08:02:16,190] {logging_mixin.py:115} INFO - [2023-01-04 08:02:16,190] {dag.py:2927} INFO - Setting next_dagrun for example_skip_dag to 2023-01-03T11:02:16.190287+00:00, run_after=2023-01-04T11:02:16.190287+00:00
[2023-01-04 08:02:16,212] {processor.py:161} INFO - Processing /home/gustavo/Documents/etl_api_twitter/venv/lib/python3.9/site-packages/airflow/example_dags/example_skip_dag.py took 0.108 seconds
[2023-01-04 08:10:50,159] {processor.py:153} INFO - Started process (PID=3428) to work on /home/gustavo/Documents/etl_api_twitter/venv/lib/python3.9/site-packages/airflow/example_dags/example_skip_dag.py
[2023-01-04 08:10:50,160] {processor.py:641} INFO - Processing file /home/gustavo/Documents/etl_api_twitter/venv/lib/python3.9/site-packages/airflow/example_dags/example_skip_dag.py for tasks to queue
[2023-01-04 08:10:50,162] {logging_mixin.py:115} INFO - [2023-01-04 08:10:50,161] {dagbag.py:507} INFO - Filling up the DagBag from /home/gustavo/Documents/etl_api_twitter/venv/lib/python3.9/site-packages/airflow/example_dags/example_skip_dag.py
[2023-01-04 08:10:50,168] {processor.py:651} INFO - DAG(s) dict_keys(['example_skip_dag']) retrieved from /home/gustavo/Documents/etl_api_twitter/venv/lib/python3.9/site-packages/airflow/example_dags/example_skip_dag.py
[2023-01-04 08:10:50,215] {logging_mixin.py:115} INFO - [2023-01-04 08:10:50,215] {dag.py:2379} INFO - Sync 1 DAGs
[2023-01-04 08:10:50,272] {logging_mixin.py:115} INFO - [2023-01-04 08:10:50,272] {dag.py:2927} INFO - Setting next_dagrun for example_skip_dag to 2023-01-03T11:10:50.271592+00:00, run_after=2023-01-04T11:10:50.271592+00:00
[2023-01-04 08:10:50,295] {processor.py:161} INFO - Processing /home/gustavo/Documents/etl_api_twitter/venv/lib/python3.9/site-packages/airflow/example_dags/example_skip_dag.py took 0.139 seconds
[2023-01-04 08:11:26,520] {processor.py:153} INFO - Started process (PID=3936) to work on /home/gustavo/Documents/etl_api_twitter/venv/lib/python3.9/site-packages/airflow/example_dags/example_skip_dag.py
[2023-01-04 08:11:26,521] {processor.py:641} INFO - Processing file /home/gustavo/Documents/etl_api_twitter/venv/lib/python3.9/site-packages/airflow/example_dags/example_skip_dag.py for tasks to queue
[2023-01-04 08:11:26,522] {logging_mixin.py:115} INFO - [2023-01-04 08:11:26,522] {dagbag.py:507} INFO - Filling up the DagBag from /home/gustavo/Documents/etl_api_twitter/venv/lib/python3.9/site-packages/airflow/example_dags/example_skip_dag.py
[2023-01-04 08:11:26,526] {processor.py:651} INFO - DAG(s) dict_keys(['example_skip_dag']) retrieved from /home/gustavo/Documents/etl_api_twitter/venv/lib/python3.9/site-packages/airflow/example_dags/example_skip_dag.py
[2023-01-04 08:11:26,543] {logging_mixin.py:115} INFO - [2023-01-04 08:11:26,543] {dag.py:2379} INFO - Sync 1 DAGs
[2023-01-04 08:11:26,564] {logging_mixin.py:115} INFO - [2023-01-04 08:11:26,564] {dag.py:2927} INFO - Setting next_dagrun for example_skip_dag to 2023-01-03T11:11:26.564323+00:00, run_after=2023-01-04T11:11:26.564323+00:00
[2023-01-04 08:11:26,577] {processor.py:161} INFO - Processing /home/gustavo/Documents/etl_api_twitter/venv/lib/python3.9/site-packages/airflow/example_dags/example_skip_dag.py took 0.059 seconds
[2023-01-04 08:12:01,414] {processor.py:153} INFO - Started process (PID=4086) to work on /home/gustavo/Documents/etl_api_twitter/venv/lib/python3.9/site-packages/airflow/example_dags/example_skip_dag.py
[2023-01-04 08:12:01,415] {processor.py:641} INFO - Processing file /home/gustavo/Documents/etl_api_twitter/venv/lib/python3.9/site-packages/airflow/example_dags/example_skip_dag.py for tasks to queue
[2023-01-04 08:12:01,416] {logging_mixin.py:115} INFO - [2023-01-04 08:12:01,415] {dagbag.py:507} INFO - Filling up the DagBag from /home/gustavo/Documents/etl_api_twitter/venv/lib/python3.9/site-packages/airflow/example_dags/example_skip_dag.py
[2023-01-04 08:12:01,421] {processor.py:651} INFO - DAG(s) dict_keys(['example_skip_dag']) retrieved from /home/gustavo/Documents/etl_api_twitter/venv/lib/python3.9/site-packages/airflow/example_dags/example_skip_dag.py
[2023-01-04 08:12:01,442] {logging_mixin.py:115} INFO - [2023-01-04 08:12:01,441] {dag.py:2379} INFO - Sync 1 DAGs
[2023-01-04 08:12:01,465] {logging_mixin.py:115} INFO - [2023-01-04 08:12:01,465] {dag.py:2927} INFO - Setting next_dagrun for example_skip_dag to 2023-01-03T11:12:01.465393+00:00, run_after=2023-01-04T11:12:01.465393+00:00
[2023-01-04 08:12:01,482] {processor.py:161} INFO - Processing /home/gustavo/Documents/etl_api_twitter/venv/lib/python3.9/site-packages/airflow/example_dags/example_skip_dag.py took 0.073 seconds
[2023-01-04 08:12:33,386] {processor.py:153} INFO - Started process (PID=4179) to work on /home/gustavo/Documents/etl_api_twitter/venv/lib/python3.9/site-packages/airflow/example_dags/example_skip_dag.py
[2023-01-04 08:12:33,387] {processor.py:641} INFO - Processing file /home/gustavo/Documents/etl_api_twitter/venv/lib/python3.9/site-packages/airflow/example_dags/example_skip_dag.py for tasks to queue
[2023-01-04 08:12:33,388] {logging_mixin.py:115} INFO - [2023-01-04 08:12:33,388] {dagbag.py:507} INFO - Filling up the DagBag from /home/gustavo/Documents/etl_api_twitter/venv/lib/python3.9/site-packages/airflow/example_dags/example_skip_dag.py
[2023-01-04 08:12:33,398] {processor.py:651} INFO - DAG(s) dict_keys(['example_skip_dag']) retrieved from /home/gustavo/Documents/etl_api_twitter/venv/lib/python3.9/site-packages/airflow/example_dags/example_skip_dag.py
[2023-01-04 08:12:33,420] {logging_mixin.py:115} INFO - [2023-01-04 08:12:33,420] {dag.py:2379} INFO - Sync 1 DAGs
[2023-01-04 08:12:33,434] {logging_mixin.py:115} INFO - [2023-01-04 08:12:33,434] {dag.py:2927} INFO - Setting next_dagrun for example_skip_dag to 2023-01-03T11:12:33.433946+00:00, run_after=2023-01-04T11:12:33.433946+00:00
[2023-01-04 08:12:33,461] {processor.py:161} INFO - Processing /home/gustavo/Documents/etl_api_twitter/venv/lib/python3.9/site-packages/airflow/example_dags/example_skip_dag.py took 0.082 seconds
[2023-01-04 08:13:08,331] {processor.py:153} INFO - Started process (PID=4215) to work on /home/gustavo/Documents/etl_api_twitter/venv/lib/python3.9/site-packages/airflow/example_dags/example_skip_dag.py
[2023-01-04 08:13:08,333] {processor.py:641} INFO - Processing file /home/gustavo/Documents/etl_api_twitter/venv/lib/python3.9/site-packages/airflow/example_dags/example_skip_dag.py for tasks to queue
[2023-01-04 08:13:08,334] {logging_mixin.py:115} INFO - [2023-01-04 08:13:08,334] {dagbag.py:507} INFO - Filling up the DagBag from /home/gustavo/Documents/etl_api_twitter/venv/lib/python3.9/site-packages/airflow/example_dags/example_skip_dag.py
[2023-01-04 08:13:08,345] {processor.py:651} INFO - DAG(s) dict_keys(['example_skip_dag']) retrieved from /home/gustavo/Documents/etl_api_twitter/venv/lib/python3.9/site-packages/airflow/example_dags/example_skip_dag.py
[2023-01-04 08:13:08,382] {logging_mixin.py:115} INFO - [2023-01-04 08:13:08,382] {dag.py:2379} INFO - Sync 1 DAGs
[2023-01-04 08:13:08,397] {logging_mixin.py:115} INFO - [2023-01-04 08:13:08,397] {dag.py:2927} INFO - Setting next_dagrun for example_skip_dag to 2023-01-03T11:13:08.397088+00:00, run_after=2023-01-04T11:13:08.397088+00:00
[2023-01-04 08:13:08,409] {processor.py:161} INFO - Processing /home/gustavo/Documents/etl_api_twitter/venv/lib/python3.9/site-packages/airflow/example_dags/example_skip_dag.py took 0.083 seconds
[2023-01-04 08:13:43,790] {processor.py:153} INFO - Started process (PID=4252) to work on /home/gustavo/Documents/etl_api_twitter/venv/lib/python3.9/site-packages/airflow/example_dags/example_skip_dag.py
[2023-01-04 08:13:43,791] {processor.py:641} INFO - Processing file /home/gustavo/Documents/etl_api_twitter/venv/lib/python3.9/site-packages/airflow/example_dags/example_skip_dag.py for tasks to queue
[2023-01-04 08:13:43,792] {logging_mixin.py:115} INFO - [2023-01-04 08:13:43,791] {dagbag.py:507} INFO - Filling up the DagBag from /home/gustavo/Documents/etl_api_twitter/venv/lib/python3.9/site-packages/airflow/example_dags/example_skip_dag.py
[2023-01-04 08:13:43,800] {processor.py:651} INFO - DAG(s) dict_keys(['example_skip_dag']) retrieved from /home/gustavo/Documents/etl_api_twitter/venv/lib/python3.9/site-packages/airflow/example_dags/example_skip_dag.py
[2023-01-04 08:13:43,829] {logging_mixin.py:115} INFO - [2023-01-04 08:13:43,829] {dag.py:2379} INFO - Sync 1 DAGs
[2023-01-04 08:13:43,848] {logging_mixin.py:115} INFO - [2023-01-04 08:13:43,848] {dag.py:2927} INFO - Setting next_dagrun for example_skip_dag to 2023-01-03T11:13:43.848018+00:00, run_after=2023-01-04T11:13:43.848018+00:00
[2023-01-04 08:13:43,863] {processor.py:161} INFO - Processing /home/gustavo/Documents/etl_api_twitter/venv/lib/python3.9/site-packages/airflow/example_dags/example_skip_dag.py took 0.077 seconds
[2023-01-04 08:14:16,747] {processor.py:153} INFO - Started process (PID=4288) to work on /home/gustavo/Documents/etl_api_twitter/venv/lib/python3.9/site-packages/airflow/example_dags/example_skip_dag.py
[2023-01-04 08:14:16,748] {processor.py:641} INFO - Processing file /home/gustavo/Documents/etl_api_twitter/venv/lib/python3.9/site-packages/airflow/example_dags/example_skip_dag.py for tasks to queue
[2023-01-04 08:14:16,748] {logging_mixin.py:115} INFO - [2023-01-04 08:14:16,748] {dagbag.py:507} INFO - Filling up the DagBag from /home/gustavo/Documents/etl_api_twitter/venv/lib/python3.9/site-packages/airflow/example_dags/example_skip_dag.py
[2023-01-04 08:14:16,756] {processor.py:651} INFO - DAG(s) dict_keys(['example_skip_dag']) retrieved from /home/gustavo/Documents/etl_api_twitter/venv/lib/python3.9/site-packages/airflow/example_dags/example_skip_dag.py
[2023-01-04 08:14:16,772] {logging_mixin.py:115} INFO - [2023-01-04 08:14:16,772] {dag.py:2379} INFO - Sync 1 DAGs
[2023-01-04 08:14:16,792] {logging_mixin.py:115} INFO - [2023-01-04 08:14:16,792] {dag.py:2927} INFO - Setting next_dagrun for example_skip_dag to 2023-01-03T11:14:16.792035+00:00, run_after=2023-01-04T11:14:16.792035+00:00
[2023-01-04 08:14:16,804] {processor.py:161} INFO - Processing /home/gustavo/Documents/etl_api_twitter/venv/lib/python3.9/site-packages/airflow/example_dags/example_skip_dag.py took 0.061 seconds
[2023-01-04 08:14:51,875] {processor.py:153} INFO - Started process (PID=4435) to work on /home/gustavo/Documents/etl_api_twitter/venv/lib/python3.9/site-packages/airflow/example_dags/example_skip_dag.py
[2023-01-04 08:14:51,876] {processor.py:641} INFO - Processing file /home/gustavo/Documents/etl_api_twitter/venv/lib/python3.9/site-packages/airflow/example_dags/example_skip_dag.py for tasks to queue
[2023-01-04 08:14:51,877] {logging_mixin.py:115} INFO - [2023-01-04 08:14:51,876] {dagbag.py:507} INFO - Filling up the DagBag from /home/gustavo/Documents/etl_api_twitter/venv/lib/python3.9/site-packages/airflow/example_dags/example_skip_dag.py
[2023-01-04 08:14:51,881] {processor.py:651} INFO - DAG(s) dict_keys(['example_skip_dag']) retrieved from /home/gustavo/Documents/etl_api_twitter/venv/lib/python3.9/site-packages/airflow/example_dags/example_skip_dag.py
[2023-01-04 08:14:51,895] {logging_mixin.py:115} INFO - [2023-01-04 08:14:51,895] {dag.py:2379} INFO - Sync 1 DAGs
[2023-01-04 08:14:51,907] {logging_mixin.py:115} INFO - [2023-01-04 08:14:51,907] {dag.py:2927} INFO - Setting next_dagrun for example_skip_dag to 2023-01-03T11:14:51.907371+00:00, run_after=2023-01-04T11:14:51.907371+00:00
[2023-01-04 08:14:51,918] {processor.py:161} INFO - Processing /home/gustavo/Documents/etl_api_twitter/venv/lib/python3.9/site-packages/airflow/example_dags/example_skip_dag.py took 0.049 seconds
[2023-01-04 08:15:26,203] {processor.py:153} INFO - Started process (PID=4595) to work on /home/gustavo/Documents/etl_api_twitter/venv/lib/python3.9/site-packages/airflow/example_dags/example_skip_dag.py
[2023-01-04 08:15:26,204] {processor.py:641} INFO - Processing file /home/gustavo/Documents/etl_api_twitter/venv/lib/python3.9/site-packages/airflow/example_dags/example_skip_dag.py for tasks to queue
[2023-01-04 08:15:26,204] {logging_mixin.py:115} INFO - [2023-01-04 08:15:26,204] {dagbag.py:507} INFO - Filling up the DagBag from /home/gustavo/Documents/etl_api_twitter/venv/lib/python3.9/site-packages/airflow/example_dags/example_skip_dag.py
[2023-01-04 08:15:26,208] {processor.py:651} INFO - DAG(s) dict_keys(['example_skip_dag']) retrieved from /home/gustavo/Documents/etl_api_twitter/venv/lib/python3.9/site-packages/airflow/example_dags/example_skip_dag.py
[2023-01-04 08:15:26,225] {logging_mixin.py:115} INFO - [2023-01-04 08:15:26,225] {dag.py:2379} INFO - Sync 1 DAGs
[2023-01-04 08:15:26,242] {logging_mixin.py:115} INFO - [2023-01-04 08:15:26,242] {dag.py:2927} INFO - Setting next_dagrun for example_skip_dag to 2023-01-03T11:15:26.241711+00:00, run_after=2023-01-04T11:15:26.241711+00:00
[2023-01-04 08:15:26,252] {processor.py:161} INFO - Processing /home/gustavo/Documents/etl_api_twitter/venv/lib/python3.9/site-packages/airflow/example_dags/example_skip_dag.py took 0.052 seconds
[2023-01-04 08:15:59,149] {processor.py:153} INFO - Started process (PID=4864) to work on /home/gustavo/Documents/etl_api_twitter/venv/lib/python3.9/site-packages/airflow/example_dags/example_skip_dag.py
[2023-01-04 08:15:59,150] {processor.py:641} INFO - Processing file /home/gustavo/Documents/etl_api_twitter/venv/lib/python3.9/site-packages/airflow/example_dags/example_skip_dag.py for tasks to queue
[2023-01-04 08:15:59,151] {logging_mixin.py:115} INFO - [2023-01-04 08:15:59,150] {dagbag.py:507} INFO - Filling up the DagBag from /home/gustavo/Documents/etl_api_twitter/venv/lib/python3.9/site-packages/airflow/example_dags/example_skip_dag.py
[2023-01-04 08:15:59,157] {processor.py:651} INFO - DAG(s) dict_keys(['example_skip_dag']) retrieved from /home/gustavo/Documents/etl_api_twitter/venv/lib/python3.9/site-packages/airflow/example_dags/example_skip_dag.py
[2023-01-04 08:15:59,172] {logging_mixin.py:115} INFO - [2023-01-04 08:15:59,172] {dag.py:2379} INFO - Sync 1 DAGs
[2023-01-04 08:15:59,199] {logging_mixin.py:115} INFO - [2023-01-04 08:15:59,198] {dag.py:2927} INFO - Setting next_dagrun for example_skip_dag to 2023-01-03T11:15:59.198547+00:00, run_after=2023-01-04T11:15:59.198547+00:00
[2023-01-04 08:15:59,208] {processor.py:161} INFO - Processing /home/gustavo/Documents/etl_api_twitter/venv/lib/python3.9/site-packages/airflow/example_dags/example_skip_dag.py took 0.061 seconds
[2023-01-04 08:16:34,712] {processor.py:153} INFO - Started process (PID=5070) to work on /home/gustavo/Documents/etl_api_twitter/venv/lib/python3.9/site-packages/airflow/example_dags/example_skip_dag.py
[2023-01-04 08:16:34,712] {processor.py:641} INFO - Processing file /home/gustavo/Documents/etl_api_twitter/venv/lib/python3.9/site-packages/airflow/example_dags/example_skip_dag.py for tasks to queue
[2023-01-04 08:16:34,713] {logging_mixin.py:115} INFO - [2023-01-04 08:16:34,713] {dagbag.py:507} INFO - Filling up the DagBag from /home/gustavo/Documents/etl_api_twitter/venv/lib/python3.9/site-packages/airflow/example_dags/example_skip_dag.py
[2023-01-04 08:16:34,717] {processor.py:651} INFO - DAG(s) dict_keys(['example_skip_dag']) retrieved from /home/gustavo/Documents/etl_api_twitter/venv/lib/python3.9/site-packages/airflow/example_dags/example_skip_dag.py
[2023-01-04 08:16:34,741] {logging_mixin.py:115} INFO - [2023-01-04 08:16:34,741] {dag.py:2379} INFO - Sync 1 DAGs
[2023-01-04 08:16:34,760] {logging_mixin.py:115} INFO - [2023-01-04 08:16:34,760] {dag.py:2927} INFO - Setting next_dagrun for example_skip_dag to 2023-01-03T11:16:34.758695+00:00, run_after=2023-01-04T11:16:34.758695+00:00
[2023-01-04 08:16:34,781] {processor.py:161} INFO - Processing /home/gustavo/Documents/etl_api_twitter/venv/lib/python3.9/site-packages/airflow/example_dags/example_skip_dag.py took 0.072 seconds
[2023-01-04 08:17:09,448] {processor.py:153} INFO - Started process (PID=5278) to work on /home/gustavo/Documents/etl_api_twitter/venv/lib/python3.9/site-packages/airflow/example_dags/example_skip_dag.py
[2023-01-04 08:17:09,448] {processor.py:641} INFO - Processing file /home/gustavo/Documents/etl_api_twitter/venv/lib/python3.9/site-packages/airflow/example_dags/example_skip_dag.py for tasks to queue
[2023-01-04 08:17:09,449] {logging_mixin.py:115} INFO - [2023-01-04 08:17:09,449] {dagbag.py:507} INFO - Filling up the DagBag from /home/gustavo/Documents/etl_api_twitter/venv/lib/python3.9/site-packages/airflow/example_dags/example_skip_dag.py
[2023-01-04 08:17:09,453] {processor.py:651} INFO - DAG(s) dict_keys(['example_skip_dag']) retrieved from /home/gustavo/Documents/etl_api_twitter/venv/lib/python3.9/site-packages/airflow/example_dags/example_skip_dag.py
[2023-01-04 08:17:09,468] {logging_mixin.py:115} INFO - [2023-01-04 08:17:09,468] {dag.py:2379} INFO - Sync 1 DAGs
[2023-01-04 08:17:09,484] {logging_mixin.py:115} INFO - [2023-01-04 08:17:09,484] {dag.py:2927} INFO - Setting next_dagrun for example_skip_dag to 2023-01-03T11:17:09.484316+00:00, run_after=2023-01-04T11:17:09.484316+00:00
[2023-01-04 08:17:09,494] {processor.py:161} INFO - Processing /home/gustavo/Documents/etl_api_twitter/venv/lib/python3.9/site-packages/airflow/example_dags/example_skip_dag.py took 0.049 seconds
[2023-01-04 08:17:43,576] {processor.py:153} INFO - Started process (PID=5460) to work on /home/gustavo/Documents/etl_api_twitter/venv/lib/python3.9/site-packages/airflow/example_dags/example_skip_dag.py
[2023-01-04 08:17:43,578] {processor.py:641} INFO - Processing file /home/gustavo/Documents/etl_api_twitter/venv/lib/python3.9/site-packages/airflow/example_dags/example_skip_dag.py for tasks to queue
[2023-01-04 08:17:43,579] {logging_mixin.py:115} INFO - [2023-01-04 08:17:43,579] {dagbag.py:507} INFO - Filling up the DagBag from /home/gustavo/Documents/etl_api_twitter/venv/lib/python3.9/site-packages/airflow/example_dags/example_skip_dag.py
[2023-01-04 08:17:43,588] {processor.py:651} INFO - DAG(s) dict_keys(['example_skip_dag']) retrieved from /home/gustavo/Documents/etl_api_twitter/venv/lib/python3.9/site-packages/airflow/example_dags/example_skip_dag.py
[2023-01-04 08:17:43,624] {logging_mixin.py:115} INFO - [2023-01-04 08:17:43,624] {dag.py:2379} INFO - Sync 1 DAGs
[2023-01-04 08:17:43,652] {logging_mixin.py:115} INFO - [2023-01-04 08:17:43,652] {dag.py:2927} INFO - Setting next_dagrun for example_skip_dag to 2023-01-03T11:17:43.652359+00:00, run_after=2023-01-04T11:17:43.652359+00:00
[2023-01-04 08:17:43,662] {processor.py:161} INFO - Processing /home/gustavo/Documents/etl_api_twitter/venv/lib/python3.9/site-packages/airflow/example_dags/example_skip_dag.py took 0.092 seconds
[2023-01-04 08:18:16,829] {processor.py:153} INFO - Started process (PID=5670) to work on /home/gustavo/Documents/etl_api_twitter/venv/lib/python3.9/site-packages/airflow/example_dags/example_skip_dag.py
[2023-01-04 08:18:16,830] {processor.py:641} INFO - Processing file /home/gustavo/Documents/etl_api_twitter/venv/lib/python3.9/site-packages/airflow/example_dags/example_skip_dag.py for tasks to queue
[2023-01-04 08:18:16,832] {logging_mixin.py:115} INFO - [2023-01-04 08:18:16,832] {dagbag.py:507} INFO - Filling up the DagBag from /home/gustavo/Documents/etl_api_twitter/venv/lib/python3.9/site-packages/airflow/example_dags/example_skip_dag.py
[2023-01-04 08:18:16,839] {processor.py:651} INFO - DAG(s) dict_keys(['example_skip_dag']) retrieved from /home/gustavo/Documents/etl_api_twitter/venv/lib/python3.9/site-packages/airflow/example_dags/example_skip_dag.py
[2023-01-04 08:18:16,872] {logging_mixin.py:115} INFO - [2023-01-04 08:18:16,872] {dag.py:2379} INFO - Sync 1 DAGs
[2023-01-04 08:18:16,924] {logging_mixin.py:115} INFO - [2023-01-04 08:18:16,924] {dag.py:2927} INFO - Setting next_dagrun for example_skip_dag to 2023-01-03T11:18:16.923492+00:00, run_after=2023-01-04T11:18:16.923492+00:00
[2023-01-04 08:18:16,950] {processor.py:161} INFO - Processing /home/gustavo/Documents/etl_api_twitter/venv/lib/python3.9/site-packages/airflow/example_dags/example_skip_dag.py took 0.128 seconds
[2023-01-04 08:18:49,558] {processor.py:153} INFO - Started process (PID=5848) to work on /home/gustavo/Documents/etl_api_twitter/venv/lib/python3.9/site-packages/airflow/example_dags/example_skip_dag.py
[2023-01-04 08:18:49,559] {processor.py:641} INFO - Processing file /home/gustavo/Documents/etl_api_twitter/venv/lib/python3.9/site-packages/airflow/example_dags/example_skip_dag.py for tasks to queue
[2023-01-04 08:18:49,561] {logging_mixin.py:115} INFO - [2023-01-04 08:18:49,560] {dagbag.py:507} INFO - Filling up the DagBag from /home/gustavo/Documents/etl_api_twitter/venv/lib/python3.9/site-packages/airflow/example_dags/example_skip_dag.py
[2023-01-04 08:18:49,573] {processor.py:651} INFO - DAG(s) dict_keys(['example_skip_dag']) retrieved from /home/gustavo/Documents/etl_api_twitter/venv/lib/python3.9/site-packages/airflow/example_dags/example_skip_dag.py
[2023-01-04 08:18:49,594] {logging_mixin.py:115} INFO - [2023-01-04 08:18:49,594] {dag.py:2379} INFO - Sync 1 DAGs
[2023-01-04 08:18:49,622] {logging_mixin.py:115} INFO - [2023-01-04 08:18:49,621] {dag.py:2927} INFO - Setting next_dagrun for example_skip_dag to 2023-01-03T11:18:49.621498+00:00, run_after=2023-01-04T11:18:49.621498+00:00
[2023-01-04 08:18:49,646] {processor.py:161} INFO - Processing /home/gustavo/Documents/etl_api_twitter/venv/lib/python3.9/site-packages/airflow/example_dags/example_skip_dag.py took 0.092 seconds
[2023-01-04 08:19:23,603] {processor.py:153} INFO - Started process (PID=6054) to work on /home/gustavo/Documents/etl_api_twitter/venv/lib/python3.9/site-packages/airflow/example_dags/example_skip_dag.py
[2023-01-04 08:19:23,606] {processor.py:641} INFO - Processing file /home/gustavo/Documents/etl_api_twitter/venv/lib/python3.9/site-packages/airflow/example_dags/example_skip_dag.py for tasks to queue
[2023-01-04 08:19:23,607] {logging_mixin.py:115} INFO - [2023-01-04 08:19:23,607] {dagbag.py:507} INFO - Filling up the DagBag from /home/gustavo/Documents/etl_api_twitter/venv/lib/python3.9/site-packages/airflow/example_dags/example_skip_dag.py
[2023-01-04 08:19:23,617] {processor.py:651} INFO - DAG(s) dict_keys(['example_skip_dag']) retrieved from /home/gustavo/Documents/etl_api_twitter/venv/lib/python3.9/site-packages/airflow/example_dags/example_skip_dag.py
[2023-01-04 08:19:23,640] {logging_mixin.py:115} INFO - [2023-01-04 08:19:23,640] {dag.py:2379} INFO - Sync 1 DAGs
[2023-01-04 08:19:23,656] {logging_mixin.py:115} INFO - [2023-01-04 08:19:23,656] {dag.py:2927} INFO - Setting next_dagrun for example_skip_dag to 2023-01-03T11:19:23.656039+00:00, run_after=2023-01-04T11:19:23.656039+00:00
[2023-01-04 08:19:23,671] {processor.py:161} INFO - Processing /home/gustavo/Documents/etl_api_twitter/venv/lib/python3.9/site-packages/airflow/example_dags/example_skip_dag.py took 0.075 seconds
[2023-01-04 08:19:58,166] {processor.py:153} INFO - Started process (PID=6260) to work on /home/gustavo/Documents/etl_api_twitter/venv/lib/python3.9/site-packages/airflow/example_dags/example_skip_dag.py
[2023-01-04 08:19:58,166] {processor.py:641} INFO - Processing file /home/gustavo/Documents/etl_api_twitter/venv/lib/python3.9/site-packages/airflow/example_dags/example_skip_dag.py for tasks to queue
[2023-01-04 08:19:58,167] {logging_mixin.py:115} INFO - [2023-01-04 08:19:58,167] {dagbag.py:507} INFO - Filling up the DagBag from /home/gustavo/Documents/etl_api_twitter/venv/lib/python3.9/site-packages/airflow/example_dags/example_skip_dag.py
[2023-01-04 08:19:58,171] {processor.py:651} INFO - DAG(s) dict_keys(['example_skip_dag']) retrieved from /home/gustavo/Documents/etl_api_twitter/venv/lib/python3.9/site-packages/airflow/example_dags/example_skip_dag.py
[2023-01-04 08:19:58,190] {logging_mixin.py:115} INFO - [2023-01-04 08:19:58,190] {dag.py:2379} INFO - Sync 1 DAGs
[2023-01-04 08:19:58,207] {logging_mixin.py:115} INFO - [2023-01-04 08:19:58,207] {dag.py:2927} INFO - Setting next_dagrun for example_skip_dag to 2023-01-03T11:19:58.207267+00:00, run_after=2023-01-04T11:19:58.207267+00:00
[2023-01-04 08:19:58,218] {processor.py:161} INFO - Processing /home/gustavo/Documents/etl_api_twitter/venv/lib/python3.9/site-packages/airflow/example_dags/example_skip_dag.py took 0.057 seconds
[2023-01-04 08:20:33,142] {processor.py:153} INFO - Started process (PID=6440) to work on /home/gustavo/Documents/etl_api_twitter/venv/lib/python3.9/site-packages/airflow/example_dags/example_skip_dag.py
[2023-01-04 08:20:33,143] {processor.py:641} INFO - Processing file /home/gustavo/Documents/etl_api_twitter/venv/lib/python3.9/site-packages/airflow/example_dags/example_skip_dag.py for tasks to queue
[2023-01-04 08:20:33,144] {logging_mixin.py:115} INFO - [2023-01-04 08:20:33,144] {dagbag.py:507} INFO - Filling up the DagBag from /home/gustavo/Documents/etl_api_twitter/venv/lib/python3.9/site-packages/airflow/example_dags/example_skip_dag.py
[2023-01-04 08:20:33,149] {processor.py:651} INFO - DAG(s) dict_keys(['example_skip_dag']) retrieved from /home/gustavo/Documents/etl_api_twitter/venv/lib/python3.9/site-packages/airflow/example_dags/example_skip_dag.py
[2023-01-04 08:20:33,167] {logging_mixin.py:115} INFO - [2023-01-04 08:20:33,167] {dag.py:2379} INFO - Sync 1 DAGs
[2023-01-04 08:20:33,182] {logging_mixin.py:115} INFO - [2023-01-04 08:20:33,182] {dag.py:2927} INFO - Setting next_dagrun for example_skip_dag to 2023-01-03T11:20:33.182002+00:00, run_after=2023-01-04T11:20:33.182002+00:00
[2023-01-04 08:20:33,191] {processor.py:161} INFO - Processing /home/gustavo/Documents/etl_api_twitter/venv/lib/python3.9/site-packages/airflow/example_dags/example_skip_dag.py took 0.052 seconds
[2023-01-04 08:21:04,788] {processor.py:153} INFO - Started process (PID=6696) to work on /home/gustavo/Documents/etl_api_twitter/venv/lib/python3.9/site-packages/airflow/example_dags/example_skip_dag.py
[2023-01-04 08:21:04,789] {processor.py:641} INFO - Processing file /home/gustavo/Documents/etl_api_twitter/venv/lib/python3.9/site-packages/airflow/example_dags/example_skip_dag.py for tasks to queue
[2023-01-04 08:21:04,789] {logging_mixin.py:115} INFO - [2023-01-04 08:21:04,789] {dagbag.py:507} INFO - Filling up the DagBag from /home/gustavo/Documents/etl_api_twitter/venv/lib/python3.9/site-packages/airflow/example_dags/example_skip_dag.py
[2023-01-04 08:21:04,793] {processor.py:651} INFO - DAG(s) dict_keys(['example_skip_dag']) retrieved from /home/gustavo/Documents/etl_api_twitter/venv/lib/python3.9/site-packages/airflow/example_dags/example_skip_dag.py
[2023-01-04 08:21:04,808] {logging_mixin.py:115} INFO - [2023-01-04 08:21:04,808] {dag.py:2379} INFO - Sync 1 DAGs
[2023-01-04 08:21:04,838] {logging_mixin.py:115} INFO - [2023-01-04 08:21:04,838] {dag.py:2927} INFO - Setting next_dagrun for example_skip_dag to 2023-01-03T11:21:04.838106+00:00, run_after=2023-01-04T11:21:04.838106+00:00
[2023-01-04 08:21:04,857] {processor.py:161} INFO - Processing /home/gustavo/Documents/etl_api_twitter/venv/lib/python3.9/site-packages/airflow/example_dags/example_skip_dag.py took 0.072 seconds
[2023-01-04 08:21:35,721] {processor.py:153} INFO - Started process (PID=6872) to work on /home/gustavo/Documents/etl_api_twitter/venv/lib/python3.9/site-packages/airflow/example_dags/example_skip_dag.py
[2023-01-04 08:21:35,722] {processor.py:641} INFO - Processing file /home/gustavo/Documents/etl_api_twitter/venv/lib/python3.9/site-packages/airflow/example_dags/example_skip_dag.py for tasks to queue
[2023-01-04 08:21:35,724] {logging_mixin.py:115} INFO - [2023-01-04 08:21:35,724] {dagbag.py:507} INFO - Filling up the DagBag from /home/gustavo/Documents/etl_api_twitter/venv/lib/python3.9/site-packages/airflow/example_dags/example_skip_dag.py
[2023-01-04 08:21:35,734] {processor.py:651} INFO - DAG(s) dict_keys(['example_skip_dag']) retrieved from /home/gustavo/Documents/etl_api_twitter/venv/lib/python3.9/site-packages/airflow/example_dags/example_skip_dag.py
[2023-01-04 08:21:35,755] {logging_mixin.py:115} INFO - [2023-01-04 08:21:35,754] {dag.py:2379} INFO - Sync 1 DAGs
[2023-01-04 08:21:35,786] {logging_mixin.py:115} INFO - [2023-01-04 08:21:35,786] {dag.py:2927} INFO - Setting next_dagrun for example_skip_dag to 2023-01-03T11:21:35.786564+00:00, run_after=2023-01-04T11:21:35.786564+00:00
[2023-01-04 08:21:35,803] {processor.py:161} INFO - Processing /home/gustavo/Documents/etl_api_twitter/venv/lib/python3.9/site-packages/airflow/example_dags/example_skip_dag.py took 0.088 seconds
[2023-01-04 08:22:09,082] {processor.py:153} INFO - Started process (PID=7051) to work on /home/gustavo/Documents/etl_api_twitter/venv/lib/python3.9/site-packages/airflow/example_dags/example_skip_dag.py
[2023-01-04 08:22:09,084] {processor.py:641} INFO - Processing file /home/gustavo/Documents/etl_api_twitter/venv/lib/python3.9/site-packages/airflow/example_dags/example_skip_dag.py for tasks to queue
[2023-01-04 08:22:09,085] {logging_mixin.py:115} INFO - [2023-01-04 08:22:09,084] {dagbag.py:507} INFO - Filling up the DagBag from /home/gustavo/Documents/etl_api_twitter/venv/lib/python3.9/site-packages/airflow/example_dags/example_skip_dag.py
[2023-01-04 08:22:09,094] {processor.py:651} INFO - DAG(s) dict_keys(['example_skip_dag']) retrieved from /home/gustavo/Documents/etl_api_twitter/venv/lib/python3.9/site-packages/airflow/example_dags/example_skip_dag.py
[2023-01-04 08:22:09,128] {logging_mixin.py:115} INFO - [2023-01-04 08:22:09,128] {dag.py:2379} INFO - Sync 1 DAGs
[2023-01-04 08:22:09,151] {logging_mixin.py:115} INFO - [2023-01-04 08:22:09,151] {dag.py:2927} INFO - Setting next_dagrun for example_skip_dag to 2023-01-03T11:22:09.151034+00:00, run_after=2023-01-04T11:22:09.151034+00:00
[2023-01-04 08:22:09,170] {processor.py:161} INFO - Processing /home/gustavo/Documents/etl_api_twitter/venv/lib/python3.9/site-packages/airflow/example_dags/example_skip_dag.py took 0.092 seconds
[2023-01-04 08:22:40,688] {processor.py:153} INFO - Started process (PID=7236) to work on /home/gustavo/Documents/etl_api_twitter/venv/lib/python3.9/site-packages/airflow/example_dags/example_skip_dag.py
[2023-01-04 08:22:40,689] {processor.py:641} INFO - Processing file /home/gustavo/Documents/etl_api_twitter/venv/lib/python3.9/site-packages/airflow/example_dags/example_skip_dag.py for tasks to queue
[2023-01-04 08:22:40,690] {logging_mixin.py:115} INFO - [2023-01-04 08:22:40,690] {dagbag.py:507} INFO - Filling up the DagBag from /home/gustavo/Documents/etl_api_twitter/venv/lib/python3.9/site-packages/airflow/example_dags/example_skip_dag.py
[2023-01-04 08:22:40,695] {processor.py:651} INFO - DAG(s) dict_keys(['example_skip_dag']) retrieved from /home/gustavo/Documents/etl_api_twitter/venv/lib/python3.9/site-packages/airflow/example_dags/example_skip_dag.py
[2023-01-04 08:22:40,717] {logging_mixin.py:115} INFO - [2023-01-04 08:22:40,717] {dag.py:2379} INFO - Sync 1 DAGs
[2023-01-04 08:22:40,736] {logging_mixin.py:115} INFO - [2023-01-04 08:22:40,736] {dag.py:2927} INFO - Setting next_dagrun for example_skip_dag to 2023-01-03T11:22:40.736447+00:00, run_after=2023-01-04T11:22:40.736447+00:00
[2023-01-04 08:22:40,747] {processor.py:161} INFO - Processing /home/gustavo/Documents/etl_api_twitter/venv/lib/python3.9/site-packages/airflow/example_dags/example_skip_dag.py took 0.063 seconds
[2023-01-04 08:23:13,910] {processor.py:153} INFO - Started process (PID=7444) to work on /home/gustavo/Documents/etl_api_twitter/venv/lib/python3.9/site-packages/airflow/example_dags/example_skip_dag.py
[2023-01-04 08:23:13,911] {processor.py:641} INFO - Processing file /home/gustavo/Documents/etl_api_twitter/venv/lib/python3.9/site-packages/airflow/example_dags/example_skip_dag.py for tasks to queue
[2023-01-04 08:23:13,911] {logging_mixin.py:115} INFO - [2023-01-04 08:23:13,911] {dagbag.py:507} INFO - Filling up the DagBag from /home/gustavo/Documents/etl_api_twitter/venv/lib/python3.9/site-packages/airflow/example_dags/example_skip_dag.py
[2023-01-04 08:23:13,915] {processor.py:651} INFO - DAG(s) dict_keys(['example_skip_dag']) retrieved from /home/gustavo/Documents/etl_api_twitter/venv/lib/python3.9/site-packages/airflow/example_dags/example_skip_dag.py
[2023-01-04 08:23:13,934] {logging_mixin.py:115} INFO - [2023-01-04 08:23:13,934] {dag.py:2379} INFO - Sync 1 DAGs
[2023-01-04 08:23:13,961] {logging_mixin.py:115} INFO - [2023-01-04 08:23:13,960] {dag.py:2927} INFO - Setting next_dagrun for example_skip_dag to 2023-01-03T11:23:13.960285+00:00, run_after=2023-01-04T11:23:13.960285+00:00
[2023-01-04 08:23:13,981] {processor.py:161} INFO - Processing /home/gustavo/Documents/etl_api_twitter/venv/lib/python3.9/site-packages/airflow/example_dags/example_skip_dag.py took 0.073 seconds
[2023-01-04 08:23:48,542] {processor.py:153} INFO - Started process (PID=7649) to work on /home/gustavo/Documents/etl_api_twitter/venv/lib/python3.9/site-packages/airflow/example_dags/example_skip_dag.py
[2023-01-04 08:23:48,544] {processor.py:641} INFO - Processing file /home/gustavo/Documents/etl_api_twitter/venv/lib/python3.9/site-packages/airflow/example_dags/example_skip_dag.py for tasks to queue
[2023-01-04 08:23:48,545] {logging_mixin.py:115} INFO - [2023-01-04 08:23:48,545] {dagbag.py:507} INFO - Filling up the DagBag from /home/gustavo/Documents/etl_api_twitter/venv/lib/python3.9/site-packages/airflow/example_dags/example_skip_dag.py
[2023-01-04 08:23:48,556] {processor.py:651} INFO - DAG(s) dict_keys(['example_skip_dag']) retrieved from /home/gustavo/Documents/etl_api_twitter/venv/lib/python3.9/site-packages/airflow/example_dags/example_skip_dag.py
[2023-01-04 08:23:48,592] {logging_mixin.py:115} INFO - [2023-01-04 08:23:48,591] {dag.py:2379} INFO - Sync 1 DAGs
[2023-01-04 08:23:48,607] {logging_mixin.py:115} INFO - [2023-01-04 08:23:48,607] {dag.py:2927} INFO - Setting next_dagrun for example_skip_dag to 2023-01-03T11:23:48.607354+00:00, run_after=2023-01-04T11:23:48.607354+00:00
[2023-01-04 08:23:48,621] {processor.py:161} INFO - Processing /home/gustavo/Documents/etl_api_twitter/venv/lib/python3.9/site-packages/airflow/example_dags/example_skip_dag.py took 0.085 seconds
[2023-01-04 08:24:23,367] {processor.py:153} INFO - Started process (PID=7853) to work on /home/gustavo/Documents/etl_api_twitter/venv/lib/python3.9/site-packages/airflow/example_dags/example_skip_dag.py
[2023-01-04 08:24:23,368] {processor.py:641} INFO - Processing file /home/gustavo/Documents/etl_api_twitter/venv/lib/python3.9/site-packages/airflow/example_dags/example_skip_dag.py for tasks to queue
[2023-01-04 08:24:23,368] {logging_mixin.py:115} INFO - [2023-01-04 08:24:23,368] {dagbag.py:507} INFO - Filling up the DagBag from /home/gustavo/Documents/etl_api_twitter/venv/lib/python3.9/site-packages/airflow/example_dags/example_skip_dag.py
[2023-01-04 08:24:23,374] {processor.py:651} INFO - DAG(s) dict_keys(['example_skip_dag']) retrieved from /home/gustavo/Documents/etl_api_twitter/venv/lib/python3.9/site-packages/airflow/example_dags/example_skip_dag.py
[2023-01-04 08:24:23,391] {logging_mixin.py:115} INFO - [2023-01-04 08:24:23,391] {dag.py:2379} INFO - Sync 1 DAGs
[2023-01-04 08:24:23,406] {logging_mixin.py:115} INFO - [2023-01-04 08:24:23,406] {dag.py:2927} INFO - Setting next_dagrun for example_skip_dag to 2023-01-03T11:24:23.405808+00:00, run_after=2023-01-04T11:24:23.405808+00:00
[2023-01-04 08:24:23,416] {processor.py:161} INFO - Processing /home/gustavo/Documents/etl_api_twitter/venv/lib/python3.9/site-packages/airflow/example_dags/example_skip_dag.py took 0.052 seconds
[2023-01-04 08:24:57,112] {processor.py:153} INFO - Started process (PID=8032) to work on /home/gustavo/Documents/etl_api_twitter/venv/lib/python3.9/site-packages/airflow/example_dags/example_skip_dag.py
[2023-01-04 08:24:57,114] {processor.py:641} INFO - Processing file /home/gustavo/Documents/etl_api_twitter/venv/lib/python3.9/site-packages/airflow/example_dags/example_skip_dag.py for tasks to queue
[2023-01-04 08:24:57,116] {logging_mixin.py:115} INFO - [2023-01-04 08:24:57,115] {dagbag.py:507} INFO - Filling up the DagBag from /home/gustavo/Documents/etl_api_twitter/venv/lib/python3.9/site-packages/airflow/example_dags/example_skip_dag.py
[2023-01-04 08:24:57,124] {processor.py:651} INFO - DAG(s) dict_keys(['example_skip_dag']) retrieved from /home/gustavo/Documents/etl_api_twitter/venv/lib/python3.9/site-packages/airflow/example_dags/example_skip_dag.py
[2023-01-04 08:24:57,144] {logging_mixin.py:115} INFO - [2023-01-04 08:24:57,144] {dag.py:2379} INFO - Sync 1 DAGs
[2023-01-04 08:24:57,159] {logging_mixin.py:115} INFO - [2023-01-04 08:24:57,159] {dag.py:2927} INFO - Setting next_dagrun for example_skip_dag to 2023-01-03T11:24:57.159013+00:00, run_after=2023-01-04T11:24:57.159013+00:00
[2023-01-04 08:24:57,174] {processor.py:161} INFO - Processing /home/gustavo/Documents/etl_api_twitter/venv/lib/python3.9/site-packages/airflow/example_dags/example_skip_dag.py took 0.069 seconds
[2023-01-04 08:25:30,100] {processor.py:153} INFO - Started process (PID=8235) to work on /home/gustavo/Documents/etl_api_twitter/venv/lib/python3.9/site-packages/airflow/example_dags/example_skip_dag.py
[2023-01-04 08:25:30,101] {processor.py:641} INFO - Processing file /home/gustavo/Documents/etl_api_twitter/venv/lib/python3.9/site-packages/airflow/example_dags/example_skip_dag.py for tasks to queue
[2023-01-04 08:25:30,102] {logging_mixin.py:115} INFO - [2023-01-04 08:25:30,102] {dagbag.py:507} INFO - Filling up the DagBag from /home/gustavo/Documents/etl_api_twitter/venv/lib/python3.9/site-packages/airflow/example_dags/example_skip_dag.py
[2023-01-04 08:25:30,114] {processor.py:651} INFO - DAG(s) dict_keys(['example_skip_dag']) retrieved from /home/gustavo/Documents/etl_api_twitter/venv/lib/python3.9/site-packages/airflow/example_dags/example_skip_dag.py
[2023-01-04 08:25:30,160] {logging_mixin.py:115} INFO - [2023-01-04 08:25:30,160] {dag.py:2379} INFO - Sync 1 DAGs
[2023-01-04 08:25:30,202] {logging_mixin.py:115} INFO - [2023-01-04 08:25:30,202] {dag.py:2927} INFO - Setting next_dagrun for example_skip_dag to 2023-01-03T11:25:30.201493+00:00, run_after=2023-01-04T11:25:30.201493+00:00
[2023-01-04 08:25:30,216] {processor.py:161} INFO - Processing /home/gustavo/Documents/etl_api_twitter/venv/lib/python3.9/site-packages/airflow/example_dags/example_skip_dag.py took 0.126 seconds
[2023-01-04 08:26:06,515] {processor.py:153} INFO - Started process (PID=8496) to work on /home/gustavo/Documents/etl_api_twitter/venv/lib/python3.9/site-packages/airflow/example_dags/example_skip_dag.py
[2023-01-04 08:26:06,516] {processor.py:641} INFO - Processing file /home/gustavo/Documents/etl_api_twitter/venv/lib/python3.9/site-packages/airflow/example_dags/example_skip_dag.py for tasks to queue
[2023-01-04 08:26:06,517] {logging_mixin.py:115} INFO - [2023-01-04 08:26:06,516] {dagbag.py:507} INFO - Filling up the DagBag from /home/gustavo/Documents/etl_api_twitter/venv/lib/python3.9/site-packages/airflow/example_dags/example_skip_dag.py
[2023-01-04 08:26:06,524] {processor.py:651} INFO - DAG(s) dict_keys(['example_skip_dag']) retrieved from /home/gustavo/Documents/etl_api_twitter/venv/lib/python3.9/site-packages/airflow/example_dags/example_skip_dag.py
[2023-01-04 08:26:06,541] {logging_mixin.py:115} INFO - [2023-01-04 08:26:06,541] {dag.py:2379} INFO - Sync 1 DAGs
[2023-01-04 08:26:06,563] {logging_mixin.py:115} INFO - [2023-01-04 08:26:06,562] {dag.py:2927} INFO - Setting next_dagrun for example_skip_dag to 2023-01-03T11:26:06.562327+00:00, run_after=2023-01-04T11:26:06.562327+00:00
[2023-01-04 08:26:06,581] {processor.py:161} INFO - Processing /home/gustavo/Documents/etl_api_twitter/venv/lib/python3.9/site-packages/airflow/example_dags/example_skip_dag.py took 0.069 seconds
[2023-01-04 08:26:41,683] {processor.py:153} INFO - Started process (PID=8701) to work on /home/gustavo/Documents/etl_api_twitter/venv/lib/python3.9/site-packages/airflow/example_dags/example_skip_dag.py
[2023-01-04 08:26:41,684] {processor.py:641} INFO - Processing file /home/gustavo/Documents/etl_api_twitter/venv/lib/python3.9/site-packages/airflow/example_dags/example_skip_dag.py for tasks to queue
[2023-01-04 08:26:41,684] {logging_mixin.py:115} INFO - [2023-01-04 08:26:41,684] {dagbag.py:507} INFO - Filling up the DagBag from /home/gustavo/Documents/etl_api_twitter/venv/lib/python3.9/site-packages/airflow/example_dags/example_skip_dag.py
[2023-01-04 08:26:41,689] {processor.py:651} INFO - DAG(s) dict_keys(['example_skip_dag']) retrieved from /home/gustavo/Documents/etl_api_twitter/venv/lib/python3.9/site-packages/airflow/example_dags/example_skip_dag.py
[2023-01-04 08:26:41,711] {logging_mixin.py:115} INFO - [2023-01-04 08:26:41,710] {dag.py:2379} INFO - Sync 1 DAGs
[2023-01-04 08:26:41,726] {logging_mixin.py:115} INFO - [2023-01-04 08:26:41,726] {dag.py:2927} INFO - Setting next_dagrun for example_skip_dag to 2023-01-03T11:26:41.726060+00:00, run_after=2023-01-04T11:26:41.726060+00:00
[2023-01-04 08:26:41,744] {processor.py:161} INFO - Processing /home/gustavo/Documents/etl_api_twitter/venv/lib/python3.9/site-packages/airflow/example_dags/example_skip_dag.py took 0.064 seconds
[2023-01-04 08:27:18,110] {processor.py:153} INFO - Started process (PID=8912) to work on /home/gustavo/Documents/etl_api_twitter/venv/lib/python3.9/site-packages/airflow/example_dags/example_skip_dag.py
[2023-01-04 08:27:18,112] {processor.py:641} INFO - Processing file /home/gustavo/Documents/etl_api_twitter/venv/lib/python3.9/site-packages/airflow/example_dags/example_skip_dag.py for tasks to queue
[2023-01-04 08:27:18,113] {logging_mixin.py:115} INFO - [2023-01-04 08:27:18,113] {dagbag.py:507} INFO - Filling up the DagBag from /home/gustavo/Documents/etl_api_twitter/venv/lib/python3.9/site-packages/airflow/example_dags/example_skip_dag.py
[2023-01-04 08:27:18,125] {processor.py:651} INFO - DAG(s) dict_keys(['example_skip_dag']) retrieved from /home/gustavo/Documents/etl_api_twitter/venv/lib/python3.9/site-packages/airflow/example_dags/example_skip_dag.py
[2023-01-04 08:27:18,146] {logging_mixin.py:115} INFO - [2023-01-04 08:27:18,146] {dag.py:2379} INFO - Sync 1 DAGs
[2023-01-04 08:27:18,159] {logging_mixin.py:115} INFO - [2023-01-04 08:27:18,159] {dag.py:2927} INFO - Setting next_dagrun for example_skip_dag to 2023-01-03T11:27:18.159463+00:00, run_after=2023-01-04T11:27:18.159463+00:00
[2023-01-04 08:27:18,168] {processor.py:161} INFO - Processing /home/gustavo/Documents/etl_api_twitter/venv/lib/python3.9/site-packages/airflow/example_dags/example_skip_dag.py took 0.067 seconds
