[2023-01-04 08:00:49,411] {processor.py:153} INFO - Started process (PID=28175) to work on /home/gustavo/Documents/etl_api_twitter/venv/lib/python3.9/site-packages/airflow/example_dags/example_trigger_target_dag.py
[2023-01-04 08:00:49,412] {processor.py:641} INFO - Processing file /home/gustavo/Documents/etl_api_twitter/venv/lib/python3.9/site-packages/airflow/example_dags/example_trigger_target_dag.py for tasks to queue
[2023-01-04 08:00:49,412] {logging_mixin.py:115} INFO - [2023-01-04 08:00:49,412] {dagbag.py:507} INFO - Filling up the DagBag from /home/gustavo/Documents/etl_api_twitter/venv/lib/python3.9/site-packages/airflow/example_dags/example_trigger_target_dag.py
[2023-01-04 08:00:49,447] {processor.py:651} INFO - DAG(s) dict_keys(['example_trigger_target_dag']) retrieved from /home/gustavo/Documents/etl_api_twitter/venv/lib/python3.9/site-packages/airflow/example_dags/example_trigger_target_dag.py
[2023-01-04 08:00:49,582] {logging_mixin.py:115} INFO - [2023-01-04 08:00:49,581] {manager.py:508} INFO - Created Permission View: can edit on DAG:example_trigger_target_dag
[2023-01-04 08:00:49,600] {logging_mixin.py:115} INFO - [2023-01-04 08:00:49,599] {manager.py:508} INFO - Created Permission View: can read on DAG:example_trigger_target_dag
[2023-01-04 08:00:49,608] {logging_mixin.py:115} INFO - [2023-01-04 08:00:49,608] {manager.py:508} INFO - Created Permission View: can delete on DAG:example_trigger_target_dag
[2023-01-04 08:00:49,608] {logging_mixin.py:115} INFO - [2023-01-04 08:00:49,608] {dag.py:2379} INFO - Sync 1 DAGs
[2023-01-04 08:00:49,619] {logging_mixin.py:115} INFO - [2023-01-04 08:00:49,619] {dag.py:2398} INFO - Creating ORM DAG for example_trigger_target_dag
[2023-01-04 08:00:49,639] {logging_mixin.py:115} INFO - [2023-01-04 08:00:49,639] {dag.py:2927} INFO - Setting next_dagrun for example_trigger_target_dag to None, run_after=None
[2023-01-04 08:00:49,663] {processor.py:161} INFO - Processing /home/gustavo/Documents/etl_api_twitter/venv/lib/python3.9/site-packages/airflow/example_dags/example_trigger_target_dag.py took 0.266 seconds
[2023-01-04 08:01:30,328] {processor.py:153} INFO - Started process (PID=28450) to work on /home/gustavo/Documents/etl_api_twitter/venv/lib/python3.9/site-packages/airflow/example_dags/example_trigger_target_dag.py
[2023-01-04 08:01:30,330] {processor.py:641} INFO - Processing file /home/gustavo/Documents/etl_api_twitter/venv/lib/python3.9/site-packages/airflow/example_dags/example_trigger_target_dag.py for tasks to queue
[2023-01-04 08:01:30,331] {logging_mixin.py:115} INFO - [2023-01-04 08:01:30,331] {dagbag.py:507} INFO - Filling up the DagBag from /home/gustavo/Documents/etl_api_twitter/venv/lib/python3.9/site-packages/airflow/example_dags/example_trigger_target_dag.py
[2023-01-04 08:01:30,361] {processor.py:651} INFO - DAG(s) dict_keys(['example_trigger_target_dag']) retrieved from /home/gustavo/Documents/etl_api_twitter/venv/lib/python3.9/site-packages/airflow/example_dags/example_trigger_target_dag.py
[2023-01-04 08:01:30,386] {logging_mixin.py:115} INFO - [2023-01-04 08:01:30,386] {dag.py:2379} INFO - Sync 1 DAGs
[2023-01-04 08:01:30,405] {logging_mixin.py:115} INFO - [2023-01-04 08:01:30,404] {dag.py:2927} INFO - Setting next_dagrun for example_trigger_target_dag to None, run_after=None
[2023-01-04 08:01:30,417] {processor.py:161} INFO - Processing /home/gustavo/Documents/etl_api_twitter/venv/lib/python3.9/site-packages/airflow/example_dags/example_trigger_target_dag.py took 0.100 seconds
[2023-01-04 08:02:06,762] {processor.py:153} INFO - Started process (PID=28660) to work on /home/gustavo/Documents/etl_api_twitter/venv/lib/python3.9/site-packages/airflow/example_dags/example_trigger_target_dag.py
[2023-01-04 08:02:06,767] {processor.py:641} INFO - Processing file /home/gustavo/Documents/etl_api_twitter/venv/lib/python3.9/site-packages/airflow/example_dags/example_trigger_target_dag.py for tasks to queue
[2023-01-04 08:02:06,768] {logging_mixin.py:115} INFO - [2023-01-04 08:02:06,768] {dagbag.py:507} INFO - Filling up the DagBag from /home/gustavo/Documents/etl_api_twitter/venv/lib/python3.9/site-packages/airflow/example_dags/example_trigger_target_dag.py
[2023-01-04 08:02:06,800] {processor.py:651} INFO - DAG(s) dict_keys(['example_trigger_target_dag']) retrieved from /home/gustavo/Documents/etl_api_twitter/venv/lib/python3.9/site-packages/airflow/example_dags/example_trigger_target_dag.py
[2023-01-04 08:02:06,859] {logging_mixin.py:115} INFO - [2023-01-04 08:02:06,859] {dag.py:2379} INFO - Sync 1 DAGs
[2023-01-04 08:02:06,921] {logging_mixin.py:115} INFO - [2023-01-04 08:02:06,921] {dag.py:2927} INFO - Setting next_dagrun for example_trigger_target_dag to None, run_after=None
[2023-01-04 08:02:06,991] {processor.py:161} INFO - Processing /home/gustavo/Documents/etl_api_twitter/venv/lib/python3.9/site-packages/airflow/example_dags/example_trigger_target_dag.py took 0.237 seconds
[2023-01-04 08:10:41,308] {processor.py:153} INFO - Started process (PID=3336) to work on /home/gustavo/Documents/etl_api_twitter/venv/lib/python3.9/site-packages/airflow/example_dags/example_trigger_target_dag.py
[2023-01-04 08:10:41,310] {processor.py:641} INFO - Processing file /home/gustavo/Documents/etl_api_twitter/venv/lib/python3.9/site-packages/airflow/example_dags/example_trigger_target_dag.py for tasks to queue
[2023-01-04 08:10:41,311] {logging_mixin.py:115} INFO - [2023-01-04 08:10:41,311] {dagbag.py:507} INFO - Filling up the DagBag from /home/gustavo/Documents/etl_api_twitter/venv/lib/python3.9/site-packages/airflow/example_dags/example_trigger_target_dag.py
[2023-01-04 08:10:41,347] {processor.py:651} INFO - DAG(s) dict_keys(['example_trigger_target_dag']) retrieved from /home/gustavo/Documents/etl_api_twitter/venv/lib/python3.9/site-packages/airflow/example_dags/example_trigger_target_dag.py
[2023-01-04 08:10:41,415] {logging_mixin.py:115} INFO - [2023-01-04 08:10:41,415] {dag.py:2379} INFO - Sync 1 DAGs
[2023-01-04 08:10:41,450] {logging_mixin.py:115} INFO - [2023-01-04 08:10:41,450] {dag.py:2927} INFO - Setting next_dagrun for example_trigger_target_dag to None, run_after=None
[2023-01-04 08:10:41,468] {processor.py:161} INFO - Processing /home/gustavo/Documents/etl_api_twitter/venv/lib/python3.9/site-packages/airflow/example_dags/example_trigger_target_dag.py took 0.167 seconds
[2023-01-04 08:11:18,677] {processor.py:153} INFO - Started process (PID=3928) to work on /home/gustavo/Documents/etl_api_twitter/venv/lib/python3.9/site-packages/airflow/example_dags/example_trigger_target_dag.py
[2023-01-04 08:11:18,678] {processor.py:641} INFO - Processing file /home/gustavo/Documents/etl_api_twitter/venv/lib/python3.9/site-packages/airflow/example_dags/example_trigger_target_dag.py for tasks to queue
[2023-01-04 08:11:18,678] {logging_mixin.py:115} INFO - [2023-01-04 08:11:18,678] {dagbag.py:507} INFO - Filling up the DagBag from /home/gustavo/Documents/etl_api_twitter/venv/lib/python3.9/site-packages/airflow/example_dags/example_trigger_target_dag.py
[2023-01-04 08:11:18,692] {processor.py:651} INFO - DAG(s) dict_keys(['example_trigger_target_dag']) retrieved from /home/gustavo/Documents/etl_api_twitter/venv/lib/python3.9/site-packages/airflow/example_dags/example_trigger_target_dag.py
[2023-01-04 08:11:18,706] {logging_mixin.py:115} INFO - [2023-01-04 08:11:18,706] {dag.py:2379} INFO - Sync 1 DAGs
[2023-01-04 08:11:18,724] {logging_mixin.py:115} INFO - [2023-01-04 08:11:18,724] {dag.py:2927} INFO - Setting next_dagrun for example_trigger_target_dag to None, run_after=None
[2023-01-04 08:11:18,735] {processor.py:161} INFO - Processing /home/gustavo/Documents/etl_api_twitter/venv/lib/python3.9/site-packages/airflow/example_dags/example_trigger_target_dag.py took 0.062 seconds
[2023-01-04 08:11:53,459] {processor.py:153} INFO - Started process (PID=4075) to work on /home/gustavo/Documents/etl_api_twitter/venv/lib/python3.9/site-packages/airflow/example_dags/example_trigger_target_dag.py
[2023-01-04 08:11:53,461] {processor.py:641} INFO - Processing file /home/gustavo/Documents/etl_api_twitter/venv/lib/python3.9/site-packages/airflow/example_dags/example_trigger_target_dag.py for tasks to queue
[2023-01-04 08:11:53,462] {logging_mixin.py:115} INFO - [2023-01-04 08:11:53,462] {dagbag.py:507} INFO - Filling up the DagBag from /home/gustavo/Documents/etl_api_twitter/venv/lib/python3.9/site-packages/airflow/example_dags/example_trigger_target_dag.py
[2023-01-04 08:11:53,479] {processor.py:651} INFO - DAG(s) dict_keys(['example_trigger_target_dag']) retrieved from /home/gustavo/Documents/etl_api_twitter/venv/lib/python3.9/site-packages/airflow/example_dags/example_trigger_target_dag.py
[2023-01-04 08:11:53,494] {logging_mixin.py:115} INFO - [2023-01-04 08:11:53,494] {dag.py:2379} INFO - Sync 1 DAGs
[2023-01-04 08:11:53,514] {logging_mixin.py:115} INFO - [2023-01-04 08:11:53,514] {dag.py:2927} INFO - Setting next_dagrun for example_trigger_target_dag to None, run_after=None
[2023-01-04 08:11:53,526] {processor.py:161} INFO - Processing /home/gustavo/Documents/etl_api_twitter/venv/lib/python3.9/site-packages/airflow/example_dags/example_trigger_target_dag.py took 0.071 seconds
[2023-01-04 08:12:25,439] {processor.py:153} INFO - Started process (PID=4168) to work on /home/gustavo/Documents/etl_api_twitter/venv/lib/python3.9/site-packages/airflow/example_dags/example_trigger_target_dag.py
[2023-01-04 08:12:25,440] {processor.py:641} INFO - Processing file /home/gustavo/Documents/etl_api_twitter/venv/lib/python3.9/site-packages/airflow/example_dags/example_trigger_target_dag.py for tasks to queue
[2023-01-04 08:12:25,441] {logging_mixin.py:115} INFO - [2023-01-04 08:12:25,440] {dagbag.py:507} INFO - Filling up the DagBag from /home/gustavo/Documents/etl_api_twitter/venv/lib/python3.9/site-packages/airflow/example_dags/example_trigger_target_dag.py
[2023-01-04 08:12:25,462] {processor.py:651} INFO - DAG(s) dict_keys(['example_trigger_target_dag']) retrieved from /home/gustavo/Documents/etl_api_twitter/venv/lib/python3.9/site-packages/airflow/example_dags/example_trigger_target_dag.py
[2023-01-04 08:12:25,477] {logging_mixin.py:115} INFO - [2023-01-04 08:12:25,477] {dag.py:2379} INFO - Sync 1 DAGs
[2023-01-04 08:12:25,493] {logging_mixin.py:115} INFO - [2023-01-04 08:12:25,493] {dag.py:2927} INFO - Setting next_dagrun for example_trigger_target_dag to None, run_after=None
[2023-01-04 08:12:25,503] {processor.py:161} INFO - Processing /home/gustavo/Documents/etl_api_twitter/venv/lib/python3.9/site-packages/airflow/example_dags/example_trigger_target_dag.py took 0.069 seconds
[2023-01-04 08:13:00,239] {processor.py:153} INFO - Started process (PID=4207) to work on /home/gustavo/Documents/etl_api_twitter/venv/lib/python3.9/site-packages/airflow/example_dags/example_trigger_target_dag.py
[2023-01-04 08:13:00,240] {processor.py:641} INFO - Processing file /home/gustavo/Documents/etl_api_twitter/venv/lib/python3.9/site-packages/airflow/example_dags/example_trigger_target_dag.py for tasks to queue
[2023-01-04 08:13:00,242] {logging_mixin.py:115} INFO - [2023-01-04 08:13:00,242] {dagbag.py:507} INFO - Filling up the DagBag from /home/gustavo/Documents/etl_api_twitter/venv/lib/python3.9/site-packages/airflow/example_dags/example_trigger_target_dag.py
[2023-01-04 08:13:00,264] {processor.py:651} INFO - DAG(s) dict_keys(['example_trigger_target_dag']) retrieved from /home/gustavo/Documents/etl_api_twitter/venv/lib/python3.9/site-packages/airflow/example_dags/example_trigger_target_dag.py
[2023-01-04 08:13:00,289] {logging_mixin.py:115} INFO - [2023-01-04 08:13:00,288] {dag.py:2379} INFO - Sync 1 DAGs
[2023-01-04 08:13:00,304] {logging_mixin.py:115} INFO - [2023-01-04 08:13:00,304] {dag.py:2927} INFO - Setting next_dagrun for example_trigger_target_dag to None, run_after=None
[2023-01-04 08:13:00,314] {processor.py:161} INFO - Processing /home/gustavo/Documents/etl_api_twitter/venv/lib/python3.9/site-packages/airflow/example_dags/example_trigger_target_dag.py took 0.080 seconds
[2023-01-04 08:13:35,124] {processor.py:153} INFO - Started process (PID=4244) to work on /home/gustavo/Documents/etl_api_twitter/venv/lib/python3.9/site-packages/airflow/example_dags/example_trigger_target_dag.py
[2023-01-04 08:13:35,125] {processor.py:641} INFO - Processing file /home/gustavo/Documents/etl_api_twitter/venv/lib/python3.9/site-packages/airflow/example_dags/example_trigger_target_dag.py for tasks to queue
[2023-01-04 08:13:35,126] {logging_mixin.py:115} INFO - [2023-01-04 08:13:35,126] {dagbag.py:507} INFO - Filling up the DagBag from /home/gustavo/Documents/etl_api_twitter/venv/lib/python3.9/site-packages/airflow/example_dags/example_trigger_target_dag.py
[2023-01-04 08:13:35,155] {processor.py:651} INFO - DAG(s) dict_keys(['example_trigger_target_dag']) retrieved from /home/gustavo/Documents/etl_api_twitter/venv/lib/python3.9/site-packages/airflow/example_dags/example_trigger_target_dag.py
[2023-01-04 08:13:35,175] {logging_mixin.py:115} INFO - [2023-01-04 08:13:35,175] {dag.py:2379} INFO - Sync 1 DAGs
[2023-01-04 08:13:35,206] {logging_mixin.py:115} INFO - [2023-01-04 08:13:35,205] {dag.py:2927} INFO - Setting next_dagrun for example_trigger_target_dag to None, run_after=None
[2023-01-04 08:13:35,222] {processor.py:161} INFO - Processing /home/gustavo/Documents/etl_api_twitter/venv/lib/python3.9/site-packages/airflow/example_dags/example_trigger_target_dag.py took 0.103 seconds
[2023-01-04 08:14:08,362] {processor.py:153} INFO - Started process (PID=4280) to work on /home/gustavo/Documents/etl_api_twitter/venv/lib/python3.9/site-packages/airflow/example_dags/example_trigger_target_dag.py
[2023-01-04 08:14:08,363] {processor.py:641} INFO - Processing file /home/gustavo/Documents/etl_api_twitter/venv/lib/python3.9/site-packages/airflow/example_dags/example_trigger_target_dag.py for tasks to queue
[2023-01-04 08:14:08,363] {logging_mixin.py:115} INFO - [2023-01-04 08:14:08,363] {dagbag.py:507} INFO - Filling up the DagBag from /home/gustavo/Documents/etl_api_twitter/venv/lib/python3.9/site-packages/airflow/example_dags/example_trigger_target_dag.py
[2023-01-04 08:14:08,386] {processor.py:651} INFO - DAG(s) dict_keys(['example_trigger_target_dag']) retrieved from /home/gustavo/Documents/etl_api_twitter/venv/lib/python3.9/site-packages/airflow/example_dags/example_trigger_target_dag.py
[2023-01-04 08:14:08,400] {logging_mixin.py:115} INFO - [2023-01-04 08:14:08,400] {dag.py:2379} INFO - Sync 1 DAGs
[2023-01-04 08:14:08,414] {logging_mixin.py:115} INFO - [2023-01-04 08:14:08,414] {dag.py:2927} INFO - Setting next_dagrun for example_trigger_target_dag to None, run_after=None
[2023-01-04 08:14:08,425] {processor.py:161} INFO - Processing /home/gustavo/Documents/etl_api_twitter/venv/lib/python3.9/site-packages/airflow/example_dags/example_trigger_target_dag.py took 0.065 seconds
[2023-01-04 08:14:42,737] {processor.py:153} INFO - Started process (PID=4426) to work on /home/gustavo/Documents/etl_api_twitter/venv/lib/python3.9/site-packages/airflow/example_dags/example_trigger_target_dag.py
[2023-01-04 08:14:42,739] {processor.py:641} INFO - Processing file /home/gustavo/Documents/etl_api_twitter/venv/lib/python3.9/site-packages/airflow/example_dags/example_trigger_target_dag.py for tasks to queue
[2023-01-04 08:14:42,740] {logging_mixin.py:115} INFO - [2023-01-04 08:14:42,740] {dagbag.py:507} INFO - Filling up the DagBag from /home/gustavo/Documents/etl_api_twitter/venv/lib/python3.9/site-packages/airflow/example_dags/example_trigger_target_dag.py
[2023-01-04 08:14:42,754] {processor.py:651} INFO - DAG(s) dict_keys(['example_trigger_target_dag']) retrieved from /home/gustavo/Documents/etl_api_twitter/venv/lib/python3.9/site-packages/airflow/example_dags/example_trigger_target_dag.py
[2023-01-04 08:14:42,769] {logging_mixin.py:115} INFO - [2023-01-04 08:14:42,769] {dag.py:2379} INFO - Sync 1 DAGs
[2023-01-04 08:14:42,782] {logging_mixin.py:115} INFO - [2023-01-04 08:14:42,782] {dag.py:2927} INFO - Setting next_dagrun for example_trigger_target_dag to None, run_after=None
[2023-01-04 08:14:42,793] {processor.py:161} INFO - Processing /home/gustavo/Documents/etl_api_twitter/venv/lib/python3.9/site-packages/airflow/example_dags/example_trigger_target_dag.py took 0.060 seconds
[2023-01-04 08:15:16,032] {processor.py:153} INFO - Started process (PID=4533) to work on /home/gustavo/Documents/etl_api_twitter/venv/lib/python3.9/site-packages/airflow/example_dags/example_trigger_target_dag.py
[2023-01-04 08:15:16,033] {processor.py:641} INFO - Processing file /home/gustavo/Documents/etl_api_twitter/venv/lib/python3.9/site-packages/airflow/example_dags/example_trigger_target_dag.py for tasks to queue
[2023-01-04 08:15:16,034] {logging_mixin.py:115} INFO - [2023-01-04 08:15:16,034] {dagbag.py:507} INFO - Filling up the DagBag from /home/gustavo/Documents/etl_api_twitter/venv/lib/python3.9/site-packages/airflow/example_dags/example_trigger_target_dag.py
[2023-01-04 08:15:16,069] {processor.py:651} INFO - DAG(s) dict_keys(['example_trigger_target_dag']) retrieved from /home/gustavo/Documents/etl_api_twitter/venv/lib/python3.9/site-packages/airflow/example_dags/example_trigger_target_dag.py
[2023-01-04 08:15:16,083] {logging_mixin.py:115} INFO - [2023-01-04 08:15:16,083] {dag.py:2379} INFO - Sync 1 DAGs
[2023-01-04 08:15:16,108] {logging_mixin.py:115} INFO - [2023-01-04 08:15:16,108] {dag.py:2927} INFO - Setting next_dagrun for example_trigger_target_dag to None, run_after=None
[2023-01-04 08:15:16,123] {processor.py:161} INFO - Processing /home/gustavo/Documents/etl_api_twitter/venv/lib/python3.9/site-packages/airflow/example_dags/example_trigger_target_dag.py took 0.098 seconds
[2023-01-04 08:15:46,923] {processor.py:153} INFO - Started process (PID=4767) to work on /home/gustavo/Documents/etl_api_twitter/venv/lib/python3.9/site-packages/airflow/example_dags/example_trigger_target_dag.py
[2023-01-04 08:15:46,925] {processor.py:641} INFO - Processing file /home/gustavo/Documents/etl_api_twitter/venv/lib/python3.9/site-packages/airflow/example_dags/example_trigger_target_dag.py for tasks to queue
[2023-01-04 08:15:46,926] {logging_mixin.py:115} INFO - [2023-01-04 08:15:46,926] {dagbag.py:507} INFO - Filling up the DagBag from /home/gustavo/Documents/etl_api_twitter/venv/lib/python3.9/site-packages/airflow/example_dags/example_trigger_target_dag.py
[2023-01-04 08:15:46,962] {processor.py:651} INFO - DAG(s) dict_keys(['example_trigger_target_dag']) retrieved from /home/gustavo/Documents/etl_api_twitter/venv/lib/python3.9/site-packages/airflow/example_dags/example_trigger_target_dag.py
[2023-01-04 08:15:47,001] {logging_mixin.py:115} INFO - [2023-01-04 08:15:47,001] {dag.py:2379} INFO - Sync 1 DAGs
[2023-01-04 08:15:47,018] {logging_mixin.py:115} INFO - [2023-01-04 08:15:47,018] {dag.py:2927} INFO - Setting next_dagrun for example_trigger_target_dag to None, run_after=None
[2023-01-04 08:15:47,032] {processor.py:161} INFO - Processing /home/gustavo/Documents/etl_api_twitter/venv/lib/python3.9/site-packages/airflow/example_dags/example_trigger_target_dag.py took 0.116 seconds
[2023-01-04 08:16:19,359] {processor.py:153} INFO - Started process (PID=4983) to work on /home/gustavo/Documents/etl_api_twitter/venv/lib/python3.9/site-packages/airflow/example_dags/example_trigger_target_dag.py
[2023-01-04 08:16:19,361] {processor.py:641} INFO - Processing file /home/gustavo/Documents/etl_api_twitter/venv/lib/python3.9/site-packages/airflow/example_dags/example_trigger_target_dag.py for tasks to queue
[2023-01-04 08:16:19,362] {logging_mixin.py:115} INFO - [2023-01-04 08:16:19,362] {dagbag.py:507} INFO - Filling up the DagBag from /home/gustavo/Documents/etl_api_twitter/venv/lib/python3.9/site-packages/airflow/example_dags/example_trigger_target_dag.py
[2023-01-04 08:16:19,394] {processor.py:651} INFO - DAG(s) dict_keys(['example_trigger_target_dag']) retrieved from /home/gustavo/Documents/etl_api_twitter/venv/lib/python3.9/site-packages/airflow/example_dags/example_trigger_target_dag.py
[2023-01-04 08:16:19,424] {logging_mixin.py:115} INFO - [2023-01-04 08:16:19,424] {dag.py:2379} INFO - Sync 1 DAGs
[2023-01-04 08:16:19,467] {logging_mixin.py:115} INFO - [2023-01-04 08:16:19,466] {dag.py:2927} INFO - Setting next_dagrun for example_trigger_target_dag to None, run_after=None
[2023-01-04 08:16:19,488] {processor.py:161} INFO - Processing /home/gustavo/Documents/etl_api_twitter/venv/lib/python3.9/site-packages/airflow/example_dags/example_trigger_target_dag.py took 0.134 seconds
[2023-01-04 08:16:51,950] {processor.py:153} INFO - Started process (PID=5161) to work on /home/gustavo/Documents/etl_api_twitter/venv/lib/python3.9/site-packages/airflow/example_dags/example_trigger_target_dag.py
[2023-01-04 08:16:51,951] {processor.py:641} INFO - Processing file /home/gustavo/Documents/etl_api_twitter/venv/lib/python3.9/site-packages/airflow/example_dags/example_trigger_target_dag.py for tasks to queue
[2023-01-04 08:16:51,953] {logging_mixin.py:115} INFO - [2023-01-04 08:16:51,952] {dagbag.py:507} INFO - Filling up the DagBag from /home/gustavo/Documents/etl_api_twitter/venv/lib/python3.9/site-packages/airflow/example_dags/example_trigger_target_dag.py
[2023-01-04 08:16:51,982] {processor.py:651} INFO - DAG(s) dict_keys(['example_trigger_target_dag']) retrieved from /home/gustavo/Documents/etl_api_twitter/venv/lib/python3.9/site-packages/airflow/example_dags/example_trigger_target_dag.py
[2023-01-04 08:16:52,000] {logging_mixin.py:115} INFO - [2023-01-04 08:16:52,000] {dag.py:2379} INFO - Sync 1 DAGs
[2023-01-04 08:16:52,027] {logging_mixin.py:115} INFO - [2023-01-04 08:16:52,027] {dag.py:2927} INFO - Setting next_dagrun for example_trigger_target_dag to None, run_after=None
[2023-01-04 08:16:52,040] {processor.py:161} INFO - Processing /home/gustavo/Documents/etl_api_twitter/venv/lib/python3.9/site-packages/airflow/example_dags/example_trigger_target_dag.py took 0.097 seconds
[2023-01-04 08:17:26,851] {processor.py:153} INFO - Started process (PID=5367) to work on /home/gustavo/Documents/etl_api_twitter/venv/lib/python3.9/site-packages/airflow/example_dags/example_trigger_target_dag.py
[2023-01-04 08:17:26,852] {processor.py:641} INFO - Processing file /home/gustavo/Documents/etl_api_twitter/venv/lib/python3.9/site-packages/airflow/example_dags/example_trigger_target_dag.py for tasks to queue
[2023-01-04 08:17:26,852] {logging_mixin.py:115} INFO - [2023-01-04 08:17:26,852] {dagbag.py:507} INFO - Filling up the DagBag from /home/gustavo/Documents/etl_api_twitter/venv/lib/python3.9/site-packages/airflow/example_dags/example_trigger_target_dag.py
[2023-01-04 08:17:26,883] {processor.py:651} INFO - DAG(s) dict_keys(['example_trigger_target_dag']) retrieved from /home/gustavo/Documents/etl_api_twitter/venv/lib/python3.9/site-packages/airflow/example_dags/example_trigger_target_dag.py
[2023-01-04 08:17:26,913] {logging_mixin.py:115} INFO - [2023-01-04 08:17:26,913] {dag.py:2379} INFO - Sync 1 DAGs
[2023-01-04 08:17:26,928] {logging_mixin.py:115} INFO - [2023-01-04 08:17:26,928] {dag.py:2927} INFO - Setting next_dagrun for example_trigger_target_dag to None, run_after=None
[2023-01-04 08:17:26,939] {processor.py:161} INFO - Processing /home/gustavo/Documents/etl_api_twitter/venv/lib/python3.9/site-packages/airflow/example_dags/example_trigger_target_dag.py took 0.092 seconds
[2023-01-04 08:18:00,753] {processor.py:153} INFO - Started process (PID=5578) to work on /home/gustavo/Documents/etl_api_twitter/venv/lib/python3.9/site-packages/airflow/example_dags/example_trigger_target_dag.py
[2023-01-04 08:18:00,755] {processor.py:641} INFO - Processing file /home/gustavo/Documents/etl_api_twitter/venv/lib/python3.9/site-packages/airflow/example_dags/example_trigger_target_dag.py for tasks to queue
[2023-01-04 08:18:00,756] {logging_mixin.py:115} INFO - [2023-01-04 08:18:00,756] {dagbag.py:507} INFO - Filling up the DagBag from /home/gustavo/Documents/etl_api_twitter/venv/lib/python3.9/site-packages/airflow/example_dags/example_trigger_target_dag.py
[2023-01-04 08:18:00,788] {processor.py:651} INFO - DAG(s) dict_keys(['example_trigger_target_dag']) retrieved from /home/gustavo/Documents/etl_api_twitter/venv/lib/python3.9/site-packages/airflow/example_dags/example_trigger_target_dag.py
[2023-01-04 08:18:00,832] {logging_mixin.py:115} INFO - [2023-01-04 08:18:00,832] {dag.py:2379} INFO - Sync 1 DAGs
[2023-01-04 08:18:00,883] {logging_mixin.py:115} INFO - [2023-01-04 08:18:00,883] {dag.py:2927} INFO - Setting next_dagrun for example_trigger_target_dag to None, run_after=None
[2023-01-04 08:18:00,919] {processor.py:161} INFO - Processing /home/gustavo/Documents/etl_api_twitter/venv/lib/python3.9/site-packages/airflow/example_dags/example_trigger_target_dag.py took 0.173 seconds
[2023-01-04 08:18:33,746] {processor.py:153} INFO - Started process (PID=5760) to work on /home/gustavo/Documents/etl_api_twitter/venv/lib/python3.9/site-packages/airflow/example_dags/example_trigger_target_dag.py
[2023-01-04 08:18:33,748] {processor.py:641} INFO - Processing file /home/gustavo/Documents/etl_api_twitter/venv/lib/python3.9/site-packages/airflow/example_dags/example_trigger_target_dag.py for tasks to queue
[2023-01-04 08:18:33,749] {logging_mixin.py:115} INFO - [2023-01-04 08:18:33,749] {dagbag.py:507} INFO - Filling up the DagBag from /home/gustavo/Documents/etl_api_twitter/venv/lib/python3.9/site-packages/airflow/example_dags/example_trigger_target_dag.py
[2023-01-04 08:18:33,780] {processor.py:651} INFO - DAG(s) dict_keys(['example_trigger_target_dag']) retrieved from /home/gustavo/Documents/etl_api_twitter/venv/lib/python3.9/site-packages/airflow/example_dags/example_trigger_target_dag.py
[2023-01-04 08:18:33,810] {logging_mixin.py:115} INFO - [2023-01-04 08:18:33,809] {dag.py:2379} INFO - Sync 1 DAGs
[2023-01-04 08:18:33,872] {logging_mixin.py:115} INFO - [2023-01-04 08:18:33,872] {dag.py:2927} INFO - Setting next_dagrun for example_trigger_target_dag to None, run_after=None
[2023-01-04 08:18:33,896] {processor.py:161} INFO - Processing /home/gustavo/Documents/etl_api_twitter/venv/lib/python3.9/site-packages/airflow/example_dags/example_trigger_target_dag.py took 0.155 seconds
[2023-01-04 08:19:04,170] {processor.py:153} INFO - Started process (PID=5935) to work on /home/gustavo/Documents/etl_api_twitter/venv/lib/python3.9/site-packages/airflow/example_dags/example_trigger_target_dag.py
[2023-01-04 08:19:04,172] {processor.py:641} INFO - Processing file /home/gustavo/Documents/etl_api_twitter/venv/lib/python3.9/site-packages/airflow/example_dags/example_trigger_target_dag.py for tasks to queue
[2023-01-04 08:19:04,173] {logging_mixin.py:115} INFO - [2023-01-04 08:19:04,172] {dagbag.py:507} INFO - Filling up the DagBag from /home/gustavo/Documents/etl_api_twitter/venv/lib/python3.9/site-packages/airflow/example_dags/example_trigger_target_dag.py
[2023-01-04 08:19:04,189] {processor.py:651} INFO - DAG(s) dict_keys(['example_trigger_target_dag']) retrieved from /home/gustavo/Documents/etl_api_twitter/venv/lib/python3.9/site-packages/airflow/example_dags/example_trigger_target_dag.py
[2023-01-04 08:19:04,210] {logging_mixin.py:115} INFO - [2023-01-04 08:19:04,210] {dag.py:2379} INFO - Sync 1 DAGs
[2023-01-04 08:19:04,226] {logging_mixin.py:115} INFO - [2023-01-04 08:19:04,226] {dag.py:2927} INFO - Setting next_dagrun for example_trigger_target_dag to None, run_after=None
[2023-01-04 08:19:04,236] {processor.py:161} INFO - Processing /home/gustavo/Documents/etl_api_twitter/venv/lib/python3.9/site-packages/airflow/example_dags/example_trigger_target_dag.py took 0.073 seconds
[2023-01-04 08:19:41,125] {processor.py:153} INFO - Started process (PID=6142) to work on /home/gustavo/Documents/etl_api_twitter/venv/lib/python3.9/site-packages/airflow/example_dags/example_trigger_target_dag.py
[2023-01-04 08:19:41,127] {processor.py:641} INFO - Processing file /home/gustavo/Documents/etl_api_twitter/venv/lib/python3.9/site-packages/airflow/example_dags/example_trigger_target_dag.py for tasks to queue
[2023-01-04 08:19:41,128] {logging_mixin.py:115} INFO - [2023-01-04 08:19:41,128] {dagbag.py:507} INFO - Filling up the DagBag from /home/gustavo/Documents/etl_api_twitter/venv/lib/python3.9/site-packages/airflow/example_dags/example_trigger_target_dag.py
[2023-01-04 08:19:41,152] {processor.py:651} INFO - DAG(s) dict_keys(['example_trigger_target_dag']) retrieved from /home/gustavo/Documents/etl_api_twitter/venv/lib/python3.9/site-packages/airflow/example_dags/example_trigger_target_dag.py
[2023-01-04 08:19:41,167] {logging_mixin.py:115} INFO - [2023-01-04 08:19:41,167] {dag.py:2379} INFO - Sync 1 DAGs
[2023-01-04 08:19:41,185] {logging_mixin.py:115} INFO - [2023-01-04 08:19:41,185] {dag.py:2927} INFO - Setting next_dagrun for example_trigger_target_dag to None, run_after=None
[2023-01-04 08:19:41,206] {processor.py:161} INFO - Processing /home/gustavo/Documents/etl_api_twitter/venv/lib/python3.9/site-packages/airflow/example_dags/example_trigger_target_dag.py took 0.084 seconds
[2023-01-04 08:20:14,042] {processor.py:153} INFO - Started process (PID=6349) to work on /home/gustavo/Documents/etl_api_twitter/venv/lib/python3.9/site-packages/airflow/example_dags/example_trigger_target_dag.py
[2023-01-04 08:20:14,044] {processor.py:641} INFO - Processing file /home/gustavo/Documents/etl_api_twitter/venv/lib/python3.9/site-packages/airflow/example_dags/example_trigger_target_dag.py for tasks to queue
[2023-01-04 08:20:14,045] {logging_mixin.py:115} INFO - [2023-01-04 08:20:14,045] {dagbag.py:507} INFO - Filling up the DagBag from /home/gustavo/Documents/etl_api_twitter/venv/lib/python3.9/site-packages/airflow/example_dags/example_trigger_target_dag.py
[2023-01-04 08:20:14,074] {processor.py:651} INFO - DAG(s) dict_keys(['example_trigger_target_dag']) retrieved from /home/gustavo/Documents/etl_api_twitter/venv/lib/python3.9/site-packages/airflow/example_dags/example_trigger_target_dag.py
[2023-01-04 08:20:14,106] {logging_mixin.py:115} INFO - [2023-01-04 08:20:14,105] {dag.py:2379} INFO - Sync 1 DAGs
[2023-01-04 08:20:14,122] {logging_mixin.py:115} INFO - [2023-01-04 08:20:14,122] {dag.py:2927} INFO - Setting next_dagrun for example_trigger_target_dag to None, run_after=None
[2023-01-04 08:20:14,134] {processor.py:161} INFO - Processing /home/gustavo/Documents/etl_api_twitter/venv/lib/python3.9/site-packages/airflow/example_dags/example_trigger_target_dag.py took 0.099 seconds
[2023-01-04 08:20:47,475] {processor.py:153} INFO - Started process (PID=6580) to work on /home/gustavo/Documents/etl_api_twitter/venv/lib/python3.9/site-packages/airflow/example_dags/example_trigger_target_dag.py
[2023-01-04 08:20:47,477] {processor.py:641} INFO - Processing file /home/gustavo/Documents/etl_api_twitter/venv/lib/python3.9/site-packages/airflow/example_dags/example_trigger_target_dag.py for tasks to queue
[2023-01-04 08:20:47,478] {logging_mixin.py:115} INFO - [2023-01-04 08:20:47,477] {dagbag.py:507} INFO - Filling up the DagBag from /home/gustavo/Documents/etl_api_twitter/venv/lib/python3.9/site-packages/airflow/example_dags/example_trigger_target_dag.py
[2023-01-04 08:20:47,506] {processor.py:651} INFO - DAG(s) dict_keys(['example_trigger_target_dag']) retrieved from /home/gustavo/Documents/etl_api_twitter/venv/lib/python3.9/site-packages/airflow/example_dags/example_trigger_target_dag.py
[2023-01-04 08:20:47,539] {logging_mixin.py:115} INFO - [2023-01-04 08:20:47,539] {dag.py:2379} INFO - Sync 1 DAGs
[2023-01-04 08:20:47,576] {logging_mixin.py:115} INFO - [2023-01-04 08:20:47,575] {dag.py:2927} INFO - Setting next_dagrun for example_trigger_target_dag to None, run_after=None
[2023-01-04 08:20:47,593] {processor.py:161} INFO - Processing /home/gustavo/Documents/etl_api_twitter/venv/lib/python3.9/site-packages/airflow/example_dags/example_trigger_target_dag.py took 0.125 seconds
[2023-01-04 08:21:21,439] {processor.py:153} INFO - Started process (PID=6785) to work on /home/gustavo/Documents/etl_api_twitter/venv/lib/python3.9/site-packages/airflow/example_dags/example_trigger_target_dag.py
[2023-01-04 08:21:21,441] {processor.py:641} INFO - Processing file /home/gustavo/Documents/etl_api_twitter/venv/lib/python3.9/site-packages/airflow/example_dags/example_trigger_target_dag.py for tasks to queue
[2023-01-04 08:21:21,442] {logging_mixin.py:115} INFO - [2023-01-04 08:21:21,442] {dagbag.py:507} INFO - Filling up the DagBag from /home/gustavo/Documents/etl_api_twitter/venv/lib/python3.9/site-packages/airflow/example_dags/example_trigger_target_dag.py
[2023-01-04 08:21:21,469] {processor.py:651} INFO - DAG(s) dict_keys(['example_trigger_target_dag']) retrieved from /home/gustavo/Documents/etl_api_twitter/venv/lib/python3.9/site-packages/airflow/example_dags/example_trigger_target_dag.py
[2023-01-04 08:21:21,483] {logging_mixin.py:115} INFO - [2023-01-04 08:21:21,483] {dag.py:2379} INFO - Sync 1 DAGs
[2023-01-04 08:21:21,498] {logging_mixin.py:115} INFO - [2023-01-04 08:21:21,497] {dag.py:2927} INFO - Setting next_dagrun for example_trigger_target_dag to None, run_after=None
[2023-01-04 08:21:21,509] {processor.py:161} INFO - Processing /home/gustavo/Documents/etl_api_twitter/venv/lib/python3.9/site-packages/airflow/example_dags/example_trigger_target_dag.py took 0.074 seconds
[2023-01-04 08:21:56,192] {processor.py:153} INFO - Started process (PID=6990) to work on /home/gustavo/Documents/etl_api_twitter/venv/lib/python3.9/site-packages/airflow/example_dags/example_trigger_target_dag.py
[2023-01-04 08:21:56,193] {processor.py:641} INFO - Processing file /home/gustavo/Documents/etl_api_twitter/venv/lib/python3.9/site-packages/airflow/example_dags/example_trigger_target_dag.py for tasks to queue
[2023-01-04 08:21:56,194] {logging_mixin.py:115} INFO - [2023-01-04 08:21:56,194] {dagbag.py:507} INFO - Filling up the DagBag from /home/gustavo/Documents/etl_api_twitter/venv/lib/python3.9/site-packages/airflow/example_dags/example_trigger_target_dag.py
[2023-01-04 08:21:56,209] {processor.py:651} INFO - DAG(s) dict_keys(['example_trigger_target_dag']) retrieved from /home/gustavo/Documents/etl_api_twitter/venv/lib/python3.9/site-packages/airflow/example_dags/example_trigger_target_dag.py
[2023-01-04 08:21:56,225] {logging_mixin.py:115} INFO - [2023-01-04 08:21:56,224] {dag.py:2379} INFO - Sync 1 DAGs
[2023-01-04 08:21:56,248] {logging_mixin.py:115} INFO - [2023-01-04 08:21:56,248] {dag.py:2927} INFO - Setting next_dagrun for example_trigger_target_dag to None, run_after=None
[2023-01-04 08:21:56,259] {processor.py:161} INFO - Processing /home/gustavo/Documents/etl_api_twitter/venv/lib/python3.9/site-packages/airflow/example_dags/example_trigger_target_dag.py took 0.069 seconds
[2023-01-04 08:22:29,789] {processor.py:153} INFO - Started process (PID=7170) to work on /home/gustavo/Documents/etl_api_twitter/venv/lib/python3.9/site-packages/airflow/example_dags/example_trigger_target_dag.py
[2023-01-04 08:22:29,791] {processor.py:641} INFO - Processing file /home/gustavo/Documents/etl_api_twitter/venv/lib/python3.9/site-packages/airflow/example_dags/example_trigger_target_dag.py for tasks to queue
[2023-01-04 08:22:29,792] {logging_mixin.py:115} INFO - [2023-01-04 08:22:29,792] {dagbag.py:507} INFO - Filling up the DagBag from /home/gustavo/Documents/etl_api_twitter/venv/lib/python3.9/site-packages/airflow/example_dags/example_trigger_target_dag.py
[2023-01-04 08:22:29,825] {processor.py:651} INFO - DAG(s) dict_keys(['example_trigger_target_dag']) retrieved from /home/gustavo/Documents/etl_api_twitter/venv/lib/python3.9/site-packages/airflow/example_dags/example_trigger_target_dag.py
[2023-01-04 08:22:29,851] {logging_mixin.py:115} INFO - [2023-01-04 08:22:29,851] {dag.py:2379} INFO - Sync 1 DAGs
[2023-01-04 08:22:29,873] {logging_mixin.py:115} INFO - [2023-01-04 08:22:29,873] {dag.py:2927} INFO - Setting next_dagrun for example_trigger_target_dag to None, run_after=None
[2023-01-04 08:22:29,884] {processor.py:161} INFO - Processing /home/gustavo/Documents/etl_api_twitter/venv/lib/python3.9/site-packages/airflow/example_dags/example_trigger_target_dag.py took 0.102 seconds
[2023-01-04 08:23:03,629] {processor.py:153} INFO - Started process (PID=7382) to work on /home/gustavo/Documents/etl_api_twitter/venv/lib/python3.9/site-packages/airflow/example_dags/example_trigger_target_dag.py
[2023-01-04 08:23:03,631] {processor.py:641} INFO - Processing file /home/gustavo/Documents/etl_api_twitter/venv/lib/python3.9/site-packages/airflow/example_dags/example_trigger_target_dag.py for tasks to queue
[2023-01-04 08:23:03,631] {logging_mixin.py:115} INFO - [2023-01-04 08:23:03,631] {dagbag.py:507} INFO - Filling up the DagBag from /home/gustavo/Documents/etl_api_twitter/venv/lib/python3.9/site-packages/airflow/example_dags/example_trigger_target_dag.py
[2023-01-04 08:23:03,660] {processor.py:651} INFO - DAG(s) dict_keys(['example_trigger_target_dag']) retrieved from /home/gustavo/Documents/etl_api_twitter/venv/lib/python3.9/site-packages/airflow/example_dags/example_trigger_target_dag.py
[2023-01-04 08:23:03,677] {logging_mixin.py:115} INFO - [2023-01-04 08:23:03,677] {dag.py:2379} INFO - Sync 1 DAGs
[2023-01-04 08:23:03,689] {logging_mixin.py:115} INFO - [2023-01-04 08:23:03,689] {dag.py:2927} INFO - Setting next_dagrun for example_trigger_target_dag to None, run_after=None
[2023-01-04 08:23:03,700] {processor.py:161} INFO - Processing /home/gustavo/Documents/etl_api_twitter/venv/lib/python3.9/site-packages/airflow/example_dags/example_trigger_target_dag.py took 0.077 seconds
[2023-01-04 08:23:38,389] {processor.py:153} INFO - Started process (PID=7591) to work on /home/gustavo/Documents/etl_api_twitter/venv/lib/python3.9/site-packages/airflow/example_dags/example_trigger_target_dag.py
[2023-01-04 08:23:38,391] {processor.py:641} INFO - Processing file /home/gustavo/Documents/etl_api_twitter/venv/lib/python3.9/site-packages/airflow/example_dags/example_trigger_target_dag.py for tasks to queue
[2023-01-04 08:23:38,392] {logging_mixin.py:115} INFO - [2023-01-04 08:23:38,392] {dagbag.py:507} INFO - Filling up the DagBag from /home/gustavo/Documents/etl_api_twitter/venv/lib/python3.9/site-packages/airflow/example_dags/example_trigger_target_dag.py
[2023-01-04 08:23:38,407] {processor.py:651} INFO - DAG(s) dict_keys(['example_trigger_target_dag']) retrieved from /home/gustavo/Documents/etl_api_twitter/venv/lib/python3.9/site-packages/airflow/example_dags/example_trigger_target_dag.py
[2023-01-04 08:23:38,422] {logging_mixin.py:115} INFO - [2023-01-04 08:23:38,422] {dag.py:2379} INFO - Sync 1 DAGs
[2023-01-04 08:23:38,446] {logging_mixin.py:115} INFO - [2023-01-04 08:23:38,445] {dag.py:2927} INFO - Setting next_dagrun for example_trigger_target_dag to None, run_after=None
[2023-01-04 08:23:38,457] {processor.py:161} INFO - Processing /home/gustavo/Documents/etl_api_twitter/venv/lib/python3.9/site-packages/airflow/example_dags/example_trigger_target_dag.py took 0.074 seconds
[2023-01-04 08:24:10,919] {processor.py:153} INFO - Started process (PID=7767) to work on /home/gustavo/Documents/etl_api_twitter/venv/lib/python3.9/site-packages/airflow/example_dags/example_trigger_target_dag.py
[2023-01-04 08:24:10,920] {processor.py:641} INFO - Processing file /home/gustavo/Documents/etl_api_twitter/venv/lib/python3.9/site-packages/airflow/example_dags/example_trigger_target_dag.py for tasks to queue
[2023-01-04 08:24:10,921] {logging_mixin.py:115} INFO - [2023-01-04 08:24:10,920] {dagbag.py:507} INFO - Filling up the DagBag from /home/gustavo/Documents/etl_api_twitter/venv/lib/python3.9/site-packages/airflow/example_dags/example_trigger_target_dag.py
[2023-01-04 08:24:10,934] {processor.py:651} INFO - DAG(s) dict_keys(['example_trigger_target_dag']) retrieved from /home/gustavo/Documents/etl_api_twitter/venv/lib/python3.9/site-packages/airflow/example_dags/example_trigger_target_dag.py
[2023-01-04 08:24:10,947] {logging_mixin.py:115} INFO - [2023-01-04 08:24:10,947] {dag.py:2379} INFO - Sync 1 DAGs
[2023-01-04 08:24:10,964] {logging_mixin.py:115} INFO - [2023-01-04 08:24:10,963] {dag.py:2927} INFO - Setting next_dagrun for example_trigger_target_dag to None, run_after=None
[2023-01-04 08:24:10,978] {processor.py:161} INFO - Processing /home/gustavo/Documents/etl_api_twitter/venv/lib/python3.9/site-packages/airflow/example_dags/example_trigger_target_dag.py took 0.062 seconds
[2023-01-04 08:24:42,831] {processor.py:153} INFO - Started process (PID=7944) to work on /home/gustavo/Documents/etl_api_twitter/venv/lib/python3.9/site-packages/airflow/example_dags/example_trigger_target_dag.py
[2023-01-04 08:24:42,832] {processor.py:641} INFO - Processing file /home/gustavo/Documents/etl_api_twitter/venv/lib/python3.9/site-packages/airflow/example_dags/example_trigger_target_dag.py for tasks to queue
[2023-01-04 08:24:42,832] {logging_mixin.py:115} INFO - [2023-01-04 08:24:42,832] {dagbag.py:507} INFO - Filling up the DagBag from /home/gustavo/Documents/etl_api_twitter/venv/lib/python3.9/site-packages/airflow/example_dags/example_trigger_target_dag.py
[2023-01-04 08:24:42,846] {processor.py:651} INFO - DAG(s) dict_keys(['example_trigger_target_dag']) retrieved from /home/gustavo/Documents/etl_api_twitter/venv/lib/python3.9/site-packages/airflow/example_dags/example_trigger_target_dag.py
[2023-01-04 08:24:42,868] {logging_mixin.py:115} INFO - [2023-01-04 08:24:42,868] {dag.py:2379} INFO - Sync 1 DAGs
[2023-01-04 08:24:42,899] {logging_mixin.py:115} INFO - [2023-01-04 08:24:42,899] {dag.py:2927} INFO - Setting next_dagrun for example_trigger_target_dag to None, run_after=None
[2023-01-04 08:24:42,922] {processor.py:161} INFO - Processing /home/gustavo/Documents/etl_api_twitter/venv/lib/python3.9/site-packages/airflow/example_dags/example_trigger_target_dag.py took 0.099 seconds
[2023-01-04 08:25:14,668] {processor.py:153} INFO - Started process (PID=8147) to work on /home/gustavo/Documents/etl_api_twitter/venv/lib/python3.9/site-packages/airflow/example_dags/example_trigger_target_dag.py
[2023-01-04 08:25:14,669] {processor.py:641} INFO - Processing file /home/gustavo/Documents/etl_api_twitter/venv/lib/python3.9/site-packages/airflow/example_dags/example_trigger_target_dag.py for tasks to queue
[2023-01-04 08:25:14,669] {logging_mixin.py:115} INFO - [2023-01-04 08:25:14,669] {dagbag.py:507} INFO - Filling up the DagBag from /home/gustavo/Documents/etl_api_twitter/venv/lib/python3.9/site-packages/airflow/example_dags/example_trigger_target_dag.py
[2023-01-04 08:25:14,706] {processor.py:651} INFO - DAG(s) dict_keys(['example_trigger_target_dag']) retrieved from /home/gustavo/Documents/etl_api_twitter/venv/lib/python3.9/site-packages/airflow/example_dags/example_trigger_target_dag.py
[2023-01-04 08:25:14,734] {logging_mixin.py:115} INFO - [2023-01-04 08:25:14,734] {dag.py:2379} INFO - Sync 1 DAGs
[2023-01-04 08:25:14,766] {logging_mixin.py:115} INFO - [2023-01-04 08:25:14,766] {dag.py:2927} INFO - Setting next_dagrun for example_trigger_target_dag to None, run_after=None
[2023-01-04 08:25:14,798] {processor.py:161} INFO - Processing /home/gustavo/Documents/etl_api_twitter/venv/lib/python3.9/site-packages/airflow/example_dags/example_trigger_target_dag.py took 0.133 seconds
[2023-01-04 08:25:48,606] {processor.py:153} INFO - Started process (PID=8380) to work on /home/gustavo/Documents/etl_api_twitter/venv/lib/python3.9/site-packages/airflow/example_dags/example_trigger_target_dag.py
[2023-01-04 08:25:48,608] {processor.py:641} INFO - Processing file /home/gustavo/Documents/etl_api_twitter/venv/lib/python3.9/site-packages/airflow/example_dags/example_trigger_target_dag.py for tasks to queue
[2023-01-04 08:25:48,609] {logging_mixin.py:115} INFO - [2023-01-04 08:25:48,609] {dagbag.py:507} INFO - Filling up the DagBag from /home/gustavo/Documents/etl_api_twitter/venv/lib/python3.9/site-packages/airflow/example_dags/example_trigger_target_dag.py
[2023-01-04 08:25:48,637] {processor.py:651} INFO - DAG(s) dict_keys(['example_trigger_target_dag']) retrieved from /home/gustavo/Documents/etl_api_twitter/venv/lib/python3.9/site-packages/airflow/example_dags/example_trigger_target_dag.py
[2023-01-04 08:25:48,663] {logging_mixin.py:115} INFO - [2023-01-04 08:25:48,662] {dag.py:2379} INFO - Sync 1 DAGs
[2023-01-04 08:25:48,690] {logging_mixin.py:115} INFO - [2023-01-04 08:25:48,690] {dag.py:2927} INFO - Setting next_dagrun for example_trigger_target_dag to None, run_after=None
[2023-01-04 08:25:48,712] {processor.py:161} INFO - Processing /home/gustavo/Documents/etl_api_twitter/venv/lib/python3.9/site-packages/airflow/example_dags/example_trigger_target_dag.py took 0.111 seconds
[2023-01-04 08:26:20,991] {processor.py:153} INFO - Started process (PID=8583) to work on /home/gustavo/Documents/etl_api_twitter/venv/lib/python3.9/site-packages/airflow/example_dags/example_trigger_target_dag.py
[2023-01-04 08:26:20,992] {processor.py:641} INFO - Processing file /home/gustavo/Documents/etl_api_twitter/venv/lib/python3.9/site-packages/airflow/example_dags/example_trigger_target_dag.py for tasks to queue
[2023-01-04 08:26:20,993] {logging_mixin.py:115} INFO - [2023-01-04 08:26:20,993] {dagbag.py:507} INFO - Filling up the DagBag from /home/gustavo/Documents/etl_api_twitter/venv/lib/python3.9/site-packages/airflow/example_dags/example_trigger_target_dag.py
[2023-01-04 08:26:21,010] {processor.py:651} INFO - DAG(s) dict_keys(['example_trigger_target_dag']) retrieved from /home/gustavo/Documents/etl_api_twitter/venv/lib/python3.9/site-packages/airflow/example_dags/example_trigger_target_dag.py
[2023-01-04 08:26:21,042] {logging_mixin.py:115} INFO - [2023-01-04 08:26:21,042] {dag.py:2379} INFO - Sync 1 DAGs
[2023-01-04 08:26:21,073] {logging_mixin.py:115} INFO - [2023-01-04 08:26:21,072] {dag.py:2927} INFO - Setting next_dagrun for example_trigger_target_dag to None, run_after=None
[2023-01-04 08:26:21,093] {processor.py:161} INFO - Processing /home/gustavo/Documents/etl_api_twitter/venv/lib/python3.9/site-packages/airflow/example_dags/example_trigger_target_dag.py took 0.106 seconds
[2023-01-04 08:26:55,492] {processor.py:153} INFO - Started process (PID=8763) to work on /home/gustavo/Documents/etl_api_twitter/venv/lib/python3.9/site-packages/airflow/example_dags/example_trigger_target_dag.py
[2023-01-04 08:26:55,492] {processor.py:641} INFO - Processing file /home/gustavo/Documents/etl_api_twitter/venv/lib/python3.9/site-packages/airflow/example_dags/example_trigger_target_dag.py for tasks to queue
[2023-01-04 08:26:55,493] {logging_mixin.py:115} INFO - [2023-01-04 08:26:55,493] {dagbag.py:507} INFO - Filling up the DagBag from /home/gustavo/Documents/etl_api_twitter/venv/lib/python3.9/site-packages/airflow/example_dags/example_trigger_target_dag.py
[2023-01-04 08:26:55,513] {processor.py:651} INFO - DAG(s) dict_keys(['example_trigger_target_dag']) retrieved from /home/gustavo/Documents/etl_api_twitter/venv/lib/python3.9/site-packages/airflow/example_dags/example_trigger_target_dag.py
[2023-01-04 08:26:55,530] {logging_mixin.py:115} INFO - [2023-01-04 08:26:55,530] {dag.py:2379} INFO - Sync 1 DAGs
[2023-01-04 08:26:55,550] {logging_mixin.py:115} INFO - [2023-01-04 08:26:55,550] {dag.py:2927} INFO - Setting next_dagrun for example_trigger_target_dag to None, run_after=None
[2023-01-04 08:26:55,563] {processor.py:161} INFO - Processing /home/gustavo/Documents/etl_api_twitter/venv/lib/python3.9/site-packages/airflow/example_dags/example_trigger_target_dag.py took 0.074 seconds
[2023-01-04 08:27:27,289] {processor.py:153} INFO - Started process (PID=8949) to work on /home/gustavo/Documents/etl_api_twitter/venv/lib/python3.9/site-packages/airflow/example_dags/example_trigger_target_dag.py
[2023-01-04 08:27:27,291] {processor.py:641} INFO - Processing file /home/gustavo/Documents/etl_api_twitter/venv/lib/python3.9/site-packages/airflow/example_dags/example_trigger_target_dag.py for tasks to queue
[2023-01-04 08:27:27,292] {logging_mixin.py:115} INFO - [2023-01-04 08:27:27,292] {dagbag.py:507} INFO - Filling up the DagBag from /home/gustavo/Documents/etl_api_twitter/venv/lib/python3.9/site-packages/airflow/example_dags/example_trigger_target_dag.py
[2023-01-04 08:27:27,324] {processor.py:651} INFO - DAG(s) dict_keys(['example_trigger_target_dag']) retrieved from /home/gustavo/Documents/etl_api_twitter/venv/lib/python3.9/site-packages/airflow/example_dags/example_trigger_target_dag.py
[2023-01-04 08:27:27,345] {logging_mixin.py:115} INFO - [2023-01-04 08:27:27,345] {dag.py:2379} INFO - Sync 1 DAGs
[2023-01-04 08:27:27,383] {logging_mixin.py:115} INFO - [2023-01-04 08:27:27,383] {dag.py:2927} INFO - Setting next_dagrun for example_trigger_target_dag to None, run_after=None
[2023-01-04 08:27:27,404] {processor.py:161} INFO - Processing /home/gustavo/Documents/etl_api_twitter/venv/lib/python3.9/site-packages/airflow/example_dags/example_trigger_target_dag.py took 0.122 seconds
