[2023-01-04 08:01:06,507] {processor.py:153} INFO - Started process (PID=28318) to work on /home/gustavo/Documents/etl_api_twitter/venv/lib/python3.9/site-packages/airflow/example_dags/example_branch_day_of_week_operator.py
[2023-01-04 08:01:06,509] {processor.py:641} INFO - Processing file /home/gustavo/Documents/etl_api_twitter/venv/lib/python3.9/site-packages/airflow/example_dags/example_branch_day_of_week_operator.py for tasks to queue
[2023-01-04 08:01:06,516] {logging_mixin.py:115} INFO - [2023-01-04 08:01:06,516] {dagbag.py:507} INFO - Filling up the DagBag from /home/gustavo/Documents/etl_api_twitter/venv/lib/python3.9/site-packages/airflow/example_dags/example_branch_day_of_week_operator.py
[2023-01-04 08:01:06,559] {processor.py:651} INFO - DAG(s) dict_keys(['example_weekday_branch_operator']) retrieved from /home/gustavo/Documents/etl_api_twitter/venv/lib/python3.9/site-packages/airflow/example_dags/example_branch_day_of_week_operator.py
[2023-01-04 08:01:06,751] {logging_mixin.py:115} INFO - [2023-01-04 08:01:06,751] {manager.py:508} INFO - Created Permission View: can edit on DAG:example_weekday_branch_operator
[2023-01-04 08:01:06,771] {logging_mixin.py:115} INFO - [2023-01-04 08:01:06,770] {manager.py:508} INFO - Created Permission View: can read on DAG:example_weekday_branch_operator
[2023-01-04 08:01:06,781] {logging_mixin.py:115} INFO - [2023-01-04 08:01:06,781] {manager.py:508} INFO - Created Permission View: can delete on DAG:example_weekday_branch_operator
[2023-01-04 08:01:06,781] {logging_mixin.py:115} INFO - [2023-01-04 08:01:06,781] {dag.py:2379} INFO - Sync 1 DAGs
[2023-01-04 08:01:06,796] {logging_mixin.py:115} INFO - [2023-01-04 08:01:06,796] {dag.py:2398} INFO - Creating ORM DAG for example_weekday_branch_operator
[2023-01-04 08:01:06,829] {logging_mixin.py:115} INFO - [2023-01-04 08:01:06,828] {dag.py:2927} INFO - Setting next_dagrun for example_weekday_branch_operator to 2023-01-03T00:00:00+00:00, run_after=2023-01-04T00:00:00+00:00
[2023-01-04 08:01:06,882] {processor.py:161} INFO - Processing /home/gustavo/Documents/etl_api_twitter/venv/lib/python3.9/site-packages/airflow/example_dags/example_branch_day_of_week_operator.py took 0.411 seconds
[2023-01-04 08:01:44,519] {processor.py:153} INFO - Started process (PID=28537) to work on /home/gustavo/Documents/etl_api_twitter/venv/lib/python3.9/site-packages/airflow/example_dags/example_branch_day_of_week_operator.py
[2023-01-04 08:01:44,524] {processor.py:641} INFO - Processing file /home/gustavo/Documents/etl_api_twitter/venv/lib/python3.9/site-packages/airflow/example_dags/example_branch_day_of_week_operator.py for tasks to queue
[2023-01-04 08:01:44,526] {logging_mixin.py:115} INFO - [2023-01-04 08:01:44,525] {dagbag.py:507} INFO - Filling up the DagBag from /home/gustavo/Documents/etl_api_twitter/venv/lib/python3.9/site-packages/airflow/example_dags/example_branch_day_of_week_operator.py
[2023-01-04 08:01:44,543] {processor.py:651} INFO - DAG(s) dict_keys(['example_weekday_branch_operator']) retrieved from /home/gustavo/Documents/etl_api_twitter/venv/lib/python3.9/site-packages/airflow/example_dags/example_branch_day_of_week_operator.py
[2023-01-04 08:01:44,566] {logging_mixin.py:115} INFO - [2023-01-04 08:01:44,566] {dag.py:2379} INFO - Sync 1 DAGs
[2023-01-04 08:01:44,589] {logging_mixin.py:115} INFO - [2023-01-04 08:01:44,588] {dag.py:2927} INFO - Setting next_dagrun for example_weekday_branch_operator to 2023-01-03T00:00:00+00:00, run_after=2023-01-04T00:00:00+00:00
[2023-01-04 08:01:44,605] {processor.py:161} INFO - Processing /home/gustavo/Documents/etl_api_twitter/venv/lib/python3.9/site-packages/airflow/example_dags/example_branch_day_of_week_operator.py took 0.097 seconds
[2023-01-04 08:10:56,861] {processor.py:153} INFO - Started process (PID=3678) to work on /home/gustavo/Documents/etl_api_twitter/venv/lib/python3.9/site-packages/airflow/example_dags/example_branch_day_of_week_operator.py
[2023-01-04 08:10:56,862] {processor.py:641} INFO - Processing file /home/gustavo/Documents/etl_api_twitter/venv/lib/python3.9/site-packages/airflow/example_dags/example_branch_day_of_week_operator.py for tasks to queue
[2023-01-04 08:10:56,863] {logging_mixin.py:115} INFO - [2023-01-04 08:10:56,863] {dagbag.py:507} INFO - Filling up the DagBag from /home/gustavo/Documents/etl_api_twitter/venv/lib/python3.9/site-packages/airflow/example_dags/example_branch_day_of_week_operator.py
[2023-01-04 08:10:56,873] {processor.py:651} INFO - DAG(s) dict_keys(['example_weekday_branch_operator']) retrieved from /home/gustavo/Documents/etl_api_twitter/venv/lib/python3.9/site-packages/airflow/example_dags/example_branch_day_of_week_operator.py
[2023-01-04 08:10:56,886] {logging_mixin.py:115} INFO - [2023-01-04 08:10:56,886] {dag.py:2379} INFO - Sync 1 DAGs
[2023-01-04 08:10:56,909] {logging_mixin.py:115} INFO - [2023-01-04 08:10:56,909] {dag.py:2927} INFO - Setting next_dagrun for example_weekday_branch_operator to 2023-01-03T00:00:00+00:00, run_after=2023-01-04T00:00:00+00:00
[2023-01-04 08:10:56,928] {processor.py:161} INFO - Processing /home/gustavo/Documents/etl_api_twitter/venv/lib/python3.9/site-packages/airflow/example_dags/example_branch_day_of_week_operator.py took 0.070 seconds
[2023-01-04 08:11:32,889] {processor.py:153} INFO - Started process (PID=3942) to work on /home/gustavo/Documents/etl_api_twitter/venv/lib/python3.9/site-packages/airflow/example_dags/example_branch_day_of_week_operator.py
[2023-01-04 08:11:32,890] {processor.py:641} INFO - Processing file /home/gustavo/Documents/etl_api_twitter/venv/lib/python3.9/site-packages/airflow/example_dags/example_branch_day_of_week_operator.py for tasks to queue
[2023-01-04 08:11:32,891] {logging_mixin.py:115} INFO - [2023-01-04 08:11:32,891] {dagbag.py:507} INFO - Filling up the DagBag from /home/gustavo/Documents/etl_api_twitter/venv/lib/python3.9/site-packages/airflow/example_dags/example_branch_day_of_week_operator.py
[2023-01-04 08:11:32,901] {processor.py:651} INFO - DAG(s) dict_keys(['example_weekday_branch_operator']) retrieved from /home/gustavo/Documents/etl_api_twitter/venv/lib/python3.9/site-packages/airflow/example_dags/example_branch_day_of_week_operator.py
[2023-01-04 08:11:32,919] {logging_mixin.py:115} INFO - [2023-01-04 08:11:32,918] {dag.py:2379} INFO - Sync 1 DAGs
[2023-01-04 08:11:32,936] {logging_mixin.py:115} INFO - [2023-01-04 08:11:32,936] {dag.py:2927} INFO - Setting next_dagrun for example_weekday_branch_operator to 2023-01-03T00:00:00+00:00, run_after=2023-01-04T00:00:00+00:00
[2023-01-04 08:11:32,945] {processor.py:161} INFO - Processing /home/gustavo/Documents/etl_api_twitter/venv/lib/python3.9/site-packages/airflow/example_dags/example_branch_day_of_week_operator.py took 0.059 seconds
[2023-01-04 08:12:06,546] {processor.py:153} INFO - Started process (PID=4143) to work on /home/gustavo/Documents/etl_api_twitter/venv/lib/python3.9/site-packages/airflow/example_dags/example_branch_day_of_week_operator.py
[2023-01-04 08:12:06,547] {processor.py:641} INFO - Processing file /home/gustavo/Documents/etl_api_twitter/venv/lib/python3.9/site-packages/airflow/example_dags/example_branch_day_of_week_operator.py for tasks to queue
[2023-01-04 08:12:06,549] {logging_mixin.py:115} INFO - [2023-01-04 08:12:06,548] {dagbag.py:507} INFO - Filling up the DagBag from /home/gustavo/Documents/etl_api_twitter/venv/lib/python3.9/site-packages/airflow/example_dags/example_branch_day_of_week_operator.py
[2023-01-04 08:12:06,564] {processor.py:651} INFO - DAG(s) dict_keys(['example_weekday_branch_operator']) retrieved from /home/gustavo/Documents/etl_api_twitter/venv/lib/python3.9/site-packages/airflow/example_dags/example_branch_day_of_week_operator.py
[2023-01-04 08:12:06,583] {logging_mixin.py:115} INFO - [2023-01-04 08:12:06,583] {dag.py:2379} INFO - Sync 1 DAGs
[2023-01-04 08:12:06,602] {logging_mixin.py:115} INFO - [2023-01-04 08:12:06,602] {dag.py:2927} INFO - Setting next_dagrun for example_weekday_branch_operator to 2023-01-03T00:00:00+00:00, run_after=2023-01-04T00:00:00+00:00
[2023-01-04 08:12:06,612] {processor.py:161} INFO - Processing /home/gustavo/Documents/etl_api_twitter/venv/lib/python3.9/site-packages/airflow/example_dags/example_branch_day_of_week_operator.py took 0.070 seconds
[2023-01-04 08:12:39,645] {processor.py:153} INFO - Started process (PID=4185) to work on /home/gustavo/Documents/etl_api_twitter/venv/lib/python3.9/site-packages/airflow/example_dags/example_branch_day_of_week_operator.py
[2023-01-04 08:12:39,646] {processor.py:641} INFO - Processing file /home/gustavo/Documents/etl_api_twitter/venv/lib/python3.9/site-packages/airflow/example_dags/example_branch_day_of_week_operator.py for tasks to queue
[2023-01-04 08:12:39,648] {logging_mixin.py:115} INFO - [2023-01-04 08:12:39,647] {dagbag.py:507} INFO - Filling up the DagBag from /home/gustavo/Documents/etl_api_twitter/venv/lib/python3.9/site-packages/airflow/example_dags/example_branch_day_of_week_operator.py
[2023-01-04 08:12:39,665] {processor.py:651} INFO - DAG(s) dict_keys(['example_weekday_branch_operator']) retrieved from /home/gustavo/Documents/etl_api_twitter/venv/lib/python3.9/site-packages/airflow/example_dags/example_branch_day_of_week_operator.py
[2023-01-04 08:12:39,697] {logging_mixin.py:115} INFO - [2023-01-04 08:12:39,697] {dag.py:2379} INFO - Sync 1 DAGs
[2023-01-04 08:12:39,716] {logging_mixin.py:115} INFO - [2023-01-04 08:12:39,715] {dag.py:2927} INFO - Setting next_dagrun for example_weekday_branch_operator to 2023-01-03T00:00:00+00:00, run_after=2023-01-04T00:00:00+00:00
[2023-01-04 08:12:39,736] {processor.py:161} INFO - Processing /home/gustavo/Documents/etl_api_twitter/venv/lib/python3.9/site-packages/airflow/example_dags/example_branch_day_of_week_operator.py took 0.098 seconds
[2023-01-04 08:13:14,741] {processor.py:153} INFO - Started process (PID=4221) to work on /home/gustavo/Documents/etl_api_twitter/venv/lib/python3.9/site-packages/airflow/example_dags/example_branch_day_of_week_operator.py
[2023-01-04 08:13:14,743] {processor.py:641} INFO - Processing file /home/gustavo/Documents/etl_api_twitter/venv/lib/python3.9/site-packages/airflow/example_dags/example_branch_day_of_week_operator.py for tasks to queue
[2023-01-04 08:13:14,744] {logging_mixin.py:115} INFO - [2023-01-04 08:13:14,744] {dagbag.py:507} INFO - Filling up the DagBag from /home/gustavo/Documents/etl_api_twitter/venv/lib/python3.9/site-packages/airflow/example_dags/example_branch_day_of_week_operator.py
[2023-01-04 08:13:14,761] {processor.py:651} INFO - DAG(s) dict_keys(['example_weekday_branch_operator']) retrieved from /home/gustavo/Documents/etl_api_twitter/venv/lib/python3.9/site-packages/airflow/example_dags/example_branch_day_of_week_operator.py
[2023-01-04 08:13:14,802] {logging_mixin.py:115} INFO - [2023-01-04 08:13:14,802] {dag.py:2379} INFO - Sync 1 DAGs
[2023-01-04 08:13:14,830] {logging_mixin.py:115} INFO - [2023-01-04 08:13:14,830] {dag.py:2927} INFO - Setting next_dagrun for example_weekday_branch_operator to 2023-01-03T00:00:00+00:00, run_after=2023-01-04T00:00:00+00:00
[2023-01-04 08:13:14,841] {processor.py:161} INFO - Processing /home/gustavo/Documents/etl_api_twitter/venv/lib/python3.9/site-packages/airflow/example_dags/example_branch_day_of_week_operator.py took 0.108 seconds
[2023-01-04 08:13:49,545] {processor.py:153} INFO - Started process (PID=4260) to work on /home/gustavo/Documents/etl_api_twitter/venv/lib/python3.9/site-packages/airflow/example_dags/example_branch_day_of_week_operator.py
[2023-01-04 08:13:49,547] {processor.py:641} INFO - Processing file /home/gustavo/Documents/etl_api_twitter/venv/lib/python3.9/site-packages/airflow/example_dags/example_branch_day_of_week_operator.py for tasks to queue
[2023-01-04 08:13:49,547] {logging_mixin.py:115} INFO - [2023-01-04 08:13:49,547] {dagbag.py:507} INFO - Filling up the DagBag from /home/gustavo/Documents/etl_api_twitter/venv/lib/python3.9/site-packages/airflow/example_dags/example_branch_day_of_week_operator.py
[2023-01-04 08:13:49,559] {processor.py:651} INFO - DAG(s) dict_keys(['example_weekday_branch_operator']) retrieved from /home/gustavo/Documents/etl_api_twitter/venv/lib/python3.9/site-packages/airflow/example_dags/example_branch_day_of_week_operator.py
[2023-01-04 08:13:49,584] {logging_mixin.py:115} INFO - [2023-01-04 08:13:49,583] {dag.py:2379} INFO - Sync 1 DAGs
[2023-01-04 08:13:49,608] {logging_mixin.py:115} INFO - [2023-01-04 08:13:49,608] {dag.py:2927} INFO - Setting next_dagrun for example_weekday_branch_operator to 2023-01-03T00:00:00+00:00, run_after=2023-01-04T00:00:00+00:00
[2023-01-04 08:13:49,620] {processor.py:161} INFO - Processing /home/gustavo/Documents/etl_api_twitter/venv/lib/python3.9/site-packages/airflow/example_dags/example_branch_day_of_week_operator.py took 0.080 seconds
[2023-01-04 08:14:24,168] {processor.py:153} INFO - Started process (PID=4354) to work on /home/gustavo/Documents/etl_api_twitter/venv/lib/python3.9/site-packages/airflow/example_dags/example_branch_day_of_week_operator.py
[2023-01-04 08:14:24,170] {processor.py:641} INFO - Processing file /home/gustavo/Documents/etl_api_twitter/venv/lib/python3.9/site-packages/airflow/example_dags/example_branch_day_of_week_operator.py for tasks to queue
[2023-01-04 08:14:24,170] {logging_mixin.py:115} INFO - [2023-01-04 08:14:24,170] {dagbag.py:507} INFO - Filling up the DagBag from /home/gustavo/Documents/etl_api_twitter/venv/lib/python3.9/site-packages/airflow/example_dags/example_branch_day_of_week_operator.py
[2023-01-04 08:14:24,184] {processor.py:651} INFO - DAG(s) dict_keys(['example_weekday_branch_operator']) retrieved from /home/gustavo/Documents/etl_api_twitter/venv/lib/python3.9/site-packages/airflow/example_dags/example_branch_day_of_week_operator.py
[2023-01-04 08:14:24,205] {logging_mixin.py:115} INFO - [2023-01-04 08:14:24,205] {dag.py:2379} INFO - Sync 1 DAGs
[2023-01-04 08:14:24,229] {logging_mixin.py:115} INFO - [2023-01-04 08:14:24,229] {dag.py:2927} INFO - Setting next_dagrun for example_weekday_branch_operator to 2023-01-03T00:00:00+00:00, run_after=2023-01-04T00:00:00+00:00
[2023-01-04 08:14:24,252] {processor.py:161} INFO - Processing /home/gustavo/Documents/etl_api_twitter/venv/lib/python3.9/site-packages/airflow/example_dags/example_branch_day_of_week_operator.py took 0.093 seconds
[2023-01-04 08:14:59,142] {processor.py:153} INFO - Started process (PID=4442) to work on /home/gustavo/Documents/etl_api_twitter/venv/lib/python3.9/site-packages/airflow/example_dags/example_branch_day_of_week_operator.py
[2023-01-04 08:14:59,143] {processor.py:641} INFO - Processing file /home/gustavo/Documents/etl_api_twitter/venv/lib/python3.9/site-packages/airflow/example_dags/example_branch_day_of_week_operator.py for tasks to queue
[2023-01-04 08:14:59,144] {logging_mixin.py:115} INFO - [2023-01-04 08:14:59,143] {dagbag.py:507} INFO - Filling up the DagBag from /home/gustavo/Documents/etl_api_twitter/venv/lib/python3.9/site-packages/airflow/example_dags/example_branch_day_of_week_operator.py
[2023-01-04 08:14:59,149] {processor.py:651} INFO - DAG(s) dict_keys(['example_weekday_branch_operator']) retrieved from /home/gustavo/Documents/etl_api_twitter/venv/lib/python3.9/site-packages/airflow/example_dags/example_branch_day_of_week_operator.py
[2023-01-04 08:14:59,164] {logging_mixin.py:115} INFO - [2023-01-04 08:14:59,164] {dag.py:2379} INFO - Sync 1 DAGs
[2023-01-04 08:14:59,183] {logging_mixin.py:115} INFO - [2023-01-04 08:14:59,183] {dag.py:2927} INFO - Setting next_dagrun for example_weekday_branch_operator to 2023-01-03T00:00:00+00:00, run_after=2023-01-04T00:00:00+00:00
[2023-01-04 08:14:59,193] {processor.py:161} INFO - Processing /home/gustavo/Documents/etl_api_twitter/venv/lib/python3.9/site-packages/airflow/example_dags/example_branch_day_of_week_operator.py took 0.054 seconds
[2023-01-04 08:15:33,667] {processor.py:153} INFO - Started process (PID=4652) to work on /home/gustavo/Documents/etl_api_twitter/venv/lib/python3.9/site-packages/airflow/example_dags/example_branch_day_of_week_operator.py
[2023-01-04 08:15:33,668] {processor.py:641} INFO - Processing file /home/gustavo/Documents/etl_api_twitter/venv/lib/python3.9/site-packages/airflow/example_dags/example_branch_day_of_week_operator.py for tasks to queue
[2023-01-04 08:15:33,668] {logging_mixin.py:115} INFO - [2023-01-04 08:15:33,668] {dagbag.py:507} INFO - Filling up the DagBag from /home/gustavo/Documents/etl_api_twitter/venv/lib/python3.9/site-packages/airflow/example_dags/example_branch_day_of_week_operator.py
[2023-01-04 08:15:33,676] {processor.py:651} INFO - DAG(s) dict_keys(['example_weekday_branch_operator']) retrieved from /home/gustavo/Documents/etl_api_twitter/venv/lib/python3.9/site-packages/airflow/example_dags/example_branch_day_of_week_operator.py
[2023-01-04 08:15:33,692] {logging_mixin.py:115} INFO - [2023-01-04 08:15:33,692] {dag.py:2379} INFO - Sync 1 DAGs
[2023-01-04 08:15:33,711] {logging_mixin.py:115} INFO - [2023-01-04 08:15:33,710] {dag.py:2927} INFO - Setting next_dagrun for example_weekday_branch_operator to 2023-01-03T00:00:00+00:00, run_after=2023-01-04T00:00:00+00:00
[2023-01-04 08:15:33,722] {processor.py:161} INFO - Processing /home/gustavo/Documents/etl_api_twitter/venv/lib/python3.9/site-packages/airflow/example_dags/example_branch_day_of_week_operator.py took 0.058 seconds
[2023-01-04 08:16:06,536] {processor.py:153} INFO - Started process (PID=4896) to work on /home/gustavo/Documents/etl_api_twitter/venv/lib/python3.9/site-packages/airflow/example_dags/example_branch_day_of_week_operator.py
[2023-01-04 08:16:06,537] {processor.py:641} INFO - Processing file /home/gustavo/Documents/etl_api_twitter/venv/lib/python3.9/site-packages/airflow/example_dags/example_branch_day_of_week_operator.py for tasks to queue
[2023-01-04 08:16:06,538] {logging_mixin.py:115} INFO - [2023-01-04 08:16:06,538] {dagbag.py:507} INFO - Filling up the DagBag from /home/gustavo/Documents/etl_api_twitter/venv/lib/python3.9/site-packages/airflow/example_dags/example_branch_day_of_week_operator.py
[2023-01-04 08:16:06,544] {processor.py:651} INFO - DAG(s) dict_keys(['example_weekday_branch_operator']) retrieved from /home/gustavo/Documents/etl_api_twitter/venv/lib/python3.9/site-packages/airflow/example_dags/example_branch_day_of_week_operator.py
[2023-01-04 08:16:06,560] {logging_mixin.py:115} INFO - [2023-01-04 08:16:06,559] {dag.py:2379} INFO - Sync 1 DAGs
[2023-01-04 08:16:06,577] {logging_mixin.py:115} INFO - [2023-01-04 08:16:06,577] {dag.py:2927} INFO - Setting next_dagrun for example_weekday_branch_operator to 2023-01-03T00:00:00+00:00, run_after=2023-01-04T00:00:00+00:00
[2023-01-04 08:16:06,593] {processor.py:161} INFO - Processing /home/gustavo/Documents/etl_api_twitter/venv/lib/python3.9/site-packages/airflow/example_dags/example_branch_day_of_week_operator.py took 0.060 seconds
[2023-01-04 08:16:40,446] {processor.py:153} INFO - Started process (PID=5101) to work on /home/gustavo/Documents/etl_api_twitter/venv/lib/python3.9/site-packages/airflow/example_dags/example_branch_day_of_week_operator.py
[2023-01-04 08:16:40,447] {processor.py:641} INFO - Processing file /home/gustavo/Documents/etl_api_twitter/venv/lib/python3.9/site-packages/airflow/example_dags/example_branch_day_of_week_operator.py for tasks to queue
[2023-01-04 08:16:40,448] {logging_mixin.py:115} INFO - [2023-01-04 08:16:40,448] {dagbag.py:507} INFO - Filling up the DagBag from /home/gustavo/Documents/etl_api_twitter/venv/lib/python3.9/site-packages/airflow/example_dags/example_branch_day_of_week_operator.py
[2023-01-04 08:16:40,464] {processor.py:651} INFO - DAG(s) dict_keys(['example_weekday_branch_operator']) retrieved from /home/gustavo/Documents/etl_api_twitter/venv/lib/python3.9/site-packages/airflow/example_dags/example_branch_day_of_week_operator.py
[2023-01-04 08:16:40,492] {logging_mixin.py:115} INFO - [2023-01-04 08:16:40,492] {dag.py:2379} INFO - Sync 1 DAGs
[2023-01-04 08:16:40,513] {logging_mixin.py:115} INFO - [2023-01-04 08:16:40,513] {dag.py:2927} INFO - Setting next_dagrun for example_weekday_branch_operator to 2023-01-03T00:00:00+00:00, run_after=2023-01-04T00:00:00+00:00
[2023-01-04 08:16:40,523] {processor.py:161} INFO - Processing /home/gustavo/Documents/etl_api_twitter/venv/lib/python3.9/site-packages/airflow/example_dags/example_branch_day_of_week_operator.py took 0.083 seconds
[2023-01-04 08:17:15,885] {processor.py:153} INFO - Started process (PID=5308) to work on /home/gustavo/Documents/etl_api_twitter/venv/lib/python3.9/site-packages/airflow/example_dags/example_branch_day_of_week_operator.py
[2023-01-04 08:17:15,887] {processor.py:641} INFO - Processing file /home/gustavo/Documents/etl_api_twitter/venv/lib/python3.9/site-packages/airflow/example_dags/example_branch_day_of_week_operator.py for tasks to queue
[2023-01-04 08:17:15,887] {logging_mixin.py:115} INFO - [2023-01-04 08:17:15,887] {dagbag.py:507} INFO - Filling up the DagBag from /home/gustavo/Documents/etl_api_twitter/venv/lib/python3.9/site-packages/airflow/example_dags/example_branch_day_of_week_operator.py
[2023-01-04 08:17:15,898] {processor.py:651} INFO - DAG(s) dict_keys(['example_weekday_branch_operator']) retrieved from /home/gustavo/Documents/etl_api_twitter/venv/lib/python3.9/site-packages/airflow/example_dags/example_branch_day_of_week_operator.py
[2023-01-04 08:17:15,916] {logging_mixin.py:115} INFO - [2023-01-04 08:17:15,916] {dag.py:2379} INFO - Sync 1 DAGs
[2023-01-04 08:17:15,932] {logging_mixin.py:115} INFO - [2023-01-04 08:17:15,932] {dag.py:2927} INFO - Setting next_dagrun for example_weekday_branch_operator to 2023-01-03T00:00:00+00:00, run_after=2023-01-04T00:00:00+00:00
[2023-01-04 08:17:15,941] {processor.py:161} INFO - Processing /home/gustavo/Documents/etl_api_twitter/venv/lib/python3.9/site-packages/airflow/example_dags/example_branch_day_of_week_operator.py took 0.063 seconds
[2023-01-04 08:17:49,947] {processor.py:153} INFO - Started process (PID=5517) to work on /home/gustavo/Documents/etl_api_twitter/venv/lib/python3.9/site-packages/airflow/example_dags/example_branch_day_of_week_operator.py
[2023-01-04 08:17:49,948] {processor.py:641} INFO - Processing file /home/gustavo/Documents/etl_api_twitter/venv/lib/python3.9/site-packages/airflow/example_dags/example_branch_day_of_week_operator.py for tasks to queue
[2023-01-04 08:17:49,949] {logging_mixin.py:115} INFO - [2023-01-04 08:17:49,949] {dagbag.py:507} INFO - Filling up the DagBag from /home/gustavo/Documents/etl_api_twitter/venv/lib/python3.9/site-packages/airflow/example_dags/example_branch_day_of_week_operator.py
[2023-01-04 08:17:49,957] {processor.py:651} INFO - DAG(s) dict_keys(['example_weekday_branch_operator']) retrieved from /home/gustavo/Documents/etl_api_twitter/venv/lib/python3.9/site-packages/airflow/example_dags/example_branch_day_of_week_operator.py
[2023-01-04 08:17:49,974] {logging_mixin.py:115} INFO - [2023-01-04 08:17:49,973] {dag.py:2379} INFO - Sync 1 DAGs
[2023-01-04 08:17:49,996] {logging_mixin.py:115} INFO - [2023-01-04 08:17:49,996] {dag.py:2927} INFO - Setting next_dagrun for example_weekday_branch_operator to 2023-01-03T00:00:00+00:00, run_after=2023-01-04T00:00:00+00:00
[2023-01-04 08:17:50,022] {processor.py:161} INFO - Processing /home/gustavo/Documents/etl_api_twitter/venv/lib/python3.9/site-packages/airflow/example_dags/example_branch_day_of_week_operator.py took 0.081 seconds
[2023-01-04 08:18:23,720] {processor.py:153} INFO - Started process (PID=5703) to work on /home/gustavo/Documents/etl_api_twitter/venv/lib/python3.9/site-packages/airflow/example_dags/example_branch_day_of_week_operator.py
[2023-01-04 08:18:23,724] {processor.py:641} INFO - Processing file /home/gustavo/Documents/etl_api_twitter/venv/lib/python3.9/site-packages/airflow/example_dags/example_branch_day_of_week_operator.py for tasks to queue
[2023-01-04 08:18:23,726] {logging_mixin.py:115} INFO - [2023-01-04 08:18:23,726] {dagbag.py:507} INFO - Filling up the DagBag from /home/gustavo/Documents/etl_api_twitter/venv/lib/python3.9/site-packages/airflow/example_dags/example_branch_day_of_week_operator.py
[2023-01-04 08:18:23,734] {processor.py:651} INFO - DAG(s) dict_keys(['example_weekday_branch_operator']) retrieved from /home/gustavo/Documents/etl_api_twitter/venv/lib/python3.9/site-packages/airflow/example_dags/example_branch_day_of_week_operator.py
[2023-01-04 08:18:23,756] {logging_mixin.py:115} INFO - [2023-01-04 08:18:23,756] {dag.py:2379} INFO - Sync 1 DAGs
[2023-01-04 08:18:23,774] {logging_mixin.py:115} INFO - [2023-01-04 08:18:23,774] {dag.py:2927} INFO - Setting next_dagrun for example_weekday_branch_operator to 2023-01-03T00:00:00+00:00, run_after=2023-01-04T00:00:00+00:00
[2023-01-04 08:18:23,787] {processor.py:161} INFO - Processing /home/gustavo/Documents/etl_api_twitter/venv/lib/python3.9/site-packages/airflow/example_dags/example_branch_day_of_week_operator.py took 0.076 seconds
[2023-01-04 08:18:58,155] {processor.py:153} INFO - Started process (PID=5905) to work on /home/gustavo/Documents/etl_api_twitter/venv/lib/python3.9/site-packages/airflow/example_dags/example_branch_day_of_week_operator.py
[2023-01-04 08:18:58,156] {processor.py:641} INFO - Processing file /home/gustavo/Documents/etl_api_twitter/venv/lib/python3.9/site-packages/airflow/example_dags/example_branch_day_of_week_operator.py for tasks to queue
[2023-01-04 08:18:58,158] {logging_mixin.py:115} INFO - [2023-01-04 08:18:58,158] {dagbag.py:507} INFO - Filling up the DagBag from /home/gustavo/Documents/etl_api_twitter/venv/lib/python3.9/site-packages/airflow/example_dags/example_branch_day_of_week_operator.py
[2023-01-04 08:18:58,173] {processor.py:651} INFO - DAG(s) dict_keys(['example_weekday_branch_operator']) retrieved from /home/gustavo/Documents/etl_api_twitter/venv/lib/python3.9/site-packages/airflow/example_dags/example_branch_day_of_week_operator.py
[2023-01-04 08:18:58,197] {logging_mixin.py:115} INFO - [2023-01-04 08:18:58,197] {dag.py:2379} INFO - Sync 1 DAGs
[2023-01-04 08:18:58,216] {logging_mixin.py:115} INFO - [2023-01-04 08:18:58,216] {dag.py:2927} INFO - Setting next_dagrun for example_weekday_branch_operator to 2023-01-03T00:00:00+00:00, run_after=2023-01-04T00:00:00+00:00
[2023-01-04 08:18:58,231] {processor.py:161} INFO - Processing /home/gustavo/Documents/etl_api_twitter/venv/lib/python3.9/site-packages/airflow/example_dags/example_branch_day_of_week_operator.py took 0.083 seconds
[2023-01-04 08:19:35,733] {processor.py:153} INFO - Started process (PID=6113) to work on /home/gustavo/Documents/etl_api_twitter/venv/lib/python3.9/site-packages/airflow/example_dags/example_branch_day_of_week_operator.py
[2023-01-04 08:19:35,735] {processor.py:641} INFO - Processing file /home/gustavo/Documents/etl_api_twitter/venv/lib/python3.9/site-packages/airflow/example_dags/example_branch_day_of_week_operator.py for tasks to queue
[2023-01-04 08:19:35,737] {logging_mixin.py:115} INFO - [2023-01-04 08:19:35,736] {dagbag.py:507} INFO - Filling up the DagBag from /home/gustavo/Documents/etl_api_twitter/venv/lib/python3.9/site-packages/airflow/example_dags/example_branch_day_of_week_operator.py
[2023-01-04 08:19:35,751] {processor.py:651} INFO - DAG(s) dict_keys(['example_weekday_branch_operator']) retrieved from /home/gustavo/Documents/etl_api_twitter/venv/lib/python3.9/site-packages/airflow/example_dags/example_branch_day_of_week_operator.py
[2023-01-04 08:19:35,784] {logging_mixin.py:115} INFO - [2023-01-04 08:19:35,784] {dag.py:2379} INFO - Sync 1 DAGs
[2023-01-04 08:19:35,809] {logging_mixin.py:115} INFO - [2023-01-04 08:19:35,809] {dag.py:2927} INFO - Setting next_dagrun for example_weekday_branch_operator to 2023-01-03T00:00:00+00:00, run_after=2023-01-04T00:00:00+00:00
[2023-01-04 08:19:35,826] {processor.py:161} INFO - Processing /home/gustavo/Documents/etl_api_twitter/venv/lib/python3.9/site-packages/airflow/example_dags/example_branch_day_of_week_operator.py took 0.099 seconds
[2023-01-04 08:20:08,466] {processor.py:153} INFO - Started process (PID=6319) to work on /home/gustavo/Documents/etl_api_twitter/venv/lib/python3.9/site-packages/airflow/example_dags/example_branch_day_of_week_operator.py
[2023-01-04 08:20:08,468] {processor.py:641} INFO - Processing file /home/gustavo/Documents/etl_api_twitter/venv/lib/python3.9/site-packages/airflow/example_dags/example_branch_day_of_week_operator.py for tasks to queue
[2023-01-04 08:20:08,469] {logging_mixin.py:115} INFO - [2023-01-04 08:20:08,469] {dagbag.py:507} INFO - Filling up the DagBag from /home/gustavo/Documents/etl_api_twitter/venv/lib/python3.9/site-packages/airflow/example_dags/example_branch_day_of_week_operator.py
[2023-01-04 08:20:08,490] {processor.py:651} INFO - DAG(s) dict_keys(['example_weekday_branch_operator']) retrieved from /home/gustavo/Documents/etl_api_twitter/venv/lib/python3.9/site-packages/airflow/example_dags/example_branch_day_of_week_operator.py
[2023-01-04 08:20:08,521] {logging_mixin.py:115} INFO - [2023-01-04 08:20:08,520] {dag.py:2379} INFO - Sync 1 DAGs
[2023-01-04 08:20:08,546] {logging_mixin.py:115} INFO - [2023-01-04 08:20:08,546] {dag.py:2927} INFO - Setting next_dagrun for example_weekday_branch_operator to 2023-01-03T00:00:00+00:00, run_after=2023-01-04T00:00:00+00:00
[2023-01-04 08:20:08,566] {processor.py:161} INFO - Processing /home/gustavo/Documents/etl_api_twitter/venv/lib/python3.9/site-packages/airflow/example_dags/example_branch_day_of_week_operator.py took 0.105 seconds
[2023-01-04 08:20:43,293] {processor.py:153} INFO - Started process (PID=6552) to work on /home/gustavo/Documents/etl_api_twitter/venv/lib/python3.9/site-packages/airflow/example_dags/example_branch_day_of_week_operator.py
[2023-01-04 08:20:43,295] {processor.py:641} INFO - Processing file /home/gustavo/Documents/etl_api_twitter/venv/lib/python3.9/site-packages/airflow/example_dags/example_branch_day_of_week_operator.py for tasks to queue
[2023-01-04 08:20:43,295] {logging_mixin.py:115} INFO - [2023-01-04 08:20:43,295] {dagbag.py:507} INFO - Filling up the DagBag from /home/gustavo/Documents/etl_api_twitter/venv/lib/python3.9/site-packages/airflow/example_dags/example_branch_day_of_week_operator.py
[2023-01-04 08:20:43,312] {processor.py:651} INFO - DAG(s) dict_keys(['example_weekday_branch_operator']) retrieved from /home/gustavo/Documents/etl_api_twitter/venv/lib/python3.9/site-packages/airflow/example_dags/example_branch_day_of_week_operator.py
[2023-01-04 08:20:43,329] {logging_mixin.py:115} INFO - [2023-01-04 08:20:43,329] {dag.py:2379} INFO - Sync 1 DAGs
[2023-01-04 08:20:43,365] {logging_mixin.py:115} INFO - [2023-01-04 08:20:43,364] {dag.py:2927} INFO - Setting next_dagrun for example_weekday_branch_operator to 2023-01-03T00:00:00+00:00, run_after=2023-01-04T00:00:00+00:00
[2023-01-04 08:20:43,385] {processor.py:161} INFO - Processing /home/gustavo/Documents/etl_api_twitter/venv/lib/python3.9/site-packages/airflow/example_dags/example_branch_day_of_week_operator.py took 0.099 seconds
[2023-01-04 08:21:17,428] {processor.py:153} INFO - Started process (PID=6757) to work on /home/gustavo/Documents/etl_api_twitter/venv/lib/python3.9/site-packages/airflow/example_dags/example_branch_day_of_week_operator.py
[2023-01-04 08:21:17,429] {processor.py:641} INFO - Processing file /home/gustavo/Documents/etl_api_twitter/venv/lib/python3.9/site-packages/airflow/example_dags/example_branch_day_of_week_operator.py for tasks to queue
[2023-01-04 08:21:17,430] {logging_mixin.py:115} INFO - [2023-01-04 08:21:17,429] {dagbag.py:507} INFO - Filling up the DagBag from /home/gustavo/Documents/etl_api_twitter/venv/lib/python3.9/site-packages/airflow/example_dags/example_branch_day_of_week_operator.py
[2023-01-04 08:21:17,438] {processor.py:651} INFO - DAG(s) dict_keys(['example_weekday_branch_operator']) retrieved from /home/gustavo/Documents/etl_api_twitter/venv/lib/python3.9/site-packages/airflow/example_dags/example_branch_day_of_week_operator.py
[2023-01-04 08:21:17,457] {logging_mixin.py:115} INFO - [2023-01-04 08:21:17,457] {dag.py:2379} INFO - Sync 1 DAGs
[2023-01-04 08:21:17,480] {logging_mixin.py:115} INFO - [2023-01-04 08:21:17,480] {dag.py:2927} INFO - Setting next_dagrun for example_weekday_branch_operator to 2023-01-03T00:00:00+00:00, run_after=2023-01-04T00:00:00+00:00
[2023-01-04 08:21:17,490] {processor.py:161} INFO - Processing /home/gustavo/Documents/etl_api_twitter/venv/lib/python3.9/site-packages/airflow/example_dags/example_branch_day_of_week_operator.py took 0.064 seconds
[2023-01-04 08:21:50,759] {processor.py:153} INFO - Started process (PID=6959) to work on /home/gustavo/Documents/etl_api_twitter/venv/lib/python3.9/site-packages/airflow/example_dags/example_branch_day_of_week_operator.py
[2023-01-04 08:21:50,760] {processor.py:641} INFO - Processing file /home/gustavo/Documents/etl_api_twitter/venv/lib/python3.9/site-packages/airflow/example_dags/example_branch_day_of_week_operator.py for tasks to queue
[2023-01-04 08:21:50,761] {logging_mixin.py:115} INFO - [2023-01-04 08:21:50,761] {dagbag.py:507} INFO - Filling up the DagBag from /home/gustavo/Documents/etl_api_twitter/venv/lib/python3.9/site-packages/airflow/example_dags/example_branch_day_of_week_operator.py
[2023-01-04 08:21:50,770] {processor.py:651} INFO - DAG(s) dict_keys(['example_weekday_branch_operator']) retrieved from /home/gustavo/Documents/etl_api_twitter/venv/lib/python3.9/site-packages/airflow/example_dags/example_branch_day_of_week_operator.py
[2023-01-04 08:21:50,792] {logging_mixin.py:115} INFO - [2023-01-04 08:21:50,792] {dag.py:2379} INFO - Sync 1 DAGs
[2023-01-04 08:21:50,808] {logging_mixin.py:115} INFO - [2023-01-04 08:21:50,808] {dag.py:2927} INFO - Setting next_dagrun for example_weekday_branch_operator to 2023-01-03T00:00:00+00:00, run_after=2023-01-04T00:00:00+00:00
[2023-01-04 08:21:50,822] {processor.py:161} INFO - Processing /home/gustavo/Documents/etl_api_twitter/venv/lib/python3.9/site-packages/airflow/example_dags/example_branch_day_of_week_operator.py took 0.069 seconds
[2023-01-04 08:22:24,746] {processor.py:153} INFO - Started process (PID=7138) to work on /home/gustavo/Documents/etl_api_twitter/venv/lib/python3.9/site-packages/airflow/example_dags/example_branch_day_of_week_operator.py
[2023-01-04 08:22:24,748] {processor.py:641} INFO - Processing file /home/gustavo/Documents/etl_api_twitter/venv/lib/python3.9/site-packages/airflow/example_dags/example_branch_day_of_week_operator.py for tasks to queue
[2023-01-04 08:22:24,749] {logging_mixin.py:115} INFO - [2023-01-04 08:22:24,749] {dagbag.py:507} INFO - Filling up the DagBag from /home/gustavo/Documents/etl_api_twitter/venv/lib/python3.9/site-packages/airflow/example_dags/example_branch_day_of_week_operator.py
[2023-01-04 08:22:24,766] {processor.py:651} INFO - DAG(s) dict_keys(['example_weekday_branch_operator']) retrieved from /home/gustavo/Documents/etl_api_twitter/venv/lib/python3.9/site-packages/airflow/example_dags/example_branch_day_of_week_operator.py
[2023-01-04 08:22:24,789] {logging_mixin.py:115} INFO - [2023-01-04 08:22:24,789] {dag.py:2379} INFO - Sync 1 DAGs
[2023-01-04 08:22:24,821] {logging_mixin.py:115} INFO - [2023-01-04 08:22:24,820] {dag.py:2927} INFO - Setting next_dagrun for example_weekday_branch_operator to 2023-01-03T00:00:00+00:00, run_after=2023-01-04T00:00:00+00:00
[2023-01-04 08:22:24,834] {processor.py:161} INFO - Processing /home/gustavo/Documents/etl_api_twitter/venv/lib/python3.9/site-packages/airflow/example_dags/example_branch_day_of_week_operator.py took 0.093 seconds
[2023-01-04 08:22:55,819] {processor.py:153} INFO - Started process (PID=7326) to work on /home/gustavo/Documents/etl_api_twitter/venv/lib/python3.9/site-packages/airflow/example_dags/example_branch_day_of_week_operator.py
[2023-01-04 08:22:55,821] {processor.py:641} INFO - Processing file /home/gustavo/Documents/etl_api_twitter/venv/lib/python3.9/site-packages/airflow/example_dags/example_branch_day_of_week_operator.py for tasks to queue
[2023-01-04 08:22:55,822] {logging_mixin.py:115} INFO - [2023-01-04 08:22:55,822] {dagbag.py:507} INFO - Filling up the DagBag from /home/gustavo/Documents/etl_api_twitter/venv/lib/python3.9/site-packages/airflow/example_dags/example_branch_day_of_week_operator.py
[2023-01-04 08:22:55,838] {processor.py:651} INFO - DAG(s) dict_keys(['example_weekday_branch_operator']) retrieved from /home/gustavo/Documents/etl_api_twitter/venv/lib/python3.9/site-packages/airflow/example_dags/example_branch_day_of_week_operator.py
[2023-01-04 08:22:55,865] {logging_mixin.py:115} INFO - [2023-01-04 08:22:55,865] {dag.py:2379} INFO - Sync 1 DAGs
[2023-01-04 08:22:55,895] {logging_mixin.py:115} INFO - [2023-01-04 08:22:55,895] {dag.py:2927} INFO - Setting next_dagrun for example_weekday_branch_operator to 2023-01-03T00:00:00+00:00, run_after=2023-01-04T00:00:00+00:00
[2023-01-04 08:22:55,909] {processor.py:161} INFO - Processing /home/gustavo/Documents/etl_api_twitter/venv/lib/python3.9/site-packages/airflow/example_dags/example_branch_day_of_week_operator.py took 0.097 seconds
[2023-01-04 08:23:30,608] {processor.py:153} INFO - Started process (PID=7535) to work on /home/gustavo/Documents/etl_api_twitter/venv/lib/python3.9/site-packages/airflow/example_dags/example_branch_day_of_week_operator.py
[2023-01-04 08:23:30,610] {processor.py:641} INFO - Processing file /home/gustavo/Documents/etl_api_twitter/venv/lib/python3.9/site-packages/airflow/example_dags/example_branch_day_of_week_operator.py for tasks to queue
[2023-01-04 08:23:30,611] {logging_mixin.py:115} INFO - [2023-01-04 08:23:30,611] {dagbag.py:507} INFO - Filling up the DagBag from /home/gustavo/Documents/etl_api_twitter/venv/lib/python3.9/site-packages/airflow/example_dags/example_branch_day_of_week_operator.py
[2023-01-04 08:23:30,619] {processor.py:651} INFO - DAG(s) dict_keys(['example_weekday_branch_operator']) retrieved from /home/gustavo/Documents/etl_api_twitter/venv/lib/python3.9/site-packages/airflow/example_dags/example_branch_day_of_week_operator.py
[2023-01-04 08:23:30,631] {logging_mixin.py:115} INFO - [2023-01-04 08:23:30,631] {dag.py:2379} INFO - Sync 1 DAGs
[2023-01-04 08:23:30,656] {logging_mixin.py:115} INFO - [2023-01-04 08:23:30,656] {dag.py:2927} INFO - Setting next_dagrun for example_weekday_branch_operator to 2023-01-03T00:00:00+00:00, run_after=2023-01-04T00:00:00+00:00
[2023-01-04 08:23:30,669] {processor.py:161} INFO - Processing /home/gustavo/Documents/etl_api_twitter/venv/lib/python3.9/site-packages/airflow/example_dags/example_branch_day_of_week_operator.py took 0.067 seconds
[2023-01-04 08:24:05,780] {processor.py:153} INFO - Started process (PID=7738) to work on /home/gustavo/Documents/etl_api_twitter/venv/lib/python3.9/site-packages/airflow/example_dags/example_branch_day_of_week_operator.py
[2023-01-04 08:24:05,781] {processor.py:641} INFO - Processing file /home/gustavo/Documents/etl_api_twitter/venv/lib/python3.9/site-packages/airflow/example_dags/example_branch_day_of_week_operator.py for tasks to queue
[2023-01-04 08:24:05,783] {logging_mixin.py:115} INFO - [2023-01-04 08:24:05,783] {dagbag.py:507} INFO - Filling up the DagBag from /home/gustavo/Documents/etl_api_twitter/venv/lib/python3.9/site-packages/airflow/example_dags/example_branch_day_of_week_operator.py
[2023-01-04 08:24:05,805] {processor.py:651} INFO - DAG(s) dict_keys(['example_weekday_branch_operator']) retrieved from /home/gustavo/Documents/etl_api_twitter/venv/lib/python3.9/site-packages/airflow/example_dags/example_branch_day_of_week_operator.py
[2023-01-04 08:24:05,823] {logging_mixin.py:115} INFO - [2023-01-04 08:24:05,823] {dag.py:2379} INFO - Sync 1 DAGs
[2023-01-04 08:24:05,838] {logging_mixin.py:115} INFO - [2023-01-04 08:24:05,838] {dag.py:2927} INFO - Setting next_dagrun for example_weekday_branch_operator to 2023-01-03T00:00:00+00:00, run_after=2023-01-04T00:00:00+00:00
[2023-01-04 08:24:05,851] {processor.py:161} INFO - Processing /home/gustavo/Documents/etl_api_twitter/venv/lib/python3.9/site-packages/airflow/example_dags/example_branch_day_of_week_operator.py took 0.079 seconds
[2023-01-04 08:24:40,497] {processor.py:153} INFO - Started process (PID=7942) to work on /home/gustavo/Documents/etl_api_twitter/venv/lib/python3.9/site-packages/airflow/example_dags/example_branch_day_of_week_operator.py
[2023-01-04 08:24:40,497] {processor.py:641} INFO - Processing file /home/gustavo/Documents/etl_api_twitter/venv/lib/python3.9/site-packages/airflow/example_dags/example_branch_day_of_week_operator.py for tasks to queue
[2023-01-04 08:24:40,498] {logging_mixin.py:115} INFO - [2023-01-04 08:24:40,498] {dagbag.py:507} INFO - Filling up the DagBag from /home/gustavo/Documents/etl_api_twitter/venv/lib/python3.9/site-packages/airflow/example_dags/example_branch_day_of_week_operator.py
[2023-01-04 08:24:40,507] {processor.py:651} INFO - DAG(s) dict_keys(['example_weekday_branch_operator']) retrieved from /home/gustavo/Documents/etl_api_twitter/venv/lib/python3.9/site-packages/airflow/example_dags/example_branch_day_of_week_operator.py
[2023-01-04 08:24:40,534] {logging_mixin.py:115} INFO - [2023-01-04 08:24:40,533] {dag.py:2379} INFO - Sync 1 DAGs
[2023-01-04 08:24:40,558] {logging_mixin.py:115} INFO - [2023-01-04 08:24:40,558] {dag.py:2927} INFO - Setting next_dagrun for example_weekday_branch_operator to 2023-01-03T00:00:00+00:00, run_after=2023-01-04T00:00:00+00:00
[2023-01-04 08:24:40,575] {processor.py:161} INFO - Processing /home/gustavo/Documents/etl_api_twitter/venv/lib/python3.9/site-packages/airflow/example_dags/example_branch_day_of_week_operator.py took 0.086 seconds
[2023-01-04 08:25:13,537] {processor.py:153} INFO - Started process (PID=8121) to work on /home/gustavo/Documents/etl_api_twitter/venv/lib/python3.9/site-packages/airflow/example_dags/example_branch_day_of_week_operator.py
[2023-01-04 08:25:13,539] {processor.py:641} INFO - Processing file /home/gustavo/Documents/etl_api_twitter/venv/lib/python3.9/site-packages/airflow/example_dags/example_branch_day_of_week_operator.py for tasks to queue
[2023-01-04 08:25:13,540] {logging_mixin.py:115} INFO - [2023-01-04 08:25:13,540] {dagbag.py:507} INFO - Filling up the DagBag from /home/gustavo/Documents/etl_api_twitter/venv/lib/python3.9/site-packages/airflow/example_dags/example_branch_day_of_week_operator.py
[2023-01-04 08:25:13,553] {processor.py:651} INFO - DAG(s) dict_keys(['example_weekday_branch_operator']) retrieved from /home/gustavo/Documents/etl_api_twitter/venv/lib/python3.9/site-packages/airflow/example_dags/example_branch_day_of_week_operator.py
[2023-01-04 08:25:13,588] {logging_mixin.py:115} INFO - [2023-01-04 08:25:13,587] {dag.py:2379} INFO - Sync 1 DAGs
[2023-01-04 08:25:13,608] {logging_mixin.py:115} INFO - [2023-01-04 08:25:13,608] {dag.py:2927} INFO - Setting next_dagrun for example_weekday_branch_operator to 2023-01-03T00:00:00+00:00, run_after=2023-01-04T00:00:00+00:00
[2023-01-04 08:25:13,619] {processor.py:161} INFO - Processing /home/gustavo/Documents/etl_api_twitter/venv/lib/python3.9/site-packages/airflow/example_dags/example_branch_day_of_week_operator.py took 0.088 seconds
[2023-01-04 08:25:47,907] {processor.py:153} INFO - Started process (PID=8379) to work on /home/gustavo/Documents/etl_api_twitter/venv/lib/python3.9/site-packages/airflow/example_dags/example_branch_day_of_week_operator.py
[2023-01-04 08:25:47,909] {processor.py:641} INFO - Processing file /home/gustavo/Documents/etl_api_twitter/venv/lib/python3.9/site-packages/airflow/example_dags/example_branch_day_of_week_operator.py for tasks to queue
[2023-01-04 08:25:47,911] {logging_mixin.py:115} INFO - [2023-01-04 08:25:47,911] {dagbag.py:507} INFO - Filling up the DagBag from /home/gustavo/Documents/etl_api_twitter/venv/lib/python3.9/site-packages/airflow/example_dags/example_branch_day_of_week_operator.py
[2023-01-04 08:25:47,928] {processor.py:651} INFO - DAG(s) dict_keys(['example_weekday_branch_operator']) retrieved from /home/gustavo/Documents/etl_api_twitter/venv/lib/python3.9/site-packages/airflow/example_dags/example_branch_day_of_week_operator.py
[2023-01-04 08:25:47,958] {logging_mixin.py:115} INFO - [2023-01-04 08:25:47,957] {dag.py:2379} INFO - Sync 1 DAGs
[2023-01-04 08:25:47,991] {logging_mixin.py:115} INFO - [2023-01-04 08:25:47,991] {dag.py:2927} INFO - Setting next_dagrun for example_weekday_branch_operator to 2023-01-03T00:00:00+00:00, run_after=2023-01-04T00:00:00+00:00
[2023-01-04 08:25:48,010] {processor.py:161} INFO - Processing /home/gustavo/Documents/etl_api_twitter/venv/lib/python3.9/site-packages/airflow/example_dags/example_branch_day_of_week_operator.py took 0.110 seconds
[2023-01-04 08:26:24,549] {processor.py:153} INFO - Started process (PID=8587) to work on /home/gustavo/Documents/etl_api_twitter/venv/lib/python3.9/site-packages/airflow/example_dags/example_branch_day_of_week_operator.py
[2023-01-04 08:26:24,550] {processor.py:641} INFO - Processing file /home/gustavo/Documents/etl_api_twitter/venv/lib/python3.9/site-packages/airflow/example_dags/example_branch_day_of_week_operator.py for tasks to queue
[2023-01-04 08:26:24,551] {logging_mixin.py:115} INFO - [2023-01-04 08:26:24,551] {dagbag.py:507} INFO - Filling up the DagBag from /home/gustavo/Documents/etl_api_twitter/venv/lib/python3.9/site-packages/airflow/example_dags/example_branch_day_of_week_operator.py
[2023-01-04 08:26:24,572] {processor.py:651} INFO - DAG(s) dict_keys(['example_weekday_branch_operator']) retrieved from /home/gustavo/Documents/etl_api_twitter/venv/lib/python3.9/site-packages/airflow/example_dags/example_branch_day_of_week_operator.py
[2023-01-04 08:26:24,605] {logging_mixin.py:115} INFO - [2023-01-04 08:26:24,605] {dag.py:2379} INFO - Sync 1 DAGs
[2023-01-04 08:26:24,630] {logging_mixin.py:115} INFO - [2023-01-04 08:26:24,630] {dag.py:2927} INFO - Setting next_dagrun for example_weekday_branch_operator to 2023-01-03T00:00:00+00:00, run_after=2023-01-04T00:00:00+00:00
[2023-01-04 08:26:24,648] {processor.py:161} INFO - Processing /home/gustavo/Documents/etl_api_twitter/venv/lib/python3.9/site-packages/airflow/example_dags/example_branch_day_of_week_operator.py took 0.103 seconds
[2023-01-04 08:26:59,216] {processor.py:153} INFO - Started process (PID=8795) to work on /home/gustavo/Documents/etl_api_twitter/venv/lib/python3.9/site-packages/airflow/example_dags/example_branch_day_of_week_operator.py
[2023-01-04 08:26:59,218] {processor.py:641} INFO - Processing file /home/gustavo/Documents/etl_api_twitter/venv/lib/python3.9/site-packages/airflow/example_dags/example_branch_day_of_week_operator.py for tasks to queue
[2023-01-04 08:26:59,219] {logging_mixin.py:115} INFO - [2023-01-04 08:26:59,219] {dagbag.py:507} INFO - Filling up the DagBag from /home/gustavo/Documents/etl_api_twitter/venv/lib/python3.9/site-packages/airflow/example_dags/example_branch_day_of_week_operator.py
[2023-01-04 08:26:59,242] {processor.py:651} INFO - DAG(s) dict_keys(['example_weekday_branch_operator']) retrieved from /home/gustavo/Documents/etl_api_twitter/venv/lib/python3.9/site-packages/airflow/example_dags/example_branch_day_of_week_operator.py
[2023-01-04 08:26:59,273] {logging_mixin.py:115} INFO - [2023-01-04 08:26:59,273] {dag.py:2379} INFO - Sync 1 DAGs
[2023-01-04 08:26:59,306] {logging_mixin.py:115} INFO - [2023-01-04 08:26:59,306] {dag.py:2927} INFO - Setting next_dagrun for example_weekday_branch_operator to 2023-01-03T00:00:00+00:00, run_after=2023-01-04T00:00:00+00:00
[2023-01-04 08:26:59,327] {processor.py:161} INFO - Processing /home/gustavo/Documents/etl_api_twitter/venv/lib/python3.9/site-packages/airflow/example_dags/example_branch_day_of_week_operator.py took 0.117 seconds
[2023-01-04 08:27:36,065] {processor.py:153} INFO - Started process (PID=9009) to work on /home/gustavo/Documents/etl_api_twitter/venv/lib/python3.9/site-packages/airflow/example_dags/example_branch_day_of_week_operator.py
[2023-01-04 08:27:36,067] {processor.py:641} INFO - Processing file /home/gustavo/Documents/etl_api_twitter/venv/lib/python3.9/site-packages/airflow/example_dags/example_branch_day_of_week_operator.py for tasks to queue
[2023-01-04 08:27:36,068] {logging_mixin.py:115} INFO - [2023-01-04 08:27:36,068] {dagbag.py:507} INFO - Filling up the DagBag from /home/gustavo/Documents/etl_api_twitter/venv/lib/python3.9/site-packages/airflow/example_dags/example_branch_day_of_week_operator.py
[2023-01-04 08:27:36,086] {processor.py:651} INFO - DAG(s) dict_keys(['example_weekday_branch_operator']) retrieved from /home/gustavo/Documents/etl_api_twitter/venv/lib/python3.9/site-packages/airflow/example_dags/example_branch_day_of_week_operator.py
[2023-01-04 08:27:36,111] {logging_mixin.py:115} INFO - [2023-01-04 08:27:36,111] {dag.py:2379} INFO - Sync 1 DAGs
[2023-01-04 08:27:36,139] {logging_mixin.py:115} INFO - [2023-01-04 08:27:36,139] {dag.py:2927} INFO - Setting next_dagrun for example_weekday_branch_operator to 2023-01-03T00:00:00+00:00, run_after=2023-01-04T00:00:00+00:00
[2023-01-04 08:27:36,157] {processor.py:161} INFO - Processing /home/gustavo/Documents/etl_api_twitter/venv/lib/python3.9/site-packages/airflow/example_dags/example_branch_day_of_week_operator.py took 0.099 seconds
