[2023-01-04 08:00:50,741] {processor.py:153} INFO - Started process (PID=28200) to work on /home/gustavo/Documents/etl_api_twitter/venv/lib/python3.9/site-packages/airflow/example_dags/example_time_delta_sensor_async.py
[2023-01-04 08:00:50,742] {processor.py:641} INFO - Processing file /home/gustavo/Documents/etl_api_twitter/venv/lib/python3.9/site-packages/airflow/example_dags/example_time_delta_sensor_async.py for tasks to queue
[2023-01-04 08:00:50,743] {logging_mixin.py:115} INFO - [2023-01-04 08:00:50,743] {dagbag.py:507} INFO - Filling up the DagBag from /home/gustavo/Documents/etl_api_twitter/venv/lib/python3.9/site-packages/airflow/example_dags/example_time_delta_sensor_async.py
[2023-01-04 08:00:50,755] {processor.py:651} INFO - DAG(s) dict_keys(['example_time_delta_sensor_async']) retrieved from /home/gustavo/Documents/etl_api_twitter/venv/lib/python3.9/site-packages/airflow/example_dags/example_time_delta_sensor_async.py
[2023-01-04 08:00:50,928] {logging_mixin.py:115} INFO - [2023-01-04 08:00:50,928] {manager.py:508} INFO - Created Permission View: can edit on DAG:example_time_delta_sensor_async
[2023-01-04 08:00:50,941] {logging_mixin.py:115} INFO - [2023-01-04 08:00:50,940] {manager.py:508} INFO - Created Permission View: can read on DAG:example_time_delta_sensor_async
[2023-01-04 08:00:50,958] {logging_mixin.py:115} INFO - [2023-01-04 08:00:50,957] {manager.py:508} INFO - Created Permission View: can delete on DAG:example_time_delta_sensor_async
[2023-01-04 08:00:50,958] {logging_mixin.py:115} INFO - [2023-01-04 08:00:50,958] {dag.py:2379} INFO - Sync 1 DAGs
[2023-01-04 08:00:50,968] {logging_mixin.py:115} INFO - [2023-01-04 08:00:50,968] {dag.py:2398} INFO - Creating ORM DAG for example_time_delta_sensor_async
[2023-01-04 08:00:50,984] {logging_mixin.py:115} INFO - [2023-01-04 08:00:50,984] {dag.py:2927} INFO - Setting next_dagrun for example_time_delta_sensor_async to None, run_after=None
[2023-01-04 08:00:51,011] {processor.py:161} INFO - Processing /home/gustavo/Documents/etl_api_twitter/venv/lib/python3.9/site-packages/airflow/example_dags/example_time_delta_sensor_async.py took 0.279 seconds
[2023-01-04 08:01:31,582] {processor.py:153} INFO - Started process (PID=28458) to work on /home/gustavo/Documents/etl_api_twitter/venv/lib/python3.9/site-packages/airflow/example_dags/example_time_delta_sensor_async.py
[2023-01-04 08:01:31,588] {processor.py:641} INFO - Processing file /home/gustavo/Documents/etl_api_twitter/venv/lib/python3.9/site-packages/airflow/example_dags/example_time_delta_sensor_async.py for tasks to queue
[2023-01-04 08:01:31,589] {logging_mixin.py:115} INFO - [2023-01-04 08:01:31,589] {dagbag.py:507} INFO - Filling up the DagBag from /home/gustavo/Documents/etl_api_twitter/venv/lib/python3.9/site-packages/airflow/example_dags/example_time_delta_sensor_async.py
[2023-01-04 08:01:31,603] {processor.py:651} INFO - DAG(s) dict_keys(['example_time_delta_sensor_async']) retrieved from /home/gustavo/Documents/etl_api_twitter/venv/lib/python3.9/site-packages/airflow/example_dags/example_time_delta_sensor_async.py
[2023-01-04 08:01:31,666] {logging_mixin.py:115} INFO - [2023-01-04 08:01:31,665] {dag.py:2379} INFO - Sync 1 DAGs
[2023-01-04 08:01:31,713] {logging_mixin.py:115} INFO - [2023-01-04 08:01:31,713] {dag.py:2927} INFO - Setting next_dagrun for example_time_delta_sensor_async to None, run_after=None
[2023-01-04 08:01:31,744] {processor.py:161} INFO - Processing /home/gustavo/Documents/etl_api_twitter/venv/lib/python3.9/site-packages/airflow/example_dags/example_time_delta_sensor_async.py took 0.170 seconds
[2023-01-04 08:02:08,145] {processor.py:153} INFO - Started process (PID=28666) to work on /home/gustavo/Documents/etl_api_twitter/venv/lib/python3.9/site-packages/airflow/example_dags/example_time_delta_sensor_async.py
[2023-01-04 08:02:08,151] {processor.py:641} INFO - Processing file /home/gustavo/Documents/etl_api_twitter/venv/lib/python3.9/site-packages/airflow/example_dags/example_time_delta_sensor_async.py for tasks to queue
[2023-01-04 08:02:08,152] {logging_mixin.py:115} INFO - [2023-01-04 08:02:08,152] {dagbag.py:507} INFO - Filling up the DagBag from /home/gustavo/Documents/etl_api_twitter/venv/lib/python3.9/site-packages/airflow/example_dags/example_time_delta_sensor_async.py
[2023-01-04 08:02:08,163] {processor.py:651} INFO - DAG(s) dict_keys(['example_time_delta_sensor_async']) retrieved from /home/gustavo/Documents/etl_api_twitter/venv/lib/python3.9/site-packages/airflow/example_dags/example_time_delta_sensor_async.py
[2023-01-04 08:02:08,207] {logging_mixin.py:115} INFO - [2023-01-04 08:02:08,207] {dag.py:2379} INFO - Sync 1 DAGs
[2023-01-04 08:02:08,247] {logging_mixin.py:115} INFO - [2023-01-04 08:02:08,247] {dag.py:2927} INFO - Setting next_dagrun for example_time_delta_sensor_async to None, run_after=None
[2023-01-04 08:02:08,267] {processor.py:161} INFO - Processing /home/gustavo/Documents/etl_api_twitter/venv/lib/python3.9/site-packages/airflow/example_dags/example_time_delta_sensor_async.py took 0.135 seconds
[2023-01-04 08:10:42,535] {processor.py:153} INFO - Started process (PID=3337) to work on /home/gustavo/Documents/etl_api_twitter/venv/lib/python3.9/site-packages/airflow/example_dags/example_time_delta_sensor_async.py
[2023-01-04 08:10:42,536] {processor.py:641} INFO - Processing file /home/gustavo/Documents/etl_api_twitter/venv/lib/python3.9/site-packages/airflow/example_dags/example_time_delta_sensor_async.py for tasks to queue
[2023-01-04 08:10:42,537] {logging_mixin.py:115} INFO - [2023-01-04 08:10:42,537] {dagbag.py:507} INFO - Filling up the DagBag from /home/gustavo/Documents/etl_api_twitter/venv/lib/python3.9/site-packages/airflow/example_dags/example_time_delta_sensor_async.py
[2023-01-04 08:10:42,543] {processor.py:651} INFO - DAG(s) dict_keys(['example_time_delta_sensor_async']) retrieved from /home/gustavo/Documents/etl_api_twitter/venv/lib/python3.9/site-packages/airflow/example_dags/example_time_delta_sensor_async.py
[2023-01-04 08:10:42,562] {logging_mixin.py:115} INFO - [2023-01-04 08:10:42,562] {dag.py:2379} INFO - Sync 1 DAGs
[2023-01-04 08:10:42,580] {logging_mixin.py:115} INFO - [2023-01-04 08:10:42,580] {dag.py:2927} INFO - Setting next_dagrun for example_time_delta_sensor_async to None, run_after=None
[2023-01-04 08:10:42,602] {processor.py:161} INFO - Processing /home/gustavo/Documents/etl_api_twitter/venv/lib/python3.9/site-packages/airflow/example_dags/example_time_delta_sensor_async.py took 0.070 seconds
[2023-01-04 08:11:19,837] {processor.py:153} INFO - Started process (PID=3929) to work on /home/gustavo/Documents/etl_api_twitter/venv/lib/python3.9/site-packages/airflow/example_dags/example_time_delta_sensor_async.py
[2023-01-04 08:11:19,838] {processor.py:641} INFO - Processing file /home/gustavo/Documents/etl_api_twitter/venv/lib/python3.9/site-packages/airflow/example_dags/example_time_delta_sensor_async.py for tasks to queue
[2023-01-04 08:11:19,838] {logging_mixin.py:115} INFO - [2023-01-04 08:11:19,838] {dagbag.py:507} INFO - Filling up the DagBag from /home/gustavo/Documents/etl_api_twitter/venv/lib/python3.9/site-packages/airflow/example_dags/example_time_delta_sensor_async.py
[2023-01-04 08:11:19,850] {processor.py:651} INFO - DAG(s) dict_keys(['example_time_delta_sensor_async']) retrieved from /home/gustavo/Documents/etl_api_twitter/venv/lib/python3.9/site-packages/airflow/example_dags/example_time_delta_sensor_async.py
[2023-01-04 08:11:19,878] {logging_mixin.py:115} INFO - [2023-01-04 08:11:19,878] {dag.py:2379} INFO - Sync 1 DAGs
[2023-01-04 08:11:19,891] {logging_mixin.py:115} INFO - [2023-01-04 08:11:19,890] {dag.py:2927} INFO - Setting next_dagrun for example_time_delta_sensor_async to None, run_after=None
[2023-01-04 08:11:19,901] {processor.py:161} INFO - Processing /home/gustavo/Documents/etl_api_twitter/venv/lib/python3.9/site-packages/airflow/example_dags/example_time_delta_sensor_async.py took 0.068 seconds
[2023-01-04 08:11:54,591] {processor.py:153} INFO - Started process (PID=4078) to work on /home/gustavo/Documents/etl_api_twitter/venv/lib/python3.9/site-packages/airflow/example_dags/example_time_delta_sensor_async.py
[2023-01-04 08:11:54,592] {processor.py:641} INFO - Processing file /home/gustavo/Documents/etl_api_twitter/venv/lib/python3.9/site-packages/airflow/example_dags/example_time_delta_sensor_async.py for tasks to queue
[2023-01-04 08:11:54,592] {logging_mixin.py:115} INFO - [2023-01-04 08:11:54,592] {dagbag.py:507} INFO - Filling up the DagBag from /home/gustavo/Documents/etl_api_twitter/venv/lib/python3.9/site-packages/airflow/example_dags/example_time_delta_sensor_async.py
[2023-01-04 08:11:54,600] {processor.py:651} INFO - DAG(s) dict_keys(['example_time_delta_sensor_async']) retrieved from /home/gustavo/Documents/etl_api_twitter/venv/lib/python3.9/site-packages/airflow/example_dags/example_time_delta_sensor_async.py
[2023-01-04 08:11:54,627] {logging_mixin.py:115} INFO - [2023-01-04 08:11:54,627] {dag.py:2379} INFO - Sync 1 DAGs
[2023-01-04 08:11:54,639] {logging_mixin.py:115} INFO - [2023-01-04 08:11:54,638] {dag.py:2927} INFO - Setting next_dagrun for example_time_delta_sensor_async to None, run_after=None
[2023-01-04 08:11:54,650] {processor.py:161} INFO - Processing /home/gustavo/Documents/etl_api_twitter/venv/lib/python3.9/site-packages/airflow/example_dags/example_time_delta_sensor_async.py took 0.065 seconds
[2023-01-04 08:12:26,566] {processor.py:153} INFO - Started process (PID=4169) to work on /home/gustavo/Documents/etl_api_twitter/venv/lib/python3.9/site-packages/airflow/example_dags/example_time_delta_sensor_async.py
[2023-01-04 08:12:26,567] {processor.py:641} INFO - Processing file /home/gustavo/Documents/etl_api_twitter/venv/lib/python3.9/site-packages/airflow/example_dags/example_time_delta_sensor_async.py for tasks to queue
[2023-01-04 08:12:26,567] {logging_mixin.py:115} INFO - [2023-01-04 08:12:26,567] {dagbag.py:507} INFO - Filling up the DagBag from /home/gustavo/Documents/etl_api_twitter/venv/lib/python3.9/site-packages/airflow/example_dags/example_time_delta_sensor_async.py
[2023-01-04 08:12:26,571] {processor.py:651} INFO - DAG(s) dict_keys(['example_time_delta_sensor_async']) retrieved from /home/gustavo/Documents/etl_api_twitter/venv/lib/python3.9/site-packages/airflow/example_dags/example_time_delta_sensor_async.py
[2023-01-04 08:12:26,587] {logging_mixin.py:115} INFO - [2023-01-04 08:12:26,587] {dag.py:2379} INFO - Sync 1 DAGs
[2023-01-04 08:12:26,601] {logging_mixin.py:115} INFO - [2023-01-04 08:12:26,601] {dag.py:2927} INFO - Setting next_dagrun for example_time_delta_sensor_async to None, run_after=None
[2023-01-04 08:12:26,611] {processor.py:161} INFO - Processing /home/gustavo/Documents/etl_api_twitter/venv/lib/python3.9/site-packages/airflow/example_dags/example_time_delta_sensor_async.py took 0.047 seconds
[2023-01-04 08:13:01,360] {processor.py:153} INFO - Started process (PID=4208) to work on /home/gustavo/Documents/etl_api_twitter/venv/lib/python3.9/site-packages/airflow/example_dags/example_time_delta_sensor_async.py
[2023-01-04 08:13:01,361] {processor.py:641} INFO - Processing file /home/gustavo/Documents/etl_api_twitter/venv/lib/python3.9/site-packages/airflow/example_dags/example_time_delta_sensor_async.py for tasks to queue
[2023-01-04 08:13:01,361] {logging_mixin.py:115} INFO - [2023-01-04 08:13:01,361] {dagbag.py:507} INFO - Filling up the DagBag from /home/gustavo/Documents/etl_api_twitter/venv/lib/python3.9/site-packages/airflow/example_dags/example_time_delta_sensor_async.py
[2023-01-04 08:13:01,368] {processor.py:651} INFO - DAG(s) dict_keys(['example_time_delta_sensor_async']) retrieved from /home/gustavo/Documents/etl_api_twitter/venv/lib/python3.9/site-packages/airflow/example_dags/example_time_delta_sensor_async.py
[2023-01-04 08:13:01,390] {logging_mixin.py:115} INFO - [2023-01-04 08:13:01,390] {dag.py:2379} INFO - Sync 1 DAGs
[2023-01-04 08:13:01,404] {logging_mixin.py:115} INFO - [2023-01-04 08:13:01,404] {dag.py:2927} INFO - Setting next_dagrun for example_time_delta_sensor_async to None, run_after=None
[2023-01-04 08:13:01,416] {processor.py:161} INFO - Processing /home/gustavo/Documents/etl_api_twitter/venv/lib/python3.9/site-packages/airflow/example_dags/example_time_delta_sensor_async.py took 0.060 seconds
[2023-01-04 08:13:36,379] {processor.py:153} INFO - Started process (PID=4245) to work on /home/gustavo/Documents/etl_api_twitter/venv/lib/python3.9/site-packages/airflow/example_dags/example_time_delta_sensor_async.py
[2023-01-04 08:13:36,381] {processor.py:641} INFO - Processing file /home/gustavo/Documents/etl_api_twitter/venv/lib/python3.9/site-packages/airflow/example_dags/example_time_delta_sensor_async.py for tasks to queue
[2023-01-04 08:13:36,383] {logging_mixin.py:115} INFO - [2023-01-04 08:13:36,382] {dagbag.py:507} INFO - Filling up the DagBag from /home/gustavo/Documents/etl_api_twitter/venv/lib/python3.9/site-packages/airflow/example_dags/example_time_delta_sensor_async.py
[2023-01-04 08:13:36,395] {processor.py:651} INFO - DAG(s) dict_keys(['example_time_delta_sensor_async']) retrieved from /home/gustavo/Documents/etl_api_twitter/venv/lib/python3.9/site-packages/airflow/example_dags/example_time_delta_sensor_async.py
[2023-01-04 08:13:36,438] {logging_mixin.py:115} INFO - [2023-01-04 08:13:36,438] {dag.py:2379} INFO - Sync 1 DAGs
[2023-01-04 08:13:36,463] {logging_mixin.py:115} INFO - [2023-01-04 08:13:36,463] {dag.py:2927} INFO - Setting next_dagrun for example_time_delta_sensor_async to None, run_after=None
[2023-01-04 08:13:36,492] {processor.py:161} INFO - Processing /home/gustavo/Documents/etl_api_twitter/venv/lib/python3.9/site-packages/airflow/example_dags/example_time_delta_sensor_async.py took 0.121 seconds
[2023-01-04 08:14:09,502] {processor.py:153} INFO - Started process (PID=4281) to work on /home/gustavo/Documents/etl_api_twitter/venv/lib/python3.9/site-packages/airflow/example_dags/example_time_delta_sensor_async.py
[2023-01-04 08:14:09,503] {processor.py:641} INFO - Processing file /home/gustavo/Documents/etl_api_twitter/venv/lib/python3.9/site-packages/airflow/example_dags/example_time_delta_sensor_async.py for tasks to queue
[2023-01-04 08:14:09,504] {logging_mixin.py:115} INFO - [2023-01-04 08:14:09,504] {dagbag.py:507} INFO - Filling up the DagBag from /home/gustavo/Documents/etl_api_twitter/venv/lib/python3.9/site-packages/airflow/example_dags/example_time_delta_sensor_async.py
[2023-01-04 08:14:09,509] {processor.py:651} INFO - DAG(s) dict_keys(['example_time_delta_sensor_async']) retrieved from /home/gustavo/Documents/etl_api_twitter/venv/lib/python3.9/site-packages/airflow/example_dags/example_time_delta_sensor_async.py
[2023-01-04 08:14:09,530] {logging_mixin.py:115} INFO - [2023-01-04 08:14:09,530] {dag.py:2379} INFO - Sync 1 DAGs
[2023-01-04 08:14:09,545] {logging_mixin.py:115} INFO - [2023-01-04 08:14:09,545] {dag.py:2927} INFO - Setting next_dagrun for example_time_delta_sensor_async to None, run_after=None
[2023-01-04 08:14:09,554] {processor.py:161} INFO - Processing /home/gustavo/Documents/etl_api_twitter/venv/lib/python3.9/site-packages/airflow/example_dags/example_time_delta_sensor_async.py took 0.055 seconds
[2023-01-04 08:14:43,868] {processor.py:153} INFO - Started process (PID=4427) to work on /home/gustavo/Documents/etl_api_twitter/venv/lib/python3.9/site-packages/airflow/example_dags/example_time_delta_sensor_async.py
[2023-01-04 08:14:43,869] {processor.py:641} INFO - Processing file /home/gustavo/Documents/etl_api_twitter/venv/lib/python3.9/site-packages/airflow/example_dags/example_time_delta_sensor_async.py for tasks to queue
[2023-01-04 08:14:43,870] {logging_mixin.py:115} INFO - [2023-01-04 08:14:43,870] {dagbag.py:507} INFO - Filling up the DagBag from /home/gustavo/Documents/etl_api_twitter/venv/lib/python3.9/site-packages/airflow/example_dags/example_time_delta_sensor_async.py
[2023-01-04 08:14:43,879] {processor.py:651} INFO - DAG(s) dict_keys(['example_time_delta_sensor_async']) retrieved from /home/gustavo/Documents/etl_api_twitter/venv/lib/python3.9/site-packages/airflow/example_dags/example_time_delta_sensor_async.py
[2023-01-04 08:14:43,905] {logging_mixin.py:115} INFO - [2023-01-04 08:14:43,905] {dag.py:2379} INFO - Sync 1 DAGs
[2023-01-04 08:14:43,933] {logging_mixin.py:115} INFO - [2023-01-04 08:14:43,933] {dag.py:2927} INFO - Setting next_dagrun for example_time_delta_sensor_async to None, run_after=None
[2023-01-04 08:14:43,948] {processor.py:161} INFO - Processing /home/gustavo/Documents/etl_api_twitter/venv/lib/python3.9/site-packages/airflow/example_dags/example_time_delta_sensor_async.py took 0.083 seconds
[2023-01-04 08:15:17,269] {processor.py:153} INFO - Started process (PID=4558) to work on /home/gustavo/Documents/etl_api_twitter/venv/lib/python3.9/site-packages/airflow/example_dags/example_time_delta_sensor_async.py
[2023-01-04 08:15:17,270] {processor.py:641} INFO - Processing file /home/gustavo/Documents/etl_api_twitter/venv/lib/python3.9/site-packages/airflow/example_dags/example_time_delta_sensor_async.py for tasks to queue
[2023-01-04 08:15:17,271] {logging_mixin.py:115} INFO - [2023-01-04 08:15:17,271] {dagbag.py:507} INFO - Filling up the DagBag from /home/gustavo/Documents/etl_api_twitter/venv/lib/python3.9/site-packages/airflow/example_dags/example_time_delta_sensor_async.py
[2023-01-04 08:15:17,276] {processor.py:651} INFO - DAG(s) dict_keys(['example_time_delta_sensor_async']) retrieved from /home/gustavo/Documents/etl_api_twitter/venv/lib/python3.9/site-packages/airflow/example_dags/example_time_delta_sensor_async.py
[2023-01-04 08:15:17,300] {logging_mixin.py:115} INFO - [2023-01-04 08:15:17,300] {dag.py:2379} INFO - Sync 1 DAGs
[2023-01-04 08:15:17,314] {logging_mixin.py:115} INFO - [2023-01-04 08:15:17,314] {dag.py:2927} INFO - Setting next_dagrun for example_time_delta_sensor_async to None, run_after=None
[2023-01-04 08:15:17,326] {processor.py:161} INFO - Processing /home/gustavo/Documents/etl_api_twitter/venv/lib/python3.9/site-packages/airflow/example_dags/example_time_delta_sensor_async.py took 0.061 seconds
[2023-01-04 08:15:48,915] {processor.py:153} INFO - Started process (PID=4794) to work on /home/gustavo/Documents/etl_api_twitter/venv/lib/python3.9/site-packages/airflow/example_dags/example_time_delta_sensor_async.py
[2023-01-04 08:15:48,916] {processor.py:641} INFO - Processing file /home/gustavo/Documents/etl_api_twitter/venv/lib/python3.9/site-packages/airflow/example_dags/example_time_delta_sensor_async.py for tasks to queue
[2023-01-04 08:15:48,916] {logging_mixin.py:115} INFO - [2023-01-04 08:15:48,916] {dagbag.py:507} INFO - Filling up the DagBag from /home/gustavo/Documents/etl_api_twitter/venv/lib/python3.9/site-packages/airflow/example_dags/example_time_delta_sensor_async.py
[2023-01-04 08:15:48,925] {processor.py:651} INFO - DAG(s) dict_keys(['example_time_delta_sensor_async']) retrieved from /home/gustavo/Documents/etl_api_twitter/venv/lib/python3.9/site-packages/airflow/example_dags/example_time_delta_sensor_async.py
[2023-01-04 08:15:48,967] {logging_mixin.py:115} INFO - [2023-01-04 08:15:48,967] {dag.py:2379} INFO - Sync 1 DAGs
[2023-01-04 08:15:48,994] {logging_mixin.py:115} INFO - [2023-01-04 08:15:48,994] {dag.py:2927} INFO - Setting next_dagrun for example_time_delta_sensor_async to None, run_after=None
[2023-01-04 08:15:49,010] {processor.py:161} INFO - Processing /home/gustavo/Documents/etl_api_twitter/venv/lib/python3.9/site-packages/airflow/example_dags/example_time_delta_sensor_async.py took 0.101 seconds
[2023-01-04 08:16:19,643] {processor.py:153} INFO - Started process (PID=4984) to work on /home/gustavo/Documents/etl_api_twitter/venv/lib/python3.9/site-packages/airflow/example_dags/example_time_delta_sensor_async.py
[2023-01-04 08:16:19,644] {processor.py:641} INFO - Processing file /home/gustavo/Documents/etl_api_twitter/venv/lib/python3.9/site-packages/airflow/example_dags/example_time_delta_sensor_async.py for tasks to queue
[2023-01-04 08:16:19,645] {logging_mixin.py:115} INFO - [2023-01-04 08:16:19,645] {dagbag.py:507} INFO - Filling up the DagBag from /home/gustavo/Documents/etl_api_twitter/venv/lib/python3.9/site-packages/airflow/example_dags/example_time_delta_sensor_async.py
[2023-01-04 08:16:19,655] {processor.py:651} INFO - DAG(s) dict_keys(['example_time_delta_sensor_async']) retrieved from /home/gustavo/Documents/etl_api_twitter/venv/lib/python3.9/site-packages/airflow/example_dags/example_time_delta_sensor_async.py
[2023-01-04 08:16:19,692] {logging_mixin.py:115} INFO - [2023-01-04 08:16:19,692] {dag.py:2379} INFO - Sync 1 DAGs
[2023-01-04 08:16:19,727] {logging_mixin.py:115} INFO - [2023-01-04 08:16:19,727] {dag.py:2927} INFO - Setting next_dagrun for example_time_delta_sensor_async to None, run_after=None
[2023-01-04 08:16:19,744] {processor.py:161} INFO - Processing /home/gustavo/Documents/etl_api_twitter/venv/lib/python3.9/site-packages/airflow/example_dags/example_time_delta_sensor_async.py took 0.108 seconds
[2023-01-04 08:16:53,171] {processor.py:153} INFO - Started process (PID=5162) to work on /home/gustavo/Documents/etl_api_twitter/venv/lib/python3.9/site-packages/airflow/example_dags/example_time_delta_sensor_async.py
[2023-01-04 08:16:53,172] {processor.py:641} INFO - Processing file /home/gustavo/Documents/etl_api_twitter/venv/lib/python3.9/site-packages/airflow/example_dags/example_time_delta_sensor_async.py for tasks to queue
[2023-01-04 08:16:53,172] {logging_mixin.py:115} INFO - [2023-01-04 08:16:53,172] {dagbag.py:507} INFO - Filling up the DagBag from /home/gustavo/Documents/etl_api_twitter/venv/lib/python3.9/site-packages/airflow/example_dags/example_time_delta_sensor_async.py
[2023-01-04 08:16:53,177] {processor.py:651} INFO - DAG(s) dict_keys(['example_time_delta_sensor_async']) retrieved from /home/gustavo/Documents/etl_api_twitter/venv/lib/python3.9/site-packages/airflow/example_dags/example_time_delta_sensor_async.py
[2023-01-04 08:16:53,198] {logging_mixin.py:115} INFO - [2023-01-04 08:16:53,198] {dag.py:2379} INFO - Sync 1 DAGs
[2023-01-04 08:16:53,213] {logging_mixin.py:115} INFO - [2023-01-04 08:16:53,213] {dag.py:2927} INFO - Setting next_dagrun for example_time_delta_sensor_async to None, run_after=None
[2023-01-04 08:16:53,230] {processor.py:161} INFO - Processing /home/gustavo/Documents/etl_api_twitter/venv/lib/python3.9/site-packages/airflow/example_dags/example_time_delta_sensor_async.py took 0.062 seconds
[2023-01-04 08:17:28,010] {processor.py:153} INFO - Started process (PID=5368) to work on /home/gustavo/Documents/etl_api_twitter/venv/lib/python3.9/site-packages/airflow/example_dags/example_time_delta_sensor_async.py
[2023-01-04 08:17:28,012] {processor.py:641} INFO - Processing file /home/gustavo/Documents/etl_api_twitter/venv/lib/python3.9/site-packages/airflow/example_dags/example_time_delta_sensor_async.py for tasks to queue
[2023-01-04 08:17:28,013] {logging_mixin.py:115} INFO - [2023-01-04 08:17:28,013] {dagbag.py:507} INFO - Filling up the DagBag from /home/gustavo/Documents/etl_api_twitter/venv/lib/python3.9/site-packages/airflow/example_dags/example_time_delta_sensor_async.py
[2023-01-04 08:17:28,023] {processor.py:651} INFO - DAG(s) dict_keys(['example_time_delta_sensor_async']) retrieved from /home/gustavo/Documents/etl_api_twitter/venv/lib/python3.9/site-packages/airflow/example_dags/example_time_delta_sensor_async.py
[2023-01-04 08:17:28,066] {logging_mixin.py:115} INFO - [2023-01-04 08:17:28,066] {dag.py:2379} INFO - Sync 1 DAGs
[2023-01-04 08:17:28,099] {logging_mixin.py:115} INFO - [2023-01-04 08:17:28,099] {dag.py:2927} INFO - Setting next_dagrun for example_time_delta_sensor_async to None, run_after=None
[2023-01-04 08:17:28,114] {processor.py:161} INFO - Processing /home/gustavo/Documents/etl_api_twitter/venv/lib/python3.9/site-packages/airflow/example_dags/example_time_delta_sensor_async.py took 0.111 seconds
[2023-01-04 08:18:01,985] {processor.py:153} INFO - Started process (PID=5579) to work on /home/gustavo/Documents/etl_api_twitter/venv/lib/python3.9/site-packages/airflow/example_dags/example_time_delta_sensor_async.py
[2023-01-04 08:18:01,988] {processor.py:641} INFO - Processing file /home/gustavo/Documents/etl_api_twitter/venv/lib/python3.9/site-packages/airflow/example_dags/example_time_delta_sensor_async.py for tasks to queue
[2023-01-04 08:18:01,989] {logging_mixin.py:115} INFO - [2023-01-04 08:18:01,989] {dagbag.py:507} INFO - Filling up the DagBag from /home/gustavo/Documents/etl_api_twitter/venv/lib/python3.9/site-packages/airflow/example_dags/example_time_delta_sensor_async.py
[2023-01-04 08:18:02,000] {processor.py:651} INFO - DAG(s) dict_keys(['example_time_delta_sensor_async']) retrieved from /home/gustavo/Documents/etl_api_twitter/venv/lib/python3.9/site-packages/airflow/example_dags/example_time_delta_sensor_async.py
[2023-01-04 08:18:02,025] {logging_mixin.py:115} INFO - [2023-01-04 08:18:02,025] {dag.py:2379} INFO - Sync 1 DAGs
[2023-01-04 08:18:02,044] {logging_mixin.py:115} INFO - [2023-01-04 08:18:02,044] {dag.py:2927} INFO - Setting next_dagrun for example_time_delta_sensor_async to None, run_after=None
[2023-01-04 08:18:02,067] {processor.py:161} INFO - Processing /home/gustavo/Documents/etl_api_twitter/venv/lib/python3.9/site-packages/airflow/example_dags/example_time_delta_sensor_async.py took 0.090 seconds
[2023-01-04 08:18:34,123] {processor.py:153} INFO - Started process (PID=5761) to work on /home/gustavo/Documents/etl_api_twitter/venv/lib/python3.9/site-packages/airflow/example_dags/example_time_delta_sensor_async.py
[2023-01-04 08:18:34,123] {processor.py:641} INFO - Processing file /home/gustavo/Documents/etl_api_twitter/venv/lib/python3.9/site-packages/airflow/example_dags/example_time_delta_sensor_async.py for tasks to queue
[2023-01-04 08:18:34,124] {logging_mixin.py:115} INFO - [2023-01-04 08:18:34,124] {dagbag.py:507} INFO - Filling up the DagBag from /home/gustavo/Documents/etl_api_twitter/venv/lib/python3.9/site-packages/airflow/example_dags/example_time_delta_sensor_async.py
[2023-01-04 08:18:34,130] {processor.py:651} INFO - DAG(s) dict_keys(['example_time_delta_sensor_async']) retrieved from /home/gustavo/Documents/etl_api_twitter/venv/lib/python3.9/site-packages/airflow/example_dags/example_time_delta_sensor_async.py
[2023-01-04 08:18:34,150] {logging_mixin.py:115} INFO - [2023-01-04 08:18:34,150] {dag.py:2379} INFO - Sync 1 DAGs
[2023-01-04 08:18:34,182] {logging_mixin.py:115} INFO - [2023-01-04 08:18:34,182] {dag.py:2927} INFO - Setting next_dagrun for example_time_delta_sensor_async to None, run_after=None
[2023-01-04 08:18:34,207] {processor.py:161} INFO - Processing /home/gustavo/Documents/etl_api_twitter/venv/lib/python3.9/site-packages/airflow/example_dags/example_time_delta_sensor_async.py took 0.087 seconds
[2023-01-04 08:19:09,604] {processor.py:153} INFO - Started process (PID=5964) to work on /home/gustavo/Documents/etl_api_twitter/venv/lib/python3.9/site-packages/airflow/example_dags/example_time_delta_sensor_async.py
[2023-01-04 08:19:09,606] {processor.py:641} INFO - Processing file /home/gustavo/Documents/etl_api_twitter/venv/lib/python3.9/site-packages/airflow/example_dags/example_time_delta_sensor_async.py for tasks to queue
[2023-01-04 08:19:09,607] {logging_mixin.py:115} INFO - [2023-01-04 08:19:09,607] {dagbag.py:507} INFO - Filling up the DagBag from /home/gustavo/Documents/etl_api_twitter/venv/lib/python3.9/site-packages/airflow/example_dags/example_time_delta_sensor_async.py
[2023-01-04 08:19:09,618] {processor.py:651} INFO - DAG(s) dict_keys(['example_time_delta_sensor_async']) retrieved from /home/gustavo/Documents/etl_api_twitter/venv/lib/python3.9/site-packages/airflow/example_dags/example_time_delta_sensor_async.py
[2023-01-04 08:19:09,662] {logging_mixin.py:115} INFO - [2023-01-04 08:19:09,662] {dag.py:2379} INFO - Sync 1 DAGs
[2023-01-04 08:19:09,701] {logging_mixin.py:115} INFO - [2023-01-04 08:19:09,700] {dag.py:2927} INFO - Setting next_dagrun for example_time_delta_sensor_async to None, run_after=None
[2023-01-04 08:19:09,729] {processor.py:161} INFO - Processing /home/gustavo/Documents/etl_api_twitter/venv/lib/python3.9/site-packages/airflow/example_dags/example_time_delta_sensor_async.py took 0.133 seconds
[2023-01-04 08:19:41,556] {processor.py:153} INFO - Started process (PID=6143) to work on /home/gustavo/Documents/etl_api_twitter/venv/lib/python3.9/site-packages/airflow/example_dags/example_time_delta_sensor_async.py
[2023-01-04 08:19:41,557] {processor.py:641} INFO - Processing file /home/gustavo/Documents/etl_api_twitter/venv/lib/python3.9/site-packages/airflow/example_dags/example_time_delta_sensor_async.py for tasks to queue
[2023-01-04 08:19:41,558] {logging_mixin.py:115} INFO - [2023-01-04 08:19:41,558] {dagbag.py:507} INFO - Filling up the DagBag from /home/gustavo/Documents/etl_api_twitter/venv/lib/python3.9/site-packages/airflow/example_dags/example_time_delta_sensor_async.py
[2023-01-04 08:19:41,563] {processor.py:651} INFO - DAG(s) dict_keys(['example_time_delta_sensor_async']) retrieved from /home/gustavo/Documents/etl_api_twitter/venv/lib/python3.9/site-packages/airflow/example_dags/example_time_delta_sensor_async.py
[2023-01-04 08:19:41,593] {logging_mixin.py:115} INFO - [2023-01-04 08:19:41,592] {dag.py:2379} INFO - Sync 1 DAGs
[2023-01-04 08:19:41,617] {logging_mixin.py:115} INFO - [2023-01-04 08:19:41,617] {dag.py:2927} INFO - Setting next_dagrun for example_time_delta_sensor_async to None, run_after=None
[2023-01-04 08:19:41,632] {processor.py:161} INFO - Processing /home/gustavo/Documents/etl_api_twitter/venv/lib/python3.9/site-packages/airflow/example_dags/example_time_delta_sensor_async.py took 0.080 seconds
[2023-01-04 08:20:15,302] {processor.py:153} INFO - Started process (PID=6350) to work on /home/gustavo/Documents/etl_api_twitter/venv/lib/python3.9/site-packages/airflow/example_dags/example_time_delta_sensor_async.py
[2023-01-04 08:20:15,305] {processor.py:641} INFO - Processing file /home/gustavo/Documents/etl_api_twitter/venv/lib/python3.9/site-packages/airflow/example_dags/example_time_delta_sensor_async.py for tasks to queue
[2023-01-04 08:20:15,306] {logging_mixin.py:115} INFO - [2023-01-04 08:20:15,306] {dagbag.py:507} INFO - Filling up the DagBag from /home/gustavo/Documents/etl_api_twitter/venv/lib/python3.9/site-packages/airflow/example_dags/example_time_delta_sensor_async.py
[2023-01-04 08:20:15,312] {processor.py:651} INFO - DAG(s) dict_keys(['example_time_delta_sensor_async']) retrieved from /home/gustavo/Documents/etl_api_twitter/venv/lib/python3.9/site-packages/airflow/example_dags/example_time_delta_sensor_async.py
[2023-01-04 08:20:15,337] {logging_mixin.py:115} INFO - [2023-01-04 08:20:15,337] {dag.py:2379} INFO - Sync 1 DAGs
[2023-01-04 08:20:15,350] {logging_mixin.py:115} INFO - [2023-01-04 08:20:15,350] {dag.py:2927} INFO - Setting next_dagrun for example_time_delta_sensor_async to None, run_after=None
[2023-01-04 08:20:15,363] {processor.py:161} INFO - Processing /home/gustavo/Documents/etl_api_twitter/venv/lib/python3.9/site-packages/airflow/example_dags/example_time_delta_sensor_async.py took 0.070 seconds
[2023-01-04 08:20:48,722] {processor.py:153} INFO - Started process (PID=6581) to work on /home/gustavo/Documents/etl_api_twitter/venv/lib/python3.9/site-packages/airflow/example_dags/example_time_delta_sensor_async.py
[2023-01-04 08:20:48,724] {processor.py:641} INFO - Processing file /home/gustavo/Documents/etl_api_twitter/venv/lib/python3.9/site-packages/airflow/example_dags/example_time_delta_sensor_async.py for tasks to queue
[2023-01-04 08:20:48,725] {logging_mixin.py:115} INFO - [2023-01-04 08:20:48,725] {dagbag.py:507} INFO - Filling up the DagBag from /home/gustavo/Documents/etl_api_twitter/venv/lib/python3.9/site-packages/airflow/example_dags/example_time_delta_sensor_async.py
[2023-01-04 08:20:48,737] {processor.py:651} INFO - DAG(s) dict_keys(['example_time_delta_sensor_async']) retrieved from /home/gustavo/Documents/etl_api_twitter/venv/lib/python3.9/site-packages/airflow/example_dags/example_time_delta_sensor_async.py
[2023-01-04 08:20:48,777] {logging_mixin.py:115} INFO - [2023-01-04 08:20:48,776] {dag.py:2379} INFO - Sync 1 DAGs
[2023-01-04 08:20:48,813] {logging_mixin.py:115} INFO - [2023-01-04 08:20:48,812] {dag.py:2927} INFO - Setting next_dagrun for example_time_delta_sensor_async to None, run_after=None
[2023-01-04 08:20:48,829] {processor.py:161} INFO - Processing /home/gustavo/Documents/etl_api_twitter/venv/lib/python3.9/site-packages/airflow/example_dags/example_time_delta_sensor_async.py took 0.114 seconds
[2023-01-04 08:21:22,574] {processor.py:153} INFO - Started process (PID=6786) to work on /home/gustavo/Documents/etl_api_twitter/venv/lib/python3.9/site-packages/airflow/example_dags/example_time_delta_sensor_async.py
[2023-01-04 08:21:22,575] {processor.py:641} INFO - Processing file /home/gustavo/Documents/etl_api_twitter/venv/lib/python3.9/site-packages/airflow/example_dags/example_time_delta_sensor_async.py for tasks to queue
[2023-01-04 08:21:22,576] {logging_mixin.py:115} INFO - [2023-01-04 08:21:22,575] {dagbag.py:507} INFO - Filling up the DagBag from /home/gustavo/Documents/etl_api_twitter/venv/lib/python3.9/site-packages/airflow/example_dags/example_time_delta_sensor_async.py
[2023-01-04 08:21:22,579] {processor.py:651} INFO - DAG(s) dict_keys(['example_time_delta_sensor_async']) retrieved from /home/gustavo/Documents/etl_api_twitter/venv/lib/python3.9/site-packages/airflow/example_dags/example_time_delta_sensor_async.py
[2023-01-04 08:21:22,610] {logging_mixin.py:115} INFO - [2023-01-04 08:21:22,610] {dag.py:2379} INFO - Sync 1 DAGs
[2023-01-04 08:21:22,625] {logging_mixin.py:115} INFO - [2023-01-04 08:21:22,625] {dag.py:2927} INFO - Setting next_dagrun for example_time_delta_sensor_async to None, run_after=None
[2023-01-04 08:21:22,634] {processor.py:161} INFO - Processing /home/gustavo/Documents/etl_api_twitter/venv/lib/python3.9/site-packages/airflow/example_dags/example_time_delta_sensor_async.py took 0.064 seconds
[2023-01-04 08:21:56,401] {processor.py:153} INFO - Started process (PID=6991) to work on /home/gustavo/Documents/etl_api_twitter/venv/lib/python3.9/site-packages/airflow/example_dags/example_time_delta_sensor_async.py
[2023-01-04 08:21:56,402] {processor.py:641} INFO - Processing file /home/gustavo/Documents/etl_api_twitter/venv/lib/python3.9/site-packages/airflow/example_dags/example_time_delta_sensor_async.py for tasks to queue
[2023-01-04 08:21:56,402] {logging_mixin.py:115} INFO - [2023-01-04 08:21:56,402] {dagbag.py:507} INFO - Filling up the DagBag from /home/gustavo/Documents/etl_api_twitter/venv/lib/python3.9/site-packages/airflow/example_dags/example_time_delta_sensor_async.py
[2023-01-04 08:21:56,406] {processor.py:651} INFO - DAG(s) dict_keys(['example_time_delta_sensor_async']) retrieved from /home/gustavo/Documents/etl_api_twitter/venv/lib/python3.9/site-packages/airflow/example_dags/example_time_delta_sensor_async.py
[2023-01-04 08:21:56,443] {logging_mixin.py:115} INFO - [2023-01-04 08:21:56,442] {dag.py:2379} INFO - Sync 1 DAGs
[2023-01-04 08:21:56,460] {logging_mixin.py:115} INFO - [2023-01-04 08:21:56,459] {dag.py:2927} INFO - Setting next_dagrun for example_time_delta_sensor_async to None, run_after=None
[2023-01-04 08:21:56,470] {processor.py:161} INFO - Processing /home/gustavo/Documents/etl_api_twitter/venv/lib/python3.9/site-packages/airflow/example_dags/example_time_delta_sensor_async.py took 0.075 seconds
[2023-01-04 08:22:31,023] {processor.py:153} INFO - Started process (PID=7195) to work on /home/gustavo/Documents/etl_api_twitter/venv/lib/python3.9/site-packages/airflow/example_dags/example_time_delta_sensor_async.py
[2023-01-04 08:22:31,024] {processor.py:641} INFO - Processing file /home/gustavo/Documents/etl_api_twitter/venv/lib/python3.9/site-packages/airflow/example_dags/example_time_delta_sensor_async.py for tasks to queue
[2023-01-04 08:22:31,024] {logging_mixin.py:115} INFO - [2023-01-04 08:22:31,024] {dagbag.py:507} INFO - Filling up the DagBag from /home/gustavo/Documents/etl_api_twitter/venv/lib/python3.9/site-packages/airflow/example_dags/example_time_delta_sensor_async.py
[2023-01-04 08:22:31,028] {processor.py:651} INFO - DAG(s) dict_keys(['example_time_delta_sensor_async']) retrieved from /home/gustavo/Documents/etl_api_twitter/venv/lib/python3.9/site-packages/airflow/example_dags/example_time_delta_sensor_async.py
[2023-01-04 08:22:31,048] {logging_mixin.py:115} INFO - [2023-01-04 08:22:31,048] {dag.py:2379} INFO - Sync 1 DAGs
[2023-01-04 08:22:31,065] {logging_mixin.py:115} INFO - [2023-01-04 08:22:31,065] {dag.py:2927} INFO - Setting next_dagrun for example_time_delta_sensor_async to None, run_after=None
[2023-01-04 08:22:31,077] {processor.py:161} INFO - Processing /home/gustavo/Documents/etl_api_twitter/venv/lib/python3.9/site-packages/airflow/example_dags/example_time_delta_sensor_async.py took 0.057 seconds
[2023-01-04 08:23:04,772] {processor.py:153} INFO - Started process (PID=7386) to work on /home/gustavo/Documents/etl_api_twitter/venv/lib/python3.9/site-packages/airflow/example_dags/example_time_delta_sensor_async.py
[2023-01-04 08:23:04,773] {processor.py:641} INFO - Processing file /home/gustavo/Documents/etl_api_twitter/venv/lib/python3.9/site-packages/airflow/example_dags/example_time_delta_sensor_async.py for tasks to queue
[2023-01-04 08:23:04,774] {logging_mixin.py:115} INFO - [2023-01-04 08:23:04,773] {dagbag.py:507} INFO - Filling up the DagBag from /home/gustavo/Documents/etl_api_twitter/venv/lib/python3.9/site-packages/airflow/example_dags/example_time_delta_sensor_async.py
[2023-01-04 08:23:04,779] {processor.py:651} INFO - DAG(s) dict_keys(['example_time_delta_sensor_async']) retrieved from /home/gustavo/Documents/etl_api_twitter/venv/lib/python3.9/site-packages/airflow/example_dags/example_time_delta_sensor_async.py
[2023-01-04 08:23:04,815] {logging_mixin.py:115} INFO - [2023-01-04 08:23:04,815] {dag.py:2379} INFO - Sync 1 DAGs
[2023-01-04 08:23:04,846] {logging_mixin.py:115} INFO - [2023-01-04 08:23:04,846] {dag.py:2927} INFO - Setting next_dagrun for example_time_delta_sensor_async to None, run_after=None
[2023-01-04 08:23:04,862] {processor.py:161} INFO - Processing /home/gustavo/Documents/etl_api_twitter/venv/lib/python3.9/site-packages/airflow/example_dags/example_time_delta_sensor_async.py took 0.093 seconds
[2023-01-04 08:23:39,534] {processor.py:153} INFO - Started process (PID=7592) to work on /home/gustavo/Documents/etl_api_twitter/venv/lib/python3.9/site-packages/airflow/example_dags/example_time_delta_sensor_async.py
[2023-01-04 08:23:39,535] {processor.py:641} INFO - Processing file /home/gustavo/Documents/etl_api_twitter/venv/lib/python3.9/site-packages/airflow/example_dags/example_time_delta_sensor_async.py for tasks to queue
[2023-01-04 08:23:39,535] {logging_mixin.py:115} INFO - [2023-01-04 08:23:39,535] {dagbag.py:507} INFO - Filling up the DagBag from /home/gustavo/Documents/etl_api_twitter/venv/lib/python3.9/site-packages/airflow/example_dags/example_time_delta_sensor_async.py
[2023-01-04 08:23:39,539] {processor.py:651} INFO - DAG(s) dict_keys(['example_time_delta_sensor_async']) retrieved from /home/gustavo/Documents/etl_api_twitter/venv/lib/python3.9/site-packages/airflow/example_dags/example_time_delta_sensor_async.py
[2023-01-04 08:23:39,557] {logging_mixin.py:115} INFO - [2023-01-04 08:23:39,557] {dag.py:2379} INFO - Sync 1 DAGs
[2023-01-04 08:23:39,573] {logging_mixin.py:115} INFO - [2023-01-04 08:23:39,573] {dag.py:2927} INFO - Setting next_dagrun for example_time_delta_sensor_async to None, run_after=None
[2023-01-04 08:23:39,589] {processor.py:161} INFO - Processing /home/gustavo/Documents/etl_api_twitter/venv/lib/python3.9/site-packages/airflow/example_dags/example_time_delta_sensor_async.py took 0.059 seconds
[2023-01-04 08:24:11,420] {processor.py:153} INFO - Started process (PID=7768) to work on /home/gustavo/Documents/etl_api_twitter/venv/lib/python3.9/site-packages/airflow/example_dags/example_time_delta_sensor_async.py
[2023-01-04 08:24:11,421] {processor.py:641} INFO - Processing file /home/gustavo/Documents/etl_api_twitter/venv/lib/python3.9/site-packages/airflow/example_dags/example_time_delta_sensor_async.py for tasks to queue
[2023-01-04 08:24:11,422] {logging_mixin.py:115} INFO - [2023-01-04 08:24:11,422] {dagbag.py:507} INFO - Filling up the DagBag from /home/gustavo/Documents/etl_api_twitter/venv/lib/python3.9/site-packages/airflow/example_dags/example_time_delta_sensor_async.py
[2023-01-04 08:24:11,433] {processor.py:651} INFO - DAG(s) dict_keys(['example_time_delta_sensor_async']) retrieved from /home/gustavo/Documents/etl_api_twitter/venv/lib/python3.9/site-packages/airflow/example_dags/example_time_delta_sensor_async.py
[2023-01-04 08:24:11,478] {logging_mixin.py:115} INFO - [2023-01-04 08:24:11,478] {dag.py:2379} INFO - Sync 1 DAGs
[2023-01-04 08:24:11,492] {logging_mixin.py:115} INFO - [2023-01-04 08:24:11,492] {dag.py:2927} INFO - Setting next_dagrun for example_time_delta_sensor_async to None, run_after=None
[2023-01-04 08:24:11,504] {processor.py:161} INFO - Processing /home/gustavo/Documents/etl_api_twitter/venv/lib/python3.9/site-packages/airflow/example_dags/example_time_delta_sensor_async.py took 0.090 seconds
[2023-01-04 08:24:44,077] {processor.py:153} INFO - Started process (PID=7969) to work on /home/gustavo/Documents/etl_api_twitter/venv/lib/python3.9/site-packages/airflow/example_dags/example_time_delta_sensor_async.py
[2023-01-04 08:24:44,077] {processor.py:641} INFO - Processing file /home/gustavo/Documents/etl_api_twitter/venv/lib/python3.9/site-packages/airflow/example_dags/example_time_delta_sensor_async.py for tasks to queue
[2023-01-04 08:24:44,078] {logging_mixin.py:115} INFO - [2023-01-04 08:24:44,078] {dagbag.py:507} INFO - Filling up the DagBag from /home/gustavo/Documents/etl_api_twitter/venv/lib/python3.9/site-packages/airflow/example_dags/example_time_delta_sensor_async.py
[2023-01-04 08:24:44,082] {processor.py:651} INFO - DAG(s) dict_keys(['example_time_delta_sensor_async']) retrieved from /home/gustavo/Documents/etl_api_twitter/venv/lib/python3.9/site-packages/airflow/example_dags/example_time_delta_sensor_async.py
[2023-01-04 08:24:44,110] {logging_mixin.py:115} INFO - [2023-01-04 08:24:44,110] {dag.py:2379} INFO - Sync 1 DAGs
[2023-01-04 08:24:44,135] {logging_mixin.py:115} INFO - [2023-01-04 08:24:44,135] {dag.py:2927} INFO - Setting next_dagrun for example_time_delta_sensor_async to None, run_after=None
[2023-01-04 08:24:44,146] {processor.py:161} INFO - Processing /home/gustavo/Documents/etl_api_twitter/venv/lib/python3.9/site-packages/airflow/example_dags/example_time_delta_sensor_async.py took 0.076 seconds
[2023-01-04 08:25:15,924] {processor.py:153} INFO - Started process (PID=8148) to work on /home/gustavo/Documents/etl_api_twitter/venv/lib/python3.9/site-packages/airflow/example_dags/example_time_delta_sensor_async.py
[2023-01-04 08:25:15,925] {processor.py:641} INFO - Processing file /home/gustavo/Documents/etl_api_twitter/venv/lib/python3.9/site-packages/airflow/example_dags/example_time_delta_sensor_async.py for tasks to queue
[2023-01-04 08:25:15,925] {logging_mixin.py:115} INFO - [2023-01-04 08:25:15,925] {dagbag.py:507} INFO - Filling up the DagBag from /home/gustavo/Documents/etl_api_twitter/venv/lib/python3.9/site-packages/airflow/example_dags/example_time_delta_sensor_async.py
[2023-01-04 08:25:15,930] {processor.py:651} INFO - DAG(s) dict_keys(['example_time_delta_sensor_async']) retrieved from /home/gustavo/Documents/etl_api_twitter/venv/lib/python3.9/site-packages/airflow/example_dags/example_time_delta_sensor_async.py
[2023-01-04 08:25:15,949] {logging_mixin.py:115} INFO - [2023-01-04 08:25:15,949] {dag.py:2379} INFO - Sync 1 DAGs
[2023-01-04 08:25:15,965] {logging_mixin.py:115} INFO - [2023-01-04 08:25:15,965] {dag.py:2927} INFO - Setting next_dagrun for example_time_delta_sensor_async to None, run_after=None
[2023-01-04 08:25:15,975] {processor.py:161} INFO - Processing /home/gustavo/Documents/etl_api_twitter/venv/lib/python3.9/site-packages/airflow/example_dags/example_time_delta_sensor_async.py took 0.057 seconds
[2023-01-04 08:25:49,853] {processor.py:153} INFO - Started process (PID=8381) to work on /home/gustavo/Documents/etl_api_twitter/venv/lib/python3.9/site-packages/airflow/example_dags/example_time_delta_sensor_async.py
[2023-01-04 08:25:49,854] {processor.py:641} INFO - Processing file /home/gustavo/Documents/etl_api_twitter/venv/lib/python3.9/site-packages/airflow/example_dags/example_time_delta_sensor_async.py for tasks to queue
[2023-01-04 08:25:49,855] {logging_mixin.py:115} INFO - [2023-01-04 08:25:49,855] {dagbag.py:507} INFO - Filling up the DagBag from /home/gustavo/Documents/etl_api_twitter/venv/lib/python3.9/site-packages/airflow/example_dags/example_time_delta_sensor_async.py
[2023-01-04 08:25:49,862] {processor.py:651} INFO - DAG(s) dict_keys(['example_time_delta_sensor_async']) retrieved from /home/gustavo/Documents/etl_api_twitter/venv/lib/python3.9/site-packages/airflow/example_dags/example_time_delta_sensor_async.py
[2023-01-04 08:25:49,889] {logging_mixin.py:115} INFO - [2023-01-04 08:25:49,889] {dag.py:2379} INFO - Sync 1 DAGs
[2023-01-04 08:25:49,915] {logging_mixin.py:115} INFO - [2023-01-04 08:25:49,915] {dag.py:2927} INFO - Setting next_dagrun for example_time_delta_sensor_async to None, run_after=None
[2023-01-04 08:25:49,935] {processor.py:161} INFO - Processing /home/gustavo/Documents/etl_api_twitter/venv/lib/python3.9/site-packages/airflow/example_dags/example_time_delta_sensor_async.py took 0.085 seconds
[2023-01-04 08:26:24,998] {processor.py:153} INFO - Started process (PID=8588) to work on /home/gustavo/Documents/etl_api_twitter/venv/lib/python3.9/site-packages/airflow/example_dags/example_time_delta_sensor_async.py
[2023-01-04 08:26:25,001] {processor.py:641} INFO - Processing file /home/gustavo/Documents/etl_api_twitter/venv/lib/python3.9/site-packages/airflow/example_dags/example_time_delta_sensor_async.py for tasks to queue
[2023-01-04 08:26:25,002] {logging_mixin.py:115} INFO - [2023-01-04 08:26:25,002] {dagbag.py:507} INFO - Filling up the DagBag from /home/gustavo/Documents/etl_api_twitter/venv/lib/python3.9/site-packages/airflow/example_dags/example_time_delta_sensor_async.py
[2023-01-04 08:26:25,010] {processor.py:651} INFO - DAG(s) dict_keys(['example_time_delta_sensor_async']) retrieved from /home/gustavo/Documents/etl_api_twitter/venv/lib/python3.9/site-packages/airflow/example_dags/example_time_delta_sensor_async.py
[2023-01-04 08:26:25,027] {logging_mixin.py:115} INFO - [2023-01-04 08:26:25,027] {dag.py:2379} INFO - Sync 1 DAGs
[2023-01-04 08:26:25,048] {logging_mixin.py:115} INFO - [2023-01-04 08:26:25,048] {dag.py:2927} INFO - Setting next_dagrun for example_time_delta_sensor_async to None, run_after=None
[2023-01-04 08:26:25,070] {processor.py:161} INFO - Processing /home/gustavo/Documents/etl_api_twitter/venv/lib/python3.9/site-packages/airflow/example_dags/example_time_delta_sensor_async.py took 0.078 seconds
[2023-01-04 08:26:56,059] {processor.py:153} INFO - Started process (PID=8765) to work on /home/gustavo/Documents/etl_api_twitter/venv/lib/python3.9/site-packages/airflow/example_dags/example_time_delta_sensor_async.py
[2023-01-04 08:26:56,060] {processor.py:641} INFO - Processing file /home/gustavo/Documents/etl_api_twitter/venv/lib/python3.9/site-packages/airflow/example_dags/example_time_delta_sensor_async.py for tasks to queue
[2023-01-04 08:26:56,060] {logging_mixin.py:115} INFO - [2023-01-04 08:26:56,060] {dagbag.py:507} INFO - Filling up the DagBag from /home/gustavo/Documents/etl_api_twitter/venv/lib/python3.9/site-packages/airflow/example_dags/example_time_delta_sensor_async.py
[2023-01-04 08:26:56,067] {processor.py:651} INFO - DAG(s) dict_keys(['example_time_delta_sensor_async']) retrieved from /home/gustavo/Documents/etl_api_twitter/venv/lib/python3.9/site-packages/airflow/example_dags/example_time_delta_sensor_async.py
[2023-01-04 08:26:56,106] {logging_mixin.py:115} INFO - [2023-01-04 08:26:56,106] {dag.py:2379} INFO - Sync 1 DAGs
[2023-01-04 08:26:56,128] {logging_mixin.py:115} INFO - [2023-01-04 08:26:56,128] {dag.py:2927} INFO - Setting next_dagrun for example_time_delta_sensor_async to None, run_after=None
[2023-01-04 08:26:56,145] {processor.py:161} INFO - Processing /home/gustavo/Documents/etl_api_twitter/venv/lib/python3.9/site-packages/airflow/example_dags/example_time_delta_sensor_async.py took 0.092 seconds
[2023-01-04 08:27:28,441] {processor.py:153} INFO - Started process (PID=8974) to work on /home/gustavo/Documents/etl_api_twitter/venv/lib/python3.9/site-packages/airflow/example_dags/example_time_delta_sensor_async.py
[2023-01-04 08:27:28,442] {processor.py:641} INFO - Processing file /home/gustavo/Documents/etl_api_twitter/venv/lib/python3.9/site-packages/airflow/example_dags/example_time_delta_sensor_async.py for tasks to queue
[2023-01-04 08:27:28,443] {logging_mixin.py:115} INFO - [2023-01-04 08:27:28,443] {dagbag.py:507} INFO - Filling up the DagBag from /home/gustavo/Documents/etl_api_twitter/venv/lib/python3.9/site-packages/airflow/example_dags/example_time_delta_sensor_async.py
[2023-01-04 08:27:28,450] {processor.py:651} INFO - DAG(s) dict_keys(['example_time_delta_sensor_async']) retrieved from /home/gustavo/Documents/etl_api_twitter/venv/lib/python3.9/site-packages/airflow/example_dags/example_time_delta_sensor_async.py
[2023-01-04 08:27:28,478] {logging_mixin.py:115} INFO - [2023-01-04 08:27:28,478] {dag.py:2379} INFO - Sync 1 DAGs
[2023-01-04 08:27:28,499] {logging_mixin.py:115} INFO - [2023-01-04 08:27:28,498] {dag.py:2927} INFO - Setting next_dagrun for example_time_delta_sensor_async to None, run_after=None
[2023-01-04 08:27:28,518] {processor.py:161} INFO - Processing /home/gustavo/Documents/etl_api_twitter/venv/lib/python3.9/site-packages/airflow/example_dags/example_time_delta_sensor_async.py took 0.081 seconds
