[2023-01-04 08:01:13,054] {processor.py:153} INFO - Started process (PID=28350) to work on /home/gustavo/Documents/etl_api_twitter/venv/lib/python3.9/site-packages/airflow/example_dags/example_external_task_marker_dag.py
[2023-01-04 08:01:13,055] {processor.py:641} INFO - Processing file /home/gustavo/Documents/etl_api_twitter/venv/lib/python3.9/site-packages/airflow/example_dags/example_external_task_marker_dag.py for tasks to queue
[2023-01-04 08:01:13,062] {logging_mixin.py:115} INFO - [2023-01-04 08:01:13,059] {dagbag.py:507} INFO - Filling up the DagBag from /home/gustavo/Documents/etl_api_twitter/venv/lib/python3.9/site-packages/airflow/example_dags/example_external_task_marker_dag.py
[2023-01-04 08:01:13,069] {processor.py:651} INFO - DAG(s) dict_keys(['example_external_task_marker_parent', 'example_external_task_marker_child']) retrieved from /home/gustavo/Documents/etl_api_twitter/venv/lib/python3.9/site-packages/airflow/example_dags/example_external_task_marker_dag.py
[2023-01-04 08:01:13,187] {logging_mixin.py:115} INFO - [2023-01-04 08:01:13,187] {manager.py:508} INFO - Created Permission View: can edit on DAG:example_external_task_marker_parent
[2023-01-04 08:01:13,217] {logging_mixin.py:115} INFO - [2023-01-04 08:01:13,217] {manager.py:508} INFO - Created Permission View: can read on DAG:example_external_task_marker_parent
[2023-01-04 08:01:13,240] {logging_mixin.py:115} INFO - [2023-01-04 08:01:13,240] {manager.py:508} INFO - Created Permission View: can delete on DAG:example_external_task_marker_parent
[2023-01-04 08:01:13,264] {logging_mixin.py:115} INFO - [2023-01-04 08:01:13,264] {manager.py:508} INFO - Created Permission View: can edit on DAG:example_external_task_marker_child
[2023-01-04 08:01:13,275] {logging_mixin.py:115} INFO - [2023-01-04 08:01:13,274] {manager.py:508} INFO - Created Permission View: can read on DAG:example_external_task_marker_child
[2023-01-04 08:01:13,285] {logging_mixin.py:115} INFO - [2023-01-04 08:01:13,284] {manager.py:508} INFO - Created Permission View: can delete on DAG:example_external_task_marker_child
[2023-01-04 08:01:13,285] {logging_mixin.py:115} INFO - [2023-01-04 08:01:13,285] {dag.py:2379} INFO - Sync 2 DAGs
[2023-01-04 08:01:13,301] {logging_mixin.py:115} INFO - [2023-01-04 08:01:13,301] {dag.py:2398} INFO - Creating ORM DAG for example_external_task_marker_child
[2023-01-04 08:01:13,302] {logging_mixin.py:115} INFO - [2023-01-04 08:01:13,302] {dag.py:2398} INFO - Creating ORM DAG for example_external_task_marker_parent
[2023-01-04 08:01:13,318] {logging_mixin.py:115} INFO - [2023-01-04 08:01:13,318] {dag.py:2927} INFO - Setting next_dagrun for example_external_task_marker_child to None, run_after=None
[2023-01-04 08:01:13,319] {logging_mixin.py:115} INFO - [2023-01-04 08:01:13,319] {dag.py:2927} INFO - Setting next_dagrun for example_external_task_marker_parent to None, run_after=None
[2023-01-04 08:01:13,345] {processor.py:161} INFO - Processing /home/gustavo/Documents/etl_api_twitter/venv/lib/python3.9/site-packages/airflow/example_dags/example_external_task_marker_dag.py took 0.301 seconds
[2023-01-04 08:01:52,198] {processor.py:153} INFO - Started process (PID=28578) to work on /home/gustavo/Documents/etl_api_twitter/venv/lib/python3.9/site-packages/airflow/example_dags/example_external_task_marker_dag.py
[2023-01-04 08:01:52,199] {processor.py:641} INFO - Processing file /home/gustavo/Documents/etl_api_twitter/venv/lib/python3.9/site-packages/airflow/example_dags/example_external_task_marker_dag.py for tasks to queue
[2023-01-04 08:01:52,200] {logging_mixin.py:115} INFO - [2023-01-04 08:01:52,200] {dagbag.py:507} INFO - Filling up the DagBag from /home/gustavo/Documents/etl_api_twitter/venv/lib/python3.9/site-packages/airflow/example_dags/example_external_task_marker_dag.py
[2023-01-04 08:01:52,207] {processor.py:651} INFO - DAG(s) dict_keys(['example_external_task_marker_parent', 'example_external_task_marker_child']) retrieved from /home/gustavo/Documents/etl_api_twitter/venv/lib/python3.9/site-packages/airflow/example_dags/example_external_task_marker_dag.py
[2023-01-04 08:01:52,258] {logging_mixin.py:115} INFO - [2023-01-04 08:01:52,258] {dag.py:2379} INFO - Sync 2 DAGs
[2023-01-04 08:01:52,286] {logging_mixin.py:115} INFO - [2023-01-04 08:01:52,286] {dag.py:2927} INFO - Setting next_dagrun for example_external_task_marker_child to None, run_after=None
[2023-01-04 08:01:52,287] {logging_mixin.py:115} INFO - [2023-01-04 08:01:52,287] {dag.py:2927} INFO - Setting next_dagrun for example_external_task_marker_parent to None, run_after=None
[2023-01-04 08:01:52,319] {processor.py:161} INFO - Processing /home/gustavo/Documents/etl_api_twitter/venv/lib/python3.9/site-packages/airflow/example_dags/example_external_task_marker_dag.py took 0.127 seconds
