[2023-01-04 08:00:42,043] {processor.py:153} INFO - Started process (PID=28092) to work on /home/gustavo/Documents/etl_api_twitter/venv/lib/python3.9/site-packages/airflow/example_dags/example_task_group.py
[2023-01-04 08:00:42,047] {processor.py:641} INFO - Processing file /home/gustavo/Documents/etl_api_twitter/venv/lib/python3.9/site-packages/airflow/example_dags/example_task_group.py for tasks to queue
[2023-01-04 08:00:42,050] {logging_mixin.py:115} INFO - [2023-01-04 08:00:42,050] {dagbag.py:507} INFO - Filling up the DagBag from /home/gustavo/Documents/etl_api_twitter/venv/lib/python3.9/site-packages/airflow/example_dags/example_task_group.py
[2023-01-04 08:00:42,146] {processor.py:651} INFO - DAG(s) dict_keys(['example_task_group']) retrieved from /home/gustavo/Documents/etl_api_twitter/venv/lib/python3.9/site-packages/airflow/example_dags/example_task_group.py
[2023-01-04 08:00:42,449] {logging_mixin.py:115} INFO - [2023-01-04 08:00:42,449] {manager.py:508} INFO - Created Permission View: can edit on DAG:example_task_group
[2023-01-04 08:00:42,470] {logging_mixin.py:115} INFO - [2023-01-04 08:00:42,470] {manager.py:508} INFO - Created Permission View: can read on DAG:example_task_group
[2023-01-04 08:00:42,488] {logging_mixin.py:115} INFO - [2023-01-04 08:00:42,487] {manager.py:508} INFO - Created Permission View: can delete on DAG:example_task_group
[2023-01-04 08:00:42,488] {logging_mixin.py:115} INFO - [2023-01-04 08:00:42,488] {dag.py:2379} INFO - Sync 1 DAGs
[2023-01-04 08:00:42,505] {logging_mixin.py:115} INFO - [2023-01-04 08:00:42,504] {dag.py:2398} INFO - Creating ORM DAG for example_task_group
[2023-01-04 08:00:42,566] {logging_mixin.py:115} INFO - [2023-01-04 08:00:42,566] {dag.py:2927} INFO - Setting next_dagrun for example_task_group to 2023-01-03T11:00:42.564798+00:00, run_after=2023-01-04T11:00:42.564798+00:00
[2023-01-04 08:00:42,601] {processor.py:161} INFO - Processing /home/gustavo/Documents/etl_api_twitter/venv/lib/python3.9/site-packages/airflow/example_dags/example_task_group.py took 0.599 seconds
[2023-01-04 08:01:25,070] {processor.py:153} INFO - Started process (PID=28417) to work on /home/gustavo/Documents/etl_api_twitter/venv/lib/python3.9/site-packages/airflow/example_dags/example_task_group.py
[2023-01-04 08:01:25,076] {processor.py:641} INFO - Processing file /home/gustavo/Documents/etl_api_twitter/venv/lib/python3.9/site-packages/airflow/example_dags/example_task_group.py for tasks to queue
[2023-01-04 08:01:25,078] {logging_mixin.py:115} INFO - [2023-01-04 08:01:25,078] {dagbag.py:507} INFO - Filling up the DagBag from /home/gustavo/Documents/etl_api_twitter/venv/lib/python3.9/site-packages/airflow/example_dags/example_task_group.py
[2023-01-04 08:01:25,090] {processor.py:651} INFO - DAG(s) dict_keys(['example_task_group']) retrieved from /home/gustavo/Documents/etl_api_twitter/venv/lib/python3.9/site-packages/airflow/example_dags/example_task_group.py
[2023-01-04 08:01:25,110] {logging_mixin.py:115} INFO - [2023-01-04 08:01:25,110] {dag.py:2379} INFO - Sync 1 DAGs
[2023-01-04 08:01:25,132] {logging_mixin.py:115} INFO - [2023-01-04 08:01:25,132] {dag.py:2927} INFO - Setting next_dagrun for example_task_group to 2023-01-03T11:01:25.132410+00:00, run_after=2023-01-04T11:01:25.132410+00:00
[2023-01-04 08:01:25,159] {processor.py:161} INFO - Processing /home/gustavo/Documents/etl_api_twitter/venv/lib/python3.9/site-packages/airflow/example_dags/example_task_group.py took 0.094 seconds
[2023-01-04 08:02:00,179] {processor.py:153} INFO - Started process (PID=28624) to work on /home/gustavo/Documents/etl_api_twitter/venv/lib/python3.9/site-packages/airflow/example_dags/example_task_group.py
[2023-01-04 08:02:00,184] {processor.py:641} INFO - Processing file /home/gustavo/Documents/etl_api_twitter/venv/lib/python3.9/site-packages/airflow/example_dags/example_task_group.py for tasks to queue
[2023-01-04 08:02:00,185] {logging_mixin.py:115} INFO - [2023-01-04 08:02:00,185] {dagbag.py:507} INFO - Filling up the DagBag from /home/gustavo/Documents/etl_api_twitter/venv/lib/python3.9/site-packages/airflow/example_dags/example_task_group.py
[2023-01-04 08:02:00,202] {processor.py:651} INFO - DAG(s) dict_keys(['example_task_group']) retrieved from /home/gustavo/Documents/etl_api_twitter/venv/lib/python3.9/site-packages/airflow/example_dags/example_task_group.py
[2023-01-04 08:02:00,228] {logging_mixin.py:115} INFO - [2023-01-04 08:02:00,228] {dag.py:2379} INFO - Sync 1 DAGs
[2023-01-04 08:02:00,264] {logging_mixin.py:115} INFO - [2023-01-04 08:02:00,264] {dag.py:2927} INFO - Setting next_dagrun for example_task_group to 2023-01-03T11:02:00.255596+00:00, run_after=2023-01-04T11:02:00.255596+00:00
[2023-01-04 08:02:00,280] {processor.py:161} INFO - Processing /home/gustavo/Documents/etl_api_twitter/venv/lib/python3.9/site-packages/airflow/example_dags/example_task_group.py took 0.107 seconds
[2023-01-04 08:10:33,805] {processor.py:153} INFO - Started process (PID=3275) to work on /home/gustavo/Documents/etl_api_twitter/venv/lib/python3.9/site-packages/airflow/example_dags/example_task_group.py
[2023-01-04 08:10:33,806] {processor.py:641} INFO - Processing file /home/gustavo/Documents/etl_api_twitter/venv/lib/python3.9/site-packages/airflow/example_dags/example_task_group.py for tasks to queue
[2023-01-04 08:10:33,807] {logging_mixin.py:115} INFO - [2023-01-04 08:10:33,807] {dagbag.py:507} INFO - Filling up the DagBag from /home/gustavo/Documents/etl_api_twitter/venv/lib/python3.9/site-packages/airflow/example_dags/example_task_group.py
[2023-01-04 08:10:33,840] {processor.py:651} INFO - DAG(s) dict_keys(['example_task_group']) retrieved from /home/gustavo/Documents/etl_api_twitter/venv/lib/python3.9/site-packages/airflow/example_dags/example_task_group.py
[2023-01-04 08:10:33,914] {logging_mixin.py:115} INFO - [2023-01-04 08:10:33,914] {dag.py:2379} INFO - Sync 1 DAGs
[2023-01-04 08:10:33,978] {logging_mixin.py:115} INFO - [2023-01-04 08:10:33,978] {dag.py:2927} INFO - Setting next_dagrun for example_task_group to 2023-01-03T11:10:33.976436+00:00, run_after=2023-01-04T11:10:33.976436+00:00
[2023-01-04 08:10:34,014] {processor.py:161} INFO - Processing /home/gustavo/Documents/etl_api_twitter/venv/lib/python3.9/site-packages/airflow/example_dags/example_task_group.py took 0.215 seconds
[2023-01-04 08:11:13,328] {processor.py:153} INFO - Started process (PID=3923) to work on /home/gustavo/Documents/etl_api_twitter/venv/lib/python3.9/site-packages/airflow/example_dags/example_task_group.py
[2023-01-04 08:11:13,330] {processor.py:641} INFO - Processing file /home/gustavo/Documents/etl_api_twitter/venv/lib/python3.9/site-packages/airflow/example_dags/example_task_group.py for tasks to queue
[2023-01-04 08:11:13,332] {logging_mixin.py:115} INFO - [2023-01-04 08:11:13,331] {dagbag.py:507} INFO - Filling up the DagBag from /home/gustavo/Documents/etl_api_twitter/venv/lib/python3.9/site-packages/airflow/example_dags/example_task_group.py
[2023-01-04 08:11:13,347] {processor.py:651} INFO - DAG(s) dict_keys(['example_task_group']) retrieved from /home/gustavo/Documents/etl_api_twitter/venv/lib/python3.9/site-packages/airflow/example_dags/example_task_group.py
[2023-01-04 08:11:13,380] {logging_mixin.py:115} INFO - [2023-01-04 08:11:13,380] {dag.py:2379} INFO - Sync 1 DAGs
[2023-01-04 08:11:13,410] {logging_mixin.py:115} INFO - [2023-01-04 08:11:13,410] {dag.py:2927} INFO - Setting next_dagrun for example_task_group to 2023-01-03T11:11:13.410131+00:00, run_after=2023-01-04T11:11:13.410131+00:00
[2023-01-04 08:11:13,434] {processor.py:161} INFO - Processing /home/gustavo/Documents/etl_api_twitter/venv/lib/python3.9/site-packages/airflow/example_dags/example_task_group.py took 0.113 seconds
[2023-01-04 08:11:44,322] {processor.py:153} INFO - Started process (PID=4061) to work on /home/gustavo/Documents/etl_api_twitter/venv/lib/python3.9/site-packages/airflow/example_dags/example_task_group.py
[2023-01-04 08:11:44,322] {processor.py:641} INFO - Processing file /home/gustavo/Documents/etl_api_twitter/venv/lib/python3.9/site-packages/airflow/example_dags/example_task_group.py for tasks to queue
[2023-01-04 08:11:44,323] {logging_mixin.py:115} INFO - [2023-01-04 08:11:44,323] {dagbag.py:507} INFO - Filling up the DagBag from /home/gustavo/Documents/etl_api_twitter/venv/lib/python3.9/site-packages/airflow/example_dags/example_task_group.py
[2023-01-04 08:11:44,330] {processor.py:651} INFO - DAG(s) dict_keys(['example_task_group']) retrieved from /home/gustavo/Documents/etl_api_twitter/venv/lib/python3.9/site-packages/airflow/example_dags/example_task_group.py
[2023-01-04 08:11:44,350] {logging_mixin.py:115} INFO - [2023-01-04 08:11:44,350] {dag.py:2379} INFO - Sync 1 DAGs
[2023-01-04 08:11:44,369] {logging_mixin.py:115} INFO - [2023-01-04 08:11:44,369] {dag.py:2927} INFO - Setting next_dagrun for example_task_group to 2023-01-03T11:11:44.369218+00:00, run_after=2023-01-04T11:11:44.369218+00:00
[2023-01-04 08:11:44,383] {processor.py:161} INFO - Processing /home/gustavo/Documents/etl_api_twitter/venv/lib/python3.9/site-packages/airflow/example_dags/example_task_group.py took 0.066 seconds
[2023-01-04 08:12:15,307] {processor.py:153} INFO - Started process (PID=4154) to work on /home/gustavo/Documents/etl_api_twitter/venv/lib/python3.9/site-packages/airflow/example_dags/example_task_group.py
[2023-01-04 08:12:15,308] {processor.py:641} INFO - Processing file /home/gustavo/Documents/etl_api_twitter/venv/lib/python3.9/site-packages/airflow/example_dags/example_task_group.py for tasks to queue
[2023-01-04 08:12:15,308] {logging_mixin.py:115} INFO - [2023-01-04 08:12:15,308] {dagbag.py:507} INFO - Filling up the DagBag from /home/gustavo/Documents/etl_api_twitter/venv/lib/python3.9/site-packages/airflow/example_dags/example_task_group.py
[2023-01-04 08:12:15,314] {processor.py:651} INFO - DAG(s) dict_keys(['example_task_group']) retrieved from /home/gustavo/Documents/etl_api_twitter/venv/lib/python3.9/site-packages/airflow/example_dags/example_task_group.py
[2023-01-04 08:12:15,332] {logging_mixin.py:115} INFO - [2023-01-04 08:12:15,331] {dag.py:2379} INFO - Sync 1 DAGs
[2023-01-04 08:12:15,348] {logging_mixin.py:115} INFO - [2023-01-04 08:12:15,348] {dag.py:2927} INFO - Setting next_dagrun for example_task_group to 2023-01-03T11:12:15.348319+00:00, run_after=2023-01-04T11:12:15.348319+00:00
[2023-01-04 08:12:15,362] {processor.py:161} INFO - Processing /home/gustavo/Documents/etl_api_twitter/venv/lib/python3.9/site-packages/airflow/example_dags/example_task_group.py took 0.057 seconds
[2023-01-04 08:12:46,961] {processor.py:153} INFO - Started process (PID=4192) to work on /home/gustavo/Documents/etl_api_twitter/venv/lib/python3.9/site-packages/airflow/example_dags/example_task_group.py
[2023-01-04 08:12:46,963] {processor.py:641} INFO - Processing file /home/gustavo/Documents/etl_api_twitter/venv/lib/python3.9/site-packages/airflow/example_dags/example_task_group.py for tasks to queue
[2023-01-04 08:12:46,964] {logging_mixin.py:115} INFO - [2023-01-04 08:12:46,964] {dagbag.py:507} INFO - Filling up the DagBag from /home/gustavo/Documents/etl_api_twitter/venv/lib/python3.9/site-packages/airflow/example_dags/example_task_group.py
[2023-01-04 08:12:46,978] {processor.py:651} INFO - DAG(s) dict_keys(['example_task_group']) retrieved from /home/gustavo/Documents/etl_api_twitter/venv/lib/python3.9/site-packages/airflow/example_dags/example_task_group.py
[2023-01-04 08:12:47,011] {logging_mixin.py:115} INFO - [2023-01-04 08:12:47,011] {dag.py:2379} INFO - Sync 1 DAGs
[2023-01-04 08:12:47,043] {logging_mixin.py:115} INFO - [2023-01-04 08:12:47,043] {dag.py:2927} INFO - Setting next_dagrun for example_task_group to 2023-01-03T11:12:47.042730+00:00, run_after=2023-01-04T11:12:47.042730+00:00
[2023-01-04 08:12:47,067] {processor.py:161} INFO - Processing /home/gustavo/Documents/etl_api_twitter/venv/lib/python3.9/site-packages/airflow/example_dags/example_task_group.py took 0.115 seconds
[2023-01-04 08:13:18,694] {processor.py:153} INFO - Started process (PID=4225) to work on /home/gustavo/Documents/etl_api_twitter/venv/lib/python3.9/site-packages/airflow/example_dags/example_task_group.py
[2023-01-04 08:13:18,695] {processor.py:641} INFO - Processing file /home/gustavo/Documents/etl_api_twitter/venv/lib/python3.9/site-packages/airflow/example_dags/example_task_group.py for tasks to queue
[2023-01-04 08:13:18,696] {logging_mixin.py:115} INFO - [2023-01-04 08:13:18,696] {dagbag.py:507} INFO - Filling up the DagBag from /home/gustavo/Documents/etl_api_twitter/venv/lib/python3.9/site-packages/airflow/example_dags/example_task_group.py
[2023-01-04 08:13:18,710] {processor.py:651} INFO - DAG(s) dict_keys(['example_task_group']) retrieved from /home/gustavo/Documents/etl_api_twitter/venv/lib/python3.9/site-packages/airflow/example_dags/example_task_group.py
[2023-01-04 08:13:18,725] {logging_mixin.py:115} INFO - [2023-01-04 08:13:18,725] {dag.py:2379} INFO - Sync 1 DAGs
[2023-01-04 08:13:18,755] {logging_mixin.py:115} INFO - [2023-01-04 08:13:18,755] {dag.py:2927} INFO - Setting next_dagrun for example_task_group to 2023-01-03T11:13:18.754881+00:00, run_after=2023-01-04T11:13:18.754881+00:00
[2023-01-04 08:13:18,767] {processor.py:161} INFO - Processing /home/gustavo/Documents/etl_api_twitter/venv/lib/python3.9/site-packages/airflow/example_dags/example_task_group.py took 0.079 seconds
[2023-01-04 08:13:49,190] {processor.py:153} INFO - Started process (PID=4259) to work on /home/gustavo/Documents/etl_api_twitter/venv/lib/python3.9/site-packages/airflow/example_dags/example_task_group.py
[2023-01-04 08:13:49,192] {processor.py:641} INFO - Processing file /home/gustavo/Documents/etl_api_twitter/venv/lib/python3.9/site-packages/airflow/example_dags/example_task_group.py for tasks to queue
[2023-01-04 08:13:49,192] {logging_mixin.py:115} INFO - [2023-01-04 08:13:49,192] {dagbag.py:507} INFO - Filling up the DagBag from /home/gustavo/Documents/etl_api_twitter/venv/lib/python3.9/site-packages/airflow/example_dags/example_task_group.py
[2023-01-04 08:13:49,202] {processor.py:651} INFO - DAG(s) dict_keys(['example_task_group']) retrieved from /home/gustavo/Documents/etl_api_twitter/venv/lib/python3.9/site-packages/airflow/example_dags/example_task_group.py
[2023-01-04 08:13:49,220] {logging_mixin.py:115} INFO - [2023-01-04 08:13:49,220] {dag.py:2379} INFO - Sync 1 DAGs
[2023-01-04 08:13:49,241] {logging_mixin.py:115} INFO - [2023-01-04 08:13:49,240] {dag.py:2927} INFO - Setting next_dagrun for example_task_group to 2023-01-03T11:13:49.240717+00:00, run_after=2023-01-04T11:13:49.240717+00:00
[2023-01-04 08:13:49,257] {processor.py:161} INFO - Processing /home/gustavo/Documents/etl_api_twitter/venv/lib/python3.9/site-packages/airflow/example_dags/example_task_group.py took 0.072 seconds
[2023-01-04 08:14:19,760] {processor.py:153} INFO - Started process (PID=4294) to work on /home/gustavo/Documents/etl_api_twitter/venv/lib/python3.9/site-packages/airflow/example_dags/example_task_group.py
[2023-01-04 08:14:19,761] {processor.py:641} INFO - Processing file /home/gustavo/Documents/etl_api_twitter/venv/lib/python3.9/site-packages/airflow/example_dags/example_task_group.py for tasks to queue
[2023-01-04 08:14:19,761] {logging_mixin.py:115} INFO - [2023-01-04 08:14:19,761] {dagbag.py:507} INFO - Filling up the DagBag from /home/gustavo/Documents/etl_api_twitter/venv/lib/python3.9/site-packages/airflow/example_dags/example_task_group.py
[2023-01-04 08:14:19,774] {processor.py:651} INFO - DAG(s) dict_keys(['example_task_group']) retrieved from /home/gustavo/Documents/etl_api_twitter/venv/lib/python3.9/site-packages/airflow/example_dags/example_task_group.py
[2023-01-04 08:14:19,806] {logging_mixin.py:115} INFO - [2023-01-04 08:14:19,806] {dag.py:2379} INFO - Sync 1 DAGs
[2023-01-04 08:14:19,830] {logging_mixin.py:115} INFO - [2023-01-04 08:14:19,830] {dag.py:2927} INFO - Setting next_dagrun for example_task_group to 2023-01-03T11:14:19.830024+00:00, run_after=2023-01-04T11:14:19.830024+00:00
[2023-01-04 08:14:19,846] {processor.py:161} INFO - Processing /home/gustavo/Documents/etl_api_twitter/venv/lib/python3.9/site-packages/airflow/example_dags/example_task_group.py took 0.092 seconds
[2023-01-04 08:14:50,942] {processor.py:153} INFO - Started process (PID=4434) to work on /home/gustavo/Documents/etl_api_twitter/venv/lib/python3.9/site-packages/airflow/example_dags/example_task_group.py
[2023-01-04 08:14:50,943] {processor.py:641} INFO - Processing file /home/gustavo/Documents/etl_api_twitter/venv/lib/python3.9/site-packages/airflow/example_dags/example_task_group.py for tasks to queue
[2023-01-04 08:14:50,943] {logging_mixin.py:115} INFO - [2023-01-04 08:14:50,943] {dagbag.py:507} INFO - Filling up the DagBag from /home/gustavo/Documents/etl_api_twitter/venv/lib/python3.9/site-packages/airflow/example_dags/example_task_group.py
[2023-01-04 08:14:50,949] {processor.py:651} INFO - DAG(s) dict_keys(['example_task_group']) retrieved from /home/gustavo/Documents/etl_api_twitter/venv/lib/python3.9/site-packages/airflow/example_dags/example_task_group.py
[2023-01-04 08:14:50,967] {logging_mixin.py:115} INFO - [2023-01-04 08:14:50,967] {dag.py:2379} INFO - Sync 1 DAGs
[2023-01-04 08:14:50,987] {logging_mixin.py:115} INFO - [2023-01-04 08:14:50,986] {dag.py:2927} INFO - Setting next_dagrun for example_task_group to 2023-01-03T11:14:50.986493+00:00, run_after=2023-01-04T11:14:50.986493+00:00
[2023-01-04 08:14:51,000] {processor.py:161} INFO - Processing /home/gustavo/Documents/etl_api_twitter/venv/lib/python3.9/site-packages/airflow/example_dags/example_task_group.py took 0.061 seconds
[2023-01-04 08:15:25,060] {processor.py:153} INFO - Started process (PID=4594) to work on /home/gustavo/Documents/etl_api_twitter/venv/lib/python3.9/site-packages/airflow/example_dags/example_task_group.py
[2023-01-04 08:15:25,061] {processor.py:641} INFO - Processing file /home/gustavo/Documents/etl_api_twitter/venv/lib/python3.9/site-packages/airflow/example_dags/example_task_group.py for tasks to queue
[2023-01-04 08:15:25,062] {logging_mixin.py:115} INFO - [2023-01-04 08:15:25,062] {dagbag.py:507} INFO - Filling up the DagBag from /home/gustavo/Documents/etl_api_twitter/venv/lib/python3.9/site-packages/airflow/example_dags/example_task_group.py
[2023-01-04 08:15:25,069] {processor.py:651} INFO - DAG(s) dict_keys(['example_task_group']) retrieved from /home/gustavo/Documents/etl_api_twitter/venv/lib/python3.9/site-packages/airflow/example_dags/example_task_group.py
[2023-01-04 08:15:25,083] {logging_mixin.py:115} INFO - [2023-01-04 08:15:25,083] {dag.py:2379} INFO - Sync 1 DAGs
[2023-01-04 08:15:25,109] {logging_mixin.py:115} INFO - [2023-01-04 08:15:25,109] {dag.py:2927} INFO - Setting next_dagrun for example_task_group to 2023-01-03T11:15:25.108262+00:00, run_after=2023-01-04T11:15:25.108262+00:00
[2023-01-04 08:15:25,128] {processor.py:161} INFO - Processing /home/gustavo/Documents/etl_api_twitter/venv/lib/python3.9/site-packages/airflow/example_dags/example_task_group.py took 0.070 seconds
[2023-01-04 08:15:57,449] {processor.py:153} INFO - Started process (PID=4837) to work on /home/gustavo/Documents/etl_api_twitter/venv/lib/python3.9/site-packages/airflow/example_dags/example_task_group.py
[2023-01-04 08:15:57,450] {processor.py:641} INFO - Processing file /home/gustavo/Documents/etl_api_twitter/venv/lib/python3.9/site-packages/airflow/example_dags/example_task_group.py for tasks to queue
[2023-01-04 08:15:57,452] {logging_mixin.py:115} INFO - [2023-01-04 08:15:57,452] {dagbag.py:507} INFO - Filling up the DagBag from /home/gustavo/Documents/etl_api_twitter/venv/lib/python3.9/site-packages/airflow/example_dags/example_task_group.py
[2023-01-04 08:15:57,467] {processor.py:651} INFO - DAG(s) dict_keys(['example_task_group']) retrieved from /home/gustavo/Documents/etl_api_twitter/venv/lib/python3.9/site-packages/airflow/example_dags/example_task_group.py
[2023-01-04 08:15:57,482] {logging_mixin.py:115} INFO - [2023-01-04 08:15:57,482] {dag.py:2379} INFO - Sync 1 DAGs
[2023-01-04 08:15:57,499] {logging_mixin.py:115} INFO - [2023-01-04 08:15:57,499] {dag.py:2927} INFO - Setting next_dagrun for example_task_group to 2023-01-03T11:15:57.499260+00:00, run_after=2023-01-04T11:15:57.499260+00:00
[2023-01-04 08:15:57,518] {processor.py:161} INFO - Processing /home/gustavo/Documents/etl_api_twitter/venv/lib/python3.9/site-packages/airflow/example_dags/example_task_group.py took 0.076 seconds
[2023-01-04 08:16:28,424] {processor.py:153} INFO - Started process (PID=5040) to work on /home/gustavo/Documents/etl_api_twitter/venv/lib/python3.9/site-packages/airflow/example_dags/example_task_group.py
[2023-01-04 08:16:28,425] {processor.py:641} INFO - Processing file /home/gustavo/Documents/etl_api_twitter/venv/lib/python3.9/site-packages/airflow/example_dags/example_task_group.py for tasks to queue
[2023-01-04 08:16:28,426] {logging_mixin.py:115} INFO - [2023-01-04 08:16:28,426] {dagbag.py:507} INFO - Filling up the DagBag from /home/gustavo/Documents/etl_api_twitter/venv/lib/python3.9/site-packages/airflow/example_dags/example_task_group.py
[2023-01-04 08:16:28,440] {processor.py:651} INFO - DAG(s) dict_keys(['example_task_group']) retrieved from /home/gustavo/Documents/etl_api_twitter/venv/lib/python3.9/site-packages/airflow/example_dags/example_task_group.py
[2023-01-04 08:16:28,476] {logging_mixin.py:115} INFO - [2023-01-04 08:16:28,475] {dag.py:2379} INFO - Sync 1 DAGs
[2023-01-04 08:16:28,510] {logging_mixin.py:115} INFO - [2023-01-04 08:16:28,510] {dag.py:2927} INFO - Setting next_dagrun for example_task_group to 2023-01-03T11:16:28.509479+00:00, run_after=2023-01-04T11:16:28.509479+00:00
[2023-01-04 08:16:28,530] {processor.py:161} INFO - Processing /home/gustavo/Documents/etl_api_twitter/venv/lib/python3.9/site-packages/airflow/example_dags/example_task_group.py took 0.112 seconds
[2023-01-04 08:17:01,097] {processor.py:153} INFO - Started process (PID=5219) to work on /home/gustavo/Documents/etl_api_twitter/venv/lib/python3.9/site-packages/airflow/example_dags/example_task_group.py
[2023-01-04 08:17:01,099] {processor.py:641} INFO - Processing file /home/gustavo/Documents/etl_api_twitter/venv/lib/python3.9/site-packages/airflow/example_dags/example_task_group.py for tasks to queue
[2023-01-04 08:17:01,100] {logging_mixin.py:115} INFO - [2023-01-04 08:17:01,100] {dagbag.py:507} INFO - Filling up the DagBag from /home/gustavo/Documents/etl_api_twitter/venv/lib/python3.9/site-packages/airflow/example_dags/example_task_group.py
[2023-01-04 08:17:01,112] {processor.py:651} INFO - DAG(s) dict_keys(['example_task_group']) retrieved from /home/gustavo/Documents/etl_api_twitter/venv/lib/python3.9/site-packages/airflow/example_dags/example_task_group.py
[2023-01-04 08:17:01,147] {logging_mixin.py:115} INFO - [2023-01-04 08:17:01,147] {dag.py:2379} INFO - Sync 1 DAGs
[2023-01-04 08:17:01,169] {logging_mixin.py:115} INFO - [2023-01-04 08:17:01,169] {dag.py:2927} INFO - Setting next_dagrun for example_task_group to 2023-01-03T11:17:01.169145+00:00, run_after=2023-01-04T11:17:01.169145+00:00
[2023-01-04 08:17:01,182] {processor.py:161} INFO - Processing /home/gustavo/Documents/etl_api_twitter/venv/lib/python3.9/site-packages/airflow/example_dags/example_task_group.py took 0.092 seconds
[2023-01-04 08:17:32,011] {processor.py:153} INFO - Started process (PID=5396) to work on /home/gustavo/Documents/etl_api_twitter/venv/lib/python3.9/site-packages/airflow/example_dags/example_task_group.py
[2023-01-04 08:17:32,012] {processor.py:641} INFO - Processing file /home/gustavo/Documents/etl_api_twitter/venv/lib/python3.9/site-packages/airflow/example_dags/example_task_group.py for tasks to queue
[2023-01-04 08:17:32,013] {logging_mixin.py:115} INFO - [2023-01-04 08:17:32,013] {dagbag.py:507} INFO - Filling up the DagBag from /home/gustavo/Documents/etl_api_twitter/venv/lib/python3.9/site-packages/airflow/example_dags/example_task_group.py
[2023-01-04 08:17:32,027] {processor.py:651} INFO - DAG(s) dict_keys(['example_task_group']) retrieved from /home/gustavo/Documents/etl_api_twitter/venv/lib/python3.9/site-packages/airflow/example_dags/example_task_group.py
[2023-01-04 08:17:32,058] {logging_mixin.py:115} INFO - [2023-01-04 08:17:32,057] {dag.py:2379} INFO - Sync 1 DAGs
[2023-01-04 08:17:32,093] {logging_mixin.py:115} INFO - [2023-01-04 08:17:32,093] {dag.py:2927} INFO - Setting next_dagrun for example_task_group to 2023-01-03T11:17:32.092915+00:00, run_after=2023-01-04T11:17:32.092915+00:00
[2023-01-04 08:17:32,117] {processor.py:161} INFO - Processing /home/gustavo/Documents/etl_api_twitter/venv/lib/python3.9/site-packages/airflow/example_dags/example_task_group.py took 0.112 seconds
[2023-01-04 08:18:05,306] {processor.py:153} INFO - Started process (PID=5606) to work on /home/gustavo/Documents/etl_api_twitter/venv/lib/python3.9/site-packages/airflow/example_dags/example_task_group.py
[2023-01-04 08:18:05,307] {processor.py:641} INFO - Processing file /home/gustavo/Documents/etl_api_twitter/venv/lib/python3.9/site-packages/airflow/example_dags/example_task_group.py for tasks to queue
[2023-01-04 08:18:05,308] {logging_mixin.py:115} INFO - [2023-01-04 08:18:05,308] {dagbag.py:507} INFO - Filling up the DagBag from /home/gustavo/Documents/etl_api_twitter/venv/lib/python3.9/site-packages/airflow/example_dags/example_task_group.py
[2023-01-04 08:18:05,316] {processor.py:651} INFO - DAG(s) dict_keys(['example_task_group']) retrieved from /home/gustavo/Documents/etl_api_twitter/venv/lib/python3.9/site-packages/airflow/example_dags/example_task_group.py
[2023-01-04 08:18:05,338] {logging_mixin.py:115} INFO - [2023-01-04 08:18:05,338] {dag.py:2379} INFO - Sync 1 DAGs
[2023-01-04 08:18:05,355] {logging_mixin.py:115} INFO - [2023-01-04 08:18:05,355] {dag.py:2927} INFO - Setting next_dagrun for example_task_group to 2023-01-03T11:18:05.355212+00:00, run_after=2023-01-04T11:18:05.355212+00:00
[2023-01-04 08:18:05,365] {processor.py:161} INFO - Processing /home/gustavo/Documents/etl_api_twitter/venv/lib/python3.9/site-packages/airflow/example_dags/example_task_group.py took 0.063 seconds
[2023-01-04 08:18:38,177] {processor.py:153} INFO - Started process (PID=5789) to work on /home/gustavo/Documents/etl_api_twitter/venv/lib/python3.9/site-packages/airflow/example_dags/example_task_group.py
[2023-01-04 08:18:38,178] {processor.py:641} INFO - Processing file /home/gustavo/Documents/etl_api_twitter/venv/lib/python3.9/site-packages/airflow/example_dags/example_task_group.py for tasks to queue
[2023-01-04 08:18:38,179] {logging_mixin.py:115} INFO - [2023-01-04 08:18:38,179] {dagbag.py:507} INFO - Filling up the DagBag from /home/gustavo/Documents/etl_api_twitter/venv/lib/python3.9/site-packages/airflow/example_dags/example_task_group.py
[2023-01-04 08:18:38,188] {processor.py:651} INFO - DAG(s) dict_keys(['example_task_group']) retrieved from /home/gustavo/Documents/etl_api_twitter/venv/lib/python3.9/site-packages/airflow/example_dags/example_task_group.py
[2023-01-04 08:18:38,208] {logging_mixin.py:115} INFO - [2023-01-04 08:18:38,208] {dag.py:2379} INFO - Sync 1 DAGs
[2023-01-04 08:18:38,236] {logging_mixin.py:115} INFO - [2023-01-04 08:18:38,235] {dag.py:2927} INFO - Setting next_dagrun for example_task_group to 2023-01-03T11:18:38.235442+00:00, run_after=2023-01-04T11:18:38.235442+00:00
[2023-01-04 08:18:38,255] {processor.py:161} INFO - Processing /home/gustavo/Documents/etl_api_twitter/venv/lib/python3.9/site-packages/airflow/example_dags/example_task_group.py took 0.081 seconds
[2023-01-04 08:19:08,463] {processor.py:153} INFO - Started process (PID=5963) to work on /home/gustavo/Documents/etl_api_twitter/venv/lib/python3.9/site-packages/airflow/example_dags/example_task_group.py
[2023-01-04 08:19:08,465] {processor.py:641} INFO - Processing file /home/gustavo/Documents/etl_api_twitter/venv/lib/python3.9/site-packages/airflow/example_dags/example_task_group.py for tasks to queue
[2023-01-04 08:19:08,465] {logging_mixin.py:115} INFO - [2023-01-04 08:19:08,465] {dagbag.py:507} INFO - Filling up the DagBag from /home/gustavo/Documents/etl_api_twitter/venv/lib/python3.9/site-packages/airflow/example_dags/example_task_group.py
[2023-01-04 08:19:08,477] {processor.py:651} INFO - DAG(s) dict_keys(['example_task_group']) retrieved from /home/gustavo/Documents/etl_api_twitter/venv/lib/python3.9/site-packages/airflow/example_dags/example_task_group.py
[2023-01-04 08:19:08,507] {logging_mixin.py:115} INFO - [2023-01-04 08:19:08,507] {dag.py:2379} INFO - Sync 1 DAGs
[2023-01-04 08:19:08,535] {logging_mixin.py:115} INFO - [2023-01-04 08:19:08,531] {dag.py:2927} INFO - Setting next_dagrun for example_task_group to 2023-01-03T11:19:08.531242+00:00, run_after=2023-01-04T11:19:08.531242+00:00
[2023-01-04 08:19:08,546] {processor.py:161} INFO - Processing /home/gustavo/Documents/etl_api_twitter/venv/lib/python3.9/site-packages/airflow/example_dags/example_task_group.py took 0.087 seconds
[2023-01-04 08:19:39,886] {processor.py:153} INFO - Started process (PID=6141) to work on /home/gustavo/Documents/etl_api_twitter/venv/lib/python3.9/site-packages/airflow/example_dags/example_task_group.py
[2023-01-04 08:19:39,888] {processor.py:641} INFO - Processing file /home/gustavo/Documents/etl_api_twitter/venv/lib/python3.9/site-packages/airflow/example_dags/example_task_group.py for tasks to queue
[2023-01-04 08:19:39,888] {logging_mixin.py:115} INFO - [2023-01-04 08:19:39,888] {dagbag.py:507} INFO - Filling up the DagBag from /home/gustavo/Documents/etl_api_twitter/venv/lib/python3.9/site-packages/airflow/example_dags/example_task_group.py
[2023-01-04 08:19:39,902] {processor.py:651} INFO - DAG(s) dict_keys(['example_task_group']) retrieved from /home/gustavo/Documents/etl_api_twitter/venv/lib/python3.9/site-packages/airflow/example_dags/example_task_group.py
[2023-01-04 08:19:39,932] {logging_mixin.py:115} INFO - [2023-01-04 08:19:39,932] {dag.py:2379} INFO - Sync 1 DAGs
[2023-01-04 08:19:39,964] {logging_mixin.py:115} INFO - [2023-01-04 08:19:39,963] {dag.py:2927} INFO - Setting next_dagrun for example_task_group to 2023-01-03T11:19:39.962902+00:00, run_after=2023-01-04T11:19:39.962902+00:00
[2023-01-04 08:19:39,984] {processor.py:161} INFO - Processing /home/gustavo/Documents/etl_api_twitter/venv/lib/python3.9/site-packages/airflow/example_dags/example_task_group.py took 0.104 seconds
[2023-01-04 08:20:10,194] {processor.py:153} INFO - Started process (PID=6321) to work on /home/gustavo/Documents/etl_api_twitter/venv/lib/python3.9/site-packages/airflow/example_dags/example_task_group.py
[2023-01-04 08:20:10,195] {processor.py:641} INFO - Processing file /home/gustavo/Documents/etl_api_twitter/venv/lib/python3.9/site-packages/airflow/example_dags/example_task_group.py for tasks to queue
[2023-01-04 08:20:10,196] {logging_mixin.py:115} INFO - [2023-01-04 08:20:10,196] {dagbag.py:507} INFO - Filling up the DagBag from /home/gustavo/Documents/etl_api_twitter/venv/lib/python3.9/site-packages/airflow/example_dags/example_task_group.py
[2023-01-04 08:20:10,206] {processor.py:651} INFO - DAG(s) dict_keys(['example_task_group']) retrieved from /home/gustavo/Documents/etl_api_twitter/venv/lib/python3.9/site-packages/airflow/example_dags/example_task_group.py
[2023-01-04 08:20:10,220] {logging_mixin.py:115} INFO - [2023-01-04 08:20:10,220] {dag.py:2379} INFO - Sync 1 DAGs
[2023-01-04 08:20:10,244] {logging_mixin.py:115} INFO - [2023-01-04 08:20:10,244] {dag.py:2927} INFO - Setting next_dagrun for example_task_group to 2023-01-03T11:20:10.243863+00:00, run_after=2023-01-04T11:20:10.243863+00:00
[2023-01-04 08:20:10,259] {processor.py:161} INFO - Processing /home/gustavo/Documents/etl_api_twitter/venv/lib/python3.9/site-packages/airflow/example_dags/example_task_group.py took 0.071 seconds
[2023-01-04 08:20:42,826] {processor.py:153} INFO - Started process (PID=6551) to work on /home/gustavo/Documents/etl_api_twitter/venv/lib/python3.9/site-packages/airflow/example_dags/example_task_group.py
[2023-01-04 08:20:42,829] {processor.py:641} INFO - Processing file /home/gustavo/Documents/etl_api_twitter/venv/lib/python3.9/site-packages/airflow/example_dags/example_task_group.py for tasks to queue
[2023-01-04 08:20:42,831] {logging_mixin.py:115} INFO - [2023-01-04 08:20:42,830] {dagbag.py:507} INFO - Filling up the DagBag from /home/gustavo/Documents/etl_api_twitter/venv/lib/python3.9/site-packages/airflow/example_dags/example_task_group.py
[2023-01-04 08:20:42,845] {processor.py:651} INFO - DAG(s) dict_keys(['example_task_group']) retrieved from /home/gustavo/Documents/etl_api_twitter/venv/lib/python3.9/site-packages/airflow/example_dags/example_task_group.py
[2023-01-04 08:20:42,866] {logging_mixin.py:115} INFO - [2023-01-04 08:20:42,866] {dag.py:2379} INFO - Sync 1 DAGs
[2023-01-04 08:20:42,894] {logging_mixin.py:115} INFO - [2023-01-04 08:20:42,894] {dag.py:2927} INFO - Setting next_dagrun for example_task_group to 2023-01-03T11:20:42.893926+00:00, run_after=2023-01-04T11:20:42.893926+00:00
[2023-01-04 08:20:42,926] {processor.py:161} INFO - Processing /home/gustavo/Documents/etl_api_twitter/venv/lib/python3.9/site-packages/airflow/example_dags/example_task_group.py took 0.107 seconds
[2023-01-04 08:21:13,468] {processor.py:153} INFO - Started process (PID=6729) to work on /home/gustavo/Documents/etl_api_twitter/venv/lib/python3.9/site-packages/airflow/example_dags/example_task_group.py
[2023-01-04 08:21:13,470] {processor.py:641} INFO - Processing file /home/gustavo/Documents/etl_api_twitter/venv/lib/python3.9/site-packages/airflow/example_dags/example_task_group.py for tasks to queue
[2023-01-04 08:21:13,471] {logging_mixin.py:115} INFO - [2023-01-04 08:21:13,470] {dagbag.py:507} INFO - Filling up the DagBag from /home/gustavo/Documents/etl_api_twitter/venv/lib/python3.9/site-packages/airflow/example_dags/example_task_group.py
[2023-01-04 08:21:13,490] {processor.py:651} INFO - DAG(s) dict_keys(['example_task_group']) retrieved from /home/gustavo/Documents/etl_api_twitter/venv/lib/python3.9/site-packages/airflow/example_dags/example_task_group.py
[2023-01-04 08:21:13,526] {logging_mixin.py:115} INFO - [2023-01-04 08:21:13,525] {dag.py:2379} INFO - Sync 1 DAGs
[2023-01-04 08:21:13,560] {logging_mixin.py:115} INFO - [2023-01-04 08:21:13,560] {dag.py:2927} INFO - Setting next_dagrun for example_task_group to 2023-01-03T11:21:13.559337+00:00, run_after=2023-01-04T11:21:13.559337+00:00
[2023-01-04 08:21:13,586] {processor.py:161} INFO - Processing /home/gustavo/Documents/etl_api_twitter/venv/lib/python3.9/site-packages/airflow/example_dags/example_task_group.py took 0.126 seconds
[2023-01-04 08:21:46,010] {processor.py:153} INFO - Started process (PID=6931) to work on /home/gustavo/Documents/etl_api_twitter/venv/lib/python3.9/site-packages/airflow/example_dags/example_task_group.py
[2023-01-04 08:21:46,011] {processor.py:641} INFO - Processing file /home/gustavo/Documents/etl_api_twitter/venv/lib/python3.9/site-packages/airflow/example_dags/example_task_group.py for tasks to queue
[2023-01-04 08:21:46,011] {logging_mixin.py:115} INFO - [2023-01-04 08:21:46,011] {dagbag.py:507} INFO - Filling up the DagBag from /home/gustavo/Documents/etl_api_twitter/venv/lib/python3.9/site-packages/airflow/example_dags/example_task_group.py
[2023-01-04 08:21:46,023] {processor.py:651} INFO - DAG(s) dict_keys(['example_task_group']) retrieved from /home/gustavo/Documents/etl_api_twitter/venv/lib/python3.9/site-packages/airflow/example_dags/example_task_group.py
[2023-01-04 08:21:46,050] {logging_mixin.py:115} INFO - [2023-01-04 08:21:46,049] {dag.py:2379} INFO - Sync 1 DAGs
[2023-01-04 08:21:46,066] {logging_mixin.py:115} INFO - [2023-01-04 08:21:46,066] {dag.py:2927} INFO - Setting next_dagrun for example_task_group to 2023-01-03T11:21:46.066415+00:00, run_after=2023-01-04T11:21:46.066415+00:00
[2023-01-04 08:21:46,078] {processor.py:161} INFO - Processing /home/gustavo/Documents/etl_api_twitter/venv/lib/python3.9/site-packages/airflow/example_dags/example_task_group.py took 0.074 seconds
[2023-01-04 08:22:20,513] {processor.py:153} INFO - Started process (PID=7110) to work on /home/gustavo/Documents/etl_api_twitter/venv/lib/python3.9/site-packages/airflow/example_dags/example_task_group.py
[2023-01-04 08:22:20,514] {processor.py:641} INFO - Processing file /home/gustavo/Documents/etl_api_twitter/venv/lib/python3.9/site-packages/airflow/example_dags/example_task_group.py for tasks to queue
[2023-01-04 08:22:20,515] {logging_mixin.py:115} INFO - [2023-01-04 08:22:20,515] {dagbag.py:507} INFO - Filling up the DagBag from /home/gustavo/Documents/etl_api_twitter/venv/lib/python3.9/site-packages/airflow/example_dags/example_task_group.py
[2023-01-04 08:22:20,526] {processor.py:651} INFO - DAG(s) dict_keys(['example_task_group']) retrieved from /home/gustavo/Documents/etl_api_twitter/venv/lib/python3.9/site-packages/airflow/example_dags/example_task_group.py
[2023-01-04 08:22:20,545] {logging_mixin.py:115} INFO - [2023-01-04 08:22:20,545] {dag.py:2379} INFO - Sync 1 DAGs
[2023-01-04 08:22:20,574] {logging_mixin.py:115} INFO - [2023-01-04 08:22:20,574] {dag.py:2927} INFO - Setting next_dagrun for example_task_group to 2023-01-03T11:22:20.574092+00:00, run_after=2023-01-04T11:22:20.574092+00:00
[2023-01-04 08:22:20,595] {processor.py:161} INFO - Processing /home/gustavo/Documents/etl_api_twitter/venv/lib/python3.9/site-packages/airflow/example_dags/example_task_group.py took 0.088 seconds
[2023-01-04 08:22:53,235] {processor.py:153} INFO - Started process (PID=7323) to work on /home/gustavo/Documents/etl_api_twitter/venv/lib/python3.9/site-packages/airflow/example_dags/example_task_group.py
[2023-01-04 08:22:53,236] {processor.py:641} INFO - Processing file /home/gustavo/Documents/etl_api_twitter/venv/lib/python3.9/site-packages/airflow/example_dags/example_task_group.py for tasks to queue
[2023-01-04 08:22:53,237] {logging_mixin.py:115} INFO - [2023-01-04 08:22:53,237] {dagbag.py:507} INFO - Filling up the DagBag from /home/gustavo/Documents/etl_api_twitter/venv/lib/python3.9/site-packages/airflow/example_dags/example_task_group.py
[2023-01-04 08:22:53,248] {processor.py:651} INFO - DAG(s) dict_keys(['example_task_group']) retrieved from /home/gustavo/Documents/etl_api_twitter/venv/lib/python3.9/site-packages/airflow/example_dags/example_task_group.py
[2023-01-04 08:22:53,270] {logging_mixin.py:115} INFO - [2023-01-04 08:22:53,270] {dag.py:2379} INFO - Sync 1 DAGs
[2023-01-04 08:22:53,296] {logging_mixin.py:115} INFO - [2023-01-04 08:22:53,296] {dag.py:2927} INFO - Setting next_dagrun for example_task_group to 2023-01-03T11:22:53.296213+00:00, run_after=2023-01-04T11:22:53.296213+00:00
[2023-01-04 08:22:53,317] {processor.py:161} INFO - Processing /home/gustavo/Documents/etl_api_twitter/venv/lib/python3.9/site-packages/airflow/example_dags/example_task_group.py took 0.088 seconds
[2023-01-04 08:23:24,205] {processor.py:153} INFO - Started process (PID=7505) to work on /home/gustavo/Documents/etl_api_twitter/venv/lib/python3.9/site-packages/airflow/example_dags/example_task_group.py
[2023-01-04 08:23:24,206] {processor.py:641} INFO - Processing file /home/gustavo/Documents/etl_api_twitter/venv/lib/python3.9/site-packages/airflow/example_dags/example_task_group.py for tasks to queue
[2023-01-04 08:23:24,206] {logging_mixin.py:115} INFO - [2023-01-04 08:23:24,206] {dagbag.py:507} INFO - Filling up the DagBag from /home/gustavo/Documents/etl_api_twitter/venv/lib/python3.9/site-packages/airflow/example_dags/example_task_group.py
[2023-01-04 08:23:24,215] {processor.py:651} INFO - DAG(s) dict_keys(['example_task_group']) retrieved from /home/gustavo/Documents/etl_api_twitter/venv/lib/python3.9/site-packages/airflow/example_dags/example_task_group.py
[2023-01-04 08:23:24,236] {logging_mixin.py:115} INFO - [2023-01-04 08:23:24,236] {dag.py:2379} INFO - Sync 1 DAGs
[2023-01-04 08:23:24,256] {logging_mixin.py:115} INFO - [2023-01-04 08:23:24,256] {dag.py:2927} INFO - Setting next_dagrun for example_task_group to 2023-01-03T11:23:24.256101+00:00, run_after=2023-01-04T11:23:24.256101+00:00
[2023-01-04 08:23:24,269] {processor.py:161} INFO - Processing /home/gustavo/Documents/etl_api_twitter/venv/lib/python3.9/site-packages/airflow/example_dags/example_task_group.py took 0.067 seconds
[2023-01-04 08:23:55,395] {processor.py:153} INFO - Started process (PID=7680) to work on /home/gustavo/Documents/etl_api_twitter/venv/lib/python3.9/site-packages/airflow/example_dags/example_task_group.py
[2023-01-04 08:23:55,396] {processor.py:641} INFO - Processing file /home/gustavo/Documents/etl_api_twitter/venv/lib/python3.9/site-packages/airflow/example_dags/example_task_group.py for tasks to queue
[2023-01-04 08:23:55,397] {logging_mixin.py:115} INFO - [2023-01-04 08:23:55,397] {dagbag.py:507} INFO - Filling up the DagBag from /home/gustavo/Documents/etl_api_twitter/venv/lib/python3.9/site-packages/airflow/example_dags/example_task_group.py
[2023-01-04 08:23:55,410] {processor.py:651} INFO - DAG(s) dict_keys(['example_task_group']) retrieved from /home/gustavo/Documents/etl_api_twitter/venv/lib/python3.9/site-packages/airflow/example_dags/example_task_group.py
[2023-01-04 08:23:55,439] {logging_mixin.py:115} INFO - [2023-01-04 08:23:55,439] {dag.py:2379} INFO - Sync 1 DAGs
[2023-01-04 08:23:55,463] {logging_mixin.py:115} INFO - [2023-01-04 08:23:55,463] {dag.py:2927} INFO - Setting next_dagrun for example_task_group to 2023-01-03T11:23:55.462538+00:00, run_after=2023-01-04T11:23:55.462538+00:00
[2023-01-04 08:23:55,479] {processor.py:161} INFO - Processing /home/gustavo/Documents/etl_api_twitter/venv/lib/python3.9/site-packages/airflow/example_dags/example_task_group.py took 0.090 seconds
[2023-01-04 08:24:26,238] {processor.py:153} INFO - Started process (PID=7856) to work on /home/gustavo/Documents/etl_api_twitter/venv/lib/python3.9/site-packages/airflow/example_dags/example_task_group.py
[2023-01-04 08:24:26,239] {processor.py:641} INFO - Processing file /home/gustavo/Documents/etl_api_twitter/venv/lib/python3.9/site-packages/airflow/example_dags/example_task_group.py for tasks to queue
[2023-01-04 08:24:26,239] {logging_mixin.py:115} INFO - [2023-01-04 08:24:26,239] {dagbag.py:507} INFO - Filling up the DagBag from /home/gustavo/Documents/etl_api_twitter/venv/lib/python3.9/site-packages/airflow/example_dags/example_task_group.py
[2023-01-04 08:24:26,246] {processor.py:651} INFO - DAG(s) dict_keys(['example_task_group']) retrieved from /home/gustavo/Documents/etl_api_twitter/venv/lib/python3.9/site-packages/airflow/example_dags/example_task_group.py
[2023-01-04 08:24:26,261] {logging_mixin.py:115} INFO - [2023-01-04 08:24:26,260] {dag.py:2379} INFO - Sync 1 DAGs
[2023-01-04 08:24:26,276] {logging_mixin.py:115} INFO - [2023-01-04 08:24:26,275] {dag.py:2927} INFO - Setting next_dagrun for example_task_group to 2023-01-03T11:24:26.275644+00:00, run_after=2023-01-04T11:24:26.275644+00:00
[2023-01-04 08:24:26,287] {processor.py:161} INFO - Processing /home/gustavo/Documents/etl_api_twitter/venv/lib/python3.9/site-packages/airflow/example_dags/example_task_group.py took 0.052 seconds
[2023-01-04 08:24:56,520] {processor.py:153} INFO - Started process (PID=8030) to work on /home/gustavo/Documents/etl_api_twitter/venv/lib/python3.9/site-packages/airflow/example_dags/example_task_group.py
[2023-01-04 08:24:56,521] {processor.py:641} INFO - Processing file /home/gustavo/Documents/etl_api_twitter/venv/lib/python3.9/site-packages/airflow/example_dags/example_task_group.py for tasks to queue
[2023-01-04 08:24:56,521] {logging_mixin.py:115} INFO - [2023-01-04 08:24:56,521] {dagbag.py:507} INFO - Filling up the DagBag from /home/gustavo/Documents/etl_api_twitter/venv/lib/python3.9/site-packages/airflow/example_dags/example_task_group.py
[2023-01-04 08:24:56,532] {processor.py:651} INFO - DAG(s) dict_keys(['example_task_group']) retrieved from /home/gustavo/Documents/etl_api_twitter/venv/lib/python3.9/site-packages/airflow/example_dags/example_task_group.py
[2023-01-04 08:24:56,549] {logging_mixin.py:115} INFO - [2023-01-04 08:24:56,548] {dag.py:2379} INFO - Sync 1 DAGs
[2023-01-04 08:24:56,564] {logging_mixin.py:115} INFO - [2023-01-04 08:24:56,564] {dag.py:2927} INFO - Setting next_dagrun for example_task_group to 2023-01-03T11:24:56.564218+00:00, run_after=2023-01-04T11:24:56.564218+00:00
[2023-01-04 08:24:56,574] {processor.py:161} INFO - Processing /home/gustavo/Documents/etl_api_twitter/venv/lib/python3.9/site-packages/airflow/example_dags/example_task_group.py took 0.058 seconds
[2023-01-04 08:25:27,774] {processor.py:153} INFO - Started process (PID=8209) to work on /home/gustavo/Documents/etl_api_twitter/venv/lib/python3.9/site-packages/airflow/example_dags/example_task_group.py
[2023-01-04 08:25:27,775] {processor.py:641} INFO - Processing file /home/gustavo/Documents/etl_api_twitter/venv/lib/python3.9/site-packages/airflow/example_dags/example_task_group.py for tasks to queue
[2023-01-04 08:25:27,776] {logging_mixin.py:115} INFO - [2023-01-04 08:25:27,776] {dagbag.py:507} INFO - Filling up the DagBag from /home/gustavo/Documents/etl_api_twitter/venv/lib/python3.9/site-packages/airflow/example_dags/example_task_group.py
[2023-01-04 08:25:27,784] {processor.py:651} INFO - DAG(s) dict_keys(['example_task_group']) retrieved from /home/gustavo/Documents/etl_api_twitter/venv/lib/python3.9/site-packages/airflow/example_dags/example_task_group.py
[2023-01-04 08:25:27,804] {logging_mixin.py:115} INFO - [2023-01-04 08:25:27,804] {dag.py:2379} INFO - Sync 1 DAGs
[2023-01-04 08:25:27,819] {logging_mixin.py:115} INFO - [2023-01-04 08:25:27,819] {dag.py:2927} INFO - Setting next_dagrun for example_task_group to 2023-01-03T11:25:27.819621+00:00, run_after=2023-01-04T11:25:27.819621+00:00
[2023-01-04 08:25:27,831] {processor.py:161} INFO - Processing /home/gustavo/Documents/etl_api_twitter/venv/lib/python3.9/site-packages/airflow/example_dags/example_task_group.py took 0.061 seconds
[2023-01-04 08:25:58,161] {processor.py:153} INFO - Started process (PID=8440) to work on /home/gustavo/Documents/etl_api_twitter/venv/lib/python3.9/site-packages/airflow/example_dags/example_task_group.py
[2023-01-04 08:25:58,163] {processor.py:641} INFO - Processing file /home/gustavo/Documents/etl_api_twitter/venv/lib/python3.9/site-packages/airflow/example_dags/example_task_group.py for tasks to queue
[2023-01-04 08:25:58,165] {logging_mixin.py:115} INFO - [2023-01-04 08:25:58,164] {dagbag.py:507} INFO - Filling up the DagBag from /home/gustavo/Documents/etl_api_twitter/venv/lib/python3.9/site-packages/airflow/example_dags/example_task_group.py
[2023-01-04 08:25:58,183] {processor.py:651} INFO - DAG(s) dict_keys(['example_task_group']) retrieved from /home/gustavo/Documents/etl_api_twitter/venv/lib/python3.9/site-packages/airflow/example_dags/example_task_group.py
[2023-01-04 08:25:58,210] {logging_mixin.py:115} INFO - [2023-01-04 08:25:58,210] {dag.py:2379} INFO - Sync 1 DAGs
[2023-01-04 08:25:58,238] {logging_mixin.py:115} INFO - [2023-01-04 08:25:58,238] {dag.py:2927} INFO - Setting next_dagrun for example_task_group to 2023-01-03T11:25:58.237789+00:00, run_after=2023-01-04T11:25:58.237789+00:00
[2023-01-04 08:25:58,250] {processor.py:161} INFO - Processing /home/gustavo/Documents/etl_api_twitter/venv/lib/python3.9/site-packages/airflow/example_dags/example_task_group.py took 0.096 seconds
[2023-01-04 08:26:30,067] {processor.py:153} INFO - Started process (PID=8617) to work on /home/gustavo/Documents/etl_api_twitter/venv/lib/python3.9/site-packages/airflow/example_dags/example_task_group.py
[2023-01-04 08:26:30,069] {processor.py:641} INFO - Processing file /home/gustavo/Documents/etl_api_twitter/venv/lib/python3.9/site-packages/airflow/example_dags/example_task_group.py for tasks to queue
[2023-01-04 08:26:30,071] {logging_mixin.py:115} INFO - [2023-01-04 08:26:30,070] {dagbag.py:507} INFO - Filling up the DagBag from /home/gustavo/Documents/etl_api_twitter/venv/lib/python3.9/site-packages/airflow/example_dags/example_task_group.py
[2023-01-04 08:26:30,082] {processor.py:651} INFO - DAG(s) dict_keys(['example_task_group']) retrieved from /home/gustavo/Documents/etl_api_twitter/venv/lib/python3.9/site-packages/airflow/example_dags/example_task_group.py
[2023-01-04 08:26:30,127] {logging_mixin.py:115} INFO - [2023-01-04 08:26:30,127] {dag.py:2379} INFO - Sync 1 DAGs
[2023-01-04 08:26:30,144] {logging_mixin.py:115} INFO - [2023-01-04 08:26:30,144] {dag.py:2927} INFO - Setting next_dagrun for example_task_group to 2023-01-03T11:26:30.143534+00:00, run_after=2023-01-04T11:26:30.143534+00:00
[2023-01-04 08:26:30,167] {processor.py:161} INFO - Processing /home/gustavo/Documents/etl_api_twitter/venv/lib/python3.9/site-packages/airflow/example_dags/example_task_group.py took 0.105 seconds
[2023-01-04 08:27:00,474] {processor.py:153} INFO - Started process (PID=8796) to work on /home/gustavo/Documents/etl_api_twitter/venv/lib/python3.9/site-packages/airflow/example_dags/example_task_group.py
[2023-01-04 08:27:00,475] {processor.py:641} INFO - Processing file /home/gustavo/Documents/etl_api_twitter/venv/lib/python3.9/site-packages/airflow/example_dags/example_task_group.py for tasks to queue
[2023-01-04 08:27:00,476] {logging_mixin.py:115} INFO - [2023-01-04 08:27:00,476] {dagbag.py:507} INFO - Filling up the DagBag from /home/gustavo/Documents/etl_api_twitter/venv/lib/python3.9/site-packages/airflow/example_dags/example_task_group.py
[2023-01-04 08:27:00,490] {processor.py:651} INFO - DAG(s) dict_keys(['example_task_group']) retrieved from /home/gustavo/Documents/etl_api_twitter/venv/lib/python3.9/site-packages/airflow/example_dags/example_task_group.py
[2023-01-04 08:27:00,523] {logging_mixin.py:115} INFO - [2023-01-04 08:27:00,523] {dag.py:2379} INFO - Sync 1 DAGs
[2023-01-04 08:27:00,555] {logging_mixin.py:115} INFO - [2023-01-04 08:27:00,555] {dag.py:2927} INFO - Setting next_dagrun for example_task_group to 2023-01-03T11:27:00.555159+00:00, run_after=2023-01-04T11:27:00.555159+00:00
[2023-01-04 08:27:00,577] {processor.py:161} INFO - Processing /home/gustavo/Documents/etl_api_twitter/venv/lib/python3.9/site-packages/airflow/example_dags/example_task_group.py took 0.110 seconds
[2023-01-04 08:27:32,274] {processor.py:153} INFO - Started process (PID=8979) to work on /home/gustavo/Documents/etl_api_twitter/venv/lib/python3.9/site-packages/airflow/example_dags/example_task_group.py
[2023-01-04 08:27:32,275] {processor.py:641} INFO - Processing file /home/gustavo/Documents/etl_api_twitter/venv/lib/python3.9/site-packages/airflow/example_dags/example_task_group.py for tasks to queue
[2023-01-04 08:27:32,275] {logging_mixin.py:115} INFO - [2023-01-04 08:27:32,275] {dagbag.py:507} INFO - Filling up the DagBag from /home/gustavo/Documents/etl_api_twitter/venv/lib/python3.9/site-packages/airflow/example_dags/example_task_group.py
[2023-01-04 08:27:32,282] {processor.py:651} INFO - DAG(s) dict_keys(['example_task_group']) retrieved from /home/gustavo/Documents/etl_api_twitter/venv/lib/python3.9/site-packages/airflow/example_dags/example_task_group.py
[2023-01-04 08:27:32,302] {logging_mixin.py:115} INFO - [2023-01-04 08:27:32,302] {dag.py:2379} INFO - Sync 1 DAGs
[2023-01-04 08:27:32,318] {logging_mixin.py:115} INFO - [2023-01-04 08:27:32,318] {dag.py:2927} INFO - Setting next_dagrun for example_task_group to 2023-01-03T11:27:32.317672+00:00, run_after=2023-01-04T11:27:32.317672+00:00
[2023-01-04 08:27:32,333] {processor.py:161} INFO - Processing /home/gustavo/Documents/etl_api_twitter/venv/lib/python3.9/site-packages/airflow/example_dags/example_task_group.py took 0.062 seconds
