[2023-01-04 08:01:09,044] {processor.py:153} INFO - Started process (PID=28334) to work on /home/gustavo/Documents/etl_api_twitter/venv/lib/python3.9/site-packages/airflow/example_dags/example_dag_decorator.py
[2023-01-04 08:01:09,045] {processor.py:641} INFO - Processing file /home/gustavo/Documents/etl_api_twitter/venv/lib/python3.9/site-packages/airflow/example_dags/example_dag_decorator.py for tasks to queue
[2023-01-04 08:01:09,046] {logging_mixin.py:115} INFO - [2023-01-04 08:01:09,046] {dagbag.py:507} INFO - Filling up the DagBag from /home/gustavo/Documents/etl_api_twitter/venv/lib/python3.9/site-packages/airflow/example_dags/example_dag_decorator.py
[2023-01-04 08:01:09,106] {processor.py:651} INFO - DAG(s) dict_keys(['example_dag_decorator']) retrieved from /home/gustavo/Documents/etl_api_twitter/venv/lib/python3.9/site-packages/airflow/example_dags/example_dag_decorator.py
[2023-01-04 08:01:09,288] {logging_mixin.py:115} INFO - [2023-01-04 08:01:09,287] {manager.py:508} INFO - Created Permission View: can edit on DAG:example_dag_decorator
[2023-01-04 08:01:09,304] {logging_mixin.py:115} INFO - [2023-01-04 08:01:09,303] {manager.py:508} INFO - Created Permission View: can read on DAG:example_dag_decorator
[2023-01-04 08:01:09,319] {logging_mixin.py:115} INFO - [2023-01-04 08:01:09,319] {manager.py:508} INFO - Created Permission View: can delete on DAG:example_dag_decorator
[2023-01-04 08:01:09,320] {logging_mixin.py:115} INFO - [2023-01-04 08:01:09,320] {dag.py:2379} INFO - Sync 1 DAGs
[2023-01-04 08:01:09,337] {logging_mixin.py:115} INFO - [2023-01-04 08:01:09,337] {dag.py:2398} INFO - Creating ORM DAG for example_dag_decorator
[2023-01-04 08:01:09,360] {logging_mixin.py:115} INFO - [2023-01-04 08:01:09,359] {dag.py:2927} INFO - Setting next_dagrun for example_dag_decorator to None, run_after=None
[2023-01-04 08:01:09,386] {processor.py:161} INFO - Processing /home/gustavo/Documents/etl_api_twitter/venv/lib/python3.9/site-packages/airflow/example_dags/example_dag_decorator.py took 0.345 seconds
[2023-01-04 08:01:47,065] {processor.py:153} INFO - Started process (PID=28560) to work on /home/gustavo/Documents/etl_api_twitter/venv/lib/python3.9/site-packages/airflow/example_dags/example_dag_decorator.py
[2023-01-04 08:01:47,067] {processor.py:641} INFO - Processing file /home/gustavo/Documents/etl_api_twitter/venv/lib/python3.9/site-packages/airflow/example_dags/example_dag_decorator.py for tasks to queue
[2023-01-04 08:01:47,068] {logging_mixin.py:115} INFO - [2023-01-04 08:01:47,068] {dagbag.py:507} INFO - Filling up the DagBag from /home/gustavo/Documents/etl_api_twitter/venv/lib/python3.9/site-packages/airflow/example_dags/example_dag_decorator.py
[2023-01-04 08:01:47,118] {processor.py:651} INFO - DAG(s) dict_keys(['example_dag_decorator']) retrieved from /home/gustavo/Documents/etl_api_twitter/venv/lib/python3.9/site-packages/airflow/example_dags/example_dag_decorator.py
[2023-01-04 08:01:47,193] {logging_mixin.py:115} INFO - [2023-01-04 08:01:47,193] {dag.py:2379} INFO - Sync 1 DAGs
[2023-01-04 08:01:47,210] {logging_mixin.py:115} INFO - [2023-01-04 08:01:47,210] {dag.py:2927} INFO - Setting next_dagrun for example_dag_decorator to None, run_after=None
[2023-01-04 08:01:47,227] {processor.py:161} INFO - Processing /home/gustavo/Documents/etl_api_twitter/venv/lib/python3.9/site-packages/airflow/example_dags/example_dag_decorator.py took 0.181 seconds
[2023-01-04 08:10:59,225] {processor.py:153} INFO - Started process (PID=3686) to work on /home/gustavo/Documents/etl_api_twitter/venv/lib/python3.9/site-packages/airflow/example_dags/example_dag_decorator.py
[2023-01-04 08:10:59,227] {processor.py:641} INFO - Processing file /home/gustavo/Documents/etl_api_twitter/venv/lib/python3.9/site-packages/airflow/example_dags/example_dag_decorator.py for tasks to queue
[2023-01-04 08:10:59,228] {logging_mixin.py:115} INFO - [2023-01-04 08:10:59,228] {dagbag.py:507} INFO - Filling up the DagBag from /home/gustavo/Documents/etl_api_twitter/venv/lib/python3.9/site-packages/airflow/example_dags/example_dag_decorator.py
[2023-01-04 08:10:59,261] {processor.py:651} INFO - DAG(s) dict_keys(['example_dag_decorator']) retrieved from /home/gustavo/Documents/etl_api_twitter/venv/lib/python3.9/site-packages/airflow/example_dags/example_dag_decorator.py
[2023-01-04 08:10:59,349] {logging_mixin.py:115} INFO - [2023-01-04 08:10:59,349] {dag.py:2379} INFO - Sync 1 DAGs
[2023-01-04 08:10:59,382] {logging_mixin.py:115} INFO - [2023-01-04 08:10:59,382] {dag.py:2927} INFO - Setting next_dagrun for example_dag_decorator to None, run_after=None
[2023-01-04 08:10:59,430] {processor.py:161} INFO - Processing /home/gustavo/Documents/etl_api_twitter/venv/lib/python3.9/site-packages/airflow/example_dags/example_dag_decorator.py took 0.208 seconds
[2023-01-04 08:11:34,562] {processor.py:153} INFO - Started process (PID=3944) to work on /home/gustavo/Documents/etl_api_twitter/venv/lib/python3.9/site-packages/airflow/example_dags/example_dag_decorator.py
[2023-01-04 08:11:34,564] {processor.py:641} INFO - Processing file /home/gustavo/Documents/etl_api_twitter/venv/lib/python3.9/site-packages/airflow/example_dags/example_dag_decorator.py for tasks to queue
[2023-01-04 08:11:34,565] {logging_mixin.py:115} INFO - [2023-01-04 08:11:34,565] {dagbag.py:507} INFO - Filling up the DagBag from /home/gustavo/Documents/etl_api_twitter/venv/lib/python3.9/site-packages/airflow/example_dags/example_dag_decorator.py
[2023-01-04 08:11:34,607] {processor.py:651} INFO - DAG(s) dict_keys(['example_dag_decorator']) retrieved from /home/gustavo/Documents/etl_api_twitter/venv/lib/python3.9/site-packages/airflow/example_dags/example_dag_decorator.py
[2023-01-04 08:11:34,704] {logging_mixin.py:115} INFO - [2023-01-04 08:11:34,703] {dag.py:2379} INFO - Sync 1 DAGs
[2023-01-04 08:11:34,732] {logging_mixin.py:115} INFO - [2023-01-04 08:11:34,731] {dag.py:2927} INFO - Setting next_dagrun for example_dag_decorator to None, run_after=None
[2023-01-04 08:11:34,759] {processor.py:161} INFO - Processing /home/gustavo/Documents/etl_api_twitter/venv/lib/python3.9/site-packages/airflow/example_dags/example_dag_decorator.py took 0.201 seconds
[2023-01-04 08:12:08,820] {processor.py:153} INFO - Started process (PID=4147) to work on /home/gustavo/Documents/etl_api_twitter/venv/lib/python3.9/site-packages/airflow/example_dags/example_dag_decorator.py
[2023-01-04 08:12:08,821] {processor.py:641} INFO - Processing file /home/gustavo/Documents/etl_api_twitter/venv/lib/python3.9/site-packages/airflow/example_dags/example_dag_decorator.py for tasks to queue
[2023-01-04 08:12:08,821] {logging_mixin.py:115} INFO - [2023-01-04 08:12:08,821] {dagbag.py:507} INFO - Filling up the DagBag from /home/gustavo/Documents/etl_api_twitter/venv/lib/python3.9/site-packages/airflow/example_dags/example_dag_decorator.py
[2023-01-04 08:12:08,856] {processor.py:651} INFO - DAG(s) dict_keys(['example_dag_decorator']) retrieved from /home/gustavo/Documents/etl_api_twitter/venv/lib/python3.9/site-packages/airflow/example_dags/example_dag_decorator.py
[2023-01-04 08:12:08,902] {logging_mixin.py:115} INFO - [2023-01-04 08:12:08,902] {dag.py:2379} INFO - Sync 1 DAGs
[2023-01-04 08:12:08,913] {logging_mixin.py:115} INFO - [2023-01-04 08:12:08,913] {dag.py:2927} INFO - Setting next_dagrun for example_dag_decorator to None, run_after=None
[2023-01-04 08:12:08,928] {processor.py:161} INFO - Processing /home/gustavo/Documents/etl_api_twitter/venv/lib/python3.9/site-packages/airflow/example_dags/example_dag_decorator.py took 0.117 seconds
[2023-01-04 08:12:42,003] {processor.py:153} INFO - Started process (PID=4187) to work on /home/gustavo/Documents/etl_api_twitter/venv/lib/python3.9/site-packages/airflow/example_dags/example_dag_decorator.py
[2023-01-04 08:12:42,005] {processor.py:641} INFO - Processing file /home/gustavo/Documents/etl_api_twitter/venv/lib/python3.9/site-packages/airflow/example_dags/example_dag_decorator.py for tasks to queue
[2023-01-04 08:12:42,005] {logging_mixin.py:115} INFO - [2023-01-04 08:12:42,005] {dagbag.py:507} INFO - Filling up the DagBag from /home/gustavo/Documents/etl_api_twitter/venv/lib/python3.9/site-packages/airflow/example_dags/example_dag_decorator.py
[2023-01-04 08:12:42,030] {processor.py:651} INFO - DAG(s) dict_keys(['example_dag_decorator']) retrieved from /home/gustavo/Documents/etl_api_twitter/venv/lib/python3.9/site-packages/airflow/example_dags/example_dag_decorator.py
[2023-01-04 08:12:42,073] {logging_mixin.py:115} INFO - [2023-01-04 08:12:42,073] {dag.py:2379} INFO - Sync 1 DAGs
[2023-01-04 08:12:42,083] {logging_mixin.py:115} INFO - [2023-01-04 08:12:42,083] {dag.py:2927} INFO - Setting next_dagrun for example_dag_decorator to None, run_after=None
[2023-01-04 08:12:42,098] {processor.py:161} INFO - Processing /home/gustavo/Documents/etl_api_twitter/venv/lib/python3.9/site-packages/airflow/example_dags/example_dag_decorator.py took 0.098 seconds
[2023-01-04 08:13:16,197] {processor.py:153} INFO - Started process (PID=4223) to work on /home/gustavo/Documents/etl_api_twitter/venv/lib/python3.9/site-packages/airflow/example_dags/example_dag_decorator.py
[2023-01-04 08:13:16,199] {processor.py:641} INFO - Processing file /home/gustavo/Documents/etl_api_twitter/venv/lib/python3.9/site-packages/airflow/example_dags/example_dag_decorator.py for tasks to queue
[2023-01-04 08:13:16,200] {logging_mixin.py:115} INFO - [2023-01-04 08:13:16,200] {dagbag.py:507} INFO - Filling up the DagBag from /home/gustavo/Documents/etl_api_twitter/venv/lib/python3.9/site-packages/airflow/example_dags/example_dag_decorator.py
[2023-01-04 08:13:16,241] {processor.py:651} INFO - DAG(s) dict_keys(['example_dag_decorator']) retrieved from /home/gustavo/Documents/etl_api_twitter/venv/lib/python3.9/site-packages/airflow/example_dags/example_dag_decorator.py
[2023-01-04 08:13:16,274] {logging_mixin.py:115} INFO - [2023-01-04 08:13:16,274] {dag.py:2379} INFO - Sync 1 DAGs
[2023-01-04 08:13:16,285] {logging_mixin.py:115} INFO - [2023-01-04 08:13:16,285] {dag.py:2927} INFO - Setting next_dagrun for example_dag_decorator to None, run_after=None
[2023-01-04 08:13:16,299] {processor.py:161} INFO - Processing /home/gustavo/Documents/etl_api_twitter/venv/lib/python3.9/site-packages/airflow/example_dags/example_dag_decorator.py took 0.110 seconds
[2023-01-04 08:13:51,511] {processor.py:153} INFO - Started process (PID=4262) to work on /home/gustavo/Documents/etl_api_twitter/venv/lib/python3.9/site-packages/airflow/example_dags/example_dag_decorator.py
[2023-01-04 08:13:51,512] {processor.py:641} INFO - Processing file /home/gustavo/Documents/etl_api_twitter/venv/lib/python3.9/site-packages/airflow/example_dags/example_dag_decorator.py for tasks to queue
[2023-01-04 08:13:51,512] {logging_mixin.py:115} INFO - [2023-01-04 08:13:51,512] {dagbag.py:507} INFO - Filling up the DagBag from /home/gustavo/Documents/etl_api_twitter/venv/lib/python3.9/site-packages/airflow/example_dags/example_dag_decorator.py
[2023-01-04 08:13:51,551] {processor.py:651} INFO - DAG(s) dict_keys(['example_dag_decorator']) retrieved from /home/gustavo/Documents/etl_api_twitter/venv/lib/python3.9/site-packages/airflow/example_dags/example_dag_decorator.py
[2023-01-04 08:13:51,627] {logging_mixin.py:115} INFO - [2023-01-04 08:13:51,627] {dag.py:2379} INFO - Sync 1 DAGs
[2023-01-04 08:13:51,650] {logging_mixin.py:115} INFO - [2023-01-04 08:13:51,650] {dag.py:2927} INFO - Setting next_dagrun for example_dag_decorator to None, run_after=None
[2023-01-04 08:13:51,663] {processor.py:161} INFO - Processing /home/gustavo/Documents/etl_api_twitter/venv/lib/python3.9/site-packages/airflow/example_dags/example_dag_decorator.py took 0.155 seconds
[2023-01-04 08:14:27,073] {processor.py:153} INFO - Started process (PID=4358) to work on /home/gustavo/Documents/etl_api_twitter/venv/lib/python3.9/site-packages/airflow/example_dags/example_dag_decorator.py
[2023-01-04 08:14:27,073] {processor.py:641} INFO - Processing file /home/gustavo/Documents/etl_api_twitter/venv/lib/python3.9/site-packages/airflow/example_dags/example_dag_decorator.py for tasks to queue
[2023-01-04 08:14:27,074] {logging_mixin.py:115} INFO - [2023-01-04 08:14:27,074] {dagbag.py:507} INFO - Filling up the DagBag from /home/gustavo/Documents/etl_api_twitter/venv/lib/python3.9/site-packages/airflow/example_dags/example_dag_decorator.py
[2023-01-04 08:14:27,101] {processor.py:651} INFO - DAG(s) dict_keys(['example_dag_decorator']) retrieved from /home/gustavo/Documents/etl_api_twitter/venv/lib/python3.9/site-packages/airflow/example_dags/example_dag_decorator.py
[2023-01-04 08:14:27,145] {logging_mixin.py:115} INFO - [2023-01-04 08:14:27,145] {dag.py:2379} INFO - Sync 1 DAGs
[2023-01-04 08:14:27,171] {logging_mixin.py:115} INFO - [2023-01-04 08:14:27,171] {dag.py:2927} INFO - Setting next_dagrun for example_dag_decorator to None, run_after=None
[2023-01-04 08:14:27,187] {processor.py:161} INFO - Processing /home/gustavo/Documents/etl_api_twitter/venv/lib/python3.9/site-packages/airflow/example_dags/example_dag_decorator.py took 0.117 seconds
[2023-01-04 08:15:02,165] {processor.py:153} INFO - Started process (PID=4472) to work on /home/gustavo/Documents/etl_api_twitter/venv/lib/python3.9/site-packages/airflow/example_dags/example_dag_decorator.py
[2023-01-04 08:15:02,166] {processor.py:641} INFO - Processing file /home/gustavo/Documents/etl_api_twitter/venv/lib/python3.9/site-packages/airflow/example_dags/example_dag_decorator.py for tasks to queue
[2023-01-04 08:15:02,166] {logging_mixin.py:115} INFO - [2023-01-04 08:15:02,166] {dagbag.py:507} INFO - Filling up the DagBag from /home/gustavo/Documents/etl_api_twitter/venv/lib/python3.9/site-packages/airflow/example_dags/example_dag_decorator.py
[2023-01-04 08:15:02,181] {processor.py:651} INFO - DAG(s) dict_keys(['example_dag_decorator']) retrieved from /home/gustavo/Documents/etl_api_twitter/venv/lib/python3.9/site-packages/airflow/example_dags/example_dag_decorator.py
[2023-01-04 08:15:02,221] {logging_mixin.py:115} INFO - [2023-01-04 08:15:02,221] {dag.py:2379} INFO - Sync 1 DAGs
[2023-01-04 08:15:02,245] {logging_mixin.py:115} INFO - [2023-01-04 08:15:02,245] {dag.py:2927} INFO - Setting next_dagrun for example_dag_decorator to None, run_after=None
[2023-01-04 08:15:02,260] {processor.py:161} INFO - Processing /home/gustavo/Documents/etl_api_twitter/venv/lib/python3.9/site-packages/airflow/example_dags/example_dag_decorator.py took 0.097 seconds
[2023-01-04 08:15:35,984] {processor.py:153} INFO - Started process (PID=4706) to work on /home/gustavo/Documents/etl_api_twitter/venv/lib/python3.9/site-packages/airflow/example_dags/example_dag_decorator.py
[2023-01-04 08:15:35,985] {processor.py:641} INFO - Processing file /home/gustavo/Documents/etl_api_twitter/venv/lib/python3.9/site-packages/airflow/example_dags/example_dag_decorator.py for tasks to queue
[2023-01-04 08:15:35,987] {logging_mixin.py:115} INFO - [2023-01-04 08:15:35,987] {dagbag.py:507} INFO - Filling up the DagBag from /home/gustavo/Documents/etl_api_twitter/venv/lib/python3.9/site-packages/airflow/example_dags/example_dag_decorator.py
[2023-01-04 08:15:36,042] {processor.py:651} INFO - DAG(s) dict_keys(['example_dag_decorator']) retrieved from /home/gustavo/Documents/etl_api_twitter/venv/lib/python3.9/site-packages/airflow/example_dags/example_dag_decorator.py
[2023-01-04 08:15:36,106] {logging_mixin.py:115} INFO - [2023-01-04 08:15:36,106] {dag.py:2379} INFO - Sync 1 DAGs
[2023-01-04 08:15:36,125] {logging_mixin.py:115} INFO - [2023-01-04 08:15:36,125] {dag.py:2927} INFO - Setting next_dagrun for example_dag_decorator to None, run_after=None
[2023-01-04 08:15:36,142] {processor.py:161} INFO - Processing /home/gustavo/Documents/etl_api_twitter/venv/lib/python3.9/site-packages/airflow/example_dags/example_dag_decorator.py took 0.165 seconds
[2023-01-04 08:16:08,806] {processor.py:153} INFO - Started process (PID=4922) to work on /home/gustavo/Documents/etl_api_twitter/venv/lib/python3.9/site-packages/airflow/example_dags/example_dag_decorator.py
[2023-01-04 08:16:08,807] {processor.py:641} INFO - Processing file /home/gustavo/Documents/etl_api_twitter/venv/lib/python3.9/site-packages/airflow/example_dags/example_dag_decorator.py for tasks to queue
[2023-01-04 08:16:08,808] {logging_mixin.py:115} INFO - [2023-01-04 08:16:08,808] {dagbag.py:507} INFO - Filling up the DagBag from /home/gustavo/Documents/etl_api_twitter/venv/lib/python3.9/site-packages/airflow/example_dags/example_dag_decorator.py
[2023-01-04 08:16:08,838] {processor.py:651} INFO - DAG(s) dict_keys(['example_dag_decorator']) retrieved from /home/gustavo/Documents/etl_api_twitter/venv/lib/python3.9/site-packages/airflow/example_dags/example_dag_decorator.py
[2023-01-04 08:16:08,853] {logging_mixin.py:115} INFO - [2023-01-04 08:16:08,853] {dag.py:2379} INFO - Sync 1 DAGs
[2023-01-04 08:16:08,867] {logging_mixin.py:115} INFO - [2023-01-04 08:16:08,867] {dag.py:2927} INFO - Setting next_dagrun for example_dag_decorator to None, run_after=None
[2023-01-04 08:16:08,878] {processor.py:161} INFO - Processing /home/gustavo/Documents/etl_api_twitter/venv/lib/python3.9/site-packages/airflow/example_dags/example_dag_decorator.py took 0.076 seconds
[2023-01-04 08:16:42,699] {processor.py:153} INFO - Started process (PID=5103) to work on /home/gustavo/Documents/etl_api_twitter/venv/lib/python3.9/site-packages/airflow/example_dags/example_dag_decorator.py
[2023-01-04 08:16:42,700] {processor.py:641} INFO - Processing file /home/gustavo/Documents/etl_api_twitter/venv/lib/python3.9/site-packages/airflow/example_dags/example_dag_decorator.py for tasks to queue
[2023-01-04 08:16:42,700] {logging_mixin.py:115} INFO - [2023-01-04 08:16:42,700] {dagbag.py:507} INFO - Filling up the DagBag from /home/gustavo/Documents/etl_api_twitter/venv/lib/python3.9/site-packages/airflow/example_dags/example_dag_decorator.py
[2023-01-04 08:16:42,721] {processor.py:651} INFO - DAG(s) dict_keys(['example_dag_decorator']) retrieved from /home/gustavo/Documents/etl_api_twitter/venv/lib/python3.9/site-packages/airflow/example_dags/example_dag_decorator.py
[2023-01-04 08:16:42,740] {logging_mixin.py:115} INFO - [2023-01-04 08:16:42,740] {dag.py:2379} INFO - Sync 1 DAGs
[2023-01-04 08:16:42,760] {logging_mixin.py:115} INFO - [2023-01-04 08:16:42,759] {dag.py:2927} INFO - Setting next_dagrun for example_dag_decorator to None, run_after=None
[2023-01-04 08:16:42,771] {processor.py:161} INFO - Processing /home/gustavo/Documents/etl_api_twitter/venv/lib/python3.9/site-packages/airflow/example_dags/example_dag_decorator.py took 0.076 seconds
[2023-01-04 08:17:17,600] {processor.py:153} INFO - Started process (PID=5310) to work on /home/gustavo/Documents/etl_api_twitter/venv/lib/python3.9/site-packages/airflow/example_dags/example_dag_decorator.py
[2023-01-04 08:17:17,602] {processor.py:641} INFO - Processing file /home/gustavo/Documents/etl_api_twitter/venv/lib/python3.9/site-packages/airflow/example_dags/example_dag_decorator.py for tasks to queue
[2023-01-04 08:17:17,603] {logging_mixin.py:115} INFO - [2023-01-04 08:17:17,603] {dagbag.py:507} INFO - Filling up the DagBag from /home/gustavo/Documents/etl_api_twitter/venv/lib/python3.9/site-packages/airflow/example_dags/example_dag_decorator.py
[2023-01-04 08:17:17,646] {processor.py:651} INFO - DAG(s) dict_keys(['example_dag_decorator']) retrieved from /home/gustavo/Documents/etl_api_twitter/venv/lib/python3.9/site-packages/airflow/example_dags/example_dag_decorator.py
[2023-01-04 08:17:17,662] {logging_mixin.py:115} INFO - [2023-01-04 08:17:17,662] {dag.py:2379} INFO - Sync 1 DAGs
[2023-01-04 08:17:17,678] {logging_mixin.py:115} INFO - [2023-01-04 08:17:17,678] {dag.py:2927} INFO - Setting next_dagrun for example_dag_decorator to None, run_after=None
[2023-01-04 08:17:17,690] {processor.py:161} INFO - Processing /home/gustavo/Documents/etl_api_twitter/venv/lib/python3.9/site-packages/airflow/example_dags/example_dag_decorator.py took 0.099 seconds
[2023-01-04 08:17:51,753] {processor.py:153} INFO - Started process (PID=5520) to work on /home/gustavo/Documents/etl_api_twitter/venv/lib/python3.9/site-packages/airflow/example_dags/example_dag_decorator.py
[2023-01-04 08:17:51,755] {processor.py:641} INFO - Processing file /home/gustavo/Documents/etl_api_twitter/venv/lib/python3.9/site-packages/airflow/example_dags/example_dag_decorator.py for tasks to queue
[2023-01-04 08:17:51,756] {logging_mixin.py:115} INFO - [2023-01-04 08:17:51,756] {dagbag.py:507} INFO - Filling up the DagBag from /home/gustavo/Documents/etl_api_twitter/venv/lib/python3.9/site-packages/airflow/example_dags/example_dag_decorator.py
[2023-01-04 08:17:51,795] {processor.py:651} INFO - DAG(s) dict_keys(['example_dag_decorator']) retrieved from /home/gustavo/Documents/etl_api_twitter/venv/lib/python3.9/site-packages/airflow/example_dags/example_dag_decorator.py
[2023-01-04 08:17:51,867] {logging_mixin.py:115} INFO - [2023-01-04 08:17:51,866] {dag.py:2379} INFO - Sync 1 DAGs
[2023-01-04 08:17:51,886] {logging_mixin.py:115} INFO - [2023-01-04 08:17:51,886] {dag.py:2927} INFO - Setting next_dagrun for example_dag_decorator to None, run_after=None
[2023-01-04 08:17:51,896] {processor.py:161} INFO - Processing /home/gustavo/Documents/etl_api_twitter/venv/lib/python3.9/site-packages/airflow/example_dags/example_dag_decorator.py took 0.150 seconds
[2023-01-04 08:18:26,116] {processor.py:153} INFO - Started process (PID=5729) to work on /home/gustavo/Documents/etl_api_twitter/venv/lib/python3.9/site-packages/airflow/example_dags/example_dag_decorator.py
[2023-01-04 08:18:26,118] {processor.py:641} INFO - Processing file /home/gustavo/Documents/etl_api_twitter/venv/lib/python3.9/site-packages/airflow/example_dags/example_dag_decorator.py for tasks to queue
[2023-01-04 08:18:26,119] {logging_mixin.py:115} INFO - [2023-01-04 08:18:26,119] {dagbag.py:507} INFO - Filling up the DagBag from /home/gustavo/Documents/etl_api_twitter/venv/lib/python3.9/site-packages/airflow/example_dags/example_dag_decorator.py
[2023-01-04 08:18:26,152] {processor.py:651} INFO - DAG(s) dict_keys(['example_dag_decorator']) retrieved from /home/gustavo/Documents/etl_api_twitter/venv/lib/python3.9/site-packages/airflow/example_dags/example_dag_decorator.py
[2023-01-04 08:18:26,210] {logging_mixin.py:115} INFO - [2023-01-04 08:18:26,210] {dag.py:2379} INFO - Sync 1 DAGs
[2023-01-04 08:18:26,230] {logging_mixin.py:115} INFO - [2023-01-04 08:18:26,230] {dag.py:2927} INFO - Setting next_dagrun for example_dag_decorator to None, run_after=None
[2023-01-04 08:18:26,248] {processor.py:161} INFO - Processing /home/gustavo/Documents/etl_api_twitter/venv/lib/python3.9/site-packages/airflow/example_dags/example_dag_decorator.py took 0.138 seconds
[2023-01-04 08:19:01,791] {processor.py:153} INFO - Started process (PID=5933) to work on /home/gustavo/Documents/etl_api_twitter/venv/lib/python3.9/site-packages/airflow/example_dags/example_dag_decorator.py
[2023-01-04 08:19:01,792] {processor.py:641} INFO - Processing file /home/gustavo/Documents/etl_api_twitter/venv/lib/python3.9/site-packages/airflow/example_dags/example_dag_decorator.py for tasks to queue
[2023-01-04 08:19:01,793] {logging_mixin.py:115} INFO - [2023-01-04 08:19:01,793] {dagbag.py:507} INFO - Filling up the DagBag from /home/gustavo/Documents/etl_api_twitter/venv/lib/python3.9/site-packages/airflow/example_dags/example_dag_decorator.py
[2023-01-04 08:19:01,820] {processor.py:651} INFO - DAG(s) dict_keys(['example_dag_decorator']) retrieved from /home/gustavo/Documents/etl_api_twitter/venv/lib/python3.9/site-packages/airflow/example_dags/example_dag_decorator.py
[2023-01-04 08:19:01,835] {logging_mixin.py:115} INFO - [2023-01-04 08:19:01,835] {dag.py:2379} INFO - Sync 1 DAGs
[2023-01-04 08:19:01,850] {logging_mixin.py:115} INFO - [2023-01-04 08:19:01,850] {dag.py:2927} INFO - Setting next_dagrun for example_dag_decorator to None, run_after=None
[2023-01-04 08:19:01,861] {processor.py:161} INFO - Processing /home/gustavo/Documents/etl_api_twitter/venv/lib/python3.9/site-packages/airflow/example_dags/example_dag_decorator.py took 0.074 seconds
[2023-01-04 08:19:37,562] {processor.py:153} INFO - Started process (PID=6139) to work on /home/gustavo/Documents/etl_api_twitter/venv/lib/python3.9/site-packages/airflow/example_dags/example_dag_decorator.py
[2023-01-04 08:19:37,564] {processor.py:641} INFO - Processing file /home/gustavo/Documents/etl_api_twitter/venv/lib/python3.9/site-packages/airflow/example_dags/example_dag_decorator.py for tasks to queue
[2023-01-04 08:19:37,565] {logging_mixin.py:115} INFO - [2023-01-04 08:19:37,565] {dagbag.py:507} INFO - Filling up the DagBag from /home/gustavo/Documents/etl_api_twitter/venv/lib/python3.9/site-packages/airflow/example_dags/example_dag_decorator.py
[2023-01-04 08:19:37,602] {processor.py:651} INFO - DAG(s) dict_keys(['example_dag_decorator']) retrieved from /home/gustavo/Documents/etl_api_twitter/venv/lib/python3.9/site-packages/airflow/example_dags/example_dag_decorator.py
[2023-01-04 08:19:37,652] {logging_mixin.py:115} INFO - [2023-01-04 08:19:37,652] {dag.py:2379} INFO - Sync 1 DAGs
[2023-01-04 08:19:37,681] {logging_mixin.py:115} INFO - [2023-01-04 08:19:37,681] {dag.py:2927} INFO - Setting next_dagrun for example_dag_decorator to None, run_after=None
[2023-01-04 08:19:37,697] {processor.py:161} INFO - Processing /home/gustavo/Documents/etl_api_twitter/venv/lib/python3.9/site-packages/airflow/example_dags/example_dag_decorator.py took 0.141 seconds
[2023-01-04 08:20:12,456] {processor.py:153} INFO - Started process (PID=6323) to work on /home/gustavo/Documents/etl_api_twitter/venv/lib/python3.9/site-packages/airflow/example_dags/example_dag_decorator.py
[2023-01-04 08:20:12,457] {processor.py:641} INFO - Processing file /home/gustavo/Documents/etl_api_twitter/venv/lib/python3.9/site-packages/airflow/example_dags/example_dag_decorator.py for tasks to queue
[2023-01-04 08:20:12,458] {logging_mixin.py:115} INFO - [2023-01-04 08:20:12,458] {dagbag.py:507} INFO - Filling up the DagBag from /home/gustavo/Documents/etl_api_twitter/venv/lib/python3.9/site-packages/airflow/example_dags/example_dag_decorator.py
[2023-01-04 08:20:12,486] {processor.py:651} INFO - DAG(s) dict_keys(['example_dag_decorator']) retrieved from /home/gustavo/Documents/etl_api_twitter/venv/lib/python3.9/site-packages/airflow/example_dags/example_dag_decorator.py
[2023-01-04 08:20:12,501] {logging_mixin.py:115} INFO - [2023-01-04 08:20:12,501] {dag.py:2379} INFO - Sync 1 DAGs
[2023-01-04 08:20:12,533] {logging_mixin.py:115} INFO - [2023-01-04 08:20:12,533] {dag.py:2927} INFO - Setting next_dagrun for example_dag_decorator to None, run_after=None
[2023-01-04 08:20:12,547] {processor.py:161} INFO - Processing /home/gustavo/Documents/etl_api_twitter/venv/lib/python3.9/site-packages/airflow/example_dags/example_dag_decorator.py took 0.093 seconds
[2023-01-04 08:20:45,090] {processor.py:153} INFO - Started process (PID=6578) to work on /home/gustavo/Documents/etl_api_twitter/venv/lib/python3.9/site-packages/airflow/example_dags/example_dag_decorator.py
[2023-01-04 08:20:45,091] {processor.py:641} INFO - Processing file /home/gustavo/Documents/etl_api_twitter/venv/lib/python3.9/site-packages/airflow/example_dags/example_dag_decorator.py for tasks to queue
[2023-01-04 08:20:45,092] {logging_mixin.py:115} INFO - [2023-01-04 08:20:45,092] {dagbag.py:507} INFO - Filling up the DagBag from /home/gustavo/Documents/etl_api_twitter/venv/lib/python3.9/site-packages/airflow/example_dags/example_dag_decorator.py
[2023-01-04 08:20:45,131] {processor.py:651} INFO - DAG(s) dict_keys(['example_dag_decorator']) retrieved from /home/gustavo/Documents/etl_api_twitter/venv/lib/python3.9/site-packages/airflow/example_dags/example_dag_decorator.py
[2023-01-04 08:20:45,205] {logging_mixin.py:115} INFO - [2023-01-04 08:20:45,205] {dag.py:2379} INFO - Sync 1 DAGs
[2023-01-04 08:20:45,232] {logging_mixin.py:115} INFO - [2023-01-04 08:20:45,232] {dag.py:2927} INFO - Setting next_dagrun for example_dag_decorator to None, run_after=None
[2023-01-04 08:20:45,252] {processor.py:161} INFO - Processing /home/gustavo/Documents/etl_api_twitter/venv/lib/python3.9/site-packages/airflow/example_dags/example_dag_decorator.py took 0.168 seconds
[2023-01-04 08:21:19,801] {processor.py:153} INFO - Started process (PID=6783) to work on /home/gustavo/Documents/etl_api_twitter/venv/lib/python3.9/site-packages/airflow/example_dags/example_dag_decorator.py
[2023-01-04 08:21:19,802] {processor.py:641} INFO - Processing file /home/gustavo/Documents/etl_api_twitter/venv/lib/python3.9/site-packages/airflow/example_dags/example_dag_decorator.py for tasks to queue
[2023-01-04 08:21:19,802] {logging_mixin.py:115} INFO - [2023-01-04 08:21:19,802] {dagbag.py:507} INFO - Filling up the DagBag from /home/gustavo/Documents/etl_api_twitter/venv/lib/python3.9/site-packages/airflow/example_dags/example_dag_decorator.py
[2023-01-04 08:21:19,832] {processor.py:651} INFO - DAG(s) dict_keys(['example_dag_decorator']) retrieved from /home/gustavo/Documents/etl_api_twitter/venv/lib/python3.9/site-packages/airflow/example_dags/example_dag_decorator.py
[2023-01-04 08:21:19,861] {logging_mixin.py:115} INFO - [2023-01-04 08:21:19,861] {dag.py:2379} INFO - Sync 1 DAGs
[2023-01-04 08:21:19,877] {logging_mixin.py:115} INFO - [2023-01-04 08:21:19,877] {dag.py:2927} INFO - Setting next_dagrun for example_dag_decorator to None, run_after=None
[2023-01-04 08:21:19,890] {processor.py:161} INFO - Processing /home/gustavo/Documents/etl_api_twitter/venv/lib/python3.9/site-packages/airflow/example_dags/example_dag_decorator.py took 0.094 seconds
[2023-01-04 08:21:52,398] {processor.py:153} INFO - Started process (PID=6962) to work on /home/gustavo/Documents/etl_api_twitter/venv/lib/python3.9/site-packages/airflow/example_dags/example_dag_decorator.py
[2023-01-04 08:21:52,400] {processor.py:641} INFO - Processing file /home/gustavo/Documents/etl_api_twitter/venv/lib/python3.9/site-packages/airflow/example_dags/example_dag_decorator.py for tasks to queue
[2023-01-04 08:21:52,402] {logging_mixin.py:115} INFO - [2023-01-04 08:21:52,401] {dagbag.py:507} INFO - Filling up the DagBag from /home/gustavo/Documents/etl_api_twitter/venv/lib/python3.9/site-packages/airflow/example_dags/example_dag_decorator.py
[2023-01-04 08:21:52,427] {processor.py:651} INFO - DAG(s) dict_keys(['example_dag_decorator']) retrieved from /home/gustavo/Documents/etl_api_twitter/venv/lib/python3.9/site-packages/airflow/example_dags/example_dag_decorator.py
[2023-01-04 08:21:52,443] {logging_mixin.py:115} INFO - [2023-01-04 08:21:52,443] {dag.py:2379} INFO - Sync 1 DAGs
[2023-01-04 08:21:52,463] {logging_mixin.py:115} INFO - [2023-01-04 08:21:52,463] {dag.py:2927} INFO - Setting next_dagrun for example_dag_decorator to None, run_after=None
[2023-01-04 08:21:52,474] {processor.py:161} INFO - Processing /home/gustavo/Documents/etl_api_twitter/venv/lib/python3.9/site-packages/airflow/example_dags/example_dag_decorator.py took 0.079 seconds
[2023-01-04 08:22:25,447] {processor.py:153} INFO - Started process (PID=7140) to work on /home/gustavo/Documents/etl_api_twitter/venv/lib/python3.9/site-packages/airflow/example_dags/example_dag_decorator.py
[2023-01-04 08:22:25,449] {processor.py:641} INFO - Processing file /home/gustavo/Documents/etl_api_twitter/venv/lib/python3.9/site-packages/airflow/example_dags/example_dag_decorator.py for tasks to queue
[2023-01-04 08:22:25,450] {logging_mixin.py:115} INFO - [2023-01-04 08:22:25,450] {dagbag.py:507} INFO - Filling up the DagBag from /home/gustavo/Documents/etl_api_twitter/venv/lib/python3.9/site-packages/airflow/example_dags/example_dag_decorator.py
[2023-01-04 08:22:25,496] {processor.py:651} INFO - DAG(s) dict_keys(['example_dag_decorator']) retrieved from /home/gustavo/Documents/etl_api_twitter/venv/lib/python3.9/site-packages/airflow/example_dags/example_dag_decorator.py
[2023-01-04 08:22:25,524] {logging_mixin.py:115} INFO - [2023-01-04 08:22:25,523] {dag.py:2379} INFO - Sync 1 DAGs
[2023-01-04 08:22:25,543] {logging_mixin.py:115} INFO - [2023-01-04 08:22:25,543] {dag.py:2927} INFO - Setting next_dagrun for example_dag_decorator to None, run_after=None
[2023-01-04 08:22:25,553] {processor.py:161} INFO - Processing /home/gustavo/Documents/etl_api_twitter/venv/lib/python3.9/site-packages/airflow/example_dags/example_dag_decorator.py took 0.113 seconds
[2023-01-04 08:22:58,205] {processor.py:153} INFO - Started process (PID=7352) to work on /home/gustavo/Documents/etl_api_twitter/venv/lib/python3.9/site-packages/airflow/example_dags/example_dag_decorator.py
[2023-01-04 08:22:58,206] {processor.py:641} INFO - Processing file /home/gustavo/Documents/etl_api_twitter/venv/lib/python3.9/site-packages/airflow/example_dags/example_dag_decorator.py for tasks to queue
[2023-01-04 08:22:58,206] {logging_mixin.py:115} INFO - [2023-01-04 08:22:58,206] {dagbag.py:507} INFO - Filling up the DagBag from /home/gustavo/Documents/etl_api_twitter/venv/lib/python3.9/site-packages/airflow/example_dags/example_dag_decorator.py
[2023-01-04 08:22:58,231] {processor.py:651} INFO - DAG(s) dict_keys(['example_dag_decorator']) retrieved from /home/gustavo/Documents/etl_api_twitter/venv/lib/python3.9/site-packages/airflow/example_dags/example_dag_decorator.py
[2023-01-04 08:22:58,249] {logging_mixin.py:115} INFO - [2023-01-04 08:22:58,249] {dag.py:2379} INFO - Sync 1 DAGs
[2023-01-04 08:22:58,266] {logging_mixin.py:115} INFO - [2023-01-04 08:22:58,266] {dag.py:2927} INFO - Setting next_dagrun for example_dag_decorator to None, run_after=None
[2023-01-04 08:22:58,275] {processor.py:161} INFO - Processing /home/gustavo/Documents/etl_api_twitter/venv/lib/python3.9/site-packages/airflow/example_dags/example_dag_decorator.py took 0.075 seconds
[2023-01-04 08:23:34,115] {processor.py:153} INFO - Started process (PID=7562) to work on /home/gustavo/Documents/etl_api_twitter/venv/lib/python3.9/site-packages/airflow/example_dags/example_dag_decorator.py
[2023-01-04 08:23:34,116] {processor.py:641} INFO - Processing file /home/gustavo/Documents/etl_api_twitter/venv/lib/python3.9/site-packages/airflow/example_dags/example_dag_decorator.py for tasks to queue
[2023-01-04 08:23:34,116] {logging_mixin.py:115} INFO - [2023-01-04 08:23:34,116] {dagbag.py:507} INFO - Filling up the DagBag from /home/gustavo/Documents/etl_api_twitter/venv/lib/python3.9/site-packages/airflow/example_dags/example_dag_decorator.py
[2023-01-04 08:23:34,151] {processor.py:651} INFO - DAG(s) dict_keys(['example_dag_decorator']) retrieved from /home/gustavo/Documents/etl_api_twitter/venv/lib/python3.9/site-packages/airflow/example_dags/example_dag_decorator.py
[2023-01-04 08:23:34,213] {logging_mixin.py:115} INFO - [2023-01-04 08:23:34,213] {dag.py:2379} INFO - Sync 1 DAGs
[2023-01-04 08:23:34,233] {logging_mixin.py:115} INFO - [2023-01-04 08:23:34,233] {dag.py:2927} INFO - Setting next_dagrun for example_dag_decorator to None, run_after=None
[2023-01-04 08:23:34,255] {processor.py:161} INFO - Processing /home/gustavo/Documents/etl_api_twitter/venv/lib/python3.9/site-packages/airflow/example_dags/example_dag_decorator.py took 0.144 seconds
[2023-01-04 08:24:07,558] {processor.py:153} INFO - Started process (PID=7740) to work on /home/gustavo/Documents/etl_api_twitter/venv/lib/python3.9/site-packages/airflow/example_dags/example_dag_decorator.py
[2023-01-04 08:24:07,559] {processor.py:641} INFO - Processing file /home/gustavo/Documents/etl_api_twitter/venv/lib/python3.9/site-packages/airflow/example_dags/example_dag_decorator.py for tasks to queue
[2023-01-04 08:24:07,559] {logging_mixin.py:115} INFO - [2023-01-04 08:24:07,559] {dagbag.py:507} INFO - Filling up the DagBag from /home/gustavo/Documents/etl_api_twitter/venv/lib/python3.9/site-packages/airflow/example_dags/example_dag_decorator.py
[2023-01-04 08:24:07,593] {processor.py:651} INFO - DAG(s) dict_keys(['example_dag_decorator']) retrieved from /home/gustavo/Documents/etl_api_twitter/venv/lib/python3.9/site-packages/airflow/example_dags/example_dag_decorator.py
[2023-01-04 08:24:07,669] {logging_mixin.py:115} INFO - [2023-01-04 08:24:07,668] {dag.py:2379} INFO - Sync 1 DAGs
[2023-01-04 08:24:07,723] {logging_mixin.py:115} INFO - [2023-01-04 08:24:07,723] {dag.py:2927} INFO - Setting next_dagrun for example_dag_decorator to None, run_after=None
[2023-01-04 08:24:07,743] {processor.py:161} INFO - Processing /home/gustavo/Documents/etl_api_twitter/venv/lib/python3.9/site-packages/airflow/example_dags/example_dag_decorator.py took 0.189 seconds
[2023-01-04 08:24:46,446] {processor.py:153} INFO - Started process (PID=7971) to work on /home/gustavo/Documents/etl_api_twitter/venv/lib/python3.9/site-packages/airflow/example_dags/example_dag_decorator.py
[2023-01-04 08:24:46,447] {processor.py:641} INFO - Processing file /home/gustavo/Documents/etl_api_twitter/venv/lib/python3.9/site-packages/airflow/example_dags/example_dag_decorator.py for tasks to queue
[2023-01-04 08:24:46,448] {logging_mixin.py:115} INFO - [2023-01-04 08:24:46,448] {dagbag.py:507} INFO - Filling up the DagBag from /home/gustavo/Documents/etl_api_twitter/venv/lib/python3.9/site-packages/airflow/example_dags/example_dag_decorator.py
[2023-01-04 08:24:46,484] {processor.py:651} INFO - DAG(s) dict_keys(['example_dag_decorator']) retrieved from /home/gustavo/Documents/etl_api_twitter/venv/lib/python3.9/site-packages/airflow/example_dags/example_dag_decorator.py
[2023-01-04 08:24:46,504] {logging_mixin.py:115} INFO - [2023-01-04 08:24:46,504] {dag.py:2379} INFO - Sync 1 DAGs
[2023-01-04 08:24:46,525] {logging_mixin.py:115} INFO - [2023-01-04 08:24:46,525] {dag.py:2927} INFO - Setting next_dagrun for example_dag_decorator to None, run_after=None
[2023-01-04 08:24:46,535] {processor.py:161} INFO - Processing /home/gustavo/Documents/etl_api_twitter/venv/lib/python3.9/site-packages/airflow/example_dags/example_dag_decorator.py took 0.093 seconds
[2023-01-04 08:25:17,398] {processor.py:153} INFO - Started process (PID=8150) to work on /home/gustavo/Documents/etl_api_twitter/venv/lib/python3.9/site-packages/airflow/example_dags/example_dag_decorator.py
[2023-01-04 08:25:17,400] {processor.py:641} INFO - Processing file /home/gustavo/Documents/etl_api_twitter/venv/lib/python3.9/site-packages/airflow/example_dags/example_dag_decorator.py for tasks to queue
[2023-01-04 08:25:17,401] {logging_mixin.py:115} INFO - [2023-01-04 08:25:17,401] {dagbag.py:507} INFO - Filling up the DagBag from /home/gustavo/Documents/etl_api_twitter/venv/lib/python3.9/site-packages/airflow/example_dags/example_dag_decorator.py
[2023-01-04 08:25:17,430] {processor.py:651} INFO - DAG(s) dict_keys(['example_dag_decorator']) retrieved from /home/gustavo/Documents/etl_api_twitter/venv/lib/python3.9/site-packages/airflow/example_dags/example_dag_decorator.py
[2023-01-04 08:25:17,507] {logging_mixin.py:115} INFO - [2023-01-04 08:25:17,506] {dag.py:2379} INFO - Sync 1 DAGs
[2023-01-04 08:25:17,534] {logging_mixin.py:115} INFO - [2023-01-04 08:25:17,534] {dag.py:2927} INFO - Setting next_dagrun for example_dag_decorator to None, run_after=None
[2023-01-04 08:25:17,557] {processor.py:161} INFO - Processing /home/gustavo/Documents/etl_api_twitter/venv/lib/python3.9/site-packages/airflow/example_dags/example_dag_decorator.py took 0.165 seconds
[2023-01-04 08:25:52,248] {processor.py:153} INFO - Started process (PID=8407) to work on /home/gustavo/Documents/etl_api_twitter/venv/lib/python3.9/site-packages/airflow/example_dags/example_dag_decorator.py
[2023-01-04 08:25:52,249] {processor.py:641} INFO - Processing file /home/gustavo/Documents/etl_api_twitter/venv/lib/python3.9/site-packages/airflow/example_dags/example_dag_decorator.py for tasks to queue
[2023-01-04 08:25:52,250] {logging_mixin.py:115} INFO - [2023-01-04 08:25:52,250] {dagbag.py:507} INFO - Filling up the DagBag from /home/gustavo/Documents/etl_api_twitter/venv/lib/python3.9/site-packages/airflow/example_dags/example_dag_decorator.py
[2023-01-04 08:25:52,296] {processor.py:651} INFO - DAG(s) dict_keys(['example_dag_decorator']) retrieved from /home/gustavo/Documents/etl_api_twitter/venv/lib/python3.9/site-packages/airflow/example_dags/example_dag_decorator.py
[2023-01-04 08:25:52,336] {logging_mixin.py:115} INFO - [2023-01-04 08:25:52,335] {dag.py:2379} INFO - Sync 1 DAGs
[2023-01-04 08:25:52,353] {logging_mixin.py:115} INFO - [2023-01-04 08:25:52,353] {dag.py:2927} INFO - Setting next_dagrun for example_dag_decorator to None, run_after=None
[2023-01-04 08:25:52,367] {processor.py:161} INFO - Processing /home/gustavo/Documents/etl_api_twitter/venv/lib/python3.9/site-packages/airflow/example_dags/example_dag_decorator.py took 0.127 seconds
[2023-01-04 08:26:28,810] {processor.py:153} INFO - Started process (PID=8616) to work on /home/gustavo/Documents/etl_api_twitter/venv/lib/python3.9/site-packages/airflow/example_dags/example_dag_decorator.py
[2023-01-04 08:26:28,812] {processor.py:641} INFO - Processing file /home/gustavo/Documents/etl_api_twitter/venv/lib/python3.9/site-packages/airflow/example_dags/example_dag_decorator.py for tasks to queue
[2023-01-04 08:26:28,813] {logging_mixin.py:115} INFO - [2023-01-04 08:26:28,813] {dagbag.py:507} INFO - Filling up the DagBag from /home/gustavo/Documents/etl_api_twitter/venv/lib/python3.9/site-packages/airflow/example_dags/example_dag_decorator.py
[2023-01-04 08:26:28,837] {processor.py:651} INFO - DAG(s) dict_keys(['example_dag_decorator']) retrieved from /home/gustavo/Documents/etl_api_twitter/venv/lib/python3.9/site-packages/airflow/example_dags/example_dag_decorator.py
[2023-01-04 08:26:28,893] {logging_mixin.py:115} INFO - [2023-01-04 08:26:28,893] {dag.py:2379} INFO - Sync 1 DAGs
[2023-01-04 08:26:28,908] {logging_mixin.py:115} INFO - [2023-01-04 08:26:28,908] {dag.py:2927} INFO - Setting next_dagrun for example_dag_decorator to None, run_after=None
[2023-01-04 08:26:28,926] {processor.py:161} INFO - Processing /home/gustavo/Documents/etl_api_twitter/venv/lib/python3.9/site-packages/airflow/example_dags/example_dag_decorator.py took 0.121 seconds
[2023-01-04 08:27:04,875] {processor.py:153} INFO - Started process (PID=8824) to work on /home/gustavo/Documents/etl_api_twitter/venv/lib/python3.9/site-packages/airflow/example_dags/example_dag_decorator.py
[2023-01-04 08:27:04,877] {processor.py:641} INFO - Processing file /home/gustavo/Documents/etl_api_twitter/venv/lib/python3.9/site-packages/airflow/example_dags/example_dag_decorator.py for tasks to queue
[2023-01-04 08:27:04,878] {logging_mixin.py:115} INFO - [2023-01-04 08:27:04,878] {dagbag.py:507} INFO - Filling up the DagBag from /home/gustavo/Documents/etl_api_twitter/venv/lib/python3.9/site-packages/airflow/example_dags/example_dag_decorator.py
[2023-01-04 08:27:04,919] {processor.py:651} INFO - DAG(s) dict_keys(['example_dag_decorator']) retrieved from /home/gustavo/Documents/etl_api_twitter/venv/lib/python3.9/site-packages/airflow/example_dags/example_dag_decorator.py
[2023-01-04 08:27:04,975] {logging_mixin.py:115} INFO - [2023-01-04 08:27:04,975] {dag.py:2379} INFO - Sync 1 DAGs
[2023-01-04 08:27:04,986] {logging_mixin.py:115} INFO - [2023-01-04 08:27:04,986] {dag.py:2927} INFO - Setting next_dagrun for example_dag_decorator to None, run_after=None
[2023-01-04 08:27:05,004] {processor.py:161} INFO - Processing /home/gustavo/Documents/etl_api_twitter/venv/lib/python3.9/site-packages/airflow/example_dags/example_dag_decorator.py took 0.134 seconds
[2023-01-04 08:27:41,253] {processor.py:153} INFO - Started process (PID=9038) to work on /home/gustavo/Documents/etl_api_twitter/venv/lib/python3.9/site-packages/airflow/example_dags/example_dag_decorator.py
[2023-01-04 08:27:41,253] {processor.py:641} INFO - Processing file /home/gustavo/Documents/etl_api_twitter/venv/lib/python3.9/site-packages/airflow/example_dags/example_dag_decorator.py for tasks to queue
[2023-01-04 08:27:41,254] {logging_mixin.py:115} INFO - [2023-01-04 08:27:41,254] {dagbag.py:507} INFO - Filling up the DagBag from /home/gustavo/Documents/etl_api_twitter/venv/lib/python3.9/site-packages/airflow/example_dags/example_dag_decorator.py
[2023-01-04 08:27:41,274] {processor.py:651} INFO - DAG(s) dict_keys(['example_dag_decorator']) retrieved from /home/gustavo/Documents/etl_api_twitter/venv/lib/python3.9/site-packages/airflow/example_dags/example_dag_decorator.py
[2023-01-04 08:27:41,309] {logging_mixin.py:115} INFO - [2023-01-04 08:27:41,309] {dag.py:2379} INFO - Sync 1 DAGs
[2023-01-04 08:27:41,331] {logging_mixin.py:115} INFO - [2023-01-04 08:27:41,331] {dag.py:2927} INFO - Setting next_dagrun for example_dag_decorator to None, run_after=None
[2023-01-04 08:27:41,352] {processor.py:161} INFO - Processing /home/gustavo/Documents/etl_api_twitter/venv/lib/python3.9/site-packages/airflow/example_dags/example_dag_decorator.py took 0.102 seconds
