[2023-01-04 08:01:12,530] {processor.py:153} INFO - Started process (PID=28348) to work on /home/gustavo/Documents/etl_api_twitter/venv/lib/python3.9/site-packages/airflow/example_dags/example_bash_operator.py
[2023-01-04 08:01:12,531] {processor.py:641} INFO - Processing file /home/gustavo/Documents/etl_api_twitter/venv/lib/python3.9/site-packages/airflow/example_dags/example_bash_operator.py for tasks to queue
[2023-01-04 08:01:12,536] {logging_mixin.py:115} INFO - [2023-01-04 08:01:12,536] {dagbag.py:507} INFO - Filling up the DagBag from /home/gustavo/Documents/etl_api_twitter/venv/lib/python3.9/site-packages/airflow/example_dags/example_bash_operator.py
[2023-01-04 08:01:12,596] {processor.py:651} INFO - DAG(s) dict_keys(['example_bash_operator']) retrieved from /home/gustavo/Documents/etl_api_twitter/venv/lib/python3.9/site-packages/airflow/example_dags/example_bash_operator.py
[2023-01-04 08:01:12,689] {logging_mixin.py:115} INFO - [2023-01-04 08:01:12,688] {manager.py:508} INFO - Created Permission View: can edit on DAG:example_bash_operator
[2023-01-04 08:01:12,703] {logging_mixin.py:115} INFO - [2023-01-04 08:01:12,703] {manager.py:508} INFO - Created Permission View: can read on DAG:example_bash_operator
[2023-01-04 08:01:12,727] {logging_mixin.py:115} INFO - [2023-01-04 08:01:12,727] {manager.py:508} INFO - Created Permission View: can delete on DAG:example_bash_operator
[2023-01-04 08:01:12,728] {logging_mixin.py:115} INFO - [2023-01-04 08:01:12,728] {dag.py:2379} INFO - Sync 1 DAGs
[2023-01-04 08:01:12,736] {logging_mixin.py:115} INFO - [2023-01-04 08:01:12,736] {dag.py:2398} INFO - Creating ORM DAG for example_bash_operator
[2023-01-04 08:01:12,759] {logging_mixin.py:115} INFO - [2023-01-04 08:01:12,758] {dag.py:2927} INFO - Setting next_dagrun for example_bash_operator to 2023-01-03T00:00:00+00:00, run_after=2023-01-04T00:00:00+00:00
[2023-01-04 08:01:12,792] {processor.py:161} INFO - Processing /home/gustavo/Documents/etl_api_twitter/venv/lib/python3.9/site-packages/airflow/example_dags/example_bash_operator.py took 0.268 seconds
[2023-01-04 08:01:50,952] {processor.py:153} INFO - Started process (PID=28574) to work on /home/gustavo/Documents/etl_api_twitter/venv/lib/python3.9/site-packages/airflow/example_dags/example_bash_operator.py
[2023-01-04 08:01:50,953] {processor.py:641} INFO - Processing file /home/gustavo/Documents/etl_api_twitter/venv/lib/python3.9/site-packages/airflow/example_dags/example_bash_operator.py for tasks to queue
[2023-01-04 08:01:50,954] {logging_mixin.py:115} INFO - [2023-01-04 08:01:50,954] {dagbag.py:507} INFO - Filling up the DagBag from /home/gustavo/Documents/etl_api_twitter/venv/lib/python3.9/site-packages/airflow/example_dags/example_bash_operator.py
[2023-01-04 08:01:50,984] {processor.py:651} INFO - DAG(s) dict_keys(['example_bash_operator']) retrieved from /home/gustavo/Documents/etl_api_twitter/venv/lib/python3.9/site-packages/airflow/example_dags/example_bash_operator.py
[2023-01-04 08:01:51,035] {logging_mixin.py:115} INFO - [2023-01-04 08:01:51,035] {dag.py:2379} INFO - Sync 1 DAGs
[2023-01-04 08:01:51,058] {logging_mixin.py:115} INFO - [2023-01-04 08:01:51,058] {dag.py:2927} INFO - Setting next_dagrun for example_bash_operator to 2023-01-03T00:00:00+00:00, run_after=2023-01-04T00:00:00+00:00
[2023-01-04 08:01:51,079] {processor.py:161} INFO - Processing /home/gustavo/Documents/etl_api_twitter/venv/lib/python3.9/site-packages/airflow/example_dags/example_bash_operator.py took 0.142 seconds
[2023-01-04 08:11:03,017] {processor.py:153} INFO - Started process (PID=3765) to work on /home/gustavo/Documents/etl_api_twitter/venv/lib/python3.9/site-packages/airflow/example_dags/example_bash_operator.py
[2023-01-04 08:11:03,021] {processor.py:641} INFO - Processing file /home/gustavo/Documents/etl_api_twitter/venv/lib/python3.9/site-packages/airflow/example_dags/example_bash_operator.py for tasks to queue
[2023-01-04 08:11:03,022] {logging_mixin.py:115} INFO - [2023-01-04 08:11:03,022] {dagbag.py:507} INFO - Filling up the DagBag from /home/gustavo/Documents/etl_api_twitter/venv/lib/python3.9/site-packages/airflow/example_dags/example_bash_operator.py
[2023-01-04 08:11:03,050] {processor.py:651} INFO - DAG(s) dict_keys(['example_bash_operator']) retrieved from /home/gustavo/Documents/etl_api_twitter/venv/lib/python3.9/site-packages/airflow/example_dags/example_bash_operator.py
[2023-01-04 08:11:03,068] {logging_mixin.py:115} INFO - [2023-01-04 08:11:03,068] {dag.py:2379} INFO - Sync 1 DAGs
[2023-01-04 08:11:03,106] {logging_mixin.py:115} INFO - [2023-01-04 08:11:03,106] {dag.py:2927} INFO - Setting next_dagrun for example_bash_operator to 2023-01-03T00:00:00+00:00, run_after=2023-01-04T00:00:00+00:00
[2023-01-04 08:11:03,130] {processor.py:161} INFO - Processing /home/gustavo/Documents/etl_api_twitter/venv/lib/python3.9/site-packages/airflow/example_dags/example_bash_operator.py took 0.122 seconds
[2023-01-04 08:11:38,030] {processor.py:153} INFO - Started process (PID=3998) to work on /home/gustavo/Documents/etl_api_twitter/venv/lib/python3.9/site-packages/airflow/example_dags/example_bash_operator.py
[2023-01-04 08:11:38,030] {processor.py:641} INFO - Processing file /home/gustavo/Documents/etl_api_twitter/venv/lib/python3.9/site-packages/airflow/example_dags/example_bash_operator.py for tasks to queue
[2023-01-04 08:11:38,030] {logging_mixin.py:115} INFO - [2023-01-04 08:11:38,030] {dagbag.py:507} INFO - Filling up the DagBag from /home/gustavo/Documents/etl_api_twitter/venv/lib/python3.9/site-packages/airflow/example_dags/example_bash_operator.py
[2023-01-04 08:11:38,039] {processor.py:651} INFO - DAG(s) dict_keys(['example_bash_operator']) retrieved from /home/gustavo/Documents/etl_api_twitter/venv/lib/python3.9/site-packages/airflow/example_dags/example_bash_operator.py
[2023-01-04 08:11:38,056] {logging_mixin.py:115} INFO - [2023-01-04 08:11:38,056] {dag.py:2379} INFO - Sync 1 DAGs
[2023-01-04 08:11:38,077] {logging_mixin.py:115} INFO - [2023-01-04 08:11:38,077] {dag.py:2927} INFO - Setting next_dagrun for example_bash_operator to 2023-01-03T00:00:00+00:00, run_after=2023-01-04T00:00:00+00:00
[2023-01-04 08:11:38,087] {processor.py:161} INFO - Processing /home/gustavo/Documents/etl_api_twitter/venv/lib/python3.9/site-packages/airflow/example_dags/example_bash_operator.py took 0.059 seconds
[2023-01-04 08:12:11,682] {processor.py:153} INFO - Started process (PID=4150) to work on /home/gustavo/Documents/etl_api_twitter/venv/lib/python3.9/site-packages/airflow/example_dags/example_bash_operator.py
[2023-01-04 08:12:11,683] {processor.py:641} INFO - Processing file /home/gustavo/Documents/etl_api_twitter/venv/lib/python3.9/site-packages/airflow/example_dags/example_bash_operator.py for tasks to queue
[2023-01-04 08:12:11,684] {logging_mixin.py:115} INFO - [2023-01-04 08:12:11,684] {dagbag.py:507} INFO - Filling up the DagBag from /home/gustavo/Documents/etl_api_twitter/venv/lib/python3.9/site-packages/airflow/example_dags/example_bash_operator.py
[2023-01-04 08:12:11,693] {processor.py:651} INFO - DAG(s) dict_keys(['example_bash_operator']) retrieved from /home/gustavo/Documents/etl_api_twitter/venv/lib/python3.9/site-packages/airflow/example_dags/example_bash_operator.py
[2023-01-04 08:12:11,708] {logging_mixin.py:115} INFO - [2023-01-04 08:12:11,708] {dag.py:2379} INFO - Sync 1 DAGs
[2023-01-04 08:12:11,724] {logging_mixin.py:115} INFO - [2023-01-04 08:12:11,724] {dag.py:2927} INFO - Setting next_dagrun for example_bash_operator to 2023-01-03T00:00:00+00:00, run_after=2023-01-04T00:00:00+00:00
[2023-01-04 08:12:11,742] {processor.py:161} INFO - Processing /home/gustavo/Documents/etl_api_twitter/venv/lib/python3.9/site-packages/airflow/example_dags/example_bash_operator.py took 0.063 seconds
[2023-01-04 08:12:44,874] {processor.py:153} INFO - Started process (PID=4190) to work on /home/gustavo/Documents/etl_api_twitter/venv/lib/python3.9/site-packages/airflow/example_dags/example_bash_operator.py
[2023-01-04 08:12:44,875] {processor.py:641} INFO - Processing file /home/gustavo/Documents/etl_api_twitter/venv/lib/python3.9/site-packages/airflow/example_dags/example_bash_operator.py for tasks to queue
[2023-01-04 08:12:44,875] {logging_mixin.py:115} INFO - [2023-01-04 08:12:44,875] {dagbag.py:507} INFO - Filling up the DagBag from /home/gustavo/Documents/etl_api_twitter/venv/lib/python3.9/site-packages/airflow/example_dags/example_bash_operator.py
[2023-01-04 08:12:44,893] {processor.py:651} INFO - DAG(s) dict_keys(['example_bash_operator']) retrieved from /home/gustavo/Documents/etl_api_twitter/venv/lib/python3.9/site-packages/airflow/example_dags/example_bash_operator.py
[2023-01-04 08:12:44,910] {logging_mixin.py:115} INFO - [2023-01-04 08:12:44,910] {dag.py:2379} INFO - Sync 1 DAGs
[2023-01-04 08:12:44,923] {logging_mixin.py:115} INFO - [2023-01-04 08:12:44,923] {dag.py:2927} INFO - Setting next_dagrun for example_bash_operator to 2023-01-03T00:00:00+00:00, run_after=2023-01-04T00:00:00+00:00
[2023-01-04 08:12:44,938] {processor.py:161} INFO - Processing /home/gustavo/Documents/etl_api_twitter/venv/lib/python3.9/site-packages/airflow/example_dags/example_bash_operator.py took 0.067 seconds
[2023-01-04 08:13:21,107] {processor.py:153} INFO - Started process (PID=4229) to work on /home/gustavo/Documents/etl_api_twitter/venv/lib/python3.9/site-packages/airflow/example_dags/example_bash_operator.py
[2023-01-04 08:13:21,108] {processor.py:641} INFO - Processing file /home/gustavo/Documents/etl_api_twitter/venv/lib/python3.9/site-packages/airflow/example_dags/example_bash_operator.py for tasks to queue
[2023-01-04 08:13:21,109] {logging_mixin.py:115} INFO - [2023-01-04 08:13:21,109] {dagbag.py:507} INFO - Filling up the DagBag from /home/gustavo/Documents/etl_api_twitter/venv/lib/python3.9/site-packages/airflow/example_dags/example_bash_operator.py
[2023-01-04 08:13:21,125] {processor.py:651} INFO - DAG(s) dict_keys(['example_bash_operator']) retrieved from /home/gustavo/Documents/etl_api_twitter/venv/lib/python3.9/site-packages/airflow/example_dags/example_bash_operator.py
[2023-01-04 08:13:21,143] {logging_mixin.py:115} INFO - [2023-01-04 08:13:21,143] {dag.py:2379} INFO - Sync 1 DAGs
[2023-01-04 08:13:21,170] {logging_mixin.py:115} INFO - [2023-01-04 08:13:21,170] {dag.py:2927} INFO - Setting next_dagrun for example_bash_operator to 2023-01-03T00:00:00+00:00, run_after=2023-01-04T00:00:00+00:00
[2023-01-04 08:13:21,181] {processor.py:161} INFO - Processing /home/gustavo/Documents/etl_api_twitter/venv/lib/python3.9/site-packages/airflow/example_dags/example_bash_operator.py took 0.077 seconds
[2023-01-04 08:13:55,849] {processor.py:153} INFO - Started process (PID=4266) to work on /home/gustavo/Documents/etl_api_twitter/venv/lib/python3.9/site-packages/airflow/example_dags/example_bash_operator.py
[2023-01-04 08:13:55,850] {processor.py:641} INFO - Processing file /home/gustavo/Documents/etl_api_twitter/venv/lib/python3.9/site-packages/airflow/example_dags/example_bash_operator.py for tasks to queue
[2023-01-04 08:13:55,851] {logging_mixin.py:115} INFO - [2023-01-04 08:13:55,851] {dagbag.py:507} INFO - Filling up the DagBag from /home/gustavo/Documents/etl_api_twitter/venv/lib/python3.9/site-packages/airflow/example_dags/example_bash_operator.py
[2023-01-04 08:13:55,863] {processor.py:651} INFO - DAG(s) dict_keys(['example_bash_operator']) retrieved from /home/gustavo/Documents/etl_api_twitter/venv/lib/python3.9/site-packages/airflow/example_dags/example_bash_operator.py
[2023-01-04 08:13:55,877] {logging_mixin.py:115} INFO - [2023-01-04 08:13:55,877] {dag.py:2379} INFO - Sync 1 DAGs
[2023-01-04 08:13:55,890] {logging_mixin.py:115} INFO - [2023-01-04 08:13:55,890] {dag.py:2927} INFO - Setting next_dagrun for example_bash_operator to 2023-01-03T00:00:00+00:00, run_after=2023-01-04T00:00:00+00:00
[2023-01-04 08:13:55,900] {processor.py:161} INFO - Processing /home/gustavo/Documents/etl_api_twitter/venv/lib/python3.9/site-packages/airflow/example_dags/example_bash_operator.py took 0.053 seconds
[2023-01-04 08:14:31,079] {processor.py:153} INFO - Started process (PID=4414) to work on /home/gustavo/Documents/etl_api_twitter/venv/lib/python3.9/site-packages/airflow/example_dags/example_bash_operator.py
[2023-01-04 08:14:31,081] {processor.py:641} INFO - Processing file /home/gustavo/Documents/etl_api_twitter/venv/lib/python3.9/site-packages/airflow/example_dags/example_bash_operator.py for tasks to queue
[2023-01-04 08:14:31,082] {logging_mixin.py:115} INFO - [2023-01-04 08:14:31,082] {dagbag.py:507} INFO - Filling up the DagBag from /home/gustavo/Documents/etl_api_twitter/venv/lib/python3.9/site-packages/airflow/example_dags/example_bash_operator.py
[2023-01-04 08:14:31,104] {processor.py:651} INFO - DAG(s) dict_keys(['example_bash_operator']) retrieved from /home/gustavo/Documents/etl_api_twitter/venv/lib/python3.9/site-packages/airflow/example_dags/example_bash_operator.py
[2023-01-04 08:14:31,138] {logging_mixin.py:115} INFO - [2023-01-04 08:14:31,138] {dag.py:2379} INFO - Sync 1 DAGs
[2023-01-04 08:14:31,165] {logging_mixin.py:115} INFO - [2023-01-04 08:14:31,165] {dag.py:2927} INFO - Setting next_dagrun for example_bash_operator to 2023-01-03T00:00:00+00:00, run_after=2023-01-04T00:00:00+00:00
[2023-01-04 08:14:31,176] {processor.py:161} INFO - Processing /home/gustavo/Documents/etl_api_twitter/venv/lib/python3.9/site-packages/airflow/example_dags/example_bash_operator.py took 0.102 seconds
[2023-01-04 08:15:05,793] {processor.py:153} INFO - Started process (PID=4475) to work on /home/gustavo/Documents/etl_api_twitter/venv/lib/python3.9/site-packages/airflow/example_dags/example_bash_operator.py
[2023-01-04 08:15:05,794] {processor.py:641} INFO - Processing file /home/gustavo/Documents/etl_api_twitter/venv/lib/python3.9/site-packages/airflow/example_dags/example_bash_operator.py for tasks to queue
[2023-01-04 08:15:05,795] {logging_mixin.py:115} INFO - [2023-01-04 08:15:05,795] {dagbag.py:507} INFO - Filling up the DagBag from /home/gustavo/Documents/etl_api_twitter/venv/lib/python3.9/site-packages/airflow/example_dags/example_bash_operator.py
[2023-01-04 08:15:05,808] {processor.py:651} INFO - DAG(s) dict_keys(['example_bash_operator']) retrieved from /home/gustavo/Documents/etl_api_twitter/venv/lib/python3.9/site-packages/airflow/example_dags/example_bash_operator.py
[2023-01-04 08:15:05,826] {logging_mixin.py:115} INFO - [2023-01-04 08:15:05,826] {dag.py:2379} INFO - Sync 1 DAGs
[2023-01-04 08:15:05,855] {logging_mixin.py:115} INFO - [2023-01-04 08:15:05,855] {dag.py:2927} INFO - Setting next_dagrun for example_bash_operator to 2023-01-03T00:00:00+00:00, run_after=2023-01-04T00:00:00+00:00
[2023-01-04 08:15:05,871] {processor.py:161} INFO - Processing /home/gustavo/Documents/etl_api_twitter/venv/lib/python3.9/site-packages/airflow/example_dags/example_bash_operator.py took 0.086 seconds
[2023-01-04 08:15:38,216] {processor.py:153} INFO - Started process (PID=4734) to work on /home/gustavo/Documents/etl_api_twitter/venv/lib/python3.9/site-packages/airflow/example_dags/example_bash_operator.py
[2023-01-04 08:15:38,218] {processor.py:641} INFO - Processing file /home/gustavo/Documents/etl_api_twitter/venv/lib/python3.9/site-packages/airflow/example_dags/example_bash_operator.py for tasks to queue
[2023-01-04 08:15:38,220] {logging_mixin.py:115} INFO - [2023-01-04 08:15:38,219] {dagbag.py:507} INFO - Filling up the DagBag from /home/gustavo/Documents/etl_api_twitter/venv/lib/python3.9/site-packages/airflow/example_dags/example_bash_operator.py
[2023-01-04 08:15:38,244] {processor.py:651} INFO - DAG(s) dict_keys(['example_bash_operator']) retrieved from /home/gustavo/Documents/etl_api_twitter/venv/lib/python3.9/site-packages/airflow/example_dags/example_bash_operator.py
[2023-01-04 08:15:38,284] {logging_mixin.py:115} INFO - [2023-01-04 08:15:38,283] {dag.py:2379} INFO - Sync 1 DAGs
[2023-01-04 08:15:38,316] {logging_mixin.py:115} INFO - [2023-01-04 08:15:38,316] {dag.py:2927} INFO - Setting next_dagrun for example_bash_operator to 2023-01-03T00:00:00+00:00, run_after=2023-01-04T00:00:00+00:00
[2023-01-04 08:15:38,328] {processor.py:161} INFO - Processing /home/gustavo/Documents/etl_api_twitter/venv/lib/python3.9/site-packages/airflow/example_dags/example_bash_operator.py took 0.119 seconds
[2023-01-04 08:16:11,498] {processor.py:153} INFO - Started process (PID=4925) to work on /home/gustavo/Documents/etl_api_twitter/venv/lib/python3.9/site-packages/airflow/example_dags/example_bash_operator.py
[2023-01-04 08:16:11,500] {processor.py:641} INFO - Processing file /home/gustavo/Documents/etl_api_twitter/venv/lib/python3.9/site-packages/airflow/example_dags/example_bash_operator.py for tasks to queue
[2023-01-04 08:16:11,501] {logging_mixin.py:115} INFO - [2023-01-04 08:16:11,501] {dagbag.py:507} INFO - Filling up the DagBag from /home/gustavo/Documents/etl_api_twitter/venv/lib/python3.9/site-packages/airflow/example_dags/example_bash_operator.py
[2023-01-04 08:16:11,525] {processor.py:651} INFO - DAG(s) dict_keys(['example_bash_operator']) retrieved from /home/gustavo/Documents/etl_api_twitter/venv/lib/python3.9/site-packages/airflow/example_dags/example_bash_operator.py
[2023-01-04 08:16:11,542] {logging_mixin.py:115} INFO - [2023-01-04 08:16:11,542] {dag.py:2379} INFO - Sync 1 DAGs
[2023-01-04 08:16:11,603] {logging_mixin.py:115} INFO - [2023-01-04 08:16:11,603] {dag.py:2927} INFO - Setting next_dagrun for example_bash_operator to 2023-01-03T00:00:00+00:00, run_after=2023-01-04T00:00:00+00:00
[2023-01-04 08:16:11,621] {processor.py:161} INFO - Processing /home/gustavo/Documents/etl_api_twitter/venv/lib/python3.9/site-packages/airflow/example_dags/example_bash_operator.py took 0.126 seconds
[2023-01-04 08:16:45,572] {processor.py:153} INFO - Started process (PID=5130) to work on /home/gustavo/Documents/etl_api_twitter/venv/lib/python3.9/site-packages/airflow/example_dags/example_bash_operator.py
[2023-01-04 08:16:45,572] {processor.py:641} INFO - Processing file /home/gustavo/Documents/etl_api_twitter/venv/lib/python3.9/site-packages/airflow/example_dags/example_bash_operator.py for tasks to queue
[2023-01-04 08:16:45,573] {logging_mixin.py:115} INFO - [2023-01-04 08:16:45,573] {dagbag.py:507} INFO - Filling up the DagBag from /home/gustavo/Documents/etl_api_twitter/venv/lib/python3.9/site-packages/airflow/example_dags/example_bash_operator.py
[2023-01-04 08:16:45,584] {processor.py:651} INFO - DAG(s) dict_keys(['example_bash_operator']) retrieved from /home/gustavo/Documents/etl_api_twitter/venv/lib/python3.9/site-packages/airflow/example_dags/example_bash_operator.py
[2023-01-04 08:16:45,599] {logging_mixin.py:115} INFO - [2023-01-04 08:16:45,599] {dag.py:2379} INFO - Sync 1 DAGs
[2023-01-04 08:16:45,616] {logging_mixin.py:115} INFO - [2023-01-04 08:16:45,616] {dag.py:2927} INFO - Setting next_dagrun for example_bash_operator to 2023-01-03T00:00:00+00:00, run_after=2023-01-04T00:00:00+00:00
[2023-01-04 08:16:45,626] {processor.py:161} INFO - Processing /home/gustavo/Documents/etl_api_twitter/venv/lib/python3.9/site-packages/airflow/example_dags/example_bash_operator.py took 0.058 seconds
[2023-01-04 08:17:21,332] {processor.py:153} INFO - Started process (PID=5337) to work on /home/gustavo/Documents/etl_api_twitter/venv/lib/python3.9/site-packages/airflow/example_dags/example_bash_operator.py
[2023-01-04 08:17:21,333] {processor.py:641} INFO - Processing file /home/gustavo/Documents/etl_api_twitter/venv/lib/python3.9/site-packages/airflow/example_dags/example_bash_operator.py for tasks to queue
[2023-01-04 08:17:21,334] {logging_mixin.py:115} INFO - [2023-01-04 08:17:21,334] {dagbag.py:507} INFO - Filling up the DagBag from /home/gustavo/Documents/etl_api_twitter/venv/lib/python3.9/site-packages/airflow/example_dags/example_bash_operator.py
[2023-01-04 08:17:21,344] {processor.py:651} INFO - DAG(s) dict_keys(['example_bash_operator']) retrieved from /home/gustavo/Documents/etl_api_twitter/venv/lib/python3.9/site-packages/airflow/example_dags/example_bash_operator.py
[2023-01-04 08:17:21,378] {logging_mixin.py:115} INFO - [2023-01-04 08:17:21,378] {dag.py:2379} INFO - Sync 1 DAGs
[2023-01-04 08:17:21,402] {logging_mixin.py:115} INFO - [2023-01-04 08:17:21,401] {dag.py:2927} INFO - Setting next_dagrun for example_bash_operator to 2023-01-03T00:00:00+00:00, run_after=2023-01-04T00:00:00+00:00
[2023-01-04 08:17:21,426] {processor.py:161} INFO - Processing /home/gustavo/Documents/etl_api_twitter/venv/lib/python3.9/site-packages/airflow/example_dags/example_bash_operator.py took 0.097 seconds
[2023-01-04 08:17:54,992] {processor.py:153} INFO - Started process (PID=5547) to work on /home/gustavo/Documents/etl_api_twitter/venv/lib/python3.9/site-packages/airflow/example_dags/example_bash_operator.py
[2023-01-04 08:17:54,993] {processor.py:641} INFO - Processing file /home/gustavo/Documents/etl_api_twitter/venv/lib/python3.9/site-packages/airflow/example_dags/example_bash_operator.py for tasks to queue
[2023-01-04 08:17:54,993] {logging_mixin.py:115} INFO - [2023-01-04 08:17:54,993] {dagbag.py:507} INFO - Filling up the DagBag from /home/gustavo/Documents/etl_api_twitter/venv/lib/python3.9/site-packages/airflow/example_dags/example_bash_operator.py
[2023-01-04 08:17:55,005] {processor.py:651} INFO - DAG(s) dict_keys(['example_bash_operator']) retrieved from /home/gustavo/Documents/etl_api_twitter/venv/lib/python3.9/site-packages/airflow/example_dags/example_bash_operator.py
[2023-01-04 08:17:55,024] {logging_mixin.py:115} INFO - [2023-01-04 08:17:55,024] {dag.py:2379} INFO - Sync 1 DAGs
[2023-01-04 08:17:55,044] {logging_mixin.py:115} INFO - [2023-01-04 08:17:55,044] {dag.py:2927} INFO - Setting next_dagrun for example_bash_operator to 2023-01-03T00:00:00+00:00, run_after=2023-01-04T00:00:00+00:00
[2023-01-04 08:17:55,053] {processor.py:161} INFO - Processing /home/gustavo/Documents/etl_api_twitter/venv/lib/python3.9/site-packages/airflow/example_dags/example_bash_operator.py took 0.064 seconds
[2023-01-04 08:18:31,264] {processor.py:153} INFO - Started process (PID=5758) to work on /home/gustavo/Documents/etl_api_twitter/venv/lib/python3.9/site-packages/airflow/example_dags/example_bash_operator.py
[2023-01-04 08:18:31,266] {processor.py:641} INFO - Processing file /home/gustavo/Documents/etl_api_twitter/venv/lib/python3.9/site-packages/airflow/example_dags/example_bash_operator.py for tasks to queue
[2023-01-04 08:18:31,267] {logging_mixin.py:115} INFO - [2023-01-04 08:18:31,267] {dagbag.py:507} INFO - Filling up the DagBag from /home/gustavo/Documents/etl_api_twitter/venv/lib/python3.9/site-packages/airflow/example_dags/example_bash_operator.py
[2023-01-04 08:18:31,296] {processor.py:651} INFO - DAG(s) dict_keys(['example_bash_operator']) retrieved from /home/gustavo/Documents/etl_api_twitter/venv/lib/python3.9/site-packages/airflow/example_dags/example_bash_operator.py
[2023-01-04 08:18:31,321] {logging_mixin.py:115} INFO - [2023-01-04 08:18:31,321] {dag.py:2379} INFO - Sync 1 DAGs
[2023-01-04 08:18:31,348] {logging_mixin.py:115} INFO - [2023-01-04 08:18:31,347] {dag.py:2927} INFO - Setting next_dagrun for example_bash_operator to 2023-01-03T00:00:00+00:00, run_after=2023-01-04T00:00:00+00:00
[2023-01-04 08:18:31,366] {processor.py:161} INFO - Processing /home/gustavo/Documents/etl_api_twitter/venv/lib/python3.9/site-packages/airflow/example_dags/example_bash_operator.py took 0.109 seconds
[2023-01-04 08:19:06,403] {processor.py:153} INFO - Started process (PID=5937) to work on /home/gustavo/Documents/etl_api_twitter/venv/lib/python3.9/site-packages/airflow/example_dags/example_bash_operator.py
[2023-01-04 08:19:06,406] {processor.py:641} INFO - Processing file /home/gustavo/Documents/etl_api_twitter/venv/lib/python3.9/site-packages/airflow/example_dags/example_bash_operator.py for tasks to queue
[2023-01-04 08:19:06,407] {logging_mixin.py:115} INFO - [2023-01-04 08:19:06,407] {dagbag.py:507} INFO - Filling up the DagBag from /home/gustavo/Documents/etl_api_twitter/venv/lib/python3.9/site-packages/airflow/example_dags/example_bash_operator.py
[2023-01-04 08:19:06,427] {processor.py:651} INFO - DAG(s) dict_keys(['example_bash_operator']) retrieved from /home/gustavo/Documents/etl_api_twitter/venv/lib/python3.9/site-packages/airflow/example_dags/example_bash_operator.py
[2023-01-04 08:19:06,449] {logging_mixin.py:115} INFO - [2023-01-04 08:19:06,449] {dag.py:2379} INFO - Sync 1 DAGs
[2023-01-04 08:19:06,472] {logging_mixin.py:115} INFO - [2023-01-04 08:19:06,472] {dag.py:2927} INFO - Setting next_dagrun for example_bash_operator to 2023-01-03T00:00:00+00:00, run_after=2023-01-04T00:00:00+00:00
[2023-01-04 08:19:06,486] {processor.py:161} INFO - Processing /home/gustavo/Documents/etl_api_twitter/venv/lib/python3.9/site-packages/airflow/example_dags/example_bash_operator.py took 0.091 seconds
[2023-01-04 08:19:43,505] {processor.py:153} INFO - Started process (PID=6169) to work on /home/gustavo/Documents/etl_api_twitter/venv/lib/python3.9/site-packages/airflow/example_dags/example_bash_operator.py
[2023-01-04 08:19:43,507] {processor.py:641} INFO - Processing file /home/gustavo/Documents/etl_api_twitter/venv/lib/python3.9/site-packages/airflow/example_dags/example_bash_operator.py for tasks to queue
[2023-01-04 08:19:43,508] {logging_mixin.py:115} INFO - [2023-01-04 08:19:43,508] {dagbag.py:507} INFO - Filling up the DagBag from /home/gustavo/Documents/etl_api_twitter/venv/lib/python3.9/site-packages/airflow/example_dags/example_bash_operator.py
[2023-01-04 08:19:43,520] {processor.py:651} INFO - DAG(s) dict_keys(['example_bash_operator']) retrieved from /home/gustavo/Documents/etl_api_twitter/venv/lib/python3.9/site-packages/airflow/example_dags/example_bash_operator.py
[2023-01-04 08:19:43,545] {logging_mixin.py:115} INFO - [2023-01-04 08:19:43,545] {dag.py:2379} INFO - Sync 1 DAGs
[2023-01-04 08:19:43,579] {logging_mixin.py:115} INFO - [2023-01-04 08:19:43,579] {dag.py:2927} INFO - Setting next_dagrun for example_bash_operator to 2023-01-03T00:00:00+00:00, run_after=2023-01-04T00:00:00+00:00
[2023-01-04 08:19:43,603] {processor.py:161} INFO - Processing /home/gustavo/Documents/etl_api_twitter/venv/lib/python3.9/site-packages/airflow/example_dags/example_bash_operator.py took 0.102 seconds
[2023-01-04 08:20:17,616] {processor.py:153} INFO - Started process (PID=6352) to work on /home/gustavo/Documents/etl_api_twitter/venv/lib/python3.9/site-packages/airflow/example_dags/example_bash_operator.py
[2023-01-04 08:20:17,618] {processor.py:641} INFO - Processing file /home/gustavo/Documents/etl_api_twitter/venv/lib/python3.9/site-packages/airflow/example_dags/example_bash_operator.py for tasks to queue
[2023-01-04 08:20:17,619] {logging_mixin.py:115} INFO - [2023-01-04 08:20:17,619] {dagbag.py:507} INFO - Filling up the DagBag from /home/gustavo/Documents/etl_api_twitter/venv/lib/python3.9/site-packages/airflow/example_dags/example_bash_operator.py
[2023-01-04 08:20:17,634] {processor.py:651} INFO - DAG(s) dict_keys(['example_bash_operator']) retrieved from /home/gustavo/Documents/etl_api_twitter/venv/lib/python3.9/site-packages/airflow/example_dags/example_bash_operator.py
[2023-01-04 08:20:17,671] {logging_mixin.py:115} INFO - [2023-01-04 08:20:17,671] {dag.py:2379} INFO - Sync 1 DAGs
[2023-01-04 08:20:17,693] {logging_mixin.py:115} INFO - [2023-01-04 08:20:17,693] {dag.py:2927} INFO - Setting next_dagrun for example_bash_operator to 2023-01-03T00:00:00+00:00, run_after=2023-01-04T00:00:00+00:00
[2023-01-04 08:20:17,709] {processor.py:161} INFO - Processing /home/gustavo/Documents/etl_api_twitter/venv/lib/python3.9/site-packages/airflow/example_dags/example_bash_operator.py took 0.100 seconds
[2023-01-04 08:20:54,357] {processor.py:153} INFO - Started process (PID=6638) to work on /home/gustavo/Documents/etl_api_twitter/venv/lib/python3.9/site-packages/airflow/example_dags/example_bash_operator.py
[2023-01-04 08:20:54,358] {processor.py:641} INFO - Processing file /home/gustavo/Documents/etl_api_twitter/venv/lib/python3.9/site-packages/airflow/example_dags/example_bash_operator.py for tasks to queue
[2023-01-04 08:20:54,360] {logging_mixin.py:115} INFO - [2023-01-04 08:20:54,359] {dagbag.py:507} INFO - Filling up the DagBag from /home/gustavo/Documents/etl_api_twitter/venv/lib/python3.9/site-packages/airflow/example_dags/example_bash_operator.py
[2023-01-04 08:20:54,392] {processor.py:651} INFO - DAG(s) dict_keys(['example_bash_operator']) retrieved from /home/gustavo/Documents/etl_api_twitter/venv/lib/python3.9/site-packages/airflow/example_dags/example_bash_operator.py
[2023-01-04 08:20:54,427] {logging_mixin.py:115} INFO - [2023-01-04 08:20:54,427] {dag.py:2379} INFO - Sync 1 DAGs
[2023-01-04 08:20:54,461] {logging_mixin.py:115} INFO - [2023-01-04 08:20:54,461] {dag.py:2927} INFO - Setting next_dagrun for example_bash_operator to 2023-01-03T00:00:00+00:00, run_after=2023-01-04T00:00:00+00:00
[2023-01-04 08:20:54,479] {processor.py:161} INFO - Processing /home/gustavo/Documents/etl_api_twitter/venv/lib/python3.9/site-packages/airflow/example_dags/example_bash_operator.py took 0.131 seconds
[2023-01-04 08:21:27,821] {processor.py:153} INFO - Started process (PID=6816) to work on /home/gustavo/Documents/etl_api_twitter/venv/lib/python3.9/site-packages/airflow/example_dags/example_bash_operator.py
[2023-01-04 08:21:27,822] {processor.py:641} INFO - Processing file /home/gustavo/Documents/etl_api_twitter/venv/lib/python3.9/site-packages/airflow/example_dags/example_bash_operator.py for tasks to queue
[2023-01-04 08:21:27,824] {logging_mixin.py:115} INFO - [2023-01-04 08:21:27,824] {dagbag.py:507} INFO - Filling up the DagBag from /home/gustavo/Documents/etl_api_twitter/venv/lib/python3.9/site-packages/airflow/example_dags/example_bash_operator.py
[2023-01-04 08:21:27,847] {processor.py:651} INFO - DAG(s) dict_keys(['example_bash_operator']) retrieved from /home/gustavo/Documents/etl_api_twitter/venv/lib/python3.9/site-packages/airflow/example_dags/example_bash_operator.py
[2023-01-04 08:21:27,876] {logging_mixin.py:115} INFO - [2023-01-04 08:21:27,876] {dag.py:2379} INFO - Sync 1 DAGs
[2023-01-04 08:21:27,894] {logging_mixin.py:115} INFO - [2023-01-04 08:21:27,894] {dag.py:2927} INFO - Setting next_dagrun for example_bash_operator to 2023-01-03T00:00:00+00:00, run_after=2023-01-04T00:00:00+00:00
[2023-01-04 08:21:27,904] {processor.py:161} INFO - Processing /home/gustavo/Documents/etl_api_twitter/venv/lib/python3.9/site-packages/airflow/example_dags/example_bash_operator.py took 0.088 seconds
[2023-01-04 08:22:02,784] {processor.py:153} INFO - Started process (PID=7021) to work on /home/gustavo/Documents/etl_api_twitter/venv/lib/python3.9/site-packages/airflow/example_dags/example_bash_operator.py
[2023-01-04 08:22:02,785] {processor.py:641} INFO - Processing file /home/gustavo/Documents/etl_api_twitter/venv/lib/python3.9/site-packages/airflow/example_dags/example_bash_operator.py for tasks to queue
[2023-01-04 08:22:02,786] {logging_mixin.py:115} INFO - [2023-01-04 08:22:02,786] {dagbag.py:507} INFO - Filling up the DagBag from /home/gustavo/Documents/etl_api_twitter/venv/lib/python3.9/site-packages/airflow/example_dags/example_bash_operator.py
[2023-01-04 08:22:02,813] {processor.py:651} INFO - DAG(s) dict_keys(['example_bash_operator']) retrieved from /home/gustavo/Documents/etl_api_twitter/venv/lib/python3.9/site-packages/airflow/example_dags/example_bash_operator.py
[2023-01-04 08:22:02,840] {logging_mixin.py:115} INFO - [2023-01-04 08:22:02,840] {dag.py:2379} INFO - Sync 1 DAGs
[2023-01-04 08:22:02,862] {logging_mixin.py:115} INFO - [2023-01-04 08:22:02,861] {dag.py:2927} INFO - Setting next_dagrun for example_bash_operator to 2023-01-03T00:00:00+00:00, run_after=2023-01-04T00:00:00+00:00
[2023-01-04 08:22:02,872] {processor.py:161} INFO - Processing /home/gustavo/Documents/etl_api_twitter/venv/lib/python3.9/site-packages/airflow/example_dags/example_bash_operator.py took 0.095 seconds
[2023-01-04 08:22:38,948] {processor.py:153} INFO - Started process (PID=7234) to work on /home/gustavo/Documents/etl_api_twitter/venv/lib/python3.9/site-packages/airflow/example_dags/example_bash_operator.py
[2023-01-04 08:22:38,948] {processor.py:641} INFO - Processing file /home/gustavo/Documents/etl_api_twitter/venv/lib/python3.9/site-packages/airflow/example_dags/example_bash_operator.py for tasks to queue
[2023-01-04 08:22:38,949] {logging_mixin.py:115} INFO - [2023-01-04 08:22:38,949] {dagbag.py:507} INFO - Filling up the DagBag from /home/gustavo/Documents/etl_api_twitter/venv/lib/python3.9/site-packages/airflow/example_dags/example_bash_operator.py
[2023-01-04 08:22:38,960] {processor.py:651} INFO - DAG(s) dict_keys(['example_bash_operator']) retrieved from /home/gustavo/Documents/etl_api_twitter/venv/lib/python3.9/site-packages/airflow/example_dags/example_bash_operator.py
[2023-01-04 08:22:38,979] {logging_mixin.py:115} INFO - [2023-01-04 08:22:38,979] {dag.py:2379} INFO - Sync 1 DAGs
[2023-01-04 08:22:39,011] {logging_mixin.py:115} INFO - [2023-01-04 08:22:39,010] {dag.py:2927} INFO - Setting next_dagrun for example_bash_operator to 2023-01-03T00:00:00+00:00, run_after=2023-01-04T00:00:00+00:00
[2023-01-04 08:22:39,027] {processor.py:161} INFO - Processing /home/gustavo/Documents/etl_api_twitter/venv/lib/python3.9/site-packages/airflow/example_dags/example_bash_operator.py took 0.082 seconds
[2023-01-04 08:23:15,081] {processor.py:153} INFO - Started process (PID=7445) to work on /home/gustavo/Documents/etl_api_twitter/venv/lib/python3.9/site-packages/airflow/example_dags/example_bash_operator.py
[2023-01-04 08:23:15,082] {processor.py:641} INFO - Processing file /home/gustavo/Documents/etl_api_twitter/venv/lib/python3.9/site-packages/airflow/example_dags/example_bash_operator.py for tasks to queue
[2023-01-04 08:23:15,083] {logging_mixin.py:115} INFO - [2023-01-04 08:23:15,082] {dagbag.py:507} INFO - Filling up the DagBag from /home/gustavo/Documents/etl_api_twitter/venv/lib/python3.9/site-packages/airflow/example_dags/example_bash_operator.py
[2023-01-04 08:23:15,111] {processor.py:651} INFO - DAG(s) dict_keys(['example_bash_operator']) retrieved from /home/gustavo/Documents/etl_api_twitter/venv/lib/python3.9/site-packages/airflow/example_dags/example_bash_operator.py
[2023-01-04 08:23:15,144] {logging_mixin.py:115} INFO - [2023-01-04 08:23:15,143] {dag.py:2379} INFO - Sync 1 DAGs
[2023-01-04 08:23:15,174] {logging_mixin.py:115} INFO - [2023-01-04 08:23:15,174] {dag.py:2927} INFO - Setting next_dagrun for example_bash_operator to 2023-01-03T00:00:00+00:00, run_after=2023-01-04T00:00:00+00:00
[2023-01-04 08:23:15,191] {processor.py:161} INFO - Processing /home/gustavo/Documents/etl_api_twitter/venv/lib/python3.9/site-packages/airflow/example_dags/example_bash_operator.py took 0.119 seconds
[2023-01-04 08:23:50,248] {processor.py:153} INFO - Started process (PID=7651) to work on /home/gustavo/Documents/etl_api_twitter/venv/lib/python3.9/site-packages/airflow/example_dags/example_bash_operator.py
[2023-01-04 08:23:50,249] {processor.py:641} INFO - Processing file /home/gustavo/Documents/etl_api_twitter/venv/lib/python3.9/site-packages/airflow/example_dags/example_bash_operator.py for tasks to queue
[2023-01-04 08:23:50,249] {logging_mixin.py:115} INFO - [2023-01-04 08:23:50,249] {dagbag.py:507} INFO - Filling up the DagBag from /home/gustavo/Documents/etl_api_twitter/venv/lib/python3.9/site-packages/airflow/example_dags/example_bash_operator.py
[2023-01-04 08:23:50,269] {processor.py:651} INFO - DAG(s) dict_keys(['example_bash_operator']) retrieved from /home/gustavo/Documents/etl_api_twitter/venv/lib/python3.9/site-packages/airflow/example_dags/example_bash_operator.py
[2023-01-04 08:23:50,292] {logging_mixin.py:115} INFO - [2023-01-04 08:23:50,292] {dag.py:2379} INFO - Sync 1 DAGs
[2023-01-04 08:23:50,307] {logging_mixin.py:115} INFO - [2023-01-04 08:23:50,307] {dag.py:2927} INFO - Setting next_dagrun for example_bash_operator to 2023-01-03T00:00:00+00:00, run_after=2023-01-04T00:00:00+00:00
[2023-01-04 08:23:50,319] {processor.py:161} INFO - Processing /home/gustavo/Documents/etl_api_twitter/venv/lib/python3.9/site-packages/airflow/example_dags/example_bash_operator.py took 0.075 seconds
[2023-01-04 08:24:25,640] {processor.py:153} INFO - Started process (PID=7855) to work on /home/gustavo/Documents/etl_api_twitter/venv/lib/python3.9/site-packages/airflow/example_dags/example_bash_operator.py
[2023-01-04 08:24:25,641] {processor.py:641} INFO - Processing file /home/gustavo/Documents/etl_api_twitter/venv/lib/python3.9/site-packages/airflow/example_dags/example_bash_operator.py for tasks to queue
[2023-01-04 08:24:25,642] {logging_mixin.py:115} INFO - [2023-01-04 08:24:25,642] {dagbag.py:507} INFO - Filling up the DagBag from /home/gustavo/Documents/etl_api_twitter/venv/lib/python3.9/site-packages/airflow/example_dags/example_bash_operator.py
[2023-01-04 08:24:25,654] {processor.py:651} INFO - DAG(s) dict_keys(['example_bash_operator']) retrieved from /home/gustavo/Documents/etl_api_twitter/venv/lib/python3.9/site-packages/airflow/example_dags/example_bash_operator.py
[2023-01-04 08:24:25,670] {logging_mixin.py:115} INFO - [2023-01-04 08:24:25,669] {dag.py:2379} INFO - Sync 1 DAGs
[2023-01-04 08:24:25,691] {logging_mixin.py:115} INFO - [2023-01-04 08:24:25,691] {dag.py:2927} INFO - Setting next_dagrun for example_bash_operator to 2023-01-03T00:00:00+00:00, run_after=2023-01-04T00:00:00+00:00
[2023-01-04 08:24:25,704] {processor.py:161} INFO - Processing /home/gustavo/Documents/etl_api_twitter/venv/lib/python3.9/site-packages/airflow/example_dags/example_bash_operator.py took 0.066 seconds
[2023-01-04 08:24:59,387] {processor.py:153} INFO - Started process (PID=8058) to work on /home/gustavo/Documents/etl_api_twitter/venv/lib/python3.9/site-packages/airflow/example_dags/example_bash_operator.py
[2023-01-04 08:24:59,389] {processor.py:641} INFO - Processing file /home/gustavo/Documents/etl_api_twitter/venv/lib/python3.9/site-packages/airflow/example_dags/example_bash_operator.py for tasks to queue
[2023-01-04 08:24:59,390] {logging_mixin.py:115} INFO - [2023-01-04 08:24:59,390] {dagbag.py:507} INFO - Filling up the DagBag from /home/gustavo/Documents/etl_api_twitter/venv/lib/python3.9/site-packages/airflow/example_dags/example_bash_operator.py
[2023-01-04 08:24:59,410] {processor.py:651} INFO - DAG(s) dict_keys(['example_bash_operator']) retrieved from /home/gustavo/Documents/etl_api_twitter/venv/lib/python3.9/site-packages/airflow/example_dags/example_bash_operator.py
[2023-01-04 08:24:59,434] {logging_mixin.py:115} INFO - [2023-01-04 08:24:59,434] {dag.py:2379} INFO - Sync 1 DAGs
[2023-01-04 08:24:59,454] {logging_mixin.py:115} INFO - [2023-01-04 08:24:59,454] {dag.py:2927} INFO - Setting next_dagrun for example_bash_operator to 2023-01-03T00:00:00+00:00, run_after=2023-01-04T00:00:00+00:00
[2023-01-04 08:24:59,467] {processor.py:161} INFO - Processing /home/gustavo/Documents/etl_api_twitter/venv/lib/python3.9/site-packages/airflow/example_dags/example_bash_operator.py took 0.087 seconds
[2023-01-04 08:25:32,912] {processor.py:153} INFO - Started process (PID=8238) to work on /home/gustavo/Documents/etl_api_twitter/venv/lib/python3.9/site-packages/airflow/example_dags/example_bash_operator.py
[2023-01-04 08:25:32,914] {processor.py:641} INFO - Processing file /home/gustavo/Documents/etl_api_twitter/venv/lib/python3.9/site-packages/airflow/example_dags/example_bash_operator.py for tasks to queue
[2023-01-04 08:25:32,916] {logging_mixin.py:115} INFO - [2023-01-04 08:25:32,916] {dagbag.py:507} INFO - Filling up the DagBag from /home/gustavo/Documents/etl_api_twitter/venv/lib/python3.9/site-packages/airflow/example_dags/example_bash_operator.py
[2023-01-04 08:25:32,933] {processor.py:651} INFO - DAG(s) dict_keys(['example_bash_operator']) retrieved from /home/gustavo/Documents/etl_api_twitter/venv/lib/python3.9/site-packages/airflow/example_dags/example_bash_operator.py
[2023-01-04 08:25:32,970] {logging_mixin.py:115} INFO - [2023-01-04 08:25:32,970] {dag.py:2379} INFO - Sync 1 DAGs
[2023-01-04 08:25:32,991] {logging_mixin.py:115} INFO - [2023-01-04 08:25:32,991] {dag.py:2927} INFO - Setting next_dagrun for example_bash_operator to 2023-01-03T00:00:00+00:00, run_after=2023-01-04T00:00:00+00:00
[2023-01-04 08:25:33,007] {processor.py:161} INFO - Processing /home/gustavo/Documents/etl_api_twitter/venv/lib/python3.9/site-packages/airflow/example_dags/example_bash_operator.py took 0.098 seconds
[2023-01-04 08:26:08,406] {processor.py:153} INFO - Started process (PID=8498) to work on /home/gustavo/Documents/etl_api_twitter/venv/lib/python3.9/site-packages/airflow/example_dags/example_bash_operator.py
[2023-01-04 08:26:08,408] {processor.py:641} INFO - Processing file /home/gustavo/Documents/etl_api_twitter/venv/lib/python3.9/site-packages/airflow/example_dags/example_bash_operator.py for tasks to queue
[2023-01-04 08:26:08,409] {logging_mixin.py:115} INFO - [2023-01-04 08:26:08,409] {dagbag.py:507} INFO - Filling up the DagBag from /home/gustavo/Documents/etl_api_twitter/venv/lib/python3.9/site-packages/airflow/example_dags/example_bash_operator.py
[2023-01-04 08:26:08,430] {processor.py:651} INFO - DAG(s) dict_keys(['example_bash_operator']) retrieved from /home/gustavo/Documents/etl_api_twitter/venv/lib/python3.9/site-packages/airflow/example_dags/example_bash_operator.py
[2023-01-04 08:26:08,461] {logging_mixin.py:115} INFO - [2023-01-04 08:26:08,461] {dag.py:2379} INFO - Sync 1 DAGs
[2023-01-04 08:26:08,494] {logging_mixin.py:115} INFO - [2023-01-04 08:26:08,493] {dag.py:2927} INFO - Setting next_dagrun for example_bash_operator to 2023-01-03T00:00:00+00:00, run_after=2023-01-04T00:00:00+00:00
[2023-01-04 08:26:08,518] {processor.py:161} INFO - Processing /home/gustavo/Documents/etl_api_twitter/venv/lib/python3.9/site-packages/airflow/example_dags/example_bash_operator.py took 0.118 seconds
[2023-01-04 08:26:44,073] {processor.py:153} INFO - Started process (PID=8703) to work on /home/gustavo/Documents/etl_api_twitter/venv/lib/python3.9/site-packages/airflow/example_dags/example_bash_operator.py
[2023-01-04 08:26:44,074] {processor.py:641} INFO - Processing file /home/gustavo/Documents/etl_api_twitter/venv/lib/python3.9/site-packages/airflow/example_dags/example_bash_operator.py for tasks to queue
[2023-01-04 08:26:44,075] {logging_mixin.py:115} INFO - [2023-01-04 08:26:44,075] {dagbag.py:507} INFO - Filling up the DagBag from /home/gustavo/Documents/etl_api_twitter/venv/lib/python3.9/site-packages/airflow/example_dags/example_bash_operator.py
[2023-01-04 08:26:44,094] {processor.py:651} INFO - DAG(s) dict_keys(['example_bash_operator']) retrieved from /home/gustavo/Documents/etl_api_twitter/venv/lib/python3.9/site-packages/airflow/example_dags/example_bash_operator.py
[2023-01-04 08:26:44,123] {logging_mixin.py:115} INFO - [2023-01-04 08:26:44,122] {dag.py:2379} INFO - Sync 1 DAGs
[2023-01-04 08:26:44,140] {logging_mixin.py:115} INFO - [2023-01-04 08:26:44,140] {dag.py:2927} INFO - Setting next_dagrun for example_bash_operator to 2023-01-03T00:00:00+00:00, run_after=2023-01-04T00:00:00+00:00
[2023-01-04 08:26:44,151] {processor.py:161} INFO - Processing /home/gustavo/Documents/etl_api_twitter/venv/lib/python3.9/site-packages/airflow/example_dags/example_bash_operator.py took 0.086 seconds
[2023-01-04 08:27:20,883] {processor.py:153} INFO - Started process (PID=8918) to work on /home/gustavo/Documents/etl_api_twitter/venv/lib/python3.9/site-packages/airflow/example_dags/example_bash_operator.py
[2023-01-04 08:27:20,885] {processor.py:641} INFO - Processing file /home/gustavo/Documents/etl_api_twitter/venv/lib/python3.9/site-packages/airflow/example_dags/example_bash_operator.py for tasks to queue
[2023-01-04 08:27:20,885] {logging_mixin.py:115} INFO - [2023-01-04 08:27:20,885] {dagbag.py:507} INFO - Filling up the DagBag from /home/gustavo/Documents/etl_api_twitter/venv/lib/python3.9/site-packages/airflow/example_dags/example_bash_operator.py
[2023-01-04 08:27:20,900] {processor.py:651} INFO - DAG(s) dict_keys(['example_bash_operator']) retrieved from /home/gustavo/Documents/etl_api_twitter/venv/lib/python3.9/site-packages/airflow/example_dags/example_bash_operator.py
[2023-01-04 08:27:20,922] {logging_mixin.py:115} INFO - [2023-01-04 08:27:20,922] {dag.py:2379} INFO - Sync 1 DAGs
[2023-01-04 08:27:20,946] {logging_mixin.py:115} INFO - [2023-01-04 08:27:20,946] {dag.py:2927} INFO - Setting next_dagrun for example_bash_operator to 2023-01-03T00:00:00+00:00, run_after=2023-01-04T00:00:00+00:00
[2023-01-04 08:27:20,970] {processor.py:161} INFO - Processing /home/gustavo/Documents/etl_api_twitter/venv/lib/python3.9/site-packages/airflow/example_dags/example_bash_operator.py took 0.091 seconds
