[2023-01-04 08:01:03,555] {processor.py:153} INFO - Started process (PID=28305) to work on /home/gustavo/Documents/etl_api_twitter/venv/lib/python3.9/site-packages/airflow/example_dags/example_latest_only_with_trigger.py
[2023-01-04 08:01:03,568] {processor.py:641} INFO - Processing file /home/gustavo/Documents/etl_api_twitter/venv/lib/python3.9/site-packages/airflow/example_dags/example_latest_only_with_trigger.py for tasks to queue
[2023-01-04 08:01:03,569] {logging_mixin.py:115} INFO - [2023-01-04 08:01:03,568] {dagbag.py:507} INFO - Filling up the DagBag from /home/gustavo/Documents/etl_api_twitter/venv/lib/python3.9/site-packages/airflow/example_dags/example_latest_only_with_trigger.py
[2023-01-04 08:01:03,591] {processor.py:651} INFO - DAG(s) dict_keys(['latest_only_with_trigger']) retrieved from /home/gustavo/Documents/etl_api_twitter/venv/lib/python3.9/site-packages/airflow/example_dags/example_latest_only_with_trigger.py
[2023-01-04 08:01:03,752] {logging_mixin.py:115} INFO - [2023-01-04 08:01:03,752] {manager.py:508} INFO - Created Permission View: can edit on DAG:latest_only_with_trigger
[2023-01-04 08:01:03,772] {logging_mixin.py:115} INFO - [2023-01-04 08:01:03,771] {manager.py:508} INFO - Created Permission View: can read on DAG:latest_only_with_trigger
[2023-01-04 08:01:03,786] {logging_mixin.py:115} INFO - [2023-01-04 08:01:03,786] {manager.py:508} INFO - Created Permission View: can delete on DAG:latest_only_with_trigger
[2023-01-04 08:01:03,786] {logging_mixin.py:115} INFO - [2023-01-04 08:01:03,786] {dag.py:2379} INFO - Sync 1 DAGs
[2023-01-04 08:01:03,804] {logging_mixin.py:115} INFO - [2023-01-04 08:01:03,797] {dag.py:2398} INFO - Creating ORM DAG for latest_only_with_trigger
[2023-01-04 08:01:03,820] {logging_mixin.py:115} INFO - [2023-01-04 08:01:03,820] {dag.py:2927} INFO - Setting next_dagrun for latest_only_with_trigger to 2023-01-04T07:01:03.820205+00:00, run_after=2023-01-04T11:01:03.820205+00:00
[2023-01-04 08:01:03,866] {processor.py:161} INFO - Processing /home/gustavo/Documents/etl_api_twitter/venv/lib/python3.9/site-packages/airflow/example_dags/example_latest_only_with_trigger.py took 0.317 seconds
[2023-01-04 08:01:43,084] {processor.py:153} INFO - Started process (PID=28531) to work on /home/gustavo/Documents/etl_api_twitter/venv/lib/python3.9/site-packages/airflow/example_dags/example_latest_only_with_trigger.py
[2023-01-04 08:01:43,089] {processor.py:641} INFO - Processing file /home/gustavo/Documents/etl_api_twitter/venv/lib/python3.9/site-packages/airflow/example_dags/example_latest_only_with_trigger.py for tasks to queue
[2023-01-04 08:01:43,089] {logging_mixin.py:115} INFO - [2023-01-04 08:01:43,089] {dagbag.py:507} INFO - Filling up the DagBag from /home/gustavo/Documents/etl_api_twitter/venv/lib/python3.9/site-packages/airflow/example_dags/example_latest_only_with_trigger.py
[2023-01-04 08:01:43,095] {processor.py:651} INFO - DAG(s) dict_keys(['latest_only_with_trigger']) retrieved from /home/gustavo/Documents/etl_api_twitter/venv/lib/python3.9/site-packages/airflow/example_dags/example_latest_only_with_trigger.py
[2023-01-04 08:01:43,135] {logging_mixin.py:115} INFO - [2023-01-04 08:01:43,135] {dag.py:2379} INFO - Sync 1 DAGs
[2023-01-04 08:01:43,151] {logging_mixin.py:115} INFO - [2023-01-04 08:01:43,151] {dag.py:2927} INFO - Setting next_dagrun for latest_only_with_trigger to 2023-01-04T07:01:43.151057+00:00, run_after=2023-01-04T11:01:43.151057+00:00
[2023-01-04 08:01:43,172] {processor.py:161} INFO - Processing /home/gustavo/Documents/etl_api_twitter/venv/lib/python3.9/site-packages/airflow/example_dags/example_latest_only_with_trigger.py took 0.091 seconds
[2023-01-04 08:10:54,203] {processor.py:153} INFO - Started process (PID=3623) to work on /home/gustavo/Documents/etl_api_twitter/venv/lib/python3.9/site-packages/airflow/example_dags/example_latest_only_with_trigger.py
[2023-01-04 08:10:54,209] {processor.py:641} INFO - Processing file /home/gustavo/Documents/etl_api_twitter/venv/lib/python3.9/site-packages/airflow/example_dags/example_latest_only_with_trigger.py for tasks to queue
[2023-01-04 08:10:54,211] {logging_mixin.py:115} INFO - [2023-01-04 08:10:54,211] {dagbag.py:507} INFO - Filling up the DagBag from /home/gustavo/Documents/etl_api_twitter/venv/lib/python3.9/site-packages/airflow/example_dags/example_latest_only_with_trigger.py
[2023-01-04 08:10:54,231] {processor.py:651} INFO - DAG(s) dict_keys(['latest_only_with_trigger']) retrieved from /home/gustavo/Documents/etl_api_twitter/venv/lib/python3.9/site-packages/airflow/example_dags/example_latest_only_with_trigger.py
[2023-01-04 08:10:54,309] {logging_mixin.py:115} INFO - [2023-01-04 08:10:54,309] {dag.py:2379} INFO - Sync 1 DAGs
[2023-01-04 08:10:54,397] {logging_mixin.py:115} INFO - [2023-01-04 08:10:54,397] {dag.py:2927} INFO - Setting next_dagrun for latest_only_with_trigger to 2023-01-04T07:10:54.395046+00:00, run_after=2023-01-04T11:10:54.395046+00:00
[2023-01-04 08:10:54,429] {processor.py:161} INFO - Processing /home/gustavo/Documents/etl_api_twitter/venv/lib/python3.9/site-packages/airflow/example_dags/example_latest_only_with_trigger.py took 0.253 seconds
[2023-01-04 08:11:30,531] {processor.py:153} INFO - Started process (PID=3940) to work on /home/gustavo/Documents/etl_api_twitter/venv/lib/python3.9/site-packages/airflow/example_dags/example_latest_only_with_trigger.py
[2023-01-04 08:11:30,533] {processor.py:641} INFO - Processing file /home/gustavo/Documents/etl_api_twitter/venv/lib/python3.9/site-packages/airflow/example_dags/example_latest_only_with_trigger.py for tasks to queue
[2023-01-04 08:11:30,534] {logging_mixin.py:115} INFO - [2023-01-04 08:11:30,534] {dagbag.py:507} INFO - Filling up the DagBag from /home/gustavo/Documents/etl_api_twitter/venv/lib/python3.9/site-packages/airflow/example_dags/example_latest_only_with_trigger.py
[2023-01-04 08:11:30,547] {processor.py:651} INFO - DAG(s) dict_keys(['latest_only_with_trigger']) retrieved from /home/gustavo/Documents/etl_api_twitter/venv/lib/python3.9/site-packages/airflow/example_dags/example_latest_only_with_trigger.py
[2023-01-04 08:11:30,569] {logging_mixin.py:115} INFO - [2023-01-04 08:11:30,568] {dag.py:2379} INFO - Sync 1 DAGs
[2023-01-04 08:11:30,591] {logging_mixin.py:115} INFO - [2023-01-04 08:11:30,591] {dag.py:2927} INFO - Setting next_dagrun for latest_only_with_trigger to 2023-01-04T07:11:30.590589+00:00, run_after=2023-01-04T11:11:30.590589+00:00
[2023-01-04 08:11:30,621] {processor.py:161} INFO - Processing /home/gustavo/Documents/etl_api_twitter/venv/lib/python3.9/site-packages/airflow/example_dags/example_latest_only_with_trigger.py took 0.097 seconds
[2023-01-04 08:12:05,163] {processor.py:153} INFO - Started process (PID=4141) to work on /home/gustavo/Documents/etl_api_twitter/venv/lib/python3.9/site-packages/airflow/example_dags/example_latest_only_with_trigger.py
[2023-01-04 08:12:05,164] {processor.py:641} INFO - Processing file /home/gustavo/Documents/etl_api_twitter/venv/lib/python3.9/site-packages/airflow/example_dags/example_latest_only_with_trigger.py for tasks to queue
[2023-01-04 08:12:05,165] {logging_mixin.py:115} INFO - [2023-01-04 08:12:05,165] {dagbag.py:507} INFO - Filling up the DagBag from /home/gustavo/Documents/etl_api_twitter/venv/lib/python3.9/site-packages/airflow/example_dags/example_latest_only_with_trigger.py
[2023-01-04 08:12:05,171] {processor.py:651} INFO - DAG(s) dict_keys(['latest_only_with_trigger']) retrieved from /home/gustavo/Documents/etl_api_twitter/venv/lib/python3.9/site-packages/airflow/example_dags/example_latest_only_with_trigger.py
[2023-01-04 08:12:05,194] {logging_mixin.py:115} INFO - [2023-01-04 08:12:05,194] {dag.py:2379} INFO - Sync 1 DAGs
[2023-01-04 08:12:05,220] {logging_mixin.py:115} INFO - [2023-01-04 08:12:05,220] {dag.py:2927} INFO - Setting next_dagrun for latest_only_with_trigger to 2023-01-04T07:12:05.219859+00:00, run_after=2023-01-04T11:12:05.219859+00:00
[2023-01-04 08:12:05,231] {processor.py:161} INFO - Processing /home/gustavo/Documents/etl_api_twitter/venv/lib/python3.9/site-packages/airflow/example_dags/example_latest_only_with_trigger.py took 0.074 seconds
[2023-01-04 08:12:37,373] {processor.py:153} INFO - Started process (PID=4183) to work on /home/gustavo/Documents/etl_api_twitter/venv/lib/python3.9/site-packages/airflow/example_dags/example_latest_only_with_trigger.py
[2023-01-04 08:12:37,375] {processor.py:641} INFO - Processing file /home/gustavo/Documents/etl_api_twitter/venv/lib/python3.9/site-packages/airflow/example_dags/example_latest_only_with_trigger.py for tasks to queue
[2023-01-04 08:12:37,376] {logging_mixin.py:115} INFO - [2023-01-04 08:12:37,375] {dagbag.py:507} INFO - Filling up the DagBag from /home/gustavo/Documents/etl_api_twitter/venv/lib/python3.9/site-packages/airflow/example_dags/example_latest_only_with_trigger.py
[2023-01-04 08:12:37,382] {processor.py:651} INFO - DAG(s) dict_keys(['latest_only_with_trigger']) retrieved from /home/gustavo/Documents/etl_api_twitter/venv/lib/python3.9/site-packages/airflow/example_dags/example_latest_only_with_trigger.py
[2023-01-04 08:12:37,397] {logging_mixin.py:115} INFO - [2023-01-04 08:12:37,397] {dag.py:2379} INFO - Sync 1 DAGs
[2023-01-04 08:12:37,411] {logging_mixin.py:115} INFO - [2023-01-04 08:12:37,411] {dag.py:2927} INFO - Setting next_dagrun for latest_only_with_trigger to 2023-01-04T07:12:37.411577+00:00, run_after=2023-01-04T11:12:37.411577+00:00
[2023-01-04 08:12:37,420] {processor.py:161} INFO - Processing /home/gustavo/Documents/etl_api_twitter/venv/lib/python3.9/site-packages/airflow/example_dags/example_latest_only_with_trigger.py took 0.050 seconds
[2023-01-04 08:13:13,097] {processor.py:153} INFO - Started process (PID=4219) to work on /home/gustavo/Documents/etl_api_twitter/venv/lib/python3.9/site-packages/airflow/example_dags/example_latest_only_with_trigger.py
[2023-01-04 08:13:13,098] {processor.py:641} INFO - Processing file /home/gustavo/Documents/etl_api_twitter/venv/lib/python3.9/site-packages/airflow/example_dags/example_latest_only_with_trigger.py for tasks to queue
[2023-01-04 08:13:13,100] {logging_mixin.py:115} INFO - [2023-01-04 08:13:13,100] {dagbag.py:507} INFO - Filling up the DagBag from /home/gustavo/Documents/etl_api_twitter/venv/lib/python3.9/site-packages/airflow/example_dags/example_latest_only_with_trigger.py
[2023-01-04 08:13:13,114] {processor.py:651} INFO - DAG(s) dict_keys(['latest_only_with_trigger']) retrieved from /home/gustavo/Documents/etl_api_twitter/venv/lib/python3.9/site-packages/airflow/example_dags/example_latest_only_with_trigger.py
[2023-01-04 08:13:13,145] {logging_mixin.py:115} INFO - [2023-01-04 08:13:13,145] {dag.py:2379} INFO - Sync 1 DAGs
[2023-01-04 08:13:13,176] {logging_mixin.py:115} INFO - [2023-01-04 08:13:13,176] {dag.py:2927} INFO - Setting next_dagrun for latest_only_with_trigger to 2023-01-04T07:13:13.176064+00:00, run_after=2023-01-04T11:13:13.176064+00:00
[2023-01-04 08:13:13,200] {processor.py:161} INFO - Processing /home/gustavo/Documents/etl_api_twitter/venv/lib/python3.9/site-packages/airflow/example_dags/example_latest_only_with_trigger.py took 0.110 seconds
[2023-01-04 08:13:46,921] {processor.py:153} INFO - Started process (PID=4257) to work on /home/gustavo/Documents/etl_api_twitter/venv/lib/python3.9/site-packages/airflow/example_dags/example_latest_only_with_trigger.py
[2023-01-04 08:13:46,923] {processor.py:641} INFO - Processing file /home/gustavo/Documents/etl_api_twitter/venv/lib/python3.9/site-packages/airflow/example_dags/example_latest_only_with_trigger.py for tasks to queue
[2023-01-04 08:13:46,924] {logging_mixin.py:115} INFO - [2023-01-04 08:13:46,924] {dagbag.py:507} INFO - Filling up the DagBag from /home/gustavo/Documents/etl_api_twitter/venv/lib/python3.9/site-packages/airflow/example_dags/example_latest_only_with_trigger.py
[2023-01-04 08:13:46,930] {processor.py:651} INFO - DAG(s) dict_keys(['latest_only_with_trigger']) retrieved from /home/gustavo/Documents/etl_api_twitter/venv/lib/python3.9/site-packages/airflow/example_dags/example_latest_only_with_trigger.py
[2023-01-04 08:13:46,961] {logging_mixin.py:115} INFO - [2023-01-04 08:13:46,961] {dag.py:2379} INFO - Sync 1 DAGs
[2023-01-04 08:13:46,976] {logging_mixin.py:115} INFO - [2023-01-04 08:13:46,976] {dag.py:2927} INFO - Setting next_dagrun for latest_only_with_trigger to 2023-01-04T07:13:46.975989+00:00, run_after=2023-01-04T11:13:46.975989+00:00
[2023-01-04 08:13:46,990] {processor.py:161} INFO - Processing /home/gustavo/Documents/etl_api_twitter/venv/lib/python3.9/site-packages/airflow/example_dags/example_latest_only_with_trigger.py took 0.076 seconds
[2023-01-04 08:14:21,810] {processor.py:153} INFO - Started process (PID=4296) to work on /home/gustavo/Documents/etl_api_twitter/venv/lib/python3.9/site-packages/airflow/example_dags/example_latest_only_with_trigger.py
[2023-01-04 08:14:21,812] {processor.py:641} INFO - Processing file /home/gustavo/Documents/etl_api_twitter/venv/lib/python3.9/site-packages/airflow/example_dags/example_latest_only_with_trigger.py for tasks to queue
[2023-01-04 08:14:21,813] {logging_mixin.py:115} INFO - [2023-01-04 08:14:21,813] {dagbag.py:507} INFO - Filling up the DagBag from /home/gustavo/Documents/etl_api_twitter/venv/lib/python3.9/site-packages/airflow/example_dags/example_latest_only_with_trigger.py
[2023-01-04 08:14:21,825] {processor.py:651} INFO - DAG(s) dict_keys(['latest_only_with_trigger']) retrieved from /home/gustavo/Documents/etl_api_twitter/venv/lib/python3.9/site-packages/airflow/example_dags/example_latest_only_with_trigger.py
[2023-01-04 08:14:21,850] {logging_mixin.py:115} INFO - [2023-01-04 08:14:21,850] {dag.py:2379} INFO - Sync 1 DAGs
[2023-01-04 08:14:21,861] {logging_mixin.py:115} INFO - [2023-01-04 08:14:21,861] {dag.py:2927} INFO - Setting next_dagrun for latest_only_with_trigger to 2023-01-04T07:14:21.860937+00:00, run_after=2023-01-04T11:14:21.860937+00:00
[2023-01-04 08:14:21,873] {processor.py:161} INFO - Processing /home/gustavo/Documents/etl_api_twitter/venv/lib/python3.9/site-packages/airflow/example_dags/example_latest_only_with_trigger.py took 0.068 seconds
[2023-01-04 08:14:57,024] {processor.py:153} INFO - Started process (PID=4440) to work on /home/gustavo/Documents/etl_api_twitter/venv/lib/python3.9/site-packages/airflow/example_dags/example_latest_only_with_trigger.py
[2023-01-04 08:14:57,025] {processor.py:641} INFO - Processing file /home/gustavo/Documents/etl_api_twitter/venv/lib/python3.9/site-packages/airflow/example_dags/example_latest_only_with_trigger.py for tasks to queue
[2023-01-04 08:14:57,026] {logging_mixin.py:115} INFO - [2023-01-04 08:14:57,025] {dagbag.py:507} INFO - Filling up the DagBag from /home/gustavo/Documents/etl_api_twitter/venv/lib/python3.9/site-packages/airflow/example_dags/example_latest_only_with_trigger.py
[2023-01-04 08:14:57,032] {processor.py:651} INFO - DAG(s) dict_keys(['latest_only_with_trigger']) retrieved from /home/gustavo/Documents/etl_api_twitter/venv/lib/python3.9/site-packages/airflow/example_dags/example_latest_only_with_trigger.py
[2023-01-04 08:14:57,060] {logging_mixin.py:115} INFO - [2023-01-04 08:14:57,060] {dag.py:2379} INFO - Sync 1 DAGs
[2023-01-04 08:14:57,079] {logging_mixin.py:115} INFO - [2023-01-04 08:14:57,079] {dag.py:2927} INFO - Setting next_dagrun for latest_only_with_trigger to 2023-01-04T07:14:57.079394+00:00, run_after=2023-01-04T11:14:57.079394+00:00
[2023-01-04 08:14:57,092] {processor.py:161} INFO - Processing /home/gustavo/Documents/etl_api_twitter/venv/lib/python3.9/site-packages/airflow/example_dags/example_latest_only_with_trigger.py took 0.072 seconds
[2023-01-04 08:15:30,805] {processor.py:153} INFO - Started process (PID=4625) to work on /home/gustavo/Documents/etl_api_twitter/venv/lib/python3.9/site-packages/airflow/example_dags/example_latest_only_with_trigger.py
[2023-01-04 08:15:30,806] {processor.py:641} INFO - Processing file /home/gustavo/Documents/etl_api_twitter/venv/lib/python3.9/site-packages/airflow/example_dags/example_latest_only_with_trigger.py for tasks to queue
[2023-01-04 08:15:30,808] {logging_mixin.py:115} INFO - [2023-01-04 08:15:30,808] {dagbag.py:507} INFO - Filling up the DagBag from /home/gustavo/Documents/etl_api_twitter/venv/lib/python3.9/site-packages/airflow/example_dags/example_latest_only_with_trigger.py
[2023-01-04 08:15:30,820] {processor.py:651} INFO - DAG(s) dict_keys(['latest_only_with_trigger']) retrieved from /home/gustavo/Documents/etl_api_twitter/venv/lib/python3.9/site-packages/airflow/example_dags/example_latest_only_with_trigger.py
[2023-01-04 08:15:30,853] {logging_mixin.py:115} INFO - [2023-01-04 08:15:30,853] {dag.py:2379} INFO - Sync 1 DAGs
[2023-01-04 08:15:30,881] {logging_mixin.py:115} INFO - [2023-01-04 08:15:30,881] {dag.py:2927} INFO - Setting next_dagrun for latest_only_with_trigger to 2023-01-04T07:15:30.880866+00:00, run_after=2023-01-04T11:15:30.880866+00:00
[2023-01-04 08:15:30,905] {processor.py:161} INFO - Processing /home/gustavo/Documents/etl_api_twitter/venv/lib/python3.9/site-packages/airflow/example_dags/example_latest_only_with_trigger.py took 0.107 seconds
[2023-01-04 08:16:05,250] {processor.py:153} INFO - Started process (PID=4894) to work on /home/gustavo/Documents/etl_api_twitter/venv/lib/python3.9/site-packages/airflow/example_dags/example_latest_only_with_trigger.py
[2023-01-04 08:16:05,251] {processor.py:641} INFO - Processing file /home/gustavo/Documents/etl_api_twitter/venv/lib/python3.9/site-packages/airflow/example_dags/example_latest_only_with_trigger.py for tasks to queue
[2023-01-04 08:16:05,252] {logging_mixin.py:115} INFO - [2023-01-04 08:16:05,252] {dagbag.py:507} INFO - Filling up the DagBag from /home/gustavo/Documents/etl_api_twitter/venv/lib/python3.9/site-packages/airflow/example_dags/example_latest_only_with_trigger.py
[2023-01-04 08:16:05,261] {processor.py:651} INFO - DAG(s) dict_keys(['latest_only_with_trigger']) retrieved from /home/gustavo/Documents/etl_api_twitter/venv/lib/python3.9/site-packages/airflow/example_dags/example_latest_only_with_trigger.py
[2023-01-04 08:16:05,278] {logging_mixin.py:115} INFO - [2023-01-04 08:16:05,278] {dag.py:2379} INFO - Sync 1 DAGs
[2023-01-04 08:16:05,293] {logging_mixin.py:115} INFO - [2023-01-04 08:16:05,293] {dag.py:2927} INFO - Setting next_dagrun for latest_only_with_trigger to 2023-01-04T07:16:05.292837+00:00, run_after=2023-01-04T11:16:05.292837+00:00
[2023-01-04 08:16:05,304] {processor.py:161} INFO - Processing /home/gustavo/Documents/etl_api_twitter/venv/lib/python3.9/site-packages/airflow/example_dags/example_latest_only_with_trigger.py took 0.062 seconds
[2023-01-04 08:16:39,222] {processor.py:153} INFO - Started process (PID=5099) to work on /home/gustavo/Documents/etl_api_twitter/venv/lib/python3.9/site-packages/airflow/example_dags/example_latest_only_with_trigger.py
[2023-01-04 08:16:39,223] {processor.py:641} INFO - Processing file /home/gustavo/Documents/etl_api_twitter/venv/lib/python3.9/site-packages/airflow/example_dags/example_latest_only_with_trigger.py for tasks to queue
[2023-01-04 08:16:39,223] {logging_mixin.py:115} INFO - [2023-01-04 08:16:39,223] {dagbag.py:507} INFO - Filling up the DagBag from /home/gustavo/Documents/etl_api_twitter/venv/lib/python3.9/site-packages/airflow/example_dags/example_latest_only_with_trigger.py
[2023-01-04 08:16:39,229] {processor.py:651} INFO - DAG(s) dict_keys(['latest_only_with_trigger']) retrieved from /home/gustavo/Documents/etl_api_twitter/venv/lib/python3.9/site-packages/airflow/example_dags/example_latest_only_with_trigger.py
[2023-01-04 08:16:39,252] {logging_mixin.py:115} INFO - [2023-01-04 08:16:39,252] {dag.py:2379} INFO - Sync 1 DAGs
[2023-01-04 08:16:39,271] {logging_mixin.py:115} INFO - [2023-01-04 08:16:39,271] {dag.py:2927} INFO - Setting next_dagrun for latest_only_with_trigger to 2023-01-04T07:16:39.271153+00:00, run_after=2023-01-04T11:16:39.271153+00:00
[2023-01-04 08:16:39,281] {processor.py:161} INFO - Processing /home/gustavo/Documents/etl_api_twitter/venv/lib/python3.9/site-packages/airflow/example_dags/example_latest_only_with_trigger.py took 0.063 seconds
[2023-01-04 08:17:13,603] {processor.py:153} INFO - Started process (PID=5282) to work on /home/gustavo/Documents/etl_api_twitter/venv/lib/python3.9/site-packages/airflow/example_dags/example_latest_only_with_trigger.py
[2023-01-04 08:17:13,608] {processor.py:641} INFO - Processing file /home/gustavo/Documents/etl_api_twitter/venv/lib/python3.9/site-packages/airflow/example_dags/example_latest_only_with_trigger.py for tasks to queue
[2023-01-04 08:17:13,610] {logging_mixin.py:115} INFO - [2023-01-04 08:17:13,609] {dagbag.py:507} INFO - Filling up the DagBag from /home/gustavo/Documents/etl_api_twitter/venv/lib/python3.9/site-packages/airflow/example_dags/example_latest_only_with_trigger.py
[2023-01-04 08:17:13,630] {processor.py:651} INFO - DAG(s) dict_keys(['latest_only_with_trigger']) retrieved from /home/gustavo/Documents/etl_api_twitter/venv/lib/python3.9/site-packages/airflow/example_dags/example_latest_only_with_trigger.py
[2023-01-04 08:17:13,659] {logging_mixin.py:115} INFO - [2023-01-04 08:17:13,659] {dag.py:2379} INFO - Sync 1 DAGs
[2023-01-04 08:17:13,676] {logging_mixin.py:115} INFO - [2023-01-04 08:17:13,676] {dag.py:2927} INFO - Setting next_dagrun for latest_only_with_trigger to 2023-01-04T07:17:13.676083+00:00, run_after=2023-01-04T11:17:13.676083+00:00
[2023-01-04 08:17:13,687] {processor.py:161} INFO - Processing /home/gustavo/Documents/etl_api_twitter/venv/lib/python3.9/site-packages/airflow/example_dags/example_latest_only_with_trigger.py took 0.093 seconds
[2023-01-04 08:17:47,565] {processor.py:153} INFO - Started process (PID=5491) to work on /home/gustavo/Documents/etl_api_twitter/venv/lib/python3.9/site-packages/airflow/example_dags/example_latest_only_with_trigger.py
[2023-01-04 08:17:47,566] {processor.py:641} INFO - Processing file /home/gustavo/Documents/etl_api_twitter/venv/lib/python3.9/site-packages/airflow/example_dags/example_latest_only_with_trigger.py for tasks to queue
[2023-01-04 08:17:47,567] {logging_mixin.py:115} INFO - [2023-01-04 08:17:47,567] {dagbag.py:507} INFO - Filling up the DagBag from /home/gustavo/Documents/etl_api_twitter/venv/lib/python3.9/site-packages/airflow/example_dags/example_latest_only_with_trigger.py
[2023-01-04 08:17:47,571] {processor.py:651} INFO - DAG(s) dict_keys(['latest_only_with_trigger']) retrieved from /home/gustavo/Documents/etl_api_twitter/venv/lib/python3.9/site-packages/airflow/example_dags/example_latest_only_with_trigger.py
[2023-01-04 08:17:47,585] {logging_mixin.py:115} INFO - [2023-01-04 08:17:47,585] {dag.py:2379} INFO - Sync 1 DAGs
[2023-01-04 08:17:47,599] {logging_mixin.py:115} INFO - [2023-01-04 08:17:47,599] {dag.py:2927} INFO - Setting next_dagrun for latest_only_with_trigger to 2023-01-04T07:17:47.599307+00:00, run_after=2023-01-04T11:17:47.599307+00:00
[2023-01-04 08:17:47,610] {processor.py:161} INFO - Processing /home/gustavo/Documents/etl_api_twitter/venv/lib/python3.9/site-packages/airflow/example_dags/example_latest_only_with_trigger.py took 0.048 seconds
[2023-01-04 08:18:22,264] {processor.py:153} INFO - Started process (PID=5701) to work on /home/gustavo/Documents/etl_api_twitter/venv/lib/python3.9/site-packages/airflow/example_dags/example_latest_only_with_trigger.py
[2023-01-04 08:18:22,266] {processor.py:641} INFO - Processing file /home/gustavo/Documents/etl_api_twitter/venv/lib/python3.9/site-packages/airflow/example_dags/example_latest_only_with_trigger.py for tasks to queue
[2023-01-04 08:18:22,267] {logging_mixin.py:115} INFO - [2023-01-04 08:18:22,267] {dagbag.py:507} INFO - Filling up the DagBag from /home/gustavo/Documents/etl_api_twitter/venv/lib/python3.9/site-packages/airflow/example_dags/example_latest_only_with_trigger.py
[2023-01-04 08:18:22,278] {processor.py:651} INFO - DAG(s) dict_keys(['latest_only_with_trigger']) retrieved from /home/gustavo/Documents/etl_api_twitter/venv/lib/python3.9/site-packages/airflow/example_dags/example_latest_only_with_trigger.py
[2023-01-04 08:18:22,305] {logging_mixin.py:115} INFO - [2023-01-04 08:18:22,305] {dag.py:2379} INFO - Sync 1 DAGs
[2023-01-04 08:18:22,349] {logging_mixin.py:115} INFO - [2023-01-04 08:18:22,349] {dag.py:2927} INFO - Setting next_dagrun for latest_only_with_trigger to 2023-01-04T07:18:22.347975+00:00, run_after=2023-01-04T11:18:22.347975+00:00
[2023-01-04 08:18:22,385] {processor.py:161} INFO - Processing /home/gustavo/Documents/etl_api_twitter/venv/lib/python3.9/site-packages/airflow/example_dags/example_latest_only_with_trigger.py took 0.128 seconds
[2023-01-04 08:18:55,881] {processor.py:153} INFO - Started process (PID=5879) to work on /home/gustavo/Documents/etl_api_twitter/venv/lib/python3.9/site-packages/airflow/example_dags/example_latest_only_with_trigger.py
[2023-01-04 08:18:55,882] {processor.py:641} INFO - Processing file /home/gustavo/Documents/etl_api_twitter/venv/lib/python3.9/site-packages/airflow/example_dags/example_latest_only_with_trigger.py for tasks to queue
[2023-01-04 08:18:55,884] {logging_mixin.py:115} INFO - [2023-01-04 08:18:55,883] {dagbag.py:507} INFO - Filling up the DagBag from /home/gustavo/Documents/etl_api_twitter/venv/lib/python3.9/site-packages/airflow/example_dags/example_latest_only_with_trigger.py
[2023-01-04 08:18:55,891] {processor.py:651} INFO - DAG(s) dict_keys(['latest_only_with_trigger']) retrieved from /home/gustavo/Documents/etl_api_twitter/venv/lib/python3.9/site-packages/airflow/example_dags/example_latest_only_with_trigger.py
[2023-01-04 08:18:55,907] {logging_mixin.py:115} INFO - [2023-01-04 08:18:55,906] {dag.py:2379} INFO - Sync 1 DAGs
[2023-01-04 08:18:55,924] {logging_mixin.py:115} INFO - [2023-01-04 08:18:55,923] {dag.py:2927} INFO - Setting next_dagrun for latest_only_with_trigger to 2023-01-04T07:18:55.923736+00:00, run_after=2023-01-04T11:18:55.923736+00:00
[2023-01-04 08:18:55,932] {processor.py:161} INFO - Processing /home/gustavo/Documents/etl_api_twitter/venv/lib/python3.9/site-packages/airflow/example_dags/example_latest_only_with_trigger.py took 0.058 seconds
[2023-01-04 08:19:29,423] {processor.py:153} INFO - Started process (PID=6083) to work on /home/gustavo/Documents/etl_api_twitter/venv/lib/python3.9/site-packages/airflow/example_dags/example_latest_only_with_trigger.py
[2023-01-04 08:19:29,426] {processor.py:641} INFO - Processing file /home/gustavo/Documents/etl_api_twitter/venv/lib/python3.9/site-packages/airflow/example_dags/example_latest_only_with_trigger.py for tasks to queue
[2023-01-04 08:19:29,428] {logging_mixin.py:115} INFO - [2023-01-04 08:19:29,427] {dagbag.py:507} INFO - Filling up the DagBag from /home/gustavo/Documents/etl_api_twitter/venv/lib/python3.9/site-packages/airflow/example_dags/example_latest_only_with_trigger.py
[2023-01-04 08:19:29,440] {processor.py:651} INFO - DAG(s) dict_keys(['latest_only_with_trigger']) retrieved from /home/gustavo/Documents/etl_api_twitter/venv/lib/python3.9/site-packages/airflow/example_dags/example_latest_only_with_trigger.py
[2023-01-04 08:19:29,470] {logging_mixin.py:115} INFO - [2023-01-04 08:19:29,469] {dag.py:2379} INFO - Sync 1 DAGs
[2023-01-04 08:19:29,499] {logging_mixin.py:115} INFO - [2023-01-04 08:19:29,499] {dag.py:2927} INFO - Setting next_dagrun for latest_only_with_trigger to 2023-01-04T07:19:29.498756+00:00, run_after=2023-01-04T11:19:29.498756+00:00
[2023-01-04 08:19:29,521] {processor.py:161} INFO - Processing /home/gustavo/Documents/etl_api_twitter/venv/lib/python3.9/site-packages/airflow/example_dags/example_latest_only_with_trigger.py took 0.105 seconds
[2023-01-04 08:20:02,650] {processor.py:153} INFO - Started process (PID=6266) to work on /home/gustavo/Documents/etl_api_twitter/venv/lib/python3.9/site-packages/airflow/example_dags/example_latest_only_with_trigger.py
[2023-01-04 08:20:02,652] {processor.py:641} INFO - Processing file /home/gustavo/Documents/etl_api_twitter/venv/lib/python3.9/site-packages/airflow/example_dags/example_latest_only_with_trigger.py for tasks to queue
[2023-01-04 08:20:02,653] {logging_mixin.py:115} INFO - [2023-01-04 08:20:02,653] {dagbag.py:507} INFO - Filling up the DagBag from /home/gustavo/Documents/etl_api_twitter/venv/lib/python3.9/site-packages/airflow/example_dags/example_latest_only_with_trigger.py
[2023-01-04 08:20:02,663] {processor.py:651} INFO - DAG(s) dict_keys(['latest_only_with_trigger']) retrieved from /home/gustavo/Documents/etl_api_twitter/venv/lib/python3.9/site-packages/airflow/example_dags/example_latest_only_with_trigger.py
[2023-01-04 08:20:02,705] {logging_mixin.py:115} INFO - [2023-01-04 08:20:02,705] {dag.py:2379} INFO - Sync 1 DAGs
[2023-01-04 08:20:02,724] {logging_mixin.py:115} INFO - [2023-01-04 08:20:02,724] {dag.py:2927} INFO - Setting next_dagrun for latest_only_with_trigger to 2023-01-04T07:20:02.724585+00:00, run_after=2023-01-04T11:20:02.724585+00:00
[2023-01-04 08:20:02,742] {processor.py:161} INFO - Processing /home/gustavo/Documents/etl_api_twitter/venv/lib/python3.9/site-packages/airflow/example_dags/example_latest_only_with_trigger.py took 0.098 seconds
[2023-01-04 08:20:36,229] {processor.py:153} INFO - Started process (PID=6501) to work on /home/gustavo/Documents/etl_api_twitter/venv/lib/python3.9/site-packages/airflow/example_dags/example_latest_only_with_trigger.py
[2023-01-04 08:20:36,231] {processor.py:641} INFO - Processing file /home/gustavo/Documents/etl_api_twitter/venv/lib/python3.9/site-packages/airflow/example_dags/example_latest_only_with_trigger.py for tasks to queue
[2023-01-04 08:20:36,232] {logging_mixin.py:115} INFO - [2023-01-04 08:20:36,232] {dagbag.py:507} INFO - Filling up the DagBag from /home/gustavo/Documents/etl_api_twitter/venv/lib/python3.9/site-packages/airflow/example_dags/example_latest_only_with_trigger.py
[2023-01-04 08:20:36,242] {processor.py:651} INFO - DAG(s) dict_keys(['latest_only_with_trigger']) retrieved from /home/gustavo/Documents/etl_api_twitter/venv/lib/python3.9/site-packages/airflow/example_dags/example_latest_only_with_trigger.py
[2023-01-04 08:20:36,271] {logging_mixin.py:115} INFO - [2023-01-04 08:20:36,271] {dag.py:2379} INFO - Sync 1 DAGs
[2023-01-04 08:20:36,289] {logging_mixin.py:115} INFO - [2023-01-04 08:20:36,288] {dag.py:2927} INFO - Setting next_dagrun for latest_only_with_trigger to 2023-01-04T07:20:36.288015+00:00, run_after=2023-01-04T11:20:36.288015+00:00
[2023-01-04 08:20:36,310] {processor.py:161} INFO - Processing /home/gustavo/Documents/etl_api_twitter/venv/lib/python3.9/site-packages/airflow/example_dags/example_latest_only_with_trigger.py took 0.086 seconds
[2023-01-04 08:21:11,080] {processor.py:153} INFO - Started process (PID=6727) to work on /home/gustavo/Documents/etl_api_twitter/venv/lib/python3.9/site-packages/airflow/example_dags/example_latest_only_with_trigger.py
[2023-01-04 08:21:11,082] {processor.py:641} INFO - Processing file /home/gustavo/Documents/etl_api_twitter/venv/lib/python3.9/site-packages/airflow/example_dags/example_latest_only_with_trigger.py for tasks to queue
[2023-01-04 08:21:11,083] {logging_mixin.py:115} INFO - [2023-01-04 08:21:11,083] {dagbag.py:507} INFO - Filling up the DagBag from /home/gustavo/Documents/etl_api_twitter/venv/lib/python3.9/site-packages/airflow/example_dags/example_latest_only_with_trigger.py
[2023-01-04 08:21:11,092] {processor.py:651} INFO - DAG(s) dict_keys(['latest_only_with_trigger']) retrieved from /home/gustavo/Documents/etl_api_twitter/venv/lib/python3.9/site-packages/airflow/example_dags/example_latest_only_with_trigger.py
[2023-01-04 08:21:11,127] {logging_mixin.py:115} INFO - [2023-01-04 08:21:11,127] {dag.py:2379} INFO - Sync 1 DAGs
[2023-01-04 08:21:11,158] {logging_mixin.py:115} INFO - [2023-01-04 08:21:11,157] {dag.py:2927} INFO - Setting next_dagrun for latest_only_with_trigger to 2023-01-04T07:21:11.157518+00:00, run_after=2023-01-04T11:21:11.157518+00:00
[2023-01-04 08:21:11,175] {processor.py:161} INFO - Processing /home/gustavo/Documents/etl_api_twitter/venv/lib/python3.9/site-packages/airflow/example_dags/example_latest_only_with_trigger.py took 0.097 seconds
[2023-01-04 08:21:45,401] {processor.py:153} INFO - Started process (PID=6930) to work on /home/gustavo/Documents/etl_api_twitter/venv/lib/python3.9/site-packages/airflow/example_dags/example_latest_only_with_trigger.py
[2023-01-04 08:21:45,402] {processor.py:641} INFO - Processing file /home/gustavo/Documents/etl_api_twitter/venv/lib/python3.9/site-packages/airflow/example_dags/example_latest_only_with_trigger.py for tasks to queue
[2023-01-04 08:21:45,404] {logging_mixin.py:115} INFO - [2023-01-04 08:21:45,403] {dagbag.py:507} INFO - Filling up the DagBag from /home/gustavo/Documents/etl_api_twitter/venv/lib/python3.9/site-packages/airflow/example_dags/example_latest_only_with_trigger.py
[2023-01-04 08:21:45,413] {processor.py:651} INFO - DAG(s) dict_keys(['latest_only_with_trigger']) retrieved from /home/gustavo/Documents/etl_api_twitter/venv/lib/python3.9/site-packages/airflow/example_dags/example_latest_only_with_trigger.py
[2023-01-04 08:21:45,427] {logging_mixin.py:115} INFO - [2023-01-04 08:21:45,427] {dag.py:2379} INFO - Sync 1 DAGs
[2023-01-04 08:21:45,444] {logging_mixin.py:115} INFO - [2023-01-04 08:21:45,443] {dag.py:2927} INFO - Setting next_dagrun for latest_only_with_trigger to 2023-01-04T07:21:45.443663+00:00, run_after=2023-01-04T11:21:45.443663+00:00
[2023-01-04 08:21:45,463] {processor.py:161} INFO - Processing /home/gustavo/Documents/etl_api_twitter/venv/lib/python3.9/site-packages/airflow/example_dags/example_latest_only_with_trigger.py took 0.068 seconds
[2023-01-04 08:22:19,372] {processor.py:153} INFO - Started process (PID=7109) to work on /home/gustavo/Documents/etl_api_twitter/venv/lib/python3.9/site-packages/airflow/example_dags/example_latest_only_with_trigger.py
[2023-01-04 08:22:19,373] {processor.py:641} INFO - Processing file /home/gustavo/Documents/etl_api_twitter/venv/lib/python3.9/site-packages/airflow/example_dags/example_latest_only_with_trigger.py for tasks to queue
[2023-01-04 08:22:19,374] {logging_mixin.py:115} INFO - [2023-01-04 08:22:19,374] {dagbag.py:507} INFO - Filling up the DagBag from /home/gustavo/Documents/etl_api_twitter/venv/lib/python3.9/site-packages/airflow/example_dags/example_latest_only_with_trigger.py
[2023-01-04 08:22:19,382] {processor.py:651} INFO - DAG(s) dict_keys(['latest_only_with_trigger']) retrieved from /home/gustavo/Documents/etl_api_twitter/venv/lib/python3.9/site-packages/airflow/example_dags/example_latest_only_with_trigger.py
[2023-01-04 08:22:19,399] {logging_mixin.py:115} INFO - [2023-01-04 08:22:19,399] {dag.py:2379} INFO - Sync 1 DAGs
[2023-01-04 08:22:19,421] {logging_mixin.py:115} INFO - [2023-01-04 08:22:19,420] {dag.py:2927} INFO - Setting next_dagrun for latest_only_with_trigger to 2023-01-04T07:22:19.420418+00:00, run_after=2023-01-04T11:22:19.420418+00:00
[2023-01-04 08:22:19,436] {processor.py:161} INFO - Processing /home/gustavo/Documents/etl_api_twitter/venv/lib/python3.9/site-packages/airflow/example_dags/example_latest_only_with_trigger.py took 0.067 seconds
[2023-01-04 08:22:52,633] {processor.py:153} INFO - Started process (PID=7322) to work on /home/gustavo/Documents/etl_api_twitter/venv/lib/python3.9/site-packages/airflow/example_dags/example_latest_only_with_trigger.py
[2023-01-04 08:22:52,634] {processor.py:641} INFO - Processing file /home/gustavo/Documents/etl_api_twitter/venv/lib/python3.9/site-packages/airflow/example_dags/example_latest_only_with_trigger.py for tasks to queue
[2023-01-04 08:22:52,634] {logging_mixin.py:115} INFO - [2023-01-04 08:22:52,634] {dagbag.py:507} INFO - Filling up the DagBag from /home/gustavo/Documents/etl_api_twitter/venv/lib/python3.9/site-packages/airflow/example_dags/example_latest_only_with_trigger.py
[2023-01-04 08:22:52,640] {processor.py:651} INFO - DAG(s) dict_keys(['latest_only_with_trigger']) retrieved from /home/gustavo/Documents/etl_api_twitter/venv/lib/python3.9/site-packages/airflow/example_dags/example_latest_only_with_trigger.py
[2023-01-04 08:22:52,659] {logging_mixin.py:115} INFO - [2023-01-04 08:22:52,658] {dag.py:2379} INFO - Sync 1 DAGs
[2023-01-04 08:22:52,679] {logging_mixin.py:115} INFO - [2023-01-04 08:22:52,678] {dag.py:2927} INFO - Setting next_dagrun for latest_only_with_trigger to 2023-01-04T07:22:52.678640+00:00, run_after=2023-01-04T11:22:52.678640+00:00
[2023-01-04 08:22:52,695] {processor.py:161} INFO - Processing /home/gustavo/Documents/etl_api_twitter/venv/lib/python3.9/site-packages/airflow/example_dags/example_latest_only_with_trigger.py took 0.066 seconds
[2023-01-04 08:23:27,118] {processor.py:153} INFO - Started process (PID=7532) to work on /home/gustavo/Documents/etl_api_twitter/venv/lib/python3.9/site-packages/airflow/example_dags/example_latest_only_with_trigger.py
[2023-01-04 08:23:27,120] {processor.py:641} INFO - Processing file /home/gustavo/Documents/etl_api_twitter/venv/lib/python3.9/site-packages/airflow/example_dags/example_latest_only_with_trigger.py for tasks to queue
[2023-01-04 08:23:27,120] {logging_mixin.py:115} INFO - [2023-01-04 08:23:27,120] {dagbag.py:507} INFO - Filling up the DagBag from /home/gustavo/Documents/etl_api_twitter/venv/lib/python3.9/site-packages/airflow/example_dags/example_latest_only_with_trigger.py
[2023-01-04 08:23:27,126] {processor.py:651} INFO - DAG(s) dict_keys(['latest_only_with_trigger']) retrieved from /home/gustavo/Documents/etl_api_twitter/venv/lib/python3.9/site-packages/airflow/example_dags/example_latest_only_with_trigger.py
[2023-01-04 08:23:27,145] {logging_mixin.py:115} INFO - [2023-01-04 08:23:27,144] {dag.py:2379} INFO - Sync 1 DAGs
[2023-01-04 08:23:27,164] {logging_mixin.py:115} INFO - [2023-01-04 08:23:27,164] {dag.py:2927} INFO - Setting next_dagrun for latest_only_with_trigger to 2023-01-04T07:23:27.164487+00:00, run_after=2023-01-04T11:23:27.164487+00:00
[2023-01-04 08:23:27,175] {processor.py:161} INFO - Processing /home/gustavo/Documents/etl_api_twitter/venv/lib/python3.9/site-packages/airflow/example_dags/example_latest_only_with_trigger.py took 0.064 seconds
[2023-01-04 08:24:02,918] {processor.py:153} INFO - Started process (PID=7735) to work on /home/gustavo/Documents/etl_api_twitter/venv/lib/python3.9/site-packages/airflow/example_dags/example_latest_only_with_trigger.py
[2023-01-04 08:24:02,919] {processor.py:641} INFO - Processing file /home/gustavo/Documents/etl_api_twitter/venv/lib/python3.9/site-packages/airflow/example_dags/example_latest_only_with_trigger.py for tasks to queue
[2023-01-04 08:24:02,921] {logging_mixin.py:115} INFO - [2023-01-04 08:24:02,920] {dagbag.py:507} INFO - Filling up the DagBag from /home/gustavo/Documents/etl_api_twitter/venv/lib/python3.9/site-packages/airflow/example_dags/example_latest_only_with_trigger.py
[2023-01-04 08:24:02,931] {processor.py:651} INFO - DAG(s) dict_keys(['latest_only_with_trigger']) retrieved from /home/gustavo/Documents/etl_api_twitter/venv/lib/python3.9/site-packages/airflow/example_dags/example_latest_only_with_trigger.py
[2023-01-04 08:24:02,954] {logging_mixin.py:115} INFO - [2023-01-04 08:24:02,954] {dag.py:2379} INFO - Sync 1 DAGs
[2023-01-04 08:24:02,977] {logging_mixin.py:115} INFO - [2023-01-04 08:24:02,977] {dag.py:2927} INFO - Setting next_dagrun for latest_only_with_trigger to 2023-01-04T07:24:02.977472+00:00, run_after=2023-01-04T11:24:02.977472+00:00
[2023-01-04 08:24:02,986] {processor.py:161} INFO - Processing /home/gustavo/Documents/etl_api_twitter/venv/lib/python3.9/site-packages/airflow/example_dags/example_latest_only_with_trigger.py took 0.072 seconds
[2023-01-04 08:24:37,987] {processor.py:153} INFO - Started process (PID=7916) to work on /home/gustavo/Documents/etl_api_twitter/venv/lib/python3.9/site-packages/airflow/example_dags/example_latest_only_with_trigger.py
[2023-01-04 08:24:37,988] {processor.py:641} INFO - Processing file /home/gustavo/Documents/etl_api_twitter/venv/lib/python3.9/site-packages/airflow/example_dags/example_latest_only_with_trigger.py for tasks to queue
[2023-01-04 08:24:37,989] {logging_mixin.py:115} INFO - [2023-01-04 08:24:37,989] {dagbag.py:507} INFO - Filling up the DagBag from /home/gustavo/Documents/etl_api_twitter/venv/lib/python3.9/site-packages/airflow/example_dags/example_latest_only_with_trigger.py
[2023-01-04 08:24:38,002] {processor.py:651} INFO - DAG(s) dict_keys(['latest_only_with_trigger']) retrieved from /home/gustavo/Documents/etl_api_twitter/venv/lib/python3.9/site-packages/airflow/example_dags/example_latest_only_with_trigger.py
[2023-01-04 08:24:38,040] {logging_mixin.py:115} INFO - [2023-01-04 08:24:38,040] {dag.py:2379} INFO - Sync 1 DAGs
[2023-01-04 08:24:38,071] {logging_mixin.py:115} INFO - [2023-01-04 08:24:38,070] {dag.py:2927} INFO - Setting next_dagrun for latest_only_with_trigger to 2023-01-04T07:24:38.070239+00:00, run_after=2023-01-04T11:24:38.070239+00:00
[2023-01-04 08:24:38,092] {processor.py:161} INFO - Processing /home/gustavo/Documents/etl_api_twitter/venv/lib/python3.9/site-packages/airflow/example_dags/example_latest_only_with_trigger.py took 0.109 seconds
[2023-01-04 08:25:11,947] {processor.py:153} INFO - Started process (PID=8119) to work on /home/gustavo/Documents/etl_api_twitter/venv/lib/python3.9/site-packages/airflow/example_dags/example_latest_only_with_trigger.py
[2023-01-04 08:25:11,950] {processor.py:641} INFO - Processing file /home/gustavo/Documents/etl_api_twitter/venv/lib/python3.9/site-packages/airflow/example_dags/example_latest_only_with_trigger.py for tasks to queue
[2023-01-04 08:25:11,951] {logging_mixin.py:115} INFO - [2023-01-04 08:25:11,951] {dagbag.py:507} INFO - Filling up the DagBag from /home/gustavo/Documents/etl_api_twitter/venv/lib/python3.9/site-packages/airflow/example_dags/example_latest_only_with_trigger.py
[2023-01-04 08:25:11,962] {processor.py:651} INFO - DAG(s) dict_keys(['latest_only_with_trigger']) retrieved from /home/gustavo/Documents/etl_api_twitter/venv/lib/python3.9/site-packages/airflow/example_dags/example_latest_only_with_trigger.py
[2023-01-04 08:25:11,984] {logging_mixin.py:115} INFO - [2023-01-04 08:25:11,984] {dag.py:2379} INFO - Sync 1 DAGs
[2023-01-04 08:25:12,009] {logging_mixin.py:115} INFO - [2023-01-04 08:25:12,009] {dag.py:2927} INFO - Setting next_dagrun for latest_only_with_trigger to 2023-01-04T07:25:12.009573+00:00, run_after=2023-01-04T11:25:12.009573+00:00
[2023-01-04 08:25:12,030] {processor.py:161} INFO - Processing /home/gustavo/Documents/etl_api_twitter/venv/lib/python3.9/site-packages/airflow/example_dags/example_latest_only_with_trigger.py took 0.085 seconds
[2023-01-04 08:25:45,760] {processor.py:153} INFO - Started process (PID=8377) to work on /home/gustavo/Documents/etl_api_twitter/venv/lib/python3.9/site-packages/airflow/example_dags/example_latest_only_with_trigger.py
[2023-01-04 08:25:45,762] {processor.py:641} INFO - Processing file /home/gustavo/Documents/etl_api_twitter/venv/lib/python3.9/site-packages/airflow/example_dags/example_latest_only_with_trigger.py for tasks to queue
[2023-01-04 08:25:45,764] {logging_mixin.py:115} INFO - [2023-01-04 08:25:45,763] {dagbag.py:507} INFO - Filling up the DagBag from /home/gustavo/Documents/etl_api_twitter/venv/lib/python3.9/site-packages/airflow/example_dags/example_latest_only_with_trigger.py
[2023-01-04 08:25:45,776] {processor.py:651} INFO - DAG(s) dict_keys(['latest_only_with_trigger']) retrieved from /home/gustavo/Documents/etl_api_twitter/venv/lib/python3.9/site-packages/airflow/example_dags/example_latest_only_with_trigger.py
[2023-01-04 08:25:45,817] {logging_mixin.py:115} INFO - [2023-01-04 08:25:45,817] {dag.py:2379} INFO - Sync 1 DAGs
[2023-01-04 08:25:45,844] {logging_mixin.py:115} INFO - [2023-01-04 08:25:45,844] {dag.py:2927} INFO - Setting next_dagrun for latest_only_with_trigger to 2023-01-04T07:25:45.843873+00:00, run_after=2023-01-04T11:25:45.843873+00:00
[2023-01-04 08:25:45,868] {processor.py:161} INFO - Processing /home/gustavo/Documents/etl_api_twitter/venv/lib/python3.9/site-packages/airflow/example_dags/example_latest_only_with_trigger.py took 0.115 seconds
[2023-01-04 08:26:22,250] {processor.py:153} INFO - Started process (PID=8585) to work on /home/gustavo/Documents/etl_api_twitter/venv/lib/python3.9/site-packages/airflow/example_dags/example_latest_only_with_trigger.py
[2023-01-04 08:26:22,251] {processor.py:641} INFO - Processing file /home/gustavo/Documents/etl_api_twitter/venv/lib/python3.9/site-packages/airflow/example_dags/example_latest_only_with_trigger.py for tasks to queue
[2023-01-04 08:26:22,252] {logging_mixin.py:115} INFO - [2023-01-04 08:26:22,251] {dagbag.py:507} INFO - Filling up the DagBag from /home/gustavo/Documents/etl_api_twitter/venv/lib/python3.9/site-packages/airflow/example_dags/example_latest_only_with_trigger.py
[2023-01-04 08:26:22,258] {processor.py:651} INFO - DAG(s) dict_keys(['latest_only_with_trigger']) retrieved from /home/gustavo/Documents/etl_api_twitter/venv/lib/python3.9/site-packages/airflow/example_dags/example_latest_only_with_trigger.py
[2023-01-04 08:26:22,273] {logging_mixin.py:115} INFO - [2023-01-04 08:26:22,272] {dag.py:2379} INFO - Sync 1 DAGs
[2023-01-04 08:26:22,287] {logging_mixin.py:115} INFO - [2023-01-04 08:26:22,286] {dag.py:2927} INFO - Setting next_dagrun for latest_only_with_trigger to 2023-01-04T07:26:22.286761+00:00, run_after=2023-01-04T11:26:22.286761+00:00
[2023-01-04 08:26:22,296] {processor.py:161} INFO - Processing /home/gustavo/Documents/etl_api_twitter/venv/lib/python3.9/site-packages/airflow/example_dags/example_latest_only_with_trigger.py took 0.051 seconds
[2023-01-04 08:26:57,199] {processor.py:153} INFO - Started process (PID=8793) to work on /home/gustavo/Documents/etl_api_twitter/venv/lib/python3.9/site-packages/airflow/example_dags/example_latest_only_with_trigger.py
[2023-01-04 08:26:57,201] {processor.py:641} INFO - Processing file /home/gustavo/Documents/etl_api_twitter/venv/lib/python3.9/site-packages/airflow/example_dags/example_latest_only_with_trigger.py for tasks to queue
[2023-01-04 08:26:57,202] {logging_mixin.py:115} INFO - [2023-01-04 08:26:57,202] {dagbag.py:507} INFO - Filling up the DagBag from /home/gustavo/Documents/etl_api_twitter/venv/lib/python3.9/site-packages/airflow/example_dags/example_latest_only_with_trigger.py
[2023-01-04 08:26:57,212] {processor.py:651} INFO - DAG(s) dict_keys(['latest_only_with_trigger']) retrieved from /home/gustavo/Documents/etl_api_twitter/venv/lib/python3.9/site-packages/airflow/example_dags/example_latest_only_with_trigger.py
[2023-01-04 08:26:57,245] {logging_mixin.py:115} INFO - [2023-01-04 08:26:57,245] {dag.py:2379} INFO - Sync 1 DAGs
[2023-01-04 08:26:57,273] {logging_mixin.py:115} INFO - [2023-01-04 08:26:57,273] {dag.py:2927} INFO - Setting next_dagrun for latest_only_with_trigger to 2023-01-04T07:26:57.273428+00:00, run_after=2023-01-04T11:26:57.273428+00:00
[2023-01-04 08:26:57,290] {processor.py:161} INFO - Processing /home/gustavo/Documents/etl_api_twitter/venv/lib/python3.9/site-packages/airflow/example_dags/example_latest_only_with_trigger.py took 0.096 seconds
[2023-01-04 08:27:33,781] {processor.py:153} INFO - Started process (PID=9005) to work on /home/gustavo/Documents/etl_api_twitter/venv/lib/python3.9/site-packages/airflow/example_dags/example_latest_only_with_trigger.py
[2023-01-04 08:27:33,783] {processor.py:641} INFO - Processing file /home/gustavo/Documents/etl_api_twitter/venv/lib/python3.9/site-packages/airflow/example_dags/example_latest_only_with_trigger.py for tasks to queue
[2023-01-04 08:27:33,784] {logging_mixin.py:115} INFO - [2023-01-04 08:27:33,784] {dagbag.py:507} INFO - Filling up the DagBag from /home/gustavo/Documents/etl_api_twitter/venv/lib/python3.9/site-packages/airflow/example_dags/example_latest_only_with_trigger.py
[2023-01-04 08:27:33,796] {processor.py:651} INFO - DAG(s) dict_keys(['latest_only_with_trigger']) retrieved from /home/gustavo/Documents/etl_api_twitter/venv/lib/python3.9/site-packages/airflow/example_dags/example_latest_only_with_trigger.py
[2023-01-04 08:27:33,828] {logging_mixin.py:115} INFO - [2023-01-04 08:27:33,828] {dag.py:2379} INFO - Sync 1 DAGs
[2023-01-04 08:27:33,852] {logging_mixin.py:115} INFO - [2023-01-04 08:27:33,852] {dag.py:2927} INFO - Setting next_dagrun for latest_only_with_trigger to 2023-01-04T07:27:33.852199+00:00, run_after=2023-01-04T11:27:33.852199+00:00
[2023-01-04 08:27:33,864] {processor.py:161} INFO - Processing /home/gustavo/Documents/etl_api_twitter/venv/lib/python3.9/site-packages/airflow/example_dags/example_latest_only_with_trigger.py took 0.091 seconds
