[2023-01-04 08:00:54,781] {processor.py:153} INFO - Started process (PID=28237) to work on /home/gustavo/Documents/etl_api_twitter/venv/lib/python3.9/site-packages/airflow/example_dags/example_trigger_controller_dag.py
[2023-01-04 08:00:54,782] {processor.py:641} INFO - Processing file /home/gustavo/Documents/etl_api_twitter/venv/lib/python3.9/site-packages/airflow/example_dags/example_trigger_controller_dag.py for tasks to queue
[2023-01-04 08:00:54,784] {logging_mixin.py:115} INFO - [2023-01-04 08:00:54,784] {dagbag.py:507} INFO - Filling up the DagBag from /home/gustavo/Documents/etl_api_twitter/venv/lib/python3.9/site-packages/airflow/example_dags/example_trigger_controller_dag.py
[2023-01-04 08:00:54,792] {processor.py:651} INFO - DAG(s) dict_keys(['example_trigger_controller_dag']) retrieved from /home/gustavo/Documents/etl_api_twitter/venv/lib/python3.9/site-packages/airflow/example_dags/example_trigger_controller_dag.py
[2023-01-04 08:00:54,894] {logging_mixin.py:115} INFO - [2023-01-04 08:00:54,894] {manager.py:508} INFO - Created Permission View: can edit on DAG:example_trigger_controller_dag
[2023-01-04 08:00:54,905] {logging_mixin.py:115} INFO - [2023-01-04 08:00:54,905] {manager.py:508} INFO - Created Permission View: can read on DAG:example_trigger_controller_dag
[2023-01-04 08:00:54,919] {logging_mixin.py:115} INFO - [2023-01-04 08:00:54,918] {manager.py:508} INFO - Created Permission View: can delete on DAG:example_trigger_controller_dag
[2023-01-04 08:00:54,919] {logging_mixin.py:115} INFO - [2023-01-04 08:00:54,919] {dag.py:2379} INFO - Sync 1 DAGs
[2023-01-04 08:00:54,935] {logging_mixin.py:115} INFO - [2023-01-04 08:00:54,935] {dag.py:2398} INFO - Creating ORM DAG for example_trigger_controller_dag
[2023-01-04 08:00:54,957] {logging_mixin.py:115} INFO - [2023-01-04 08:00:54,957] {dag.py:2927} INFO - Setting next_dagrun for example_trigger_controller_dag to 2021-01-01T00:00:00+00:00, run_after=2021-01-01T00:00:00+00:00
[2023-01-04 08:00:54,982] {processor.py:161} INFO - Processing /home/gustavo/Documents/etl_api_twitter/venv/lib/python3.9/site-packages/airflow/example_dags/example_trigger_controller_dag.py took 0.207 seconds
[2023-01-04 08:01:35,356] {processor.py:153} INFO - Started process (PID=28480) to work on /home/gustavo/Documents/etl_api_twitter/venv/lib/python3.9/site-packages/airflow/example_dags/example_trigger_controller_dag.py
[2023-01-04 08:01:35,358] {processor.py:641} INFO - Processing file /home/gustavo/Documents/etl_api_twitter/venv/lib/python3.9/site-packages/airflow/example_dags/example_trigger_controller_dag.py for tasks to queue
[2023-01-04 08:01:35,359] {logging_mixin.py:115} INFO - [2023-01-04 08:01:35,359] {dagbag.py:507} INFO - Filling up the DagBag from /home/gustavo/Documents/etl_api_twitter/venv/lib/python3.9/site-packages/airflow/example_dags/example_trigger_controller_dag.py
[2023-01-04 08:01:35,367] {processor.py:651} INFO - DAG(s) dict_keys(['example_trigger_controller_dag']) retrieved from /home/gustavo/Documents/etl_api_twitter/venv/lib/python3.9/site-packages/airflow/example_dags/example_trigger_controller_dag.py
[2023-01-04 08:01:35,422] {logging_mixin.py:115} INFO - [2023-01-04 08:01:35,422] {dag.py:2379} INFO - Sync 1 DAGs
[2023-01-04 08:01:35,450] {logging_mixin.py:115} INFO - [2023-01-04 08:01:35,450] {dag.py:2927} INFO - Setting next_dagrun for example_trigger_controller_dag to 2021-01-01T00:00:00+00:00, run_after=2021-01-01T00:00:00+00:00
[2023-01-04 08:01:35,467] {processor.py:161} INFO - Processing /home/gustavo/Documents/etl_api_twitter/venv/lib/python3.9/site-packages/airflow/example_dags/example_trigger_controller_dag.py took 0.126 seconds
[2023-01-04 08:02:12,122] {processor.py:153} INFO - Started process (PID=28683) to work on /home/gustavo/Documents/etl_api_twitter/venv/lib/python3.9/site-packages/airflow/example_dags/example_trigger_controller_dag.py
[2023-01-04 08:02:12,125] {processor.py:641} INFO - Processing file /home/gustavo/Documents/etl_api_twitter/venv/lib/python3.9/site-packages/airflow/example_dags/example_trigger_controller_dag.py for tasks to queue
[2023-01-04 08:02:12,126] {logging_mixin.py:115} INFO - [2023-01-04 08:02:12,125] {dagbag.py:507} INFO - Filling up the DagBag from /home/gustavo/Documents/etl_api_twitter/venv/lib/python3.9/site-packages/airflow/example_dags/example_trigger_controller_dag.py
[2023-01-04 08:02:12,129] {processor.py:651} INFO - DAG(s) dict_keys(['example_trigger_controller_dag']) retrieved from /home/gustavo/Documents/etl_api_twitter/venv/lib/python3.9/site-packages/airflow/example_dags/example_trigger_controller_dag.py
[2023-01-04 08:02:12,155] {logging_mixin.py:115} INFO - [2023-01-04 08:02:12,155] {dag.py:2379} INFO - Sync 1 DAGs
[2023-01-04 08:02:12,190] {logging_mixin.py:115} INFO - [2023-01-04 08:02:12,190] {dag.py:2927} INFO - Setting next_dagrun for example_trigger_controller_dag to 2021-01-01T00:00:00+00:00, run_after=2021-01-01T00:00:00+00:00
[2023-01-04 08:02:12,224] {processor.py:161} INFO - Processing /home/gustavo/Documents/etl_api_twitter/venv/lib/python3.9/site-packages/airflow/example_dags/example_trigger_controller_dag.py took 0.107 seconds
[2023-01-04 08:10:46,260] {processor.py:153} INFO - Started process (PID=3416) to work on /home/gustavo/Documents/etl_api_twitter/venv/lib/python3.9/site-packages/airflow/example_dags/example_trigger_controller_dag.py
[2023-01-04 08:10:46,262] {processor.py:641} INFO - Processing file /home/gustavo/Documents/etl_api_twitter/venv/lib/python3.9/site-packages/airflow/example_dags/example_trigger_controller_dag.py for tasks to queue
[2023-01-04 08:10:46,263] {logging_mixin.py:115} INFO - [2023-01-04 08:10:46,263] {dagbag.py:507} INFO - Filling up the DagBag from /home/gustavo/Documents/etl_api_twitter/venv/lib/python3.9/site-packages/airflow/example_dags/example_trigger_controller_dag.py
[2023-01-04 08:10:46,266] {processor.py:651} INFO - DAG(s) dict_keys(['example_trigger_controller_dag']) retrieved from /home/gustavo/Documents/etl_api_twitter/venv/lib/python3.9/site-packages/airflow/example_dags/example_trigger_controller_dag.py
[2023-01-04 08:10:46,287] {logging_mixin.py:115} INFO - [2023-01-04 08:10:46,287] {dag.py:2379} INFO - Sync 1 DAGs
[2023-01-04 08:10:46,305] {logging_mixin.py:115} INFO - [2023-01-04 08:10:46,305] {dag.py:2927} INFO - Setting next_dagrun for example_trigger_controller_dag to 2021-01-01T00:00:00+00:00, run_after=2021-01-01T00:00:00+00:00
[2023-01-04 08:10:46,319] {processor.py:161} INFO - Processing /home/gustavo/Documents/etl_api_twitter/venv/lib/python3.9/site-packages/airflow/example_dags/example_trigger_controller_dag.py took 0.062 seconds
[2023-01-04 08:11:22,605] {processor.py:153} INFO - Started process (PID=3932) to work on /home/gustavo/Documents/etl_api_twitter/venv/lib/python3.9/site-packages/airflow/example_dags/example_trigger_controller_dag.py
[2023-01-04 08:11:22,606] {processor.py:641} INFO - Processing file /home/gustavo/Documents/etl_api_twitter/venv/lib/python3.9/site-packages/airflow/example_dags/example_trigger_controller_dag.py for tasks to queue
[2023-01-04 08:11:22,606] {logging_mixin.py:115} INFO - [2023-01-04 08:11:22,606] {dagbag.py:507} INFO - Filling up the DagBag from /home/gustavo/Documents/etl_api_twitter/venv/lib/python3.9/site-packages/airflow/example_dags/example_trigger_controller_dag.py
[2023-01-04 08:11:22,609] {processor.py:651} INFO - DAG(s) dict_keys(['example_trigger_controller_dag']) retrieved from /home/gustavo/Documents/etl_api_twitter/venv/lib/python3.9/site-packages/airflow/example_dags/example_trigger_controller_dag.py
[2023-01-04 08:11:22,623] {logging_mixin.py:115} INFO - [2023-01-04 08:11:22,623] {dag.py:2379} INFO - Sync 1 DAGs
[2023-01-04 08:11:22,637] {logging_mixin.py:115} INFO - [2023-01-04 08:11:22,637] {dag.py:2927} INFO - Setting next_dagrun for example_trigger_controller_dag to 2021-01-01T00:00:00+00:00, run_after=2021-01-01T00:00:00+00:00
[2023-01-04 08:11:22,646] {processor.py:161} INFO - Processing /home/gustavo/Documents/etl_api_twitter/venv/lib/python3.9/site-packages/airflow/example_dags/example_trigger_controller_dag.py took 0.043 seconds
[2023-01-04 08:11:57,416] {processor.py:153} INFO - Started process (PID=4081) to work on /home/gustavo/Documents/etl_api_twitter/venv/lib/python3.9/site-packages/airflow/example_dags/example_trigger_controller_dag.py
[2023-01-04 08:11:57,418] {processor.py:641} INFO - Processing file /home/gustavo/Documents/etl_api_twitter/venv/lib/python3.9/site-packages/airflow/example_dags/example_trigger_controller_dag.py for tasks to queue
[2023-01-04 08:11:57,419] {logging_mixin.py:115} INFO - [2023-01-04 08:11:57,419] {dagbag.py:507} INFO - Filling up the DagBag from /home/gustavo/Documents/etl_api_twitter/venv/lib/python3.9/site-packages/airflow/example_dags/example_trigger_controller_dag.py
[2023-01-04 08:11:57,427] {processor.py:651} INFO - DAG(s) dict_keys(['example_trigger_controller_dag']) retrieved from /home/gustavo/Documents/etl_api_twitter/venv/lib/python3.9/site-packages/airflow/example_dags/example_trigger_controller_dag.py
[2023-01-04 08:11:57,453] {logging_mixin.py:115} INFO - [2023-01-04 08:11:57,453] {dag.py:2379} INFO - Sync 1 DAGs
[2023-01-04 08:11:57,469] {logging_mixin.py:115} INFO - [2023-01-04 08:11:57,469] {dag.py:2927} INFO - Setting next_dagrun for example_trigger_controller_dag to 2021-01-01T00:00:00+00:00, run_after=2021-01-01T00:00:00+00:00
[2023-01-04 08:11:57,481] {processor.py:161} INFO - Processing /home/gustavo/Documents/etl_api_twitter/venv/lib/python3.9/site-packages/airflow/example_dags/example_trigger_controller_dag.py took 0.072 seconds
[2023-01-04 08:12:29,370] {processor.py:153} INFO - Started process (PID=4175) to work on /home/gustavo/Documents/etl_api_twitter/venv/lib/python3.9/site-packages/airflow/example_dags/example_trigger_controller_dag.py
[2023-01-04 08:12:29,371] {processor.py:641} INFO - Processing file /home/gustavo/Documents/etl_api_twitter/venv/lib/python3.9/site-packages/airflow/example_dags/example_trigger_controller_dag.py for tasks to queue
[2023-01-04 08:12:29,371] {logging_mixin.py:115} INFO - [2023-01-04 08:12:29,371] {dagbag.py:507} INFO - Filling up the DagBag from /home/gustavo/Documents/etl_api_twitter/venv/lib/python3.9/site-packages/airflow/example_dags/example_trigger_controller_dag.py
[2023-01-04 08:12:29,374] {processor.py:651} INFO - DAG(s) dict_keys(['example_trigger_controller_dag']) retrieved from /home/gustavo/Documents/etl_api_twitter/venv/lib/python3.9/site-packages/airflow/example_dags/example_trigger_controller_dag.py
[2023-01-04 08:12:29,388] {logging_mixin.py:115} INFO - [2023-01-04 08:12:29,388] {dag.py:2379} INFO - Sync 1 DAGs
[2023-01-04 08:12:29,404] {logging_mixin.py:115} INFO - [2023-01-04 08:12:29,404] {dag.py:2927} INFO - Setting next_dagrun for example_trigger_controller_dag to 2021-01-01T00:00:00+00:00, run_after=2021-01-01T00:00:00+00:00
[2023-01-04 08:12:29,414] {processor.py:161} INFO - Processing /home/gustavo/Documents/etl_api_twitter/venv/lib/python3.9/site-packages/airflow/example_dags/example_trigger_controller_dag.py took 0.046 seconds
[2023-01-04 08:13:04,364] {processor.py:153} INFO - Started process (PID=4211) to work on /home/gustavo/Documents/etl_api_twitter/venv/lib/python3.9/site-packages/airflow/example_dags/example_trigger_controller_dag.py
[2023-01-04 08:13:04,365] {processor.py:641} INFO - Processing file /home/gustavo/Documents/etl_api_twitter/venv/lib/python3.9/site-packages/airflow/example_dags/example_trigger_controller_dag.py for tasks to queue
[2023-01-04 08:13:04,366] {logging_mixin.py:115} INFO - [2023-01-04 08:13:04,366] {dagbag.py:507} INFO - Filling up the DagBag from /home/gustavo/Documents/etl_api_twitter/venv/lib/python3.9/site-packages/airflow/example_dags/example_trigger_controller_dag.py
[2023-01-04 08:13:04,370] {processor.py:651} INFO - DAG(s) dict_keys(['example_trigger_controller_dag']) retrieved from /home/gustavo/Documents/etl_api_twitter/venv/lib/python3.9/site-packages/airflow/example_dags/example_trigger_controller_dag.py
[2023-01-04 08:13:04,390] {logging_mixin.py:115} INFO - [2023-01-04 08:13:04,390] {dag.py:2379} INFO - Sync 1 DAGs
[2023-01-04 08:13:04,416] {logging_mixin.py:115} INFO - [2023-01-04 08:13:04,416] {dag.py:2927} INFO - Setting next_dagrun for example_trigger_controller_dag to 2021-01-01T00:00:00+00:00, run_after=2021-01-01T00:00:00+00:00
[2023-01-04 08:13:04,431] {processor.py:161} INFO - Processing /home/gustavo/Documents/etl_api_twitter/venv/lib/python3.9/site-packages/airflow/example_dags/example_trigger_controller_dag.py took 0.075 seconds
[2023-01-04 08:13:39,164] {processor.py:153} INFO - Started process (PID=4248) to work on /home/gustavo/Documents/etl_api_twitter/venv/lib/python3.9/site-packages/airflow/example_dags/example_trigger_controller_dag.py
[2023-01-04 08:13:39,165] {processor.py:641} INFO - Processing file /home/gustavo/Documents/etl_api_twitter/venv/lib/python3.9/site-packages/airflow/example_dags/example_trigger_controller_dag.py for tasks to queue
[2023-01-04 08:13:39,167] {logging_mixin.py:115} INFO - [2023-01-04 08:13:39,166] {dagbag.py:507} INFO - Filling up the DagBag from /home/gustavo/Documents/etl_api_twitter/venv/lib/python3.9/site-packages/airflow/example_dags/example_trigger_controller_dag.py
[2023-01-04 08:13:39,173] {processor.py:651} INFO - DAG(s) dict_keys(['example_trigger_controller_dag']) retrieved from /home/gustavo/Documents/etl_api_twitter/venv/lib/python3.9/site-packages/airflow/example_dags/example_trigger_controller_dag.py
[2023-01-04 08:13:39,188] {logging_mixin.py:115} INFO - [2023-01-04 08:13:39,188] {dag.py:2379} INFO - Sync 1 DAGs
[2023-01-04 08:13:39,205] {logging_mixin.py:115} INFO - [2023-01-04 08:13:39,205] {dag.py:2927} INFO - Setting next_dagrun for example_trigger_controller_dag to 2021-01-01T00:00:00+00:00, run_after=2021-01-01T00:00:00+00:00
[2023-01-04 08:13:39,217] {processor.py:161} INFO - Processing /home/gustavo/Documents/etl_api_twitter/venv/lib/python3.9/site-packages/airflow/example_dags/example_trigger_controller_dag.py took 0.059 seconds
[2023-01-04 08:14:12,836] {processor.py:153} INFO - Started process (PID=4284) to work on /home/gustavo/Documents/etl_api_twitter/venv/lib/python3.9/site-packages/airflow/example_dags/example_trigger_controller_dag.py
[2023-01-04 08:14:12,838] {processor.py:641} INFO - Processing file /home/gustavo/Documents/etl_api_twitter/venv/lib/python3.9/site-packages/airflow/example_dags/example_trigger_controller_dag.py for tasks to queue
[2023-01-04 08:14:12,839] {logging_mixin.py:115} INFO - [2023-01-04 08:14:12,839] {dagbag.py:507} INFO - Filling up the DagBag from /home/gustavo/Documents/etl_api_twitter/venv/lib/python3.9/site-packages/airflow/example_dags/example_trigger_controller_dag.py
[2023-01-04 08:14:12,845] {processor.py:651} INFO - DAG(s) dict_keys(['example_trigger_controller_dag']) retrieved from /home/gustavo/Documents/etl_api_twitter/venv/lib/python3.9/site-packages/airflow/example_dags/example_trigger_controller_dag.py
[2023-01-04 08:14:12,864] {logging_mixin.py:115} INFO - [2023-01-04 08:14:12,864] {dag.py:2379} INFO - Sync 1 DAGs
[2023-01-04 08:14:12,880] {logging_mixin.py:115} INFO - [2023-01-04 08:14:12,880] {dag.py:2927} INFO - Setting next_dagrun for example_trigger_controller_dag to 2021-01-01T00:00:00+00:00, run_after=2021-01-01T00:00:00+00:00
[2023-01-04 08:14:12,889] {processor.py:161} INFO - Processing /home/gustavo/Documents/etl_api_twitter/venv/lib/python3.9/site-packages/airflow/example_dags/example_trigger_controller_dag.py took 0.059 seconds
[2023-01-04 08:14:46,732] {processor.py:153} INFO - Started process (PID=4430) to work on /home/gustavo/Documents/etl_api_twitter/venv/lib/python3.9/site-packages/airflow/example_dags/example_trigger_controller_dag.py
[2023-01-04 08:14:46,733] {processor.py:641} INFO - Processing file /home/gustavo/Documents/etl_api_twitter/venv/lib/python3.9/site-packages/airflow/example_dags/example_trigger_controller_dag.py for tasks to queue
[2023-01-04 08:14:46,733] {logging_mixin.py:115} INFO - [2023-01-04 08:14:46,733] {dagbag.py:507} INFO - Filling up the DagBag from /home/gustavo/Documents/etl_api_twitter/venv/lib/python3.9/site-packages/airflow/example_dags/example_trigger_controller_dag.py
[2023-01-04 08:14:46,738] {processor.py:651} INFO - DAG(s) dict_keys(['example_trigger_controller_dag']) retrieved from /home/gustavo/Documents/etl_api_twitter/venv/lib/python3.9/site-packages/airflow/example_dags/example_trigger_controller_dag.py
[2023-01-04 08:14:46,759] {logging_mixin.py:115} INFO - [2023-01-04 08:14:46,758] {dag.py:2379} INFO - Sync 1 DAGs
[2023-01-04 08:14:46,775] {logging_mixin.py:115} INFO - [2023-01-04 08:14:46,775] {dag.py:2927} INFO - Setting next_dagrun for example_trigger_controller_dag to 2021-01-01T00:00:00+00:00, run_after=2021-01-01T00:00:00+00:00
[2023-01-04 08:14:46,785] {processor.py:161} INFO - Processing /home/gustavo/Documents/etl_api_twitter/venv/lib/python3.9/site-packages/airflow/example_dags/example_trigger_controller_dag.py took 0.058 seconds
[2023-01-04 08:15:21,223] {processor.py:153} INFO - Started process (PID=4566) to work on /home/gustavo/Documents/etl_api_twitter/venv/lib/python3.9/site-packages/airflow/example_dags/example_trigger_controller_dag.py
[2023-01-04 08:15:21,225] {processor.py:641} INFO - Processing file /home/gustavo/Documents/etl_api_twitter/venv/lib/python3.9/site-packages/airflow/example_dags/example_trigger_controller_dag.py for tasks to queue
[2023-01-04 08:15:21,226] {logging_mixin.py:115} INFO - [2023-01-04 08:15:21,225] {dagbag.py:507} INFO - Filling up the DagBag from /home/gustavo/Documents/etl_api_twitter/venv/lib/python3.9/site-packages/airflow/example_dags/example_trigger_controller_dag.py
[2023-01-04 08:15:21,232] {processor.py:651} INFO - DAG(s) dict_keys(['example_trigger_controller_dag']) retrieved from /home/gustavo/Documents/etl_api_twitter/venv/lib/python3.9/site-packages/airflow/example_dags/example_trigger_controller_dag.py
[2023-01-04 08:15:21,265] {logging_mixin.py:115} INFO - [2023-01-04 08:15:21,265] {dag.py:2379} INFO - Sync 1 DAGs
[2023-01-04 08:15:21,286] {logging_mixin.py:115} INFO - [2023-01-04 08:15:21,286] {dag.py:2927} INFO - Setting next_dagrun for example_trigger_controller_dag to 2021-01-01T00:00:00+00:00, run_after=2021-01-01T00:00:00+00:00
[2023-01-04 08:15:21,299] {processor.py:161} INFO - Processing /home/gustavo/Documents/etl_api_twitter/venv/lib/python3.9/site-packages/airflow/example_dags/example_trigger_controller_dag.py took 0.083 seconds
[2023-01-04 08:15:53,791] {processor.py:153} INFO - Started process (PID=4827) to work on /home/gustavo/Documents/etl_api_twitter/venv/lib/python3.9/site-packages/airflow/example_dags/example_trigger_controller_dag.py
[2023-01-04 08:15:53,793] {processor.py:641} INFO - Processing file /home/gustavo/Documents/etl_api_twitter/venv/lib/python3.9/site-packages/airflow/example_dags/example_trigger_controller_dag.py for tasks to queue
[2023-01-04 08:15:53,793] {logging_mixin.py:115} INFO - [2023-01-04 08:15:53,793] {dagbag.py:507} INFO - Filling up the DagBag from /home/gustavo/Documents/etl_api_twitter/venv/lib/python3.9/site-packages/airflow/example_dags/example_trigger_controller_dag.py
[2023-01-04 08:15:53,796] {processor.py:651} INFO - DAG(s) dict_keys(['example_trigger_controller_dag']) retrieved from /home/gustavo/Documents/etl_api_twitter/venv/lib/python3.9/site-packages/airflow/example_dags/example_trigger_controller_dag.py
[2023-01-04 08:15:53,819] {logging_mixin.py:115} INFO - [2023-01-04 08:15:53,819] {dag.py:2379} INFO - Sync 1 DAGs
[2023-01-04 08:15:53,845] {logging_mixin.py:115} INFO - [2023-01-04 08:15:53,845] {dag.py:2927} INFO - Setting next_dagrun for example_trigger_controller_dag to 2021-01-01T00:00:00+00:00, run_after=2021-01-01T00:00:00+00:00
[2023-01-04 08:15:53,875] {processor.py:161} INFO - Processing /home/gustavo/Documents/etl_api_twitter/venv/lib/python3.9/site-packages/airflow/example_dags/example_trigger_controller_dag.py took 0.089 seconds
[2023-01-04 08:16:26,131] {processor.py:153} INFO - Started process (PID=5014) to work on /home/gustavo/Documents/etl_api_twitter/venv/lib/python3.9/site-packages/airflow/example_dags/example_trigger_controller_dag.py
[2023-01-04 08:16:26,132] {processor.py:641} INFO - Processing file /home/gustavo/Documents/etl_api_twitter/venv/lib/python3.9/site-packages/airflow/example_dags/example_trigger_controller_dag.py for tasks to queue
[2023-01-04 08:16:26,133] {logging_mixin.py:115} INFO - [2023-01-04 08:16:26,133] {dagbag.py:507} INFO - Filling up the DagBag from /home/gustavo/Documents/etl_api_twitter/venv/lib/python3.9/site-packages/airflow/example_dags/example_trigger_controller_dag.py
[2023-01-04 08:16:26,138] {processor.py:651} INFO - DAG(s) dict_keys(['example_trigger_controller_dag']) retrieved from /home/gustavo/Documents/etl_api_twitter/venv/lib/python3.9/site-packages/airflow/example_dags/example_trigger_controller_dag.py
[2023-01-04 08:16:26,168] {logging_mixin.py:115} INFO - [2023-01-04 08:16:26,168] {dag.py:2379} INFO - Sync 1 DAGs
[2023-01-04 08:16:26,197] {logging_mixin.py:115} INFO - [2023-01-04 08:16:26,197] {dag.py:2927} INFO - Setting next_dagrun for example_trigger_controller_dag to 2021-01-01T00:00:00+00:00, run_after=2021-01-01T00:00:00+00:00
[2023-01-04 08:16:26,214] {processor.py:161} INFO - Processing /home/gustavo/Documents/etl_api_twitter/venv/lib/python3.9/site-packages/airflow/example_dags/example_trigger_controller_dag.py took 0.088 seconds
[2023-01-04 08:16:59,354] {processor.py:153} INFO - Started process (PID=5217) to work on /home/gustavo/Documents/etl_api_twitter/venv/lib/python3.9/site-packages/airflow/example_dags/example_trigger_controller_dag.py
[2023-01-04 08:16:59,355] {processor.py:641} INFO - Processing file /home/gustavo/Documents/etl_api_twitter/venv/lib/python3.9/site-packages/airflow/example_dags/example_trigger_controller_dag.py for tasks to queue
[2023-01-04 08:16:59,356] {logging_mixin.py:115} INFO - [2023-01-04 08:16:59,356] {dagbag.py:507} INFO - Filling up the DagBag from /home/gustavo/Documents/etl_api_twitter/venv/lib/python3.9/site-packages/airflow/example_dags/example_trigger_controller_dag.py
[2023-01-04 08:16:59,360] {processor.py:651} INFO - DAG(s) dict_keys(['example_trigger_controller_dag']) retrieved from /home/gustavo/Documents/etl_api_twitter/venv/lib/python3.9/site-packages/airflow/example_dags/example_trigger_controller_dag.py
[2023-01-04 08:16:59,379] {logging_mixin.py:115} INFO - [2023-01-04 08:16:59,379] {dag.py:2379} INFO - Sync 1 DAGs
[2023-01-04 08:16:59,394] {logging_mixin.py:115} INFO - [2023-01-04 08:16:59,394] {dag.py:2927} INFO - Setting next_dagrun for example_trigger_controller_dag to 2021-01-01T00:00:00+00:00, run_after=2021-01-01T00:00:00+00:00
[2023-01-04 08:16:59,407] {processor.py:161} INFO - Processing /home/gustavo/Documents/etl_api_twitter/venv/lib/python3.9/site-packages/airflow/example_dags/example_trigger_controller_dag.py took 0.056 seconds
[2023-01-04 08:17:35,747] {processor.py:153} INFO - Started process (PID=5427) to work on /home/gustavo/Documents/etl_api_twitter/venv/lib/python3.9/site-packages/airflow/example_dags/example_trigger_controller_dag.py
[2023-01-04 08:17:35,749] {processor.py:641} INFO - Processing file /home/gustavo/Documents/etl_api_twitter/venv/lib/python3.9/site-packages/airflow/example_dags/example_trigger_controller_dag.py for tasks to queue
[2023-01-04 08:17:35,750] {logging_mixin.py:115} INFO - [2023-01-04 08:17:35,749] {dagbag.py:507} INFO - Filling up the DagBag from /home/gustavo/Documents/etl_api_twitter/venv/lib/python3.9/site-packages/airflow/example_dags/example_trigger_controller_dag.py
[2023-01-04 08:17:35,752] {processor.py:651} INFO - DAG(s) dict_keys(['example_trigger_controller_dag']) retrieved from /home/gustavo/Documents/etl_api_twitter/venv/lib/python3.9/site-packages/airflow/example_dags/example_trigger_controller_dag.py
[2023-01-04 08:17:35,768] {logging_mixin.py:115} INFO - [2023-01-04 08:17:35,767] {dag.py:2379} INFO - Sync 1 DAGs
[2023-01-04 08:17:35,789] {logging_mixin.py:115} INFO - [2023-01-04 08:17:35,789] {dag.py:2927} INFO - Setting next_dagrun for example_trigger_controller_dag to 2021-01-01T00:00:00+00:00, run_after=2021-01-01T00:00:00+00:00
[2023-01-04 08:17:35,800] {processor.py:161} INFO - Processing /home/gustavo/Documents/etl_api_twitter/venv/lib/python3.9/site-packages/airflow/example_dags/example_trigger_controller_dag.py took 0.060 seconds
[2023-01-04 08:18:10,975] {processor.py:153} INFO - Started process (PID=5639) to work on /home/gustavo/Documents/etl_api_twitter/venv/lib/python3.9/site-packages/airflow/example_dags/example_trigger_controller_dag.py
[2023-01-04 08:18:10,976] {processor.py:641} INFO - Processing file /home/gustavo/Documents/etl_api_twitter/venv/lib/python3.9/site-packages/airflow/example_dags/example_trigger_controller_dag.py for tasks to queue
[2023-01-04 08:18:10,977] {logging_mixin.py:115} INFO - [2023-01-04 08:18:10,977] {dagbag.py:507} INFO - Filling up the DagBag from /home/gustavo/Documents/etl_api_twitter/venv/lib/python3.9/site-packages/airflow/example_dags/example_trigger_controller_dag.py
[2023-01-04 08:18:10,981] {processor.py:651} INFO - DAG(s) dict_keys(['example_trigger_controller_dag']) retrieved from /home/gustavo/Documents/etl_api_twitter/venv/lib/python3.9/site-packages/airflow/example_dags/example_trigger_controller_dag.py
[2023-01-04 08:18:11,002] {logging_mixin.py:115} INFO - [2023-01-04 08:18:11,002] {dag.py:2379} INFO - Sync 1 DAGs
[2023-01-04 08:18:11,018] {logging_mixin.py:115} INFO - [2023-01-04 08:18:11,018] {dag.py:2927} INFO - Setting next_dagrun for example_trigger_controller_dag to 2021-01-01T00:00:00+00:00, run_after=2021-01-01T00:00:00+00:00
[2023-01-04 08:18:11,033] {processor.py:161} INFO - Processing /home/gustavo/Documents/etl_api_twitter/venv/lib/python3.9/site-packages/airflow/example_dags/example_trigger_controller_dag.py took 0.061 seconds
[2023-01-04 08:18:44,417] {processor.py:153} INFO - Started process (PID=5819) to work on /home/gustavo/Documents/etl_api_twitter/venv/lib/python3.9/site-packages/airflow/example_dags/example_trigger_controller_dag.py
[2023-01-04 08:18:44,418] {processor.py:641} INFO - Processing file /home/gustavo/Documents/etl_api_twitter/venv/lib/python3.9/site-packages/airflow/example_dags/example_trigger_controller_dag.py for tasks to queue
[2023-01-04 08:18:44,419] {logging_mixin.py:115} INFO - [2023-01-04 08:18:44,419] {dagbag.py:507} INFO - Filling up the DagBag from /home/gustavo/Documents/etl_api_twitter/venv/lib/python3.9/site-packages/airflow/example_dags/example_trigger_controller_dag.py
[2023-01-04 08:18:44,423] {processor.py:651} INFO - DAG(s) dict_keys(['example_trigger_controller_dag']) retrieved from /home/gustavo/Documents/etl_api_twitter/venv/lib/python3.9/site-packages/airflow/example_dags/example_trigger_controller_dag.py
[2023-01-04 08:18:44,443] {logging_mixin.py:115} INFO - [2023-01-04 08:18:44,443] {dag.py:2379} INFO - Sync 1 DAGs
[2023-01-04 08:18:44,458] {logging_mixin.py:115} INFO - [2023-01-04 08:18:44,458] {dag.py:2927} INFO - Setting next_dagrun for example_trigger_controller_dag to 2021-01-01T00:00:00+00:00, run_after=2021-01-01T00:00:00+00:00
[2023-01-04 08:18:44,470] {processor.py:161} INFO - Processing /home/gustavo/Documents/etl_api_twitter/venv/lib/python3.9/site-packages/airflow/example_dags/example_trigger_controller_dag.py took 0.056 seconds
[2023-01-04 08:19:19,091] {processor.py:153} INFO - Started process (PID=6024) to work on /home/gustavo/Documents/etl_api_twitter/venv/lib/python3.9/site-packages/airflow/example_dags/example_trigger_controller_dag.py
[2023-01-04 08:19:19,093] {processor.py:641} INFO - Processing file /home/gustavo/Documents/etl_api_twitter/venv/lib/python3.9/site-packages/airflow/example_dags/example_trigger_controller_dag.py for tasks to queue
[2023-01-04 08:19:19,094] {logging_mixin.py:115} INFO - [2023-01-04 08:19:19,094] {dagbag.py:507} INFO - Filling up the DagBag from /home/gustavo/Documents/etl_api_twitter/venv/lib/python3.9/site-packages/airflow/example_dags/example_trigger_controller_dag.py
[2023-01-04 08:19:19,100] {processor.py:651} INFO - DAG(s) dict_keys(['example_trigger_controller_dag']) retrieved from /home/gustavo/Documents/etl_api_twitter/venv/lib/python3.9/site-packages/airflow/example_dags/example_trigger_controller_dag.py
[2023-01-04 08:19:19,131] {logging_mixin.py:115} INFO - [2023-01-04 08:19:19,131] {dag.py:2379} INFO - Sync 1 DAGs
[2023-01-04 08:19:19,148] {logging_mixin.py:115} INFO - [2023-01-04 08:19:19,147] {dag.py:2927} INFO - Setting next_dagrun for example_trigger_controller_dag to 2021-01-01T00:00:00+00:00, run_after=2021-01-01T00:00:00+00:00
[2023-01-04 08:19:19,160] {processor.py:161} INFO - Processing /home/gustavo/Documents/etl_api_twitter/venv/lib/python3.9/site-packages/airflow/example_dags/example_trigger_controller_dag.py took 0.076 seconds
[2023-01-04 08:19:52,513] {processor.py:153} INFO - Started process (PID=6203) to work on /home/gustavo/Documents/etl_api_twitter/venv/lib/python3.9/site-packages/airflow/example_dags/example_trigger_controller_dag.py
[2023-01-04 08:19:52,514] {processor.py:641} INFO - Processing file /home/gustavo/Documents/etl_api_twitter/venv/lib/python3.9/site-packages/airflow/example_dags/example_trigger_controller_dag.py for tasks to queue
[2023-01-04 08:19:52,516] {logging_mixin.py:115} INFO - [2023-01-04 08:19:52,516] {dagbag.py:507} INFO - Filling up the DagBag from /home/gustavo/Documents/etl_api_twitter/venv/lib/python3.9/site-packages/airflow/example_dags/example_trigger_controller_dag.py
[2023-01-04 08:19:52,523] {processor.py:651} INFO - DAG(s) dict_keys(['example_trigger_controller_dag']) retrieved from /home/gustavo/Documents/etl_api_twitter/venv/lib/python3.9/site-packages/airflow/example_dags/example_trigger_controller_dag.py
[2023-01-04 08:19:52,552] {logging_mixin.py:115} INFO - [2023-01-04 08:19:52,552] {dag.py:2379} INFO - Sync 1 DAGs
[2023-01-04 08:19:52,581] {logging_mixin.py:115} INFO - [2023-01-04 08:19:52,581] {dag.py:2927} INFO - Setting next_dagrun for example_trigger_controller_dag to 2021-01-01T00:00:00+00:00, run_after=2021-01-01T00:00:00+00:00
[2023-01-04 08:19:52,598] {processor.py:161} INFO - Processing /home/gustavo/Documents/etl_api_twitter/venv/lib/python3.9/site-packages/airflow/example_dags/example_trigger_controller_dag.py took 0.091 seconds
[2023-01-04 08:20:24,139] {processor.py:153} INFO - Started process (PID=6406) to work on /home/gustavo/Documents/etl_api_twitter/venv/lib/python3.9/site-packages/airflow/example_dags/example_trigger_controller_dag.py
[2023-01-04 08:20:24,140] {processor.py:641} INFO - Processing file /home/gustavo/Documents/etl_api_twitter/venv/lib/python3.9/site-packages/airflow/example_dags/example_trigger_controller_dag.py for tasks to queue
[2023-01-04 08:20:24,141] {logging_mixin.py:115} INFO - [2023-01-04 08:20:24,141] {dagbag.py:507} INFO - Filling up the DagBag from /home/gustavo/Documents/etl_api_twitter/venv/lib/python3.9/site-packages/airflow/example_dags/example_trigger_controller_dag.py
[2023-01-04 08:20:24,147] {processor.py:651} INFO - DAG(s) dict_keys(['example_trigger_controller_dag']) retrieved from /home/gustavo/Documents/etl_api_twitter/venv/lib/python3.9/site-packages/airflow/example_dags/example_trigger_controller_dag.py
[2023-01-04 08:20:24,168] {logging_mixin.py:115} INFO - [2023-01-04 08:20:24,168] {dag.py:2379} INFO - Sync 1 DAGs
[2023-01-04 08:20:24,183] {logging_mixin.py:115} INFO - [2023-01-04 08:20:24,183] {dag.py:2927} INFO - Setting next_dagrun for example_trigger_controller_dag to 2021-01-01T00:00:00+00:00, run_after=2021-01-01T00:00:00+00:00
[2023-01-04 08:20:24,195] {processor.py:161} INFO - Processing /home/gustavo/Documents/etl_api_twitter/venv/lib/python3.9/site-packages/airflow/example_dags/example_trigger_controller_dag.py took 0.062 seconds
[2023-01-04 08:20:56,879] {processor.py:153} INFO - Started process (PID=6640) to work on /home/gustavo/Documents/etl_api_twitter/venv/lib/python3.9/site-packages/airflow/example_dags/example_trigger_controller_dag.py
[2023-01-04 08:20:56,881] {processor.py:641} INFO - Processing file /home/gustavo/Documents/etl_api_twitter/venv/lib/python3.9/site-packages/airflow/example_dags/example_trigger_controller_dag.py for tasks to queue
[2023-01-04 08:20:56,882] {logging_mixin.py:115} INFO - [2023-01-04 08:20:56,882] {dagbag.py:507} INFO - Filling up the DagBag from /home/gustavo/Documents/etl_api_twitter/venv/lib/python3.9/site-packages/airflow/example_dags/example_trigger_controller_dag.py
[2023-01-04 08:20:56,889] {processor.py:651} INFO - DAG(s) dict_keys(['example_trigger_controller_dag']) retrieved from /home/gustavo/Documents/etl_api_twitter/venv/lib/python3.9/site-packages/airflow/example_dags/example_trigger_controller_dag.py
[2023-01-04 08:20:56,919] {logging_mixin.py:115} INFO - [2023-01-04 08:20:56,919] {dag.py:2379} INFO - Sync 1 DAGs
[2023-01-04 08:20:56,948] {logging_mixin.py:115} INFO - [2023-01-04 08:20:56,948] {dag.py:2927} INFO - Setting next_dagrun for example_trigger_controller_dag to 2021-01-01T00:00:00+00:00, run_after=2021-01-01T00:00:00+00:00
[2023-01-04 08:20:56,968] {processor.py:161} INFO - Processing /home/gustavo/Documents/etl_api_twitter/venv/lib/python3.9/site-packages/airflow/example_dags/example_trigger_controller_dag.py took 0.096 seconds
[2023-01-04 08:21:30,093] {processor.py:153} INFO - Started process (PID=6842) to work on /home/gustavo/Documents/etl_api_twitter/venv/lib/python3.9/site-packages/airflow/example_dags/example_trigger_controller_dag.py
[2023-01-04 08:21:30,094] {processor.py:641} INFO - Processing file /home/gustavo/Documents/etl_api_twitter/venv/lib/python3.9/site-packages/airflow/example_dags/example_trigger_controller_dag.py for tasks to queue
[2023-01-04 08:21:30,095] {logging_mixin.py:115} INFO - [2023-01-04 08:21:30,095] {dagbag.py:507} INFO - Filling up the DagBag from /home/gustavo/Documents/etl_api_twitter/venv/lib/python3.9/site-packages/airflow/example_dags/example_trigger_controller_dag.py
[2023-01-04 08:21:30,102] {processor.py:651} INFO - DAG(s) dict_keys(['example_trigger_controller_dag']) retrieved from /home/gustavo/Documents/etl_api_twitter/venv/lib/python3.9/site-packages/airflow/example_dags/example_trigger_controller_dag.py
[2023-01-04 08:21:30,129] {logging_mixin.py:115} INFO - [2023-01-04 08:21:30,129] {dag.py:2379} INFO - Sync 1 DAGs
[2023-01-04 08:21:30,154] {logging_mixin.py:115} INFO - [2023-01-04 08:21:30,153] {dag.py:2927} INFO - Setting next_dagrun for example_trigger_controller_dag to 2021-01-01T00:00:00+00:00, run_after=2021-01-01T00:00:00+00:00
[2023-01-04 08:21:30,178] {processor.py:161} INFO - Processing /home/gustavo/Documents/etl_api_twitter/venv/lib/python3.9/site-packages/airflow/example_dags/example_trigger_controller_dag.py took 0.092 seconds
[2023-01-04 08:22:04,022] {processor.py:153} INFO - Started process (PID=7022) to work on /home/gustavo/Documents/etl_api_twitter/venv/lib/python3.9/site-packages/airflow/example_dags/example_trigger_controller_dag.py
[2023-01-04 08:22:04,024] {processor.py:641} INFO - Processing file /home/gustavo/Documents/etl_api_twitter/venv/lib/python3.9/site-packages/airflow/example_dags/example_trigger_controller_dag.py for tasks to queue
[2023-01-04 08:22:04,025] {logging_mixin.py:115} INFO - [2023-01-04 08:22:04,025] {dagbag.py:507} INFO - Filling up the DagBag from /home/gustavo/Documents/etl_api_twitter/venv/lib/python3.9/site-packages/airflow/example_dags/example_trigger_controller_dag.py
[2023-01-04 08:22:04,028] {processor.py:651} INFO - DAG(s) dict_keys(['example_trigger_controller_dag']) retrieved from /home/gustavo/Documents/etl_api_twitter/venv/lib/python3.9/site-packages/airflow/example_dags/example_trigger_controller_dag.py
[2023-01-04 08:22:04,058] {logging_mixin.py:115} INFO - [2023-01-04 08:22:04,058] {dag.py:2379} INFO - Sync 1 DAGs
[2023-01-04 08:22:04,089] {logging_mixin.py:115} INFO - [2023-01-04 08:22:04,088] {dag.py:2927} INFO - Setting next_dagrun for example_trigger_controller_dag to 2021-01-01T00:00:00+00:00, run_after=2021-01-01T00:00:00+00:00
[2023-01-04 08:22:04,111] {processor.py:161} INFO - Processing /home/gustavo/Documents/etl_api_twitter/venv/lib/python3.9/site-packages/airflow/example_dags/example_trigger_controller_dag.py took 0.095 seconds
[2023-01-04 08:22:36,409] {processor.py:153} INFO - Started process (PID=7231) to work on /home/gustavo/Documents/etl_api_twitter/venv/lib/python3.9/site-packages/airflow/example_dags/example_trigger_controller_dag.py
[2023-01-04 08:22:36,409] {processor.py:641} INFO - Processing file /home/gustavo/Documents/etl_api_twitter/venv/lib/python3.9/site-packages/airflow/example_dags/example_trigger_controller_dag.py for tasks to queue
[2023-01-04 08:22:36,410] {logging_mixin.py:115} INFO - [2023-01-04 08:22:36,410] {dagbag.py:507} INFO - Filling up the DagBag from /home/gustavo/Documents/etl_api_twitter/venv/lib/python3.9/site-packages/airflow/example_dags/example_trigger_controller_dag.py
[2023-01-04 08:22:36,414] {processor.py:651} INFO - DAG(s) dict_keys(['example_trigger_controller_dag']) retrieved from /home/gustavo/Documents/etl_api_twitter/venv/lib/python3.9/site-packages/airflow/example_dags/example_trigger_controller_dag.py
[2023-01-04 08:22:36,433] {logging_mixin.py:115} INFO - [2023-01-04 08:22:36,433] {dag.py:2379} INFO - Sync 1 DAGs
[2023-01-04 08:22:36,448] {logging_mixin.py:115} INFO - [2023-01-04 08:22:36,448] {dag.py:2927} INFO - Setting next_dagrun for example_trigger_controller_dag to 2021-01-01T00:00:00+00:00, run_after=2021-01-01T00:00:00+00:00
[2023-01-04 08:22:36,458] {processor.py:161} INFO - Processing /home/gustavo/Documents/etl_api_twitter/venv/lib/python3.9/site-packages/airflow/example_dags/example_trigger_controller_dag.py took 0.053 seconds
[2023-01-04 08:23:08,777] {processor.py:153} INFO - Started process (PID=7415) to work on /home/gustavo/Documents/etl_api_twitter/venv/lib/python3.9/site-packages/airflow/example_dags/example_trigger_controller_dag.py
[2023-01-04 08:23:08,778] {processor.py:641} INFO - Processing file /home/gustavo/Documents/etl_api_twitter/venv/lib/python3.9/site-packages/airflow/example_dags/example_trigger_controller_dag.py for tasks to queue
[2023-01-04 08:23:08,779] {logging_mixin.py:115} INFO - [2023-01-04 08:23:08,779] {dagbag.py:507} INFO - Filling up the DagBag from /home/gustavo/Documents/etl_api_twitter/venv/lib/python3.9/site-packages/airflow/example_dags/example_trigger_controller_dag.py
[2023-01-04 08:23:08,786] {processor.py:651} INFO - DAG(s) dict_keys(['example_trigger_controller_dag']) retrieved from /home/gustavo/Documents/etl_api_twitter/venv/lib/python3.9/site-packages/airflow/example_dags/example_trigger_controller_dag.py
[2023-01-04 08:23:08,815] {logging_mixin.py:115} INFO - [2023-01-04 08:23:08,815] {dag.py:2379} INFO - Sync 1 DAGs
[2023-01-04 08:23:08,836] {logging_mixin.py:115} INFO - [2023-01-04 08:23:08,836] {dag.py:2927} INFO - Setting next_dagrun for example_trigger_controller_dag to 2021-01-01T00:00:00+00:00, run_after=2021-01-01T00:00:00+00:00
[2023-01-04 08:23:08,846] {processor.py:161} INFO - Processing /home/gustavo/Documents/etl_api_twitter/venv/lib/python3.9/site-packages/airflow/example_dags/example_trigger_controller_dag.py took 0.075 seconds
[2023-01-04 08:23:43,389] {processor.py:153} INFO - Started process (PID=7620) to work on /home/gustavo/Documents/etl_api_twitter/venv/lib/python3.9/site-packages/airflow/example_dags/example_trigger_controller_dag.py
[2023-01-04 08:23:43,390] {processor.py:641} INFO - Processing file /home/gustavo/Documents/etl_api_twitter/venv/lib/python3.9/site-packages/airflow/example_dags/example_trigger_controller_dag.py for tasks to queue
[2023-01-04 08:23:43,390] {logging_mixin.py:115} INFO - [2023-01-04 08:23:43,390] {dagbag.py:507} INFO - Filling up the DagBag from /home/gustavo/Documents/etl_api_twitter/venv/lib/python3.9/site-packages/airflow/example_dags/example_trigger_controller_dag.py
[2023-01-04 08:23:43,396] {processor.py:651} INFO - DAG(s) dict_keys(['example_trigger_controller_dag']) retrieved from /home/gustavo/Documents/etl_api_twitter/venv/lib/python3.9/site-packages/airflow/example_dags/example_trigger_controller_dag.py
[2023-01-04 08:23:43,422] {logging_mixin.py:115} INFO - [2023-01-04 08:23:43,422] {dag.py:2379} INFO - Sync 1 DAGs
[2023-01-04 08:23:43,436] {logging_mixin.py:115} INFO - [2023-01-04 08:23:43,436] {dag.py:2927} INFO - Setting next_dagrun for example_trigger_controller_dag to 2021-01-01T00:00:00+00:00, run_after=2021-01-01T00:00:00+00:00
[2023-01-04 08:23:43,445] {processor.py:161} INFO - Processing /home/gustavo/Documents/etl_api_twitter/venv/lib/python3.9/site-packages/airflow/example_dags/example_trigger_controller_dag.py took 0.060 seconds
[2023-01-04 08:24:16,568] {processor.py:153} INFO - Started process (PID=7797) to work on /home/gustavo/Documents/etl_api_twitter/venv/lib/python3.9/site-packages/airflow/example_dags/example_trigger_controller_dag.py
[2023-01-04 08:24:16,569] {processor.py:641} INFO - Processing file /home/gustavo/Documents/etl_api_twitter/venv/lib/python3.9/site-packages/airflow/example_dags/example_trigger_controller_dag.py for tasks to queue
[2023-01-04 08:24:16,570] {logging_mixin.py:115} INFO - [2023-01-04 08:24:16,570] {dagbag.py:507} INFO - Filling up the DagBag from /home/gustavo/Documents/etl_api_twitter/venv/lib/python3.9/site-packages/airflow/example_dags/example_trigger_controller_dag.py
[2023-01-04 08:24:16,576] {processor.py:651} INFO - DAG(s) dict_keys(['example_trigger_controller_dag']) retrieved from /home/gustavo/Documents/etl_api_twitter/venv/lib/python3.9/site-packages/airflow/example_dags/example_trigger_controller_dag.py
[2023-01-04 08:24:16,608] {logging_mixin.py:115} INFO - [2023-01-04 08:24:16,608] {dag.py:2379} INFO - Sync 1 DAGs
[2023-01-04 08:24:16,645] {logging_mixin.py:115} INFO - [2023-01-04 08:24:16,645] {dag.py:2927} INFO - Setting next_dagrun for example_trigger_controller_dag to 2021-01-01T00:00:00+00:00, run_after=2021-01-01T00:00:00+00:00
[2023-01-04 08:24:16,671] {processor.py:161} INFO - Processing /home/gustavo/Documents/etl_api_twitter/venv/lib/python3.9/site-packages/airflow/example_dags/example_trigger_controller_dag.py took 0.109 seconds
[2023-01-04 08:24:49,365] {processor.py:153} INFO - Started process (PID=7999) to work on /home/gustavo/Documents/etl_api_twitter/venv/lib/python3.9/site-packages/airflow/example_dags/example_trigger_controller_dag.py
[2023-01-04 08:24:49,365] {processor.py:641} INFO - Processing file /home/gustavo/Documents/etl_api_twitter/venv/lib/python3.9/site-packages/airflow/example_dags/example_trigger_controller_dag.py for tasks to queue
[2023-01-04 08:24:49,366] {logging_mixin.py:115} INFO - [2023-01-04 08:24:49,365] {dagbag.py:507} INFO - Filling up the DagBag from /home/gustavo/Documents/etl_api_twitter/venv/lib/python3.9/site-packages/airflow/example_dags/example_trigger_controller_dag.py
[2023-01-04 08:24:49,371] {processor.py:651} INFO - DAG(s) dict_keys(['example_trigger_controller_dag']) retrieved from /home/gustavo/Documents/etl_api_twitter/venv/lib/python3.9/site-packages/airflow/example_dags/example_trigger_controller_dag.py
[2023-01-04 08:24:49,392] {logging_mixin.py:115} INFO - [2023-01-04 08:24:49,392] {dag.py:2379} INFO - Sync 1 DAGs
[2023-01-04 08:24:49,405] {logging_mixin.py:115} INFO - [2023-01-04 08:24:49,405] {dag.py:2927} INFO - Setting next_dagrun for example_trigger_controller_dag to 2021-01-01T00:00:00+00:00, run_after=2021-01-01T00:00:00+00:00
[2023-01-04 08:24:49,423] {processor.py:161} INFO - Processing /home/gustavo/Documents/etl_api_twitter/venv/lib/python3.9/site-packages/airflow/example_dags/example_trigger_controller_dag.py took 0.065 seconds
[2023-01-04 08:25:22,284] {processor.py:153} INFO - Started process (PID=8178) to work on /home/gustavo/Documents/etl_api_twitter/venv/lib/python3.9/site-packages/airflow/example_dags/example_trigger_controller_dag.py
[2023-01-04 08:25:22,285] {processor.py:641} INFO - Processing file /home/gustavo/Documents/etl_api_twitter/venv/lib/python3.9/site-packages/airflow/example_dags/example_trigger_controller_dag.py for tasks to queue
[2023-01-04 08:25:22,285] {logging_mixin.py:115} INFO - [2023-01-04 08:25:22,285] {dagbag.py:507} INFO - Filling up the DagBag from /home/gustavo/Documents/etl_api_twitter/venv/lib/python3.9/site-packages/airflow/example_dags/example_trigger_controller_dag.py
[2023-01-04 08:25:22,289] {processor.py:651} INFO - DAG(s) dict_keys(['example_trigger_controller_dag']) retrieved from /home/gustavo/Documents/etl_api_twitter/venv/lib/python3.9/site-packages/airflow/example_dags/example_trigger_controller_dag.py
[2023-01-04 08:25:22,316] {logging_mixin.py:115} INFO - [2023-01-04 08:25:22,316] {dag.py:2379} INFO - Sync 1 DAGs
[2023-01-04 08:25:22,339] {logging_mixin.py:115} INFO - [2023-01-04 08:25:22,339] {dag.py:2927} INFO - Setting next_dagrun for example_trigger_controller_dag to 2021-01-01T00:00:00+00:00, run_after=2021-01-01T00:00:00+00:00
[2023-01-04 08:25:22,349] {processor.py:161} INFO - Processing /home/gustavo/Documents/etl_api_twitter/venv/lib/python3.9/site-packages/airflow/example_dags/example_trigger_controller_dag.py took 0.069 seconds
[2023-01-04 08:25:55,096] {processor.py:153} INFO - Started process (PID=8413) to work on /home/gustavo/Documents/etl_api_twitter/venv/lib/python3.9/site-packages/airflow/example_dags/example_trigger_controller_dag.py
[2023-01-04 08:25:55,098] {processor.py:641} INFO - Processing file /home/gustavo/Documents/etl_api_twitter/venv/lib/python3.9/site-packages/airflow/example_dags/example_trigger_controller_dag.py for tasks to queue
[2023-01-04 08:25:55,099] {logging_mixin.py:115} INFO - [2023-01-04 08:25:55,099] {dagbag.py:507} INFO - Filling up the DagBag from /home/gustavo/Documents/etl_api_twitter/venv/lib/python3.9/site-packages/airflow/example_dags/example_trigger_controller_dag.py
[2023-01-04 08:25:55,106] {processor.py:651} INFO - DAG(s) dict_keys(['example_trigger_controller_dag']) retrieved from /home/gustavo/Documents/etl_api_twitter/venv/lib/python3.9/site-packages/airflow/example_dags/example_trigger_controller_dag.py
[2023-01-04 08:25:55,140] {logging_mixin.py:115} INFO - [2023-01-04 08:25:55,139] {dag.py:2379} INFO - Sync 1 DAGs
[2023-01-04 08:25:55,166] {logging_mixin.py:115} INFO - [2023-01-04 08:25:55,166] {dag.py:2927} INFO - Setting next_dagrun for example_trigger_controller_dag to 2021-01-01T00:00:00+00:00, run_after=2021-01-01T00:00:00+00:00
[2023-01-04 08:25:55,183] {processor.py:161} INFO - Processing /home/gustavo/Documents/etl_api_twitter/venv/lib/python3.9/site-packages/airflow/example_dags/example_trigger_controller_dag.py took 0.095 seconds
[2023-01-04 08:26:31,317] {processor.py:153} INFO - Started process (PID=8642) to work on /home/gustavo/Documents/etl_api_twitter/venv/lib/python3.9/site-packages/airflow/example_dags/example_trigger_controller_dag.py
[2023-01-04 08:26:31,319] {processor.py:641} INFO - Processing file /home/gustavo/Documents/etl_api_twitter/venv/lib/python3.9/site-packages/airflow/example_dags/example_trigger_controller_dag.py for tasks to queue
[2023-01-04 08:26:31,320] {logging_mixin.py:115} INFO - [2023-01-04 08:26:31,320] {dagbag.py:507} INFO - Filling up the DagBag from /home/gustavo/Documents/etl_api_twitter/venv/lib/python3.9/site-packages/airflow/example_dags/example_trigger_controller_dag.py
[2023-01-04 08:26:31,327] {processor.py:651} INFO - DAG(s) dict_keys(['example_trigger_controller_dag']) retrieved from /home/gustavo/Documents/etl_api_twitter/venv/lib/python3.9/site-packages/airflow/example_dags/example_trigger_controller_dag.py
[2023-01-04 08:26:31,358] {logging_mixin.py:115} INFO - [2023-01-04 08:26:31,358] {dag.py:2379} INFO - Sync 1 DAGs
[2023-01-04 08:26:31,380] {logging_mixin.py:115} INFO - [2023-01-04 08:26:31,379] {dag.py:2927} INFO - Setting next_dagrun for example_trigger_controller_dag to 2021-01-01T00:00:00+00:00, run_after=2021-01-01T00:00:00+00:00
[2023-01-04 08:26:31,397] {processor.py:161} INFO - Processing /home/gustavo/Documents/etl_api_twitter/venv/lib/python3.9/site-packages/airflow/example_dags/example_trigger_controller_dag.py took 0.086 seconds
[2023-01-04 08:27:06,461] {processor.py:153} INFO - Started process (PID=8826) to work on /home/gustavo/Documents/etl_api_twitter/venv/lib/python3.9/site-packages/airflow/example_dags/example_trigger_controller_dag.py
[2023-01-04 08:27:06,464] {processor.py:641} INFO - Processing file /home/gustavo/Documents/etl_api_twitter/venv/lib/python3.9/site-packages/airflow/example_dags/example_trigger_controller_dag.py for tasks to queue
[2023-01-04 08:27:06,465] {logging_mixin.py:115} INFO - [2023-01-04 08:27:06,465] {dagbag.py:507} INFO - Filling up the DagBag from /home/gustavo/Documents/etl_api_twitter/venv/lib/python3.9/site-packages/airflow/example_dags/example_trigger_controller_dag.py
[2023-01-04 08:27:06,473] {processor.py:651} INFO - DAG(s) dict_keys(['example_trigger_controller_dag']) retrieved from /home/gustavo/Documents/etl_api_twitter/venv/lib/python3.9/site-packages/airflow/example_dags/example_trigger_controller_dag.py
[2023-01-04 08:27:06,514] {logging_mixin.py:115} INFO - [2023-01-04 08:27:06,514] {dag.py:2379} INFO - Sync 1 DAGs
[2023-01-04 08:27:06,534] {logging_mixin.py:115} INFO - [2023-01-04 08:27:06,534] {dag.py:2927} INFO - Setting next_dagrun for example_trigger_controller_dag to 2021-01-01T00:00:00+00:00, run_after=2021-01-01T00:00:00+00:00
[2023-01-04 08:27:06,548] {processor.py:161} INFO - Processing /home/gustavo/Documents/etl_api_twitter/venv/lib/python3.9/site-packages/airflow/example_dags/example_trigger_controller_dag.py took 0.098 seconds
[2023-01-04 08:27:39,003] {processor.py:153} INFO - Started process (PID=9036) to work on /home/gustavo/Documents/etl_api_twitter/venv/lib/python3.9/site-packages/airflow/example_dags/example_trigger_controller_dag.py
[2023-01-04 08:27:39,004] {processor.py:641} INFO - Processing file /home/gustavo/Documents/etl_api_twitter/venv/lib/python3.9/site-packages/airflow/example_dags/example_trigger_controller_dag.py for tasks to queue
[2023-01-04 08:27:39,005] {logging_mixin.py:115} INFO - [2023-01-04 08:27:39,005] {dagbag.py:507} INFO - Filling up the DagBag from /home/gustavo/Documents/etl_api_twitter/venv/lib/python3.9/site-packages/airflow/example_dags/example_trigger_controller_dag.py
[2023-01-04 08:27:39,009] {processor.py:651} INFO - DAG(s) dict_keys(['example_trigger_controller_dag']) retrieved from /home/gustavo/Documents/etl_api_twitter/venv/lib/python3.9/site-packages/airflow/example_dags/example_trigger_controller_dag.py
[2023-01-04 08:27:39,029] {logging_mixin.py:115} INFO - [2023-01-04 08:27:39,028] {dag.py:2379} INFO - Sync 1 DAGs
[2023-01-04 08:27:39,049] {logging_mixin.py:115} INFO - [2023-01-04 08:27:39,049] {dag.py:2927} INFO - Setting next_dagrun for example_trigger_controller_dag to 2021-01-01T00:00:00+00:00, run_after=2021-01-01T00:00:00+00:00
[2023-01-04 08:27:39,064] {processor.py:161} INFO - Processing /home/gustavo/Documents/etl_api_twitter/venv/lib/python3.9/site-packages/airflow/example_dags/example_trigger_controller_dag.py took 0.066 seconds
