[2023-01-04 08:00:46,584] {processor.py:153} INFO - Started process (PID=28145) to work on /home/gustavo/Documents/etl_api_twitter/venv/lib/python3.9/site-packages/airflow/example_dags/example_xcom.py
[2023-01-04 08:00:46,586] {processor.py:641} INFO - Processing file /home/gustavo/Documents/etl_api_twitter/venv/lib/python3.9/site-packages/airflow/example_dags/example_xcom.py for tasks to queue
[2023-01-04 08:00:46,588] {logging_mixin.py:115} INFO - [2023-01-04 08:00:46,587] {dagbag.py:507} INFO - Filling up the DagBag from /home/gustavo/Documents/etl_api_twitter/venv/lib/python3.9/site-packages/airflow/example_dags/example_xcom.py
[2023-01-04 08:00:46,637] {processor.py:651} INFO - DAG(s) dict_keys(['example_xcom']) retrieved from /home/gustavo/Documents/etl_api_twitter/venv/lib/python3.9/site-packages/airflow/example_dags/example_xcom.py
[2023-01-04 08:00:46,791] {logging_mixin.py:115} INFO - [2023-01-04 08:00:46,790] {manager.py:508} INFO - Created Permission View: can edit on DAG:example_xcom
[2023-01-04 08:00:46,814] {logging_mixin.py:115} INFO - [2023-01-04 08:00:46,814] {manager.py:508} INFO - Created Permission View: can read on DAG:example_xcom
[2023-01-04 08:00:46,831] {logging_mixin.py:115} INFO - [2023-01-04 08:00:46,831] {manager.py:508} INFO - Created Permission View: can delete on DAG:example_xcom
[2023-01-04 08:00:46,832] {logging_mixin.py:115} INFO - [2023-01-04 08:00:46,831] {dag.py:2379} INFO - Sync 1 DAGs
[2023-01-04 08:00:46,844] {logging_mixin.py:115} INFO - [2023-01-04 08:00:46,844] {dag.py:2398} INFO - Creating ORM DAG for example_xcom
[2023-01-04 08:00:46,854] {logging_mixin.py:115} INFO - [2023-01-04 08:00:46,854] {dag.py:2927} INFO - Setting next_dagrun for example_xcom to 2021-01-01T00:00:00+00:00, run_after=2021-01-01T00:00:00+00:00
[2023-01-04 08:00:46,871] {processor.py:161} INFO - Processing /home/gustavo/Documents/etl_api_twitter/venv/lib/python3.9/site-packages/airflow/example_dags/example_xcom.py took 0.290 seconds
[2023-01-04 08:01:28,736] {processor.py:153} INFO - Started process (PID=28438) to work on /home/gustavo/Documents/etl_api_twitter/venv/lib/python3.9/site-packages/airflow/example_dags/example_xcom.py
[2023-01-04 08:01:28,738] {processor.py:641} INFO - Processing file /home/gustavo/Documents/etl_api_twitter/venv/lib/python3.9/site-packages/airflow/example_dags/example_xcom.py for tasks to queue
[2023-01-04 08:01:28,739] {logging_mixin.py:115} INFO - [2023-01-04 08:01:28,739] {dagbag.py:507} INFO - Filling up the DagBag from /home/gustavo/Documents/etl_api_twitter/venv/lib/python3.9/site-packages/airflow/example_dags/example_xcom.py
[2023-01-04 08:01:28,763] {processor.py:651} INFO - DAG(s) dict_keys(['example_xcom']) retrieved from /home/gustavo/Documents/etl_api_twitter/venv/lib/python3.9/site-packages/airflow/example_dags/example_xcom.py
[2023-01-04 08:01:28,854] {logging_mixin.py:115} INFO - [2023-01-04 08:01:28,854] {dag.py:2379} INFO - Sync 1 DAGs
[2023-01-04 08:01:28,881] {logging_mixin.py:115} INFO - [2023-01-04 08:01:28,881] {dag.py:2927} INFO - Setting next_dagrun for example_xcom to 2021-01-01T00:00:00+00:00, run_after=2021-01-01T00:00:00+00:00
[2023-01-04 08:01:28,914] {processor.py:161} INFO - Processing /home/gustavo/Documents/etl_api_twitter/venv/lib/python3.9/site-packages/airflow/example_dags/example_xcom.py took 0.188 seconds
[2023-01-04 08:02:03,543] {processor.py:153} INFO - Started process (PID=28647) to work on /home/gustavo/Documents/etl_api_twitter/venv/lib/python3.9/site-packages/airflow/example_dags/example_xcom.py
[2023-01-04 08:02:03,545] {processor.py:641} INFO - Processing file /home/gustavo/Documents/etl_api_twitter/venv/lib/python3.9/site-packages/airflow/example_dags/example_xcom.py for tasks to queue
[2023-01-04 08:02:03,546] {logging_mixin.py:115} INFO - [2023-01-04 08:02:03,546] {dagbag.py:507} INFO - Filling up the DagBag from /home/gustavo/Documents/etl_api_twitter/venv/lib/python3.9/site-packages/airflow/example_dags/example_xcom.py
[2023-01-04 08:02:03,597] {processor.py:651} INFO - DAG(s) dict_keys(['example_xcom']) retrieved from /home/gustavo/Documents/etl_api_twitter/venv/lib/python3.9/site-packages/airflow/example_dags/example_xcom.py
[2023-01-04 08:02:03,656] {logging_mixin.py:115} INFO - [2023-01-04 08:02:03,656] {dag.py:2379} INFO - Sync 1 DAGs
[2023-01-04 08:02:03,689] {logging_mixin.py:115} INFO - [2023-01-04 08:02:03,689] {dag.py:2927} INFO - Setting next_dagrun for example_xcom to 2021-01-01T00:00:00+00:00, run_after=2021-01-01T00:00:00+00:00
[2023-01-04 08:02:03,701] {processor.py:161} INFO - Processing /home/gustavo/Documents/etl_api_twitter/venv/lib/python3.9/site-packages/airflow/example_dags/example_xcom.py took 0.171 seconds
[2023-01-04 08:10:38,087] {processor.py:153} INFO - Started process (PID=3305) to work on /home/gustavo/Documents/etl_api_twitter/venv/lib/python3.9/site-packages/airflow/example_dags/example_xcom.py
[2023-01-04 08:10:38,092] {processor.py:641} INFO - Processing file /home/gustavo/Documents/etl_api_twitter/venv/lib/python3.9/site-packages/airflow/example_dags/example_xcom.py for tasks to queue
[2023-01-04 08:10:38,092] {logging_mixin.py:115} INFO - [2023-01-04 08:10:38,092] {dagbag.py:507} INFO - Filling up the DagBag from /home/gustavo/Documents/etl_api_twitter/venv/lib/python3.9/site-packages/airflow/example_dags/example_xcom.py
[2023-01-04 08:10:38,233] {processor.py:651} INFO - DAG(s) dict_keys(['example_xcom']) retrieved from /home/gustavo/Documents/etl_api_twitter/venv/lib/python3.9/site-packages/airflow/example_dags/example_xcom.py
[2023-01-04 08:10:38,407] {logging_mixin.py:115} INFO - [2023-01-04 08:10:38,406] {dag.py:2379} INFO - Sync 1 DAGs
[2023-01-04 08:10:38,450] {logging_mixin.py:115} INFO - [2023-01-04 08:10:38,448] {dag.py:2927} INFO - Setting next_dagrun for example_xcom to 2021-01-01T00:00:00+00:00, run_after=2021-01-01T00:00:00+00:00
[2023-01-04 08:10:38,500] {processor.py:161} INFO - Processing /home/gustavo/Documents/etl_api_twitter/venv/lib/python3.9/site-packages/airflow/example_dags/example_xcom.py took 0.425 seconds
[2023-01-04 08:11:16,213] {processor.py:153} INFO - Started process (PID=3926) to work on /home/gustavo/Documents/etl_api_twitter/venv/lib/python3.9/site-packages/airflow/example_dags/example_xcom.py
[2023-01-04 08:11:16,214] {processor.py:641} INFO - Processing file /home/gustavo/Documents/etl_api_twitter/venv/lib/python3.9/site-packages/airflow/example_dags/example_xcom.py for tasks to queue
[2023-01-04 08:11:16,214] {logging_mixin.py:115} INFO - [2023-01-04 08:11:16,214] {dagbag.py:507} INFO - Filling up the DagBag from /home/gustavo/Documents/etl_api_twitter/venv/lib/python3.9/site-packages/airflow/example_dags/example_xcom.py
[2023-01-04 08:11:16,239] {processor.py:651} INFO - DAG(s) dict_keys(['example_xcom']) retrieved from /home/gustavo/Documents/etl_api_twitter/venv/lib/python3.9/site-packages/airflow/example_dags/example_xcom.py
[2023-01-04 08:11:16,304] {logging_mixin.py:115} INFO - [2023-01-04 08:11:16,304] {dag.py:2379} INFO - Sync 1 DAGs
[2023-01-04 08:11:16,320] {logging_mixin.py:115} INFO - [2023-01-04 08:11:16,319] {dag.py:2927} INFO - Setting next_dagrun for example_xcom to 2021-01-01T00:00:00+00:00, run_after=2021-01-01T00:00:00+00:00
[2023-01-04 08:11:16,341] {processor.py:161} INFO - Processing /home/gustavo/Documents/etl_api_twitter/venv/lib/python3.9/site-packages/airflow/example_dags/example_xcom.py took 0.132 seconds
[2023-01-04 08:11:51,170] {processor.py:153} INFO - Started process (PID=4071) to work on /home/gustavo/Documents/etl_api_twitter/venv/lib/python3.9/site-packages/airflow/example_dags/example_xcom.py
[2023-01-04 08:11:51,171] {processor.py:641} INFO - Processing file /home/gustavo/Documents/etl_api_twitter/venv/lib/python3.9/site-packages/airflow/example_dags/example_xcom.py for tasks to queue
[2023-01-04 08:11:51,172] {logging_mixin.py:115} INFO - [2023-01-04 08:11:51,172] {dagbag.py:507} INFO - Filling up the DagBag from /home/gustavo/Documents/etl_api_twitter/venv/lib/python3.9/site-packages/airflow/example_dags/example_xcom.py
[2023-01-04 08:11:51,189] {processor.py:651} INFO - DAG(s) dict_keys(['example_xcom']) retrieved from /home/gustavo/Documents/etl_api_twitter/venv/lib/python3.9/site-packages/airflow/example_dags/example_xcom.py
[2023-01-04 08:11:51,234] {logging_mixin.py:115} INFO - [2023-01-04 08:11:51,234] {dag.py:2379} INFO - Sync 1 DAGs
[2023-01-04 08:11:51,246] {logging_mixin.py:115} INFO - [2023-01-04 08:11:51,246] {dag.py:2927} INFO - Setting next_dagrun for example_xcom to 2021-01-01T00:00:00+00:00, run_after=2021-01-01T00:00:00+00:00
[2023-01-04 08:11:51,257] {processor.py:161} INFO - Processing /home/gustavo/Documents/etl_api_twitter/venv/lib/python3.9/site-packages/airflow/example_dags/example_xcom.py took 0.089 seconds
[2023-01-04 08:12:23,119] {processor.py:153} INFO - Started process (PID=4166) to work on /home/gustavo/Documents/etl_api_twitter/venv/lib/python3.9/site-packages/airflow/example_dags/example_xcom.py
[2023-01-04 08:12:23,120] {processor.py:641} INFO - Processing file /home/gustavo/Documents/etl_api_twitter/venv/lib/python3.9/site-packages/airflow/example_dags/example_xcom.py for tasks to queue
[2023-01-04 08:12:23,120] {logging_mixin.py:115} INFO - [2023-01-04 08:12:23,120] {dagbag.py:507} INFO - Filling up the DagBag from /home/gustavo/Documents/etl_api_twitter/venv/lib/python3.9/site-packages/airflow/example_dags/example_xcom.py
[2023-01-04 08:12:23,141] {processor.py:651} INFO - DAG(s) dict_keys(['example_xcom']) retrieved from /home/gustavo/Documents/etl_api_twitter/venv/lib/python3.9/site-packages/airflow/example_dags/example_xcom.py
[2023-01-04 08:12:23,199] {logging_mixin.py:115} INFO - [2023-01-04 08:12:23,199] {dag.py:2379} INFO - Sync 1 DAGs
[2023-01-04 08:12:23,225] {logging_mixin.py:115} INFO - [2023-01-04 08:12:23,224] {dag.py:2927} INFO - Setting next_dagrun for example_xcom to 2021-01-01T00:00:00+00:00, run_after=2021-01-01T00:00:00+00:00
[2023-01-04 08:12:23,240] {processor.py:161} INFO - Processing /home/gustavo/Documents/etl_api_twitter/venv/lib/python3.9/site-packages/airflow/example_dags/example_xcom.py took 0.128 seconds
[2023-01-04 08:12:57,961] {processor.py:153} INFO - Started process (PID=4205) to work on /home/gustavo/Documents/etl_api_twitter/venv/lib/python3.9/site-packages/airflow/example_dags/example_xcom.py
[2023-01-04 08:12:57,962] {processor.py:641} INFO - Processing file /home/gustavo/Documents/etl_api_twitter/venv/lib/python3.9/site-packages/airflow/example_dags/example_xcom.py for tasks to queue
[2023-01-04 08:12:57,962] {logging_mixin.py:115} INFO - [2023-01-04 08:12:57,962] {dagbag.py:507} INFO - Filling up the DagBag from /home/gustavo/Documents/etl_api_twitter/venv/lib/python3.9/site-packages/airflow/example_dags/example_xcom.py
[2023-01-04 08:12:57,977] {processor.py:651} INFO - DAG(s) dict_keys(['example_xcom']) retrieved from /home/gustavo/Documents/etl_api_twitter/venv/lib/python3.9/site-packages/airflow/example_dags/example_xcom.py
[2023-01-04 08:12:58,019] {logging_mixin.py:115} INFO - [2023-01-04 08:12:58,019] {dag.py:2379} INFO - Sync 1 DAGs
[2023-01-04 08:12:58,037] {logging_mixin.py:115} INFO - [2023-01-04 08:12:58,037] {dag.py:2927} INFO - Setting next_dagrun for example_xcom to 2021-01-01T00:00:00+00:00, run_after=2021-01-01T00:00:00+00:00
[2023-01-04 08:12:58,049] {processor.py:161} INFO - Processing /home/gustavo/Documents/etl_api_twitter/venv/lib/python3.9/site-packages/airflow/example_dags/example_xcom.py took 0.091 seconds
[2023-01-04 08:13:30,044] {processor.py:153} INFO - Started process (PID=4239) to work on /home/gustavo/Documents/etl_api_twitter/venv/lib/python3.9/site-packages/airflow/example_dags/example_xcom.py
[2023-01-04 08:13:30,047] {processor.py:641} INFO - Processing file /home/gustavo/Documents/etl_api_twitter/venv/lib/python3.9/site-packages/airflow/example_dags/example_xcom.py for tasks to queue
[2023-01-04 08:13:30,048] {logging_mixin.py:115} INFO - [2023-01-04 08:13:30,048] {dagbag.py:507} INFO - Filling up the DagBag from /home/gustavo/Documents/etl_api_twitter/venv/lib/python3.9/site-packages/airflow/example_dags/example_xcom.py
[2023-01-04 08:13:30,082] {processor.py:651} INFO - DAG(s) dict_keys(['example_xcom']) retrieved from /home/gustavo/Documents/etl_api_twitter/venv/lib/python3.9/site-packages/airflow/example_dags/example_xcom.py
[2023-01-04 08:13:30,134] {logging_mixin.py:115} INFO - [2023-01-04 08:13:30,134] {dag.py:2379} INFO - Sync 1 DAGs
[2023-01-04 08:13:30,159] {logging_mixin.py:115} INFO - [2023-01-04 08:13:30,159] {dag.py:2927} INFO - Setting next_dagrun for example_xcom to 2021-01-01T00:00:00+00:00, run_after=2021-01-01T00:00:00+00:00
[2023-01-04 08:13:30,182] {processor.py:161} INFO - Processing /home/gustavo/Documents/etl_api_twitter/venv/lib/python3.9/site-packages/airflow/example_dags/example_xcom.py took 0.145 seconds
[2023-01-04 08:14:04,645] {processor.py:153} INFO - Started process (PID=4275) to work on /home/gustavo/Documents/etl_api_twitter/venv/lib/python3.9/site-packages/airflow/example_dags/example_xcom.py
[2023-01-04 08:14:04,646] {processor.py:641} INFO - Processing file /home/gustavo/Documents/etl_api_twitter/venv/lib/python3.9/site-packages/airflow/example_dags/example_xcom.py for tasks to queue
[2023-01-04 08:14:04,646] {logging_mixin.py:115} INFO - [2023-01-04 08:14:04,646] {dagbag.py:507} INFO - Filling up the DagBag from /home/gustavo/Documents/etl_api_twitter/venv/lib/python3.9/site-packages/airflow/example_dags/example_xcom.py
[2023-01-04 08:14:04,668] {processor.py:651} INFO - DAG(s) dict_keys(['example_xcom']) retrieved from /home/gustavo/Documents/etl_api_twitter/venv/lib/python3.9/site-packages/airflow/example_dags/example_xcom.py
[2023-01-04 08:14:04,717] {logging_mixin.py:115} INFO - [2023-01-04 08:14:04,717] {dag.py:2379} INFO - Sync 1 DAGs
[2023-01-04 08:14:04,729] {logging_mixin.py:115} INFO - [2023-01-04 08:14:04,728] {dag.py:2927} INFO - Setting next_dagrun for example_xcom to 2021-01-01T00:00:00+00:00, run_after=2021-01-01T00:00:00+00:00
[2023-01-04 08:14:04,742] {processor.py:161} INFO - Processing /home/gustavo/Documents/etl_api_twitter/venv/lib/python3.9/site-packages/airflow/example_dags/example_xcom.py took 0.101 seconds
[2023-01-04 08:14:37,743] {processor.py:153} INFO - Started process (PID=4421) to work on /home/gustavo/Documents/etl_api_twitter/venv/lib/python3.9/site-packages/airflow/example_dags/example_xcom.py
[2023-01-04 08:14:37,744] {processor.py:641} INFO - Processing file /home/gustavo/Documents/etl_api_twitter/venv/lib/python3.9/site-packages/airflow/example_dags/example_xcom.py for tasks to queue
[2023-01-04 08:14:37,745] {logging_mixin.py:115} INFO - [2023-01-04 08:14:37,745] {dagbag.py:507} INFO - Filling up the DagBag from /home/gustavo/Documents/etl_api_twitter/venv/lib/python3.9/site-packages/airflow/example_dags/example_xcom.py
[2023-01-04 08:14:37,765] {processor.py:651} INFO - DAG(s) dict_keys(['example_xcom']) retrieved from /home/gustavo/Documents/etl_api_twitter/venv/lib/python3.9/site-packages/airflow/example_dags/example_xcom.py
[2023-01-04 08:14:37,807] {logging_mixin.py:115} INFO - [2023-01-04 08:14:37,807] {dag.py:2379} INFO - Sync 1 DAGs
[2023-01-04 08:14:37,824] {logging_mixin.py:115} INFO - [2023-01-04 08:14:37,824] {dag.py:2927} INFO - Setting next_dagrun for example_xcom to 2021-01-01T00:00:00+00:00, run_after=2021-01-01T00:00:00+00:00
[2023-01-04 08:14:37,840] {processor.py:161} INFO - Processing /home/gustavo/Documents/etl_api_twitter/venv/lib/python3.9/site-packages/airflow/example_dags/example_xcom.py took 0.100 seconds
[2023-01-04 08:15:10,532] {processor.py:153} INFO - Started process (PID=4504) to work on /home/gustavo/Documents/etl_api_twitter/venv/lib/python3.9/site-packages/airflow/example_dags/example_xcom.py
[2023-01-04 08:15:10,533] {processor.py:641} INFO - Processing file /home/gustavo/Documents/etl_api_twitter/venv/lib/python3.9/site-packages/airflow/example_dags/example_xcom.py for tasks to queue
[2023-01-04 08:15:10,535] {logging_mixin.py:115} INFO - [2023-01-04 08:15:10,534] {dagbag.py:507} INFO - Filling up the DagBag from /home/gustavo/Documents/etl_api_twitter/venv/lib/python3.9/site-packages/airflow/example_dags/example_xcom.py
[2023-01-04 08:15:10,578] {processor.py:651} INFO - DAG(s) dict_keys(['example_xcom']) retrieved from /home/gustavo/Documents/etl_api_twitter/venv/lib/python3.9/site-packages/airflow/example_dags/example_xcom.py
[2023-01-04 08:15:10,637] {logging_mixin.py:115} INFO - [2023-01-04 08:15:10,637] {dag.py:2379} INFO - Sync 1 DAGs
[2023-01-04 08:15:10,660] {logging_mixin.py:115} INFO - [2023-01-04 08:15:10,659] {dag.py:2927} INFO - Setting next_dagrun for example_xcom to 2021-01-01T00:00:00+00:00, run_after=2021-01-01T00:00:00+00:00
[2023-01-04 08:15:10,682] {processor.py:161} INFO - Processing /home/gustavo/Documents/etl_api_twitter/venv/lib/python3.9/site-packages/airflow/example_dags/example_xcom.py took 0.156 seconds
[2023-01-04 08:15:43,430] {processor.py:153} INFO - Started process (PID=4764) to work on /home/gustavo/Documents/etl_api_twitter/venv/lib/python3.9/site-packages/airflow/example_dags/example_xcom.py
[2023-01-04 08:15:43,432] {processor.py:641} INFO - Processing file /home/gustavo/Documents/etl_api_twitter/venv/lib/python3.9/site-packages/airflow/example_dags/example_xcom.py for tasks to queue
[2023-01-04 08:15:43,434] {logging_mixin.py:115} INFO - [2023-01-04 08:15:43,433] {dagbag.py:507} INFO - Filling up the DagBag from /home/gustavo/Documents/etl_api_twitter/venv/lib/python3.9/site-packages/airflow/example_dags/example_xcom.py
[2023-01-04 08:15:43,472] {processor.py:651} INFO - DAG(s) dict_keys(['example_xcom']) retrieved from /home/gustavo/Documents/etl_api_twitter/venv/lib/python3.9/site-packages/airflow/example_dags/example_xcom.py
[2023-01-04 08:15:43,523] {logging_mixin.py:115} INFO - [2023-01-04 08:15:43,522] {dag.py:2379} INFO - Sync 1 DAGs
[2023-01-04 08:15:43,537] {logging_mixin.py:115} INFO - [2023-01-04 08:15:43,537] {dag.py:2927} INFO - Setting next_dagrun for example_xcom to 2021-01-01T00:00:00+00:00, run_after=2021-01-01T00:00:00+00:00
[2023-01-04 08:15:43,549] {processor.py:161} INFO - Processing /home/gustavo/Documents/etl_api_twitter/venv/lib/python3.9/site-packages/airflow/example_dags/example_xcom.py took 0.126 seconds
[2023-01-04 08:16:15,646] {processor.py:153} INFO - Started process (PID=4956) to work on /home/gustavo/Documents/etl_api_twitter/venv/lib/python3.9/site-packages/airflow/example_dags/example_xcom.py
[2023-01-04 08:16:15,648] {processor.py:641} INFO - Processing file /home/gustavo/Documents/etl_api_twitter/venv/lib/python3.9/site-packages/airflow/example_dags/example_xcom.py for tasks to queue
[2023-01-04 08:16:15,649] {logging_mixin.py:115} INFO - [2023-01-04 08:16:15,649] {dagbag.py:507} INFO - Filling up the DagBag from /home/gustavo/Documents/etl_api_twitter/venv/lib/python3.9/site-packages/airflow/example_dags/example_xcom.py
[2023-01-04 08:16:15,688] {processor.py:651} INFO - DAG(s) dict_keys(['example_xcom']) retrieved from /home/gustavo/Documents/etl_api_twitter/venv/lib/python3.9/site-packages/airflow/example_dags/example_xcom.py
[2023-01-04 08:16:15,703] {logging_mixin.py:115} INFO - [2023-01-04 08:16:15,703] {dag.py:2379} INFO - Sync 1 DAGs
[2023-01-04 08:16:15,716] {logging_mixin.py:115} INFO - [2023-01-04 08:16:15,715] {dag.py:2927} INFO - Setting next_dagrun for example_xcom to 2021-01-01T00:00:00+00:00, run_after=2021-01-01T00:00:00+00:00
[2023-01-04 08:16:15,736] {processor.py:161} INFO - Processing /home/gustavo/Documents/etl_api_twitter/venv/lib/python3.9/site-packages/airflow/example_dags/example_xcom.py took 0.096 seconds
[2023-01-04 08:16:47,838] {processor.py:153} INFO - Started process (PID=5132) to work on /home/gustavo/Documents/etl_api_twitter/venv/lib/python3.9/site-packages/airflow/example_dags/example_xcom.py
[2023-01-04 08:16:47,838] {processor.py:641} INFO - Processing file /home/gustavo/Documents/etl_api_twitter/venv/lib/python3.9/site-packages/airflow/example_dags/example_xcom.py for tasks to queue
[2023-01-04 08:16:47,839] {logging_mixin.py:115} INFO - [2023-01-04 08:16:47,839] {dagbag.py:507} INFO - Filling up the DagBag from /home/gustavo/Documents/etl_api_twitter/venv/lib/python3.9/site-packages/airflow/example_dags/example_xcom.py
[2023-01-04 08:16:47,856] {processor.py:651} INFO - DAG(s) dict_keys(['example_xcom']) retrieved from /home/gustavo/Documents/etl_api_twitter/venv/lib/python3.9/site-packages/airflow/example_dags/example_xcom.py
[2023-01-04 08:16:47,869] {logging_mixin.py:115} INFO - [2023-01-04 08:16:47,869] {dag.py:2379} INFO - Sync 1 DAGs
[2023-01-04 08:16:47,882] {logging_mixin.py:115} INFO - [2023-01-04 08:16:47,882] {dag.py:2927} INFO - Setting next_dagrun for example_xcom to 2021-01-01T00:00:00+00:00, run_after=2021-01-01T00:00:00+00:00
[2023-01-04 08:16:47,894] {processor.py:161} INFO - Processing /home/gustavo/Documents/etl_api_twitter/venv/lib/python3.9/site-packages/airflow/example_dags/example_xcom.py took 0.062 seconds
[2023-01-04 08:17:21,597] {processor.py:153} INFO - Started process (PID=5338) to work on /home/gustavo/Documents/etl_api_twitter/venv/lib/python3.9/site-packages/airflow/example_dags/example_xcom.py
[2023-01-04 08:17:21,599] {processor.py:641} INFO - Processing file /home/gustavo/Documents/etl_api_twitter/venv/lib/python3.9/site-packages/airflow/example_dags/example_xcom.py for tasks to queue
[2023-01-04 08:17:21,601] {logging_mixin.py:115} INFO - [2023-01-04 08:17:21,600] {dagbag.py:507} INFO - Filling up the DagBag from /home/gustavo/Documents/etl_api_twitter/venv/lib/python3.9/site-packages/airflow/example_dags/example_xcom.py
[2023-01-04 08:17:21,639] {processor.py:651} INFO - DAG(s) dict_keys(['example_xcom']) retrieved from /home/gustavo/Documents/etl_api_twitter/venv/lib/python3.9/site-packages/airflow/example_dags/example_xcom.py
[2023-01-04 08:17:21,671] {logging_mixin.py:115} INFO - [2023-01-04 08:17:21,671] {dag.py:2379} INFO - Sync 1 DAGs
[2023-01-04 08:17:21,701] {logging_mixin.py:115} INFO - [2023-01-04 08:17:21,701] {dag.py:2927} INFO - Setting next_dagrun for example_xcom to 2021-01-01T00:00:00+00:00, run_after=2021-01-01T00:00:00+00:00
[2023-01-04 08:17:21,722] {processor.py:161} INFO - Processing /home/gustavo/Documents/etl_api_twitter/venv/lib/python3.9/site-packages/airflow/example_dags/example_xcom.py took 0.132 seconds
[2023-01-04 08:17:56,138] {processor.py:153} INFO - Started process (PID=5548) to work on /home/gustavo/Documents/etl_api_twitter/venv/lib/python3.9/site-packages/airflow/example_dags/example_xcom.py
[2023-01-04 08:17:56,139] {processor.py:641} INFO - Processing file /home/gustavo/Documents/etl_api_twitter/venv/lib/python3.9/site-packages/airflow/example_dags/example_xcom.py for tasks to queue
[2023-01-04 08:17:56,140] {logging_mixin.py:115} INFO - [2023-01-04 08:17:56,140] {dagbag.py:507} INFO - Filling up the DagBag from /home/gustavo/Documents/etl_api_twitter/venv/lib/python3.9/site-packages/airflow/example_dags/example_xcom.py
[2023-01-04 08:17:56,158] {processor.py:651} INFO - DAG(s) dict_keys(['example_xcom']) retrieved from /home/gustavo/Documents/etl_api_twitter/venv/lib/python3.9/site-packages/airflow/example_dags/example_xcom.py
[2023-01-04 08:17:56,209] {logging_mixin.py:115} INFO - [2023-01-04 08:17:56,209] {dag.py:2379} INFO - Sync 1 DAGs
[2023-01-04 08:17:56,225] {logging_mixin.py:115} INFO - [2023-01-04 08:17:56,225] {dag.py:2927} INFO - Setting next_dagrun for example_xcom to 2021-01-01T00:00:00+00:00, run_after=2021-01-01T00:00:00+00:00
[2023-01-04 08:17:56,243] {processor.py:161} INFO - Processing /home/gustavo/Documents/etl_api_twitter/venv/lib/python3.9/site-packages/airflow/example_dags/example_xcom.py took 0.107 seconds
[2023-01-04 08:18:28,512] {processor.py:153} INFO - Started process (PID=5731) to work on /home/gustavo/Documents/etl_api_twitter/venv/lib/python3.9/site-packages/airflow/example_dags/example_xcom.py
[2023-01-04 08:18:28,514] {processor.py:641} INFO - Processing file /home/gustavo/Documents/etl_api_twitter/venv/lib/python3.9/site-packages/airflow/example_dags/example_xcom.py for tasks to queue
[2023-01-04 08:18:28,514] {logging_mixin.py:115} INFO - [2023-01-04 08:18:28,514] {dagbag.py:507} INFO - Filling up the DagBag from /home/gustavo/Documents/etl_api_twitter/venv/lib/python3.9/site-packages/airflow/example_dags/example_xcom.py
[2023-01-04 08:18:28,539] {processor.py:651} INFO - DAG(s) dict_keys(['example_xcom']) retrieved from /home/gustavo/Documents/etl_api_twitter/venv/lib/python3.9/site-packages/airflow/example_dags/example_xcom.py
[2023-01-04 08:18:28,642] {logging_mixin.py:115} INFO - [2023-01-04 08:18:28,642] {dag.py:2379} INFO - Sync 1 DAGs
[2023-01-04 08:18:28,674] {logging_mixin.py:115} INFO - [2023-01-04 08:18:28,674] {dag.py:2927} INFO - Setting next_dagrun for example_xcom to 2021-01-01T00:00:00+00:00, run_after=2021-01-01T00:00:00+00:00
[2023-01-04 08:18:28,706] {processor.py:161} INFO - Processing /home/gustavo/Documents/etl_api_twitter/venv/lib/python3.9/site-packages/airflow/example_dags/example_xcom.py took 0.199 seconds
[2023-01-04 08:18:59,881] {processor.py:153} INFO - Started process (PID=5907) to work on /home/gustavo/Documents/etl_api_twitter/venv/lib/python3.9/site-packages/airflow/example_dags/example_xcom.py
[2023-01-04 08:18:59,883] {processor.py:641} INFO - Processing file /home/gustavo/Documents/etl_api_twitter/venv/lib/python3.9/site-packages/airflow/example_dags/example_xcom.py for tasks to queue
[2023-01-04 08:18:59,884] {logging_mixin.py:115} INFO - [2023-01-04 08:18:59,883] {dagbag.py:507} INFO - Filling up the DagBag from /home/gustavo/Documents/etl_api_twitter/venv/lib/python3.9/site-packages/airflow/example_dags/example_xcom.py
[2023-01-04 08:18:59,902] {processor.py:651} INFO - DAG(s) dict_keys(['example_xcom']) retrieved from /home/gustavo/Documents/etl_api_twitter/venv/lib/python3.9/site-packages/airflow/example_dags/example_xcom.py
[2023-01-04 08:18:59,925] {logging_mixin.py:115} INFO - [2023-01-04 08:18:59,925] {dag.py:2379} INFO - Sync 1 DAGs
[2023-01-04 08:18:59,953] {logging_mixin.py:115} INFO - [2023-01-04 08:18:59,952] {dag.py:2927} INFO - Setting next_dagrun for example_xcom to 2021-01-01T00:00:00+00:00, run_after=2021-01-01T00:00:00+00:00
[2023-01-04 08:18:59,965] {processor.py:161} INFO - Processing /home/gustavo/Documents/etl_api_twitter/venv/lib/python3.9/site-packages/airflow/example_dags/example_xcom.py took 0.090 seconds
[2023-01-04 08:19:33,263] {processor.py:153} INFO - Started process (PID=6111) to work on /home/gustavo/Documents/etl_api_twitter/venv/lib/python3.9/site-packages/airflow/example_dags/example_xcom.py
[2023-01-04 08:19:33,264] {processor.py:641} INFO - Processing file /home/gustavo/Documents/etl_api_twitter/venv/lib/python3.9/site-packages/airflow/example_dags/example_xcom.py for tasks to queue
[2023-01-04 08:19:33,265] {logging_mixin.py:115} INFO - [2023-01-04 08:19:33,265] {dagbag.py:507} INFO - Filling up the DagBag from /home/gustavo/Documents/etl_api_twitter/venv/lib/python3.9/site-packages/airflow/example_dags/example_xcom.py
[2023-01-04 08:19:33,296] {processor.py:651} INFO - DAG(s) dict_keys(['example_xcom']) retrieved from /home/gustavo/Documents/etl_api_twitter/venv/lib/python3.9/site-packages/airflow/example_dags/example_xcom.py
[2023-01-04 08:19:33,339] {logging_mixin.py:115} INFO - [2023-01-04 08:19:33,339] {dag.py:2379} INFO - Sync 1 DAGs
[2023-01-04 08:19:33,363] {logging_mixin.py:115} INFO - [2023-01-04 08:19:33,363] {dag.py:2927} INFO - Setting next_dagrun for example_xcom to 2021-01-01T00:00:00+00:00, run_after=2021-01-01T00:00:00+00:00
[2023-01-04 08:19:33,380] {processor.py:161} INFO - Processing /home/gustavo/Documents/etl_api_twitter/venv/lib/python3.9/site-packages/airflow/example_dags/example_xcom.py took 0.125 seconds
[2023-01-04 08:20:06,270] {processor.py:153} INFO - Started process (PID=6293) to work on /home/gustavo/Documents/etl_api_twitter/venv/lib/python3.9/site-packages/airflow/example_dags/example_xcom.py
[2023-01-04 08:20:06,272] {processor.py:641} INFO - Processing file /home/gustavo/Documents/etl_api_twitter/venv/lib/python3.9/site-packages/airflow/example_dags/example_xcom.py for tasks to queue
[2023-01-04 08:20:06,274] {logging_mixin.py:115} INFO - [2023-01-04 08:20:06,273] {dagbag.py:507} INFO - Filling up the DagBag from /home/gustavo/Documents/etl_api_twitter/venv/lib/python3.9/site-packages/airflow/example_dags/example_xcom.py
[2023-01-04 08:20:06,309] {processor.py:651} INFO - DAG(s) dict_keys(['example_xcom']) retrieved from /home/gustavo/Documents/etl_api_twitter/venv/lib/python3.9/site-packages/airflow/example_dags/example_xcom.py
[2023-01-04 08:20:06,326] {logging_mixin.py:115} INFO - [2023-01-04 08:20:06,326] {dag.py:2379} INFO - Sync 1 DAGs
[2023-01-04 08:20:06,339] {logging_mixin.py:115} INFO - [2023-01-04 08:20:06,339] {dag.py:2927} INFO - Setting next_dagrun for example_xcom to 2021-01-01T00:00:00+00:00, run_after=2021-01-01T00:00:00+00:00
[2023-01-04 08:20:06,353] {processor.py:161} INFO - Processing /home/gustavo/Documents/etl_api_twitter/venv/lib/python3.9/site-packages/airflow/example_dags/example_xcom.py took 0.089 seconds
[2023-01-04 08:20:38,543] {processor.py:153} INFO - Started process (PID=6523) to work on /home/gustavo/Documents/etl_api_twitter/venv/lib/python3.9/site-packages/airflow/example_dags/example_xcom.py
[2023-01-04 08:20:38,545] {processor.py:641} INFO - Processing file /home/gustavo/Documents/etl_api_twitter/venv/lib/python3.9/site-packages/airflow/example_dags/example_xcom.py for tasks to queue
[2023-01-04 08:20:38,546] {logging_mixin.py:115} INFO - [2023-01-04 08:20:38,546] {dagbag.py:507} INFO - Filling up the DagBag from /home/gustavo/Documents/etl_api_twitter/venv/lib/python3.9/site-packages/airflow/example_dags/example_xcom.py
[2023-01-04 08:20:38,581] {processor.py:651} INFO - DAG(s) dict_keys(['example_xcom']) retrieved from /home/gustavo/Documents/etl_api_twitter/venv/lib/python3.9/site-packages/airflow/example_dags/example_xcom.py
[2023-01-04 08:20:38,663] {logging_mixin.py:115} INFO - [2023-01-04 08:20:38,663] {dag.py:2379} INFO - Sync 1 DAGs
[2023-01-04 08:20:38,687] {logging_mixin.py:115} INFO - [2023-01-04 08:20:38,687] {dag.py:2927} INFO - Setting next_dagrun for example_xcom to 2021-01-01T00:00:00+00:00, run_after=2021-01-01T00:00:00+00:00
[2023-01-04 08:20:38,713] {processor.py:161} INFO - Processing /home/gustavo/Documents/etl_api_twitter/venv/lib/python3.9/site-packages/airflow/example_dags/example_xcom.py took 0.175 seconds
[2023-01-04 08:21:09,351] {processor.py:153} INFO - Started process (PID=6724) to work on /home/gustavo/Documents/etl_api_twitter/venv/lib/python3.9/site-packages/airflow/example_dags/example_xcom.py
[2023-01-04 08:21:09,354] {processor.py:641} INFO - Processing file /home/gustavo/Documents/etl_api_twitter/venv/lib/python3.9/site-packages/airflow/example_dags/example_xcom.py for tasks to queue
[2023-01-04 08:21:09,355] {logging_mixin.py:115} INFO - [2023-01-04 08:21:09,354] {dagbag.py:507} INFO - Filling up the DagBag from /home/gustavo/Documents/etl_api_twitter/venv/lib/python3.9/site-packages/airflow/example_dags/example_xcom.py
[2023-01-04 08:21:09,383] {processor.py:651} INFO - DAG(s) dict_keys(['example_xcom']) retrieved from /home/gustavo/Documents/etl_api_twitter/venv/lib/python3.9/site-packages/airflow/example_dags/example_xcom.py
[2023-01-04 08:21:09,404] {logging_mixin.py:115} INFO - [2023-01-04 08:21:09,404] {dag.py:2379} INFO - Sync 1 DAGs
[2023-01-04 08:21:09,464] {logging_mixin.py:115} INFO - [2023-01-04 08:21:09,463] {dag.py:2927} INFO - Setting next_dagrun for example_xcom to 2021-01-01T00:00:00+00:00, run_after=2021-01-01T00:00:00+00:00
[2023-01-04 08:21:09,493] {processor.py:161} INFO - Processing /home/gustavo/Documents/etl_api_twitter/venv/lib/python3.9/site-packages/airflow/example_dags/example_xcom.py took 0.155 seconds
[2023-01-04 08:21:42,012] {processor.py:153} INFO - Started process (PID=6903) to work on /home/gustavo/Documents/etl_api_twitter/venv/lib/python3.9/site-packages/airflow/example_dags/example_xcom.py
[2023-01-04 08:21:42,014] {processor.py:641} INFO - Processing file /home/gustavo/Documents/etl_api_twitter/venv/lib/python3.9/site-packages/airflow/example_dags/example_xcom.py for tasks to queue
[2023-01-04 08:21:42,016] {logging_mixin.py:115} INFO - [2023-01-04 08:21:42,016] {dagbag.py:507} INFO - Filling up the DagBag from /home/gustavo/Documents/etl_api_twitter/venv/lib/python3.9/site-packages/airflow/example_dags/example_xcom.py
[2023-01-04 08:21:42,054] {processor.py:651} INFO - DAG(s) dict_keys(['example_xcom']) retrieved from /home/gustavo/Documents/etl_api_twitter/venv/lib/python3.9/site-packages/airflow/example_dags/example_xcom.py
[2023-01-04 08:21:42,075] {logging_mixin.py:115} INFO - [2023-01-04 08:21:42,075] {dag.py:2379} INFO - Sync 1 DAGs
[2023-01-04 08:21:42,097] {logging_mixin.py:115} INFO - [2023-01-04 08:21:42,097] {dag.py:2927} INFO - Setting next_dagrun for example_xcom to 2021-01-01T00:00:00+00:00, run_after=2021-01-01T00:00:00+00:00
[2023-01-04 08:21:42,113] {processor.py:161} INFO - Processing /home/gustavo/Documents/etl_api_twitter/venv/lib/python3.9/site-packages/airflow/example_dags/example_xcom.py took 0.107 seconds
[2023-01-04 08:22:16,027] {processor.py:153} INFO - Started process (PID=7106) to work on /home/gustavo/Documents/etl_api_twitter/venv/lib/python3.9/site-packages/airflow/example_dags/example_xcom.py
[2023-01-04 08:22:16,028] {processor.py:641} INFO - Processing file /home/gustavo/Documents/etl_api_twitter/venv/lib/python3.9/site-packages/airflow/example_dags/example_xcom.py for tasks to queue
[2023-01-04 08:22:16,028] {logging_mixin.py:115} INFO - [2023-01-04 08:22:16,028] {dagbag.py:507} INFO - Filling up the DagBag from /home/gustavo/Documents/etl_api_twitter/venv/lib/python3.9/site-packages/airflow/example_dags/example_xcom.py
[2023-01-04 08:22:16,057] {processor.py:651} INFO - DAG(s) dict_keys(['example_xcom']) retrieved from /home/gustavo/Documents/etl_api_twitter/venv/lib/python3.9/site-packages/airflow/example_dags/example_xcom.py
[2023-01-04 08:22:16,077] {logging_mixin.py:115} INFO - [2023-01-04 08:22:16,077] {dag.py:2379} INFO - Sync 1 DAGs
[2023-01-04 08:22:16,089] {logging_mixin.py:115} INFO - [2023-01-04 08:22:16,089] {dag.py:2927} INFO - Setting next_dagrun for example_xcom to 2021-01-01T00:00:00+00:00, run_after=2021-01-01T00:00:00+00:00
[2023-01-04 08:22:16,107] {processor.py:161} INFO - Processing /home/gustavo/Documents/etl_api_twitter/venv/lib/python3.9/site-packages/airflow/example_dags/example_xcom.py took 0.086 seconds
[2023-01-04 08:22:46,461] {processor.py:153} INFO - Started process (PID=7292) to work on /home/gustavo/Documents/etl_api_twitter/venv/lib/python3.9/site-packages/airflow/example_dags/example_xcom.py
[2023-01-04 08:22:46,463] {processor.py:641} INFO - Processing file /home/gustavo/Documents/etl_api_twitter/venv/lib/python3.9/site-packages/airflow/example_dags/example_xcom.py for tasks to queue
[2023-01-04 08:22:46,464] {logging_mixin.py:115} INFO - [2023-01-04 08:22:46,464] {dagbag.py:507} INFO - Filling up the DagBag from /home/gustavo/Documents/etl_api_twitter/venv/lib/python3.9/site-packages/airflow/example_dags/example_xcom.py
[2023-01-04 08:22:46,481] {processor.py:651} INFO - DAG(s) dict_keys(['example_xcom']) retrieved from /home/gustavo/Documents/etl_api_twitter/venv/lib/python3.9/site-packages/airflow/example_dags/example_xcom.py
[2023-01-04 08:22:46,499] {logging_mixin.py:115} INFO - [2023-01-04 08:22:46,499] {dag.py:2379} INFO - Sync 1 DAGs
[2023-01-04 08:22:46,518] {logging_mixin.py:115} INFO - [2023-01-04 08:22:46,518] {dag.py:2927} INFO - Setting next_dagrun for example_xcom to 2021-01-01T00:00:00+00:00, run_after=2021-01-01T00:00:00+00:00
[2023-01-04 08:22:46,535] {processor.py:161} INFO - Processing /home/gustavo/Documents/etl_api_twitter/venv/lib/python3.9/site-packages/airflow/example_dags/example_xcom.py took 0.077 seconds
[2023-01-04 08:23:20,220] {processor.py:153} INFO - Started process (PID=7476) to work on /home/gustavo/Documents/etl_api_twitter/venv/lib/python3.9/site-packages/airflow/example_dags/example_xcom.py
[2023-01-04 08:23:20,221] {processor.py:641} INFO - Processing file /home/gustavo/Documents/etl_api_twitter/venv/lib/python3.9/site-packages/airflow/example_dags/example_xcom.py for tasks to queue
[2023-01-04 08:23:20,222] {logging_mixin.py:115} INFO - [2023-01-04 08:23:20,222] {dagbag.py:507} INFO - Filling up the DagBag from /home/gustavo/Documents/etl_api_twitter/venv/lib/python3.9/site-packages/airflow/example_dags/example_xcom.py
[2023-01-04 08:23:20,247] {processor.py:651} INFO - DAG(s) dict_keys(['example_xcom']) retrieved from /home/gustavo/Documents/etl_api_twitter/venv/lib/python3.9/site-packages/airflow/example_dags/example_xcom.py
[2023-01-04 08:23:20,303] {logging_mixin.py:115} INFO - [2023-01-04 08:23:20,303] {dag.py:2379} INFO - Sync 1 DAGs
[2023-01-04 08:23:20,322] {logging_mixin.py:115} INFO - [2023-01-04 08:23:20,322] {dag.py:2927} INFO - Setting next_dagrun for example_xcom to 2021-01-01T00:00:00+00:00, run_after=2021-01-01T00:00:00+00:00
[2023-01-04 08:23:20,335] {processor.py:161} INFO - Processing /home/gustavo/Documents/etl_api_twitter/venv/lib/python3.9/site-packages/airflow/example_dags/example_xcom.py took 0.123 seconds
[2023-01-04 08:23:51,391] {processor.py:153} INFO - Started process (PID=7652) to work on /home/gustavo/Documents/etl_api_twitter/venv/lib/python3.9/site-packages/airflow/example_dags/example_xcom.py
[2023-01-04 08:23:51,393] {processor.py:641} INFO - Processing file /home/gustavo/Documents/etl_api_twitter/venv/lib/python3.9/site-packages/airflow/example_dags/example_xcom.py for tasks to queue
[2023-01-04 08:23:51,393] {logging_mixin.py:115} INFO - [2023-01-04 08:23:51,393] {dagbag.py:507} INFO - Filling up the DagBag from /home/gustavo/Documents/etl_api_twitter/venv/lib/python3.9/site-packages/airflow/example_dags/example_xcom.py
[2023-01-04 08:23:51,427] {processor.py:651} INFO - DAG(s) dict_keys(['example_xcom']) retrieved from /home/gustavo/Documents/etl_api_twitter/venv/lib/python3.9/site-packages/airflow/example_dags/example_xcom.py
[2023-01-04 08:23:51,442] {logging_mixin.py:115} INFO - [2023-01-04 08:23:51,442] {dag.py:2379} INFO - Sync 1 DAGs
[2023-01-04 08:23:51,454] {logging_mixin.py:115} INFO - [2023-01-04 08:23:51,454] {dag.py:2927} INFO - Setting next_dagrun for example_xcom to 2021-01-01T00:00:00+00:00, run_after=2021-01-01T00:00:00+00:00
[2023-01-04 08:23:51,466] {processor.py:161} INFO - Processing /home/gustavo/Documents/etl_api_twitter/venv/lib/python3.9/site-packages/airflow/example_dags/example_xcom.py took 0.083 seconds
[2023-01-04 08:24:26,557] {processor.py:153} INFO - Started process (PID=7857) to work on /home/gustavo/Documents/etl_api_twitter/venv/lib/python3.9/site-packages/airflow/example_dags/example_xcom.py
[2023-01-04 08:24:26,559] {processor.py:641} INFO - Processing file /home/gustavo/Documents/etl_api_twitter/venv/lib/python3.9/site-packages/airflow/example_dags/example_xcom.py for tasks to queue
[2023-01-04 08:24:26,560] {logging_mixin.py:115} INFO - [2023-01-04 08:24:26,560] {dagbag.py:507} INFO - Filling up the DagBag from /home/gustavo/Documents/etl_api_twitter/venv/lib/python3.9/site-packages/airflow/example_dags/example_xcom.py
[2023-01-04 08:24:26,596] {processor.py:651} INFO - DAG(s) dict_keys(['example_xcom']) retrieved from /home/gustavo/Documents/etl_api_twitter/venv/lib/python3.9/site-packages/airflow/example_dags/example_xcom.py
[2023-01-04 08:24:26,624] {logging_mixin.py:115} INFO - [2023-01-04 08:24:26,624] {dag.py:2379} INFO - Sync 1 DAGs
[2023-01-04 08:24:26,645] {logging_mixin.py:115} INFO - [2023-01-04 08:24:26,645] {dag.py:2927} INFO - Setting next_dagrun for example_xcom to 2021-01-01T00:00:00+00:00, run_after=2021-01-01T00:00:00+00:00
[2023-01-04 08:24:26,661] {processor.py:161} INFO - Processing /home/gustavo/Documents/etl_api_twitter/venv/lib/python3.9/site-packages/airflow/example_dags/example_xcom.py took 0.110 seconds
[2023-01-04 08:25:00,511] {processor.py:153} INFO - Started process (PID=8059) to work on /home/gustavo/Documents/etl_api_twitter/venv/lib/python3.9/site-packages/airflow/example_dags/example_xcom.py
[2023-01-04 08:25:00,512] {processor.py:641} INFO - Processing file /home/gustavo/Documents/etl_api_twitter/venv/lib/python3.9/site-packages/airflow/example_dags/example_xcom.py for tasks to queue
[2023-01-04 08:25:00,512] {logging_mixin.py:115} INFO - [2023-01-04 08:25:00,512] {dagbag.py:507} INFO - Filling up the DagBag from /home/gustavo/Documents/etl_api_twitter/venv/lib/python3.9/site-packages/airflow/example_dags/example_xcom.py
[2023-01-04 08:25:00,531] {processor.py:651} INFO - DAG(s) dict_keys(['example_xcom']) retrieved from /home/gustavo/Documents/etl_api_twitter/venv/lib/python3.9/site-packages/airflow/example_dags/example_xcom.py
[2023-01-04 08:25:00,550] {logging_mixin.py:115} INFO - [2023-01-04 08:25:00,550] {dag.py:2379} INFO - Sync 1 DAGs
[2023-01-04 08:25:00,571] {logging_mixin.py:115} INFO - [2023-01-04 08:25:00,571] {dag.py:2927} INFO - Setting next_dagrun for example_xcom to 2021-01-01T00:00:00+00:00, run_after=2021-01-01T00:00:00+00:00
[2023-01-04 08:25:00,589] {processor.py:161} INFO - Processing /home/gustavo/Documents/etl_api_twitter/venv/lib/python3.9/site-packages/airflow/example_dags/example_xcom.py took 0.081 seconds
[2023-01-04 08:25:31,364] {processor.py:153} INFO - Started process (PID=8236) to work on /home/gustavo/Documents/etl_api_twitter/venv/lib/python3.9/site-packages/airflow/example_dags/example_xcom.py
[2023-01-04 08:25:31,366] {processor.py:641} INFO - Processing file /home/gustavo/Documents/etl_api_twitter/venv/lib/python3.9/site-packages/airflow/example_dags/example_xcom.py for tasks to queue
[2023-01-04 08:25:31,366] {logging_mixin.py:115} INFO - [2023-01-04 08:25:31,366] {dagbag.py:507} INFO - Filling up the DagBag from /home/gustavo/Documents/etl_api_twitter/venv/lib/python3.9/site-packages/airflow/example_dags/example_xcom.py
[2023-01-04 08:25:31,399] {processor.py:651} INFO - DAG(s) dict_keys(['example_xcom']) retrieved from /home/gustavo/Documents/etl_api_twitter/venv/lib/python3.9/site-packages/airflow/example_dags/example_xcom.py
[2023-01-04 08:25:31,420] {logging_mixin.py:115} INFO - [2023-01-04 08:25:31,419] {dag.py:2379} INFO - Sync 1 DAGs
[2023-01-04 08:25:31,440] {logging_mixin.py:115} INFO - [2023-01-04 08:25:31,440] {dag.py:2927} INFO - Setting next_dagrun for example_xcom to 2021-01-01T00:00:00+00:00, run_after=2021-01-01T00:00:00+00:00
[2023-01-04 08:25:31,462] {processor.py:161} INFO - Processing /home/gustavo/Documents/etl_api_twitter/venv/lib/python3.9/site-packages/airflow/example_dags/example_xcom.py took 0.102 seconds
[2023-01-04 08:26:04,238] {processor.py:153} INFO - Started process (PID=8470) to work on /home/gustavo/Documents/etl_api_twitter/venv/lib/python3.9/site-packages/airflow/example_dags/example_xcom.py
[2023-01-04 08:26:04,239] {processor.py:641} INFO - Processing file /home/gustavo/Documents/etl_api_twitter/venv/lib/python3.9/site-packages/airflow/example_dags/example_xcom.py for tasks to queue
[2023-01-04 08:26:04,239] {logging_mixin.py:115} INFO - [2023-01-04 08:26:04,239] {dagbag.py:507} INFO - Filling up the DagBag from /home/gustavo/Documents/etl_api_twitter/venv/lib/python3.9/site-packages/airflow/example_dags/example_xcom.py
[2023-01-04 08:26:04,254] {processor.py:651} INFO - DAG(s) dict_keys(['example_xcom']) retrieved from /home/gustavo/Documents/etl_api_twitter/venv/lib/python3.9/site-packages/airflow/example_dags/example_xcom.py
[2023-01-04 08:26:04,291] {logging_mixin.py:115} INFO - [2023-01-04 08:26:04,291] {dag.py:2379} INFO - Sync 1 DAGs
[2023-01-04 08:26:04,305] {logging_mixin.py:115} INFO - [2023-01-04 08:26:04,305] {dag.py:2927} INFO - Setting next_dagrun for example_xcom to 2021-01-01T00:00:00+00:00, run_after=2021-01-01T00:00:00+00:00
[2023-01-04 08:26:04,316] {processor.py:161} INFO - Processing /home/gustavo/Documents/etl_api_twitter/venv/lib/python3.9/site-packages/airflow/example_dags/example_xcom.py took 0.082 seconds
[2023-01-04 08:26:35,305] {processor.py:153} INFO - Started process (PID=8646) to work on /home/gustavo/Documents/etl_api_twitter/venv/lib/python3.9/site-packages/airflow/example_dags/example_xcom.py
[2023-01-04 08:26:35,306] {processor.py:641} INFO - Processing file /home/gustavo/Documents/etl_api_twitter/venv/lib/python3.9/site-packages/airflow/example_dags/example_xcom.py for tasks to queue
[2023-01-04 08:26:35,307] {logging_mixin.py:115} INFO - [2023-01-04 08:26:35,307] {dagbag.py:507} INFO - Filling up the DagBag from /home/gustavo/Documents/etl_api_twitter/venv/lib/python3.9/site-packages/airflow/example_dags/example_xcom.py
[2023-01-04 08:26:35,329] {processor.py:651} INFO - DAG(s) dict_keys(['example_xcom']) retrieved from /home/gustavo/Documents/etl_api_twitter/venv/lib/python3.9/site-packages/airflow/example_dags/example_xcom.py
[2023-01-04 08:26:35,378] {logging_mixin.py:115} INFO - [2023-01-04 08:26:35,378] {dag.py:2379} INFO - Sync 1 DAGs
[2023-01-04 08:26:35,394] {logging_mixin.py:115} INFO - [2023-01-04 08:26:35,394] {dag.py:2927} INFO - Setting next_dagrun for example_xcom to 2021-01-01T00:00:00+00:00, run_after=2021-01-01T00:00:00+00:00
[2023-01-04 08:26:35,404] {processor.py:161} INFO - Processing /home/gustavo/Documents/etl_api_twitter/venv/lib/python3.9/site-packages/airflow/example_dags/example_xcom.py took 0.101 seconds
[2023-01-04 08:27:06,126] {processor.py:153} INFO - Started process (PID=8825) to work on /home/gustavo/Documents/etl_api_twitter/venv/lib/python3.9/site-packages/airflow/example_dags/example_xcom.py
[2023-01-04 08:27:06,128] {processor.py:641} INFO - Processing file /home/gustavo/Documents/etl_api_twitter/venv/lib/python3.9/site-packages/airflow/example_dags/example_xcom.py for tasks to queue
[2023-01-04 08:27:06,129] {logging_mixin.py:115} INFO - [2023-01-04 08:27:06,129] {dagbag.py:507} INFO - Filling up the DagBag from /home/gustavo/Documents/etl_api_twitter/venv/lib/python3.9/site-packages/airflow/example_dags/example_xcom.py
[2023-01-04 08:27:06,155] {processor.py:651} INFO - DAG(s) dict_keys(['example_xcom']) retrieved from /home/gustavo/Documents/etl_api_twitter/venv/lib/python3.9/site-packages/airflow/example_dags/example_xcom.py
[2023-01-04 08:27:06,197] {logging_mixin.py:115} INFO - [2023-01-04 08:27:06,197] {dag.py:2379} INFO - Sync 1 DAGs
[2023-01-04 08:27:06,208] {logging_mixin.py:115} INFO - [2023-01-04 08:27:06,208] {dag.py:2927} INFO - Setting next_dagrun for example_xcom to 2021-01-01T00:00:00+00:00, run_after=2021-01-01T00:00:00+00:00
[2023-01-04 08:27:06,218] {processor.py:161} INFO - Processing /home/gustavo/Documents/etl_api_twitter/venv/lib/python3.9/site-packages/airflow/example_dags/example_xcom.py took 0.098 seconds
[2023-01-04 08:27:37,318] {processor.py:153} INFO - Started process (PID=9010) to work on /home/gustavo/Documents/etl_api_twitter/venv/lib/python3.9/site-packages/airflow/example_dags/example_xcom.py
[2023-01-04 08:27:37,320] {processor.py:641} INFO - Processing file /home/gustavo/Documents/etl_api_twitter/venv/lib/python3.9/site-packages/airflow/example_dags/example_xcom.py for tasks to queue
[2023-01-04 08:27:37,321] {logging_mixin.py:115} INFO - [2023-01-04 08:27:37,321] {dagbag.py:507} INFO - Filling up the DagBag from /home/gustavo/Documents/etl_api_twitter/venv/lib/python3.9/site-packages/airflow/example_dags/example_xcom.py
[2023-01-04 08:27:37,347] {processor.py:651} INFO - DAG(s) dict_keys(['example_xcom']) retrieved from /home/gustavo/Documents/etl_api_twitter/venv/lib/python3.9/site-packages/airflow/example_dags/example_xcom.py
[2023-01-04 08:27:37,421] {logging_mixin.py:115} INFO - [2023-01-04 08:27:37,421] {dag.py:2379} INFO - Sync 1 DAGs
[2023-01-04 08:27:37,438] {logging_mixin.py:115} INFO - [2023-01-04 08:27:37,437] {dag.py:2927} INFO - Setting next_dagrun for example_xcom to 2021-01-01T00:00:00+00:00, run_after=2021-01-01T00:00:00+00:00
[2023-01-04 08:27:37,452] {processor.py:161} INFO - Processing /home/gustavo/Documents/etl_api_twitter/venv/lib/python3.9/site-packages/airflow/example_dags/example_xcom.py took 0.141 seconds
