[2023-01-04 08:01:11,985] {processor.py:153} INFO - Started process (PID=28347) to work on /home/gustavo/Documents/etl_api_twitter/venv/lib/python3.9/site-packages/airflow/example_dags/example_branch_operator_decorator.py
[2023-01-04 08:01:11,986] {processor.py:641} INFO - Processing file /home/gustavo/Documents/etl_api_twitter/venv/lib/python3.9/site-packages/airflow/example_dags/example_branch_operator_decorator.py for tasks to queue
[2023-01-04 08:01:11,987] {logging_mixin.py:115} INFO - [2023-01-04 08:01:11,987] {dagbag.py:507} INFO - Filling up the DagBag from /home/gustavo/Documents/etl_api_twitter/venv/lib/python3.9/site-packages/airflow/example_dags/example_branch_operator_decorator.py
[2023-01-04 08:01:12,036] {processor.py:651} INFO - DAG(s) dict_keys(['example_branch_python_operator_decorator']) retrieved from /home/gustavo/Documents/etl_api_twitter/venv/lib/python3.9/site-packages/airflow/example_dags/example_branch_operator_decorator.py
[2023-01-04 08:01:12,156] {logging_mixin.py:115} INFO - [2023-01-04 08:01:12,156] {manager.py:508} INFO - Created Permission View: can edit on DAG:example_branch_python_operator_decorator
[2023-01-04 08:01:12,175] {logging_mixin.py:115} INFO - [2023-01-04 08:01:12,175] {manager.py:508} INFO - Created Permission View: can read on DAG:example_branch_python_operator_decorator
[2023-01-04 08:01:12,192] {logging_mixin.py:115} INFO - [2023-01-04 08:01:12,192] {manager.py:508} INFO - Created Permission View: can delete on DAG:example_branch_python_operator_decorator
[2023-01-04 08:01:12,192] {logging_mixin.py:115} INFO - [2023-01-04 08:01:12,192] {dag.py:2379} INFO - Sync 1 DAGs
[2023-01-04 08:01:12,211] {logging_mixin.py:115} INFO - [2023-01-04 08:01:12,210] {dag.py:2398} INFO - Creating ORM DAG for example_branch_python_operator_decorator
[2023-01-04 08:01:12,240] {logging_mixin.py:115} INFO - [2023-01-04 08:01:12,239] {dag.py:2927} INFO - Setting next_dagrun for example_branch_python_operator_decorator to 2023-01-03T00:00:00+00:00, run_after=2023-01-04T00:00:00+00:00
[2023-01-04 08:01:12,266] {processor.py:161} INFO - Processing /home/gustavo/Documents/etl_api_twitter/venv/lib/python3.9/site-packages/airflow/example_dags/example_branch_operator_decorator.py took 0.288 seconds
[2023-01-04 08:01:49,668] {processor.py:153} INFO - Started process (PID=28565) to work on /home/gustavo/Documents/etl_api_twitter/venv/lib/python3.9/site-packages/airflow/example_dags/example_branch_operator_decorator.py
[2023-01-04 08:01:49,669] {processor.py:641} INFO - Processing file /home/gustavo/Documents/etl_api_twitter/venv/lib/python3.9/site-packages/airflow/example_dags/example_branch_operator_decorator.py for tasks to queue
[2023-01-04 08:01:49,670] {logging_mixin.py:115} INFO - [2023-01-04 08:01:49,670] {dagbag.py:507} INFO - Filling up the DagBag from /home/gustavo/Documents/etl_api_twitter/venv/lib/python3.9/site-packages/airflow/example_dags/example_branch_operator_decorator.py
[2023-01-04 08:01:49,720] {processor.py:651} INFO - DAG(s) dict_keys(['example_branch_python_operator_decorator']) retrieved from /home/gustavo/Documents/etl_api_twitter/venv/lib/python3.9/site-packages/airflow/example_dags/example_branch_operator_decorator.py
[2023-01-04 08:01:49,755] {logging_mixin.py:115} INFO - [2023-01-04 08:01:49,754] {dag.py:2379} INFO - Sync 1 DAGs
[2023-01-04 08:01:49,776] {logging_mixin.py:115} INFO - [2023-01-04 08:01:49,776] {dag.py:2927} INFO - Setting next_dagrun for example_branch_python_operator_decorator to 2023-01-03T00:00:00+00:00, run_after=2023-01-04T00:00:00+00:00
[2023-01-04 08:01:49,796] {processor.py:161} INFO - Processing /home/gustavo/Documents/etl_api_twitter/venv/lib/python3.9/site-packages/airflow/example_dags/example_branch_operator_decorator.py took 0.137 seconds
[2023-01-04 08:11:01,750] {processor.py:153} INFO - Started process (PID=3764) to work on /home/gustavo/Documents/etl_api_twitter/venv/lib/python3.9/site-packages/airflow/example_dags/example_branch_operator_decorator.py
[2023-01-04 08:11:01,754] {processor.py:641} INFO - Processing file /home/gustavo/Documents/etl_api_twitter/venv/lib/python3.9/site-packages/airflow/example_dags/example_branch_operator_decorator.py for tasks to queue
[2023-01-04 08:11:01,755] {logging_mixin.py:115} INFO - [2023-01-04 08:11:01,755] {dagbag.py:507} INFO - Filling up the DagBag from /home/gustavo/Documents/etl_api_twitter/venv/lib/python3.9/site-packages/airflow/example_dags/example_branch_operator_decorator.py
[2023-01-04 08:11:01,784] {processor.py:651} INFO - DAG(s) dict_keys(['example_branch_python_operator_decorator']) retrieved from /home/gustavo/Documents/etl_api_twitter/venv/lib/python3.9/site-packages/airflow/example_dags/example_branch_operator_decorator.py
[2023-01-04 08:11:01,807] {logging_mixin.py:115} INFO - [2023-01-04 08:11:01,807] {dag.py:2379} INFO - Sync 1 DAGs
[2023-01-04 08:11:01,835] {logging_mixin.py:115} INFO - [2023-01-04 08:11:01,834] {dag.py:2927} INFO - Setting next_dagrun for example_branch_python_operator_decorator to 2023-01-03T00:00:00+00:00, run_after=2023-01-04T00:00:00+00:00
[2023-01-04 08:11:01,866] {processor.py:161} INFO - Processing /home/gustavo/Documents/etl_api_twitter/venv/lib/python3.9/site-packages/airflow/example_dags/example_branch_operator_decorator.py took 0.119 seconds
[2023-01-04 08:11:36,905] {processor.py:153} INFO - Started process (PID=3997) to work on /home/gustavo/Documents/etl_api_twitter/venv/lib/python3.9/site-packages/airflow/example_dags/example_branch_operator_decorator.py
[2023-01-04 08:11:36,906] {processor.py:641} INFO - Processing file /home/gustavo/Documents/etl_api_twitter/venv/lib/python3.9/site-packages/airflow/example_dags/example_branch_operator_decorator.py for tasks to queue
[2023-01-04 08:11:36,907] {logging_mixin.py:115} INFO - [2023-01-04 08:11:36,907] {dagbag.py:507} INFO - Filling up the DagBag from /home/gustavo/Documents/etl_api_twitter/venv/lib/python3.9/site-packages/airflow/example_dags/example_branch_operator_decorator.py
[2023-01-04 08:11:36,924] {processor.py:651} INFO - DAG(s) dict_keys(['example_branch_python_operator_decorator']) retrieved from /home/gustavo/Documents/etl_api_twitter/venv/lib/python3.9/site-packages/airflow/example_dags/example_branch_operator_decorator.py
[2023-01-04 08:11:36,942] {logging_mixin.py:115} INFO - [2023-01-04 08:11:36,942] {dag.py:2379} INFO - Sync 1 DAGs
[2023-01-04 08:11:36,966] {logging_mixin.py:115} INFO - [2023-01-04 08:11:36,966] {dag.py:2927} INFO - Setting next_dagrun for example_branch_python_operator_decorator to 2023-01-03T00:00:00+00:00, run_after=2023-01-04T00:00:00+00:00
[2023-01-04 08:11:36,980] {processor.py:161} INFO - Processing /home/gustavo/Documents/etl_api_twitter/venv/lib/python3.9/site-packages/airflow/example_dags/example_branch_operator_decorator.py took 0.077 seconds
[2023-01-04 08:12:11,176] {processor.py:153} INFO - Started process (PID=4149) to work on /home/gustavo/Documents/etl_api_twitter/venv/lib/python3.9/site-packages/airflow/example_dags/example_branch_operator_decorator.py
[2023-01-04 08:12:11,177] {processor.py:641} INFO - Processing file /home/gustavo/Documents/etl_api_twitter/venv/lib/python3.9/site-packages/airflow/example_dags/example_branch_operator_decorator.py for tasks to queue
[2023-01-04 08:12:11,177] {logging_mixin.py:115} INFO - [2023-01-04 08:12:11,177] {dagbag.py:507} INFO - Filling up the DagBag from /home/gustavo/Documents/etl_api_twitter/venv/lib/python3.9/site-packages/airflow/example_dags/example_branch_operator_decorator.py
[2023-01-04 08:12:11,213] {processor.py:651} INFO - DAG(s) dict_keys(['example_branch_python_operator_decorator']) retrieved from /home/gustavo/Documents/etl_api_twitter/venv/lib/python3.9/site-packages/airflow/example_dags/example_branch_operator_decorator.py
[2023-01-04 08:12:11,243] {logging_mixin.py:115} INFO - [2023-01-04 08:12:11,242] {dag.py:2379} INFO - Sync 1 DAGs
[2023-01-04 08:12:11,270] {logging_mixin.py:115} INFO - [2023-01-04 08:12:11,270] {dag.py:2927} INFO - Setting next_dagrun for example_branch_python_operator_decorator to 2023-01-03T00:00:00+00:00, run_after=2023-01-04T00:00:00+00:00
[2023-01-04 08:12:11,294] {processor.py:161} INFO - Processing /home/gustavo/Documents/etl_api_twitter/venv/lib/python3.9/site-packages/airflow/example_dags/example_branch_operator_decorator.py took 0.122 seconds
[2023-01-04 08:12:43,644] {processor.py:153} INFO - Started process (PID=4189) to work on /home/gustavo/Documents/etl_api_twitter/venv/lib/python3.9/site-packages/airflow/example_dags/example_branch_operator_decorator.py
[2023-01-04 08:12:43,645] {processor.py:641} INFO - Processing file /home/gustavo/Documents/etl_api_twitter/venv/lib/python3.9/site-packages/airflow/example_dags/example_branch_operator_decorator.py for tasks to queue
[2023-01-04 08:12:43,645] {logging_mixin.py:115} INFO - [2023-01-04 08:12:43,645] {dagbag.py:507} INFO - Filling up the DagBag from /home/gustavo/Documents/etl_api_twitter/venv/lib/python3.9/site-packages/airflow/example_dags/example_branch_operator_decorator.py
[2023-01-04 08:12:43,669] {processor.py:651} INFO - DAG(s) dict_keys(['example_branch_python_operator_decorator']) retrieved from /home/gustavo/Documents/etl_api_twitter/venv/lib/python3.9/site-packages/airflow/example_dags/example_branch_operator_decorator.py
[2023-01-04 08:12:43,694] {logging_mixin.py:115} INFO - [2023-01-04 08:12:43,694] {dag.py:2379} INFO - Sync 1 DAGs
[2023-01-04 08:12:43,725] {logging_mixin.py:115} INFO - [2023-01-04 08:12:43,724] {dag.py:2927} INFO - Setting next_dagrun for example_branch_python_operator_decorator to 2023-01-03T00:00:00+00:00, run_after=2023-01-04T00:00:00+00:00
[2023-01-04 08:12:43,741] {processor.py:161} INFO - Processing /home/gustavo/Documents/etl_api_twitter/venv/lib/python3.9/site-packages/airflow/example_dags/example_branch_operator_decorator.py took 0.100 seconds
[2023-01-04 08:13:19,862] {processor.py:153} INFO - Started process (PID=4226) to work on /home/gustavo/Documents/etl_api_twitter/venv/lib/python3.9/site-packages/airflow/example_dags/example_branch_operator_decorator.py
[2023-01-04 08:13:19,864] {processor.py:641} INFO - Processing file /home/gustavo/Documents/etl_api_twitter/venv/lib/python3.9/site-packages/airflow/example_dags/example_branch_operator_decorator.py for tasks to queue
[2023-01-04 08:13:19,865] {logging_mixin.py:115} INFO - [2023-01-04 08:13:19,865] {dagbag.py:507} INFO - Filling up the DagBag from /home/gustavo/Documents/etl_api_twitter/venv/lib/python3.9/site-packages/airflow/example_dags/example_branch_operator_decorator.py
[2023-01-04 08:13:19,902] {processor.py:651} INFO - DAG(s) dict_keys(['example_branch_python_operator_decorator']) retrieved from /home/gustavo/Documents/etl_api_twitter/venv/lib/python3.9/site-packages/airflow/example_dags/example_branch_operator_decorator.py
[2023-01-04 08:13:19,938] {logging_mixin.py:115} INFO - [2023-01-04 08:13:19,938] {dag.py:2379} INFO - Sync 1 DAGs
[2023-01-04 08:13:19,971] {logging_mixin.py:115} INFO - [2023-01-04 08:13:19,971] {dag.py:2927} INFO - Setting next_dagrun for example_branch_python_operator_decorator to 2023-01-03T00:00:00+00:00, run_after=2023-01-04T00:00:00+00:00
[2023-01-04 08:13:19,986] {processor.py:161} INFO - Processing /home/gustavo/Documents/etl_api_twitter/venv/lib/python3.9/site-packages/airflow/example_dags/example_branch_operator_decorator.py took 0.132 seconds
[2023-01-04 08:13:54,705] {processor.py:153} INFO - Started process (PID=4265) to work on /home/gustavo/Documents/etl_api_twitter/venv/lib/python3.9/site-packages/airflow/example_dags/example_branch_operator_decorator.py
[2023-01-04 08:13:54,706] {processor.py:641} INFO - Processing file /home/gustavo/Documents/etl_api_twitter/venv/lib/python3.9/site-packages/airflow/example_dags/example_branch_operator_decorator.py for tasks to queue
[2023-01-04 08:13:54,707] {logging_mixin.py:115} INFO - [2023-01-04 08:13:54,707] {dagbag.py:507} INFO - Filling up the DagBag from /home/gustavo/Documents/etl_api_twitter/venv/lib/python3.9/site-packages/airflow/example_dags/example_branch_operator_decorator.py
[2023-01-04 08:13:54,727] {processor.py:651} INFO - DAG(s) dict_keys(['example_branch_python_operator_decorator']) retrieved from /home/gustavo/Documents/etl_api_twitter/venv/lib/python3.9/site-packages/airflow/example_dags/example_branch_operator_decorator.py
[2023-01-04 08:13:54,744] {logging_mixin.py:115} INFO - [2023-01-04 08:13:54,744] {dag.py:2379} INFO - Sync 1 DAGs
[2023-01-04 08:13:54,767] {logging_mixin.py:115} INFO - [2023-01-04 08:13:54,767] {dag.py:2927} INFO - Setting next_dagrun for example_branch_python_operator_decorator to 2023-01-03T00:00:00+00:00, run_after=2023-01-04T00:00:00+00:00
[2023-01-04 08:13:54,783] {processor.py:161} INFO - Processing /home/gustavo/Documents/etl_api_twitter/venv/lib/python3.9/site-packages/airflow/example_dags/example_branch_operator_decorator.py took 0.085 seconds
[2023-01-04 08:14:28,740] {processor.py:153} INFO - Started process (PID=4382) to work on /home/gustavo/Documents/etl_api_twitter/venv/lib/python3.9/site-packages/airflow/example_dags/example_branch_operator_decorator.py
[2023-01-04 08:14:28,741] {processor.py:641} INFO - Processing file /home/gustavo/Documents/etl_api_twitter/venv/lib/python3.9/site-packages/airflow/example_dags/example_branch_operator_decorator.py for tasks to queue
[2023-01-04 08:14:28,742] {logging_mixin.py:115} INFO - [2023-01-04 08:14:28,742] {dagbag.py:507} INFO - Filling up the DagBag from /home/gustavo/Documents/etl_api_twitter/venv/lib/python3.9/site-packages/airflow/example_dags/example_branch_operator_decorator.py
[2023-01-04 08:14:28,770] {processor.py:651} INFO - DAG(s) dict_keys(['example_branch_python_operator_decorator']) retrieved from /home/gustavo/Documents/etl_api_twitter/venv/lib/python3.9/site-packages/airflow/example_dags/example_branch_operator_decorator.py
[2023-01-04 08:14:28,785] {logging_mixin.py:115} INFO - [2023-01-04 08:14:28,785] {dag.py:2379} INFO - Sync 1 DAGs
[2023-01-04 08:14:28,837] {logging_mixin.py:115} INFO - [2023-01-04 08:14:28,837] {dag.py:2927} INFO - Setting next_dagrun for example_branch_python_operator_decorator to 2023-01-03T00:00:00+00:00, run_after=2023-01-04T00:00:00+00:00
[2023-01-04 08:14:28,866] {processor.py:161} INFO - Processing /home/gustavo/Documents/etl_api_twitter/venv/lib/python3.9/site-packages/airflow/example_dags/example_branch_operator_decorator.py took 0.128 seconds
[2023-01-04 08:15:04,540] {processor.py:153} INFO - Started process (PID=4474) to work on /home/gustavo/Documents/etl_api_twitter/venv/lib/python3.9/site-packages/airflow/example_dags/example_branch_operator_decorator.py
[2023-01-04 08:15:04,542] {processor.py:641} INFO - Processing file /home/gustavo/Documents/etl_api_twitter/venv/lib/python3.9/site-packages/airflow/example_dags/example_branch_operator_decorator.py for tasks to queue
[2023-01-04 08:15:04,542] {logging_mixin.py:115} INFO - [2023-01-04 08:15:04,542] {dagbag.py:507} INFO - Filling up the DagBag from /home/gustavo/Documents/etl_api_twitter/venv/lib/python3.9/site-packages/airflow/example_dags/example_branch_operator_decorator.py
[2023-01-04 08:15:04,587] {processor.py:651} INFO - DAG(s) dict_keys(['example_branch_python_operator_decorator']) retrieved from /home/gustavo/Documents/etl_api_twitter/venv/lib/python3.9/site-packages/airflow/example_dags/example_branch_operator_decorator.py
[2023-01-04 08:15:04,611] {logging_mixin.py:115} INFO - [2023-01-04 08:15:04,611] {dag.py:2379} INFO - Sync 1 DAGs
[2023-01-04 08:15:04,625] {logging_mixin.py:115} INFO - [2023-01-04 08:15:04,625] {dag.py:2927} INFO - Setting next_dagrun for example_branch_python_operator_decorator to 2023-01-03T00:00:00+00:00, run_after=2023-01-04T00:00:00+00:00
[2023-01-04 08:15:04,639] {processor.py:161} INFO - Processing /home/gustavo/Documents/etl_api_twitter/venv/lib/python3.9/site-packages/airflow/example_dags/example_branch_operator_decorator.py took 0.105 seconds
[2023-01-04 08:15:37,530] {processor.py:153} INFO - Started process (PID=4732) to work on /home/gustavo/Documents/etl_api_twitter/venv/lib/python3.9/site-packages/airflow/example_dags/example_branch_operator_decorator.py
[2023-01-04 08:15:37,532] {processor.py:641} INFO - Processing file /home/gustavo/Documents/etl_api_twitter/venv/lib/python3.9/site-packages/airflow/example_dags/example_branch_operator_decorator.py for tasks to queue
[2023-01-04 08:15:37,533] {logging_mixin.py:115} INFO - [2023-01-04 08:15:37,533] {dagbag.py:507} INFO - Filling up the DagBag from /home/gustavo/Documents/etl_api_twitter/venv/lib/python3.9/site-packages/airflow/example_dags/example_branch_operator_decorator.py
[2023-01-04 08:15:37,563] {processor.py:651} INFO - DAG(s) dict_keys(['example_branch_python_operator_decorator']) retrieved from /home/gustavo/Documents/etl_api_twitter/venv/lib/python3.9/site-packages/airflow/example_dags/example_branch_operator_decorator.py
[2023-01-04 08:15:37,581] {logging_mixin.py:115} INFO - [2023-01-04 08:15:37,581] {dag.py:2379} INFO - Sync 1 DAGs
[2023-01-04 08:15:37,596] {logging_mixin.py:115} INFO - [2023-01-04 08:15:37,596] {dag.py:2927} INFO - Setting next_dagrun for example_branch_python_operator_decorator to 2023-01-03T00:00:00+00:00, run_after=2023-01-04T00:00:00+00:00
[2023-01-04 08:15:37,607] {processor.py:161} INFO - Processing /home/gustavo/Documents/etl_api_twitter/venv/lib/python3.9/site-packages/airflow/example_dags/example_branch_operator_decorator.py took 0.084 seconds
[2023-01-04 08:16:10,372] {processor.py:153} INFO - Started process (PID=4924) to work on /home/gustavo/Documents/etl_api_twitter/venv/lib/python3.9/site-packages/airflow/example_dags/example_branch_operator_decorator.py
[2023-01-04 08:16:10,373] {processor.py:641} INFO - Processing file /home/gustavo/Documents/etl_api_twitter/venv/lib/python3.9/site-packages/airflow/example_dags/example_branch_operator_decorator.py for tasks to queue
[2023-01-04 08:16:10,373] {logging_mixin.py:115} INFO - [2023-01-04 08:16:10,373] {dagbag.py:507} INFO - Filling up the DagBag from /home/gustavo/Documents/etl_api_twitter/venv/lib/python3.9/site-packages/airflow/example_dags/example_branch_operator_decorator.py
[2023-01-04 08:16:10,387] {processor.py:651} INFO - DAG(s) dict_keys(['example_branch_python_operator_decorator']) retrieved from /home/gustavo/Documents/etl_api_twitter/venv/lib/python3.9/site-packages/airflow/example_dags/example_branch_operator_decorator.py
[2023-01-04 08:16:10,401] {logging_mixin.py:115} INFO - [2023-01-04 08:16:10,401] {dag.py:2379} INFO - Sync 1 DAGs
[2023-01-04 08:16:10,420] {logging_mixin.py:115} INFO - [2023-01-04 08:16:10,420] {dag.py:2927} INFO - Setting next_dagrun for example_branch_python_operator_decorator to 2023-01-03T00:00:00+00:00, run_after=2023-01-04T00:00:00+00:00
[2023-01-04 08:16:10,432] {processor.py:161} INFO - Processing /home/gustavo/Documents/etl_api_twitter/venv/lib/python3.9/site-packages/airflow/example_dags/example_branch_operator_decorator.py took 0.063 seconds
[2023-01-04 08:16:44,953] {processor.py:153} INFO - Started process (PID=5129) to work on /home/gustavo/Documents/etl_api_twitter/venv/lib/python3.9/site-packages/airflow/example_dags/example_branch_operator_decorator.py
[2023-01-04 08:16:44,954] {processor.py:641} INFO - Processing file /home/gustavo/Documents/etl_api_twitter/venv/lib/python3.9/site-packages/airflow/example_dags/example_branch_operator_decorator.py for tasks to queue
[2023-01-04 08:16:44,954] {logging_mixin.py:115} INFO - [2023-01-04 08:16:44,954] {dagbag.py:507} INFO - Filling up the DagBag from /home/gustavo/Documents/etl_api_twitter/venv/lib/python3.9/site-packages/airflow/example_dags/example_branch_operator_decorator.py
[2023-01-04 08:16:44,974] {processor.py:651} INFO - DAG(s) dict_keys(['example_branch_python_operator_decorator']) retrieved from /home/gustavo/Documents/etl_api_twitter/venv/lib/python3.9/site-packages/airflow/example_dags/example_branch_operator_decorator.py
[2023-01-04 08:16:44,999] {logging_mixin.py:115} INFO - [2023-01-04 08:16:44,999] {dag.py:2379} INFO - Sync 1 DAGs
[2023-01-04 08:16:45,014] {logging_mixin.py:115} INFO - [2023-01-04 08:16:45,014] {dag.py:2927} INFO - Setting next_dagrun for example_branch_python_operator_decorator to 2023-01-03T00:00:00+00:00, run_after=2023-01-04T00:00:00+00:00
[2023-01-04 08:16:45,033] {processor.py:161} INFO - Processing /home/gustavo/Documents/etl_api_twitter/venv/lib/python3.9/site-packages/airflow/example_dags/example_branch_operator_decorator.py took 0.082 seconds
[2023-01-04 08:17:20,085] {processor.py:153} INFO - Started process (PID=5336) to work on /home/gustavo/Documents/etl_api_twitter/venv/lib/python3.9/site-packages/airflow/example_dags/example_branch_operator_decorator.py
[2023-01-04 08:17:20,086] {processor.py:641} INFO - Processing file /home/gustavo/Documents/etl_api_twitter/venv/lib/python3.9/site-packages/airflow/example_dags/example_branch_operator_decorator.py for tasks to queue
[2023-01-04 08:17:20,087] {logging_mixin.py:115} INFO - [2023-01-04 08:17:20,087] {dagbag.py:507} INFO - Filling up the DagBag from /home/gustavo/Documents/etl_api_twitter/venv/lib/python3.9/site-packages/airflow/example_dags/example_branch_operator_decorator.py
[2023-01-04 08:17:20,130] {processor.py:651} INFO - DAG(s) dict_keys(['example_branch_python_operator_decorator']) retrieved from /home/gustavo/Documents/etl_api_twitter/venv/lib/python3.9/site-packages/airflow/example_dags/example_branch_operator_decorator.py
[2023-01-04 08:17:20,163] {logging_mixin.py:115} INFO - [2023-01-04 08:17:20,163] {dag.py:2379} INFO - Sync 1 DAGs
[2023-01-04 08:17:20,177] {logging_mixin.py:115} INFO - [2023-01-04 08:17:20,177] {dag.py:2927} INFO - Setting next_dagrun for example_branch_python_operator_decorator to 2023-01-03T00:00:00+00:00, run_after=2023-01-04T00:00:00+00:00
[2023-01-04 08:17:20,190] {processor.py:161} INFO - Processing /home/gustavo/Documents/etl_api_twitter/venv/lib/python3.9/site-packages/airflow/example_dags/example_branch_operator_decorator.py took 0.107 seconds
[2023-01-04 08:17:53,858] {processor.py:153} INFO - Started process (PID=5522) to work on /home/gustavo/Documents/etl_api_twitter/venv/lib/python3.9/site-packages/airflow/example_dags/example_branch_operator_decorator.py
[2023-01-04 08:17:53,859] {processor.py:641} INFO - Processing file /home/gustavo/Documents/etl_api_twitter/venv/lib/python3.9/site-packages/airflow/example_dags/example_branch_operator_decorator.py for tasks to queue
[2023-01-04 08:17:53,860] {logging_mixin.py:115} INFO - [2023-01-04 08:17:53,860] {dagbag.py:507} INFO - Filling up the DagBag from /home/gustavo/Documents/etl_api_twitter/venv/lib/python3.9/site-packages/airflow/example_dags/example_branch_operator_decorator.py
[2023-01-04 08:17:53,896] {processor.py:651} INFO - DAG(s) dict_keys(['example_branch_python_operator_decorator']) retrieved from /home/gustavo/Documents/etl_api_twitter/venv/lib/python3.9/site-packages/airflow/example_dags/example_branch_operator_decorator.py
[2023-01-04 08:17:53,911] {logging_mixin.py:115} INFO - [2023-01-04 08:17:53,911] {dag.py:2379} INFO - Sync 1 DAGs
[2023-01-04 08:17:53,932] {logging_mixin.py:115} INFO - [2023-01-04 08:17:53,932] {dag.py:2927} INFO - Setting next_dagrun for example_branch_python_operator_decorator to 2023-01-03T00:00:00+00:00, run_after=2023-01-04T00:00:00+00:00
[2023-01-04 08:17:53,944] {processor.py:161} INFO - Processing /home/gustavo/Documents/etl_api_twitter/venv/lib/python3.9/site-packages/airflow/example_dags/example_branch_operator_decorator.py took 0.093 seconds
[2023-01-04 08:18:30,123] {processor.py:153} INFO - Started process (PID=5733) to work on /home/gustavo/Documents/etl_api_twitter/venv/lib/python3.9/site-packages/airflow/example_dags/example_branch_operator_decorator.py
[2023-01-04 08:18:30,124] {processor.py:641} INFO - Processing file /home/gustavo/Documents/etl_api_twitter/venv/lib/python3.9/site-packages/airflow/example_dags/example_branch_operator_decorator.py for tasks to queue
[2023-01-04 08:18:30,124] {logging_mixin.py:115} INFO - [2023-01-04 08:18:30,124] {dagbag.py:507} INFO - Filling up the DagBag from /home/gustavo/Documents/etl_api_twitter/venv/lib/python3.9/site-packages/airflow/example_dags/example_branch_operator_decorator.py
[2023-01-04 08:18:30,145] {processor.py:651} INFO - DAG(s) dict_keys(['example_branch_python_operator_decorator']) retrieved from /home/gustavo/Documents/etl_api_twitter/venv/lib/python3.9/site-packages/airflow/example_dags/example_branch_operator_decorator.py
[2023-01-04 08:18:30,170] {logging_mixin.py:115} INFO - [2023-01-04 08:18:30,170] {dag.py:2379} INFO - Sync 1 DAGs
[2023-01-04 08:18:30,208] {logging_mixin.py:115} INFO - [2023-01-04 08:18:30,208] {dag.py:2927} INFO - Setting next_dagrun for example_branch_python_operator_decorator to 2023-01-03T00:00:00+00:00, run_after=2023-01-04T00:00:00+00:00
[2023-01-04 08:18:30,233] {processor.py:161} INFO - Processing /home/gustavo/Documents/etl_api_twitter/venv/lib/python3.9/site-packages/airflow/example_dags/example_branch_operator_decorator.py took 0.113 seconds
[2023-01-04 08:19:05,139] {processor.py:153} INFO - Started process (PID=5936) to work on /home/gustavo/Documents/etl_api_twitter/venv/lib/python3.9/site-packages/airflow/example_dags/example_branch_operator_decorator.py
[2023-01-04 08:19:05,140] {processor.py:641} INFO - Processing file /home/gustavo/Documents/etl_api_twitter/venv/lib/python3.9/site-packages/airflow/example_dags/example_branch_operator_decorator.py for tasks to queue
[2023-01-04 08:19:05,141] {logging_mixin.py:115} INFO - [2023-01-04 08:19:05,141] {dagbag.py:507} INFO - Filling up the DagBag from /home/gustavo/Documents/etl_api_twitter/venv/lib/python3.9/site-packages/airflow/example_dags/example_branch_operator_decorator.py
[2023-01-04 08:19:05,174] {processor.py:651} INFO - DAG(s) dict_keys(['example_branch_python_operator_decorator']) retrieved from /home/gustavo/Documents/etl_api_twitter/venv/lib/python3.9/site-packages/airflow/example_dags/example_branch_operator_decorator.py
[2023-01-04 08:19:05,205] {logging_mixin.py:115} INFO - [2023-01-04 08:19:05,205] {dag.py:2379} INFO - Sync 1 DAGs
[2023-01-04 08:19:05,230] {logging_mixin.py:115} INFO - [2023-01-04 08:19:05,230] {dag.py:2927} INFO - Setting next_dagrun for example_branch_python_operator_decorator to 2023-01-03T00:00:00+00:00, run_after=2023-01-04T00:00:00+00:00
[2023-01-04 08:19:05,249] {processor.py:161} INFO - Processing /home/gustavo/Documents/etl_api_twitter/venv/lib/python3.9/site-packages/airflow/example_dags/example_branch_operator_decorator.py took 0.116 seconds
[2023-01-04 08:19:42,252] {processor.py:153} INFO - Started process (PID=6144) to work on /home/gustavo/Documents/etl_api_twitter/venv/lib/python3.9/site-packages/airflow/example_dags/example_branch_operator_decorator.py
[2023-01-04 08:19:42,253] {processor.py:641} INFO - Processing file /home/gustavo/Documents/etl_api_twitter/venv/lib/python3.9/site-packages/airflow/example_dags/example_branch_operator_decorator.py for tasks to queue
[2023-01-04 08:19:42,254] {logging_mixin.py:115} INFO - [2023-01-04 08:19:42,254] {dagbag.py:507} INFO - Filling up the DagBag from /home/gustavo/Documents/etl_api_twitter/venv/lib/python3.9/site-packages/airflow/example_dags/example_branch_operator_decorator.py
[2023-01-04 08:19:42,280] {processor.py:651} INFO - DAG(s) dict_keys(['example_branch_python_operator_decorator']) retrieved from /home/gustavo/Documents/etl_api_twitter/venv/lib/python3.9/site-packages/airflow/example_dags/example_branch_operator_decorator.py
[2023-01-04 08:19:42,310] {logging_mixin.py:115} INFO - [2023-01-04 08:19:42,310] {dag.py:2379} INFO - Sync 1 DAGs
[2023-01-04 08:19:42,339] {logging_mixin.py:115} INFO - [2023-01-04 08:19:42,339] {dag.py:2927} INFO - Setting next_dagrun for example_branch_python_operator_decorator to 2023-01-03T00:00:00+00:00, run_after=2023-01-04T00:00:00+00:00
[2023-01-04 08:19:42,363] {processor.py:161} INFO - Processing /home/gustavo/Documents/etl_api_twitter/venv/lib/python3.9/site-packages/airflow/example_dags/example_branch_operator_decorator.py took 0.116 seconds
[2023-01-04 08:20:16,433] {processor.py:153} INFO - Started process (PID=6351) to work on /home/gustavo/Documents/etl_api_twitter/venv/lib/python3.9/site-packages/airflow/example_dags/example_branch_operator_decorator.py
[2023-01-04 08:20:16,435] {processor.py:641} INFO - Processing file /home/gustavo/Documents/etl_api_twitter/venv/lib/python3.9/site-packages/airflow/example_dags/example_branch_operator_decorator.py for tasks to queue
[2023-01-04 08:20:16,436] {logging_mixin.py:115} INFO - [2023-01-04 08:20:16,436] {dagbag.py:507} INFO - Filling up the DagBag from /home/gustavo/Documents/etl_api_twitter/venv/lib/python3.9/site-packages/airflow/example_dags/example_branch_operator_decorator.py
[2023-01-04 08:20:16,476] {processor.py:651} INFO - DAG(s) dict_keys(['example_branch_python_operator_decorator']) retrieved from /home/gustavo/Documents/etl_api_twitter/venv/lib/python3.9/site-packages/airflow/example_dags/example_branch_operator_decorator.py
[2023-01-04 08:20:16,500] {logging_mixin.py:115} INFO - [2023-01-04 08:20:16,500] {dag.py:2379} INFO - Sync 1 DAGs
[2023-01-04 08:20:16,516] {logging_mixin.py:115} INFO - [2023-01-04 08:20:16,516] {dag.py:2927} INFO - Setting next_dagrun for example_branch_python_operator_decorator to 2023-01-03T00:00:00+00:00, run_after=2023-01-04T00:00:00+00:00
[2023-01-04 08:20:16,536] {processor.py:161} INFO - Processing /home/gustavo/Documents/etl_api_twitter/venv/lib/python3.9/site-packages/airflow/example_dags/example_branch_operator_decorator.py took 0.110 seconds
[2023-01-04 08:20:50,356] {processor.py:153} INFO - Started process (PID=6607) to work on /home/gustavo/Documents/etl_api_twitter/venv/lib/python3.9/site-packages/airflow/example_dags/example_branch_operator_decorator.py
[2023-01-04 08:20:50,357] {processor.py:641} INFO - Processing file /home/gustavo/Documents/etl_api_twitter/venv/lib/python3.9/site-packages/airflow/example_dags/example_branch_operator_decorator.py for tasks to queue
[2023-01-04 08:20:50,359] {logging_mixin.py:115} INFO - [2023-01-04 08:20:50,358] {dagbag.py:507} INFO - Filling up the DagBag from /home/gustavo/Documents/etl_api_twitter/venv/lib/python3.9/site-packages/airflow/example_dags/example_branch_operator_decorator.py
[2023-01-04 08:20:50,396] {processor.py:651} INFO - DAG(s) dict_keys(['example_branch_python_operator_decorator']) retrieved from /home/gustavo/Documents/etl_api_twitter/venv/lib/python3.9/site-packages/airflow/example_dags/example_branch_operator_decorator.py
[2023-01-04 08:20:50,431] {logging_mixin.py:115} INFO - [2023-01-04 08:20:50,431] {dag.py:2379} INFO - Sync 1 DAGs
[2023-01-04 08:20:50,454] {logging_mixin.py:115} INFO - [2023-01-04 08:20:50,454] {dag.py:2927} INFO - Setting next_dagrun for example_branch_python_operator_decorator to 2023-01-03T00:00:00+00:00, run_after=2023-01-04T00:00:00+00:00
[2023-01-04 08:20:50,475] {processor.py:161} INFO - Processing /home/gustavo/Documents/etl_api_twitter/venv/lib/python3.9/site-packages/airflow/example_dags/example_branch_operator_decorator.py took 0.126 seconds
[2023-01-04 08:21:24,075] {processor.py:153} INFO - Started process (PID=6788) to work on /home/gustavo/Documents/etl_api_twitter/venv/lib/python3.9/site-packages/airflow/example_dags/example_branch_operator_decorator.py
[2023-01-04 08:21:24,076] {processor.py:641} INFO - Processing file /home/gustavo/Documents/etl_api_twitter/venv/lib/python3.9/site-packages/airflow/example_dags/example_branch_operator_decorator.py for tasks to queue
[2023-01-04 08:21:24,076] {logging_mixin.py:115} INFO - [2023-01-04 08:21:24,076] {dagbag.py:507} INFO - Filling up the DagBag from /home/gustavo/Documents/etl_api_twitter/venv/lib/python3.9/site-packages/airflow/example_dags/example_branch_operator_decorator.py
[2023-01-04 08:21:24,106] {processor.py:651} INFO - DAG(s) dict_keys(['example_branch_python_operator_decorator']) retrieved from /home/gustavo/Documents/etl_api_twitter/venv/lib/python3.9/site-packages/airflow/example_dags/example_branch_operator_decorator.py
[2023-01-04 08:21:24,120] {logging_mixin.py:115} INFO - [2023-01-04 08:21:24,120] {dag.py:2379} INFO - Sync 1 DAGs
[2023-01-04 08:21:24,134] {logging_mixin.py:115} INFO - [2023-01-04 08:21:24,134] {dag.py:2927} INFO - Setting next_dagrun for example_branch_python_operator_decorator to 2023-01-03T00:00:00+00:00, run_after=2023-01-04T00:00:00+00:00
[2023-01-04 08:21:24,148] {processor.py:161} INFO - Processing /home/gustavo/Documents/etl_api_twitter/venv/lib/python3.9/site-packages/airflow/example_dags/example_branch_operator_decorator.py took 0.080 seconds
[2023-01-04 08:21:58,669] {processor.py:153} INFO - Started process (PID=6993) to work on /home/gustavo/Documents/etl_api_twitter/venv/lib/python3.9/site-packages/airflow/example_dags/example_branch_operator_decorator.py
[2023-01-04 08:21:58,670] {processor.py:641} INFO - Processing file /home/gustavo/Documents/etl_api_twitter/venv/lib/python3.9/site-packages/airflow/example_dags/example_branch_operator_decorator.py for tasks to queue
[2023-01-04 08:21:58,670] {logging_mixin.py:115} INFO - [2023-01-04 08:21:58,670] {dagbag.py:507} INFO - Filling up the DagBag from /home/gustavo/Documents/etl_api_twitter/venv/lib/python3.9/site-packages/airflow/example_dags/example_branch_operator_decorator.py
[2023-01-04 08:21:58,692] {processor.py:651} INFO - DAG(s) dict_keys(['example_branch_python_operator_decorator']) retrieved from /home/gustavo/Documents/etl_api_twitter/venv/lib/python3.9/site-packages/airflow/example_dags/example_branch_operator_decorator.py
[2023-01-04 08:21:58,720] {logging_mixin.py:115} INFO - [2023-01-04 08:21:58,720] {dag.py:2379} INFO - Sync 1 DAGs
[2023-01-04 08:21:58,740] {logging_mixin.py:115} INFO - [2023-01-04 08:21:58,739] {dag.py:2927} INFO - Setting next_dagrun for example_branch_python_operator_decorator to 2023-01-03T00:00:00+00:00, run_after=2023-01-04T00:00:00+00:00
[2023-01-04 08:21:58,751] {processor.py:161} INFO - Processing /home/gustavo/Documents/etl_api_twitter/venv/lib/python3.9/site-packages/airflow/example_dags/example_branch_operator_decorator.py took 0.085 seconds
[2023-01-04 08:22:35,269] {processor.py:153} INFO - Started process (PID=7206) to work on /home/gustavo/Documents/etl_api_twitter/venv/lib/python3.9/site-packages/airflow/example_dags/example_branch_operator_decorator.py
[2023-01-04 08:22:35,272] {processor.py:641} INFO - Processing file /home/gustavo/Documents/etl_api_twitter/venv/lib/python3.9/site-packages/airflow/example_dags/example_branch_operator_decorator.py for tasks to queue
[2023-01-04 08:22:35,273] {logging_mixin.py:115} INFO - [2023-01-04 08:22:35,273] {dagbag.py:507} INFO - Filling up the DagBag from /home/gustavo/Documents/etl_api_twitter/venv/lib/python3.9/site-packages/airflow/example_dags/example_branch_operator_decorator.py
[2023-01-04 08:22:35,307] {processor.py:651} INFO - DAG(s) dict_keys(['example_branch_python_operator_decorator']) retrieved from /home/gustavo/Documents/etl_api_twitter/venv/lib/python3.9/site-packages/airflow/example_dags/example_branch_operator_decorator.py
[2023-01-04 08:22:35,322] {logging_mixin.py:115} INFO - [2023-01-04 08:22:35,322] {dag.py:2379} INFO - Sync 1 DAGs
[2023-01-04 08:22:35,336] {logging_mixin.py:115} INFO - [2023-01-04 08:22:35,336] {dag.py:2927} INFO - Setting next_dagrun for example_branch_python_operator_decorator to 2023-01-03T00:00:00+00:00, run_after=2023-01-04T00:00:00+00:00
[2023-01-04 08:22:35,355] {processor.py:161} INFO - Processing /home/gustavo/Documents/etl_api_twitter/venv/lib/python3.9/site-packages/airflow/example_dags/example_branch_operator_decorator.py took 0.093 seconds
[2023-01-04 08:23:09,913] {processor.py:153} INFO - Started process (PID=7416) to work on /home/gustavo/Documents/etl_api_twitter/venv/lib/python3.9/site-packages/airflow/example_dags/example_branch_operator_decorator.py
[2023-01-04 08:23:09,914] {processor.py:641} INFO - Processing file /home/gustavo/Documents/etl_api_twitter/venv/lib/python3.9/site-packages/airflow/example_dags/example_branch_operator_decorator.py for tasks to queue
[2023-01-04 08:23:09,914] {logging_mixin.py:115} INFO - [2023-01-04 08:23:09,914] {dagbag.py:507} INFO - Filling up the DagBag from /home/gustavo/Documents/etl_api_twitter/venv/lib/python3.9/site-packages/airflow/example_dags/example_branch_operator_decorator.py
[2023-01-04 08:23:09,946] {processor.py:651} INFO - DAG(s) dict_keys(['example_branch_python_operator_decorator']) retrieved from /home/gustavo/Documents/etl_api_twitter/venv/lib/python3.9/site-packages/airflow/example_dags/example_branch_operator_decorator.py
[2023-01-04 08:23:09,963] {logging_mixin.py:115} INFO - [2023-01-04 08:23:09,963] {dag.py:2379} INFO - Sync 1 DAGs
[2023-01-04 08:23:09,977] {logging_mixin.py:115} INFO - [2023-01-04 08:23:09,977] {dag.py:2927} INFO - Setting next_dagrun for example_branch_python_operator_decorator to 2023-01-03T00:00:00+00:00, run_after=2023-01-04T00:00:00+00:00
[2023-01-04 08:23:09,992] {processor.py:161} INFO - Processing /home/gustavo/Documents/etl_api_twitter/venv/lib/python3.9/site-packages/airflow/example_dags/example_branch_operator_decorator.py took 0.084 seconds
[2023-01-04 08:23:44,999] {processor.py:153} INFO - Started process (PID=7622) to work on /home/gustavo/Documents/etl_api_twitter/venv/lib/python3.9/site-packages/airflow/example_dags/example_branch_operator_decorator.py
[2023-01-04 08:23:45,000] {processor.py:641} INFO - Processing file /home/gustavo/Documents/etl_api_twitter/venv/lib/python3.9/site-packages/airflow/example_dags/example_branch_operator_decorator.py for tasks to queue
[2023-01-04 08:23:45,000] {logging_mixin.py:115} INFO - [2023-01-04 08:23:45,000] {dagbag.py:507} INFO - Filling up the DagBag from /home/gustavo/Documents/etl_api_twitter/venv/lib/python3.9/site-packages/airflow/example_dags/example_branch_operator_decorator.py
[2023-01-04 08:23:45,024] {processor.py:651} INFO - DAG(s) dict_keys(['example_branch_python_operator_decorator']) retrieved from /home/gustavo/Documents/etl_api_twitter/venv/lib/python3.9/site-packages/airflow/example_dags/example_branch_operator_decorator.py
[2023-01-04 08:23:45,048] {logging_mixin.py:115} INFO - [2023-01-04 08:23:45,048] {dag.py:2379} INFO - Sync 1 DAGs
[2023-01-04 08:23:45,081] {logging_mixin.py:115} INFO - [2023-01-04 08:23:45,081] {dag.py:2927} INFO - Setting next_dagrun for example_branch_python_operator_decorator to 2023-01-03T00:00:00+00:00, run_after=2023-01-04T00:00:00+00:00
[2023-01-04 08:23:45,113] {processor.py:161} INFO - Processing /home/gustavo/Documents/etl_api_twitter/venv/lib/python3.9/site-packages/airflow/example_dags/example_branch_operator_decorator.py took 0.118 seconds
[2023-01-04 08:24:20,069] {processor.py:153} INFO - Started process (PID=7826) to work on /home/gustavo/Documents/etl_api_twitter/venv/lib/python3.9/site-packages/airflow/example_dags/example_branch_operator_decorator.py
[2023-01-04 08:24:20,070] {processor.py:641} INFO - Processing file /home/gustavo/Documents/etl_api_twitter/venv/lib/python3.9/site-packages/airflow/example_dags/example_branch_operator_decorator.py for tasks to queue
[2023-01-04 08:24:20,070] {logging_mixin.py:115} INFO - [2023-01-04 08:24:20,070] {dagbag.py:507} INFO - Filling up the DagBag from /home/gustavo/Documents/etl_api_twitter/venv/lib/python3.9/site-packages/airflow/example_dags/example_branch_operator_decorator.py
[2023-01-04 08:24:20,088] {processor.py:651} INFO - DAG(s) dict_keys(['example_branch_python_operator_decorator']) retrieved from /home/gustavo/Documents/etl_api_twitter/venv/lib/python3.9/site-packages/airflow/example_dags/example_branch_operator_decorator.py
[2023-01-04 08:24:20,105] {logging_mixin.py:115} INFO - [2023-01-04 08:24:20,105] {dag.py:2379} INFO - Sync 1 DAGs
[2023-01-04 08:24:20,121] {logging_mixin.py:115} INFO - [2023-01-04 08:24:20,121] {dag.py:2927} INFO - Setting next_dagrun for example_branch_python_operator_decorator to 2023-01-03T00:00:00+00:00, run_after=2023-01-04T00:00:00+00:00
[2023-01-04 08:24:20,135] {processor.py:161} INFO - Processing /home/gustavo/Documents/etl_api_twitter/venv/lib/python3.9/site-packages/airflow/example_dags/example_branch_operator_decorator.py took 0.070 seconds
[2023-01-04 08:24:55,393] {processor.py:153} INFO - Started process (PID=8029) to work on /home/gustavo/Documents/etl_api_twitter/venv/lib/python3.9/site-packages/airflow/example_dags/example_branch_operator_decorator.py
[2023-01-04 08:24:55,395] {processor.py:641} INFO - Processing file /home/gustavo/Documents/etl_api_twitter/venv/lib/python3.9/site-packages/airflow/example_dags/example_branch_operator_decorator.py for tasks to queue
[2023-01-04 08:24:55,397] {logging_mixin.py:115} INFO - [2023-01-04 08:24:55,396] {dagbag.py:507} INFO - Filling up the DagBag from /home/gustavo/Documents/etl_api_twitter/venv/lib/python3.9/site-packages/airflow/example_dags/example_branch_operator_decorator.py
[2023-01-04 08:24:55,421] {processor.py:651} INFO - DAG(s) dict_keys(['example_branch_python_operator_decorator']) retrieved from /home/gustavo/Documents/etl_api_twitter/venv/lib/python3.9/site-packages/airflow/example_dags/example_branch_operator_decorator.py
[2023-01-04 08:24:55,438] {logging_mixin.py:115} INFO - [2023-01-04 08:24:55,438] {dag.py:2379} INFO - Sync 1 DAGs
[2023-01-04 08:24:55,453] {logging_mixin.py:115} INFO - [2023-01-04 08:24:55,453] {dag.py:2927} INFO - Setting next_dagrun for example_branch_python_operator_decorator to 2023-01-03T00:00:00+00:00, run_after=2023-01-04T00:00:00+00:00
[2023-01-04 08:24:55,465] {processor.py:161} INFO - Processing /home/gustavo/Documents/etl_api_twitter/venv/lib/python3.9/site-packages/airflow/example_dags/example_branch_operator_decorator.py took 0.079 seconds
[2023-01-04 08:25:27,624] {processor.py:153} INFO - Started process (PID=8208) to work on /home/gustavo/Documents/etl_api_twitter/venv/lib/python3.9/site-packages/airflow/example_dags/example_branch_operator_decorator.py
[2023-01-04 08:25:27,626] {processor.py:641} INFO - Processing file /home/gustavo/Documents/etl_api_twitter/venv/lib/python3.9/site-packages/airflow/example_dags/example_branch_operator_decorator.py for tasks to queue
[2023-01-04 08:25:27,626] {logging_mixin.py:115} INFO - [2023-01-04 08:25:27,626] {dagbag.py:507} INFO - Filling up the DagBag from /home/gustavo/Documents/etl_api_twitter/venv/lib/python3.9/site-packages/airflow/example_dags/example_branch_operator_decorator.py
[2023-01-04 08:25:27,655] {processor.py:651} INFO - DAG(s) dict_keys(['example_branch_python_operator_decorator']) retrieved from /home/gustavo/Documents/etl_api_twitter/venv/lib/python3.9/site-packages/airflow/example_dags/example_branch_operator_decorator.py
[2023-01-04 08:25:27,673] {logging_mixin.py:115} INFO - [2023-01-04 08:25:27,673] {dag.py:2379} INFO - Sync 1 DAGs
[2023-01-04 08:25:27,692] {logging_mixin.py:115} INFO - [2023-01-04 08:25:27,691] {dag.py:2927} INFO - Setting next_dagrun for example_branch_python_operator_decorator to 2023-01-03T00:00:00+00:00, run_after=2023-01-04T00:00:00+00:00
[2023-01-04 08:25:27,705] {processor.py:161} INFO - Processing /home/gustavo/Documents/etl_api_twitter/venv/lib/python3.9/site-packages/airflow/example_dags/example_branch_operator_decorator.py took 0.085 seconds
[2023-01-04 08:26:01,381] {processor.py:153} INFO - Started process (PID=8467) to work on /home/gustavo/Documents/etl_api_twitter/venv/lib/python3.9/site-packages/airflow/example_dags/example_branch_operator_decorator.py
[2023-01-04 08:26:01,383] {processor.py:641} INFO - Processing file /home/gustavo/Documents/etl_api_twitter/venv/lib/python3.9/site-packages/airflow/example_dags/example_branch_operator_decorator.py for tasks to queue
[2023-01-04 08:26:01,383] {logging_mixin.py:115} INFO - [2023-01-04 08:26:01,383] {dagbag.py:507} INFO - Filling up the DagBag from /home/gustavo/Documents/etl_api_twitter/venv/lib/python3.9/site-packages/airflow/example_dags/example_branch_operator_decorator.py
[2023-01-04 08:26:01,421] {processor.py:651} INFO - DAG(s) dict_keys(['example_branch_python_operator_decorator']) retrieved from /home/gustavo/Documents/etl_api_twitter/venv/lib/python3.9/site-packages/airflow/example_dags/example_branch_operator_decorator.py
[2023-01-04 08:26:01,455] {logging_mixin.py:115} INFO - [2023-01-04 08:26:01,455] {dag.py:2379} INFO - Sync 1 DAGs
[2023-01-04 08:26:01,473] {logging_mixin.py:115} INFO - [2023-01-04 08:26:01,473] {dag.py:2927} INFO - Setting next_dagrun for example_branch_python_operator_decorator to 2023-01-03T00:00:00+00:00, run_after=2023-01-04T00:00:00+00:00
[2023-01-04 08:26:01,484] {processor.py:161} INFO - Processing /home/gustavo/Documents/etl_api_twitter/venv/lib/python3.9/site-packages/airflow/example_dags/example_branch_operator_decorator.py took 0.110 seconds
[2023-01-04 08:26:37,692] {processor.py:153} INFO - Started process (PID=8672) to work on /home/gustavo/Documents/etl_api_twitter/venv/lib/python3.9/site-packages/airflow/example_dags/example_branch_operator_decorator.py
[2023-01-04 08:26:37,693] {processor.py:641} INFO - Processing file /home/gustavo/Documents/etl_api_twitter/venv/lib/python3.9/site-packages/airflow/example_dags/example_branch_operator_decorator.py for tasks to queue
[2023-01-04 08:26:37,694] {logging_mixin.py:115} INFO - [2023-01-04 08:26:37,694] {dagbag.py:507} INFO - Filling up the DagBag from /home/gustavo/Documents/etl_api_twitter/venv/lib/python3.9/site-packages/airflow/example_dags/example_branch_operator_decorator.py
[2023-01-04 08:26:37,710] {processor.py:651} INFO - DAG(s) dict_keys(['example_branch_python_operator_decorator']) retrieved from /home/gustavo/Documents/etl_api_twitter/venv/lib/python3.9/site-packages/airflow/example_dags/example_branch_operator_decorator.py
[2023-01-04 08:26:37,723] {logging_mixin.py:115} INFO - [2023-01-04 08:26:37,723] {dag.py:2379} INFO - Sync 1 DAGs
[2023-01-04 08:26:37,741] {logging_mixin.py:115} INFO - [2023-01-04 08:26:37,741] {dag.py:2927} INFO - Setting next_dagrun for example_branch_python_operator_decorator to 2023-01-03T00:00:00+00:00, run_after=2023-01-04T00:00:00+00:00
[2023-01-04 08:26:37,753] {processor.py:161} INFO - Processing /home/gustavo/Documents/etl_api_twitter/venv/lib/python3.9/site-packages/airflow/example_dags/example_branch_operator_decorator.py took 0.068 seconds
[2023-01-04 08:27:13,220] {processor.py:153} INFO - Started process (PID=8883) to work on /home/gustavo/Documents/etl_api_twitter/venv/lib/python3.9/site-packages/airflow/example_dags/example_branch_operator_decorator.py
[2023-01-04 08:27:13,222] {processor.py:641} INFO - Processing file /home/gustavo/Documents/etl_api_twitter/venv/lib/python3.9/site-packages/airflow/example_dags/example_branch_operator_decorator.py for tasks to queue
[2023-01-04 08:27:13,223] {logging_mixin.py:115} INFO - [2023-01-04 08:27:13,223] {dagbag.py:507} INFO - Filling up the DagBag from /home/gustavo/Documents/etl_api_twitter/venv/lib/python3.9/site-packages/airflow/example_dags/example_branch_operator_decorator.py
[2023-01-04 08:27:13,267] {processor.py:651} INFO - DAG(s) dict_keys(['example_branch_python_operator_decorator']) retrieved from /home/gustavo/Documents/etl_api_twitter/venv/lib/python3.9/site-packages/airflow/example_dags/example_branch_operator_decorator.py
[2023-01-04 08:27:13,294] {logging_mixin.py:115} INFO - [2023-01-04 08:27:13,294] {dag.py:2379} INFO - Sync 1 DAGs
[2023-01-04 08:27:13,313] {logging_mixin.py:115} INFO - [2023-01-04 08:27:13,313] {dag.py:2927} INFO - Setting next_dagrun for example_branch_python_operator_decorator to 2023-01-03T00:00:00+00:00, run_after=2023-01-04T00:00:00+00:00
[2023-01-04 08:27:13,334] {processor.py:161} INFO - Processing /home/gustavo/Documents/etl_api_twitter/venv/lib/python3.9/site-packages/airflow/example_dags/example_branch_operator_decorator.py took 0.122 seconds
