[2023-01-04 08:01:21,268] {processor.py:153} INFO - Started process (PID=28393) to work on /home/gustavo/Documents/etl_api_twitter/venv/lib/python3.9/site-packages/airflow/example_dags/example_short_circuit_operator.py
[2023-01-04 08:01:21,270] {processor.py:641} INFO - Processing file /home/gustavo/Documents/etl_api_twitter/venv/lib/python3.9/site-packages/airflow/example_dags/example_short_circuit_operator.py for tasks to queue
[2023-01-04 08:01:21,276] {logging_mixin.py:115} INFO - [2023-01-04 08:01:21,276] {dagbag.py:507} INFO - Filling up the DagBag from /home/gustavo/Documents/etl_api_twitter/venv/lib/python3.9/site-packages/airflow/example_dags/example_short_circuit_operator.py
[2023-01-04 08:01:21,297] {processor.py:651} INFO - DAG(s) dict_keys(['example_short_circuit_operator']) retrieved from /home/gustavo/Documents/etl_api_twitter/venv/lib/python3.9/site-packages/airflow/example_dags/example_short_circuit_operator.py
[2023-01-04 08:01:21,402] {logging_mixin.py:115} INFO - [2023-01-04 08:01:21,401] {manager.py:508} INFO - Created Permission View: can edit on DAG:example_short_circuit_operator
[2023-01-04 08:01:21,440] {logging_mixin.py:115} INFO - [2023-01-04 08:01:21,440] {manager.py:508} INFO - Created Permission View: can read on DAG:example_short_circuit_operator
[2023-01-04 08:01:21,462] {logging_mixin.py:115} INFO - [2023-01-04 08:01:21,462] {manager.py:508} INFO - Created Permission View: can delete on DAG:example_short_circuit_operator
[2023-01-04 08:01:21,463] {logging_mixin.py:115} INFO - [2023-01-04 08:01:21,463] {dag.py:2379} INFO - Sync 1 DAGs
[2023-01-04 08:01:21,491] {logging_mixin.py:115} INFO - [2023-01-04 08:01:21,491] {dag.py:2398} INFO - Creating ORM DAG for example_short_circuit_operator
[2023-01-04 08:01:21,511] {logging_mixin.py:115} INFO - [2023-01-04 08:01:21,511] {dag.py:2927} INFO - Setting next_dagrun for example_short_circuit_operator to 2023-01-03T11:01:21.510994+00:00, run_after=2023-01-04T11:01:21.510994+00:00
[2023-01-04 08:01:21,542] {processor.py:161} INFO - Processing /home/gustavo/Documents/etl_api_twitter/venv/lib/python3.9/site-packages/airflow/example_dags/example_short_circuit_operator.py took 0.281 seconds
[2023-01-04 08:01:57,918] {processor.py:153} INFO - Started process (PID=28618) to work on /home/gustavo/Documents/etl_api_twitter/venv/lib/python3.9/site-packages/airflow/example_dags/example_short_circuit_operator.py
[2023-01-04 08:01:57,924] {processor.py:641} INFO - Processing file /home/gustavo/Documents/etl_api_twitter/venv/lib/python3.9/site-packages/airflow/example_dags/example_short_circuit_operator.py for tasks to queue
[2023-01-04 08:01:57,925] {logging_mixin.py:115} INFO - [2023-01-04 08:01:57,925] {dagbag.py:507} INFO - Filling up the DagBag from /home/gustavo/Documents/etl_api_twitter/venv/lib/python3.9/site-packages/airflow/example_dags/example_short_circuit_operator.py
[2023-01-04 08:01:57,943] {processor.py:651} INFO - DAG(s) dict_keys(['example_short_circuit_operator']) retrieved from /home/gustavo/Documents/etl_api_twitter/venv/lib/python3.9/site-packages/airflow/example_dags/example_short_circuit_operator.py
[2023-01-04 08:01:57,977] {logging_mixin.py:115} INFO - [2023-01-04 08:01:57,977] {dag.py:2379} INFO - Sync 1 DAGs
[2023-01-04 08:01:58,005] {logging_mixin.py:115} INFO - [2023-01-04 08:01:58,005] {dag.py:2927} INFO - Setting next_dagrun for example_short_circuit_operator to 2023-01-03T11:01:58.005004+00:00, run_after=2023-01-04T11:01:58.005004+00:00
[2023-01-04 08:01:58,027] {processor.py:161} INFO - Processing /home/gustavo/Documents/etl_api_twitter/venv/lib/python3.9/site-packages/airflow/example_dags/example_short_circuit_operator.py took 0.115 seconds
[2023-01-04 08:11:09,765] {processor.py:153} INFO - Started process (PID=3869) to work on /home/gustavo/Documents/etl_api_twitter/venv/lib/python3.9/site-packages/airflow/example_dags/example_short_circuit_operator.py
[2023-01-04 08:11:09,766] {processor.py:641} INFO - Processing file /home/gustavo/Documents/etl_api_twitter/venv/lib/python3.9/site-packages/airflow/example_dags/example_short_circuit_operator.py for tasks to queue
[2023-01-04 08:11:09,767] {logging_mixin.py:115} INFO - [2023-01-04 08:11:09,767] {dagbag.py:507} INFO - Filling up the DagBag from /home/gustavo/Documents/etl_api_twitter/venv/lib/python3.9/site-packages/airflow/example_dags/example_short_circuit_operator.py
[2023-01-04 08:11:09,801] {processor.py:651} INFO - DAG(s) dict_keys(['example_short_circuit_operator']) retrieved from /home/gustavo/Documents/etl_api_twitter/venv/lib/python3.9/site-packages/airflow/example_dags/example_short_circuit_operator.py
[2023-01-04 08:11:09,868] {logging_mixin.py:115} INFO - [2023-01-04 08:11:09,868] {dag.py:2379} INFO - Sync 1 DAGs
[2023-01-04 08:11:09,888] {logging_mixin.py:115} INFO - [2023-01-04 08:11:09,888] {dag.py:2927} INFO - Setting next_dagrun for example_short_circuit_operator to 2023-01-03T11:11:09.886912+00:00, run_after=2023-01-04T11:11:09.886912+00:00
[2023-01-04 08:11:09,920] {processor.py:161} INFO - Processing /home/gustavo/Documents/etl_api_twitter/venv/lib/python3.9/site-packages/airflow/example_dags/example_short_circuit_operator.py took 0.158 seconds
[2023-01-04 08:11:46,032] {processor.py:153} INFO - Started process (PID=4063) to work on /home/gustavo/Documents/etl_api_twitter/venv/lib/python3.9/site-packages/airflow/example_dags/example_short_circuit_operator.py
[2023-01-04 08:11:46,033] {processor.py:641} INFO - Processing file /home/gustavo/Documents/etl_api_twitter/venv/lib/python3.9/site-packages/airflow/example_dags/example_short_circuit_operator.py for tasks to queue
[2023-01-04 08:11:46,034] {logging_mixin.py:115} INFO - [2023-01-04 08:11:46,034] {dagbag.py:507} INFO - Filling up the DagBag from /home/gustavo/Documents/etl_api_twitter/venv/lib/python3.9/site-packages/airflow/example_dags/example_short_circuit_operator.py
[2023-01-04 08:11:46,043] {processor.py:651} INFO - DAG(s) dict_keys(['example_short_circuit_operator']) retrieved from /home/gustavo/Documents/etl_api_twitter/venv/lib/python3.9/site-packages/airflow/example_dags/example_short_circuit_operator.py
[2023-01-04 08:11:46,063] {logging_mixin.py:115} INFO - [2023-01-04 08:11:46,063] {dag.py:2379} INFO - Sync 1 DAGs
[2023-01-04 08:11:46,079] {logging_mixin.py:115} INFO - [2023-01-04 08:11:46,079] {dag.py:2927} INFO - Setting next_dagrun for example_short_circuit_operator to 2023-01-03T11:11:46.078916+00:00, run_after=2023-01-04T11:11:46.078916+00:00
[2023-01-04 08:11:46,092] {processor.py:161} INFO - Processing /home/gustavo/Documents/etl_api_twitter/venv/lib/python3.9/site-packages/airflow/example_dags/example_short_circuit_operator.py took 0.064 seconds
[2023-01-04 08:12:19,360] {processor.py:153} INFO - Started process (PID=4159) to work on /home/gustavo/Documents/etl_api_twitter/venv/lib/python3.9/site-packages/airflow/example_dags/example_short_circuit_operator.py
[2023-01-04 08:12:19,361] {processor.py:641} INFO - Processing file /home/gustavo/Documents/etl_api_twitter/venv/lib/python3.9/site-packages/airflow/example_dags/example_short_circuit_operator.py for tasks to queue
[2023-01-04 08:12:19,362] {logging_mixin.py:115} INFO - [2023-01-04 08:12:19,362] {dagbag.py:507} INFO - Filling up the DagBag from /home/gustavo/Documents/etl_api_twitter/venv/lib/python3.9/site-packages/airflow/example_dags/example_short_circuit_operator.py
[2023-01-04 08:12:19,371] {processor.py:651} INFO - DAG(s) dict_keys(['example_short_circuit_operator']) retrieved from /home/gustavo/Documents/etl_api_twitter/venv/lib/python3.9/site-packages/airflow/example_dags/example_short_circuit_operator.py
[2023-01-04 08:12:19,389] {logging_mixin.py:115} INFO - [2023-01-04 08:12:19,389] {dag.py:2379} INFO - Sync 1 DAGs
[2023-01-04 08:12:19,407] {logging_mixin.py:115} INFO - [2023-01-04 08:12:19,407] {dag.py:2927} INFO - Setting next_dagrun for example_short_circuit_operator to 2023-01-03T11:12:19.407026+00:00, run_after=2023-01-04T11:12:19.407026+00:00
[2023-01-04 08:12:19,417] {processor.py:161} INFO - Processing /home/gustavo/Documents/etl_api_twitter/venv/lib/python3.9/site-packages/airflow/example_dags/example_short_circuit_operator.py took 0.060 seconds
[2023-01-04 08:12:53,971] {processor.py:153} INFO - Started process (PID=4201) to work on /home/gustavo/Documents/etl_api_twitter/venv/lib/python3.9/site-packages/airflow/example_dags/example_short_circuit_operator.py
[2023-01-04 08:12:53,973] {processor.py:641} INFO - Processing file /home/gustavo/Documents/etl_api_twitter/venv/lib/python3.9/site-packages/airflow/example_dags/example_short_circuit_operator.py for tasks to queue
[2023-01-04 08:12:53,974] {logging_mixin.py:115} INFO - [2023-01-04 08:12:53,974] {dagbag.py:507} INFO - Filling up the DagBag from /home/gustavo/Documents/etl_api_twitter/venv/lib/python3.9/site-packages/airflow/example_dags/example_short_circuit_operator.py
[2023-01-04 08:12:53,992] {processor.py:651} INFO - DAG(s) dict_keys(['example_short_circuit_operator']) retrieved from /home/gustavo/Documents/etl_api_twitter/venv/lib/python3.9/site-packages/airflow/example_dags/example_short_circuit_operator.py
[2023-01-04 08:12:54,023] {logging_mixin.py:115} INFO - [2023-01-04 08:12:54,023] {dag.py:2379} INFO - Sync 1 DAGs
[2023-01-04 08:12:54,044] {logging_mixin.py:115} INFO - [2023-01-04 08:12:54,044] {dag.py:2927} INFO - Setting next_dagrun for example_short_circuit_operator to 2023-01-03T11:12:54.044642+00:00, run_after=2023-01-04T11:12:54.044642+00:00
[2023-01-04 08:12:54,059] {processor.py:161} INFO - Processing /home/gustavo/Documents/etl_api_twitter/venv/lib/python3.9/site-packages/airflow/example_dags/example_short_circuit_operator.py took 0.094 seconds
[2023-01-04 08:13:31,298] {processor.py:153} INFO - Started process (PID=4240) to work on /home/gustavo/Documents/etl_api_twitter/venv/lib/python3.9/site-packages/airflow/example_dags/example_short_circuit_operator.py
[2023-01-04 08:13:31,300] {processor.py:641} INFO - Processing file /home/gustavo/Documents/etl_api_twitter/venv/lib/python3.9/site-packages/airflow/example_dags/example_short_circuit_operator.py for tasks to queue
[2023-01-04 08:13:31,301] {logging_mixin.py:115} INFO - [2023-01-04 08:13:31,301] {dagbag.py:507} INFO - Filling up the DagBag from /home/gustavo/Documents/etl_api_twitter/venv/lib/python3.9/site-packages/airflow/example_dags/example_short_circuit_operator.py
[2023-01-04 08:13:31,317] {processor.py:651} INFO - DAG(s) dict_keys(['example_short_circuit_operator']) retrieved from /home/gustavo/Documents/etl_api_twitter/venv/lib/python3.9/site-packages/airflow/example_dags/example_short_circuit_operator.py
[2023-01-04 08:13:31,346] {logging_mixin.py:115} INFO - [2023-01-04 08:13:31,345] {dag.py:2379} INFO - Sync 1 DAGs
[2023-01-04 08:13:31,363] {logging_mixin.py:115} INFO - [2023-01-04 08:13:31,362] {dag.py:2927} INFO - Setting next_dagrun for example_short_circuit_operator to 2023-01-03T11:13:31.362325+00:00, run_after=2023-01-04T11:13:31.362325+00:00
[2023-01-04 08:13:31,384] {processor.py:161} INFO - Processing /home/gustavo/Documents/etl_api_twitter/venv/lib/python3.9/site-packages/airflow/example_dags/example_short_circuit_operator.py took 0.094 seconds
[2023-01-04 08:14:05,512] {processor.py:153} INFO - Started process (PID=4277) to work on /home/gustavo/Documents/etl_api_twitter/venv/lib/python3.9/site-packages/airflow/example_dags/example_short_circuit_operator.py
[2023-01-04 08:14:05,512] {processor.py:641} INFO - Processing file /home/gustavo/Documents/etl_api_twitter/venv/lib/python3.9/site-packages/airflow/example_dags/example_short_circuit_operator.py for tasks to queue
[2023-01-04 08:14:05,513] {logging_mixin.py:115} INFO - [2023-01-04 08:14:05,513] {dagbag.py:507} INFO - Filling up the DagBag from /home/gustavo/Documents/etl_api_twitter/venv/lib/python3.9/site-packages/airflow/example_dags/example_short_circuit_operator.py
[2023-01-04 08:14:05,521] {processor.py:651} INFO - DAG(s) dict_keys(['example_short_circuit_operator']) retrieved from /home/gustavo/Documents/etl_api_twitter/venv/lib/python3.9/site-packages/airflow/example_dags/example_short_circuit_operator.py
[2023-01-04 08:14:05,536] {logging_mixin.py:115} INFO - [2023-01-04 08:14:05,536] {dag.py:2379} INFO - Sync 1 DAGs
[2023-01-04 08:14:05,550] {logging_mixin.py:115} INFO - [2023-01-04 08:14:05,550] {dag.py:2927} INFO - Setting next_dagrun for example_short_circuit_operator to 2023-01-03T11:14:05.550371+00:00, run_after=2023-01-04T11:14:05.550371+00:00
[2023-01-04 08:14:05,562] {processor.py:161} INFO - Processing /home/gustavo/Documents/etl_api_twitter/venv/lib/python3.9/site-packages/airflow/example_dags/example_short_circuit_operator.py took 0.053 seconds
[2023-01-04 08:14:40,130] {processor.py:153} INFO - Started process (PID=4423) to work on /home/gustavo/Documents/etl_api_twitter/venv/lib/python3.9/site-packages/airflow/example_dags/example_short_circuit_operator.py
[2023-01-04 08:14:40,131] {processor.py:641} INFO - Processing file /home/gustavo/Documents/etl_api_twitter/venv/lib/python3.9/site-packages/airflow/example_dags/example_short_circuit_operator.py for tasks to queue
[2023-01-04 08:14:40,132] {logging_mixin.py:115} INFO - [2023-01-04 08:14:40,132] {dagbag.py:507} INFO - Filling up the DagBag from /home/gustavo/Documents/etl_api_twitter/venv/lib/python3.9/site-packages/airflow/example_dags/example_short_circuit_operator.py
[2023-01-04 08:14:40,141] {processor.py:651} INFO - DAG(s) dict_keys(['example_short_circuit_operator']) retrieved from /home/gustavo/Documents/etl_api_twitter/venv/lib/python3.9/site-packages/airflow/example_dags/example_short_circuit_operator.py
[2023-01-04 08:14:40,162] {logging_mixin.py:115} INFO - [2023-01-04 08:14:40,162] {dag.py:2379} INFO - Sync 1 DAGs
[2023-01-04 08:14:40,188] {logging_mixin.py:115} INFO - [2023-01-04 08:14:40,188] {dag.py:2927} INFO - Setting next_dagrun for example_short_circuit_operator to 2023-01-03T11:14:40.187886+00:00, run_after=2023-01-04T11:14:40.187886+00:00
[2023-01-04 08:14:40,214] {processor.py:161} INFO - Processing /home/gustavo/Documents/etl_api_twitter/venv/lib/python3.9/site-packages/airflow/example_dags/example_short_circuit_operator.py took 0.089 seconds
[2023-01-04 08:15:14,868] {processor.py:153} INFO - Started process (PID=4532) to work on /home/gustavo/Documents/etl_api_twitter/venv/lib/python3.9/site-packages/airflow/example_dags/example_short_circuit_operator.py
[2023-01-04 08:15:14,869] {processor.py:641} INFO - Processing file /home/gustavo/Documents/etl_api_twitter/venv/lib/python3.9/site-packages/airflow/example_dags/example_short_circuit_operator.py for tasks to queue
[2023-01-04 08:15:14,871] {logging_mixin.py:115} INFO - [2023-01-04 08:15:14,870] {dagbag.py:507} INFO - Filling up the DagBag from /home/gustavo/Documents/etl_api_twitter/venv/lib/python3.9/site-packages/airflow/example_dags/example_short_circuit_operator.py
[2023-01-04 08:15:14,887] {processor.py:651} INFO - DAG(s) dict_keys(['example_short_circuit_operator']) retrieved from /home/gustavo/Documents/etl_api_twitter/venv/lib/python3.9/site-packages/airflow/example_dags/example_short_circuit_operator.py
[2023-01-04 08:15:14,917] {logging_mixin.py:115} INFO - [2023-01-04 08:15:14,917] {dag.py:2379} INFO - Sync 1 DAGs
[2023-01-04 08:15:14,938] {logging_mixin.py:115} INFO - [2023-01-04 08:15:14,938] {dag.py:2927} INFO - Setting next_dagrun for example_short_circuit_operator to 2023-01-03T11:15:14.938061+00:00, run_after=2023-01-04T11:15:14.938061+00:00
[2023-01-04 08:15:14,957] {processor.py:161} INFO - Processing /home/gustavo/Documents/etl_api_twitter/venv/lib/python3.9/site-packages/airflow/example_dags/example_short_circuit_operator.py took 0.094 seconds
[2023-01-04 08:15:48,661] {processor.py:153} INFO - Started process (PID=4793) to work on /home/gustavo/Documents/etl_api_twitter/venv/lib/python3.9/site-packages/airflow/example_dags/example_short_circuit_operator.py
[2023-01-04 08:15:48,662] {processor.py:641} INFO - Processing file /home/gustavo/Documents/etl_api_twitter/venv/lib/python3.9/site-packages/airflow/example_dags/example_short_circuit_operator.py for tasks to queue
[2023-01-04 08:15:48,662] {logging_mixin.py:115} INFO - [2023-01-04 08:15:48,662] {dagbag.py:507} INFO - Filling up the DagBag from /home/gustavo/Documents/etl_api_twitter/venv/lib/python3.9/site-packages/airflow/example_dags/example_short_circuit_operator.py
[2023-01-04 08:15:48,678] {processor.py:651} INFO - DAG(s) dict_keys(['example_short_circuit_operator']) retrieved from /home/gustavo/Documents/etl_api_twitter/venv/lib/python3.9/site-packages/airflow/example_dags/example_short_circuit_operator.py
[2023-01-04 08:15:48,700] {logging_mixin.py:115} INFO - [2023-01-04 08:15:48,700] {dag.py:2379} INFO - Sync 1 DAGs
[2023-01-04 08:15:48,725] {logging_mixin.py:115} INFO - [2023-01-04 08:15:48,725] {dag.py:2927} INFO - Setting next_dagrun for example_short_circuit_operator to 2023-01-03T11:15:48.725272+00:00, run_after=2023-01-04T11:15:48.725272+00:00
[2023-01-04 08:15:48,745] {processor.py:161} INFO - Processing /home/gustavo/Documents/etl_api_twitter/venv/lib/python3.9/site-packages/airflow/example_dags/example_short_circuit_operator.py took 0.088 seconds
[2023-01-04 08:16:22,934] {processor.py:153} INFO - Started process (PID=4987) to work on /home/gustavo/Documents/etl_api_twitter/venv/lib/python3.9/site-packages/airflow/example_dags/example_short_circuit_operator.py
[2023-01-04 08:16:22,936] {processor.py:641} INFO - Processing file /home/gustavo/Documents/etl_api_twitter/venv/lib/python3.9/site-packages/airflow/example_dags/example_short_circuit_operator.py for tasks to queue
[2023-01-04 08:16:22,937] {logging_mixin.py:115} INFO - [2023-01-04 08:16:22,937] {dagbag.py:507} INFO - Filling up the DagBag from /home/gustavo/Documents/etl_api_twitter/venv/lib/python3.9/site-packages/airflow/example_dags/example_short_circuit_operator.py
[2023-01-04 08:16:22,961] {processor.py:651} INFO - DAG(s) dict_keys(['example_short_circuit_operator']) retrieved from /home/gustavo/Documents/etl_api_twitter/venv/lib/python3.9/site-packages/airflow/example_dags/example_short_circuit_operator.py
[2023-01-04 08:16:23,002] {logging_mixin.py:115} INFO - [2023-01-04 08:16:23,002] {dag.py:2379} INFO - Sync 1 DAGs
[2023-01-04 08:16:23,021] {logging_mixin.py:115} INFO - [2023-01-04 08:16:23,021] {dag.py:2927} INFO - Setting next_dagrun for example_short_circuit_operator to 2023-01-03T11:16:23.021153+00:00, run_after=2023-01-04T11:16:23.021153+00:00
[2023-01-04 08:16:23,031] {processor.py:161} INFO - Processing /home/gustavo/Documents/etl_api_twitter/venv/lib/python3.9/site-packages/airflow/example_dags/example_short_circuit_operator.py took 0.104 seconds
[2023-01-04 08:17:00,004] {processor.py:153} INFO - Started process (PID=5218) to work on /home/gustavo/Documents/etl_api_twitter/venv/lib/python3.9/site-packages/airflow/example_dags/example_short_circuit_operator.py
[2023-01-04 08:17:00,005] {processor.py:641} INFO - Processing file /home/gustavo/Documents/etl_api_twitter/venv/lib/python3.9/site-packages/airflow/example_dags/example_short_circuit_operator.py for tasks to queue
[2023-01-04 08:17:00,006] {logging_mixin.py:115} INFO - [2023-01-04 08:17:00,006] {dagbag.py:507} INFO - Filling up the DagBag from /home/gustavo/Documents/etl_api_twitter/venv/lib/python3.9/site-packages/airflow/example_dags/example_short_circuit_operator.py
[2023-01-04 08:17:00,014] {processor.py:651} INFO - DAG(s) dict_keys(['example_short_circuit_operator']) retrieved from /home/gustavo/Documents/etl_api_twitter/venv/lib/python3.9/site-packages/airflow/example_dags/example_short_circuit_operator.py
[2023-01-04 08:17:00,033] {logging_mixin.py:115} INFO - [2023-01-04 08:17:00,033] {dag.py:2379} INFO - Sync 1 DAGs
[2023-01-04 08:17:00,048] {logging_mixin.py:115} INFO - [2023-01-04 08:17:00,048] {dag.py:2927} INFO - Setting next_dagrun for example_short_circuit_operator to 2023-01-03T11:17:00.047560+00:00, run_after=2023-01-04T11:17:00.047560+00:00
[2023-01-04 08:17:00,068] {processor.py:161} INFO - Processing /home/gustavo/Documents/etl_api_twitter/venv/lib/python3.9/site-packages/airflow/example_dags/example_short_circuit_operator.py took 0.068 seconds
[2023-01-04 08:17:36,881] {processor.py:153} INFO - Started process (PID=5428) to work on /home/gustavo/Documents/etl_api_twitter/venv/lib/python3.9/site-packages/airflow/example_dags/example_short_circuit_operator.py
[2023-01-04 08:17:36,882] {processor.py:641} INFO - Processing file /home/gustavo/Documents/etl_api_twitter/venv/lib/python3.9/site-packages/airflow/example_dags/example_short_circuit_operator.py for tasks to queue
[2023-01-04 08:17:36,884] {logging_mixin.py:115} INFO - [2023-01-04 08:17:36,884] {dagbag.py:507} INFO - Filling up the DagBag from /home/gustavo/Documents/etl_api_twitter/venv/lib/python3.9/site-packages/airflow/example_dags/example_short_circuit_operator.py
[2023-01-04 08:17:36,901] {processor.py:651} INFO - DAG(s) dict_keys(['example_short_circuit_operator']) retrieved from /home/gustavo/Documents/etl_api_twitter/venv/lib/python3.9/site-packages/airflow/example_dags/example_short_circuit_operator.py
[2023-01-04 08:17:36,929] {logging_mixin.py:115} INFO - [2023-01-04 08:17:36,929] {dag.py:2379} INFO - Sync 1 DAGs
[2023-01-04 08:17:36,965] {logging_mixin.py:115} INFO - [2023-01-04 08:17:36,965] {dag.py:2927} INFO - Setting next_dagrun for example_short_circuit_operator to 2023-01-03T11:17:36.964241+00:00, run_after=2023-01-04T11:17:36.964241+00:00
[2023-01-04 08:17:37,007] {processor.py:161} INFO - Processing /home/gustavo/Documents/etl_api_twitter/venv/lib/python3.9/site-packages/airflow/example_dags/example_short_circuit_operator.py took 0.132 seconds
[2023-01-04 08:18:13,304] {processor.py:153} INFO - Started process (PID=5641) to work on /home/gustavo/Documents/etl_api_twitter/venv/lib/python3.9/site-packages/airflow/example_dags/example_short_circuit_operator.py
[2023-01-04 08:18:13,306] {processor.py:641} INFO - Processing file /home/gustavo/Documents/etl_api_twitter/venv/lib/python3.9/site-packages/airflow/example_dags/example_short_circuit_operator.py for tasks to queue
[2023-01-04 08:18:13,307] {logging_mixin.py:115} INFO - [2023-01-04 08:18:13,307] {dagbag.py:507} INFO - Filling up the DagBag from /home/gustavo/Documents/etl_api_twitter/venv/lib/python3.9/site-packages/airflow/example_dags/example_short_circuit_operator.py
[2023-01-04 08:18:13,322] {processor.py:651} INFO - DAG(s) dict_keys(['example_short_circuit_operator']) retrieved from /home/gustavo/Documents/etl_api_twitter/venv/lib/python3.9/site-packages/airflow/example_dags/example_short_circuit_operator.py
[2023-01-04 08:18:13,356] {logging_mixin.py:115} INFO - [2023-01-04 08:18:13,356] {dag.py:2379} INFO - Sync 1 DAGs
[2023-01-04 08:18:13,381] {logging_mixin.py:115} INFO - [2023-01-04 08:18:13,381] {dag.py:2927} INFO - Setting next_dagrun for example_short_circuit_operator to 2023-01-03T11:18:13.380797+00:00, run_after=2023-01-04T11:18:13.380797+00:00
[2023-01-04 08:18:13,400] {processor.py:161} INFO - Processing /home/gustavo/Documents/etl_api_twitter/venv/lib/python3.9/site-packages/airflow/example_dags/example_short_circuit_operator.py took 0.101 seconds
[2023-01-04 08:18:50,725] {processor.py:153} INFO - Started process (PID=5849) to work on /home/gustavo/Documents/etl_api_twitter/venv/lib/python3.9/site-packages/airflow/example_dags/example_short_circuit_operator.py
[2023-01-04 08:18:50,727] {processor.py:641} INFO - Processing file /home/gustavo/Documents/etl_api_twitter/venv/lib/python3.9/site-packages/airflow/example_dags/example_short_circuit_operator.py for tasks to queue
[2023-01-04 08:18:50,728] {logging_mixin.py:115} INFO - [2023-01-04 08:18:50,728] {dagbag.py:507} INFO - Filling up the DagBag from /home/gustavo/Documents/etl_api_twitter/venv/lib/python3.9/site-packages/airflow/example_dags/example_short_circuit_operator.py
[2023-01-04 08:18:50,745] {processor.py:651} INFO - DAG(s) dict_keys(['example_short_circuit_operator']) retrieved from /home/gustavo/Documents/etl_api_twitter/venv/lib/python3.9/site-packages/airflow/example_dags/example_short_circuit_operator.py
[2023-01-04 08:18:50,769] {logging_mixin.py:115} INFO - [2023-01-04 08:18:50,769] {dag.py:2379} INFO - Sync 1 DAGs
[2023-01-04 08:18:50,797] {logging_mixin.py:115} INFO - [2023-01-04 08:18:50,796] {dag.py:2927} INFO - Setting next_dagrun for example_short_circuit_operator to 2023-01-03T11:18:50.796285+00:00, run_after=2023-01-04T11:18:50.796285+00:00
[2023-01-04 08:18:50,807] {processor.py:161} INFO - Processing /home/gustavo/Documents/etl_api_twitter/venv/lib/python3.9/site-packages/airflow/example_dags/example_short_circuit_operator.py took 0.088 seconds
[2023-01-04 08:19:25,893] {processor.py:153} INFO - Started process (PID=6056) to work on /home/gustavo/Documents/etl_api_twitter/venv/lib/python3.9/site-packages/airflow/example_dags/example_short_circuit_operator.py
[2023-01-04 08:19:25,894] {processor.py:641} INFO - Processing file /home/gustavo/Documents/etl_api_twitter/venv/lib/python3.9/site-packages/airflow/example_dags/example_short_circuit_operator.py for tasks to queue
[2023-01-04 08:19:25,895] {logging_mixin.py:115} INFO - [2023-01-04 08:19:25,895] {dagbag.py:507} INFO - Filling up the DagBag from /home/gustavo/Documents/etl_api_twitter/venv/lib/python3.9/site-packages/airflow/example_dags/example_short_circuit_operator.py
[2023-01-04 08:19:25,912] {processor.py:651} INFO - DAG(s) dict_keys(['example_short_circuit_operator']) retrieved from /home/gustavo/Documents/etl_api_twitter/venv/lib/python3.9/site-packages/airflow/example_dags/example_short_circuit_operator.py
[2023-01-04 08:19:25,931] {logging_mixin.py:115} INFO - [2023-01-04 08:19:25,931] {dag.py:2379} INFO - Sync 1 DAGs
[2023-01-04 08:19:25,956] {logging_mixin.py:115} INFO - [2023-01-04 08:19:25,956] {dag.py:2927} INFO - Setting next_dagrun for example_short_circuit_operator to 2023-01-03T11:19:25.955794+00:00, run_after=2023-01-04T11:19:25.955794+00:00
[2023-01-04 08:19:25,986] {processor.py:161} INFO - Processing /home/gustavo/Documents/etl_api_twitter/venv/lib/python3.9/site-packages/airflow/example_dags/example_short_circuit_operator.py took 0.103 seconds
[2023-01-04 08:20:00,428] {processor.py:153} INFO - Started process (PID=6262) to work on /home/gustavo/Documents/etl_api_twitter/venv/lib/python3.9/site-packages/airflow/example_dags/example_short_circuit_operator.py
[2023-01-04 08:20:00,429] {processor.py:641} INFO - Processing file /home/gustavo/Documents/etl_api_twitter/venv/lib/python3.9/site-packages/airflow/example_dags/example_short_circuit_operator.py for tasks to queue
[2023-01-04 08:20:00,430] {logging_mixin.py:115} INFO - [2023-01-04 08:20:00,430] {dagbag.py:507} INFO - Filling up the DagBag from /home/gustavo/Documents/etl_api_twitter/venv/lib/python3.9/site-packages/airflow/example_dags/example_short_circuit_operator.py
[2023-01-04 08:20:00,444] {processor.py:651} INFO - DAG(s) dict_keys(['example_short_circuit_operator']) retrieved from /home/gustavo/Documents/etl_api_twitter/venv/lib/python3.9/site-packages/airflow/example_dags/example_short_circuit_operator.py
[2023-01-04 08:20:00,477] {logging_mixin.py:115} INFO - [2023-01-04 08:20:00,477] {dag.py:2379} INFO - Sync 1 DAGs
[2023-01-04 08:20:00,512] {logging_mixin.py:115} INFO - [2023-01-04 08:20:00,512] {dag.py:2927} INFO - Setting next_dagrun for example_short_circuit_operator to 2023-01-03T11:20:00.511427+00:00, run_after=2023-01-04T11:20:00.511427+00:00
[2023-01-04 08:20:00,531] {processor.py:161} INFO - Processing /home/gustavo/Documents/etl_api_twitter/venv/lib/python3.9/site-packages/airflow/example_dags/example_short_circuit_operator.py took 0.107 seconds
[2023-01-04 08:20:37,372] {processor.py:153} INFO - Started process (PID=6522) to work on /home/gustavo/Documents/etl_api_twitter/venv/lib/python3.9/site-packages/airflow/example_dags/example_short_circuit_operator.py
[2023-01-04 08:20:37,374] {processor.py:641} INFO - Processing file /home/gustavo/Documents/etl_api_twitter/venv/lib/python3.9/site-packages/airflow/example_dags/example_short_circuit_operator.py for tasks to queue
[2023-01-04 08:20:37,375] {logging_mixin.py:115} INFO - [2023-01-04 08:20:37,375] {dagbag.py:507} INFO - Filling up the DagBag from /home/gustavo/Documents/etl_api_twitter/venv/lib/python3.9/site-packages/airflow/example_dags/example_short_circuit_operator.py
[2023-01-04 08:20:37,390] {processor.py:651} INFO - DAG(s) dict_keys(['example_short_circuit_operator']) retrieved from /home/gustavo/Documents/etl_api_twitter/venv/lib/python3.9/site-packages/airflow/example_dags/example_short_circuit_operator.py
[2023-01-04 08:20:37,414] {logging_mixin.py:115} INFO - [2023-01-04 08:20:37,414] {dag.py:2379} INFO - Sync 1 DAGs
[2023-01-04 08:20:37,449] {logging_mixin.py:115} INFO - [2023-01-04 08:20:37,448] {dag.py:2927} INFO - Setting next_dagrun for example_short_circuit_operator to 2023-01-03T11:20:37.448551+00:00, run_after=2023-01-04T11:20:37.448551+00:00
[2023-01-04 08:20:37,468] {processor.py:161} INFO - Processing /home/gustavo/Documents/etl_api_twitter/venv/lib/python3.9/site-packages/airflow/example_dags/example_short_circuit_operator.py took 0.102 seconds
[2023-01-04 08:21:12,327] {processor.py:153} INFO - Started process (PID=6728) to work on /home/gustavo/Documents/etl_api_twitter/venv/lib/python3.9/site-packages/airflow/example_dags/example_short_circuit_operator.py
[2023-01-04 08:21:12,328] {processor.py:641} INFO - Processing file /home/gustavo/Documents/etl_api_twitter/venv/lib/python3.9/site-packages/airflow/example_dags/example_short_circuit_operator.py for tasks to queue
[2023-01-04 08:21:12,328] {logging_mixin.py:115} INFO - [2023-01-04 08:21:12,328] {dagbag.py:507} INFO - Filling up the DagBag from /home/gustavo/Documents/etl_api_twitter/venv/lib/python3.9/site-packages/airflow/example_dags/example_short_circuit_operator.py
[2023-01-04 08:21:12,336] {processor.py:651} INFO - DAG(s) dict_keys(['example_short_circuit_operator']) retrieved from /home/gustavo/Documents/etl_api_twitter/venv/lib/python3.9/site-packages/airflow/example_dags/example_short_circuit_operator.py
[2023-01-04 08:21:12,356] {logging_mixin.py:115} INFO - [2023-01-04 08:21:12,356] {dag.py:2379} INFO - Sync 1 DAGs
[2023-01-04 08:21:12,376] {logging_mixin.py:115} INFO - [2023-01-04 08:21:12,376] {dag.py:2927} INFO - Setting next_dagrun for example_short_circuit_operator to 2023-01-03T11:21:12.375621+00:00, run_after=2023-01-04T11:21:12.375621+00:00
[2023-01-04 08:21:12,390] {processor.py:161} INFO - Processing /home/gustavo/Documents/etl_api_twitter/venv/lib/python3.9/site-packages/airflow/example_dags/example_short_circuit_operator.py took 0.066 seconds
[2023-01-04 08:21:49,630] {processor.py:153} INFO - Started process (PID=6934) to work on /home/gustavo/Documents/etl_api_twitter/venv/lib/python3.9/site-packages/airflow/example_dags/example_short_circuit_operator.py
[2023-01-04 08:21:49,632] {processor.py:641} INFO - Processing file /home/gustavo/Documents/etl_api_twitter/venv/lib/python3.9/site-packages/airflow/example_dags/example_short_circuit_operator.py for tasks to queue
[2023-01-04 08:21:49,633] {logging_mixin.py:115} INFO - [2023-01-04 08:21:49,633] {dagbag.py:507} INFO - Filling up the DagBag from /home/gustavo/Documents/etl_api_twitter/venv/lib/python3.9/site-packages/airflow/example_dags/example_short_circuit_operator.py
[2023-01-04 08:21:49,652] {processor.py:651} INFO - DAG(s) dict_keys(['example_short_circuit_operator']) retrieved from /home/gustavo/Documents/etl_api_twitter/venv/lib/python3.9/site-packages/airflow/example_dags/example_short_circuit_operator.py
[2023-01-04 08:21:49,670] {logging_mixin.py:115} INFO - [2023-01-04 08:21:49,670] {dag.py:2379} INFO - Sync 1 DAGs
[2023-01-04 08:21:49,686] {logging_mixin.py:115} INFO - [2023-01-04 08:21:49,686] {dag.py:2927} INFO - Setting next_dagrun for example_short_circuit_operator to 2023-01-03T11:21:49.686323+00:00, run_after=2023-01-04T11:21:49.686323+00:00
[2023-01-04 08:21:49,698] {processor.py:161} INFO - Processing /home/gustavo/Documents/etl_api_twitter/venv/lib/python3.9/site-packages/airflow/example_dags/example_short_circuit_operator.py took 0.073 seconds
[2023-01-04 08:22:23,509] {processor.py:153} INFO - Started process (PID=7137) to work on /home/gustavo/Documents/etl_api_twitter/venv/lib/python3.9/site-packages/airflow/example_dags/example_short_circuit_operator.py
[2023-01-04 08:22:23,511] {processor.py:641} INFO - Processing file /home/gustavo/Documents/etl_api_twitter/venv/lib/python3.9/site-packages/airflow/example_dags/example_short_circuit_operator.py for tasks to queue
[2023-01-04 08:22:23,512] {logging_mixin.py:115} INFO - [2023-01-04 08:22:23,512] {dagbag.py:507} INFO - Filling up the DagBag from /home/gustavo/Documents/etl_api_twitter/venv/lib/python3.9/site-packages/airflow/example_dags/example_short_circuit_operator.py
[2023-01-04 08:22:23,527] {processor.py:651} INFO - DAG(s) dict_keys(['example_short_circuit_operator']) retrieved from /home/gustavo/Documents/etl_api_twitter/venv/lib/python3.9/site-packages/airflow/example_dags/example_short_circuit_operator.py
[2023-01-04 08:22:23,558] {logging_mixin.py:115} INFO - [2023-01-04 08:22:23,558] {dag.py:2379} INFO - Sync 1 DAGs
[2023-01-04 08:22:23,584] {logging_mixin.py:115} INFO - [2023-01-04 08:22:23,584] {dag.py:2927} INFO - Setting next_dagrun for example_short_circuit_operator to 2023-01-03T11:22:23.583636+00:00, run_after=2023-01-04T11:22:23.583636+00:00
[2023-01-04 08:22:23,600] {processor.py:161} INFO - Processing /home/gustavo/Documents/etl_api_twitter/venv/lib/python3.9/site-packages/airflow/example_dags/example_short_circuit_operator.py took 0.099 seconds
[2023-01-04 08:22:58,374] {processor.py:153} INFO - Started process (PID=7353) to work on /home/gustavo/Documents/etl_api_twitter/venv/lib/python3.9/site-packages/airflow/example_dags/example_short_circuit_operator.py
[2023-01-04 08:22:58,376] {processor.py:641} INFO - Processing file /home/gustavo/Documents/etl_api_twitter/venv/lib/python3.9/site-packages/airflow/example_dags/example_short_circuit_operator.py for tasks to queue
[2023-01-04 08:22:58,377] {logging_mixin.py:115} INFO - [2023-01-04 08:22:58,377] {dagbag.py:507} INFO - Filling up the DagBag from /home/gustavo/Documents/etl_api_twitter/venv/lib/python3.9/site-packages/airflow/example_dags/example_short_circuit_operator.py
[2023-01-04 08:22:58,396] {processor.py:651} INFO - DAG(s) dict_keys(['example_short_circuit_operator']) retrieved from /home/gustavo/Documents/etl_api_twitter/venv/lib/python3.9/site-packages/airflow/example_dags/example_short_circuit_operator.py
[2023-01-04 08:22:58,421] {logging_mixin.py:115} INFO - [2023-01-04 08:22:58,421] {dag.py:2379} INFO - Sync 1 DAGs
[2023-01-04 08:22:58,448] {logging_mixin.py:115} INFO - [2023-01-04 08:22:58,448] {dag.py:2927} INFO - Setting next_dagrun for example_short_circuit_operator to 2023-01-03T11:22:58.448087+00:00, run_after=2023-01-04T11:22:58.448087+00:00
[2023-01-04 08:22:58,470] {processor.py:161} INFO - Processing /home/gustavo/Documents/etl_api_twitter/venv/lib/python3.9/site-packages/airflow/example_dags/example_short_circuit_operator.py took 0.102 seconds
[2023-01-04 08:23:34,612] {processor.py:153} INFO - Started process (PID=7563) to work on /home/gustavo/Documents/etl_api_twitter/venv/lib/python3.9/site-packages/airflow/example_dags/example_short_circuit_operator.py
[2023-01-04 08:23:34,614] {processor.py:641} INFO - Processing file /home/gustavo/Documents/etl_api_twitter/venv/lib/python3.9/site-packages/airflow/example_dags/example_short_circuit_operator.py for tasks to queue
[2023-01-04 08:23:34,615] {logging_mixin.py:115} INFO - [2023-01-04 08:23:34,615] {dagbag.py:507} INFO - Filling up the DagBag from /home/gustavo/Documents/etl_api_twitter/venv/lib/python3.9/site-packages/airflow/example_dags/example_short_circuit_operator.py
[2023-01-04 08:23:34,626] {processor.py:651} INFO - DAG(s) dict_keys(['example_short_circuit_operator']) retrieved from /home/gustavo/Documents/etl_api_twitter/venv/lib/python3.9/site-packages/airflow/example_dags/example_short_circuit_operator.py
[2023-01-04 08:23:34,645] {logging_mixin.py:115} INFO - [2023-01-04 08:23:34,645] {dag.py:2379} INFO - Sync 1 DAGs
[2023-01-04 08:23:34,678] {logging_mixin.py:115} INFO - [2023-01-04 08:23:34,678] {dag.py:2927} INFO - Setting next_dagrun for example_short_circuit_operator to 2023-01-03T11:23:34.678206+00:00, run_after=2023-01-04T11:23:34.678206+00:00
[2023-01-04 08:23:34,687] {processor.py:161} INFO - Processing /home/gustavo/Documents/etl_api_twitter/venv/lib/python3.9/site-packages/airflow/example_dags/example_short_circuit_operator.py took 0.084 seconds
[2023-01-04 08:24:08,792] {processor.py:153} INFO - Started process (PID=7765) to work on /home/gustavo/Documents/etl_api_twitter/venv/lib/python3.9/site-packages/airflow/example_dags/example_short_circuit_operator.py
[2023-01-04 08:24:08,794] {processor.py:641} INFO - Processing file /home/gustavo/Documents/etl_api_twitter/venv/lib/python3.9/site-packages/airflow/example_dags/example_short_circuit_operator.py for tasks to queue
[2023-01-04 08:24:08,795] {logging_mixin.py:115} INFO - [2023-01-04 08:24:08,795] {dagbag.py:507} INFO - Filling up the DagBag from /home/gustavo/Documents/etl_api_twitter/venv/lib/python3.9/site-packages/airflow/example_dags/example_short_circuit_operator.py
[2023-01-04 08:24:08,806] {processor.py:651} INFO - DAG(s) dict_keys(['example_short_circuit_operator']) retrieved from /home/gustavo/Documents/etl_api_twitter/venv/lib/python3.9/site-packages/airflow/example_dags/example_short_circuit_operator.py
[2023-01-04 08:24:08,831] {logging_mixin.py:115} INFO - [2023-01-04 08:24:08,831] {dag.py:2379} INFO - Sync 1 DAGs
[2023-01-04 08:24:08,868] {logging_mixin.py:115} INFO - [2023-01-04 08:24:08,867] {dag.py:2927} INFO - Setting next_dagrun for example_short_circuit_operator to 2023-01-03T11:24:08.867010+00:00, run_after=2023-01-04T11:24:08.867010+00:00
[2023-01-04 08:24:08,889] {processor.py:161} INFO - Processing /home/gustavo/Documents/etl_api_twitter/venv/lib/python3.9/site-packages/airflow/example_dags/example_short_circuit_operator.py took 0.102 seconds
[2023-01-04 08:24:46,817] {processor.py:153} INFO - Started process (PID=7972) to work on /home/gustavo/Documents/etl_api_twitter/venv/lib/python3.9/site-packages/airflow/example_dags/example_short_circuit_operator.py
[2023-01-04 08:24:46,818] {processor.py:641} INFO - Processing file /home/gustavo/Documents/etl_api_twitter/venv/lib/python3.9/site-packages/airflow/example_dags/example_short_circuit_operator.py for tasks to queue
[2023-01-04 08:24:46,818] {logging_mixin.py:115} INFO - [2023-01-04 08:24:46,818] {dagbag.py:507} INFO - Filling up the DagBag from /home/gustavo/Documents/etl_api_twitter/venv/lib/python3.9/site-packages/airflow/example_dags/example_short_circuit_operator.py
[2023-01-04 08:24:46,829] {processor.py:651} INFO - DAG(s) dict_keys(['example_short_circuit_operator']) retrieved from /home/gustavo/Documents/etl_api_twitter/venv/lib/python3.9/site-packages/airflow/example_dags/example_short_circuit_operator.py
[2023-01-04 08:24:46,857] {logging_mixin.py:115} INFO - [2023-01-04 08:24:46,857] {dag.py:2379} INFO - Sync 1 DAGs
[2023-01-04 08:24:46,873] {logging_mixin.py:115} INFO - [2023-01-04 08:24:46,873] {dag.py:2927} INFO - Setting next_dagrun for example_short_circuit_operator to 2023-01-03T11:24:46.873209+00:00, run_after=2023-01-04T11:24:46.873209+00:00
[2023-01-04 08:24:46,885] {processor.py:161} INFO - Processing /home/gustavo/Documents/etl_api_twitter/venv/lib/python3.9/site-packages/airflow/example_dags/example_short_circuit_operator.py took 0.072 seconds
[2023-01-04 08:25:18,631] {processor.py:153} INFO - Started process (PID=8151) to work on /home/gustavo/Documents/etl_api_twitter/venv/lib/python3.9/site-packages/airflow/example_dags/example_short_circuit_operator.py
[2023-01-04 08:25:18,632] {processor.py:641} INFO - Processing file /home/gustavo/Documents/etl_api_twitter/venv/lib/python3.9/site-packages/airflow/example_dags/example_short_circuit_operator.py for tasks to queue
[2023-01-04 08:25:18,632] {logging_mixin.py:115} INFO - [2023-01-04 08:25:18,632] {dagbag.py:507} INFO - Filling up the DagBag from /home/gustavo/Documents/etl_api_twitter/venv/lib/python3.9/site-packages/airflow/example_dags/example_short_circuit_operator.py
[2023-01-04 08:25:18,642] {processor.py:651} INFO - DAG(s) dict_keys(['example_short_circuit_operator']) retrieved from /home/gustavo/Documents/etl_api_twitter/venv/lib/python3.9/site-packages/airflow/example_dags/example_short_circuit_operator.py
[2023-01-04 08:25:18,671] {logging_mixin.py:115} INFO - [2023-01-04 08:25:18,671] {dag.py:2379} INFO - Sync 1 DAGs
[2023-01-04 08:25:18,696] {logging_mixin.py:115} INFO - [2023-01-04 08:25:18,696] {dag.py:2927} INFO - Setting next_dagrun for example_short_circuit_operator to 2023-01-03T11:25:18.696217+00:00, run_after=2023-01-04T11:25:18.696217+00:00
[2023-01-04 08:25:18,719] {processor.py:161} INFO - Processing /home/gustavo/Documents/etl_api_twitter/venv/lib/python3.9/site-packages/airflow/example_dags/example_short_circuit_operator.py took 0.090 seconds
[2023-01-04 08:25:57,358] {processor.py:153} INFO - Started process (PID=8439) to work on /home/gustavo/Documents/etl_api_twitter/venv/lib/python3.9/site-packages/airflow/example_dags/example_short_circuit_operator.py
[2023-01-04 08:25:57,360] {processor.py:641} INFO - Processing file /home/gustavo/Documents/etl_api_twitter/venv/lib/python3.9/site-packages/airflow/example_dags/example_short_circuit_operator.py for tasks to queue
[2023-01-04 08:25:57,362] {logging_mixin.py:115} INFO - [2023-01-04 08:25:57,361] {dagbag.py:507} INFO - Filling up the DagBag from /home/gustavo/Documents/etl_api_twitter/venv/lib/python3.9/site-packages/airflow/example_dags/example_short_circuit_operator.py
[2023-01-04 08:25:57,377] {processor.py:651} INFO - DAG(s) dict_keys(['example_short_circuit_operator']) retrieved from /home/gustavo/Documents/etl_api_twitter/venv/lib/python3.9/site-packages/airflow/example_dags/example_short_circuit_operator.py
[2023-01-04 08:25:57,402] {logging_mixin.py:115} INFO - [2023-01-04 08:25:57,402] {dag.py:2379} INFO - Sync 1 DAGs
[2023-01-04 08:25:57,429] {logging_mixin.py:115} INFO - [2023-01-04 08:25:57,429] {dag.py:2927} INFO - Setting next_dagrun for example_short_circuit_operator to 2023-01-03T11:25:57.428929+00:00, run_after=2023-01-04T11:25:57.428929+00:00
[2023-01-04 08:25:57,452] {processor.py:161} INFO - Processing /home/gustavo/Documents/etl_api_twitter/venv/lib/python3.9/site-packages/airflow/example_dags/example_short_circuit_operator.py took 0.101 seconds
[2023-01-04 08:26:34,736] {processor.py:153} INFO - Started process (PID=8645) to work on /home/gustavo/Documents/etl_api_twitter/venv/lib/python3.9/site-packages/airflow/example_dags/example_short_circuit_operator.py
[2023-01-04 08:26:34,737] {processor.py:641} INFO - Processing file /home/gustavo/Documents/etl_api_twitter/venv/lib/python3.9/site-packages/airflow/example_dags/example_short_circuit_operator.py for tasks to queue
[2023-01-04 08:26:34,737] {logging_mixin.py:115} INFO - [2023-01-04 08:26:34,737] {dagbag.py:507} INFO - Filling up the DagBag from /home/gustavo/Documents/etl_api_twitter/venv/lib/python3.9/site-packages/airflow/example_dags/example_short_circuit_operator.py
[2023-01-04 08:26:34,743] {processor.py:651} INFO - DAG(s) dict_keys(['example_short_circuit_operator']) retrieved from /home/gustavo/Documents/etl_api_twitter/venv/lib/python3.9/site-packages/airflow/example_dags/example_short_circuit_operator.py
[2023-01-04 08:26:34,757] {logging_mixin.py:115} INFO - [2023-01-04 08:26:34,757] {dag.py:2379} INFO - Sync 1 DAGs
[2023-01-04 08:26:34,771] {logging_mixin.py:115} INFO - [2023-01-04 08:26:34,771] {dag.py:2927} INFO - Setting next_dagrun for example_short_circuit_operator to 2023-01-03T11:26:34.770820+00:00, run_after=2023-01-04T11:26:34.770820+00:00
[2023-01-04 08:26:34,781] {processor.py:161} INFO - Processing /home/gustavo/Documents/etl_api_twitter/venv/lib/python3.9/site-packages/airflow/example_dags/example_short_circuit_operator.py took 0.048 seconds
[2023-01-04 08:27:09,467] {processor.py:153} INFO - Started process (PID=8855) to work on /home/gustavo/Documents/etl_api_twitter/venv/lib/python3.9/site-packages/airflow/example_dags/example_short_circuit_operator.py
[2023-01-04 08:27:09,469] {processor.py:641} INFO - Processing file /home/gustavo/Documents/etl_api_twitter/venv/lib/python3.9/site-packages/airflow/example_dags/example_short_circuit_operator.py for tasks to queue
[2023-01-04 08:27:09,471] {logging_mixin.py:115} INFO - [2023-01-04 08:27:09,470] {dagbag.py:507} INFO - Filling up the DagBag from /home/gustavo/Documents/etl_api_twitter/venv/lib/python3.9/site-packages/airflow/example_dags/example_short_circuit_operator.py
[2023-01-04 08:27:09,490] {processor.py:651} INFO - DAG(s) dict_keys(['example_short_circuit_operator']) retrieved from /home/gustavo/Documents/etl_api_twitter/venv/lib/python3.9/site-packages/airflow/example_dags/example_short_circuit_operator.py
[2023-01-04 08:27:09,526] {logging_mixin.py:115} INFO - [2023-01-04 08:27:09,526] {dag.py:2379} INFO - Sync 1 DAGs
[2023-01-04 08:27:09,559] {logging_mixin.py:115} INFO - [2023-01-04 08:27:09,558] {dag.py:2927} INFO - Setting next_dagrun for example_short_circuit_operator to 2023-01-03T11:27:09.558122+00:00, run_after=2023-01-04T11:27:09.558122+00:00
[2023-01-04 08:27:09,575] {processor.py:161} INFO - Processing /home/gustavo/Documents/etl_api_twitter/venv/lib/python3.9/site-packages/airflow/example_dags/example_short_circuit_operator.py took 0.115 seconds
[2023-01-04 08:27:45,884] {processor.py:153} INFO - Started process (PID=9070) to work on /home/gustavo/Documents/etl_api_twitter/venv/lib/python3.9/site-packages/airflow/example_dags/example_short_circuit_operator.py
[2023-01-04 08:27:45,885] {processor.py:641} INFO - Processing file /home/gustavo/Documents/etl_api_twitter/venv/lib/python3.9/site-packages/airflow/example_dags/example_short_circuit_operator.py for tasks to queue
[2023-01-04 08:27:45,887] {logging_mixin.py:115} INFO - [2023-01-04 08:27:45,886] {dagbag.py:507} INFO - Filling up the DagBag from /home/gustavo/Documents/etl_api_twitter/venv/lib/python3.9/site-packages/airflow/example_dags/example_short_circuit_operator.py
[2023-01-04 08:27:45,902] {processor.py:651} INFO - DAG(s) dict_keys(['example_short_circuit_operator']) retrieved from /home/gustavo/Documents/etl_api_twitter/venv/lib/python3.9/site-packages/airflow/example_dags/example_short_circuit_operator.py
[2023-01-04 08:27:45,919] {logging_mixin.py:115} INFO - [2023-01-04 08:27:45,919] {dag.py:2379} INFO - Sync 1 DAGs
[2023-01-04 08:27:45,933] {logging_mixin.py:115} INFO - [2023-01-04 08:27:45,933] {dag.py:2927} INFO - Setting next_dagrun for example_short_circuit_operator to 2023-01-03T11:27:45.932909+00:00, run_after=2023-01-04T11:27:45.932909+00:00
[2023-01-04 08:27:45,942] {processor.py:161} INFO - Processing /home/gustavo/Documents/etl_api_twitter/venv/lib/python3.9/site-packages/airflow/example_dags/example_short_circuit_operator.py took 0.061 seconds
