[2023-01-04 08:00:43,851] {processor.py:153} INFO - Started process (PID=28119) to work on /home/gustavo/Documents/etl_api_twitter/venv/lib/python3.9/site-packages/airflow/example_dags/tutorial_taskflow_api_etl_virtualenv.py
[2023-01-04 08:00:43,852] {processor.py:641} INFO - Processing file /home/gustavo/Documents/etl_api_twitter/venv/lib/python3.9/site-packages/airflow/example_dags/tutorial_taskflow_api_etl_virtualenv.py for tasks to queue
[2023-01-04 08:00:43,853] {logging_mixin.py:115} INFO - [2023-01-04 08:00:43,853] {dagbag.py:507} INFO - Filling up the DagBag from /home/gustavo/Documents/etl_api_twitter/venv/lib/python3.9/site-packages/airflow/example_dags/tutorial_taskflow_api_etl_virtualenv.py
[2023-01-04 08:00:43,873] {logging_mixin.py:115} INFO - [2023-01-04 08:00:43,873] {tutorial_taskflow_api_etl_virtualenv.py:29} WARNING - The tutorial_taskflow_api_etl_virtualenv example DAG requires virtualenv, please install it.
[2023-01-04 08:00:43,873] {processor.py:653} WARNING - No viable dags retrieved from /home/gustavo/Documents/etl_api_twitter/venv/lib/python3.9/site-packages/airflow/example_dags/tutorial_taskflow_api_etl_virtualenv.py
[2023-01-04 08:00:43,897] {processor.py:161} INFO - Processing /home/gustavo/Documents/etl_api_twitter/venv/lib/python3.9/site-packages/airflow/example_dags/tutorial_taskflow_api_etl_virtualenv.py took 0.052 seconds
[2023-01-04 08:01:26,334] {processor.py:153} INFO - Started process (PID=28423) to work on /home/gustavo/Documents/etl_api_twitter/venv/lib/python3.9/site-packages/airflow/example_dags/tutorial_taskflow_api_etl_virtualenv.py
[2023-01-04 08:01:26,336] {processor.py:641} INFO - Processing file /home/gustavo/Documents/etl_api_twitter/venv/lib/python3.9/site-packages/airflow/example_dags/tutorial_taskflow_api_etl_virtualenv.py for tasks to queue
[2023-01-04 08:01:26,336] {logging_mixin.py:115} INFO - [2023-01-04 08:01:26,336] {dagbag.py:507} INFO - Filling up the DagBag from /home/gustavo/Documents/etl_api_twitter/venv/lib/python3.9/site-packages/airflow/example_dags/tutorial_taskflow_api_etl_virtualenv.py
[2023-01-04 08:01:26,361] {logging_mixin.py:115} INFO - [2023-01-04 08:01:26,361] {tutorial_taskflow_api_etl_virtualenv.py:29} WARNING - The tutorial_taskflow_api_etl_virtualenv example DAG requires virtualenv, please install it.
[2023-01-04 08:01:26,361] {processor.py:653} WARNING - No viable dags retrieved from /home/gustavo/Documents/etl_api_twitter/venv/lib/python3.9/site-packages/airflow/example_dags/tutorial_taskflow_api_etl_virtualenv.py
[2023-01-04 08:01:26,377] {processor.py:161} INFO - Processing /home/gustavo/Documents/etl_api_twitter/venv/lib/python3.9/site-packages/airflow/example_dags/tutorial_taskflow_api_etl_virtualenv.py took 0.046 seconds
[2023-01-04 08:02:01,427] {processor.py:153} INFO - Started process (PID=28632) to work on /home/gustavo/Documents/etl_api_twitter/venv/lib/python3.9/site-packages/airflow/example_dags/tutorial_taskflow_api_etl_virtualenv.py
[2023-01-04 08:02:01,436] {processor.py:641} INFO - Processing file /home/gustavo/Documents/etl_api_twitter/venv/lib/python3.9/site-packages/airflow/example_dags/tutorial_taskflow_api_etl_virtualenv.py for tasks to queue
[2023-01-04 08:02:01,437] {logging_mixin.py:115} INFO - [2023-01-04 08:02:01,437] {dagbag.py:507} INFO - Filling up the DagBag from /home/gustavo/Documents/etl_api_twitter/venv/lib/python3.9/site-packages/airflow/example_dags/tutorial_taskflow_api_etl_virtualenv.py
[2023-01-04 08:02:01,464] {logging_mixin.py:115} INFO - [2023-01-04 08:02:01,464] {tutorial_taskflow_api_etl_virtualenv.py:29} WARNING - The tutorial_taskflow_api_etl_virtualenv example DAG requires virtualenv, please install it.
[2023-01-04 08:02:01,464] {processor.py:653} WARNING - No viable dags retrieved from /home/gustavo/Documents/etl_api_twitter/venv/lib/python3.9/site-packages/airflow/example_dags/tutorial_taskflow_api_etl_virtualenv.py
[2023-01-04 08:02:01,497] {processor.py:161} INFO - Processing /home/gustavo/Documents/etl_api_twitter/venv/lib/python3.9/site-packages/airflow/example_dags/tutorial_taskflow_api_etl_virtualenv.py took 0.077 seconds
[2023-01-04 08:10:35,286] {processor.py:153} INFO - Started process (PID=3281) to work on /home/gustavo/Documents/etl_api_twitter/venv/lib/python3.9/site-packages/airflow/example_dags/tutorial_taskflow_api_etl_virtualenv.py
[2023-01-04 08:10:35,294] {processor.py:641} INFO - Processing file /home/gustavo/Documents/etl_api_twitter/venv/lib/python3.9/site-packages/airflow/example_dags/tutorial_taskflow_api_etl_virtualenv.py for tasks to queue
[2023-01-04 08:10:35,298] {logging_mixin.py:115} INFO - [2023-01-04 08:10:35,297] {dagbag.py:507} INFO - Filling up the DagBag from /home/gustavo/Documents/etl_api_twitter/venv/lib/python3.9/site-packages/airflow/example_dags/tutorial_taskflow_api_etl_virtualenv.py
[2023-01-04 08:10:35,470] {logging_mixin.py:115} INFO - [2023-01-04 08:10:35,470] {tutorial_taskflow_api_etl_virtualenv.py:29} WARNING - The tutorial_taskflow_api_etl_virtualenv example DAG requires virtualenv, please install it.
[2023-01-04 08:10:35,470] {processor.py:653} WARNING - No viable dags retrieved from /home/gustavo/Documents/etl_api_twitter/venv/lib/python3.9/site-packages/airflow/example_dags/tutorial_taskflow_api_etl_virtualenv.py
[2023-01-04 08:10:35,615] {processor.py:161} INFO - Processing /home/gustavo/Documents/etl_api_twitter/venv/lib/python3.9/site-packages/airflow/example_dags/tutorial_taskflow_api_etl_virtualenv.py took 0.395 seconds
[2023-01-04 08:11:14,281] {processor.py:153} INFO - Started process (PID=3924) to work on /home/gustavo/Documents/etl_api_twitter/venv/lib/python3.9/site-packages/airflow/example_dags/tutorial_taskflow_api_etl_virtualenv.py
[2023-01-04 08:11:14,282] {processor.py:641} INFO - Processing file /home/gustavo/Documents/etl_api_twitter/venv/lib/python3.9/site-packages/airflow/example_dags/tutorial_taskflow_api_etl_virtualenv.py for tasks to queue
[2023-01-04 08:11:14,283] {logging_mixin.py:115} INFO - [2023-01-04 08:11:14,283] {dagbag.py:507} INFO - Filling up the DagBag from /home/gustavo/Documents/etl_api_twitter/venv/lib/python3.9/site-packages/airflow/example_dags/tutorial_taskflow_api_etl_virtualenv.py
[2023-01-04 08:11:14,310] {logging_mixin.py:115} INFO - [2023-01-04 08:11:14,309] {tutorial_taskflow_api_etl_virtualenv.py:29} WARNING - The tutorial_taskflow_api_etl_virtualenv example DAG requires virtualenv, please install it.
[2023-01-04 08:11:14,310] {processor.py:653} WARNING - No viable dags retrieved from /home/gustavo/Documents/etl_api_twitter/venv/lib/python3.9/site-packages/airflow/example_dags/tutorial_taskflow_api_etl_virtualenv.py
[2023-01-04 08:11:14,321] {processor.py:161} INFO - Processing /home/gustavo/Documents/etl_api_twitter/venv/lib/python3.9/site-packages/airflow/example_dags/tutorial_taskflow_api_etl_virtualenv.py took 0.042 seconds
[2023-01-04 08:11:49,089] {processor.py:153} INFO - Started process (PID=4066) to work on /home/gustavo/Documents/etl_api_twitter/venv/lib/python3.9/site-packages/airflow/example_dags/tutorial_taskflow_api_etl_virtualenv.py
[2023-01-04 08:11:49,090] {processor.py:641} INFO - Processing file /home/gustavo/Documents/etl_api_twitter/venv/lib/python3.9/site-packages/airflow/example_dags/tutorial_taskflow_api_etl_virtualenv.py for tasks to queue
[2023-01-04 08:11:49,090] {logging_mixin.py:115} INFO - [2023-01-04 08:11:49,090] {dagbag.py:507} INFO - Filling up the DagBag from /home/gustavo/Documents/etl_api_twitter/venv/lib/python3.9/site-packages/airflow/example_dags/tutorial_taskflow_api_etl_virtualenv.py
[2023-01-04 08:11:49,102] {logging_mixin.py:115} INFO - [2023-01-04 08:11:49,101] {tutorial_taskflow_api_etl_virtualenv.py:29} WARNING - The tutorial_taskflow_api_etl_virtualenv example DAG requires virtualenv, please install it.
[2023-01-04 08:11:49,102] {processor.py:653} WARNING - No viable dags retrieved from /home/gustavo/Documents/etl_api_twitter/venv/lib/python3.9/site-packages/airflow/example_dags/tutorial_taskflow_api_etl_virtualenv.py
[2023-01-04 08:11:49,127] {processor.py:161} INFO - Processing /home/gustavo/Documents/etl_api_twitter/venv/lib/python3.9/site-packages/airflow/example_dags/tutorial_taskflow_api_etl_virtualenv.py took 0.044 seconds
[2023-01-04 08:12:19,207] {processor.py:153} INFO - Started process (PID=4158) to work on /home/gustavo/Documents/etl_api_twitter/venv/lib/python3.9/site-packages/airflow/example_dags/tutorial_taskflow_api_etl_virtualenv.py
[2023-01-04 08:12:19,208] {processor.py:641} INFO - Processing file /home/gustavo/Documents/etl_api_twitter/venv/lib/python3.9/site-packages/airflow/example_dags/tutorial_taskflow_api_etl_virtualenv.py for tasks to queue
[2023-01-04 08:12:19,208] {logging_mixin.py:115} INFO - [2023-01-04 08:12:19,208] {dagbag.py:507} INFO - Filling up the DagBag from /home/gustavo/Documents/etl_api_twitter/venv/lib/python3.9/site-packages/airflow/example_dags/tutorial_taskflow_api_etl_virtualenv.py
[2023-01-04 08:12:19,225] {logging_mixin.py:115} INFO - [2023-01-04 08:12:19,224] {tutorial_taskflow_api_etl_virtualenv.py:29} WARNING - The tutorial_taskflow_api_etl_virtualenv example DAG requires virtualenv, please install it.
[2023-01-04 08:12:19,225] {processor.py:653} WARNING - No viable dags retrieved from /home/gustavo/Documents/etl_api_twitter/venv/lib/python3.9/site-packages/airflow/example_dags/tutorial_taskflow_api_etl_virtualenv.py
[2023-01-04 08:12:19,234] {processor.py:161} INFO - Processing /home/gustavo/Documents/etl_api_twitter/venv/lib/python3.9/site-packages/airflow/example_dags/tutorial_taskflow_api_etl_virtualenv.py took 0.030 seconds
[2023-01-04 08:12:51,940] {processor.py:153} INFO - Started process (PID=4199) to work on /home/gustavo/Documents/etl_api_twitter/venv/lib/python3.9/site-packages/airflow/example_dags/tutorial_taskflow_api_etl_virtualenv.py
[2023-01-04 08:12:51,941] {processor.py:641} INFO - Processing file /home/gustavo/Documents/etl_api_twitter/venv/lib/python3.9/site-packages/airflow/example_dags/tutorial_taskflow_api_etl_virtualenv.py for tasks to queue
[2023-01-04 08:12:51,942] {logging_mixin.py:115} INFO - [2023-01-04 08:12:51,942] {dagbag.py:507} INFO - Filling up the DagBag from /home/gustavo/Documents/etl_api_twitter/venv/lib/python3.9/site-packages/airflow/example_dags/tutorial_taskflow_api_etl_virtualenv.py
[2023-01-04 08:12:51,973] {logging_mixin.py:115} INFO - [2023-01-04 08:12:51,973] {tutorial_taskflow_api_etl_virtualenv.py:29} WARNING - The tutorial_taskflow_api_etl_virtualenv example DAG requires virtualenv, please install it.
[2023-01-04 08:12:51,974] {processor.py:653} WARNING - No viable dags retrieved from /home/gustavo/Documents/etl_api_twitter/venv/lib/python3.9/site-packages/airflow/example_dags/tutorial_taskflow_api_etl_virtualenv.py
[2023-01-04 08:12:51,996] {processor.py:161} INFO - Processing /home/gustavo/Documents/etl_api_twitter/venv/lib/python3.9/site-packages/airflow/example_dags/tutorial_taskflow_api_etl_virtualenv.py took 0.063 seconds
[2023-01-04 08:13:23,861] {processor.py:153} INFO - Started process (PID=4232) to work on /home/gustavo/Documents/etl_api_twitter/venv/lib/python3.9/site-packages/airflow/example_dags/tutorial_taskflow_api_etl_virtualenv.py
[2023-01-04 08:13:23,863] {processor.py:641} INFO - Processing file /home/gustavo/Documents/etl_api_twitter/venv/lib/python3.9/site-packages/airflow/example_dags/tutorial_taskflow_api_etl_virtualenv.py for tasks to queue
[2023-01-04 08:13:23,864] {logging_mixin.py:115} INFO - [2023-01-04 08:13:23,864] {dagbag.py:507} INFO - Filling up the DagBag from /home/gustavo/Documents/etl_api_twitter/venv/lib/python3.9/site-packages/airflow/example_dags/tutorial_taskflow_api_etl_virtualenv.py
[2023-01-04 08:13:23,891] {logging_mixin.py:115} INFO - [2023-01-04 08:13:23,891] {tutorial_taskflow_api_etl_virtualenv.py:29} WARNING - The tutorial_taskflow_api_etl_virtualenv example DAG requires virtualenv, please install it.
[2023-01-04 08:13:23,891] {processor.py:653} WARNING - No viable dags retrieved from /home/gustavo/Documents/etl_api_twitter/venv/lib/python3.9/site-packages/airflow/example_dags/tutorial_taskflow_api_etl_virtualenv.py
[2023-01-04 08:13:23,910] {processor.py:161} INFO - Processing /home/gustavo/Documents/etl_api_twitter/venv/lib/python3.9/site-packages/airflow/example_dags/tutorial_taskflow_api_etl_virtualenv.py took 0.055 seconds
[2023-01-04 08:13:54,016] {processor.py:153} INFO - Started process (PID=4264) to work on /home/gustavo/Documents/etl_api_twitter/venv/lib/python3.9/site-packages/airflow/example_dags/tutorial_taskflow_api_etl_virtualenv.py
[2023-01-04 08:13:54,018] {processor.py:641} INFO - Processing file /home/gustavo/Documents/etl_api_twitter/venv/lib/python3.9/site-packages/airflow/example_dags/tutorial_taskflow_api_etl_virtualenv.py for tasks to queue
[2023-01-04 08:13:54,019] {logging_mixin.py:115} INFO - [2023-01-04 08:13:54,019] {dagbag.py:507} INFO - Filling up the DagBag from /home/gustavo/Documents/etl_api_twitter/venv/lib/python3.9/site-packages/airflow/example_dags/tutorial_taskflow_api_etl_virtualenv.py
[2023-01-04 08:13:54,044] {logging_mixin.py:115} INFO - [2023-01-04 08:13:54,044] {tutorial_taskflow_api_etl_virtualenv.py:29} WARNING - The tutorial_taskflow_api_etl_virtualenv example DAG requires virtualenv, please install it.
[2023-01-04 08:13:54,045] {processor.py:653} WARNING - No viable dags retrieved from /home/gustavo/Documents/etl_api_twitter/venv/lib/python3.9/site-packages/airflow/example_dags/tutorial_taskflow_api_etl_virtualenv.py
[2023-01-04 08:13:54,054] {processor.py:161} INFO - Processing /home/gustavo/Documents/etl_api_twitter/venv/lib/python3.9/site-packages/airflow/example_dags/tutorial_taskflow_api_etl_virtualenv.py took 0.044 seconds
[2023-01-04 08:14:25,303] {processor.py:153} INFO - Started process (PID=4356) to work on /home/gustavo/Documents/etl_api_twitter/venv/lib/python3.9/site-packages/airflow/example_dags/tutorial_taskflow_api_etl_virtualenv.py
[2023-01-04 08:14:25,304] {processor.py:641} INFO - Processing file /home/gustavo/Documents/etl_api_twitter/venv/lib/python3.9/site-packages/airflow/example_dags/tutorial_taskflow_api_etl_virtualenv.py for tasks to queue
[2023-01-04 08:14:25,305] {logging_mixin.py:115} INFO - [2023-01-04 08:14:25,305] {dagbag.py:507} INFO - Filling up the DagBag from /home/gustavo/Documents/etl_api_twitter/venv/lib/python3.9/site-packages/airflow/example_dags/tutorial_taskflow_api_etl_virtualenv.py
[2023-01-04 08:14:25,317] {logging_mixin.py:115} INFO - [2023-01-04 08:14:25,317] {tutorial_taskflow_api_etl_virtualenv.py:29} WARNING - The tutorial_taskflow_api_etl_virtualenv example DAG requires virtualenv, please install it.
[2023-01-04 08:14:25,318] {processor.py:653} WARNING - No viable dags retrieved from /home/gustavo/Documents/etl_api_twitter/venv/lib/python3.9/site-packages/airflow/example_dags/tutorial_taskflow_api_etl_virtualenv.py
[2023-01-04 08:14:25,336] {processor.py:161} INFO - Processing /home/gustavo/Documents/etl_api_twitter/venv/lib/python3.9/site-packages/airflow/example_dags/tutorial_taskflow_api_etl_virtualenv.py took 0.038 seconds
[2023-01-04 08:14:56,418] {processor.py:153} INFO - Started process (PID=4439) to work on /home/gustavo/Documents/etl_api_twitter/venv/lib/python3.9/site-packages/airflow/example_dags/tutorial_taskflow_api_etl_virtualenv.py
[2023-01-04 08:14:56,419] {processor.py:641} INFO - Processing file /home/gustavo/Documents/etl_api_twitter/venv/lib/python3.9/site-packages/airflow/example_dags/tutorial_taskflow_api_etl_virtualenv.py for tasks to queue
[2023-01-04 08:14:56,420] {logging_mixin.py:115} INFO - [2023-01-04 08:14:56,419] {dagbag.py:507} INFO - Filling up the DagBag from /home/gustavo/Documents/etl_api_twitter/venv/lib/python3.9/site-packages/airflow/example_dags/tutorial_taskflow_api_etl_virtualenv.py
[2023-01-04 08:14:56,431] {logging_mixin.py:115} INFO - [2023-01-04 08:14:56,431] {tutorial_taskflow_api_etl_virtualenv.py:29} WARNING - The tutorial_taskflow_api_etl_virtualenv example DAG requires virtualenv, please install it.
[2023-01-04 08:14:56,432] {processor.py:653} WARNING - No viable dags retrieved from /home/gustavo/Documents/etl_api_twitter/venv/lib/python3.9/site-packages/airflow/example_dags/tutorial_taskflow_api_etl_virtualenv.py
[2023-01-04 08:14:56,441] {processor.py:161} INFO - Processing /home/gustavo/Documents/etl_api_twitter/venv/lib/python3.9/site-packages/airflow/example_dags/tutorial_taskflow_api_etl_virtualenv.py took 0.026 seconds
[2023-01-04 08:15:28,543] {processor.py:153} INFO - Started process (PID=4622) to work on /home/gustavo/Documents/etl_api_twitter/venv/lib/python3.9/site-packages/airflow/example_dags/tutorial_taskflow_api_etl_virtualenv.py
[2023-01-04 08:15:28,545] {processor.py:641} INFO - Processing file /home/gustavo/Documents/etl_api_twitter/venv/lib/python3.9/site-packages/airflow/example_dags/tutorial_taskflow_api_etl_virtualenv.py for tasks to queue
[2023-01-04 08:15:28,546] {logging_mixin.py:115} INFO - [2023-01-04 08:15:28,546] {dagbag.py:507} INFO - Filling up the DagBag from /home/gustavo/Documents/etl_api_twitter/venv/lib/python3.9/site-packages/airflow/example_dags/tutorial_taskflow_api_etl_virtualenv.py
[2023-01-04 08:15:28,559] {logging_mixin.py:115} INFO - [2023-01-04 08:15:28,559] {tutorial_taskflow_api_etl_virtualenv.py:29} WARNING - The tutorial_taskflow_api_etl_virtualenv example DAG requires virtualenv, please install it.
[2023-01-04 08:15:28,559] {processor.py:653} WARNING - No viable dags retrieved from /home/gustavo/Documents/etl_api_twitter/venv/lib/python3.9/site-packages/airflow/example_dags/tutorial_taskflow_api_etl_virtualenv.py
[2023-01-04 08:15:28,574] {processor.py:161} INFO - Processing /home/gustavo/Documents/etl_api_twitter/venv/lib/python3.9/site-packages/airflow/example_dags/tutorial_taskflow_api_etl_virtualenv.py took 0.037 seconds
[2023-01-04 08:16:00,285] {processor.py:153} INFO - Started process (PID=4865) to work on /home/gustavo/Documents/etl_api_twitter/venv/lib/python3.9/site-packages/airflow/example_dags/tutorial_taskflow_api_etl_virtualenv.py
[2023-01-04 08:16:00,286] {processor.py:641} INFO - Processing file /home/gustavo/Documents/etl_api_twitter/venv/lib/python3.9/site-packages/airflow/example_dags/tutorial_taskflow_api_etl_virtualenv.py for tasks to queue
[2023-01-04 08:16:00,286] {logging_mixin.py:115} INFO - [2023-01-04 08:16:00,286] {dagbag.py:507} INFO - Filling up the DagBag from /home/gustavo/Documents/etl_api_twitter/venv/lib/python3.9/site-packages/airflow/example_dags/tutorial_taskflow_api_etl_virtualenv.py
[2023-01-04 08:16:00,303] {logging_mixin.py:115} INFO - [2023-01-04 08:16:00,303] {tutorial_taskflow_api_etl_virtualenv.py:29} WARNING - The tutorial_taskflow_api_etl_virtualenv example DAG requires virtualenv, please install it.
[2023-01-04 08:16:00,303] {processor.py:653} WARNING - No viable dags retrieved from /home/gustavo/Documents/etl_api_twitter/venv/lib/python3.9/site-packages/airflow/example_dags/tutorial_taskflow_api_etl_virtualenv.py
[2023-01-04 08:16:00,317] {processor.py:161} INFO - Processing /home/gustavo/Documents/etl_api_twitter/venv/lib/python3.9/site-packages/airflow/example_dags/tutorial_taskflow_api_etl_virtualenv.py took 0.034 seconds
[2023-01-04 08:16:31,283] {processor.py:153} INFO - Started process (PID=5043) to work on /home/gustavo/Documents/etl_api_twitter/venv/lib/python3.9/site-packages/airflow/example_dags/tutorial_taskflow_api_etl_virtualenv.py
[2023-01-04 08:16:31,285] {processor.py:641} INFO - Processing file /home/gustavo/Documents/etl_api_twitter/venv/lib/python3.9/site-packages/airflow/example_dags/tutorial_taskflow_api_etl_virtualenv.py for tasks to queue
[2023-01-04 08:16:31,286] {logging_mixin.py:115} INFO - [2023-01-04 08:16:31,286] {dagbag.py:507} INFO - Filling up the DagBag from /home/gustavo/Documents/etl_api_twitter/venv/lib/python3.9/site-packages/airflow/example_dags/tutorial_taskflow_api_etl_virtualenv.py
[2023-01-04 08:16:31,312] {logging_mixin.py:115} INFO - [2023-01-04 08:16:31,312] {tutorial_taskflow_api_etl_virtualenv.py:29} WARNING - The tutorial_taskflow_api_etl_virtualenv example DAG requires virtualenv, please install it.
[2023-01-04 08:16:31,312] {processor.py:653} WARNING - No viable dags retrieved from /home/gustavo/Documents/etl_api_twitter/venv/lib/python3.9/site-packages/airflow/example_dags/tutorial_taskflow_api_etl_virtualenv.py
[2023-01-04 08:16:31,331] {processor.py:161} INFO - Processing /home/gustavo/Documents/etl_api_twitter/venv/lib/python3.9/site-packages/airflow/example_dags/tutorial_taskflow_api_etl_virtualenv.py took 0.056 seconds
[2023-01-04 08:17:05,675] {processor.py:153} INFO - Started process (PID=5250) to work on /home/gustavo/Documents/etl_api_twitter/venv/lib/python3.9/site-packages/airflow/example_dags/tutorial_taskflow_api_etl_virtualenv.py
[2023-01-04 08:17:05,676] {processor.py:641} INFO - Processing file /home/gustavo/Documents/etl_api_twitter/venv/lib/python3.9/site-packages/airflow/example_dags/tutorial_taskflow_api_etl_virtualenv.py for tasks to queue
[2023-01-04 08:17:05,676] {logging_mixin.py:115} INFO - [2023-01-04 08:17:05,676] {dagbag.py:507} INFO - Filling up the DagBag from /home/gustavo/Documents/etl_api_twitter/venv/lib/python3.9/site-packages/airflow/example_dags/tutorial_taskflow_api_etl_virtualenv.py
[2023-01-04 08:17:05,691] {logging_mixin.py:115} INFO - [2023-01-04 08:17:05,691] {tutorial_taskflow_api_etl_virtualenv.py:29} WARNING - The tutorial_taskflow_api_etl_virtualenv example DAG requires virtualenv, please install it.
[2023-01-04 08:17:05,691] {processor.py:653} WARNING - No viable dags retrieved from /home/gustavo/Documents/etl_api_twitter/venv/lib/python3.9/site-packages/airflow/example_dags/tutorial_taskflow_api_etl_virtualenv.py
[2023-01-04 08:17:05,700] {processor.py:161} INFO - Processing /home/gustavo/Documents/etl_api_twitter/venv/lib/python3.9/site-packages/airflow/example_dags/tutorial_taskflow_api_etl_virtualenv.py took 0.030 seconds
[2023-01-04 08:17:37,270] {processor.py:153} INFO - Started process (PID=5429) to work on /home/gustavo/Documents/etl_api_twitter/venv/lib/python3.9/site-packages/airflow/example_dags/tutorial_taskflow_api_etl_virtualenv.py
[2023-01-04 08:17:37,273] {processor.py:641} INFO - Processing file /home/gustavo/Documents/etl_api_twitter/venv/lib/python3.9/site-packages/airflow/example_dags/tutorial_taskflow_api_etl_virtualenv.py for tasks to queue
[2023-01-04 08:17:37,275] {logging_mixin.py:115} INFO - [2023-01-04 08:17:37,274] {dagbag.py:507} INFO - Filling up the DagBag from /home/gustavo/Documents/etl_api_twitter/venv/lib/python3.9/site-packages/airflow/example_dags/tutorial_taskflow_api_etl_virtualenv.py
[2023-01-04 08:17:37,288] {logging_mixin.py:115} INFO - [2023-01-04 08:17:37,288] {tutorial_taskflow_api_etl_virtualenv.py:29} WARNING - The tutorial_taskflow_api_etl_virtualenv example DAG requires virtualenv, please install it.
[2023-01-04 08:17:37,289] {processor.py:653} WARNING - No viable dags retrieved from /home/gustavo/Documents/etl_api_twitter/venv/lib/python3.9/site-packages/airflow/example_dags/tutorial_taskflow_api_etl_virtualenv.py
[2023-01-04 08:17:37,298] {processor.py:161} INFO - Processing /home/gustavo/Documents/etl_api_twitter/venv/lib/python3.9/site-packages/airflow/example_dags/tutorial_taskflow_api_etl_virtualenv.py took 0.035 seconds
[2023-01-04 08:18:09,301] {processor.py:153} INFO - Started process (PID=5613) to work on /home/gustavo/Documents/etl_api_twitter/venv/lib/python3.9/site-packages/airflow/example_dags/tutorial_taskflow_api_etl_virtualenv.py
[2023-01-04 08:18:09,302] {processor.py:641} INFO - Processing file /home/gustavo/Documents/etl_api_twitter/venv/lib/python3.9/site-packages/airflow/example_dags/tutorial_taskflow_api_etl_virtualenv.py for tasks to queue
[2023-01-04 08:18:09,303] {logging_mixin.py:115} INFO - [2023-01-04 08:18:09,302] {dagbag.py:507} INFO - Filling up the DagBag from /home/gustavo/Documents/etl_api_twitter/venv/lib/python3.9/site-packages/airflow/example_dags/tutorial_taskflow_api_etl_virtualenv.py
[2023-01-04 08:18:09,322] {logging_mixin.py:115} INFO - [2023-01-04 08:18:09,322] {tutorial_taskflow_api_etl_virtualenv.py:29} WARNING - The tutorial_taskflow_api_etl_virtualenv example DAG requires virtualenv, please install it.
[2023-01-04 08:18:09,322] {processor.py:653} WARNING - No viable dags retrieved from /home/gustavo/Documents/etl_api_twitter/venv/lib/python3.9/site-packages/airflow/example_dags/tutorial_taskflow_api_etl_virtualenv.py
[2023-01-04 08:18:09,337] {processor.py:161} INFO - Processing /home/gustavo/Documents/etl_api_twitter/venv/lib/python3.9/site-packages/airflow/example_dags/tutorial_taskflow_api_etl_virtualenv.py took 0.042 seconds
[2023-01-04 08:18:42,657] {processor.py:153} INFO - Started process (PID=5817) to work on /home/gustavo/Documents/etl_api_twitter/venv/lib/python3.9/site-packages/airflow/example_dags/tutorial_taskflow_api_etl_virtualenv.py
[2023-01-04 08:18:42,660] {processor.py:641} INFO - Processing file /home/gustavo/Documents/etl_api_twitter/venv/lib/python3.9/site-packages/airflow/example_dags/tutorial_taskflow_api_etl_virtualenv.py for tasks to queue
[2023-01-04 08:18:42,661] {logging_mixin.py:115} INFO - [2023-01-04 08:18:42,661] {dagbag.py:507} INFO - Filling up the DagBag from /home/gustavo/Documents/etl_api_twitter/venv/lib/python3.9/site-packages/airflow/example_dags/tutorial_taskflow_api_etl_virtualenv.py
[2023-01-04 08:18:42,686] {logging_mixin.py:115} INFO - [2023-01-04 08:18:42,685] {tutorial_taskflow_api_etl_virtualenv.py:29} WARNING - The tutorial_taskflow_api_etl_virtualenv example DAG requires virtualenv, please install it.
[2023-01-04 08:18:42,686] {processor.py:653} WARNING - No viable dags retrieved from /home/gustavo/Documents/etl_api_twitter/venv/lib/python3.9/site-packages/airflow/example_dags/tutorial_taskflow_api_etl_virtualenv.py
[2023-01-04 08:18:42,703] {processor.py:161} INFO - Processing /home/gustavo/Documents/etl_api_twitter/venv/lib/python3.9/site-packages/airflow/example_dags/tutorial_taskflow_api_etl_virtualenv.py took 0.052 seconds
[2023-01-04 08:19:13,066] {processor.py:153} INFO - Started process (PID=5992) to work on /home/gustavo/Documents/etl_api_twitter/venv/lib/python3.9/site-packages/airflow/example_dags/tutorial_taskflow_api_etl_virtualenv.py
[2023-01-04 08:19:13,067] {processor.py:641} INFO - Processing file /home/gustavo/Documents/etl_api_twitter/venv/lib/python3.9/site-packages/airflow/example_dags/tutorial_taskflow_api_etl_virtualenv.py for tasks to queue
[2023-01-04 08:19:13,069] {logging_mixin.py:115} INFO - [2023-01-04 08:19:13,068] {dagbag.py:507} INFO - Filling up the DagBag from /home/gustavo/Documents/etl_api_twitter/venv/lib/python3.9/site-packages/airflow/example_dags/tutorial_taskflow_api_etl_virtualenv.py
[2023-01-04 08:19:13,089] {logging_mixin.py:115} INFO - [2023-01-04 08:19:13,089] {tutorial_taskflow_api_etl_virtualenv.py:29} WARNING - The tutorial_taskflow_api_etl_virtualenv example DAG requires virtualenv, please install it.
[2023-01-04 08:19:13,089] {processor.py:653} WARNING - No viable dags retrieved from /home/gustavo/Documents/etl_api_twitter/venv/lib/python3.9/site-packages/airflow/example_dags/tutorial_taskflow_api_etl_virtualenv.py
[2023-01-04 08:19:13,102] {processor.py:161} INFO - Processing /home/gustavo/Documents/etl_api_twitter/venv/lib/python3.9/site-packages/airflow/example_dags/tutorial_taskflow_api_etl_virtualenv.py took 0.041 seconds
[2023-01-04 08:19:45,877] {processor.py:153} INFO - Started process (PID=6172) to work on /home/gustavo/Documents/etl_api_twitter/venv/lib/python3.9/site-packages/airflow/example_dags/tutorial_taskflow_api_etl_virtualenv.py
[2023-01-04 08:19:45,878] {processor.py:641} INFO - Processing file /home/gustavo/Documents/etl_api_twitter/venv/lib/python3.9/site-packages/airflow/example_dags/tutorial_taskflow_api_etl_virtualenv.py for tasks to queue
[2023-01-04 08:19:45,879] {logging_mixin.py:115} INFO - [2023-01-04 08:19:45,878] {dagbag.py:507} INFO - Filling up the DagBag from /home/gustavo/Documents/etl_api_twitter/venv/lib/python3.9/site-packages/airflow/example_dags/tutorial_taskflow_api_etl_virtualenv.py
[2023-01-04 08:19:45,890] {logging_mixin.py:115} INFO - [2023-01-04 08:19:45,890] {tutorial_taskflow_api_etl_virtualenv.py:29} WARNING - The tutorial_taskflow_api_etl_virtualenv example DAG requires virtualenv, please install it.
[2023-01-04 08:19:45,890] {processor.py:653} WARNING - No viable dags retrieved from /home/gustavo/Documents/etl_api_twitter/venv/lib/python3.9/site-packages/airflow/example_dags/tutorial_taskflow_api_etl_virtualenv.py
[2023-01-04 08:19:45,904] {processor.py:161} INFO - Processing /home/gustavo/Documents/etl_api_twitter/venv/lib/python3.9/site-packages/airflow/example_dags/tutorial_taskflow_api_etl_virtualenv.py took 0.030 seconds
[2023-01-04 08:20:18,870] {processor.py:153} INFO - Started process (PID=6377) to work on /home/gustavo/Documents/etl_api_twitter/venv/lib/python3.9/site-packages/airflow/example_dags/tutorial_taskflow_api_etl_virtualenv.py
[2023-01-04 08:20:18,871] {processor.py:641} INFO - Processing file /home/gustavo/Documents/etl_api_twitter/venv/lib/python3.9/site-packages/airflow/example_dags/tutorial_taskflow_api_etl_virtualenv.py for tasks to queue
[2023-01-04 08:20:18,871] {logging_mixin.py:115} INFO - [2023-01-04 08:20:18,871] {dagbag.py:507} INFO - Filling up the DagBag from /home/gustavo/Documents/etl_api_twitter/venv/lib/python3.9/site-packages/airflow/example_dags/tutorial_taskflow_api_etl_virtualenv.py
[2023-01-04 08:20:18,886] {logging_mixin.py:115} INFO - [2023-01-04 08:20:18,885] {tutorial_taskflow_api_etl_virtualenv.py:29} WARNING - The tutorial_taskflow_api_etl_virtualenv example DAG requires virtualenv, please install it.
[2023-01-04 08:20:18,886] {processor.py:653} WARNING - No viable dags retrieved from /home/gustavo/Documents/etl_api_twitter/venv/lib/python3.9/site-packages/airflow/example_dags/tutorial_taskflow_api_etl_virtualenv.py
[2023-01-04 08:20:18,907] {processor.py:161} INFO - Processing /home/gustavo/Documents/etl_api_twitter/venv/lib/python3.9/site-packages/airflow/example_dags/tutorial_taskflow_api_etl_virtualenv.py took 0.040 seconds
[2023-01-04 08:20:51,611] {processor.py:153} INFO - Started process (PID=6608) to work on /home/gustavo/Documents/etl_api_twitter/venv/lib/python3.9/site-packages/airflow/example_dags/tutorial_taskflow_api_etl_virtualenv.py
[2023-01-04 08:20:51,613] {processor.py:641} INFO - Processing file /home/gustavo/Documents/etl_api_twitter/venv/lib/python3.9/site-packages/airflow/example_dags/tutorial_taskflow_api_etl_virtualenv.py for tasks to queue
[2023-01-04 08:20:51,614] {logging_mixin.py:115} INFO - [2023-01-04 08:20:51,614] {dagbag.py:507} INFO - Filling up the DagBag from /home/gustavo/Documents/etl_api_twitter/venv/lib/python3.9/site-packages/airflow/example_dags/tutorial_taskflow_api_etl_virtualenv.py
[2023-01-04 08:20:51,639] {logging_mixin.py:115} INFO - [2023-01-04 08:20:51,639] {tutorial_taskflow_api_etl_virtualenv.py:29} WARNING - The tutorial_taskflow_api_etl_virtualenv example DAG requires virtualenv, please install it.
[2023-01-04 08:20:51,640] {processor.py:653} WARNING - No viable dags retrieved from /home/gustavo/Documents/etl_api_twitter/venv/lib/python3.9/site-packages/airflow/example_dags/tutorial_taskflow_api_etl_virtualenv.py
[2023-01-04 08:20:51,649] {processor.py:161} INFO - Processing /home/gustavo/Documents/etl_api_twitter/venv/lib/python3.9/site-packages/airflow/example_dags/tutorial_taskflow_api_etl_virtualenv.py took 0.041 seconds
[2023-01-04 08:21:24,776] {processor.py:153} INFO - Started process (PID=6813) to work on /home/gustavo/Documents/etl_api_twitter/venv/lib/python3.9/site-packages/airflow/example_dags/tutorial_taskflow_api_etl_virtualenv.py
[2023-01-04 08:21:24,777] {processor.py:641} INFO - Processing file /home/gustavo/Documents/etl_api_twitter/venv/lib/python3.9/site-packages/airflow/example_dags/tutorial_taskflow_api_etl_virtualenv.py for tasks to queue
[2023-01-04 08:21:24,778] {logging_mixin.py:115} INFO - [2023-01-04 08:21:24,778] {dagbag.py:507} INFO - Filling up the DagBag from /home/gustavo/Documents/etl_api_twitter/venv/lib/python3.9/site-packages/airflow/example_dags/tutorial_taskflow_api_etl_virtualenv.py
[2023-01-04 08:21:24,798] {logging_mixin.py:115} INFO - [2023-01-04 08:21:24,798] {tutorial_taskflow_api_etl_virtualenv.py:29} WARNING - The tutorial_taskflow_api_etl_virtualenv example DAG requires virtualenv, please install it.
[2023-01-04 08:21:24,798] {processor.py:653} WARNING - No viable dags retrieved from /home/gustavo/Documents/etl_api_twitter/venv/lib/python3.9/site-packages/airflow/example_dags/tutorial_taskflow_api_etl_virtualenv.py
[2023-01-04 08:21:24,808] {processor.py:161} INFO - Processing /home/gustavo/Documents/etl_api_twitter/venv/lib/python3.9/site-packages/airflow/example_dags/tutorial_taskflow_api_etl_virtualenv.py took 0.037 seconds
[2023-01-04 08:21:55,051] {processor.py:153} INFO - Started process (PID=6965) to work on /home/gustavo/Documents/etl_api_twitter/venv/lib/python3.9/site-packages/airflow/example_dags/tutorial_taskflow_api_etl_virtualenv.py
[2023-01-04 08:21:55,052] {processor.py:641} INFO - Processing file /home/gustavo/Documents/etl_api_twitter/venv/lib/python3.9/site-packages/airflow/example_dags/tutorial_taskflow_api_etl_virtualenv.py for tasks to queue
[2023-01-04 08:21:55,052] {logging_mixin.py:115} INFO - [2023-01-04 08:21:55,052] {dagbag.py:507} INFO - Filling up the DagBag from /home/gustavo/Documents/etl_api_twitter/venv/lib/python3.9/site-packages/airflow/example_dags/tutorial_taskflow_api_etl_virtualenv.py
[2023-01-04 08:21:55,072] {logging_mixin.py:115} INFO - [2023-01-04 08:21:55,072] {tutorial_taskflow_api_etl_virtualenv.py:29} WARNING - The tutorial_taskflow_api_etl_virtualenv example DAG requires virtualenv, please install it.
[2023-01-04 08:21:55,073] {processor.py:653} WARNING - No viable dags retrieved from /home/gustavo/Documents/etl_api_twitter/venv/lib/python3.9/site-packages/airflow/example_dags/tutorial_taskflow_api_etl_virtualenv.py
[2023-01-04 08:21:55,093] {processor.py:161} INFO - Processing /home/gustavo/Documents/etl_api_twitter/venv/lib/python3.9/site-packages/airflow/example_dags/tutorial_taskflow_api_etl_virtualenv.py took 0.046 seconds
[2023-01-04 08:22:28,647] {processor.py:153} INFO - Started process (PID=7169) to work on /home/gustavo/Documents/etl_api_twitter/venv/lib/python3.9/site-packages/airflow/example_dags/tutorial_taskflow_api_etl_virtualenv.py
[2023-01-04 08:22:28,648] {processor.py:641} INFO - Processing file /home/gustavo/Documents/etl_api_twitter/venv/lib/python3.9/site-packages/airflow/example_dags/tutorial_taskflow_api_etl_virtualenv.py for tasks to queue
[2023-01-04 08:22:28,650] {logging_mixin.py:115} INFO - [2023-01-04 08:22:28,650] {dagbag.py:507} INFO - Filling up the DagBag from /home/gustavo/Documents/etl_api_twitter/venv/lib/python3.9/site-packages/airflow/example_dags/tutorial_taskflow_api_etl_virtualenv.py
[2023-01-04 08:22:28,679] {logging_mixin.py:115} INFO - [2023-01-04 08:22:28,679] {tutorial_taskflow_api_etl_virtualenv.py:29} WARNING - The tutorial_taskflow_api_etl_virtualenv example DAG requires virtualenv, please install it.
[2023-01-04 08:22:28,680] {processor.py:653} WARNING - No viable dags retrieved from /home/gustavo/Documents/etl_api_twitter/venv/lib/python3.9/site-packages/airflow/example_dags/tutorial_taskflow_api_etl_virtualenv.py
[2023-01-04 08:22:28,705] {processor.py:161} INFO - Processing /home/gustavo/Documents/etl_api_twitter/venv/lib/python3.9/site-packages/airflow/example_dags/tutorial_taskflow_api_etl_virtualenv.py took 0.065 seconds
[2023-01-04 08:22:59,632] {processor.py:153} INFO - Started process (PID=7354) to work on /home/gustavo/Documents/etl_api_twitter/venv/lib/python3.9/site-packages/airflow/example_dags/tutorial_taskflow_api_etl_virtualenv.py
[2023-01-04 08:22:59,633] {processor.py:641} INFO - Processing file /home/gustavo/Documents/etl_api_twitter/venv/lib/python3.9/site-packages/airflow/example_dags/tutorial_taskflow_api_etl_virtualenv.py for tasks to queue
[2023-01-04 08:22:59,634] {logging_mixin.py:115} INFO - [2023-01-04 08:22:59,634] {dagbag.py:507} INFO - Filling up the DagBag from /home/gustavo/Documents/etl_api_twitter/venv/lib/python3.9/site-packages/airflow/example_dags/tutorial_taskflow_api_etl_virtualenv.py
[2023-01-04 08:22:59,657] {logging_mixin.py:115} INFO - [2023-01-04 08:22:59,657] {tutorial_taskflow_api_etl_virtualenv.py:29} WARNING - The tutorial_taskflow_api_etl_virtualenv example DAG requires virtualenv, please install it.
[2023-01-04 08:22:59,657] {processor.py:653} WARNING - No viable dags retrieved from /home/gustavo/Documents/etl_api_twitter/venv/lib/python3.9/site-packages/airflow/example_dags/tutorial_taskflow_api_etl_virtualenv.py
[2023-01-04 08:22:59,679] {processor.py:161} INFO - Processing /home/gustavo/Documents/etl_api_twitter/venv/lib/python3.9/site-packages/airflow/example_dags/tutorial_taskflow_api_etl_virtualenv.py took 0.052 seconds
[2023-01-04 08:23:32,974] {processor.py:153} INFO - Started process (PID=7561) to work on /home/gustavo/Documents/etl_api_twitter/venv/lib/python3.9/site-packages/airflow/example_dags/tutorial_taskflow_api_etl_virtualenv.py
[2023-01-04 08:23:32,976] {processor.py:641} INFO - Processing file /home/gustavo/Documents/etl_api_twitter/venv/lib/python3.9/site-packages/airflow/example_dags/tutorial_taskflow_api_etl_virtualenv.py for tasks to queue
[2023-01-04 08:23:32,976] {logging_mixin.py:115} INFO - [2023-01-04 08:23:32,976] {dagbag.py:507} INFO - Filling up the DagBag from /home/gustavo/Documents/etl_api_twitter/venv/lib/python3.9/site-packages/airflow/example_dags/tutorial_taskflow_api_etl_virtualenv.py
[2023-01-04 08:23:32,989] {logging_mixin.py:115} INFO - [2023-01-04 08:23:32,989] {tutorial_taskflow_api_etl_virtualenv.py:29} WARNING - The tutorial_taskflow_api_etl_virtualenv example DAG requires virtualenv, please install it.
[2023-01-04 08:23:32,989] {processor.py:653} WARNING - No viable dags retrieved from /home/gustavo/Documents/etl_api_twitter/venv/lib/python3.9/site-packages/airflow/example_dags/tutorial_taskflow_api_etl_virtualenv.py
[2023-01-04 08:23:32,997] {processor.py:161} INFO - Processing /home/gustavo/Documents/etl_api_twitter/venv/lib/python3.9/site-packages/airflow/example_dags/tutorial_taskflow_api_etl_virtualenv.py took 0.026 seconds
[2023-01-04 08:24:05,306] {processor.py:153} INFO - Started process (PID=7737) to work on /home/gustavo/Documents/etl_api_twitter/venv/lib/python3.9/site-packages/airflow/example_dags/tutorial_taskflow_api_etl_virtualenv.py
[2023-01-04 08:24:05,307] {processor.py:641} INFO - Processing file /home/gustavo/Documents/etl_api_twitter/venv/lib/python3.9/site-packages/airflow/example_dags/tutorial_taskflow_api_etl_virtualenv.py for tasks to queue
[2023-01-04 08:24:05,309] {logging_mixin.py:115} INFO - [2023-01-04 08:24:05,309] {dagbag.py:507} INFO - Filling up the DagBag from /home/gustavo/Documents/etl_api_twitter/venv/lib/python3.9/site-packages/airflow/example_dags/tutorial_taskflow_api_etl_virtualenv.py
[2023-01-04 08:24:05,334] {logging_mixin.py:115} INFO - [2023-01-04 08:24:05,334] {tutorial_taskflow_api_etl_virtualenv.py:29} WARNING - The tutorial_taskflow_api_etl_virtualenv example DAG requires virtualenv, please install it.
[2023-01-04 08:24:05,334] {processor.py:653} WARNING - No viable dags retrieved from /home/gustavo/Documents/etl_api_twitter/venv/lib/python3.9/site-packages/airflow/example_dags/tutorial_taskflow_api_etl_virtualenv.py
[2023-01-04 08:24:05,350] {processor.py:161} INFO - Processing /home/gustavo/Documents/etl_api_twitter/venv/lib/python3.9/site-packages/airflow/example_dags/tutorial_taskflow_api_etl_virtualenv.py took 0.051 seconds
[2023-01-04 08:24:36,476] {processor.py:153} INFO - Started process (PID=7914) to work on /home/gustavo/Documents/etl_api_twitter/venv/lib/python3.9/site-packages/airflow/example_dags/tutorial_taskflow_api_etl_virtualenv.py
[2023-01-04 08:24:36,477] {processor.py:641} INFO - Processing file /home/gustavo/Documents/etl_api_twitter/venv/lib/python3.9/site-packages/airflow/example_dags/tutorial_taskflow_api_etl_virtualenv.py for tasks to queue
[2023-01-04 08:24:36,477] {logging_mixin.py:115} INFO - [2023-01-04 08:24:36,477] {dagbag.py:507} INFO - Filling up the DagBag from /home/gustavo/Documents/etl_api_twitter/venv/lib/python3.9/site-packages/airflow/example_dags/tutorial_taskflow_api_etl_virtualenv.py
[2023-01-04 08:24:36,507] {logging_mixin.py:115} INFO - [2023-01-04 08:24:36,507] {tutorial_taskflow_api_etl_virtualenv.py:29} WARNING - The tutorial_taskflow_api_etl_virtualenv example DAG requires virtualenv, please install it.
[2023-01-04 08:24:36,507] {processor.py:653} WARNING - No viable dags retrieved from /home/gustavo/Documents/etl_api_twitter/venv/lib/python3.9/site-packages/airflow/example_dags/tutorial_taskflow_api_etl_virtualenv.py
[2023-01-04 08:24:36,528] {processor.py:161} INFO - Processing /home/gustavo/Documents/etl_api_twitter/venv/lib/python3.9/site-packages/airflow/example_dags/tutorial_taskflow_api_etl_virtualenv.py took 0.060 seconds
[2023-01-04 08:25:07,254] {processor.py:153} INFO - Started process (PID=8090) to work on /home/gustavo/Documents/etl_api_twitter/venv/lib/python3.9/site-packages/airflow/example_dags/tutorial_taskflow_api_etl_virtualenv.py
[2023-01-04 08:25:07,255] {processor.py:641} INFO - Processing file /home/gustavo/Documents/etl_api_twitter/venv/lib/python3.9/site-packages/airflow/example_dags/tutorial_taskflow_api_etl_virtualenv.py for tasks to queue
[2023-01-04 08:25:07,255] {logging_mixin.py:115} INFO - [2023-01-04 08:25:07,255] {dagbag.py:507} INFO - Filling up the DagBag from /home/gustavo/Documents/etl_api_twitter/venv/lib/python3.9/site-packages/airflow/example_dags/tutorial_taskflow_api_etl_virtualenv.py
[2023-01-04 08:25:07,274] {logging_mixin.py:115} INFO - [2023-01-04 08:25:07,274] {tutorial_taskflow_api_etl_virtualenv.py:29} WARNING - The tutorial_taskflow_api_etl_virtualenv example DAG requires virtualenv, please install it.
[2023-01-04 08:25:07,275] {processor.py:653} WARNING - No viable dags retrieved from /home/gustavo/Documents/etl_api_twitter/venv/lib/python3.9/site-packages/airflow/example_dags/tutorial_taskflow_api_etl_virtualenv.py
[2023-01-04 08:25:07,298] {processor.py:161} INFO - Processing /home/gustavo/Documents/etl_api_twitter/venv/lib/python3.9/site-packages/airflow/example_dags/tutorial_taskflow_api_etl_virtualenv.py took 0.047 seconds
[2023-01-04 08:25:37,751] {processor.py:153} INFO - Started process (PID=8321) to work on /home/gustavo/Documents/etl_api_twitter/venv/lib/python3.9/site-packages/airflow/example_dags/tutorial_taskflow_api_etl_virtualenv.py
[2023-01-04 08:25:37,752] {processor.py:641} INFO - Processing file /home/gustavo/Documents/etl_api_twitter/venv/lib/python3.9/site-packages/airflow/example_dags/tutorial_taskflow_api_etl_virtualenv.py for tasks to queue
[2023-01-04 08:25:37,753] {logging_mixin.py:115} INFO - [2023-01-04 08:25:37,753] {dagbag.py:507} INFO - Filling up the DagBag from /home/gustavo/Documents/etl_api_twitter/venv/lib/python3.9/site-packages/airflow/example_dags/tutorial_taskflow_api_etl_virtualenv.py
[2023-01-04 08:25:37,776] {logging_mixin.py:115} INFO - [2023-01-04 08:25:37,775] {tutorial_taskflow_api_etl_virtualenv.py:29} WARNING - The tutorial_taskflow_api_etl_virtualenv example DAG requires virtualenv, please install it.
[2023-01-04 08:25:37,776] {processor.py:653} WARNING - No viable dags retrieved from /home/gustavo/Documents/etl_api_twitter/venv/lib/python3.9/site-packages/airflow/example_dags/tutorial_taskflow_api_etl_virtualenv.py
[2023-01-04 08:25:37,804] {processor.py:161} INFO - Processing /home/gustavo/Documents/etl_api_twitter/venv/lib/python3.9/site-packages/airflow/example_dags/tutorial_taskflow_api_etl_virtualenv.py took 0.055 seconds
[2023-01-04 08:26:09,362] {processor.py:153} INFO - Started process (PID=8499) to work on /home/gustavo/Documents/etl_api_twitter/venv/lib/python3.9/site-packages/airflow/example_dags/tutorial_taskflow_api_etl_virtualenv.py
[2023-01-04 08:26:09,363] {processor.py:641} INFO - Processing file /home/gustavo/Documents/etl_api_twitter/venv/lib/python3.9/site-packages/airflow/example_dags/tutorial_taskflow_api_etl_virtualenv.py for tasks to queue
[2023-01-04 08:26:09,363] {logging_mixin.py:115} INFO - [2023-01-04 08:26:09,363] {dagbag.py:507} INFO - Filling up the DagBag from /home/gustavo/Documents/etl_api_twitter/venv/lib/python3.9/site-packages/airflow/example_dags/tutorial_taskflow_api_etl_virtualenv.py
[2023-01-04 08:26:09,371] {logging_mixin.py:115} INFO - [2023-01-04 08:26:09,371] {tutorial_taskflow_api_etl_virtualenv.py:29} WARNING - The tutorial_taskflow_api_etl_virtualenv example DAG requires virtualenv, please install it.
[2023-01-04 08:26:09,371] {processor.py:653} WARNING - No viable dags retrieved from /home/gustavo/Documents/etl_api_twitter/venv/lib/python3.9/site-packages/airflow/example_dags/tutorial_taskflow_api_etl_virtualenv.py
[2023-01-04 08:26:09,378] {processor.py:161} INFO - Processing /home/gustavo/Documents/etl_api_twitter/venv/lib/python3.9/site-packages/airflow/example_dags/tutorial_taskflow_api_etl_virtualenv.py took 0.018 seconds
[2023-01-04 08:26:40,216] {processor.py:153} INFO - Started process (PID=8675) to work on /home/gustavo/Documents/etl_api_twitter/venv/lib/python3.9/site-packages/airflow/example_dags/tutorial_taskflow_api_etl_virtualenv.py
[2023-01-04 08:26:40,217] {processor.py:641} INFO - Processing file /home/gustavo/Documents/etl_api_twitter/venv/lib/python3.9/site-packages/airflow/example_dags/tutorial_taskflow_api_etl_virtualenv.py for tasks to queue
[2023-01-04 08:26:40,218] {logging_mixin.py:115} INFO - [2023-01-04 08:26:40,218] {dagbag.py:507} INFO - Filling up the DagBag from /home/gustavo/Documents/etl_api_twitter/venv/lib/python3.9/site-packages/airflow/example_dags/tutorial_taskflow_api_etl_virtualenv.py
[2023-01-04 08:26:40,236] {logging_mixin.py:115} INFO - [2023-01-04 08:26:40,236] {tutorial_taskflow_api_etl_virtualenv.py:29} WARNING - The tutorial_taskflow_api_etl_virtualenv example DAG requires virtualenv, please install it.
[2023-01-04 08:26:40,236] {processor.py:653} WARNING - No viable dags retrieved from /home/gustavo/Documents/etl_api_twitter/venv/lib/python3.9/site-packages/airflow/example_dags/tutorial_taskflow_api_etl_virtualenv.py
[2023-01-04 08:26:40,255] {processor.py:161} INFO - Processing /home/gustavo/Documents/etl_api_twitter/venv/lib/python3.9/site-packages/airflow/example_dags/tutorial_taskflow_api_etl_virtualenv.py took 0.046 seconds
[2023-01-04 08:27:10,731] {processor.py:153} INFO - Started process (PID=8856) to work on /home/gustavo/Documents/etl_api_twitter/venv/lib/python3.9/site-packages/airflow/example_dags/tutorial_taskflow_api_etl_virtualenv.py
[2023-01-04 08:27:10,733] {processor.py:641} INFO - Processing file /home/gustavo/Documents/etl_api_twitter/venv/lib/python3.9/site-packages/airflow/example_dags/tutorial_taskflow_api_etl_virtualenv.py for tasks to queue
[2023-01-04 08:27:10,734] {logging_mixin.py:115} INFO - [2023-01-04 08:27:10,734] {dagbag.py:507} INFO - Filling up the DagBag from /home/gustavo/Documents/etl_api_twitter/venv/lib/python3.9/site-packages/airflow/example_dags/tutorial_taskflow_api_etl_virtualenv.py
[2023-01-04 08:27:10,760] {logging_mixin.py:115} INFO - [2023-01-04 08:27:10,760] {tutorial_taskflow_api_etl_virtualenv.py:29} WARNING - The tutorial_taskflow_api_etl_virtualenv example DAG requires virtualenv, please install it.
[2023-01-04 08:27:10,760] {processor.py:653} WARNING - No viable dags retrieved from /home/gustavo/Documents/etl_api_twitter/venv/lib/python3.9/site-packages/airflow/example_dags/tutorial_taskflow_api_etl_virtualenv.py
[2023-01-04 08:27:10,778] {processor.py:161} INFO - Processing /home/gustavo/Documents/etl_api_twitter/venv/lib/python3.9/site-packages/airflow/example_dags/tutorial_taskflow_api_etl_virtualenv.py took 0.053 seconds
[2023-01-04 08:27:42,521] {processor.py:153} INFO - Started process (PID=9042) to work on /home/gustavo/Documents/etl_api_twitter/venv/lib/python3.9/site-packages/airflow/example_dags/tutorial_taskflow_api_etl_virtualenv.py
[2023-01-04 08:27:42,523] {processor.py:641} INFO - Processing file /home/gustavo/Documents/etl_api_twitter/venv/lib/python3.9/site-packages/airflow/example_dags/tutorial_taskflow_api_etl_virtualenv.py for tasks to queue
[2023-01-04 08:27:42,525] {logging_mixin.py:115} INFO - [2023-01-04 08:27:42,525] {dagbag.py:507} INFO - Filling up the DagBag from /home/gustavo/Documents/etl_api_twitter/venv/lib/python3.9/site-packages/airflow/example_dags/tutorial_taskflow_api_etl_virtualenv.py
[2023-01-04 08:27:42,556] {logging_mixin.py:115} INFO - [2023-01-04 08:27:42,555] {tutorial_taskflow_api_etl_virtualenv.py:29} WARNING - The tutorial_taskflow_api_etl_virtualenv example DAG requires virtualenv, please install it.
[2023-01-04 08:27:42,556] {processor.py:653} WARNING - No viable dags retrieved from /home/gustavo/Documents/etl_api_twitter/venv/lib/python3.9/site-packages/airflow/example_dags/tutorial_taskflow_api_etl_virtualenv.py
[2023-01-04 08:27:42,572] {processor.py:161} INFO - Processing /home/gustavo/Documents/etl_api_twitter/venv/lib/python3.9/site-packages/airflow/example_dags/tutorial_taskflow_api_etl_virtualenv.py took 0.058 seconds
