[2023-01-04 07:51:02,722] {processor.py:153} INFO - Started process (PID=23043) to work on /home/gustavo/Documents/etl_api_twitter/venv/lib/python3.9/site-packages/airflow/example_dags/plugins/workday.py
[2023-01-04 07:51:02,724] {processor.py:641} INFO - Processing file /home/gustavo/Documents/etl_api_twitter/venv/lib/python3.9/site-packages/airflow/example_dags/plugins/workday.py for tasks to queue
[2023-01-04 07:51:02,728] {logging_mixin.py:115} INFO - [2023-01-04 07:51:02,725] {dagbag.py:507} INFO - Filling up the DagBag from /home/gustavo/Documents/etl_api_twitter/venv/lib/python3.9/site-packages/airflow/example_dags/plugins/workday.py
[2023-01-04 07:51:02,734] {processor.py:653} WARNING - No viable dags retrieved from /home/gustavo/Documents/etl_api_twitter/venv/lib/python3.9/site-packages/airflow/example_dags/plugins/workday.py
[2023-01-04 07:51:02,756] {processor.py:161} INFO - Processing /home/gustavo/Documents/etl_api_twitter/venv/lib/python3.9/site-packages/airflow/example_dags/plugins/workday.py took 0.041 seconds
[2023-01-04 07:51:42,576] {processor.py:153} INFO - Started process (PID=23264) to work on /home/gustavo/Documents/etl_api_twitter/venv/lib/python3.9/site-packages/airflow/example_dags/plugins/workday.py
[2023-01-04 07:51:42,578] {processor.py:641} INFO - Processing file /home/gustavo/Documents/etl_api_twitter/venv/lib/python3.9/site-packages/airflow/example_dags/plugins/workday.py for tasks to queue
[2023-01-04 07:51:42,579] {logging_mixin.py:115} INFO - [2023-01-04 07:51:42,579] {dagbag.py:507} INFO - Filling up the DagBag from /home/gustavo/Documents/etl_api_twitter/venv/lib/python3.9/site-packages/airflow/example_dags/plugins/workday.py
[2023-01-04 07:51:42,582] {processor.py:653} WARNING - No viable dags retrieved from /home/gustavo/Documents/etl_api_twitter/venv/lib/python3.9/site-packages/airflow/example_dags/plugins/workday.py
[2023-01-04 07:51:42,610] {processor.py:161} INFO - Processing /home/gustavo/Documents/etl_api_twitter/venv/lib/python3.9/site-packages/airflow/example_dags/plugins/workday.py took 0.050 seconds
[2023-01-04 07:52:57,631] {processor.py:153} INFO - Started process (PID=23907) to work on /home/gustavo/Documents/etl_api_twitter/venv/lib/python3.9/site-packages/airflow/example_dags/plugins/workday.py
[2023-01-04 07:52:57,636] {processor.py:641} INFO - Processing file /home/gustavo/Documents/etl_api_twitter/venv/lib/python3.9/site-packages/airflow/example_dags/plugins/workday.py for tasks to queue
[2023-01-04 07:52:57,636] {logging_mixin.py:115} INFO - [2023-01-04 07:52:57,636] {dagbag.py:507} INFO - Filling up the DagBag from /home/gustavo/Documents/etl_api_twitter/venv/lib/python3.9/site-packages/airflow/example_dags/plugins/workday.py
[2023-01-04 07:52:57,638] {processor.py:653} WARNING - No viable dags retrieved from /home/gustavo/Documents/etl_api_twitter/venv/lib/python3.9/site-packages/airflow/example_dags/plugins/workday.py
[2023-01-04 07:52:57,659] {processor.py:161} INFO - Processing /home/gustavo/Documents/etl_api_twitter/venv/lib/python3.9/site-packages/airflow/example_dags/plugins/workday.py took 0.030 seconds
[2023-01-04 07:53:34,788] {processor.py:153} INFO - Started process (PID=24357) to work on /home/gustavo/Documents/etl_api_twitter/venv/lib/python3.9/site-packages/airflow/example_dags/plugins/workday.py
[2023-01-04 07:53:34,789] {processor.py:641} INFO - Processing file /home/gustavo/Documents/etl_api_twitter/venv/lib/python3.9/site-packages/airflow/example_dags/plugins/workday.py for tasks to queue
[2023-01-04 07:53:34,790] {logging_mixin.py:115} INFO - [2023-01-04 07:53:34,790] {dagbag.py:507} INFO - Filling up the DagBag from /home/gustavo/Documents/etl_api_twitter/venv/lib/python3.9/site-packages/airflow/example_dags/plugins/workday.py
[2023-01-04 07:53:34,792] {processor.py:653} WARNING - No viable dags retrieved from /home/gustavo/Documents/etl_api_twitter/venv/lib/python3.9/site-packages/airflow/example_dags/plugins/workday.py
[2023-01-04 07:53:34,815] {processor.py:161} INFO - Processing /home/gustavo/Documents/etl_api_twitter/venv/lib/python3.9/site-packages/airflow/example_dags/plugins/workday.py took 0.032 seconds
