[2023-01-04 08:00:56,857] {processor.py:153} INFO - Started process (PID=28267) to work on /home/gustavo/Documents/etl_api_twitter/venv/lib/python3.9/site-packages/airflow/example_dags/subdags/subdag.py
[2023-01-04 08:00:56,859] {processor.py:641} INFO - Processing file /home/gustavo/Documents/etl_api_twitter/venv/lib/python3.9/site-packages/airflow/example_dags/subdags/subdag.py for tasks to queue
[2023-01-04 08:00:56,860] {logging_mixin.py:115} INFO - [2023-01-04 08:00:56,860] {dagbag.py:507} INFO - Filling up the DagBag from /home/gustavo/Documents/etl_api_twitter/venv/lib/python3.9/site-packages/airflow/example_dags/subdags/subdag.py
[2023-01-04 08:00:56,863] {processor.py:653} WARNING - No viable dags retrieved from /home/gustavo/Documents/etl_api_twitter/venv/lib/python3.9/site-packages/airflow/example_dags/subdags/subdag.py
[2023-01-04 08:00:56,887] {processor.py:161} INFO - Processing /home/gustavo/Documents/etl_api_twitter/venv/lib/python3.9/site-packages/airflow/example_dags/subdags/subdag.py took 0.034 seconds
[2023-01-04 08:01:37,840] {processor.py:153} INFO - Started process (PID=28499) to work on /home/gustavo/Documents/etl_api_twitter/venv/lib/python3.9/site-packages/airflow/example_dags/subdags/subdag.py
[2023-01-04 08:01:37,844] {processor.py:641} INFO - Processing file /home/gustavo/Documents/etl_api_twitter/venv/lib/python3.9/site-packages/airflow/example_dags/subdags/subdag.py for tasks to queue
[2023-01-04 08:01:37,845] {logging_mixin.py:115} INFO - [2023-01-04 08:01:37,845] {dagbag.py:507} INFO - Filling up the DagBag from /home/gustavo/Documents/etl_api_twitter/venv/lib/python3.9/site-packages/airflow/example_dags/subdags/subdag.py
[2023-01-04 08:01:37,848] {processor.py:653} WARNING - No viable dags retrieved from /home/gustavo/Documents/etl_api_twitter/venv/lib/python3.9/site-packages/airflow/example_dags/subdags/subdag.py
[2023-01-04 08:01:37,874] {processor.py:161} INFO - Processing /home/gustavo/Documents/etl_api_twitter/venv/lib/python3.9/site-packages/airflow/example_dags/subdags/subdag.py took 0.041 seconds
[2023-01-04 08:02:13,804] {processor.py:153} INFO - Started process (PID=28693) to work on /home/gustavo/Documents/etl_api_twitter/venv/lib/python3.9/site-packages/airflow/example_dags/subdags/subdag.py
[2023-01-04 08:02:13,813] {processor.py:641} INFO - Processing file /home/gustavo/Documents/etl_api_twitter/venv/lib/python3.9/site-packages/airflow/example_dags/subdags/subdag.py for tasks to queue
[2023-01-04 08:02:13,815] {logging_mixin.py:115} INFO - [2023-01-04 08:02:13,814] {dagbag.py:507} INFO - Filling up the DagBag from /home/gustavo/Documents/etl_api_twitter/venv/lib/python3.9/site-packages/airflow/example_dags/subdags/subdag.py
[2023-01-04 08:02:13,818] {processor.py:653} WARNING - No viable dags retrieved from /home/gustavo/Documents/etl_api_twitter/venv/lib/python3.9/site-packages/airflow/example_dags/subdags/subdag.py
[2023-01-04 08:02:13,845] {processor.py:161} INFO - Processing /home/gustavo/Documents/etl_api_twitter/venv/lib/python3.9/site-packages/airflow/example_dags/subdags/subdag.py took 0.053 seconds
[2023-01-04 08:10:48,540] {processor.py:153} INFO - Started process (PID=3418) to work on /home/gustavo/Documents/etl_api_twitter/venv/lib/python3.9/site-packages/airflow/example_dags/subdags/subdag.py
[2023-01-04 08:10:48,541] {processor.py:641} INFO - Processing file /home/gustavo/Documents/etl_api_twitter/venv/lib/python3.9/site-packages/airflow/example_dags/subdags/subdag.py for tasks to queue
[2023-01-04 08:10:48,542] {logging_mixin.py:115} INFO - [2023-01-04 08:10:48,542] {dagbag.py:507} INFO - Filling up the DagBag from /home/gustavo/Documents/etl_api_twitter/venv/lib/python3.9/site-packages/airflow/example_dags/subdags/subdag.py
[2023-01-04 08:10:48,545] {processor.py:653} WARNING - No viable dags retrieved from /home/gustavo/Documents/etl_api_twitter/venv/lib/python3.9/site-packages/airflow/example_dags/subdags/subdag.py
[2023-01-04 08:10:48,577] {processor.py:161} INFO - Processing /home/gustavo/Documents/etl_api_twitter/venv/lib/python3.9/site-packages/airflow/example_dags/subdags/subdag.py took 0.044 seconds
[2023-01-04 08:11:24,434] {processor.py:153} INFO - Started process (PID=3934) to work on /home/gustavo/Documents/etl_api_twitter/venv/lib/python3.9/site-packages/airflow/example_dags/subdags/subdag.py
[2023-01-04 08:11:24,435] {processor.py:641} INFO - Processing file /home/gustavo/Documents/etl_api_twitter/venv/lib/python3.9/site-packages/airflow/example_dags/subdags/subdag.py for tasks to queue
[2023-01-04 08:11:24,436] {logging_mixin.py:115} INFO - [2023-01-04 08:11:24,436] {dagbag.py:507} INFO - Filling up the DagBag from /home/gustavo/Documents/etl_api_twitter/venv/lib/python3.9/site-packages/airflow/example_dags/subdags/subdag.py
[2023-01-04 08:11:24,440] {processor.py:653} WARNING - No viable dags retrieved from /home/gustavo/Documents/etl_api_twitter/venv/lib/python3.9/site-packages/airflow/example_dags/subdags/subdag.py
[2023-01-04 08:11:24,459] {processor.py:161} INFO - Processing /home/gustavo/Documents/etl_api_twitter/venv/lib/python3.9/site-packages/airflow/example_dags/subdags/subdag.py took 0.030 seconds
[2023-01-04 08:11:59,667] {processor.py:153} INFO - Started process (PID=4083) to work on /home/gustavo/Documents/etl_api_twitter/venv/lib/python3.9/site-packages/airflow/example_dags/subdags/subdag.py
[2023-01-04 08:11:59,668] {processor.py:641} INFO - Processing file /home/gustavo/Documents/etl_api_twitter/venv/lib/python3.9/site-packages/airflow/example_dags/subdags/subdag.py for tasks to queue
[2023-01-04 08:11:59,668] {logging_mixin.py:115} INFO - [2023-01-04 08:11:59,668] {dagbag.py:507} INFO - Filling up the DagBag from /home/gustavo/Documents/etl_api_twitter/venv/lib/python3.9/site-packages/airflow/example_dags/subdags/subdag.py
[2023-01-04 08:11:59,670] {processor.py:653} WARNING - No viable dags retrieved from /home/gustavo/Documents/etl_api_twitter/venv/lib/python3.9/site-packages/airflow/example_dags/subdags/subdag.py
[2023-01-04 08:11:59,679] {processor.py:161} INFO - Processing /home/gustavo/Documents/etl_api_twitter/venv/lib/python3.9/site-packages/airflow/example_dags/subdags/subdag.py took 0.015 seconds
[2023-01-04 08:12:31,632] {processor.py:153} INFO - Started process (PID=4177) to work on /home/gustavo/Documents/etl_api_twitter/venv/lib/python3.9/site-packages/airflow/example_dags/subdags/subdag.py
[2023-01-04 08:12:31,633] {processor.py:641} INFO - Processing file /home/gustavo/Documents/etl_api_twitter/venv/lib/python3.9/site-packages/airflow/example_dags/subdags/subdag.py for tasks to queue
[2023-01-04 08:12:31,634] {logging_mixin.py:115} INFO - [2023-01-04 08:12:31,634] {dagbag.py:507} INFO - Filling up the DagBag from /home/gustavo/Documents/etl_api_twitter/venv/lib/python3.9/site-packages/airflow/example_dags/subdags/subdag.py
[2023-01-04 08:12:31,636] {processor.py:653} WARNING - No viable dags retrieved from /home/gustavo/Documents/etl_api_twitter/venv/lib/python3.9/site-packages/airflow/example_dags/subdags/subdag.py
[2023-01-04 08:12:31,649] {processor.py:161} INFO - Processing /home/gustavo/Documents/etl_api_twitter/venv/lib/python3.9/site-packages/airflow/example_dags/subdags/subdag.py took 0.019 seconds
[2023-01-04 08:13:06,044] {processor.py:153} INFO - Started process (PID=4213) to work on /home/gustavo/Documents/etl_api_twitter/venv/lib/python3.9/site-packages/airflow/example_dags/subdags/subdag.py
[2023-01-04 08:13:06,044] {processor.py:641} INFO - Processing file /home/gustavo/Documents/etl_api_twitter/venv/lib/python3.9/site-packages/airflow/example_dags/subdags/subdag.py for tasks to queue
[2023-01-04 08:13:06,046] {logging_mixin.py:115} INFO - [2023-01-04 08:13:06,045] {dagbag.py:507} INFO - Filling up the DagBag from /home/gustavo/Documents/etl_api_twitter/venv/lib/python3.9/site-packages/airflow/example_dags/subdags/subdag.py
[2023-01-04 08:13:06,049] {processor.py:653} WARNING - No viable dags retrieved from /home/gustavo/Documents/etl_api_twitter/venv/lib/python3.9/site-packages/airflow/example_dags/subdags/subdag.py
[2023-01-04 08:13:06,073] {processor.py:161} INFO - Processing /home/gustavo/Documents/etl_api_twitter/venv/lib/python3.9/site-packages/airflow/example_dags/subdags/subdag.py took 0.036 seconds
[2023-01-04 08:13:41,532] {processor.py:153} INFO - Started process (PID=4250) to work on /home/gustavo/Documents/etl_api_twitter/venv/lib/python3.9/site-packages/airflow/example_dags/subdags/subdag.py
[2023-01-04 08:13:41,533] {processor.py:641} INFO - Processing file /home/gustavo/Documents/etl_api_twitter/venv/lib/python3.9/site-packages/airflow/example_dags/subdags/subdag.py for tasks to queue
[2023-01-04 08:13:41,534] {logging_mixin.py:115} INFO - [2023-01-04 08:13:41,534] {dagbag.py:507} INFO - Filling up the DagBag from /home/gustavo/Documents/etl_api_twitter/venv/lib/python3.9/site-packages/airflow/example_dags/subdags/subdag.py
[2023-01-04 08:13:41,535] {processor.py:653} WARNING - No viable dags retrieved from /home/gustavo/Documents/etl_api_twitter/venv/lib/python3.9/site-packages/airflow/example_dags/subdags/subdag.py
[2023-01-04 08:13:41,545] {processor.py:161} INFO - Processing /home/gustavo/Documents/etl_api_twitter/venv/lib/python3.9/site-packages/airflow/example_dags/subdags/subdag.py took 0.015 seconds
[2023-01-04 08:14:15,119] {processor.py:153} INFO - Started process (PID=4286) to work on /home/gustavo/Documents/etl_api_twitter/venv/lib/python3.9/site-packages/airflow/example_dags/subdags/subdag.py
[2023-01-04 08:14:15,121] {processor.py:641} INFO - Processing file /home/gustavo/Documents/etl_api_twitter/venv/lib/python3.9/site-packages/airflow/example_dags/subdags/subdag.py for tasks to queue
[2023-01-04 08:14:15,123] {logging_mixin.py:115} INFO - [2023-01-04 08:14:15,123] {dagbag.py:507} INFO - Filling up the DagBag from /home/gustavo/Documents/etl_api_twitter/venv/lib/python3.9/site-packages/airflow/example_dags/subdags/subdag.py
[2023-01-04 08:14:15,125] {processor.py:653} WARNING - No viable dags retrieved from /home/gustavo/Documents/etl_api_twitter/venv/lib/python3.9/site-packages/airflow/example_dags/subdags/subdag.py
[2023-01-04 08:14:15,134] {processor.py:161} INFO - Processing /home/gustavo/Documents/etl_api_twitter/venv/lib/python3.9/site-packages/airflow/example_dags/subdags/subdag.py took 0.021 seconds
[2023-01-04 08:14:49,007] {processor.py:153} INFO - Started process (PID=4432) to work on /home/gustavo/Documents/etl_api_twitter/venv/lib/python3.9/site-packages/airflow/example_dags/subdags/subdag.py
[2023-01-04 08:14:49,008] {processor.py:641} INFO - Processing file /home/gustavo/Documents/etl_api_twitter/venv/lib/python3.9/site-packages/airflow/example_dags/subdags/subdag.py for tasks to queue
[2023-01-04 08:14:49,009] {logging_mixin.py:115} INFO - [2023-01-04 08:14:49,009] {dagbag.py:507} INFO - Filling up the DagBag from /home/gustavo/Documents/etl_api_twitter/venv/lib/python3.9/site-packages/airflow/example_dags/subdags/subdag.py
[2023-01-04 08:14:49,010] {processor.py:653} WARNING - No viable dags retrieved from /home/gustavo/Documents/etl_api_twitter/venv/lib/python3.9/site-packages/airflow/example_dags/subdags/subdag.py
[2023-01-04 08:14:49,025] {processor.py:161} INFO - Processing /home/gustavo/Documents/etl_api_twitter/venv/lib/python3.9/site-packages/airflow/example_dags/subdags/subdag.py took 0.021 seconds
[2023-01-04 08:15:22,773] {processor.py:153} INFO - Started process (PID=4592) to work on /home/gustavo/Documents/etl_api_twitter/venv/lib/python3.9/site-packages/airflow/example_dags/subdags/subdag.py
[2023-01-04 08:15:22,774] {processor.py:641} INFO - Processing file /home/gustavo/Documents/etl_api_twitter/venv/lib/python3.9/site-packages/airflow/example_dags/subdags/subdag.py for tasks to queue
[2023-01-04 08:15:22,775] {logging_mixin.py:115} INFO - [2023-01-04 08:15:22,774] {dagbag.py:507} INFO - Filling up the DagBag from /home/gustavo/Documents/etl_api_twitter/venv/lib/python3.9/site-packages/airflow/example_dags/subdags/subdag.py
[2023-01-04 08:15:22,776] {processor.py:653} WARNING - No viable dags retrieved from /home/gustavo/Documents/etl_api_twitter/venv/lib/python3.9/site-packages/airflow/example_dags/subdags/subdag.py
[2023-01-04 08:15:22,787] {processor.py:161} INFO - Processing /home/gustavo/Documents/etl_api_twitter/venv/lib/python3.9/site-packages/airflow/example_dags/subdags/subdag.py took 0.017 seconds
[2023-01-04 08:15:58,562] {processor.py:153} INFO - Started process (PID=4862) to work on /home/gustavo/Documents/etl_api_twitter/venv/lib/python3.9/site-packages/airflow/example_dags/subdags/subdag.py
[2023-01-04 08:15:58,563] {processor.py:641} INFO - Processing file /home/gustavo/Documents/etl_api_twitter/venv/lib/python3.9/site-packages/airflow/example_dags/subdags/subdag.py for tasks to queue
[2023-01-04 08:15:58,563] {logging_mixin.py:115} INFO - [2023-01-04 08:15:58,563] {dagbag.py:507} INFO - Filling up the DagBag from /home/gustavo/Documents/etl_api_twitter/venv/lib/python3.9/site-packages/airflow/example_dags/subdags/subdag.py
[2023-01-04 08:15:58,564] {processor.py:653} WARNING - No viable dags retrieved from /home/gustavo/Documents/etl_api_twitter/venv/lib/python3.9/site-packages/airflow/example_dags/subdags/subdag.py
[2023-01-04 08:15:58,586] {processor.py:161} INFO - Processing /home/gustavo/Documents/etl_api_twitter/venv/lib/python3.9/site-packages/airflow/example_dags/subdags/subdag.py took 0.031 seconds
[2023-01-04 08:16:32,428] {processor.py:153} INFO - Started process (PID=5044) to work on /home/gustavo/Documents/etl_api_twitter/venv/lib/python3.9/site-packages/airflow/example_dags/subdags/subdag.py
[2023-01-04 08:16:32,430] {processor.py:641} INFO - Processing file /home/gustavo/Documents/etl_api_twitter/venv/lib/python3.9/site-packages/airflow/example_dags/subdags/subdag.py for tasks to queue
[2023-01-04 08:16:32,431] {logging_mixin.py:115} INFO - [2023-01-04 08:16:32,431] {dagbag.py:507} INFO - Filling up the DagBag from /home/gustavo/Documents/etl_api_twitter/venv/lib/python3.9/site-packages/airflow/example_dags/subdags/subdag.py
[2023-01-04 08:16:32,432] {processor.py:653} WARNING - No viable dags retrieved from /home/gustavo/Documents/etl_api_twitter/venv/lib/python3.9/site-packages/airflow/example_dags/subdags/subdag.py
[2023-01-04 08:16:32,454] {processor.py:161} INFO - Processing /home/gustavo/Documents/etl_api_twitter/venv/lib/python3.9/site-packages/airflow/example_dags/subdags/subdag.py took 0.033 seconds
[2023-01-04 08:17:07,171] {processor.py:153} INFO - Started process (PID=5252) to work on /home/gustavo/Documents/etl_api_twitter/venv/lib/python3.9/site-packages/airflow/example_dags/subdags/subdag.py
[2023-01-04 08:17:07,173] {processor.py:641} INFO - Processing file /home/gustavo/Documents/etl_api_twitter/venv/lib/python3.9/site-packages/airflow/example_dags/subdags/subdag.py for tasks to queue
[2023-01-04 08:17:07,174] {logging_mixin.py:115} INFO - [2023-01-04 08:17:07,174] {dagbag.py:507} INFO - Filling up the DagBag from /home/gustavo/Documents/etl_api_twitter/venv/lib/python3.9/site-packages/airflow/example_dags/subdags/subdag.py
[2023-01-04 08:17:07,177] {processor.py:653} WARNING - No viable dags retrieved from /home/gustavo/Documents/etl_api_twitter/venv/lib/python3.9/site-packages/airflow/example_dags/subdags/subdag.py
[2023-01-04 08:17:07,198] {processor.py:161} INFO - Processing /home/gustavo/Documents/etl_api_twitter/venv/lib/python3.9/site-packages/airflow/example_dags/subdags/subdag.py took 0.030 seconds
[2023-01-04 08:17:41,607] {processor.py:153} INFO - Started process (PID=5458) to work on /home/gustavo/Documents/etl_api_twitter/venv/lib/python3.9/site-packages/airflow/example_dags/subdags/subdag.py
[2023-01-04 08:17:41,608] {processor.py:641} INFO - Processing file /home/gustavo/Documents/etl_api_twitter/venv/lib/python3.9/site-packages/airflow/example_dags/subdags/subdag.py for tasks to queue
[2023-01-04 08:17:41,610] {logging_mixin.py:115} INFO - [2023-01-04 08:17:41,609] {dagbag.py:507} INFO - Filling up the DagBag from /home/gustavo/Documents/etl_api_twitter/venv/lib/python3.9/site-packages/airflow/example_dags/subdags/subdag.py
[2023-01-04 08:17:41,613] {processor.py:653} WARNING - No viable dags retrieved from /home/gustavo/Documents/etl_api_twitter/venv/lib/python3.9/site-packages/airflow/example_dags/subdags/subdag.py
[2023-01-04 08:17:41,635] {processor.py:161} INFO - Processing /home/gustavo/Documents/etl_api_twitter/venv/lib/python3.9/site-packages/airflow/example_dags/subdags/subdag.py took 0.031 seconds
[2023-01-04 08:18:14,552] {processor.py:153} INFO - Started process (PID=5642) to work on /home/gustavo/Documents/etl_api_twitter/venv/lib/python3.9/site-packages/airflow/example_dags/subdags/subdag.py
[2023-01-04 08:18:14,553] {processor.py:641} INFO - Processing file /home/gustavo/Documents/etl_api_twitter/venv/lib/python3.9/site-packages/airflow/example_dags/subdags/subdag.py for tasks to queue
[2023-01-04 08:18:14,554] {logging_mixin.py:115} INFO - [2023-01-04 08:18:14,554] {dagbag.py:507} INFO - Filling up the DagBag from /home/gustavo/Documents/etl_api_twitter/venv/lib/python3.9/site-packages/airflow/example_dags/subdags/subdag.py
[2023-01-04 08:18:14,557] {processor.py:653} WARNING - No viable dags retrieved from /home/gustavo/Documents/etl_api_twitter/venv/lib/python3.9/site-packages/airflow/example_dags/subdags/subdag.py
[2023-01-04 08:18:14,594] {processor.py:161} INFO - Processing /home/gustavo/Documents/etl_api_twitter/venv/lib/python3.9/site-packages/airflow/example_dags/subdags/subdag.py took 0.048 seconds
[2023-01-04 08:18:47,952] {processor.py:153} INFO - Started process (PID=5846) to work on /home/gustavo/Documents/etl_api_twitter/venv/lib/python3.9/site-packages/airflow/example_dags/subdags/subdag.py
[2023-01-04 08:18:47,954] {processor.py:641} INFO - Processing file /home/gustavo/Documents/etl_api_twitter/venv/lib/python3.9/site-packages/airflow/example_dags/subdags/subdag.py for tasks to queue
[2023-01-04 08:18:47,954] {logging_mixin.py:115} INFO - [2023-01-04 08:18:47,954] {dagbag.py:507} INFO - Filling up the DagBag from /home/gustavo/Documents/etl_api_twitter/venv/lib/python3.9/site-packages/airflow/example_dags/subdags/subdag.py
[2023-01-04 08:18:47,956] {processor.py:653} WARNING - No viable dags retrieved from /home/gustavo/Documents/etl_api_twitter/venv/lib/python3.9/site-packages/airflow/example_dags/subdags/subdag.py
[2023-01-04 08:18:47,971] {processor.py:161} INFO - Processing /home/gustavo/Documents/etl_api_twitter/venv/lib/python3.9/site-packages/airflow/example_dags/subdags/subdag.py took 0.023 seconds
[2023-01-04 08:19:21,952] {processor.py:153} INFO - Started process (PID=6052) to work on /home/gustavo/Documents/etl_api_twitter/venv/lib/python3.9/site-packages/airflow/example_dags/subdags/subdag.py
[2023-01-04 08:19:21,953] {processor.py:641} INFO - Processing file /home/gustavo/Documents/etl_api_twitter/venv/lib/python3.9/site-packages/airflow/example_dags/subdags/subdag.py for tasks to queue
[2023-01-04 08:19:21,954] {logging_mixin.py:115} INFO - [2023-01-04 08:19:21,954] {dagbag.py:507} INFO - Filling up the DagBag from /home/gustavo/Documents/etl_api_twitter/venv/lib/python3.9/site-packages/airflow/example_dags/subdags/subdag.py
[2023-01-04 08:19:21,956] {processor.py:653} WARNING - No viable dags retrieved from /home/gustavo/Documents/etl_api_twitter/venv/lib/python3.9/site-packages/airflow/example_dags/subdags/subdag.py
[2023-01-04 08:19:21,976] {processor.py:161} INFO - Processing /home/gustavo/Documents/etl_api_twitter/venv/lib/python3.9/site-packages/airflow/example_dags/subdags/subdag.py took 0.032 seconds
[2023-01-04 08:19:56,296] {processor.py:153} INFO - Started process (PID=6232) to work on /home/gustavo/Documents/etl_api_twitter/venv/lib/python3.9/site-packages/airflow/example_dags/subdags/subdag.py
[2023-01-04 08:19:56,298] {processor.py:641} INFO - Processing file /home/gustavo/Documents/etl_api_twitter/venv/lib/python3.9/site-packages/airflow/example_dags/subdags/subdag.py for tasks to queue
[2023-01-04 08:19:56,299] {logging_mixin.py:115} INFO - [2023-01-04 08:19:56,299] {dagbag.py:507} INFO - Filling up the DagBag from /home/gustavo/Documents/etl_api_twitter/venv/lib/python3.9/site-packages/airflow/example_dags/subdags/subdag.py
[2023-01-04 08:19:56,303] {processor.py:653} WARNING - No viable dags retrieved from /home/gustavo/Documents/etl_api_twitter/venv/lib/python3.9/site-packages/airflow/example_dags/subdags/subdag.py
[2023-01-04 08:19:56,327] {processor.py:161} INFO - Processing /home/gustavo/Documents/etl_api_twitter/venv/lib/python3.9/site-packages/airflow/example_dags/subdags/subdag.py took 0.040 seconds
[2023-01-04 08:20:29,300] {processor.py:153} INFO - Started process (PID=6435) to work on /home/gustavo/Documents/etl_api_twitter/venv/lib/python3.9/site-packages/airflow/example_dags/subdags/subdag.py
[2023-01-04 08:20:29,302] {processor.py:641} INFO - Processing file /home/gustavo/Documents/etl_api_twitter/venv/lib/python3.9/site-packages/airflow/example_dags/subdags/subdag.py for tasks to queue
[2023-01-04 08:20:29,304] {logging_mixin.py:115} INFO - [2023-01-04 08:20:29,304] {dagbag.py:507} INFO - Filling up the DagBag from /home/gustavo/Documents/etl_api_twitter/venv/lib/python3.9/site-packages/airflow/example_dags/subdags/subdag.py
[2023-01-04 08:20:29,307] {processor.py:653} WARNING - No viable dags retrieved from /home/gustavo/Documents/etl_api_twitter/venv/lib/python3.9/site-packages/airflow/example_dags/subdags/subdag.py
[2023-01-04 08:20:29,327] {processor.py:161} INFO - Processing /home/gustavo/Documents/etl_api_twitter/venv/lib/python3.9/site-packages/airflow/example_dags/subdags/subdag.py took 0.035 seconds
[2023-01-04 08:21:00,789] {processor.py:153} INFO - Started process (PID=6668) to work on /home/gustavo/Documents/etl_api_twitter/venv/lib/python3.9/site-packages/airflow/example_dags/subdags/subdag.py
[2023-01-04 08:21:00,790] {processor.py:641} INFO - Processing file /home/gustavo/Documents/etl_api_twitter/venv/lib/python3.9/site-packages/airflow/example_dags/subdags/subdag.py for tasks to queue
[2023-01-04 08:21:00,791] {logging_mixin.py:115} INFO - [2023-01-04 08:21:00,791] {dagbag.py:507} INFO - Filling up the DagBag from /home/gustavo/Documents/etl_api_twitter/venv/lib/python3.9/site-packages/airflow/example_dags/subdags/subdag.py
[2023-01-04 08:21:00,792] {processor.py:653} WARNING - No viable dags retrieved from /home/gustavo/Documents/etl_api_twitter/venv/lib/python3.9/site-packages/airflow/example_dags/subdags/subdag.py
[2023-01-04 08:21:00,810] {processor.py:161} INFO - Processing /home/gustavo/Documents/etl_api_twitter/venv/lib/python3.9/site-packages/airflow/example_dags/subdags/subdag.py took 0.025 seconds
[2023-01-04 08:21:32,836] {processor.py:153} INFO - Started process (PID=6845) to work on /home/gustavo/Documents/etl_api_twitter/venv/lib/python3.9/site-packages/airflow/example_dags/subdags/subdag.py
[2023-01-04 08:21:32,837] {processor.py:641} INFO - Processing file /home/gustavo/Documents/etl_api_twitter/venv/lib/python3.9/site-packages/airflow/example_dags/subdags/subdag.py for tasks to queue
[2023-01-04 08:21:32,838] {logging_mixin.py:115} INFO - [2023-01-04 08:21:32,838] {dagbag.py:507} INFO - Filling up the DagBag from /home/gustavo/Documents/etl_api_twitter/venv/lib/python3.9/site-packages/airflow/example_dags/subdags/subdag.py
[2023-01-04 08:21:32,840] {processor.py:653} WARNING - No viable dags retrieved from /home/gustavo/Documents/etl_api_twitter/venv/lib/python3.9/site-packages/airflow/example_dags/subdags/subdag.py
[2023-01-04 08:21:32,854] {processor.py:161} INFO - Processing /home/gustavo/Documents/etl_api_twitter/venv/lib/python3.9/site-packages/airflow/example_dags/subdags/subdag.py took 0.024 seconds
[2023-01-04 08:22:05,790] {processor.py:153} INFO - Started process (PID=7048) to work on /home/gustavo/Documents/etl_api_twitter/venv/lib/python3.9/site-packages/airflow/example_dags/subdags/subdag.py
[2023-01-04 08:22:05,792] {processor.py:641} INFO - Processing file /home/gustavo/Documents/etl_api_twitter/venv/lib/python3.9/site-packages/airflow/example_dags/subdags/subdag.py for tasks to queue
[2023-01-04 08:22:05,792] {logging_mixin.py:115} INFO - [2023-01-04 08:22:05,792] {dagbag.py:507} INFO - Filling up the DagBag from /home/gustavo/Documents/etl_api_twitter/venv/lib/python3.9/site-packages/airflow/example_dags/subdags/subdag.py
[2023-01-04 08:22:05,795] {processor.py:653} WARNING - No viable dags retrieved from /home/gustavo/Documents/etl_api_twitter/venv/lib/python3.9/site-packages/airflow/example_dags/subdags/subdag.py
[2023-01-04 08:22:05,810] {processor.py:161} INFO - Processing /home/gustavo/Documents/etl_api_twitter/venv/lib/python3.9/site-packages/airflow/example_dags/subdags/subdag.py took 0.023 seconds
[2023-01-04 08:22:37,790] {processor.py:153} INFO - Started process (PID=7233) to work on /home/gustavo/Documents/etl_api_twitter/venv/lib/python3.9/site-packages/airflow/example_dags/subdags/subdag.py
[2023-01-04 08:22:37,791] {processor.py:641} INFO - Processing file /home/gustavo/Documents/etl_api_twitter/venv/lib/python3.9/site-packages/airflow/example_dags/subdags/subdag.py for tasks to queue
[2023-01-04 08:22:37,791] {logging_mixin.py:115} INFO - [2023-01-04 08:22:37,791] {dagbag.py:507} INFO - Filling up the DagBag from /home/gustavo/Documents/etl_api_twitter/venv/lib/python3.9/site-packages/airflow/example_dags/subdags/subdag.py
[2023-01-04 08:22:37,792] {processor.py:653} WARNING - No viable dags retrieved from /home/gustavo/Documents/etl_api_twitter/venv/lib/python3.9/site-packages/airflow/example_dags/subdags/subdag.py
[2023-01-04 08:22:37,804] {processor.py:161} INFO - Processing /home/gustavo/Documents/etl_api_twitter/venv/lib/python3.9/site-packages/airflow/example_dags/subdags/subdag.py took 0.017 seconds
[2023-01-04 08:23:12,101] {processor.py:153} INFO - Started process (PID=7442) to work on /home/gustavo/Documents/etl_api_twitter/venv/lib/python3.9/site-packages/airflow/example_dags/subdags/subdag.py
[2023-01-04 08:23:12,102] {processor.py:641} INFO - Processing file /home/gustavo/Documents/etl_api_twitter/venv/lib/python3.9/site-packages/airflow/example_dags/subdags/subdag.py for tasks to queue
[2023-01-04 08:23:12,102] {logging_mixin.py:115} INFO - [2023-01-04 08:23:12,102] {dagbag.py:507} INFO - Filling up the DagBag from /home/gustavo/Documents/etl_api_twitter/venv/lib/python3.9/site-packages/airflow/example_dags/subdags/subdag.py
[2023-01-04 08:23:12,103] {processor.py:653} WARNING - No viable dags retrieved from /home/gustavo/Documents/etl_api_twitter/venv/lib/python3.9/site-packages/airflow/example_dags/subdags/subdag.py
[2023-01-04 08:23:12,117] {processor.py:161} INFO - Processing /home/gustavo/Documents/etl_api_twitter/venv/lib/python3.9/site-packages/airflow/example_dags/subdags/subdag.py took 0.019 seconds
[2023-01-04 08:23:46,248] {processor.py:153} INFO - Started process (PID=7623) to work on /home/gustavo/Documents/etl_api_twitter/venv/lib/python3.9/site-packages/airflow/example_dags/subdags/subdag.py
[2023-01-04 08:23:46,248] {processor.py:641} INFO - Processing file /home/gustavo/Documents/etl_api_twitter/venv/lib/python3.9/site-packages/airflow/example_dags/subdags/subdag.py for tasks to queue
[2023-01-04 08:23:46,250] {logging_mixin.py:115} INFO - [2023-01-04 08:23:46,250] {dagbag.py:507} INFO - Filling up the DagBag from /home/gustavo/Documents/etl_api_twitter/venv/lib/python3.9/site-packages/airflow/example_dags/subdags/subdag.py
[2023-01-04 08:23:46,251] {processor.py:653} WARNING - No viable dags retrieved from /home/gustavo/Documents/etl_api_twitter/venv/lib/python3.9/site-packages/airflow/example_dags/subdags/subdag.py
[2023-01-04 08:23:46,275] {processor.py:161} INFO - Processing /home/gustavo/Documents/etl_api_twitter/venv/lib/python3.9/site-packages/airflow/example_dags/subdags/subdag.py took 0.031 seconds
[2023-01-04 08:24:21,102] {processor.py:153} INFO - Started process (PID=7827) to work on /home/gustavo/Documents/etl_api_twitter/venv/lib/python3.9/site-packages/airflow/example_dags/subdags/subdag.py
[2023-01-04 08:24:21,103] {processor.py:641} INFO - Processing file /home/gustavo/Documents/etl_api_twitter/venv/lib/python3.9/site-packages/airflow/example_dags/subdags/subdag.py for tasks to queue
[2023-01-04 08:24:21,103] {logging_mixin.py:115} INFO - [2023-01-04 08:24:21,103] {dagbag.py:507} INFO - Filling up the DagBag from /home/gustavo/Documents/etl_api_twitter/venv/lib/python3.9/site-packages/airflow/example_dags/subdags/subdag.py
[2023-01-04 08:24:21,105] {processor.py:653} WARNING - No viable dags retrieved from /home/gustavo/Documents/etl_api_twitter/venv/lib/python3.9/site-packages/airflow/example_dags/subdags/subdag.py
[2023-01-04 08:24:21,117] {processor.py:161} INFO - Processing /home/gustavo/Documents/etl_api_twitter/venv/lib/python3.9/site-packages/airflow/example_dags/subdags/subdag.py took 0.018 seconds
[2023-01-04 08:24:53,110] {processor.py:153} INFO - Started process (PID=8003) to work on /home/gustavo/Documents/etl_api_twitter/venv/lib/python3.9/site-packages/airflow/example_dags/subdags/subdag.py
[2023-01-04 08:24:53,111] {processor.py:641} INFO - Processing file /home/gustavo/Documents/etl_api_twitter/venv/lib/python3.9/site-packages/airflow/example_dags/subdags/subdag.py for tasks to queue
[2023-01-04 08:24:53,111] {logging_mixin.py:115} INFO - [2023-01-04 08:24:53,111] {dagbag.py:507} INFO - Filling up the DagBag from /home/gustavo/Documents/etl_api_twitter/venv/lib/python3.9/site-packages/airflow/example_dags/subdags/subdag.py
[2023-01-04 08:24:53,113] {processor.py:653} WARNING - No viable dags retrieved from /home/gustavo/Documents/etl_api_twitter/venv/lib/python3.9/site-packages/airflow/example_dags/subdags/subdag.py
[2023-01-04 08:24:53,125] {processor.py:161} INFO - Processing /home/gustavo/Documents/etl_api_twitter/venv/lib/python3.9/site-packages/airflow/example_dags/subdags/subdag.py took 0.019 seconds
[2023-01-04 08:25:26,065] {processor.py:153} INFO - Started process (PID=8206) to work on /home/gustavo/Documents/etl_api_twitter/venv/lib/python3.9/site-packages/airflow/example_dags/subdags/subdag.py
[2023-01-04 08:25:26,067] {processor.py:641} INFO - Processing file /home/gustavo/Documents/etl_api_twitter/venv/lib/python3.9/site-packages/airflow/example_dags/subdags/subdag.py for tasks to queue
[2023-01-04 08:25:26,067] {logging_mixin.py:115} INFO - [2023-01-04 08:25:26,067] {dagbag.py:507} INFO - Filling up the DagBag from /home/gustavo/Documents/etl_api_twitter/venv/lib/python3.9/site-packages/airflow/example_dags/subdags/subdag.py
[2023-01-04 08:25:26,070] {processor.py:653} WARNING - No viable dags retrieved from /home/gustavo/Documents/etl_api_twitter/venv/lib/python3.9/site-packages/airflow/example_dags/subdags/subdag.py
[2023-01-04 08:25:26,082] {processor.py:161} INFO - Processing /home/gustavo/Documents/etl_api_twitter/venv/lib/python3.9/site-packages/airflow/example_dags/subdags/subdag.py took 0.020 seconds
[2023-01-04 08:25:59,093] {processor.py:153} INFO - Started process (PID=8441) to work on /home/gustavo/Documents/etl_api_twitter/venv/lib/python3.9/site-packages/airflow/example_dags/subdags/subdag.py
[2023-01-04 08:25:59,094] {processor.py:641} INFO - Processing file /home/gustavo/Documents/etl_api_twitter/venv/lib/python3.9/site-packages/airflow/example_dags/subdags/subdag.py for tasks to queue
[2023-01-04 08:25:59,096] {logging_mixin.py:115} INFO - [2023-01-04 08:25:59,095] {dagbag.py:507} INFO - Filling up the DagBag from /home/gustavo/Documents/etl_api_twitter/venv/lib/python3.9/site-packages/airflow/example_dags/subdags/subdag.py
[2023-01-04 08:25:59,098] {processor.py:653} WARNING - No viable dags retrieved from /home/gustavo/Documents/etl_api_twitter/venv/lib/python3.9/site-packages/airflow/example_dags/subdags/subdag.py
[2023-01-04 08:25:59,110] {processor.py:161} INFO - Processing /home/gustavo/Documents/etl_api_twitter/venv/lib/python3.9/site-packages/airflow/example_dags/subdags/subdag.py took 0.024 seconds
[2023-01-04 08:26:33,605] {processor.py:153} INFO - Started process (PID=8644) to work on /home/gustavo/Documents/etl_api_twitter/venv/lib/python3.9/site-packages/airflow/example_dags/subdags/subdag.py
[2023-01-04 08:26:33,607] {processor.py:641} INFO - Processing file /home/gustavo/Documents/etl_api_twitter/venv/lib/python3.9/site-packages/airflow/example_dags/subdags/subdag.py for tasks to queue
[2023-01-04 08:26:33,608] {logging_mixin.py:115} INFO - [2023-01-04 08:26:33,608] {dagbag.py:507} INFO - Filling up the DagBag from /home/gustavo/Documents/etl_api_twitter/venv/lib/python3.9/site-packages/airflow/example_dags/subdags/subdag.py
[2023-01-04 08:26:33,610] {processor.py:653} WARNING - No viable dags retrieved from /home/gustavo/Documents/etl_api_twitter/venv/lib/python3.9/site-packages/airflow/example_dags/subdags/subdag.py
[2023-01-04 08:26:33,624] {processor.py:161} INFO - Processing /home/gustavo/Documents/etl_api_twitter/venv/lib/python3.9/site-packages/airflow/example_dags/subdags/subdag.py took 0.026 seconds
[2023-01-04 08:27:08,859] {processor.py:153} INFO - Started process (PID=8854) to work on /home/gustavo/Documents/etl_api_twitter/venv/lib/python3.9/site-packages/airflow/example_dags/subdags/subdag.py
[2023-01-04 08:27:08,860] {processor.py:641} INFO - Processing file /home/gustavo/Documents/etl_api_twitter/venv/lib/python3.9/site-packages/airflow/example_dags/subdags/subdag.py for tasks to queue
[2023-01-04 08:27:08,860] {logging_mixin.py:115} INFO - [2023-01-04 08:27:08,860] {dagbag.py:507} INFO - Filling up the DagBag from /home/gustavo/Documents/etl_api_twitter/venv/lib/python3.9/site-packages/airflow/example_dags/subdags/subdag.py
[2023-01-04 08:27:08,862] {processor.py:653} WARNING - No viable dags retrieved from /home/gustavo/Documents/etl_api_twitter/venv/lib/python3.9/site-packages/airflow/example_dags/subdags/subdag.py
[2023-01-04 08:27:08,872] {processor.py:161} INFO - Processing /home/gustavo/Documents/etl_api_twitter/venv/lib/python3.9/site-packages/airflow/example_dags/subdags/subdag.py took 0.018 seconds
[2023-01-04 08:27:43,599] {processor.py:153} INFO - Started process (PID=9068) to work on /home/gustavo/Documents/etl_api_twitter/venv/lib/python3.9/site-packages/airflow/example_dags/subdags/subdag.py
[2023-01-04 08:27:43,601] {processor.py:641} INFO - Processing file /home/gustavo/Documents/etl_api_twitter/venv/lib/python3.9/site-packages/airflow/example_dags/subdags/subdag.py for tasks to queue
[2023-01-04 08:27:43,603] {logging_mixin.py:115} INFO - [2023-01-04 08:27:43,603] {dagbag.py:507} INFO - Filling up the DagBag from /home/gustavo/Documents/etl_api_twitter/venv/lib/python3.9/site-packages/airflow/example_dags/subdags/subdag.py
[2023-01-04 08:27:43,606] {processor.py:653} WARNING - No viable dags retrieved from /home/gustavo/Documents/etl_api_twitter/venv/lib/python3.9/site-packages/airflow/example_dags/subdags/subdag.py
[2023-01-04 08:27:43,630] {processor.py:161} INFO - Processing /home/gustavo/Documents/etl_api_twitter/venv/lib/python3.9/site-packages/airflow/example_dags/subdags/subdag.py took 0.037 seconds
