[2023-01-04 08:00:41,786] {manager.py:480} INFO - Processing files using up to 1 processes at a time 
[2023-01-04 08:00:41,795] {manager.py:481} INFO - Process each file at most once every 30 seconds
[2023-01-04 08:00:41,795] {manager.py:482} INFO - Checking for new files in /home/gustavo/Documents/etl_api_twitter/airflow_pipeline/dags every 300 seconds
[2023-01-04 08:00:41,795] {manager.py:690} INFO - Searching for files in /home/gustavo/Documents/etl_api_twitter/airflow_pipeline/dags
[2023-01-04 08:00:41,828] {manager.py:693} INFO - There are 34 files in /home/gustavo/Documents/etl_api_twitter/airflow_pipeline/dags
[2023-01-04 08:00:42,653] {manager.py:809} INFO - 
================================================================================
DAG File Processing Stats

File Path                                                                                                                                 PID    Runtime      # DAGs    # Errors  Last Runtime    Last Run
----------------------------------------------------------------------------------------------------------------------------------------  -----  ---------  --------  ----------  --------------  -------------------
/home/gustavo/Documents/etl_api_twitter/venv/lib/python3.9/site-packages/airflow/example_dags/example_skip_dag.py                                                  0           0
/home/gustavo/Documents/etl_api_twitter/venv/lib/python3.9/site-packages/airflow/example_dags/example_complex.py                                                   0           0
/home/gustavo/Documents/etl_api_twitter/venv/lib/python3.9/site-packages/airflow/example_dags/example_branch_datetime_operator.py                                  0           0
/home/gustavo/Documents/etl_api_twitter/venv/lib/python3.9/site-packages/airflow/example_dags/example_kubernetes_executor.py                                       0           0
/home/gustavo/Documents/etl_api_twitter/venv/lib/python3.9/site-packages/airflow/example_dags/example_latest_only_with_trigger.py                                  0           0
/home/gustavo/Documents/etl_api_twitter/venv/lib/python3.9/site-packages/airflow/example_dags/tutorial_taskflow_api_etl_virtualenv.py                              0           0
/home/gustavo/Documents/etl_api_twitter/venv/lib/python3.9/site-packages/airflow/example_dags/tutorial_etl_dag.py                                                  0           0
/home/gustavo/Documents/etl_api_twitter/venv/lib/python3.9/site-packages/airflow/example_dags/example_sla_dag.py                                                   0           0
/home/gustavo/Documents/etl_api_twitter/venv/lib/python3.9/site-packages/airflow/example_dags/example_xcom.py                                                      0           0
/home/gustavo/Documents/etl_api_twitter/venv/lib/python3.9/site-packages/airflow/example_dags/example_branch_day_of_week_operator.py                               0           0
/home/gustavo/Documents/etl_api_twitter/venv/lib/python3.9/site-packages/airflow/example_dags/example_subdag_operator.py                                           0           0
/home/gustavo/Documents/etl_api_twitter/venv/lib/python3.9/site-packages/airflow/example_dags/example_dag_decorator.py                                             0           0
/home/gustavo/Documents/etl_api_twitter/venv/lib/python3.9/site-packages/airflow/example_dags/example_xcomargs.py                                                  0           0
/home/gustavo/Documents/etl_api_twitter/venv/lib/python3.9/site-packages/airflow/example_dags/example_latest_only.py                                               0           0
/home/gustavo/Documents/etl_api_twitter/venv/lib/python3.9/site-packages/airflow/example_dags/example_branch_operator_decorator.py                                 0           0
/home/gustavo/Documents/etl_api_twitter/venv/lib/python3.9/site-packages/airflow/example_dags/example_bash_operator.py                                             0           0
/home/gustavo/Documents/etl_api_twitter/venv/lib/python3.9/site-packages/airflow/example_dags/example_external_task_marker_dag.py                                  0           0
/home/gustavo/Documents/etl_api_twitter/venv/lib/python3.9/site-packages/airflow/example_dags/example_python_operator.py                                           0           0
/home/gustavo/Documents/etl_api_twitter/venv/lib/python3.9/site-packages/airflow/example_dags/example_passing_params_via_test_command.py                           0           0
/home/gustavo/Documents/etl_api_twitter/venv/lib/python3.9/site-packages/airflow/example_dags/example_branch_operator.py                                           0           0
/home/gustavo/Documents/etl_api_twitter/venv/lib/python3.9/site-packages/airflow/example_dags/example_trigger_target_dag.py                                        0           0
/home/gustavo/Documents/etl_api_twitter/venv/lib/python3.9/site-packages/airflow/example_dags/example_time_delta_sensor_async.py                                   0           0
/home/gustavo/Documents/etl_api_twitter/venv/lib/python3.9/site-packages/airflow/example_dags/example_branch_labels.py                                             0           0
/home/gustavo/Documents/etl_api_twitter/venv/lib/python3.9/site-packages/airflow/example_dags/example_branch_python_dop_operator_3.py                              0           0
/home/gustavo/Documents/etl_api_twitter/venv/lib/python3.9/site-packages/airflow/example_dags/tutorial_taskflow_api_etl.py                                         0           0
/home/gustavo/Documents/etl_api_twitter/venv/lib/python3.9/site-packages/airflow/example_dags/example_short_circuit_operator.py                                    0           0
/home/gustavo/Documents/etl_api_twitter/venv/lib/python3.9/site-packages/airflow/example_dags/example_task_group_decorator.py                                      0           0
/home/gustavo/Documents/etl_api_twitter/venv/lib/python3.9/site-packages/airflow/example_dags/example_trigger_controller_dag.py                                    0           0
/home/gustavo/Documents/etl_api_twitter/venv/lib/python3.9/site-packages/airflow/example_dags/example_nested_branch_dag.py                                         0           0
/home/gustavo/Documents/etl_api_twitter/venv/lib/python3.9/site-packages/airflow/example_dags/example_local_kubernetes_executor.py                                 0           0
/home/gustavo/Documents/etl_api_twitter/venv/lib/python3.9/site-packages/airflow/example_dags/tutorial.py                                                          0           0
/home/gustavo/Documents/etl_api_twitter/venv/lib/python3.9/site-packages/airflow/example_dags/subdags/subdag.py                                                    0           0
/home/gustavo/Documents/etl_api_twitter/venv/lib/python3.9/site-packages/airflow/example_dags/plugins/workday.py                                                   0           0
/home/gustavo/Documents/etl_api_twitter/venv/lib/python3.9/site-packages/airflow/example_dags/example_task_group.py                                                1           0  0.71s           2023-01-04T11:00:42
================================================================================
[2023-01-04 08:01:12,829] {manager.py:809} INFO - 
================================================================================
DAG File Processing Stats

File Path                                                                                                                                 PID    Runtime      # DAGs    # Errors  Last Runtime    Last Run
----------------------------------------------------------------------------------------------------------------------------------------  -----  ---------  --------  ----------  --------------  -------------------
/home/gustavo/Documents/etl_api_twitter/venv/lib/python3.9/site-packages/airflow/example_dags/example_kubernetes_executor.py                                       0           0  0.21s           2023-01-04T11:01:02
/home/gustavo/Documents/etl_api_twitter/venv/lib/python3.9/site-packages/airflow/example_dags/tutorial_taskflow_api_etl_virtualenv.py                              0           0  0.10s           2023-01-04T11:00:43
/home/gustavo/Documents/etl_api_twitter/venv/lib/python3.9/site-packages/airflow/example_dags/example_external_task_marker_dag.py                                  0           0
/home/gustavo/Documents/etl_api_twitter/venv/lib/python3.9/site-packages/airflow/example_dags/example_python_operator.py                                           0           0
/home/gustavo/Documents/etl_api_twitter/venv/lib/python3.9/site-packages/airflow/example_dags/example_passing_params_via_test_command.py                           0           0
/home/gustavo/Documents/etl_api_twitter/venv/lib/python3.9/site-packages/airflow/example_dags/example_branch_operator.py                                           0           0
/home/gustavo/Documents/etl_api_twitter/venv/lib/python3.9/site-packages/airflow/example_dags/example_branch_labels.py                                             0           0
/home/gustavo/Documents/etl_api_twitter/venv/lib/python3.9/site-packages/airflow/example_dags/example_branch_python_dop_operator_3.py                              0           0
/home/gustavo/Documents/etl_api_twitter/venv/lib/python3.9/site-packages/airflow/example_dags/example_short_circuit_operator.py                                    0           0
/home/gustavo/Documents/etl_api_twitter/venv/lib/python3.9/site-packages/airflow/example_dags/example_nested_branch_dag.py                                         0           0
/home/gustavo/Documents/etl_api_twitter/venv/lib/python3.9/site-packages/airflow/example_dags/example_local_kubernetes_executor.py                                 0           0
/home/gustavo/Documents/etl_api_twitter/venv/lib/python3.9/site-packages/airflow/example_dags/subdags/subdag.py                                                    0           0  0.11s           2023-01-04T11:00:56
/home/gustavo/Documents/etl_api_twitter/venv/lib/python3.9/site-packages/airflow/example_dags/plugins/workday.py                                                   0           0  0.10s           2023-01-04T11:00:57
/home/gustavo/Documents/etl_api_twitter/venv/lib/python3.9/site-packages/airflow/example_dags/example_task_group.py                                                1           0  0.71s           2023-01-04T11:00:42
/home/gustavo/Documents/etl_api_twitter/venv/lib/python3.9/site-packages/airflow/example_dags/example_skip_dag.py                                                  1           0  0.31s           2023-01-04T11:00:58
/home/gustavo/Documents/etl_api_twitter/venv/lib/python3.9/site-packages/airflow/example_dags/example_complex.py                                                   1           0  0.41s           2023-01-04T11:01:00
/home/gustavo/Documents/etl_api_twitter/venv/lib/python3.9/site-packages/airflow/example_dags/example_branch_datetime_operator.py                                  1           0  0.40s           2023-01-04T11:01:01
/home/gustavo/Documents/etl_api_twitter/venv/lib/python3.9/site-packages/airflow/example_dags/example_latest_only_with_trigger.py                                  1           0  0.41s           2023-01-04T11:01:03
/home/gustavo/Documents/etl_api_twitter/venv/lib/python3.9/site-packages/airflow/example_dags/tutorial_etl_dag.py                                                  1           0  0.52s           2023-01-04T11:00:45
/home/gustavo/Documents/etl_api_twitter/venv/lib/python3.9/site-packages/airflow/example_dags/example_sla_dag.py                                                   1           0  0.41s           2023-01-04T11:01:05
/home/gustavo/Documents/etl_api_twitter/venv/lib/python3.9/site-packages/airflow/example_dags/example_xcom.py                                                      1           0  0.30s           2023-01-04T11:00:46
/home/gustavo/Documents/etl_api_twitter/venv/lib/python3.9/site-packages/airflow/example_dags/example_branch_day_of_week_operator.py                               1           0  0.51s           2023-01-04T11:01:06
/home/gustavo/Documents/etl_api_twitter/venv/lib/python3.9/site-packages/airflow/example_dags/example_dag_decorator.py                                             1           0  0.41s           2023-01-04T11:01:09
/home/gustavo/Documents/etl_api_twitter/venv/lib/python3.9/site-packages/airflow/example_dags/example_latest_only.py                                               1           0  0.41s           2023-01-04T11:01:10
/home/gustavo/Documents/etl_api_twitter/venv/lib/python3.9/site-packages/airflow/example_dags/example_branch_operator_decorator.py                                 1           0  0.41s           2023-01-04T11:01:12
/home/gustavo/Documents/etl_api_twitter/venv/lib/python3.9/site-packages/airflow/example_dags/example_bash_operator.py                                             1           0  0.31s           2023-01-04T11:01:12
/home/gustavo/Documents/etl_api_twitter/venv/lib/python3.9/site-packages/airflow/example_dags/example_trigger_target_dag.py                                        1           0  0.31s           2023-01-04T11:00:49
/home/gustavo/Documents/etl_api_twitter/venv/lib/python3.9/site-packages/airflow/example_dags/example_time_delta_sensor_async.py                                   1           0  0.31s           2023-01-04T11:00:51
/home/gustavo/Documents/etl_api_twitter/venv/lib/python3.9/site-packages/airflow/example_dags/tutorial_taskflow_api_etl.py                                         1           0  0.31s           2023-01-04T11:00:52
/home/gustavo/Documents/etl_api_twitter/venv/lib/python3.9/site-packages/airflow/example_dags/example_task_group_decorator.py                                      1           0  0.41s           2023-01-04T11:00:53
/home/gustavo/Documents/etl_api_twitter/venv/lib/python3.9/site-packages/airflow/example_dags/example_trigger_controller_dag.py                                    1           0  0.31s           2023-01-04T11:00:55
/home/gustavo/Documents/etl_api_twitter/venv/lib/python3.9/site-packages/airflow/example_dags/tutorial.py                                                          1           0  0.41s           2023-01-04T11:00:56
/home/gustavo/Documents/etl_api_twitter/venv/lib/python3.9/site-packages/airflow/example_dags/example_xcomargs.py                                                  2           0  0.41s           2023-01-04T11:00:48
/home/gustavo/Documents/etl_api_twitter/venv/lib/python3.9/site-packages/airflow/example_dags/example_subdag_operator.py                                           3           0  0.41s           2023-01-04T11:01:07
================================================================================
[2023-01-04 08:01:42,841] {manager.py:809} INFO - 
================================================================================
DAG File Processing Stats

File Path                                                                                                                                 PID    Runtime      # DAGs    # Errors  Last Runtime    Last Run
----------------------------------------------------------------------------------------------------------------------------------------  -----  ---------  --------  ----------  --------------  -------------------
/home/gustavo/Documents/etl_api_twitter/venv/lib/python3.9/site-packages/airflow/example_dags/example_kubernetes_executor.py                                       0           0  0.11s           2023-01-04T11:01:42
/home/gustavo/Documents/etl_api_twitter/venv/lib/python3.9/site-packages/airflow/example_dags/tutorial_taskflow_api_etl_virtualenv.py                              0           0  0.10s           2023-01-04T11:01:26
/home/gustavo/Documents/etl_api_twitter/venv/lib/python3.9/site-packages/airflow/example_dags/example_local_kubernetes_executor.py                                 0           0  0.11s           2023-01-04T11:01:23
/home/gustavo/Documents/etl_api_twitter/venv/lib/python3.9/site-packages/airflow/example_dags/subdags/subdag.py                                                    0           0  0.11s           2023-01-04T11:01:37
/home/gustavo/Documents/etl_api_twitter/venv/lib/python3.9/site-packages/airflow/example_dags/plugins/workday.py                                                   0           0  0.10s           2023-01-04T11:01:39
/home/gustavo/Documents/etl_api_twitter/venv/lib/python3.9/site-packages/airflow/example_dags/example_task_group.py                                                1           0  0.21s           2023-01-04T11:01:25
/home/gustavo/Documents/etl_api_twitter/venv/lib/python3.9/site-packages/airflow/example_dags/example_skip_dag.py                                                  1           0  0.11s           2023-01-04T11:01:39
/home/gustavo/Documents/etl_api_twitter/venv/lib/python3.9/site-packages/airflow/example_dags/example_complex.py                                                   1           0  0.11s           2023-01-04T11:01:40
/home/gustavo/Documents/etl_api_twitter/venv/lib/python3.9/site-packages/airflow/example_dags/example_branch_datetime_operator.py                                  1           0  0.20s           2023-01-04T11:01:41
/home/gustavo/Documents/etl_api_twitter/venv/lib/python3.9/site-packages/airflow/example_dags/example_latest_only_with_trigger.py                                  1           0  0.41s           2023-01-04T11:01:03
/home/gustavo/Documents/etl_api_twitter/venv/lib/python3.9/site-packages/airflow/example_dags/tutorial_etl_dag.py                                                  1           0  0.21s           2023-01-04T11:01:27
/home/gustavo/Documents/etl_api_twitter/venv/lib/python3.9/site-packages/airflow/example_dags/example_sla_dag.py                                                   1           0  0.41s           2023-01-04T11:01:05
/home/gustavo/Documents/etl_api_twitter/venv/lib/python3.9/site-packages/airflow/example_dags/example_xcom.py                                                      1           0  0.21s           2023-01-04T11:01:28
/home/gustavo/Documents/etl_api_twitter/venv/lib/python3.9/site-packages/airflow/example_dags/example_branch_day_of_week_operator.py                               1           0  0.51s           2023-01-04T11:01:06
/home/gustavo/Documents/etl_api_twitter/venv/lib/python3.9/site-packages/airflow/example_dags/example_dag_decorator.py                                             1           0  0.41s           2023-01-04T11:01:09
/home/gustavo/Documents/etl_api_twitter/venv/lib/python3.9/site-packages/airflow/example_dags/example_latest_only.py                                               1           0  0.41s           2023-01-04T11:01:10
/home/gustavo/Documents/etl_api_twitter/venv/lib/python3.9/site-packages/airflow/example_dags/example_branch_operator_decorator.py                                 1           0  0.41s           2023-01-04T11:01:12
/home/gustavo/Documents/etl_api_twitter/venv/lib/python3.9/site-packages/airflow/example_dags/example_bash_operator.py                                             1           0  0.31s           2023-01-04T11:01:12
/home/gustavo/Documents/etl_api_twitter/venv/lib/python3.9/site-packages/airflow/example_dags/example_python_operator.py                                           1           0  0.31s           2023-01-04T11:01:14
/home/gustavo/Documents/etl_api_twitter/venv/lib/python3.9/site-packages/airflow/example_dags/example_passing_params_via_test_command.py                           1           0  0.31s           2023-01-04T11:01:16
/home/gustavo/Documents/etl_api_twitter/venv/lib/python3.9/site-packages/airflow/example_dags/example_branch_operator.py                                           1           0  0.41s           2023-01-04T11:01:17
/home/gustavo/Documents/etl_api_twitter/venv/lib/python3.9/site-packages/airflow/example_dags/example_trigger_target_dag.py                                        1           0  0.20s           2023-01-04T11:01:30
/home/gustavo/Documents/etl_api_twitter/venv/lib/python3.9/site-packages/airflow/example_dags/example_time_delta_sensor_async.py                                   1           0  0.21s           2023-01-04T11:01:31
/home/gustavo/Documents/etl_api_twitter/venv/lib/python3.9/site-packages/airflow/example_dags/example_branch_labels.py                                             1           0  0.31s           2023-01-04T11:01:18
/home/gustavo/Documents/etl_api_twitter/venv/lib/python3.9/site-packages/airflow/example_dags/example_branch_python_dop_operator_3.py                              1           0  0.31s           2023-01-04T11:01:20
/home/gustavo/Documents/etl_api_twitter/venv/lib/python3.9/site-packages/airflow/example_dags/tutorial_taskflow_api_etl.py                                         1           0  0.20s           2023-01-04T11:01:33
/home/gustavo/Documents/etl_api_twitter/venv/lib/python3.9/site-packages/airflow/example_dags/example_short_circuit_operator.py                                    1           0  0.31s           2023-01-04T11:01:21
/home/gustavo/Documents/etl_api_twitter/venv/lib/python3.9/site-packages/airflow/example_dags/example_task_group_decorator.py                                      1           0  0.20s           2023-01-04T11:01:34
/home/gustavo/Documents/etl_api_twitter/venv/lib/python3.9/site-packages/airflow/example_dags/example_trigger_controller_dag.py                                    1           0  0.21s           2023-01-04T11:01:35
/home/gustavo/Documents/etl_api_twitter/venv/lib/python3.9/site-packages/airflow/example_dags/example_nested_branch_dag.py                                         1           0  0.41s           2023-01-04T11:01:23
/home/gustavo/Documents/etl_api_twitter/venv/lib/python3.9/site-packages/airflow/example_dags/tutorial.py                                                          1           0  0.20s           2023-01-04T11:01:36
/home/gustavo/Documents/etl_api_twitter/venv/lib/python3.9/site-packages/airflow/example_dags/example_xcomargs.py                                                  2           0  0.20s           2023-01-04T11:01:29
/home/gustavo/Documents/etl_api_twitter/venv/lib/python3.9/site-packages/airflow/example_dags/example_external_task_marker_dag.py                                  2           0  0.41s           2023-01-04T11:01:13
/home/gustavo/Documents/etl_api_twitter/venv/lib/python3.9/site-packages/airflow/example_dags/example_subdag_operator.py                                           3           0  0.41s           2023-01-04T11:01:07
================================================================================
[2023-01-04 08:02:13,378] {manager.py:809} INFO - 
================================================================================
DAG File Processing Stats

File Path                                                                                                                                 PID    Runtime      # DAGs    # Errors  Last Runtime    Last Run
----------------------------------------------------------------------------------------------------------------------------------------  -----  ---------  --------  ----------  --------------  -------------------
/home/gustavo/Documents/etl_api_twitter/venv/lib/python3.9/site-packages/airflow/example_dags/example_kubernetes_executor.py                                       0           0  0.11s           2023-01-04T11:01:42
/home/gustavo/Documents/etl_api_twitter/venv/lib/python3.9/site-packages/airflow/example_dags/tutorial_taskflow_api_etl_virtualenv.py                              0           0  0.10s           2023-01-04T11:02:01
/home/gustavo/Documents/etl_api_twitter/venv/lib/python3.9/site-packages/airflow/example_dags/example_local_kubernetes_executor.py                                 0           0  0.21s           2023-01-04T11:02:05
/home/gustavo/Documents/etl_api_twitter/venv/lib/python3.9/site-packages/airflow/example_dags/subdags/subdag.py                                                    0           0  0.11s           2023-01-04T11:01:37
/home/gustavo/Documents/etl_api_twitter/venv/lib/python3.9/site-packages/airflow/example_dags/plugins/workday.py                                                   0           0  0.10s           2023-01-04T11:01:39
/home/gustavo/Documents/etl_api_twitter/venv/lib/python3.9/site-packages/airflow/example_dags/example_task_group.py                                                1           0  0.21s           2023-01-04T11:02:00
/home/gustavo/Documents/etl_api_twitter/venv/lib/python3.9/site-packages/airflow/example_dags/example_skip_dag.py                                                  1           0  0.11s           2023-01-04T11:01:39
/home/gustavo/Documents/etl_api_twitter/venv/lib/python3.9/site-packages/airflow/example_dags/example_complex.py                                                   1           0  0.11s           2023-01-04T11:01:40
/home/gustavo/Documents/etl_api_twitter/venv/lib/python3.9/site-packages/airflow/example_dags/example_branch_datetime_operator.py                                  1           0  0.20s           2023-01-04T11:01:41
/home/gustavo/Documents/etl_api_twitter/venv/lib/python3.9/site-packages/airflow/example_dags/example_latest_only_with_trigger.py                                  1           0  0.11s           2023-01-04T11:01:43
/home/gustavo/Documents/etl_api_twitter/venv/lib/python3.9/site-packages/airflow/example_dags/tutorial_etl_dag.py                                                  1           0  0.31s           2023-01-04T11:02:02
/home/gustavo/Documents/etl_api_twitter/venv/lib/python3.9/site-packages/airflow/example_dags/example_sla_dag.py                                                   1           0  0.20s           2023-01-04T11:01:44
/home/gustavo/Documents/etl_api_twitter/venv/lib/python3.9/site-packages/airflow/example_dags/example_xcom.py                                                      1           0  0.21s           2023-01-04T11:02:03
/home/gustavo/Documents/etl_api_twitter/venv/lib/python3.9/site-packages/airflow/example_dags/example_branch_day_of_week_operator.py                               1           0  0.21s           2023-01-04T11:01:44
/home/gustavo/Documents/etl_api_twitter/venv/lib/python3.9/site-packages/airflow/example_dags/example_dag_decorator.py                                             1           0  0.31s           2023-01-04T11:01:47
/home/gustavo/Documents/etl_api_twitter/venv/lib/python3.9/site-packages/airflow/example_dags/example_latest_only.py                                               1           0  0.21s           2023-01-04T11:01:48
/home/gustavo/Documents/etl_api_twitter/venv/lib/python3.9/site-packages/airflow/example_dags/example_branch_operator_decorator.py                                 1           0  0.21s           2023-01-04T11:01:49
/home/gustavo/Documents/etl_api_twitter/venv/lib/python3.9/site-packages/airflow/example_dags/example_bash_operator.py                                             1           0  0.21s           2023-01-04T11:01:51
/home/gustavo/Documents/etl_api_twitter/venv/lib/python3.9/site-packages/airflow/example_dags/example_python_operator.py                                           1           0  0.21s           2023-01-04T11:01:53
/home/gustavo/Documents/etl_api_twitter/venv/lib/python3.9/site-packages/airflow/example_dags/example_passing_params_via_test_command.py                           1           0  0.21s           2023-01-04T11:01:54
/home/gustavo/Documents/etl_api_twitter/venv/lib/python3.9/site-packages/airflow/example_dags/example_branch_operator.py                                           1           0  0.20s           2023-01-04T11:01:55
/home/gustavo/Documents/etl_api_twitter/venv/lib/python3.9/site-packages/airflow/example_dags/example_trigger_target_dag.py                                        1           0  0.31s           2023-01-04T11:02:07
/home/gustavo/Documents/etl_api_twitter/venv/lib/python3.9/site-packages/airflow/example_dags/example_time_delta_sensor_async.py                                   1           0  0.21s           2023-01-04T11:02:08
/home/gustavo/Documents/etl_api_twitter/venv/lib/python3.9/site-packages/airflow/example_dags/example_branch_labels.py                                             1           0  0.21s           2023-01-04T11:01:56
/home/gustavo/Documents/etl_api_twitter/venv/lib/python3.9/site-packages/airflow/example_dags/example_branch_python_dop_operator_3.py                              1           0  0.21s           2023-01-04T11:01:57
/home/gustavo/Documents/etl_api_twitter/venv/lib/python3.9/site-packages/airflow/example_dags/tutorial_taskflow_api_etl.py                                         1           0  0.31s           2023-01-04T11:02:09
/home/gustavo/Documents/etl_api_twitter/venv/lib/python3.9/site-packages/airflow/example_dags/example_short_circuit_operator.py                                    1           0  0.20s           2023-01-04T11:01:58
/home/gustavo/Documents/etl_api_twitter/venv/lib/python3.9/site-packages/airflow/example_dags/example_task_group_decorator.py                                      1           0  0.31s           2023-01-04T11:02:11
/home/gustavo/Documents/etl_api_twitter/venv/lib/python3.9/site-packages/airflow/example_dags/example_trigger_controller_dag.py                                    1           0  0.21s           2023-01-04T11:02:12
/home/gustavo/Documents/etl_api_twitter/venv/lib/python3.9/site-packages/airflow/example_dags/example_nested_branch_dag.py                                         1           0  0.21s           2023-01-04T11:01:59
/home/gustavo/Documents/etl_api_twitter/venv/lib/python3.9/site-packages/airflow/example_dags/tutorial.py                                                          1           0  0.21s           2023-01-04T11:02:13
/home/gustavo/Documents/etl_api_twitter/venv/lib/python3.9/site-packages/airflow/example_dags/example_xcomargs.py                                                  2           0  0.31s           2023-01-04T11:02:05
/home/gustavo/Documents/etl_api_twitter/venv/lib/python3.9/site-packages/airflow/example_dags/example_external_task_marker_dag.py                                  2           0  0.21s           2023-01-04T11:01:52
/home/gustavo/Documents/etl_api_twitter/venv/lib/python3.9/site-packages/airflow/example_dags/example_subdag_operator.py                                           3           0  0.20s           2023-01-04T11:01:45
================================================================================
