[2023-01-04 07:50:09,304] {manager.py:480} INFO - Processing files using up to 1 processes at a time 
[2023-01-04 07:50:09,305] {manager.py:481} INFO - Process each file at most once every 30 seconds
[2023-01-04 07:50:09,306] {manager.py:482} INFO - Checking for new files in /home/gustavo/Documents/etl_api_twitter/dags every 300 seconds
[2023-01-04 07:50:09,306] {manager.py:690} INFO - Searching for files in /home/gustavo/Documents/etl_api_twitter/dags
[2023-01-04 07:50:09,326] {manager.py:693} INFO - There are 34 files in /home/gustavo/Documents/etl_api_twitter/dags
[2023-01-04 07:50:09,938] {manager.py:809} INFO - 
================================================================================
DAG File Processing Stats

File Path                                                                                                                                 PID    Runtime      # DAGs    # Errors  Last Runtime    Last Run
----------------------------------------------------------------------------------------------------------------------------------------  -----  ---------  --------  ----------  --------------  -------------------
/home/gustavo/Documents/etl_api_twitter/venv/lib/python3.9/site-packages/airflow/example_dags/example_skip_dag.py                                                  0           0
/home/gustavo/Documents/etl_api_twitter/venv/lib/python3.9/site-packages/airflow/example_dags/example_complex.py                                                   0           0
/home/gustavo/Documents/etl_api_twitter/venv/lib/python3.9/site-packages/airflow/example_dags/example_branch_datetime_operator.py                                  0           0
/home/gustavo/Documents/etl_api_twitter/venv/lib/python3.9/site-packages/airflow/example_dags/example_kubernetes_executor.py                                       0           0
/home/gustavo/Documents/etl_api_twitter/venv/lib/python3.9/site-packages/airflow/example_dags/example_latest_only_with_trigger.py                                  0           0
/home/gustavo/Documents/etl_api_twitter/venv/lib/python3.9/site-packages/airflow/example_dags/tutorial_taskflow_api_etl_virtualenv.py                              0           0
/home/gustavo/Documents/etl_api_twitter/venv/lib/python3.9/site-packages/airflow/example_dags/tutorial_etl_dag.py                                                  0           0
/home/gustavo/Documents/etl_api_twitter/venv/lib/python3.9/site-packages/airflow/example_dags/example_sla_dag.py                                                   0           0
/home/gustavo/Documents/etl_api_twitter/venv/lib/python3.9/site-packages/airflow/example_dags/example_xcom.py                                                      0           0
/home/gustavo/Documents/etl_api_twitter/venv/lib/python3.9/site-packages/airflow/example_dags/example_branch_day_of_week_operator.py                               0           0
/home/gustavo/Documents/etl_api_twitter/venv/lib/python3.9/site-packages/airflow/example_dags/example_subdag_operator.py                                           0           0
/home/gustavo/Documents/etl_api_twitter/venv/lib/python3.9/site-packages/airflow/example_dags/example_dag_decorator.py                                             0           0
/home/gustavo/Documents/etl_api_twitter/venv/lib/python3.9/site-packages/airflow/example_dags/example_xcomargs.py                                                  0           0
/home/gustavo/Documents/etl_api_twitter/venv/lib/python3.9/site-packages/airflow/example_dags/example_latest_only.py                                               0           0
/home/gustavo/Documents/etl_api_twitter/venv/lib/python3.9/site-packages/airflow/example_dags/example_branch_operator_decorator.py                                 0           0
/home/gustavo/Documents/etl_api_twitter/venv/lib/python3.9/site-packages/airflow/example_dags/example_bash_operator.py                                             0           0
/home/gustavo/Documents/etl_api_twitter/venv/lib/python3.9/site-packages/airflow/example_dags/example_external_task_marker_dag.py                                  0           0
/home/gustavo/Documents/etl_api_twitter/venv/lib/python3.9/site-packages/airflow/example_dags/example_python_operator.py                                           0           0
/home/gustavo/Documents/etl_api_twitter/venv/lib/python3.9/site-packages/airflow/example_dags/example_passing_params_via_test_command.py                           0           0
/home/gustavo/Documents/etl_api_twitter/venv/lib/python3.9/site-packages/airflow/example_dags/example_branch_operator.py                                           0           0
/home/gustavo/Documents/etl_api_twitter/venv/lib/python3.9/site-packages/airflow/example_dags/example_trigger_target_dag.py                                        0           0
/home/gustavo/Documents/etl_api_twitter/venv/lib/python3.9/site-packages/airflow/example_dags/example_time_delta_sensor_async.py                                   0           0
/home/gustavo/Documents/etl_api_twitter/venv/lib/python3.9/site-packages/airflow/example_dags/example_branch_labels.py                                             0           0
/home/gustavo/Documents/etl_api_twitter/venv/lib/python3.9/site-packages/airflow/example_dags/example_branch_python_dop_operator_3.py                              0           0
/home/gustavo/Documents/etl_api_twitter/venv/lib/python3.9/site-packages/airflow/example_dags/tutorial_taskflow_api_etl.py                                         0           0
/home/gustavo/Documents/etl_api_twitter/venv/lib/python3.9/site-packages/airflow/example_dags/example_short_circuit_operator.py                                    0           0
/home/gustavo/Documents/etl_api_twitter/venv/lib/python3.9/site-packages/airflow/example_dags/example_task_group_decorator.py                                      0           0
/home/gustavo/Documents/etl_api_twitter/venv/lib/python3.9/site-packages/airflow/example_dags/example_trigger_controller_dag.py                                    0           0
/home/gustavo/Documents/etl_api_twitter/venv/lib/python3.9/site-packages/airflow/example_dags/example_nested_branch_dag.py                                         0           0
/home/gustavo/Documents/etl_api_twitter/venv/lib/python3.9/site-packages/airflow/example_dags/example_local_kubernetes_executor.py                                 0           0
/home/gustavo/Documents/etl_api_twitter/venv/lib/python3.9/site-packages/airflow/example_dags/tutorial.py                                                          0           0
/home/gustavo/Documents/etl_api_twitter/venv/lib/python3.9/site-packages/airflow/example_dags/subdags/subdag.py                                                    0           0
/home/gustavo/Documents/etl_api_twitter/venv/lib/python3.9/site-packages/airflow/example_dags/plugins/workday.py                                                   0           0
/home/gustavo/Documents/etl_api_twitter/venv/lib/python3.9/site-packages/airflow/example_dags/example_task_group.py                                                1           0  0.42s           2023-01-04T10:50:09
================================================================================
[2023-01-04 07:50:24,486] {manager.py:462} INFO - Exiting gracefully upon receiving signal 15
[2023-01-04 07:50:47,708] {manager.py:480} INFO - Processing files using up to 1 processes at a time 
[2023-01-04 07:50:47,708] {manager.py:481} INFO - Process each file at most once every 30 seconds
[2023-01-04 07:50:47,708] {manager.py:482} INFO - Checking for new files in /home/gustavo/Documents/etl_api_twitter/dags every 300 seconds
[2023-01-04 07:50:47,708] {manager.py:690} INFO - Searching for files in /home/gustavo/Documents/etl_api_twitter/dags
[2023-01-04 07:50:47,731] {manager.py:693} INFO - There are 34 files in /home/gustavo/Documents/etl_api_twitter/dags
[2023-01-04 07:50:48,076] {manager.py:809} INFO - 
================================================================================
DAG File Processing Stats

File Path                                                                                                                                 PID    Runtime      # DAGs    # Errors  Last Runtime    Last Run
----------------------------------------------------------------------------------------------------------------------------------------  -----  ---------  --------  ----------  --------------  -------------------
/home/gustavo/Documents/etl_api_twitter/venv/lib/python3.9/site-packages/airflow/example_dags/example_skip_dag.py                                                  0           0
/home/gustavo/Documents/etl_api_twitter/venv/lib/python3.9/site-packages/airflow/example_dags/example_complex.py                                                   0           0
/home/gustavo/Documents/etl_api_twitter/venv/lib/python3.9/site-packages/airflow/example_dags/example_branch_datetime_operator.py                                  0           0
/home/gustavo/Documents/etl_api_twitter/venv/lib/python3.9/site-packages/airflow/example_dags/example_kubernetes_executor.py                                       0           0
/home/gustavo/Documents/etl_api_twitter/venv/lib/python3.9/site-packages/airflow/example_dags/example_latest_only_with_trigger.py                                  0           0
/home/gustavo/Documents/etl_api_twitter/venv/lib/python3.9/site-packages/airflow/example_dags/tutorial_taskflow_api_etl_virtualenv.py                              0           0
/home/gustavo/Documents/etl_api_twitter/venv/lib/python3.9/site-packages/airflow/example_dags/tutorial_etl_dag.py                                                  0           0
/home/gustavo/Documents/etl_api_twitter/venv/lib/python3.9/site-packages/airflow/example_dags/example_sla_dag.py                                                   0           0
/home/gustavo/Documents/etl_api_twitter/venv/lib/python3.9/site-packages/airflow/example_dags/example_xcom.py                                                      0           0
/home/gustavo/Documents/etl_api_twitter/venv/lib/python3.9/site-packages/airflow/example_dags/example_branch_day_of_week_operator.py                               0           0
/home/gustavo/Documents/etl_api_twitter/venv/lib/python3.9/site-packages/airflow/example_dags/example_subdag_operator.py                                           0           0
/home/gustavo/Documents/etl_api_twitter/venv/lib/python3.9/site-packages/airflow/example_dags/example_dag_decorator.py                                             0           0
/home/gustavo/Documents/etl_api_twitter/venv/lib/python3.9/site-packages/airflow/example_dags/example_xcomargs.py                                                  0           0
/home/gustavo/Documents/etl_api_twitter/venv/lib/python3.9/site-packages/airflow/example_dags/example_latest_only.py                                               0           0
/home/gustavo/Documents/etl_api_twitter/venv/lib/python3.9/site-packages/airflow/example_dags/example_branch_operator_decorator.py                                 0           0
/home/gustavo/Documents/etl_api_twitter/venv/lib/python3.9/site-packages/airflow/example_dags/example_bash_operator.py                                             0           0
/home/gustavo/Documents/etl_api_twitter/venv/lib/python3.9/site-packages/airflow/example_dags/example_external_task_marker_dag.py                                  0           0
/home/gustavo/Documents/etl_api_twitter/venv/lib/python3.9/site-packages/airflow/example_dags/example_python_operator.py                                           0           0
/home/gustavo/Documents/etl_api_twitter/venv/lib/python3.9/site-packages/airflow/example_dags/example_passing_params_via_test_command.py                           0           0
/home/gustavo/Documents/etl_api_twitter/venv/lib/python3.9/site-packages/airflow/example_dags/example_branch_operator.py                                           0           0
/home/gustavo/Documents/etl_api_twitter/venv/lib/python3.9/site-packages/airflow/example_dags/example_trigger_target_dag.py                                        0           0
/home/gustavo/Documents/etl_api_twitter/venv/lib/python3.9/site-packages/airflow/example_dags/example_time_delta_sensor_async.py                                   0           0
/home/gustavo/Documents/etl_api_twitter/venv/lib/python3.9/site-packages/airflow/example_dags/example_branch_labels.py                                             0           0
/home/gustavo/Documents/etl_api_twitter/venv/lib/python3.9/site-packages/airflow/example_dags/example_branch_python_dop_operator_3.py                              0           0
/home/gustavo/Documents/etl_api_twitter/venv/lib/python3.9/site-packages/airflow/example_dags/tutorial_taskflow_api_etl.py                                         0           0
/home/gustavo/Documents/etl_api_twitter/venv/lib/python3.9/site-packages/airflow/example_dags/example_short_circuit_operator.py                                    0           0
/home/gustavo/Documents/etl_api_twitter/venv/lib/python3.9/site-packages/airflow/example_dags/example_task_group_decorator.py                                      0           0
/home/gustavo/Documents/etl_api_twitter/venv/lib/python3.9/site-packages/airflow/example_dags/example_trigger_controller_dag.py                                    0           0
/home/gustavo/Documents/etl_api_twitter/venv/lib/python3.9/site-packages/airflow/example_dags/example_nested_branch_dag.py                                         0           0
/home/gustavo/Documents/etl_api_twitter/venv/lib/python3.9/site-packages/airflow/example_dags/example_local_kubernetes_executor.py                                 0           0
/home/gustavo/Documents/etl_api_twitter/venv/lib/python3.9/site-packages/airflow/example_dags/tutorial.py                                                          0           0
/home/gustavo/Documents/etl_api_twitter/venv/lib/python3.9/site-packages/airflow/example_dags/subdags/subdag.py                                                    0           0
/home/gustavo/Documents/etl_api_twitter/venv/lib/python3.9/site-packages/airflow/example_dags/plugins/workday.py                                                   0           0
/home/gustavo/Documents/etl_api_twitter/venv/lib/python3.9/site-packages/airflow/example_dags/example_task_group.py                                                1           0  0.32s           2023-01-04T10:50:48
================================================================================
[2023-01-04 07:51:18,115] {manager.py:809} INFO - 
================================================================================
DAG File Processing Stats

File Path                                                                                                                                 PID    Runtime      # DAGs    # Errors  Last Runtime    Last Run
----------------------------------------------------------------------------------------------------------------------------------------  -----  ---------  --------  ----------  --------------  -------------------
/home/gustavo/Documents/etl_api_twitter/venv/lib/python3.9/site-packages/airflow/example_dags/example_kubernetes_executor.py                                       0           0  0.21s           2023-01-04T10:51:07
/home/gustavo/Documents/etl_api_twitter/venv/lib/python3.9/site-packages/airflow/example_dags/tutorial_taskflow_api_etl_virtualenv.py                              0           0  0.10s           2023-01-04T10:50:49
/home/gustavo/Documents/etl_api_twitter/venv/lib/python3.9/site-packages/airflow/example_dags/example_external_task_marker_dag.py                                  0           0
/home/gustavo/Documents/etl_api_twitter/venv/lib/python3.9/site-packages/airflow/example_dags/example_python_operator.py                                           0           0
/home/gustavo/Documents/etl_api_twitter/venv/lib/python3.9/site-packages/airflow/example_dags/example_passing_params_via_test_command.py                           0           0
/home/gustavo/Documents/etl_api_twitter/venv/lib/python3.9/site-packages/airflow/example_dags/example_branch_operator.py                                           0           0
/home/gustavo/Documents/etl_api_twitter/venv/lib/python3.9/site-packages/airflow/example_dags/example_branch_labels.py                                             0           0
/home/gustavo/Documents/etl_api_twitter/venv/lib/python3.9/site-packages/airflow/example_dags/example_branch_python_dop_operator_3.py                              0           0
/home/gustavo/Documents/etl_api_twitter/venv/lib/python3.9/site-packages/airflow/example_dags/example_short_circuit_operator.py                                    0           0
/home/gustavo/Documents/etl_api_twitter/venv/lib/python3.9/site-packages/airflow/example_dags/example_nested_branch_dag.py                                         0           0
/home/gustavo/Documents/etl_api_twitter/venv/lib/python3.9/site-packages/airflow/example_dags/example_local_kubernetes_executor.py                                 0           0
/home/gustavo/Documents/etl_api_twitter/venv/lib/python3.9/site-packages/airflow/example_dags/subdags/subdag.py                                                    0           0  0.11s           2023-01-04T10:51:01
/home/gustavo/Documents/etl_api_twitter/venv/lib/python3.9/site-packages/airflow/example_dags/plugins/workday.py                                                   0           0  0.11s           2023-01-04T10:51:02
/home/gustavo/Documents/etl_api_twitter/venv/lib/python3.9/site-packages/airflow/example_dags/example_task_group.py                                                1           0  0.32s           2023-01-04T10:50:48
/home/gustavo/Documents/etl_api_twitter/venv/lib/python3.9/site-packages/airflow/example_dags/example_skip_dag.py                                                  1           0  0.31s           2023-01-04T10:51:03
/home/gustavo/Documents/etl_api_twitter/venv/lib/python3.9/site-packages/airflow/example_dags/example_complex.py                                                   1           0  0.41s           2023-01-04T10:51:04
/home/gustavo/Documents/etl_api_twitter/venv/lib/python3.9/site-packages/airflow/example_dags/example_branch_datetime_operator.py                                  1           0  0.30s           2023-01-04T10:51:06
/home/gustavo/Documents/etl_api_twitter/venv/lib/python3.9/site-packages/airflow/example_dags/example_latest_only_with_trigger.py                                  1           0  0.51s           2023-01-04T10:51:08
/home/gustavo/Documents/etl_api_twitter/venv/lib/python3.9/site-packages/airflow/example_dags/tutorial_etl_dag.py                                                  1           0  0.21s           2023-01-04T10:50:50
/home/gustavo/Documents/etl_api_twitter/venv/lib/python3.9/site-packages/airflow/example_dags/example_sla_dag.py                                                   1           0  0.40s           2023-01-04T10:51:10
/home/gustavo/Documents/etl_api_twitter/venv/lib/python3.9/site-packages/airflow/example_dags/example_xcom.py                                                      1           0  0.21s           2023-01-04T10:50:51
/home/gustavo/Documents/etl_api_twitter/venv/lib/python3.9/site-packages/airflow/example_dags/example_branch_day_of_week_operator.py                               1           0  0.31s           2023-01-04T10:51:11
/home/gustavo/Documents/etl_api_twitter/venv/lib/python3.9/site-packages/airflow/example_dags/example_dag_decorator.py                                             1           0  0.31s           2023-01-04T10:51:14
/home/gustavo/Documents/etl_api_twitter/venv/lib/python3.9/site-packages/airflow/example_dags/example_latest_only.py                                               1           0  0.31s           2023-01-04T10:51:15
/home/gustavo/Documents/etl_api_twitter/venv/lib/python3.9/site-packages/airflow/example_dags/example_branch_operator_decorator.py                                 1           0  0.31s           2023-01-04T10:51:16
/home/gustavo/Documents/etl_api_twitter/venv/lib/python3.9/site-packages/airflow/example_dags/example_bash_operator.py                                             1           0  0.31s           2023-01-04T10:51:18
/home/gustavo/Documents/etl_api_twitter/venv/lib/python3.9/site-packages/airflow/example_dags/example_trigger_target_dag.py                                        1           0  0.21s           2023-01-04T10:50:54
/home/gustavo/Documents/etl_api_twitter/venv/lib/python3.9/site-packages/airflow/example_dags/example_time_delta_sensor_async.py                                   1           0  0.21s           2023-01-04T10:50:55
/home/gustavo/Documents/etl_api_twitter/venv/lib/python3.9/site-packages/airflow/example_dags/tutorial_taskflow_api_etl.py                                         1           0  0.21s           2023-01-04T10:50:56
/home/gustavo/Documents/etl_api_twitter/venv/lib/python3.9/site-packages/airflow/example_dags/example_task_group_decorator.py                                      1           0  0.31s           2023-01-04T10:50:58
/home/gustavo/Documents/etl_api_twitter/venv/lib/python3.9/site-packages/airflow/example_dags/example_trigger_controller_dag.py                                    1           0  0.11s           2023-01-04T10:50:59
/home/gustavo/Documents/etl_api_twitter/venv/lib/python3.9/site-packages/airflow/example_dags/tutorial.py                                                          1           0  0.21s           2023-01-04T10:51:00
/home/gustavo/Documents/etl_api_twitter/venv/lib/python3.9/site-packages/airflow/example_dags/example_xcomargs.py                                                  2           0  0.21s           2023-01-04T10:50:52
/home/gustavo/Documents/etl_api_twitter/venv/lib/python3.9/site-packages/airflow/example_dags/example_subdag_operator.py                                           3           0  0.40s           2023-01-04T10:51:12
================================================================================
[2023-01-04 07:51:48,631] {manager.py:809} INFO - 
================================================================================
DAG File Processing Stats

File Path                                                                                                                                 PID    Runtime      # DAGs    # Errors  Last Runtime    Last Run
----------------------------------------------------------------------------------------------------------------------------------------  -----  ---------  --------  ----------  --------------  -------------------
/home/gustavo/Documents/etl_api_twitter/venv/lib/python3.9/site-packages/airflow/example_dags/example_kubernetes_executor.py                                       0           0  0.11s           2023-01-04T10:51:46
/home/gustavo/Documents/etl_api_twitter/venv/lib/python3.9/site-packages/airflow/example_dags/tutorial_taskflow_api_etl_virtualenv.py                              0           0  0.22s           2023-01-04T10:51:31
/home/gustavo/Documents/etl_api_twitter/venv/lib/python3.9/site-packages/airflow/example_dags/example_local_kubernetes_executor.py                                 0           0  0.11s           2023-01-04T10:51:29
/home/gustavo/Documents/etl_api_twitter/venv/lib/python3.9/site-packages/airflow/example_dags/subdags/subdag.py                                                    0           0  0.11s           2023-01-04T10:51:41
/home/gustavo/Documents/etl_api_twitter/venv/lib/python3.9/site-packages/airflow/example_dags/plugins/workday.py                                                   0           0  0.10s           2023-01-04T10:51:42
/home/gustavo/Documents/etl_api_twitter/venv/lib/python3.9/site-packages/airflow/example_dags/example_task_group.py                                                1           0  0.21s           2023-01-04T10:51:29
/home/gustavo/Documents/etl_api_twitter/venv/lib/python3.9/site-packages/airflow/example_dags/example_skip_dag.py                                                  1           0  0.21s           2023-01-04T10:51:43
/home/gustavo/Documents/etl_api_twitter/venv/lib/python3.9/site-packages/airflow/example_dags/example_complex.py                                                   1           0  0.21s           2023-01-04T10:51:45
/home/gustavo/Documents/etl_api_twitter/venv/lib/python3.9/site-packages/airflow/example_dags/example_branch_datetime_operator.py                                  1           0  0.20s           2023-01-04T10:51:45
/home/gustavo/Documents/etl_api_twitter/venv/lib/python3.9/site-packages/airflow/example_dags/example_latest_only_with_trigger.py                                  1           0  0.21s           2023-01-04T10:51:47
/home/gustavo/Documents/etl_api_twitter/venv/lib/python3.9/site-packages/airflow/example_dags/tutorial_etl_dag.py                                                  1           0  0.21s           2023-01-04T10:51:32
/home/gustavo/Documents/etl_api_twitter/venv/lib/python3.9/site-packages/airflow/example_dags/example_sla_dag.py                                                   1           0  0.20s           2023-01-04T10:51:48
/home/gustavo/Documents/etl_api_twitter/venv/lib/python3.9/site-packages/airflow/example_dags/example_xcom.py                                                      1           0  0.21s           2023-01-04T10:51:33
/home/gustavo/Documents/etl_api_twitter/venv/lib/python3.9/site-packages/airflow/example_dags/example_branch_day_of_week_operator.py                               1           0  0.31s           2023-01-04T10:51:11
/home/gustavo/Documents/etl_api_twitter/venv/lib/python3.9/site-packages/airflow/example_dags/example_dag_decorator.py                                             1           0  0.31s           2023-01-04T10:51:14
/home/gustavo/Documents/etl_api_twitter/venv/lib/python3.9/site-packages/airflow/example_dags/example_latest_only.py                                               1           0  0.31s           2023-01-04T10:51:15
/home/gustavo/Documents/etl_api_twitter/venv/lib/python3.9/site-packages/airflow/example_dags/example_branch_operator_decorator.py                                 1           0  0.31s           2023-01-04T10:51:16
/home/gustavo/Documents/etl_api_twitter/venv/lib/python3.9/site-packages/airflow/example_dags/example_bash_operator.py                                             1           0  0.31s           2023-01-04T10:51:18
/home/gustavo/Documents/etl_api_twitter/venv/lib/python3.9/site-packages/airflow/example_dags/example_python_operator.py                                           1           0  0.30s           2023-01-04T10:51:20
/home/gustavo/Documents/etl_api_twitter/venv/lib/python3.9/site-packages/airflow/example_dags/example_passing_params_via_test_command.py                           1           0  0.31s           2023-01-04T10:51:21
/home/gustavo/Documents/etl_api_twitter/venv/lib/python3.9/site-packages/airflow/example_dags/example_branch_operator.py                                           1           0  0.41s           2023-01-04T10:51:23
/home/gustavo/Documents/etl_api_twitter/venv/lib/python3.9/site-packages/airflow/example_dags/example_trigger_target_dag.py                                        1           0  0.21s           2023-01-04T10:51:35
/home/gustavo/Documents/etl_api_twitter/venv/lib/python3.9/site-packages/airflow/example_dags/example_time_delta_sensor_async.py                                   1           0  0.20s           2023-01-04T10:51:36
/home/gustavo/Documents/etl_api_twitter/venv/lib/python3.9/site-packages/airflow/example_dags/example_branch_labels.py                                             1           0  0.31s           2023-01-04T10:51:24
/home/gustavo/Documents/etl_api_twitter/venv/lib/python3.9/site-packages/airflow/example_dags/example_branch_python_dop_operator_3.py                              1           0  0.31s           2023-01-04T10:51:25
/home/gustavo/Documents/etl_api_twitter/venv/lib/python3.9/site-packages/airflow/example_dags/tutorial_taskflow_api_etl.py                                         1           0  0.31s           2023-01-04T10:51:37
/home/gustavo/Documents/etl_api_twitter/venv/lib/python3.9/site-packages/airflow/example_dags/example_short_circuit_operator.py                                    1           0  0.30s           2023-01-04T10:51:27
/home/gustavo/Documents/etl_api_twitter/venv/lib/python3.9/site-packages/airflow/example_dags/example_task_group_decorator.py                                      1           0  0.21s           2023-01-04T10:51:38
/home/gustavo/Documents/etl_api_twitter/venv/lib/python3.9/site-packages/airflow/example_dags/example_trigger_controller_dag.py                                    1           0  0.21s           2023-01-04T10:51:39
/home/gustavo/Documents/etl_api_twitter/venv/lib/python3.9/site-packages/airflow/example_dags/example_nested_branch_dag.py                                         1           0  0.31s           2023-01-04T10:51:28
/home/gustavo/Documents/etl_api_twitter/venv/lib/python3.9/site-packages/airflow/example_dags/tutorial.py                                                          1           0  0.21s           2023-01-04T10:51:40
/home/gustavo/Documents/etl_api_twitter/venv/lib/python3.9/site-packages/airflow/example_dags/example_xcomargs.py                                                  2           0  0.31s           2023-01-04T10:51:34
/home/gustavo/Documents/etl_api_twitter/venv/lib/python3.9/site-packages/airflow/example_dags/example_external_task_marker_dag.py                                  2           0  0.41s           2023-01-04T10:51:19
/home/gustavo/Documents/etl_api_twitter/venv/lib/python3.9/site-packages/airflow/example_dags/example_subdag_operator.py                                           3           0  0.40s           2023-01-04T10:51:12
================================================================================
[2023-01-04 07:52:43,597] {manager.py:480} INFO - Processing files using up to 1 processes at a time 
[2023-01-04 07:52:43,600] {manager.py:481} INFO - Process each file at most once every 30 seconds
[2023-01-04 07:52:43,601] {manager.py:482} INFO - Checking for new files in /home/gustavo/Documents/etl_api_twitter/dags every 300 seconds
[2023-01-04 07:52:43,608] {manager.py:690} INFO - Searching for files in /home/gustavo/Documents/etl_api_twitter/dags
[2023-01-04 07:52:43,644] {manager.py:693} INFO - There are 34 files in /home/gustavo/Documents/etl_api_twitter/dags
[2023-01-04 07:52:43,976] {manager.py:809} INFO - 
================================================================================
DAG File Processing Stats

File Path                                                                                                                                 PID    Runtime      # DAGs    # Errors  Last Runtime    Last Run
----------------------------------------------------------------------------------------------------------------------------------------  -----  ---------  --------  ----------  --------------  -------------------
/home/gustavo/Documents/etl_api_twitter/venv/lib/python3.9/site-packages/airflow/example_dags/example_skip_dag.py                                                  0           0
/home/gustavo/Documents/etl_api_twitter/venv/lib/python3.9/site-packages/airflow/example_dags/example_complex.py                                                   0           0
/home/gustavo/Documents/etl_api_twitter/venv/lib/python3.9/site-packages/airflow/example_dags/example_branch_datetime_operator.py                                  0           0
/home/gustavo/Documents/etl_api_twitter/venv/lib/python3.9/site-packages/airflow/example_dags/example_kubernetes_executor.py                                       0           0
/home/gustavo/Documents/etl_api_twitter/venv/lib/python3.9/site-packages/airflow/example_dags/example_latest_only_with_trigger.py                                  0           0
/home/gustavo/Documents/etl_api_twitter/venv/lib/python3.9/site-packages/airflow/example_dags/tutorial_taskflow_api_etl_virtualenv.py                              0           0
/home/gustavo/Documents/etl_api_twitter/venv/lib/python3.9/site-packages/airflow/example_dags/tutorial_etl_dag.py                                                  0           0
/home/gustavo/Documents/etl_api_twitter/venv/lib/python3.9/site-packages/airflow/example_dags/example_sla_dag.py                                                   0           0
/home/gustavo/Documents/etl_api_twitter/venv/lib/python3.9/site-packages/airflow/example_dags/example_xcom.py                                                      0           0
/home/gustavo/Documents/etl_api_twitter/venv/lib/python3.9/site-packages/airflow/example_dags/example_branch_day_of_week_operator.py                               0           0
/home/gustavo/Documents/etl_api_twitter/venv/lib/python3.9/site-packages/airflow/example_dags/example_subdag_operator.py                                           0           0
/home/gustavo/Documents/etl_api_twitter/venv/lib/python3.9/site-packages/airflow/example_dags/example_dag_decorator.py                                             0           0
/home/gustavo/Documents/etl_api_twitter/venv/lib/python3.9/site-packages/airflow/example_dags/example_xcomargs.py                                                  0           0
/home/gustavo/Documents/etl_api_twitter/venv/lib/python3.9/site-packages/airflow/example_dags/example_latest_only.py                                               0           0
/home/gustavo/Documents/etl_api_twitter/venv/lib/python3.9/site-packages/airflow/example_dags/example_branch_operator_decorator.py                                 0           0
/home/gustavo/Documents/etl_api_twitter/venv/lib/python3.9/site-packages/airflow/example_dags/example_bash_operator.py                                             0           0
/home/gustavo/Documents/etl_api_twitter/venv/lib/python3.9/site-packages/airflow/example_dags/example_external_task_marker_dag.py                                  0           0
/home/gustavo/Documents/etl_api_twitter/venv/lib/python3.9/site-packages/airflow/example_dags/example_python_operator.py                                           0           0
/home/gustavo/Documents/etl_api_twitter/venv/lib/python3.9/site-packages/airflow/example_dags/example_passing_params_via_test_command.py                           0           0
/home/gustavo/Documents/etl_api_twitter/venv/lib/python3.9/site-packages/airflow/example_dags/example_branch_operator.py                                           0           0
/home/gustavo/Documents/etl_api_twitter/venv/lib/python3.9/site-packages/airflow/example_dags/example_trigger_target_dag.py                                        0           0
/home/gustavo/Documents/etl_api_twitter/venv/lib/python3.9/site-packages/airflow/example_dags/example_time_delta_sensor_async.py                                   0           0
/home/gustavo/Documents/etl_api_twitter/venv/lib/python3.9/site-packages/airflow/example_dags/example_branch_labels.py                                             0           0
/home/gustavo/Documents/etl_api_twitter/venv/lib/python3.9/site-packages/airflow/example_dags/example_branch_python_dop_operator_3.py                              0           0
/home/gustavo/Documents/etl_api_twitter/venv/lib/python3.9/site-packages/airflow/example_dags/tutorial_taskflow_api_etl.py                                         0           0
/home/gustavo/Documents/etl_api_twitter/venv/lib/python3.9/site-packages/airflow/example_dags/example_short_circuit_operator.py                                    0           0
/home/gustavo/Documents/etl_api_twitter/venv/lib/python3.9/site-packages/airflow/example_dags/example_task_group_decorator.py                                      0           0
/home/gustavo/Documents/etl_api_twitter/venv/lib/python3.9/site-packages/airflow/example_dags/example_trigger_controller_dag.py                                    0           0
/home/gustavo/Documents/etl_api_twitter/venv/lib/python3.9/site-packages/airflow/example_dags/example_nested_branch_dag.py                                         0           0
/home/gustavo/Documents/etl_api_twitter/venv/lib/python3.9/site-packages/airflow/example_dags/example_local_kubernetes_executor.py                                 0           0
/home/gustavo/Documents/etl_api_twitter/venv/lib/python3.9/site-packages/airflow/example_dags/tutorial.py                                                          0           0
/home/gustavo/Documents/etl_api_twitter/venv/lib/python3.9/site-packages/airflow/example_dags/subdags/subdag.py                                                    0           0
/home/gustavo/Documents/etl_api_twitter/venv/lib/python3.9/site-packages/airflow/example_dags/plugins/workday.py                                                   0           0
/home/gustavo/Documents/etl_api_twitter/venv/lib/python3.9/site-packages/airflow/example_dags/example_task_group.py                                                1           0  0.21s           2023-01-04T10:52:43
================================================================================
[2023-01-04 07:53:14,600] {manager.py:809} INFO - 
================================================================================
DAG File Processing Stats

File Path                                                                                                                                 PID    Runtime      # DAGs    # Errors  Last Runtime    Last Run
----------------------------------------------------------------------------------------------------------------------------------------  -----  ---------  --------  ----------  --------------  -------------------
/home/gustavo/Documents/etl_api_twitter/venv/lib/python3.9/site-packages/airflow/example_dags/example_kubernetes_executor.py                                       0           0  0.10s           2023-01-04T10:53:01
/home/gustavo/Documents/etl_api_twitter/venv/lib/python3.9/site-packages/airflow/example_dags/tutorial_taskflow_api_etl_virtualenv.py                              0           0  0.10s           2023-01-04T10:52:45
/home/gustavo/Documents/etl_api_twitter/venv/lib/python3.9/site-packages/airflow/example_dags/example_branch_operator.py                                           0           0
/home/gustavo/Documents/etl_api_twitter/venv/lib/python3.9/site-packages/airflow/example_dags/example_branch_labels.py                                             0           0
/home/gustavo/Documents/etl_api_twitter/venv/lib/python3.9/site-packages/airflow/example_dags/example_branch_python_dop_operator_3.py                              0           0
/home/gustavo/Documents/etl_api_twitter/venv/lib/python3.9/site-packages/airflow/example_dags/example_short_circuit_operator.py                                    0           0
/home/gustavo/Documents/etl_api_twitter/venv/lib/python3.9/site-packages/airflow/example_dags/example_nested_branch_dag.py                                         0           0
/home/gustavo/Documents/etl_api_twitter/venv/lib/python3.9/site-packages/airflow/example_dags/example_local_kubernetes_executor.py                                 0           0
/home/gustavo/Documents/etl_api_twitter/venv/lib/python3.9/site-packages/airflow/example_dags/subdags/subdag.py                                                    0           0  0.10s           2023-01-04T10:52:56
/home/gustavo/Documents/etl_api_twitter/venv/lib/python3.9/site-packages/airflow/example_dags/plugins/workday.py                                                   0           0  0.11s           2023-01-04T10:52:57
/home/gustavo/Documents/etl_api_twitter/venv/lib/python3.9/site-packages/airflow/example_dags/example_task_group.py                                                1           0  0.21s           2023-01-04T10:52:43
/home/gustavo/Documents/etl_api_twitter/venv/lib/python3.9/site-packages/airflow/example_dags/example_skip_dag.py                                                  1           0  0.21s           2023-01-04T10:52:58
/home/gustavo/Documents/etl_api_twitter/venv/lib/python3.9/site-packages/airflow/example_dags/example_complex.py                                                   1           0  0.21s           2023-01-04T10:52:59
/home/gustavo/Documents/etl_api_twitter/venv/lib/python3.9/site-packages/airflow/example_dags/example_branch_datetime_operator.py                                  1           0  0.21s           2023-01-04T10:53:00
/home/gustavo/Documents/etl_api_twitter/venv/lib/python3.9/site-packages/airflow/example_dags/example_latest_only_with_trigger.py                                  1           0  0.20s           2023-01-04T10:53:03
/home/gustavo/Documents/etl_api_twitter/venv/lib/python3.9/site-packages/airflow/example_dags/tutorial_etl_dag.py                                                  1           0  0.22s           2023-01-04T10:52:46
/home/gustavo/Documents/etl_api_twitter/venv/lib/python3.9/site-packages/airflow/example_dags/example_sla_dag.py                                                   1           0  0.31s           2023-01-04T10:53:04
/home/gustavo/Documents/etl_api_twitter/venv/lib/python3.9/site-packages/airflow/example_dags/example_xcom.py                                                      1           0  0.20s           2023-01-04T10:52:47
/home/gustavo/Documents/etl_api_twitter/venv/lib/python3.9/site-packages/airflow/example_dags/example_branch_day_of_week_operator.py                               1           0  0.21s           2023-01-04T10:53:04
/home/gustavo/Documents/etl_api_twitter/venv/lib/python3.9/site-packages/airflow/example_dags/example_dag_decorator.py                                             1           0  0.30s           2023-01-04T10:53:07
/home/gustavo/Documents/etl_api_twitter/venv/lib/python3.9/site-packages/airflow/example_dags/example_latest_only.py                                               1           0  0.21s           2023-01-04T10:53:08
/home/gustavo/Documents/etl_api_twitter/venv/lib/python3.9/site-packages/airflow/example_dags/example_branch_operator_decorator.py                                 1           0  0.31s           2023-01-04T10:53:10
/home/gustavo/Documents/etl_api_twitter/venv/lib/python3.9/site-packages/airflow/example_dags/example_bash_operator.py                                             1           0  0.21s           2023-01-04T10:53:11
/home/gustavo/Documents/etl_api_twitter/venv/lib/python3.9/site-packages/airflow/example_dags/example_python_operator.py                                           1           0  0.21s           2023-01-04T10:53:13
/home/gustavo/Documents/etl_api_twitter/venv/lib/python3.9/site-packages/airflow/example_dags/example_passing_params_via_test_command.py                           1           0  0.32s           2023-01-04T10:53:14
/home/gustavo/Documents/etl_api_twitter/venv/lib/python3.9/site-packages/airflow/example_dags/example_trigger_target_dag.py                                        1           0  0.31s           2023-01-04T10:52:50
/home/gustavo/Documents/etl_api_twitter/venv/lib/python3.9/site-packages/airflow/example_dags/example_time_delta_sensor_async.py                                   1           0  0.21s           2023-01-04T10:52:51
/home/gustavo/Documents/etl_api_twitter/venv/lib/python3.9/site-packages/airflow/example_dags/tutorial_taskflow_api_etl.py                                         1           0  0.30s           2023-01-04T10:52:52
/home/gustavo/Documents/etl_api_twitter/venv/lib/python3.9/site-packages/airflow/example_dags/example_task_group_decorator.py                                      1           0  0.20s           2023-01-04T10:52:53
/home/gustavo/Documents/etl_api_twitter/venv/lib/python3.9/site-packages/airflow/example_dags/example_trigger_controller_dag.py                                    1           0  0.11s           2023-01-04T10:52:54
/home/gustavo/Documents/etl_api_twitter/venv/lib/python3.9/site-packages/airflow/example_dags/tutorial.py                                                          1           0  0.21s           2023-01-04T10:52:55
/home/gustavo/Documents/etl_api_twitter/venv/lib/python3.9/site-packages/airflow/example_dags/example_xcomargs.py                                                  2           0  0.31s           2023-01-04T10:52:48
/home/gustavo/Documents/etl_api_twitter/venv/lib/python3.9/site-packages/airflow/example_dags/example_external_task_marker_dag.py                                  2           0  0.21s           2023-01-04T10:53:12
/home/gustavo/Documents/etl_api_twitter/venv/lib/python3.9/site-packages/airflow/example_dags/example_subdag_operator.py                                           3           0  0.21s           2023-01-04T10:53:06
================================================================================
[2023-01-04 08:04:53,845] {manager.py:462} INFO - Exiting gracefully upon receiving signal 15
