[2023-01-04 08:00:57,260] {processor.py:153} INFO - Started process (PID=28271) to work on /home/gustavo/Documents/etl_api_twitter/venv/lib/python3.9/site-packages/airflow/example_dags/plugins/workday.py
[2023-01-04 08:00:57,261] {processor.py:641} INFO - Processing file /home/gustavo/Documents/etl_api_twitter/venv/lib/python3.9/site-packages/airflow/example_dags/plugins/workday.py for tasks to queue
[2023-01-04 08:00:57,262] {logging_mixin.py:115} INFO - [2023-01-04 08:00:57,261] {dagbag.py:507} INFO - Filling up the DagBag from /home/gustavo/Documents/etl_api_twitter/venv/lib/python3.9/site-packages/airflow/example_dags/plugins/workday.py
[2023-01-04 08:00:57,264] {processor.py:653} WARNING - No viable dags retrieved from /home/gustavo/Documents/etl_api_twitter/venv/lib/python3.9/site-packages/airflow/example_dags/plugins/workday.py
[2023-01-04 08:00:57,275] {processor.py:161} INFO - Processing /home/gustavo/Documents/etl_api_twitter/venv/lib/python3.9/site-packages/airflow/example_dags/plugins/workday.py took 0.021 seconds
[2023-01-04 08:01:38,992] {processor.py:153} INFO - Started process (PID=28500) to work on /home/gustavo/Documents/etl_api_twitter/venv/lib/python3.9/site-packages/airflow/example_dags/plugins/workday.py
[2023-01-04 08:01:39,000] {processor.py:641} INFO - Processing file /home/gustavo/Documents/etl_api_twitter/venv/lib/python3.9/site-packages/airflow/example_dags/plugins/workday.py for tasks to queue
[2023-01-04 08:01:39,001] {logging_mixin.py:115} INFO - [2023-01-04 08:01:39,001] {dagbag.py:507} INFO - Filling up the DagBag from /home/gustavo/Documents/etl_api_twitter/venv/lib/python3.9/site-packages/airflow/example_dags/plugins/workday.py
[2023-01-04 08:01:39,005] {processor.py:653} WARNING - No viable dags retrieved from /home/gustavo/Documents/etl_api_twitter/venv/lib/python3.9/site-packages/airflow/example_dags/plugins/workday.py
[2023-01-04 08:01:39,042] {processor.py:161} INFO - Processing /home/gustavo/Documents/etl_api_twitter/venv/lib/python3.9/site-packages/airflow/example_dags/plugins/workday.py took 0.060 seconds
[2023-01-04 08:02:14,960] {processor.py:153} INFO - Started process (PID=28702) to work on /home/gustavo/Documents/etl_api_twitter/venv/lib/python3.9/site-packages/airflow/example_dags/plugins/workday.py
[2023-01-04 08:02:14,961] {processor.py:641} INFO - Processing file /home/gustavo/Documents/etl_api_twitter/venv/lib/python3.9/site-packages/airflow/example_dags/plugins/workday.py for tasks to queue
[2023-01-04 08:02:14,962] {logging_mixin.py:115} INFO - [2023-01-04 08:02:14,962] {dagbag.py:507} INFO - Filling up the DagBag from /home/gustavo/Documents/etl_api_twitter/venv/lib/python3.9/site-packages/airflow/example_dags/plugins/workday.py
[2023-01-04 08:02:14,965] {processor.py:653} WARNING - No viable dags retrieved from /home/gustavo/Documents/etl_api_twitter/venv/lib/python3.9/site-packages/airflow/example_dags/plugins/workday.py
[2023-01-04 08:02:14,978] {processor.py:161} INFO - Processing /home/gustavo/Documents/etl_api_twitter/venv/lib/python3.9/site-packages/airflow/example_dags/plugins/workday.py took 0.024 seconds
[2023-01-04 08:10:49,016] {processor.py:153} INFO - Started process (PID=3419) to work on /home/gustavo/Documents/etl_api_twitter/venv/lib/python3.9/site-packages/airflow/example_dags/plugins/workday.py
[2023-01-04 08:10:49,017] {processor.py:641} INFO - Processing file /home/gustavo/Documents/etl_api_twitter/venv/lib/python3.9/site-packages/airflow/example_dags/plugins/workday.py for tasks to queue
[2023-01-04 08:10:49,017] {logging_mixin.py:115} INFO - [2023-01-04 08:10:49,017] {dagbag.py:507} INFO - Filling up the DagBag from /home/gustavo/Documents/etl_api_twitter/venv/lib/python3.9/site-packages/airflow/example_dags/plugins/workday.py
[2023-01-04 08:10:49,019] {processor.py:653} WARNING - No viable dags retrieved from /home/gustavo/Documents/etl_api_twitter/venv/lib/python3.9/site-packages/airflow/example_dags/plugins/workday.py
[2023-01-04 08:10:49,036] {processor.py:161} INFO - Processing /home/gustavo/Documents/etl_api_twitter/venv/lib/python3.9/site-packages/airflow/example_dags/plugins/workday.py took 0.024 seconds
[2023-01-04 08:11:25,384] {processor.py:153} INFO - Started process (PID=3935) to work on /home/gustavo/Documents/etl_api_twitter/venv/lib/python3.9/site-packages/airflow/example_dags/plugins/workday.py
[2023-01-04 08:11:25,387] {processor.py:641} INFO - Processing file /home/gustavo/Documents/etl_api_twitter/venv/lib/python3.9/site-packages/airflow/example_dags/plugins/workday.py for tasks to queue
[2023-01-04 08:11:25,388] {logging_mixin.py:115} INFO - [2023-01-04 08:11:25,388] {dagbag.py:507} INFO - Filling up the DagBag from /home/gustavo/Documents/etl_api_twitter/venv/lib/python3.9/site-packages/airflow/example_dags/plugins/workday.py
[2023-01-04 08:11:25,393] {processor.py:653} WARNING - No viable dags retrieved from /home/gustavo/Documents/etl_api_twitter/venv/lib/python3.9/site-packages/airflow/example_dags/plugins/workday.py
[2023-01-04 08:11:25,412] {processor.py:161} INFO - Processing /home/gustavo/Documents/etl_api_twitter/venv/lib/python3.9/site-packages/airflow/example_dags/plugins/workday.py took 0.035 seconds
[2023-01-04 08:12:00,809] {processor.py:153} INFO - Started process (PID=4085) to work on /home/gustavo/Documents/etl_api_twitter/venv/lib/python3.9/site-packages/airflow/example_dags/plugins/workday.py
[2023-01-04 08:12:00,811] {processor.py:641} INFO - Processing file /home/gustavo/Documents/etl_api_twitter/venv/lib/python3.9/site-packages/airflow/example_dags/plugins/workday.py for tasks to queue
[2023-01-04 08:12:00,811] {logging_mixin.py:115} INFO - [2023-01-04 08:12:00,811] {dagbag.py:507} INFO - Filling up the DagBag from /home/gustavo/Documents/etl_api_twitter/venv/lib/python3.9/site-packages/airflow/example_dags/plugins/workday.py
[2023-01-04 08:12:00,815] {processor.py:653} WARNING - No viable dags retrieved from /home/gustavo/Documents/etl_api_twitter/venv/lib/python3.9/site-packages/airflow/example_dags/plugins/workday.py
[2023-01-04 08:12:00,829] {processor.py:161} INFO - Processing /home/gustavo/Documents/etl_api_twitter/venv/lib/python3.9/site-packages/airflow/example_dags/plugins/workday.py took 0.024 seconds
[2023-01-04 08:12:32,248] {processor.py:153} INFO - Started process (PID=4178) to work on /home/gustavo/Documents/etl_api_twitter/venv/lib/python3.9/site-packages/airflow/example_dags/plugins/workday.py
[2023-01-04 08:12:32,250] {processor.py:641} INFO - Processing file /home/gustavo/Documents/etl_api_twitter/venv/lib/python3.9/site-packages/airflow/example_dags/plugins/workday.py for tasks to queue
[2023-01-04 08:12:32,251] {logging_mixin.py:115} INFO - [2023-01-04 08:12:32,250] {dagbag.py:507} INFO - Filling up the DagBag from /home/gustavo/Documents/etl_api_twitter/venv/lib/python3.9/site-packages/airflow/example_dags/plugins/workday.py
[2023-01-04 08:12:32,253] {processor.py:653} WARNING - No viable dags retrieved from /home/gustavo/Documents/etl_api_twitter/venv/lib/python3.9/site-packages/airflow/example_dags/plugins/workday.py
[2023-01-04 08:12:32,264] {processor.py:161} INFO - Processing /home/gustavo/Documents/etl_api_twitter/venv/lib/python3.9/site-packages/airflow/example_dags/plugins/workday.py took 0.022 seconds
[2023-01-04 08:13:07,198] {processor.py:153} INFO - Started process (PID=4214) to work on /home/gustavo/Documents/etl_api_twitter/venv/lib/python3.9/site-packages/airflow/example_dags/plugins/workday.py
[2023-01-04 08:13:07,200] {processor.py:641} INFO - Processing file /home/gustavo/Documents/etl_api_twitter/venv/lib/python3.9/site-packages/airflow/example_dags/plugins/workday.py for tasks to queue
[2023-01-04 08:13:07,200] {logging_mixin.py:115} INFO - [2023-01-04 08:13:07,200] {dagbag.py:507} INFO - Filling up the DagBag from /home/gustavo/Documents/etl_api_twitter/venv/lib/python3.9/site-packages/airflow/example_dags/plugins/workday.py
[2023-01-04 08:13:07,202] {processor.py:653} WARNING - No viable dags retrieved from /home/gustavo/Documents/etl_api_twitter/venv/lib/python3.9/site-packages/airflow/example_dags/plugins/workday.py
[2023-01-04 08:13:07,214] {processor.py:161} INFO - Processing /home/gustavo/Documents/etl_api_twitter/venv/lib/python3.9/site-packages/airflow/example_dags/plugins/workday.py took 0.025 seconds
[2023-01-04 08:13:42,662] {processor.py:153} INFO - Started process (PID=4251) to work on /home/gustavo/Documents/etl_api_twitter/venv/lib/python3.9/site-packages/airflow/example_dags/plugins/workday.py
[2023-01-04 08:13:42,663] {processor.py:641} INFO - Processing file /home/gustavo/Documents/etl_api_twitter/venv/lib/python3.9/site-packages/airflow/example_dags/plugins/workday.py for tasks to queue
[2023-01-04 08:13:42,663] {logging_mixin.py:115} INFO - [2023-01-04 08:13:42,663] {dagbag.py:507} INFO - Filling up the DagBag from /home/gustavo/Documents/etl_api_twitter/venv/lib/python3.9/site-packages/airflow/example_dags/plugins/workday.py
[2023-01-04 08:13:42,667] {processor.py:653} WARNING - No viable dags retrieved from /home/gustavo/Documents/etl_api_twitter/venv/lib/python3.9/site-packages/airflow/example_dags/plugins/workday.py
[2023-01-04 08:13:42,682] {processor.py:161} INFO - Processing /home/gustavo/Documents/etl_api_twitter/venv/lib/python3.9/site-packages/airflow/example_dags/plugins/workday.py took 0.024 seconds
[2023-01-04 08:14:15,594] {processor.py:153} INFO - Started process (PID=4287) to work on /home/gustavo/Documents/etl_api_twitter/venv/lib/python3.9/site-packages/airflow/example_dags/plugins/workday.py
[2023-01-04 08:14:15,595] {processor.py:641} INFO - Processing file /home/gustavo/Documents/etl_api_twitter/venv/lib/python3.9/site-packages/airflow/example_dags/plugins/workday.py for tasks to queue
[2023-01-04 08:14:15,596] {logging_mixin.py:115} INFO - [2023-01-04 08:14:15,596] {dagbag.py:507} INFO - Filling up the DagBag from /home/gustavo/Documents/etl_api_twitter/venv/lib/python3.9/site-packages/airflow/example_dags/plugins/workday.py
[2023-01-04 08:14:15,597] {processor.py:653} WARNING - No viable dags retrieved from /home/gustavo/Documents/etl_api_twitter/venv/lib/python3.9/site-packages/airflow/example_dags/plugins/workday.py
[2023-01-04 08:14:15,606] {processor.py:161} INFO - Processing /home/gustavo/Documents/etl_api_twitter/venv/lib/python3.9/site-packages/airflow/example_dags/plugins/workday.py took 0.015 seconds
[2023-01-04 08:14:50,148] {processor.py:153} INFO - Started process (PID=4433) to work on /home/gustavo/Documents/etl_api_twitter/venv/lib/python3.9/site-packages/airflow/example_dags/plugins/workday.py
[2023-01-04 08:14:50,149] {processor.py:641} INFO - Processing file /home/gustavo/Documents/etl_api_twitter/venv/lib/python3.9/site-packages/airflow/example_dags/plugins/workday.py for tasks to queue
[2023-01-04 08:14:50,149] {logging_mixin.py:115} INFO - [2023-01-04 08:14:50,149] {dagbag.py:507} INFO - Filling up the DagBag from /home/gustavo/Documents/etl_api_twitter/venv/lib/python3.9/site-packages/airflow/example_dags/plugins/workday.py
[2023-01-04 08:14:50,152] {processor.py:653} WARNING - No viable dags retrieved from /home/gustavo/Documents/etl_api_twitter/venv/lib/python3.9/site-packages/airflow/example_dags/plugins/workday.py
[2023-01-04 08:14:50,171] {processor.py:161} INFO - Processing /home/gustavo/Documents/etl_api_twitter/venv/lib/python3.9/site-packages/airflow/example_dags/plugins/workday.py took 0.025 seconds
[2023-01-04 08:15:23,918] {processor.py:153} INFO - Started process (PID=4593) to work on /home/gustavo/Documents/etl_api_twitter/venv/lib/python3.9/site-packages/airflow/example_dags/plugins/workday.py
[2023-01-04 08:15:23,920] {processor.py:641} INFO - Processing file /home/gustavo/Documents/etl_api_twitter/venv/lib/python3.9/site-packages/airflow/example_dags/plugins/workday.py for tasks to queue
[2023-01-04 08:15:23,922] {logging_mixin.py:115} INFO - [2023-01-04 08:15:23,921] {dagbag.py:507} INFO - Filling up the DagBag from /home/gustavo/Documents/etl_api_twitter/venv/lib/python3.9/site-packages/airflow/example_dags/plugins/workday.py
[2023-01-04 08:15:23,928] {processor.py:653} WARNING - No viable dags retrieved from /home/gustavo/Documents/etl_api_twitter/venv/lib/python3.9/site-packages/airflow/example_dags/plugins/workday.py
[2023-01-04 08:15:23,948] {processor.py:161} INFO - Processing /home/gustavo/Documents/etl_api_twitter/venv/lib/python3.9/site-packages/airflow/example_dags/plugins/workday.py took 0.037 seconds
[2023-01-04 08:15:58,948] {processor.py:153} INFO - Started process (PID=4863) to work on /home/gustavo/Documents/etl_api_twitter/venv/lib/python3.9/site-packages/airflow/example_dags/plugins/workday.py
[2023-01-04 08:15:58,949] {processor.py:641} INFO - Processing file /home/gustavo/Documents/etl_api_twitter/venv/lib/python3.9/site-packages/airflow/example_dags/plugins/workday.py for tasks to queue
[2023-01-04 08:15:58,949] {logging_mixin.py:115} INFO - [2023-01-04 08:15:58,949] {dagbag.py:507} INFO - Filling up the DagBag from /home/gustavo/Documents/etl_api_twitter/venv/lib/python3.9/site-packages/airflow/example_dags/plugins/workday.py
[2023-01-04 08:15:58,951] {processor.py:653} WARNING - No viable dags retrieved from /home/gustavo/Documents/etl_api_twitter/venv/lib/python3.9/site-packages/airflow/example_dags/plugins/workday.py
[2023-01-04 08:15:58,962] {processor.py:161} INFO - Processing /home/gustavo/Documents/etl_api_twitter/venv/lib/python3.9/site-packages/airflow/example_dags/plugins/workday.py took 0.017 seconds
[2023-01-04 08:16:33,570] {processor.py:153} INFO - Started process (PID=5069) to work on /home/gustavo/Documents/etl_api_twitter/venv/lib/python3.9/site-packages/airflow/example_dags/plugins/workday.py
[2023-01-04 08:16:33,573] {processor.py:641} INFO - Processing file /home/gustavo/Documents/etl_api_twitter/venv/lib/python3.9/site-packages/airflow/example_dags/plugins/workday.py for tasks to queue
[2023-01-04 08:16:33,574] {logging_mixin.py:115} INFO - [2023-01-04 08:16:33,574] {dagbag.py:507} INFO - Filling up the DagBag from /home/gustavo/Documents/etl_api_twitter/venv/lib/python3.9/site-packages/airflow/example_dags/plugins/workday.py
[2023-01-04 08:16:33,580] {processor.py:653} WARNING - No viable dags retrieved from /home/gustavo/Documents/etl_api_twitter/venv/lib/python3.9/site-packages/airflow/example_dags/plugins/workday.py
[2023-01-04 08:16:33,601] {processor.py:161} INFO - Processing /home/gustavo/Documents/etl_api_twitter/venv/lib/python3.9/site-packages/airflow/example_dags/plugins/workday.py took 0.039 seconds
[2023-01-04 08:17:08,305] {processor.py:153} INFO - Started process (PID=5253) to work on /home/gustavo/Documents/etl_api_twitter/venv/lib/python3.9/site-packages/airflow/example_dags/plugins/workday.py
[2023-01-04 08:17:08,306] {processor.py:641} INFO - Processing file /home/gustavo/Documents/etl_api_twitter/venv/lib/python3.9/site-packages/airflow/example_dags/plugins/workday.py for tasks to queue
[2023-01-04 08:17:08,307] {logging_mixin.py:115} INFO - [2023-01-04 08:17:08,307] {dagbag.py:507} INFO - Filling up the DagBag from /home/gustavo/Documents/etl_api_twitter/venv/lib/python3.9/site-packages/airflow/example_dags/plugins/workday.py
[2023-01-04 08:17:08,309] {processor.py:653} WARNING - No viable dags retrieved from /home/gustavo/Documents/etl_api_twitter/venv/lib/python3.9/site-packages/airflow/example_dags/plugins/workday.py
[2023-01-04 08:17:08,328] {processor.py:161} INFO - Processing /home/gustavo/Documents/etl_api_twitter/venv/lib/python3.9/site-packages/airflow/example_dags/plugins/workday.py took 0.025 seconds
[2023-01-04 08:17:42,428] {processor.py:153} INFO - Started process (PID=5459) to work on /home/gustavo/Documents/etl_api_twitter/venv/lib/python3.9/site-packages/airflow/example_dags/plugins/workday.py
[2023-01-04 08:17:42,430] {processor.py:641} INFO - Processing file /home/gustavo/Documents/etl_api_twitter/venv/lib/python3.9/site-packages/airflow/example_dags/plugins/workday.py for tasks to queue
[2023-01-04 08:17:42,431] {logging_mixin.py:115} INFO - [2023-01-04 08:17:42,431] {dagbag.py:507} INFO - Filling up the DagBag from /home/gustavo/Documents/etl_api_twitter/venv/lib/python3.9/site-packages/airflow/example_dags/plugins/workday.py
[2023-01-04 08:17:42,434] {processor.py:653} WARNING - No viable dags retrieved from /home/gustavo/Documents/etl_api_twitter/venv/lib/python3.9/site-packages/airflow/example_dags/plugins/workday.py
[2023-01-04 08:17:42,451] {processor.py:161} INFO - Processing /home/gustavo/Documents/etl_api_twitter/venv/lib/python3.9/site-packages/airflow/example_dags/plugins/workday.py took 0.030 seconds
[2023-01-04 08:18:15,693] {processor.py:153} INFO - Started process (PID=5668) to work on /home/gustavo/Documents/etl_api_twitter/venv/lib/python3.9/site-packages/airflow/example_dags/plugins/workday.py
[2023-01-04 08:18:15,694] {processor.py:641} INFO - Processing file /home/gustavo/Documents/etl_api_twitter/venv/lib/python3.9/site-packages/airflow/example_dags/plugins/workday.py for tasks to queue
[2023-01-04 08:18:15,694] {logging_mixin.py:115} INFO - [2023-01-04 08:18:15,694] {dagbag.py:507} INFO - Filling up the DagBag from /home/gustavo/Documents/etl_api_twitter/venv/lib/python3.9/site-packages/airflow/example_dags/plugins/workday.py
[2023-01-04 08:18:15,696] {processor.py:653} WARNING - No viable dags retrieved from /home/gustavo/Documents/etl_api_twitter/venv/lib/python3.9/site-packages/airflow/example_dags/plugins/workday.py
[2023-01-04 08:18:15,708] {processor.py:161} INFO - Processing /home/gustavo/Documents/etl_api_twitter/venv/lib/python3.9/site-packages/airflow/example_dags/plugins/workday.py took 0.023 seconds
[2023-01-04 08:18:49,100] {processor.py:153} INFO - Started process (PID=5847) to work on /home/gustavo/Documents/etl_api_twitter/venv/lib/python3.9/site-packages/airflow/example_dags/plugins/workday.py
[2023-01-04 08:18:49,102] {processor.py:641} INFO - Processing file /home/gustavo/Documents/etl_api_twitter/venv/lib/python3.9/site-packages/airflow/example_dags/plugins/workday.py for tasks to queue
[2023-01-04 08:18:49,103] {logging_mixin.py:115} INFO - [2023-01-04 08:18:49,103] {dagbag.py:507} INFO - Filling up the DagBag from /home/gustavo/Documents/etl_api_twitter/venv/lib/python3.9/site-packages/airflow/example_dags/plugins/workday.py
[2023-01-04 08:18:49,104] {processor.py:653} WARNING - No viable dags retrieved from /home/gustavo/Documents/etl_api_twitter/venv/lib/python3.9/site-packages/airflow/example_dags/plugins/workday.py
[2023-01-04 08:18:49,115] {processor.py:161} INFO - Processing /home/gustavo/Documents/etl_api_twitter/venv/lib/python3.9/site-packages/airflow/example_dags/plugins/workday.py took 0.024 seconds
[2023-01-04 08:19:23,090] {processor.py:153} INFO - Started process (PID=6053) to work on /home/gustavo/Documents/etl_api_twitter/venv/lib/python3.9/site-packages/airflow/example_dags/plugins/workday.py
[2023-01-04 08:19:23,091] {processor.py:641} INFO - Processing file /home/gustavo/Documents/etl_api_twitter/venv/lib/python3.9/site-packages/airflow/example_dags/plugins/workday.py for tasks to queue
[2023-01-04 08:19:23,092] {logging_mixin.py:115} INFO - [2023-01-04 08:19:23,092] {dagbag.py:507} INFO - Filling up the DagBag from /home/gustavo/Documents/etl_api_twitter/venv/lib/python3.9/site-packages/airflow/example_dags/plugins/workday.py
[2023-01-04 08:19:23,094] {processor.py:653} WARNING - No viable dags retrieved from /home/gustavo/Documents/etl_api_twitter/venv/lib/python3.9/site-packages/airflow/example_dags/plugins/workday.py
[2023-01-04 08:19:23,106] {processor.py:161} INFO - Processing /home/gustavo/Documents/etl_api_twitter/venv/lib/python3.9/site-packages/airflow/example_dags/plugins/workday.py took 0.018 seconds
[2023-01-04 08:19:57,022] {processor.py:153} INFO - Started process (PID=6233) to work on /home/gustavo/Documents/etl_api_twitter/venv/lib/python3.9/site-packages/airflow/example_dags/plugins/workday.py
[2023-01-04 08:19:57,023] {processor.py:641} INFO - Processing file /home/gustavo/Documents/etl_api_twitter/venv/lib/python3.9/site-packages/airflow/example_dags/plugins/workday.py for tasks to queue
[2023-01-04 08:19:57,023] {logging_mixin.py:115} INFO - [2023-01-04 08:19:57,023] {dagbag.py:507} INFO - Filling up the DagBag from /home/gustavo/Documents/etl_api_twitter/venv/lib/python3.9/site-packages/airflow/example_dags/plugins/workday.py
[2023-01-04 08:19:57,025] {processor.py:653} WARNING - No viable dags retrieved from /home/gustavo/Documents/etl_api_twitter/venv/lib/python3.9/site-packages/airflow/example_dags/plugins/workday.py
[2023-01-04 08:19:57,038] {processor.py:161} INFO - Processing /home/gustavo/Documents/etl_api_twitter/venv/lib/python3.9/site-packages/airflow/example_dags/plugins/workday.py took 0.022 seconds
[2023-01-04 08:20:30,440] {processor.py:153} INFO - Started process (PID=6436) to work on /home/gustavo/Documents/etl_api_twitter/venv/lib/python3.9/site-packages/airflow/example_dags/plugins/workday.py
[2023-01-04 08:20:30,441] {processor.py:641} INFO - Processing file /home/gustavo/Documents/etl_api_twitter/venv/lib/python3.9/site-packages/airflow/example_dags/plugins/workday.py for tasks to queue
[2023-01-04 08:20:30,443] {logging_mixin.py:115} INFO - [2023-01-04 08:20:30,443] {dagbag.py:507} INFO - Filling up the DagBag from /home/gustavo/Documents/etl_api_twitter/venv/lib/python3.9/site-packages/airflow/example_dags/plugins/workday.py
[2023-01-04 08:20:30,447] {processor.py:653} WARNING - No viable dags retrieved from /home/gustavo/Documents/etl_api_twitter/venv/lib/python3.9/site-packages/airflow/example_dags/plugins/workday.py
[2023-01-04 08:20:30,466] {processor.py:161} INFO - Processing /home/gustavo/Documents/etl_api_twitter/venv/lib/python3.9/site-packages/airflow/example_dags/plugins/workday.py took 0.030 seconds
[2023-01-04 08:21:03,779] {processor.py:153} INFO - Started process (PID=6671) to work on /home/gustavo/Documents/etl_api_twitter/venv/lib/python3.9/site-packages/airflow/example_dags/plugins/workday.py
[2023-01-04 08:21:03,781] {processor.py:641} INFO - Processing file /home/gustavo/Documents/etl_api_twitter/venv/lib/python3.9/site-packages/airflow/example_dags/plugins/workday.py for tasks to queue
[2023-01-04 08:21:03,783] {logging_mixin.py:115} INFO - [2023-01-04 08:21:03,782] {dagbag.py:507} INFO - Filling up the DagBag from /home/gustavo/Documents/etl_api_twitter/venv/lib/python3.9/site-packages/airflow/example_dags/plugins/workday.py
[2023-01-04 08:21:03,787] {processor.py:653} WARNING - No viable dags retrieved from /home/gustavo/Documents/etl_api_twitter/venv/lib/python3.9/site-packages/airflow/example_dags/plugins/workday.py
[2023-01-04 08:21:03,803] {processor.py:161} INFO - Processing /home/gustavo/Documents/etl_api_twitter/venv/lib/python3.9/site-packages/airflow/example_dags/plugins/workday.py took 0.029 seconds
[2023-01-04 08:21:35,234] {processor.py:153} INFO - Started process (PID=6871) to work on /home/gustavo/Documents/etl_api_twitter/venv/lib/python3.9/site-packages/airflow/example_dags/plugins/workday.py
[2023-01-04 08:21:35,236] {processor.py:641} INFO - Processing file /home/gustavo/Documents/etl_api_twitter/venv/lib/python3.9/site-packages/airflow/example_dags/plugins/workday.py for tasks to queue
[2023-01-04 08:21:35,237] {logging_mixin.py:115} INFO - [2023-01-04 08:21:35,237] {dagbag.py:507} INFO - Filling up the DagBag from /home/gustavo/Documents/etl_api_twitter/venv/lib/python3.9/site-packages/airflow/example_dags/plugins/workday.py
[2023-01-04 08:21:35,244] {processor.py:653} WARNING - No viable dags retrieved from /home/gustavo/Documents/etl_api_twitter/venv/lib/python3.9/site-packages/airflow/example_dags/plugins/workday.py
[2023-01-04 08:21:35,258] {processor.py:161} INFO - Processing /home/gustavo/Documents/etl_api_twitter/venv/lib/python3.9/site-packages/airflow/example_dags/plugins/workday.py took 0.030 seconds
[2023-01-04 08:22:07,943] {processor.py:153} INFO - Started process (PID=7050) to work on /home/gustavo/Documents/etl_api_twitter/venv/lib/python3.9/site-packages/airflow/example_dags/plugins/workday.py
[2023-01-04 08:22:07,945] {processor.py:641} INFO - Processing file /home/gustavo/Documents/etl_api_twitter/venv/lib/python3.9/site-packages/airflow/example_dags/plugins/workday.py for tasks to queue
[2023-01-04 08:22:07,946] {logging_mixin.py:115} INFO - [2023-01-04 08:22:07,946] {dagbag.py:507} INFO - Filling up the DagBag from /home/gustavo/Documents/etl_api_twitter/venv/lib/python3.9/site-packages/airflow/example_dags/plugins/workday.py
[2023-01-04 08:22:07,952] {processor.py:653} WARNING - No viable dags retrieved from /home/gustavo/Documents/etl_api_twitter/venv/lib/python3.9/site-packages/airflow/example_dags/plugins/workday.py
[2023-01-04 08:22:07,974] {processor.py:161} INFO - Processing /home/gustavo/Documents/etl_api_twitter/venv/lib/python3.9/site-packages/airflow/example_dags/plugins/workday.py took 0.038 seconds
[2023-01-04 08:22:40,078] {processor.py:153} INFO - Started process (PID=7235) to work on /home/gustavo/Documents/etl_api_twitter/venv/lib/python3.9/site-packages/airflow/example_dags/plugins/workday.py
[2023-01-04 08:22:40,079] {processor.py:641} INFO - Processing file /home/gustavo/Documents/etl_api_twitter/venv/lib/python3.9/site-packages/airflow/example_dags/plugins/workday.py for tasks to queue
[2023-01-04 08:22:40,080] {logging_mixin.py:115} INFO - [2023-01-04 08:22:40,080] {dagbag.py:507} INFO - Filling up the DagBag from /home/gustavo/Documents/etl_api_twitter/venv/lib/python3.9/site-packages/airflow/example_dags/plugins/workday.py
[2023-01-04 08:22:40,085] {processor.py:653} WARNING - No viable dags retrieved from /home/gustavo/Documents/etl_api_twitter/venv/lib/python3.9/site-packages/airflow/example_dags/plugins/workday.py
[2023-01-04 08:22:40,098] {processor.py:161} INFO - Processing /home/gustavo/Documents/etl_api_twitter/venv/lib/python3.9/site-packages/airflow/example_dags/plugins/workday.py took 0.024 seconds
[2023-01-04 08:23:13,246] {processor.py:153} INFO - Started process (PID=7443) to work on /home/gustavo/Documents/etl_api_twitter/venv/lib/python3.9/site-packages/airflow/example_dags/plugins/workday.py
[2023-01-04 08:23:13,248] {processor.py:641} INFO - Processing file /home/gustavo/Documents/etl_api_twitter/venv/lib/python3.9/site-packages/airflow/example_dags/plugins/workday.py for tasks to queue
[2023-01-04 08:23:13,248] {logging_mixin.py:115} INFO - [2023-01-04 08:23:13,248] {dagbag.py:507} INFO - Filling up the DagBag from /home/gustavo/Documents/etl_api_twitter/venv/lib/python3.9/site-packages/airflow/example_dags/plugins/workday.py
[2023-01-04 08:23:13,251] {processor.py:653} WARNING - No viable dags retrieved from /home/gustavo/Documents/etl_api_twitter/venv/lib/python3.9/site-packages/airflow/example_dags/plugins/workday.py
[2023-01-04 08:23:13,263] {processor.py:161} INFO - Processing /home/gustavo/Documents/etl_api_twitter/venv/lib/python3.9/site-packages/airflow/example_dags/plugins/workday.py took 0.023 seconds
[2023-01-04 08:23:47,401] {processor.py:153} INFO - Started process (PID=7624) to work on /home/gustavo/Documents/etl_api_twitter/venv/lib/python3.9/site-packages/airflow/example_dags/plugins/workday.py
[2023-01-04 08:23:47,403] {processor.py:641} INFO - Processing file /home/gustavo/Documents/etl_api_twitter/venv/lib/python3.9/site-packages/airflow/example_dags/plugins/workday.py for tasks to queue
[2023-01-04 08:23:47,404] {logging_mixin.py:115} INFO - [2023-01-04 08:23:47,404] {dagbag.py:507} INFO - Filling up the DagBag from /home/gustavo/Documents/etl_api_twitter/venv/lib/python3.9/site-packages/airflow/example_dags/plugins/workday.py
[2023-01-04 08:23:47,410] {processor.py:653} WARNING - No viable dags retrieved from /home/gustavo/Documents/etl_api_twitter/venv/lib/python3.9/site-packages/airflow/example_dags/plugins/workday.py
[2023-01-04 08:23:47,439] {processor.py:161} INFO - Processing /home/gustavo/Documents/etl_api_twitter/venv/lib/python3.9/site-packages/airflow/example_dags/plugins/workday.py took 0.044 seconds
[2023-01-04 08:24:22,239] {processor.py:153} INFO - Started process (PID=7828) to work on /home/gustavo/Documents/etl_api_twitter/venv/lib/python3.9/site-packages/airflow/example_dags/plugins/workday.py
[2023-01-04 08:24:22,240] {processor.py:641} INFO - Processing file /home/gustavo/Documents/etl_api_twitter/venv/lib/python3.9/site-packages/airflow/example_dags/plugins/workday.py for tasks to queue
[2023-01-04 08:24:22,241] {logging_mixin.py:115} INFO - [2023-01-04 08:24:22,240] {dagbag.py:507} INFO - Filling up the DagBag from /home/gustavo/Documents/etl_api_twitter/venv/lib/python3.9/site-packages/airflow/example_dags/plugins/workday.py
[2023-01-04 08:24:22,242] {processor.py:653} WARNING - No viable dags retrieved from /home/gustavo/Documents/etl_api_twitter/venv/lib/python3.9/site-packages/airflow/example_dags/plugins/workday.py
[2023-01-04 08:24:22,255] {processor.py:161} INFO - Processing /home/gustavo/Documents/etl_api_twitter/venv/lib/python3.9/site-packages/airflow/example_dags/plugins/workday.py took 0.019 seconds
[2023-01-04 08:24:56,817] {processor.py:153} INFO - Started process (PID=8031) to work on /home/gustavo/Documents/etl_api_twitter/venv/lib/python3.9/site-packages/airflow/example_dags/plugins/workday.py
[2023-01-04 08:24:56,818] {processor.py:641} INFO - Processing file /home/gustavo/Documents/etl_api_twitter/venv/lib/python3.9/site-packages/airflow/example_dags/plugins/workday.py for tasks to queue
[2023-01-04 08:24:56,818] {logging_mixin.py:115} INFO - [2023-01-04 08:24:56,818] {dagbag.py:507} INFO - Filling up the DagBag from /home/gustavo/Documents/etl_api_twitter/venv/lib/python3.9/site-packages/airflow/example_dags/plugins/workday.py
[2023-01-04 08:24:56,820] {processor.py:653} WARNING - No viable dags retrieved from /home/gustavo/Documents/etl_api_twitter/venv/lib/python3.9/site-packages/airflow/example_dags/plugins/workday.py
[2023-01-04 08:24:56,833] {processor.py:161} INFO - Processing /home/gustavo/Documents/etl_api_twitter/venv/lib/python3.9/site-packages/airflow/example_dags/plugins/workday.py took 0.019 seconds
[2023-01-04 08:25:28,916] {processor.py:153} INFO - Started process (PID=8210) to work on /home/gustavo/Documents/etl_api_twitter/venv/lib/python3.9/site-packages/airflow/example_dags/plugins/workday.py
[2023-01-04 08:25:28,917] {processor.py:641} INFO - Processing file /home/gustavo/Documents/etl_api_twitter/venv/lib/python3.9/site-packages/airflow/example_dags/plugins/workday.py for tasks to queue
[2023-01-04 08:25:28,917] {logging_mixin.py:115} INFO - [2023-01-04 08:25:28,917] {dagbag.py:507} INFO - Filling up the DagBag from /home/gustavo/Documents/etl_api_twitter/venv/lib/python3.9/site-packages/airflow/example_dags/plugins/workday.py
[2023-01-04 08:25:28,919] {processor.py:653} WARNING - No viable dags retrieved from /home/gustavo/Documents/etl_api_twitter/venv/lib/python3.9/site-packages/airflow/example_dags/plugins/workday.py
[2023-01-04 08:25:28,942] {processor.py:161} INFO - Processing /home/gustavo/Documents/etl_api_twitter/venv/lib/python3.9/site-packages/airflow/example_dags/plugins/workday.py took 0.031 seconds
[2023-01-04 08:26:05,378] {processor.py:153} INFO - Started process (PID=8471) to work on /home/gustavo/Documents/etl_api_twitter/venv/lib/python3.9/site-packages/airflow/example_dags/plugins/workday.py
[2023-01-04 08:26:05,380] {processor.py:641} INFO - Processing file /home/gustavo/Documents/etl_api_twitter/venv/lib/python3.9/site-packages/airflow/example_dags/plugins/workday.py for tasks to queue
[2023-01-04 08:26:05,381] {logging_mixin.py:115} INFO - [2023-01-04 08:26:05,381] {dagbag.py:507} INFO - Filling up the DagBag from /home/gustavo/Documents/etl_api_twitter/venv/lib/python3.9/site-packages/airflow/example_dags/plugins/workday.py
[2023-01-04 08:26:05,385] {processor.py:653} WARNING - No viable dags retrieved from /home/gustavo/Documents/etl_api_twitter/venv/lib/python3.9/site-packages/airflow/example_dags/plugins/workday.py
[2023-01-04 08:26:05,405] {processor.py:161} INFO - Processing /home/gustavo/Documents/etl_api_twitter/venv/lib/python3.9/site-packages/airflow/example_dags/plugins/workday.py took 0.034 seconds
[2023-01-04 08:26:40,545] {processor.py:153} INFO - Started process (PID=8676) to work on /home/gustavo/Documents/etl_api_twitter/venv/lib/python3.9/site-packages/airflow/example_dags/plugins/workday.py
[2023-01-04 08:26:40,547] {processor.py:641} INFO - Processing file /home/gustavo/Documents/etl_api_twitter/venv/lib/python3.9/site-packages/airflow/example_dags/plugins/workday.py for tasks to queue
[2023-01-04 08:26:40,548] {logging_mixin.py:115} INFO - [2023-01-04 08:26:40,548] {dagbag.py:507} INFO - Filling up the DagBag from /home/gustavo/Documents/etl_api_twitter/venv/lib/python3.9/site-packages/airflow/example_dags/plugins/workday.py
[2023-01-04 08:26:40,552] {processor.py:653} WARNING - No viable dags retrieved from /home/gustavo/Documents/etl_api_twitter/venv/lib/python3.9/site-packages/airflow/example_dags/plugins/workday.py
[2023-01-04 08:26:40,575] {processor.py:161} INFO - Processing /home/gustavo/Documents/etl_api_twitter/venv/lib/python3.9/site-packages/airflow/example_dags/plugins/workday.py took 0.038 seconds
[2023-01-04 08:27:11,719] {processor.py:153} INFO - Started process (PID=8857) to work on /home/gustavo/Documents/etl_api_twitter/venv/lib/python3.9/site-packages/airflow/example_dags/plugins/workday.py
[2023-01-04 08:27:11,720] {processor.py:641} INFO - Processing file /home/gustavo/Documents/etl_api_twitter/venv/lib/python3.9/site-packages/airflow/example_dags/plugins/workday.py for tasks to queue
[2023-01-04 08:27:11,721] {logging_mixin.py:115} INFO - [2023-01-04 08:27:11,721] {dagbag.py:507} INFO - Filling up the DagBag from /home/gustavo/Documents/etl_api_twitter/venv/lib/python3.9/site-packages/airflow/example_dags/plugins/workday.py
[2023-01-04 08:27:11,726] {processor.py:653} WARNING - No viable dags retrieved from /home/gustavo/Documents/etl_api_twitter/venv/lib/python3.9/site-packages/airflow/example_dags/plugins/workday.py
[2023-01-04 08:27:11,750] {processor.py:161} INFO - Processing /home/gustavo/Documents/etl_api_twitter/venv/lib/python3.9/site-packages/airflow/example_dags/plugins/workday.py took 0.038 seconds
[2023-01-04 08:27:44,720] {processor.py:153} INFO - Started process (PID=9069) to work on /home/gustavo/Documents/etl_api_twitter/venv/lib/python3.9/site-packages/airflow/example_dags/plugins/workday.py
[2023-01-04 08:27:44,722] {processor.py:641} INFO - Processing file /home/gustavo/Documents/etl_api_twitter/venv/lib/python3.9/site-packages/airflow/example_dags/plugins/workday.py for tasks to queue
[2023-01-04 08:27:44,723] {logging_mixin.py:115} INFO - [2023-01-04 08:27:44,723] {dagbag.py:507} INFO - Filling up the DagBag from /home/gustavo/Documents/etl_api_twitter/venv/lib/python3.9/site-packages/airflow/example_dags/plugins/workday.py
[2023-01-04 08:27:44,726] {processor.py:653} WARNING - No viable dags retrieved from /home/gustavo/Documents/etl_api_twitter/venv/lib/python3.9/site-packages/airflow/example_dags/plugins/workday.py
[2023-01-04 08:27:44,745] {processor.py:161} INFO - Processing /home/gustavo/Documents/etl_api_twitter/venv/lib/python3.9/site-packages/airflow/example_dags/plugins/workday.py took 0.028 seconds
