[2023-01-04 07:51:11,199] {processor.py:153} INFO - Started process (PID=23088) to work on /home/gustavo/Documents/etl_api_twitter/venv/lib/python3.9/site-packages/airflow/example_dags/example_branch_day_of_week_operator.py
[2023-01-04 07:51:11,200] {processor.py:641} INFO - Processing file /home/gustavo/Documents/etl_api_twitter/venv/lib/python3.9/site-packages/airflow/example_dags/example_branch_day_of_week_operator.py for tasks to queue
[2023-01-04 07:51:11,201] {logging_mixin.py:115} INFO - [2023-01-04 07:51:11,201] {dagbag.py:507} INFO - Filling up the DagBag from /home/gustavo/Documents/etl_api_twitter/venv/lib/python3.9/site-packages/airflow/example_dags/example_branch_day_of_week_operator.py
[2023-01-04 07:51:11,225] {processor.py:651} INFO - DAG(s) dict_keys(['example_weekday_branch_operator']) retrieved from /home/gustavo/Documents/etl_api_twitter/venv/lib/python3.9/site-packages/airflow/example_dags/example_branch_day_of_week_operator.py
[2023-01-04 07:51:11,362] {logging_mixin.py:115} INFO - [2023-01-04 07:51:11,361] {manager.py:508} INFO - Created Permission View: can read on DAG:example_weekday_branch_operator
[2023-01-04 07:51:11,372] {logging_mixin.py:115} INFO - [2023-01-04 07:51:11,372] {manager.py:508} INFO - Created Permission View: can edit on DAG:example_weekday_branch_operator
[2023-01-04 07:51:11,388] {logging_mixin.py:115} INFO - [2023-01-04 07:51:11,387] {manager.py:508} INFO - Created Permission View: can delete on DAG:example_weekday_branch_operator
[2023-01-04 07:51:11,388] {logging_mixin.py:115} INFO - [2023-01-04 07:51:11,388] {dag.py:2379} INFO - Sync 1 DAGs
[2023-01-04 07:51:11,402] {logging_mixin.py:115} INFO - [2023-01-04 07:51:11,402] {dag.py:2398} INFO - Creating ORM DAG for example_weekday_branch_operator
[2023-01-04 07:51:11,422] {logging_mixin.py:115} INFO - [2023-01-04 07:51:11,421] {dag.py:2927} INFO - Setting next_dagrun for example_weekday_branch_operator to 2023-01-03T00:00:00+00:00, run_after=2023-01-04T00:00:00+00:00
[2023-01-04 07:51:11,449] {processor.py:161} INFO - Processing /home/gustavo/Documents/etl_api_twitter/venv/lib/python3.9/site-packages/airflow/example_dags/example_branch_day_of_week_operator.py took 0.262 seconds
[2023-01-04 07:51:49,593] {processor.py:153} INFO - Started process (PID=23305) to work on /home/gustavo/Documents/etl_api_twitter/venv/lib/python3.9/site-packages/airflow/example_dags/example_branch_day_of_week_operator.py
[2023-01-04 07:51:49,594] {processor.py:641} INFO - Processing file /home/gustavo/Documents/etl_api_twitter/venv/lib/python3.9/site-packages/airflow/example_dags/example_branch_day_of_week_operator.py for tasks to queue
[2023-01-04 07:51:49,596] {logging_mixin.py:115} INFO - [2023-01-04 07:51:49,595] {dagbag.py:507} INFO - Filling up the DagBag from /home/gustavo/Documents/etl_api_twitter/venv/lib/python3.9/site-packages/airflow/example_dags/example_branch_day_of_week_operator.py
[2023-01-04 07:51:49,606] {processor.py:651} INFO - DAG(s) dict_keys(['example_weekday_branch_operator']) retrieved from /home/gustavo/Documents/etl_api_twitter/venv/lib/python3.9/site-packages/airflow/example_dags/example_branch_day_of_week_operator.py
[2023-01-04 07:51:49,650] {logging_mixin.py:115} INFO - [2023-01-04 07:51:49,649] {dag.py:2379} INFO - Sync 1 DAGs
[2023-01-04 07:51:49,702] {logging_mixin.py:115} INFO - [2023-01-04 07:51:49,702] {dag.py:2927} INFO - Setting next_dagrun for example_weekday_branch_operator to 2023-01-03T00:00:00+00:00, run_after=2023-01-04T00:00:00+00:00
[2023-01-04 07:51:49,731] {processor.py:161} INFO - Processing /home/gustavo/Documents/etl_api_twitter/venv/lib/python3.9/site-packages/airflow/example_dags/example_branch_day_of_week_operator.py took 0.143 seconds
[2023-01-04 07:53:04,524] {processor.py:153} INFO - Started process (PID=23981) to work on /home/gustavo/Documents/etl_api_twitter/venv/lib/python3.9/site-packages/airflow/example_dags/example_branch_day_of_week_operator.py
[2023-01-04 07:53:04,526] {processor.py:641} INFO - Processing file /home/gustavo/Documents/etl_api_twitter/venv/lib/python3.9/site-packages/airflow/example_dags/example_branch_day_of_week_operator.py for tasks to queue
[2023-01-04 07:53:04,528] {logging_mixin.py:115} INFO - [2023-01-04 07:53:04,527] {dagbag.py:507} INFO - Filling up the DagBag from /home/gustavo/Documents/etl_api_twitter/venv/lib/python3.9/site-packages/airflow/example_dags/example_branch_day_of_week_operator.py
[2023-01-04 07:53:04,556] {processor.py:651} INFO - DAG(s) dict_keys(['example_weekday_branch_operator']) retrieved from /home/gustavo/Documents/etl_api_twitter/venv/lib/python3.9/site-packages/airflow/example_dags/example_branch_day_of_week_operator.py
[2023-01-04 07:53:04,611] {logging_mixin.py:115} INFO - [2023-01-04 07:53:04,610] {dag.py:2379} INFO - Sync 1 DAGs
[2023-01-04 07:53:04,664] {logging_mixin.py:115} INFO - [2023-01-04 07:53:04,663] {dag.py:2927} INFO - Setting next_dagrun for example_weekday_branch_operator to 2023-01-03T00:00:00+00:00, run_after=2023-01-04T00:00:00+00:00
[2023-01-04 07:53:04,694] {processor.py:161} INFO - Processing /home/gustavo/Documents/etl_api_twitter/venv/lib/python3.9/site-packages/airflow/example_dags/example_branch_day_of_week_operator.py took 0.183 seconds
