[2023-01-04 07:50:17,152] {processor.py:153} INFO - Started process (PID=22760) to work on /home/gustavo/Documents/etl_api_twitter/venv/lib/python3.9/site-packages/airflow/example_dags/example_time_delta_sensor_async.py
[2023-01-04 07:50:17,153] {processor.py:641} INFO - Processing file /home/gustavo/Documents/etl_api_twitter/venv/lib/python3.9/site-packages/airflow/example_dags/example_time_delta_sensor_async.py for tasks to queue
[2023-01-04 07:50:17,153] {logging_mixin.py:115} INFO - [2023-01-04 07:50:17,153] {dagbag.py:507} INFO - Filling up the DagBag from /home/gustavo/Documents/etl_api_twitter/venv/lib/python3.9/site-packages/airflow/example_dags/example_time_delta_sensor_async.py
[2023-01-04 07:50:17,158] {processor.py:651} INFO - DAG(s) dict_keys(['example_time_delta_sensor_async']) retrieved from /home/gustavo/Documents/etl_api_twitter/venv/lib/python3.9/site-packages/airflow/example_dags/example_time_delta_sensor_async.py
[2023-01-04 07:50:17,293] {logging_mixin.py:115} INFO - [2023-01-04 07:50:17,293] {manager.py:508} INFO - Created Permission View: can edit on DAG:example_time_delta_sensor_async
[2023-01-04 07:50:17,307] {logging_mixin.py:115} INFO - [2023-01-04 07:50:17,306] {manager.py:508} INFO - Created Permission View: can delete on DAG:example_time_delta_sensor_async
[2023-01-04 07:50:17,321] {logging_mixin.py:115} INFO - [2023-01-04 07:50:17,321] {manager.py:508} INFO - Created Permission View: can read on DAG:example_time_delta_sensor_async
[2023-01-04 07:50:17,321] {logging_mixin.py:115} INFO - [2023-01-04 07:50:17,321] {dag.py:2379} INFO - Sync 1 DAGs
[2023-01-04 07:50:17,335] {logging_mixin.py:115} INFO - [2023-01-04 07:50:17,335] {dag.py:2398} INFO - Creating ORM DAG for example_time_delta_sensor_async
[2023-01-04 07:50:17,352] {logging_mixin.py:115} INFO - [2023-01-04 07:50:17,352] {dag.py:2927} INFO - Setting next_dagrun for example_time_delta_sensor_async to None, run_after=None
[2023-01-04 07:50:17,375] {processor.py:161} INFO - Processing /home/gustavo/Documents/etl_api_twitter/venv/lib/python3.9/site-packages/airflow/example_dags/example_time_delta_sensor_async.py took 0.226 seconds
[2023-01-04 07:50:55,289] {processor.py:153} INFO - Started process (PID=22996) to work on /home/gustavo/Documents/etl_api_twitter/venv/lib/python3.9/site-packages/airflow/example_dags/example_time_delta_sensor_async.py
[2023-01-04 07:50:55,290] {processor.py:641} INFO - Processing file /home/gustavo/Documents/etl_api_twitter/venv/lib/python3.9/site-packages/airflow/example_dags/example_time_delta_sensor_async.py for tasks to queue
[2023-01-04 07:50:55,291] {logging_mixin.py:115} INFO - [2023-01-04 07:50:55,291] {dagbag.py:507} INFO - Filling up the DagBag from /home/gustavo/Documents/etl_api_twitter/venv/lib/python3.9/site-packages/airflow/example_dags/example_time_delta_sensor_async.py
[2023-01-04 07:50:55,301] {processor.py:651} INFO - DAG(s) dict_keys(['example_time_delta_sensor_async']) retrieved from /home/gustavo/Documents/etl_api_twitter/venv/lib/python3.9/site-packages/airflow/example_dags/example_time_delta_sensor_async.py
[2023-01-04 07:50:55,334] {logging_mixin.py:115} INFO - [2023-01-04 07:50:55,334] {dag.py:2379} INFO - Sync 1 DAGs
[2023-01-04 07:50:55,395] {logging_mixin.py:115} INFO - [2023-01-04 07:50:55,395] {dag.py:2927} INFO - Setting next_dagrun for example_time_delta_sensor_async to None, run_after=None
[2023-01-04 07:50:55,422] {processor.py:161} INFO - Processing /home/gustavo/Documents/etl_api_twitter/venv/lib/python3.9/site-packages/airflow/example_dags/example_time_delta_sensor_async.py took 0.137 seconds
[2023-01-04 07:51:36,130] {processor.py:153} INFO - Started process (PID=23225) to work on /home/gustavo/Documents/etl_api_twitter/venv/lib/python3.9/site-packages/airflow/example_dags/example_time_delta_sensor_async.py
[2023-01-04 07:51:36,142] {processor.py:641} INFO - Processing file /home/gustavo/Documents/etl_api_twitter/venv/lib/python3.9/site-packages/airflow/example_dags/example_time_delta_sensor_async.py for tasks to queue
[2023-01-04 07:51:36,148] {logging_mixin.py:115} INFO - [2023-01-04 07:51:36,148] {dagbag.py:507} INFO - Filling up the DagBag from /home/gustavo/Documents/etl_api_twitter/venv/lib/python3.9/site-packages/airflow/example_dags/example_time_delta_sensor_async.py
[2023-01-04 07:51:36,158] {processor.py:651} INFO - DAG(s) dict_keys(['example_time_delta_sensor_async']) retrieved from /home/gustavo/Documents/etl_api_twitter/venv/lib/python3.9/site-packages/airflow/example_dags/example_time_delta_sensor_async.py
[2023-01-04 07:51:36,205] {logging_mixin.py:115} INFO - [2023-01-04 07:51:36,204] {dag.py:2379} INFO - Sync 1 DAGs
[2023-01-04 07:51:36,237] {logging_mixin.py:115} INFO - [2023-01-04 07:51:36,237] {dag.py:2927} INFO - Setting next_dagrun for example_time_delta_sensor_async to None, run_after=None
[2023-01-04 07:51:36,268] {processor.py:161} INFO - Processing /home/gustavo/Documents/etl_api_twitter/venv/lib/python3.9/site-packages/airflow/example_dags/example_time_delta_sensor_async.py took 0.141 seconds
[2023-01-04 07:52:51,442] {processor.py:153} INFO - Started process (PID=23835) to work on /home/gustavo/Documents/etl_api_twitter/venv/lib/python3.9/site-packages/airflow/example_dags/example_time_delta_sensor_async.py
[2023-01-04 07:52:51,446] {processor.py:641} INFO - Processing file /home/gustavo/Documents/etl_api_twitter/venv/lib/python3.9/site-packages/airflow/example_dags/example_time_delta_sensor_async.py for tasks to queue
[2023-01-04 07:52:51,448] {logging_mixin.py:115} INFO - [2023-01-04 07:52:51,448] {dagbag.py:507} INFO - Filling up the DagBag from /home/gustavo/Documents/etl_api_twitter/venv/lib/python3.9/site-packages/airflow/example_dags/example_time_delta_sensor_async.py
[2023-01-04 07:52:51,465] {processor.py:651} INFO - DAG(s) dict_keys(['example_time_delta_sensor_async']) retrieved from /home/gustavo/Documents/etl_api_twitter/venv/lib/python3.9/site-packages/airflow/example_dags/example_time_delta_sensor_async.py
[2023-01-04 07:52:51,530] {logging_mixin.py:115} INFO - [2023-01-04 07:52:51,530] {dag.py:2379} INFO - Sync 1 DAGs
[2023-01-04 07:52:51,582] {logging_mixin.py:115} INFO - [2023-01-04 07:52:51,582] {dag.py:2927} INFO - Setting next_dagrun for example_time_delta_sensor_async to None, run_after=None
[2023-01-04 07:52:51,604] {processor.py:161} INFO - Processing /home/gustavo/Documents/etl_api_twitter/venv/lib/python3.9/site-packages/airflow/example_dags/example_time_delta_sensor_async.py took 0.173 seconds
[2023-01-04 07:53:28,371] {processor.py:153} INFO - Started process (PID=24318) to work on /home/gustavo/Documents/etl_api_twitter/venv/lib/python3.9/site-packages/airflow/example_dags/example_time_delta_sensor_async.py
[2023-01-04 07:53:28,374] {processor.py:641} INFO - Processing file /home/gustavo/Documents/etl_api_twitter/venv/lib/python3.9/site-packages/airflow/example_dags/example_time_delta_sensor_async.py for tasks to queue
[2023-01-04 07:53:28,376] {logging_mixin.py:115} INFO - [2023-01-04 07:53:28,375] {dagbag.py:507} INFO - Filling up the DagBag from /home/gustavo/Documents/etl_api_twitter/venv/lib/python3.9/site-packages/airflow/example_dags/example_time_delta_sensor_async.py
[2023-01-04 07:53:28,388] {processor.py:651} INFO - DAG(s) dict_keys(['example_time_delta_sensor_async']) retrieved from /home/gustavo/Documents/etl_api_twitter/venv/lib/python3.9/site-packages/airflow/example_dags/example_time_delta_sensor_async.py
[2023-01-04 07:53:28,450] {logging_mixin.py:115} INFO - [2023-01-04 07:53:28,450] {dag.py:2379} INFO - Sync 1 DAGs
[2023-01-04 07:53:28,502] {logging_mixin.py:115} INFO - [2023-01-04 07:53:28,502] {dag.py:2927} INFO - Setting next_dagrun for example_time_delta_sensor_async to None, run_after=None
[2023-01-04 07:53:28,526] {processor.py:161} INFO - Processing /home/gustavo/Documents/etl_api_twitter/venv/lib/python3.9/site-packages/airflow/example_dags/example_time_delta_sensor_async.py took 0.172 seconds
