[2023-01-04 07:51:08,159] {processor.py:153} INFO - Started process (PID=23074) to work on /home/gustavo/Documents/etl_api_twitter/venv/lib/python3.9/site-packages/airflow/example_dags/example_latest_only_with_trigger.py
[2023-01-04 07:51:08,160] {processor.py:641} INFO - Processing file /home/gustavo/Documents/etl_api_twitter/venv/lib/python3.9/site-packages/airflow/example_dags/example_latest_only_with_trigger.py for tasks to queue
[2023-01-04 07:51:08,161] {logging_mixin.py:115} INFO - [2023-01-04 07:51:08,160] {dagbag.py:507} INFO - Filling up the DagBag from /home/gustavo/Documents/etl_api_twitter/venv/lib/python3.9/site-packages/airflow/example_dags/example_latest_only_with_trigger.py
[2023-01-04 07:51:08,189] {processor.py:651} INFO - DAG(s) dict_keys(['latest_only_with_trigger']) retrieved from /home/gustavo/Documents/etl_api_twitter/venv/lib/python3.9/site-packages/airflow/example_dags/example_latest_only_with_trigger.py
[2023-01-04 07:51:08,434] {logging_mixin.py:115} INFO - [2023-01-04 07:51:08,434] {manager.py:508} INFO - Created Permission View: can read on DAG:latest_only_with_trigger
[2023-01-04 07:51:08,465] {logging_mixin.py:115} INFO - [2023-01-04 07:51:08,465] {manager.py:508} INFO - Created Permission View: can edit on DAG:latest_only_with_trigger
[2023-01-04 07:51:08,487] {logging_mixin.py:115} INFO - [2023-01-04 07:51:08,487] {manager.py:508} INFO - Created Permission View: can delete on DAG:latest_only_with_trigger
[2023-01-04 07:51:08,488] {logging_mixin.py:115} INFO - [2023-01-04 07:51:08,488] {dag.py:2379} INFO - Sync 1 DAGs
[2023-01-04 07:51:08,505] {logging_mixin.py:115} INFO - [2023-01-04 07:51:08,505] {dag.py:2398} INFO - Creating ORM DAG for latest_only_with_trigger
[2023-01-04 07:51:08,519] {logging_mixin.py:115} INFO - [2023-01-04 07:51:08,519] {dag.py:2927} INFO - Setting next_dagrun for latest_only_with_trigger to 2023-01-04T06:51:08.518822+00:00, run_after=2023-01-04T10:51:08.518822+00:00
[2023-01-04 07:51:08,541] {processor.py:161} INFO - Processing /home/gustavo/Documents/etl_api_twitter/venv/lib/python3.9/site-packages/airflow/example_dags/example_latest_only_with_trigger.py took 0.396 seconds
[2023-01-04 07:51:47,822] {processor.py:153} INFO - Started process (PID=23287) to work on /home/gustavo/Documents/etl_api_twitter/venv/lib/python3.9/site-packages/airflow/example_dags/example_latest_only_with_trigger.py
[2023-01-04 07:51:47,829] {processor.py:641} INFO - Processing file /home/gustavo/Documents/etl_api_twitter/venv/lib/python3.9/site-packages/airflow/example_dags/example_latest_only_with_trigger.py for tasks to queue
[2023-01-04 07:51:47,830] {logging_mixin.py:115} INFO - [2023-01-04 07:51:47,830] {dagbag.py:507} INFO - Filling up the DagBag from /home/gustavo/Documents/etl_api_twitter/venv/lib/python3.9/site-packages/airflow/example_dags/example_latest_only_with_trigger.py
[2023-01-04 07:51:47,847] {processor.py:651} INFO - DAG(s) dict_keys(['latest_only_with_trigger']) retrieved from /home/gustavo/Documents/etl_api_twitter/venv/lib/python3.9/site-packages/airflow/example_dags/example_latest_only_with_trigger.py
[2023-01-04 07:51:47,907] {logging_mixin.py:115} INFO - [2023-01-04 07:51:47,907] {dag.py:2379} INFO - Sync 1 DAGs
[2023-01-04 07:51:47,959] {logging_mixin.py:115} INFO - [2023-01-04 07:51:47,959] {dag.py:2927} INFO - Setting next_dagrun for latest_only_with_trigger to 2023-01-04T06:51:47.957929+00:00, run_after=2023-01-04T10:51:47.957929+00:00
[2023-01-04 07:51:47,983] {processor.py:161} INFO - Processing /home/gustavo/Documents/etl_api_twitter/venv/lib/python3.9/site-packages/airflow/example_dags/example_latest_only_with_trigger.py took 0.168 seconds
[2023-01-04 07:53:02,929] {processor.py:153} INFO - Started process (PID=23938) to work on /home/gustavo/Documents/etl_api_twitter/venv/lib/python3.9/site-packages/airflow/example_dags/example_latest_only_with_trigger.py
[2023-01-04 07:53:02,934] {processor.py:641} INFO - Processing file /home/gustavo/Documents/etl_api_twitter/venv/lib/python3.9/site-packages/airflow/example_dags/example_latest_only_with_trigger.py for tasks to queue
[2023-01-04 07:53:02,936] {logging_mixin.py:115} INFO - [2023-01-04 07:53:02,936] {dagbag.py:507} INFO - Filling up the DagBag from /home/gustavo/Documents/etl_api_twitter/venv/lib/python3.9/site-packages/airflow/example_dags/example_latest_only_with_trigger.py
[2023-01-04 07:53:02,965] {processor.py:651} INFO - DAG(s) dict_keys(['latest_only_with_trigger']) retrieved from /home/gustavo/Documents/etl_api_twitter/venv/lib/python3.9/site-packages/airflow/example_dags/example_latest_only_with_trigger.py
[2023-01-04 07:53:03,000] {logging_mixin.py:115} INFO - [2023-01-04 07:53:03,000] {dag.py:2379} INFO - Sync 1 DAGs
[2023-01-04 07:53:03,039] {logging_mixin.py:115} INFO - [2023-01-04 07:53:03,039] {dag.py:2927} INFO - Setting next_dagrun for latest_only_with_trigger to 2023-01-04T06:53:03.038825+00:00, run_after=2023-01-04T10:53:03.038825+00:00
[2023-01-04 07:53:03,054] {processor.py:161} INFO - Processing /home/gustavo/Documents/etl_api_twitter/venv/lib/python3.9/site-packages/airflow/example_dags/example_latest_only_with_trigger.py took 0.132 seconds
