[2023-01-04 07:50:19,463] {processor.py:153} INFO - Started process (PID=22778) to work on /home/gustavo/Documents/etl_api_twitter/venv/lib/python3.9/site-packages/airflow/example_dags/example_task_group_decorator.py
[2023-01-04 07:50:19,464] {processor.py:641} INFO - Processing file /home/gustavo/Documents/etl_api_twitter/venv/lib/python3.9/site-packages/airflow/example_dags/example_task_group_decorator.py for tasks to queue
[2023-01-04 07:50:19,465] {logging_mixin.py:115} INFO - [2023-01-04 07:50:19,465] {dagbag.py:507} INFO - Filling up the DagBag from /home/gustavo/Documents/etl_api_twitter/venv/lib/python3.9/site-packages/airflow/example_dags/example_task_group_decorator.py
[2023-01-04 07:50:19,535] {processor.py:651} INFO - DAG(s) dict_keys(['example_task_group_decorator']) retrieved from /home/gustavo/Documents/etl_api_twitter/venv/lib/python3.9/site-packages/airflow/example_dags/example_task_group_decorator.py
[2023-01-04 07:50:19,662] {logging_mixin.py:115} INFO - [2023-01-04 07:50:19,661] {manager.py:508} INFO - Created Permission View: can edit on DAG:example_task_group_decorator
[2023-01-04 07:50:19,680] {logging_mixin.py:115} INFO - [2023-01-04 07:50:19,680] {manager.py:508} INFO - Created Permission View: can delete on DAG:example_task_group_decorator
[2023-01-04 07:50:19,706] {logging_mixin.py:115} INFO - [2023-01-04 07:50:19,706] {manager.py:508} INFO - Created Permission View: can read on DAG:example_task_group_decorator
[2023-01-04 07:50:19,707] {logging_mixin.py:115} INFO - [2023-01-04 07:50:19,707] {dag.py:2379} INFO - Sync 1 DAGs
[2023-01-04 07:50:19,717] {logging_mixin.py:115} INFO - [2023-01-04 07:50:19,717] {dag.py:2398} INFO - Creating ORM DAG for example_task_group_decorator
[2023-01-04 07:50:19,730] {logging_mixin.py:115} INFO - [2023-01-04 07:50:19,730] {dag.py:2927} INFO - Setting next_dagrun for example_task_group_decorator to 2023-01-03T10:50:19.730301+00:00, run_after=2023-01-04T10:50:19.730301+00:00
[2023-01-04 07:50:19,751] {processor.py:161} INFO - Processing /home/gustavo/Documents/etl_api_twitter/venv/lib/python3.9/site-packages/airflow/example_dags/example_task_group_decorator.py took 0.293 seconds
[2023-01-04 07:50:57,752] {processor.py:153} INFO - Started process (PID=23011) to work on /home/gustavo/Documents/etl_api_twitter/venv/lib/python3.9/site-packages/airflow/example_dags/example_task_group_decorator.py
[2023-01-04 07:50:57,754] {processor.py:641} INFO - Processing file /home/gustavo/Documents/etl_api_twitter/venv/lib/python3.9/site-packages/airflow/example_dags/example_task_group_decorator.py for tasks to queue
[2023-01-04 07:50:57,756] {logging_mixin.py:115} INFO - [2023-01-04 07:50:57,755] {dagbag.py:507} INFO - Filling up the DagBag from /home/gustavo/Documents/etl_api_twitter/venv/lib/python3.9/site-packages/airflow/example_dags/example_task_group_decorator.py
[2023-01-04 07:50:57,796] {processor.py:651} INFO - DAG(s) dict_keys(['example_task_group_decorator']) retrieved from /home/gustavo/Documents/etl_api_twitter/venv/lib/python3.9/site-packages/airflow/example_dags/example_task_group_decorator.py
[2023-01-04 07:50:57,889] {logging_mixin.py:115} INFO - [2023-01-04 07:50:57,889] {dag.py:2379} INFO - Sync 1 DAGs
[2023-01-04 07:50:57,924] {logging_mixin.py:115} INFO - [2023-01-04 07:50:57,924] {dag.py:2927} INFO - Setting next_dagrun for example_task_group_decorator to 2023-01-03T10:50:57.923468+00:00, run_after=2023-01-04T10:50:57.923468+00:00
[2023-01-04 07:50:57,947] {processor.py:161} INFO - Processing /home/gustavo/Documents/etl_api_twitter/venv/lib/python3.9/site-packages/airflow/example_dags/example_task_group_decorator.py took 0.201 seconds
[2023-01-04 07:51:38,746] {processor.py:153} INFO - Started process (PID=23246) to work on /home/gustavo/Documents/etl_api_twitter/venv/lib/python3.9/site-packages/airflow/example_dags/example_task_group_decorator.py
[2023-01-04 07:51:38,748] {processor.py:641} INFO - Processing file /home/gustavo/Documents/etl_api_twitter/venv/lib/python3.9/site-packages/airflow/example_dags/example_task_group_decorator.py for tasks to queue
[2023-01-04 07:51:38,749] {logging_mixin.py:115} INFO - [2023-01-04 07:51:38,749] {dagbag.py:507} INFO - Filling up the DagBag from /home/gustavo/Documents/etl_api_twitter/venv/lib/python3.9/site-packages/airflow/example_dags/example_task_group_decorator.py
[2023-01-04 07:51:38,798] {processor.py:651} INFO - DAG(s) dict_keys(['example_task_group_decorator']) retrieved from /home/gustavo/Documents/etl_api_twitter/venv/lib/python3.9/site-packages/airflow/example_dags/example_task_group_decorator.py
[2023-01-04 07:51:38,884] {logging_mixin.py:115} INFO - [2023-01-04 07:51:38,884] {dag.py:2379} INFO - Sync 1 DAGs
[2023-01-04 07:51:38,912] {logging_mixin.py:115} INFO - [2023-01-04 07:51:38,912] {dag.py:2927} INFO - Setting next_dagrun for example_task_group_decorator to 2023-01-03T10:51:38.911948+00:00, run_after=2023-01-04T10:51:38.911948+00:00
[2023-01-04 07:51:38,932] {processor.py:161} INFO - Processing /home/gustavo/Documents/etl_api_twitter/venv/lib/python3.9/site-packages/airflow/example_dags/example_task_group_decorator.py took 0.192 seconds
[2023-01-04 07:52:53,641] {processor.py:153} INFO - Started process (PID=23846) to work on /home/gustavo/Documents/etl_api_twitter/venv/lib/python3.9/site-packages/airflow/example_dags/example_task_group_decorator.py
[2023-01-04 07:52:53,643] {processor.py:641} INFO - Processing file /home/gustavo/Documents/etl_api_twitter/venv/lib/python3.9/site-packages/airflow/example_dags/example_task_group_decorator.py for tasks to queue
[2023-01-04 07:52:53,644] {logging_mixin.py:115} INFO - [2023-01-04 07:52:53,644] {dagbag.py:507} INFO - Filling up the DagBag from /home/gustavo/Documents/etl_api_twitter/venv/lib/python3.9/site-packages/airflow/example_dags/example_task_group_decorator.py
[2023-01-04 07:52:53,676] {processor.py:651} INFO - DAG(s) dict_keys(['example_task_group_decorator']) retrieved from /home/gustavo/Documents/etl_api_twitter/venv/lib/python3.9/site-packages/airflow/example_dags/example_task_group_decorator.py
[2023-01-04 07:52:53,742] {logging_mixin.py:115} INFO - [2023-01-04 07:52:53,742] {dag.py:2379} INFO - Sync 1 DAGs
[2023-01-04 07:52:53,755] {logging_mixin.py:115} INFO - [2023-01-04 07:52:53,755] {dag.py:2927} INFO - Setting next_dagrun for example_task_group_decorator to 2023-01-03T10:52:53.755083+00:00, run_after=2023-01-04T10:52:53.755083+00:00
[2023-01-04 07:52:53,769] {processor.py:161} INFO - Processing /home/gustavo/Documents/etl_api_twitter/venv/lib/python3.9/site-packages/airflow/example_dags/example_task_group_decorator.py took 0.130 seconds
[2023-01-04 07:53:30,338] {processor.py:153} INFO - Started process (PID=24334) to work on /home/gustavo/Documents/etl_api_twitter/venv/lib/python3.9/site-packages/airflow/example_dags/example_task_group_decorator.py
[2023-01-04 07:53:30,340] {processor.py:641} INFO - Processing file /home/gustavo/Documents/etl_api_twitter/venv/lib/python3.9/site-packages/airflow/example_dags/example_task_group_decorator.py for tasks to queue
[2023-01-04 07:53:30,340] {logging_mixin.py:115} INFO - [2023-01-04 07:53:30,340] {dagbag.py:507} INFO - Filling up the DagBag from /home/gustavo/Documents/etl_api_twitter/venv/lib/python3.9/site-packages/airflow/example_dags/example_task_group_decorator.py
[2023-01-04 07:53:30,392] {processor.py:651} INFO - DAG(s) dict_keys(['example_task_group_decorator']) retrieved from /home/gustavo/Documents/etl_api_twitter/venv/lib/python3.9/site-packages/airflow/example_dags/example_task_group_decorator.py
[2023-01-04 07:53:30,464] {logging_mixin.py:115} INFO - [2023-01-04 07:53:30,464] {dag.py:2379} INFO - Sync 1 DAGs
[2023-01-04 07:53:30,486] {logging_mixin.py:115} INFO - [2023-01-04 07:53:30,486] {dag.py:2927} INFO - Setting next_dagrun for example_task_group_decorator to 2023-01-03T10:53:30.485334+00:00, run_after=2023-01-04T10:53:30.485334+00:00
[2023-01-04 07:53:30,528] {processor.py:161} INFO - Processing /home/gustavo/Documents/etl_api_twitter/venv/lib/python3.9/site-packages/airflow/example_dags/example_task_group_decorator.py took 0.194 seconds
