[2023-01-04 07:51:06,024] {processor.py:153} INFO - Started process (PID=23059) to work on /home/gustavo/Documents/etl_api_twitter/venv/lib/python3.9/site-packages/airflow/example_dags/example_branch_datetime_operator.py
[2023-01-04 07:51:06,025] {processor.py:641} INFO - Processing file /home/gustavo/Documents/etl_api_twitter/venv/lib/python3.9/site-packages/airflow/example_dags/example_branch_datetime_operator.py for tasks to queue
[2023-01-04 07:51:06,027] {logging_mixin.py:115} INFO - [2023-01-04 07:51:06,027] {dagbag.py:507} INFO - Filling up the DagBag from /home/gustavo/Documents/etl_api_twitter/venv/lib/python3.9/site-packages/airflow/example_dags/example_branch_datetime_operator.py
[2023-01-04 07:51:06,039] {processor.py:651} INFO - DAG(s) dict_keys(['example_branch_datetime_operator_2']) retrieved from /home/gustavo/Documents/etl_api_twitter/venv/lib/python3.9/site-packages/airflow/example_dags/example_branch_datetime_operator.py
[2023-01-04 07:51:06,158] {logging_mixin.py:115} INFO - [2023-01-04 07:51:06,157] {manager.py:508} INFO - Created Permission View: can read on DAG:example_branch_datetime_operator_2
[2023-01-04 07:51:06,174] {logging_mixin.py:115} INFO - [2023-01-04 07:51:06,173] {manager.py:508} INFO - Created Permission View: can edit on DAG:example_branch_datetime_operator_2
[2023-01-04 07:51:06,182] {logging_mixin.py:115} INFO - [2023-01-04 07:51:06,181] {manager.py:508} INFO - Created Permission View: can delete on DAG:example_branch_datetime_operator_2
[2023-01-04 07:51:06,182] {logging_mixin.py:115} INFO - [2023-01-04 07:51:06,182] {dag.py:2379} INFO - Sync 1 DAGs
[2023-01-04 07:51:06,203] {logging_mixin.py:115} INFO - [2023-01-04 07:51:06,202] {dag.py:2398} INFO - Creating ORM DAG for example_branch_datetime_operator_2
[2023-01-04 07:51:06,244] {logging_mixin.py:115} INFO - [2023-01-04 07:51:06,243] {dag.py:2927} INFO - Setting next_dagrun for example_branch_datetime_operator_2 to 2023-01-03T00:00:00+00:00, run_after=2023-01-04T00:00:00+00:00
[2023-01-04 07:51:06,286] {processor.py:161} INFO - Processing /home/gustavo/Documents/etl_api_twitter/venv/lib/python3.9/site-packages/airflow/example_dags/example_branch_datetime_operator.py took 0.269 seconds
[2023-01-04 07:51:45,401] {processor.py:153} INFO - Started process (PID=23279) to work on /home/gustavo/Documents/etl_api_twitter/venv/lib/python3.9/site-packages/airflow/example_dags/example_branch_datetime_operator.py
[2023-01-04 07:51:45,403] {processor.py:641} INFO - Processing file /home/gustavo/Documents/etl_api_twitter/venv/lib/python3.9/site-packages/airflow/example_dags/example_branch_datetime_operator.py for tasks to queue
[2023-01-04 07:51:45,404] {logging_mixin.py:115} INFO - [2023-01-04 07:51:45,404] {dagbag.py:507} INFO - Filling up the DagBag from /home/gustavo/Documents/etl_api_twitter/venv/lib/python3.9/site-packages/airflow/example_dags/example_branch_datetime_operator.py
[2023-01-04 07:51:45,432] {processor.py:651} INFO - DAG(s) dict_keys(['example_branch_datetime_operator_2']) retrieved from /home/gustavo/Documents/etl_api_twitter/venv/lib/python3.9/site-packages/airflow/example_dags/example_branch_datetime_operator.py
[2023-01-04 07:51:45,475] {logging_mixin.py:115} INFO - [2023-01-04 07:51:45,475] {dag.py:2379} INFO - Sync 1 DAGs
[2023-01-04 07:51:45,525] {logging_mixin.py:115} INFO - [2023-01-04 07:51:45,525] {dag.py:2927} INFO - Setting next_dagrun for example_branch_datetime_operator_2 to 2023-01-03T00:00:00+00:00, run_after=2023-01-04T00:00:00+00:00
[2023-01-04 07:51:45,538] {processor.py:161} INFO - Processing /home/gustavo/Documents/etl_api_twitter/venv/lib/python3.9/site-packages/airflow/example_dags/example_branch_datetime_operator.py took 0.147 seconds
[2023-01-04 07:53:00,514] {processor.py:153} INFO - Started process (PID=23923) to work on /home/gustavo/Documents/etl_api_twitter/venv/lib/python3.9/site-packages/airflow/example_dags/example_branch_datetime_operator.py
[2023-01-04 07:53:00,515] {processor.py:641} INFO - Processing file /home/gustavo/Documents/etl_api_twitter/venv/lib/python3.9/site-packages/airflow/example_dags/example_branch_datetime_operator.py for tasks to queue
[2023-01-04 07:53:00,517] {logging_mixin.py:115} INFO - [2023-01-04 07:53:00,517] {dagbag.py:507} INFO - Filling up the DagBag from /home/gustavo/Documents/etl_api_twitter/venv/lib/python3.9/site-packages/airflow/example_dags/example_branch_datetime_operator.py
[2023-01-04 07:53:00,539] {processor.py:651} INFO - DAG(s) dict_keys(['example_branch_datetime_operator_2']) retrieved from /home/gustavo/Documents/etl_api_twitter/venv/lib/python3.9/site-packages/airflow/example_dags/example_branch_datetime_operator.py
[2023-01-04 07:53:00,582] {logging_mixin.py:115} INFO - [2023-01-04 07:53:00,582] {dag.py:2379} INFO - Sync 1 DAGs
[2023-01-04 07:53:00,630] {logging_mixin.py:115} INFO - [2023-01-04 07:53:00,630] {dag.py:2927} INFO - Setting next_dagrun for example_branch_datetime_operator_2 to 2023-01-03T00:00:00+00:00, run_after=2023-01-04T00:00:00+00:00
[2023-01-04 07:53:00,644] {processor.py:161} INFO - Processing /home/gustavo/Documents/etl_api_twitter/venv/lib/python3.9/site-packages/airflow/example_dags/example_branch_datetime_operator.py took 0.134 seconds
[2023-01-04 07:53:37,597] {processor.py:153} INFO - Started process (PID=24376) to work on /home/gustavo/Documents/etl_api_twitter/venv/lib/python3.9/site-packages/airflow/example_dags/example_branch_datetime_operator.py
[2023-01-04 07:53:37,598] {processor.py:641} INFO - Processing file /home/gustavo/Documents/etl_api_twitter/venv/lib/python3.9/site-packages/airflow/example_dags/example_branch_datetime_operator.py for tasks to queue
[2023-01-04 07:53:37,599] {logging_mixin.py:115} INFO - [2023-01-04 07:53:37,598] {dagbag.py:507} INFO - Filling up the DagBag from /home/gustavo/Documents/etl_api_twitter/venv/lib/python3.9/site-packages/airflow/example_dags/example_branch_datetime_operator.py
[2023-01-04 07:53:37,617] {processor.py:651} INFO - DAG(s) dict_keys(['example_branch_datetime_operator_2']) retrieved from /home/gustavo/Documents/etl_api_twitter/venv/lib/python3.9/site-packages/airflow/example_dags/example_branch_datetime_operator.py
[2023-01-04 07:53:37,639] {logging_mixin.py:115} INFO - [2023-01-04 07:53:37,639] {dag.py:2379} INFO - Sync 1 DAGs
[2023-01-04 07:53:37,666] {logging_mixin.py:115} INFO - [2023-01-04 07:53:37,666] {dag.py:2927} INFO - Setting next_dagrun for example_branch_datetime_operator_2 to 2023-01-03T00:00:00+00:00, run_after=2023-01-04T00:00:00+00:00
[2023-01-04 07:53:37,689] {processor.py:161} INFO - Processing /home/gustavo/Documents/etl_api_twitter/venv/lib/python3.9/site-packages/airflow/example_dags/example_branch_datetime_operator.py took 0.101 seconds
