[2023-01-04 07:50:19,922] {processor.py:153} INFO - Started process (PID=22780) to work on /home/gustavo/Documents/etl_api_twitter/venv/lib/python3.9/site-packages/airflow/example_dags/example_trigger_controller_dag.py
[2023-01-04 07:50:19,923] {processor.py:641} INFO - Processing file /home/gustavo/Documents/etl_api_twitter/venv/lib/python3.9/site-packages/airflow/example_dags/example_trigger_controller_dag.py for tasks to queue
[2023-01-04 07:50:19,933] {logging_mixin.py:115} INFO - [2023-01-04 07:50:19,932] {dagbag.py:507} INFO - Filling up the DagBag from /home/gustavo/Documents/etl_api_twitter/venv/lib/python3.9/site-packages/airflow/example_dags/example_trigger_controller_dag.py
[2023-01-04 07:50:19,941] {processor.py:651} INFO - DAG(s) dict_keys(['example_trigger_controller_dag']) retrieved from /home/gustavo/Documents/etl_api_twitter/venv/lib/python3.9/site-packages/airflow/example_dags/example_trigger_controller_dag.py
[2023-01-04 07:50:20,089] {logging_mixin.py:115} INFO - [2023-01-04 07:50:20,089] {manager.py:508} INFO - Created Permission View: can edit on DAG:example_trigger_controller_dag
[2023-01-04 07:50:20,107] {logging_mixin.py:115} INFO - [2023-01-04 07:50:20,106] {manager.py:508} INFO - Created Permission View: can delete on DAG:example_trigger_controller_dag
[2023-01-04 07:50:20,121] {logging_mixin.py:115} INFO - [2023-01-04 07:50:20,121] {manager.py:508} INFO - Created Permission View: can read on DAG:example_trigger_controller_dag
[2023-01-04 07:50:20,121] {logging_mixin.py:115} INFO - [2023-01-04 07:50:20,121] {dag.py:2379} INFO - Sync 1 DAGs
[2023-01-04 07:50:20,128] {logging_mixin.py:115} INFO - [2023-01-04 07:50:20,128] {dag.py:2398} INFO - Creating ORM DAG for example_trigger_controller_dag
[2023-01-04 07:50:20,141] {logging_mixin.py:115} INFO - [2023-01-04 07:50:20,140] {dag.py:2927} INFO - Setting next_dagrun for example_trigger_controller_dag to 2021-01-01T00:00:00+00:00, run_after=2021-01-01T00:00:00+00:00
[2023-01-04 07:50:20,163] {processor.py:161} INFO - Processing /home/gustavo/Documents/etl_api_twitter/venv/lib/python3.9/site-packages/airflow/example_dags/example_trigger_controller_dag.py took 0.249 seconds
[2023-01-04 07:50:59,148] {processor.py:153} INFO - Started process (PID=23021) to work on /home/gustavo/Documents/etl_api_twitter/venv/lib/python3.9/site-packages/airflow/example_dags/example_trigger_controller_dag.py
[2023-01-04 07:50:59,152] {processor.py:641} INFO - Processing file /home/gustavo/Documents/etl_api_twitter/venv/lib/python3.9/site-packages/airflow/example_dags/example_trigger_controller_dag.py for tasks to queue
[2023-01-04 07:50:59,153] {logging_mixin.py:115} INFO - [2023-01-04 07:50:59,153] {dagbag.py:507} INFO - Filling up the DagBag from /home/gustavo/Documents/etl_api_twitter/venv/lib/python3.9/site-packages/airflow/example_dags/example_trigger_controller_dag.py
[2023-01-04 07:50:59,159] {processor.py:651} INFO - DAG(s) dict_keys(['example_trigger_controller_dag']) retrieved from /home/gustavo/Documents/etl_api_twitter/venv/lib/python3.9/site-packages/airflow/example_dags/example_trigger_controller_dag.py
[2023-01-04 07:50:59,185] {logging_mixin.py:115} INFO - [2023-01-04 07:50:59,185] {dag.py:2379} INFO - Sync 1 DAGs
[2023-01-04 07:50:59,217] {logging_mixin.py:115} INFO - [2023-01-04 07:50:59,216] {dag.py:2927} INFO - Setting next_dagrun for example_trigger_controller_dag to 2021-01-01T00:00:00+00:00, run_after=2021-01-01T00:00:00+00:00
[2023-01-04 07:50:59,231] {processor.py:161} INFO - Processing /home/gustavo/Documents/etl_api_twitter/venv/lib/python3.9/site-packages/airflow/example_dags/example_trigger_controller_dag.py took 0.087 seconds
[2023-01-04 07:51:39,349] {processor.py:153} INFO - Started process (PID=23248) to work on /home/gustavo/Documents/etl_api_twitter/venv/lib/python3.9/site-packages/airflow/example_dags/example_trigger_controller_dag.py
[2023-01-04 07:51:39,352] {processor.py:641} INFO - Processing file /home/gustavo/Documents/etl_api_twitter/venv/lib/python3.9/site-packages/airflow/example_dags/example_trigger_controller_dag.py for tasks to queue
[2023-01-04 07:51:39,354] {logging_mixin.py:115} INFO - [2023-01-04 07:51:39,353] {dagbag.py:507} INFO - Filling up the DagBag from /home/gustavo/Documents/etl_api_twitter/venv/lib/python3.9/site-packages/airflow/example_dags/example_trigger_controller_dag.py
[2023-01-04 07:51:39,365] {processor.py:651} INFO - DAG(s) dict_keys(['example_trigger_controller_dag']) retrieved from /home/gustavo/Documents/etl_api_twitter/venv/lib/python3.9/site-packages/airflow/example_dags/example_trigger_controller_dag.py
[2023-01-04 07:51:39,397] {logging_mixin.py:115} INFO - [2023-01-04 07:51:39,397] {dag.py:2379} INFO - Sync 1 DAGs
[2023-01-04 07:51:39,463] {logging_mixin.py:115} INFO - [2023-01-04 07:51:39,463] {dag.py:2927} INFO - Setting next_dagrun for example_trigger_controller_dag to 2021-01-01T00:00:00+00:00, run_after=2021-01-01T00:00:00+00:00
[2023-01-04 07:51:39,486] {processor.py:161} INFO - Processing /home/gustavo/Documents/etl_api_twitter/venv/lib/python3.9/site-packages/airflow/example_dags/example_trigger_controller_dag.py took 0.145 seconds
[2023-01-04 07:52:54,054] {processor.py:153} INFO - Started process (PID=23852) to work on /home/gustavo/Documents/etl_api_twitter/venv/lib/python3.9/site-packages/airflow/example_dags/example_trigger_controller_dag.py
[2023-01-04 07:52:54,060] {processor.py:641} INFO - Processing file /home/gustavo/Documents/etl_api_twitter/venv/lib/python3.9/site-packages/airflow/example_dags/example_trigger_controller_dag.py for tasks to queue
[2023-01-04 07:52:54,062] {logging_mixin.py:115} INFO - [2023-01-04 07:52:54,061] {dagbag.py:507} INFO - Filling up the DagBag from /home/gustavo/Documents/etl_api_twitter/venv/lib/python3.9/site-packages/airflow/example_dags/example_trigger_controller_dag.py
[2023-01-04 07:52:54,070] {processor.py:651} INFO - DAG(s) dict_keys(['example_trigger_controller_dag']) retrieved from /home/gustavo/Documents/etl_api_twitter/venv/lib/python3.9/site-packages/airflow/example_dags/example_trigger_controller_dag.py
[2023-01-04 07:52:54,093] {logging_mixin.py:115} INFO - [2023-01-04 07:52:54,093] {dag.py:2379} INFO - Sync 1 DAGs
[2023-01-04 07:52:54,119] {logging_mixin.py:115} INFO - [2023-01-04 07:52:54,119] {dag.py:2927} INFO - Setting next_dagrun for example_trigger_controller_dag to 2021-01-01T00:00:00+00:00, run_after=2021-01-01T00:00:00+00:00
[2023-01-04 07:52:54,137] {processor.py:161} INFO - Processing /home/gustavo/Documents/etl_api_twitter/venv/lib/python3.9/site-packages/airflow/example_dags/example_trigger_controller_dag.py took 0.085 seconds
[2023-01-04 07:53:31,098] {processor.py:153} INFO - Started process (PID=24336) to work on /home/gustavo/Documents/etl_api_twitter/venv/lib/python3.9/site-packages/airflow/example_dags/example_trigger_controller_dag.py
[2023-01-04 07:53:31,099] {processor.py:641} INFO - Processing file /home/gustavo/Documents/etl_api_twitter/venv/lib/python3.9/site-packages/airflow/example_dags/example_trigger_controller_dag.py for tasks to queue
[2023-01-04 07:53:31,100] {logging_mixin.py:115} INFO - [2023-01-04 07:53:31,100] {dagbag.py:507} INFO - Filling up the DagBag from /home/gustavo/Documents/etl_api_twitter/venv/lib/python3.9/site-packages/airflow/example_dags/example_trigger_controller_dag.py
[2023-01-04 07:53:31,105] {processor.py:651} INFO - DAG(s) dict_keys(['example_trigger_controller_dag']) retrieved from /home/gustavo/Documents/etl_api_twitter/venv/lib/python3.9/site-packages/airflow/example_dags/example_trigger_controller_dag.py
[2023-01-04 07:53:31,143] {logging_mixin.py:115} INFO - [2023-01-04 07:53:31,143] {dag.py:2379} INFO - Sync 1 DAGs
[2023-01-04 07:53:31,184] {logging_mixin.py:115} INFO - [2023-01-04 07:53:31,183] {dag.py:2927} INFO - Setting next_dagrun for example_trigger_controller_dag to 2021-01-01T00:00:00+00:00, run_after=2021-01-01T00:00:00+00:00
[2023-01-04 07:53:31,228] {processor.py:161} INFO - Processing /home/gustavo/Documents/etl_api_twitter/venv/lib/python3.9/site-packages/airflow/example_dags/example_trigger_controller_dag.py took 0.137 seconds
