[2023-01-04 07:51:03,150] {processor.py:153} INFO - Started process (PID=23046) to work on /home/gustavo/Documents/etl_api_twitter/venv/lib/python3.9/site-packages/airflow/example_dags/example_skip_dag.py
[2023-01-04 07:51:03,150] {processor.py:641} INFO - Processing file /home/gustavo/Documents/etl_api_twitter/venv/lib/python3.9/site-packages/airflow/example_dags/example_skip_dag.py for tasks to queue
[2023-01-04 07:51:03,151] {logging_mixin.py:115} INFO - [2023-01-04 07:51:03,151] {dagbag.py:507} INFO - Filling up the DagBag from /home/gustavo/Documents/etl_api_twitter/venv/lib/python3.9/site-packages/airflow/example_dags/example_skip_dag.py
[2023-01-04 07:51:03,159] {processor.py:651} INFO - DAG(s) dict_keys(['example_skip_dag']) retrieved from /home/gustavo/Documents/etl_api_twitter/venv/lib/python3.9/site-packages/airflow/example_dags/example_skip_dag.py
[2023-01-04 07:51:03,267] {logging_mixin.py:115} INFO - [2023-01-04 07:51:03,266] {manager.py:508} INFO - Created Permission View: can read on DAG:example_skip_dag
[2023-01-04 07:51:03,283] {logging_mixin.py:115} INFO - [2023-01-04 07:51:03,282] {manager.py:508} INFO - Created Permission View: can edit on DAG:example_skip_dag
[2023-01-04 07:51:03,298] {logging_mixin.py:115} INFO - [2023-01-04 07:51:03,298] {manager.py:508} INFO - Created Permission View: can delete on DAG:example_skip_dag
[2023-01-04 07:51:03,298] {logging_mixin.py:115} INFO - [2023-01-04 07:51:03,298] {dag.py:2379} INFO - Sync 1 DAGs
[2023-01-04 07:51:03,313] {logging_mixin.py:115} INFO - [2023-01-04 07:51:03,312] {dag.py:2398} INFO - Creating ORM DAG for example_skip_dag
[2023-01-04 07:51:03,335] {logging_mixin.py:115} INFO - [2023-01-04 07:51:03,335] {dag.py:2927} INFO - Setting next_dagrun for example_skip_dag to 2023-01-03T10:51:03.334733+00:00, run_after=2023-01-04T10:51:03.334733+00:00
[2023-01-04 07:51:03,393] {processor.py:161} INFO - Processing /home/gustavo/Documents/etl_api_twitter/venv/lib/python3.9/site-packages/airflow/example_dags/example_skip_dag.py took 0.247 seconds
[2023-01-04 07:51:43,731] {processor.py:153} INFO - Started process (PID=23272) to work on /home/gustavo/Documents/etl_api_twitter/venv/lib/python3.9/site-packages/airflow/example_dags/example_skip_dag.py
[2023-01-04 07:51:43,734] {processor.py:641} INFO - Processing file /home/gustavo/Documents/etl_api_twitter/venv/lib/python3.9/site-packages/airflow/example_dags/example_skip_dag.py for tasks to queue
[2023-01-04 07:51:43,736] {logging_mixin.py:115} INFO - [2023-01-04 07:51:43,736] {dagbag.py:507} INFO - Filling up the DagBag from /home/gustavo/Documents/etl_api_twitter/venv/lib/python3.9/site-packages/airflow/example_dags/example_skip_dag.py
[2023-01-04 07:51:43,750] {processor.py:651} INFO - DAG(s) dict_keys(['example_skip_dag']) retrieved from /home/gustavo/Documents/etl_api_twitter/venv/lib/python3.9/site-packages/airflow/example_dags/example_skip_dag.py
[2023-01-04 07:51:43,787] {logging_mixin.py:115} INFO - [2023-01-04 07:51:43,787] {dag.py:2379} INFO - Sync 1 DAGs
[2023-01-04 07:51:43,836] {logging_mixin.py:115} INFO - [2023-01-04 07:51:43,836] {dag.py:2927} INFO - Setting next_dagrun for example_skip_dag to 2023-01-03T10:51:43.835339+00:00, run_after=2023-01-04T10:51:43.835339+00:00
[2023-01-04 07:51:43,866] {processor.py:161} INFO - Processing /home/gustavo/Documents/etl_api_twitter/venv/lib/python3.9/site-packages/airflow/example_dags/example_skip_dag.py took 0.143 seconds
[2023-01-04 07:52:58,654] {processor.py:153} INFO - Started process (PID=23913) to work on /home/gustavo/Documents/etl_api_twitter/venv/lib/python3.9/site-packages/airflow/example_dags/example_skip_dag.py
[2023-01-04 07:52:58,655] {processor.py:641} INFO - Processing file /home/gustavo/Documents/etl_api_twitter/venv/lib/python3.9/site-packages/airflow/example_dags/example_skip_dag.py for tasks to queue
[2023-01-04 07:52:58,655] {logging_mixin.py:115} INFO - [2023-01-04 07:52:58,655] {dagbag.py:507} INFO - Filling up the DagBag from /home/gustavo/Documents/etl_api_twitter/venv/lib/python3.9/site-packages/airflow/example_dags/example_skip_dag.py
[2023-01-04 07:52:58,664] {processor.py:651} INFO - DAG(s) dict_keys(['example_skip_dag']) retrieved from /home/gustavo/Documents/etl_api_twitter/venv/lib/python3.9/site-packages/airflow/example_dags/example_skip_dag.py
[2023-01-04 07:52:58,702] {logging_mixin.py:115} INFO - [2023-01-04 07:52:58,702] {dag.py:2379} INFO - Sync 1 DAGs
[2023-01-04 07:52:58,762] {logging_mixin.py:115} INFO - [2023-01-04 07:52:58,762] {dag.py:2927} INFO - Setting next_dagrun for example_skip_dag to 2023-01-03T10:52:58.761348+00:00, run_after=2023-01-04T10:52:58.761348+00:00
[2023-01-04 07:52:58,794] {processor.py:161} INFO - Processing /home/gustavo/Documents/etl_api_twitter/venv/lib/python3.9/site-packages/airflow/example_dags/example_skip_dag.py took 0.151 seconds
[2023-01-04 07:53:35,198] {processor.py:153} INFO - Started process (PID=24361) to work on /home/gustavo/Documents/etl_api_twitter/venv/lib/python3.9/site-packages/airflow/example_dags/example_skip_dag.py
[2023-01-04 07:53:35,200] {processor.py:641} INFO - Processing file /home/gustavo/Documents/etl_api_twitter/venv/lib/python3.9/site-packages/airflow/example_dags/example_skip_dag.py for tasks to queue
[2023-01-04 07:53:35,201] {logging_mixin.py:115} INFO - [2023-01-04 07:53:35,201] {dagbag.py:507} INFO - Filling up the DagBag from /home/gustavo/Documents/etl_api_twitter/venv/lib/python3.9/site-packages/airflow/example_dags/example_skip_dag.py
[2023-01-04 07:53:35,216] {processor.py:651} INFO - DAG(s) dict_keys(['example_skip_dag']) retrieved from /home/gustavo/Documents/etl_api_twitter/venv/lib/python3.9/site-packages/airflow/example_dags/example_skip_dag.py
[2023-01-04 07:53:35,258] {logging_mixin.py:115} INFO - [2023-01-04 07:53:35,258] {dag.py:2379} INFO - Sync 1 DAGs
[2023-01-04 07:53:35,299] {logging_mixin.py:115} INFO - [2023-01-04 07:53:35,299] {dag.py:2927} INFO - Setting next_dagrun for example_skip_dag to 2023-01-03T10:53:35.299018+00:00, run_after=2023-01-04T10:53:35.299018+00:00
[2023-01-04 07:53:35,312] {processor.py:161} INFO - Processing /home/gustavo/Documents/etl_api_twitter/venv/lib/python3.9/site-packages/airflow/example_dags/example_skip_dag.py took 0.123 seconds
