[2023-01-04 07:50:11,114] {processor.py:153} INFO - Started process (PID=22727) to work on /home/gustavo/Documents/etl_api_twitter/venv/lib/python3.9/site-packages/airflow/example_dags/tutorial_taskflow_api_etl_virtualenv.py
[2023-01-04 07:50:11,126] {processor.py:641} INFO - Processing file /home/gustavo/Documents/etl_api_twitter/venv/lib/python3.9/site-packages/airflow/example_dags/tutorial_taskflow_api_etl_virtualenv.py for tasks to queue
[2023-01-04 07:50:11,128] {logging_mixin.py:115} INFO - [2023-01-04 07:50:11,128] {dagbag.py:507} INFO - Filling up the DagBag from /home/gustavo/Documents/etl_api_twitter/venv/lib/python3.9/site-packages/airflow/example_dags/tutorial_taskflow_api_etl_virtualenv.py
[2023-01-04 07:50:11,165] {logging_mixin.py:115} INFO - [2023-01-04 07:50:11,165] {tutorial_taskflow_api_etl_virtualenv.py:29} WARNING - The tutorial_taskflow_api_etl_virtualenv example DAG requires virtualenv, please install it.
[2023-01-04 07:50:11,165] {processor.py:653} WARNING - No viable dags retrieved from /home/gustavo/Documents/etl_api_twitter/venv/lib/python3.9/site-packages/airflow/example_dags/tutorial_taskflow_api_etl_virtualenv.py
[2023-01-04 07:50:11,221] {processor.py:161} INFO - Processing /home/gustavo/Documents/etl_api_twitter/venv/lib/python3.9/site-packages/airflow/example_dags/tutorial_taskflow_api_etl_virtualenv.py took 0.131 seconds
[2023-01-04 07:50:49,236] {processor.py:153} INFO - Started process (PID=22957) to work on /home/gustavo/Documents/etl_api_twitter/venv/lib/python3.9/site-packages/airflow/example_dags/tutorial_taskflow_api_etl_virtualenv.py
[2023-01-04 07:50:49,240] {processor.py:641} INFO - Processing file /home/gustavo/Documents/etl_api_twitter/venv/lib/python3.9/site-packages/airflow/example_dags/tutorial_taskflow_api_etl_virtualenv.py for tasks to queue
[2023-01-04 07:50:49,240] {logging_mixin.py:115} INFO - [2023-01-04 07:50:49,240] {dagbag.py:507} INFO - Filling up the DagBag from /home/gustavo/Documents/etl_api_twitter/venv/lib/python3.9/site-packages/airflow/example_dags/tutorial_taskflow_api_etl_virtualenv.py
[2023-01-04 07:50:49,254] {logging_mixin.py:115} INFO - [2023-01-04 07:50:49,254] {tutorial_taskflow_api_etl_virtualenv.py:29} WARNING - The tutorial_taskflow_api_etl_virtualenv example DAG requires virtualenv, please install it.
[2023-01-04 07:50:49,254] {processor.py:653} WARNING - No viable dags retrieved from /home/gustavo/Documents/etl_api_twitter/venv/lib/python3.9/site-packages/airflow/example_dags/tutorial_taskflow_api_etl_virtualenv.py
[2023-01-04 07:50:49,285] {processor.py:161} INFO - Processing /home/gustavo/Documents/etl_api_twitter/venv/lib/python3.9/site-packages/airflow/example_dags/tutorial_taskflow_api_etl_virtualenv.py took 0.052 seconds
[2023-01-04 07:51:30,864] {processor.py:153} INFO - Started process (PID=23204) to work on /home/gustavo/Documents/etl_api_twitter/venv/lib/python3.9/site-packages/airflow/example_dags/tutorial_taskflow_api_etl_virtualenv.py
[2023-01-04 07:51:30,866] {processor.py:641} INFO - Processing file /home/gustavo/Documents/etl_api_twitter/venv/lib/python3.9/site-packages/airflow/example_dags/tutorial_taskflow_api_etl_virtualenv.py for tasks to queue
[2023-01-04 07:51:30,867] {logging_mixin.py:115} INFO - [2023-01-04 07:51:30,866] {dagbag.py:507} INFO - Filling up the DagBag from /home/gustavo/Documents/etl_api_twitter/venv/lib/python3.9/site-packages/airflow/example_dags/tutorial_taskflow_api_etl_virtualenv.py
[2023-01-04 07:51:30,923] {logging_mixin.py:115} INFO - [2023-01-04 07:51:30,923] {tutorial_taskflow_api_etl_virtualenv.py:29} WARNING - The tutorial_taskflow_api_etl_virtualenv example DAG requires virtualenv, please install it.
[2023-01-04 07:51:30,931] {processor.py:653} WARNING - No viable dags retrieved from /home/gustavo/Documents/etl_api_twitter/venv/lib/python3.9/site-packages/airflow/example_dags/tutorial_taskflow_api_etl_virtualenv.py
[2023-01-04 07:51:30,979] {processor.py:161} INFO - Processing /home/gustavo/Documents/etl_api_twitter/venv/lib/python3.9/site-packages/airflow/example_dags/tutorial_taskflow_api_etl_virtualenv.py took 0.130 seconds
[2023-01-04 07:52:45,155] {processor.py:153} INFO - Started process (PID=23760) to work on /home/gustavo/Documents/etl_api_twitter/venv/lib/python3.9/site-packages/airflow/example_dags/tutorial_taskflow_api_etl_virtualenv.py
[2023-01-04 07:52:45,161] {processor.py:641} INFO - Processing file /home/gustavo/Documents/etl_api_twitter/venv/lib/python3.9/site-packages/airflow/example_dags/tutorial_taskflow_api_etl_virtualenv.py for tasks to queue
[2023-01-04 07:52:45,163] {logging_mixin.py:115} INFO - [2023-01-04 07:52:45,162] {dagbag.py:507} INFO - Filling up the DagBag from /home/gustavo/Documents/etl_api_twitter/venv/lib/python3.9/site-packages/airflow/example_dags/tutorial_taskflow_api_etl_virtualenv.py
[2023-01-04 07:52:45,191] {logging_mixin.py:115} INFO - [2023-01-04 07:52:45,191] {tutorial_taskflow_api_etl_virtualenv.py:29} WARNING - The tutorial_taskflow_api_etl_virtualenv example DAG requires virtualenv, please install it.
[2023-01-04 07:52:45,192] {processor.py:653} WARNING - No viable dags retrieved from /home/gustavo/Documents/etl_api_twitter/venv/lib/python3.9/site-packages/airflow/example_dags/tutorial_taskflow_api_etl_virtualenv.py
[2023-01-04 07:52:45,205] {processor.py:161} INFO - Processing /home/gustavo/Documents/etl_api_twitter/venv/lib/python3.9/site-packages/airflow/example_dags/tutorial_taskflow_api_etl_virtualenv.py took 0.057 seconds
[2023-01-04 07:53:23,125] {processor.py:153} INFO - Started process (PID=24277) to work on /home/gustavo/Documents/etl_api_twitter/venv/lib/python3.9/site-packages/airflow/example_dags/tutorial_taskflow_api_etl_virtualenv.py
[2023-01-04 07:53:23,129] {processor.py:641} INFO - Processing file /home/gustavo/Documents/etl_api_twitter/venv/lib/python3.9/site-packages/airflow/example_dags/tutorial_taskflow_api_etl_virtualenv.py for tasks to queue
[2023-01-04 07:53:23,130] {logging_mixin.py:115} INFO - [2023-01-04 07:53:23,129] {dagbag.py:507} INFO - Filling up the DagBag from /home/gustavo/Documents/etl_api_twitter/venv/lib/python3.9/site-packages/airflow/example_dags/tutorial_taskflow_api_etl_virtualenv.py
[2023-01-04 07:53:23,171] {logging_mixin.py:115} INFO - [2023-01-04 07:53:23,171] {tutorial_taskflow_api_etl_virtualenv.py:29} WARNING - The tutorial_taskflow_api_etl_virtualenv example DAG requires virtualenv, please install it.
[2023-01-04 07:53:23,172] {processor.py:653} WARNING - No viable dags retrieved from /home/gustavo/Documents/etl_api_twitter/venv/lib/python3.9/site-packages/airflow/example_dags/tutorial_taskflow_api_etl_virtualenv.py
[2023-01-04 07:53:23,199] {processor.py:161} INFO - Processing /home/gustavo/Documents/etl_api_twitter/venv/lib/python3.9/site-packages/airflow/example_dags/tutorial_taskflow_api_etl_virtualenv.py took 0.089 seconds
