[2023-01-04 07:50:22,624] {processor.py:153} INFO - Started process (PID=22798) to work on /home/gustavo/Documents/etl_api_twitter/venv/lib/python3.9/site-packages/airflow/example_dags/subdags/subdag.py
[2023-01-04 07:50:22,624] {processor.py:641} INFO - Processing file /home/gustavo/Documents/etl_api_twitter/venv/lib/python3.9/site-packages/airflow/example_dags/subdags/subdag.py for tasks to queue
[2023-01-04 07:50:22,625] {logging_mixin.py:115} INFO - [2023-01-04 07:50:22,625] {dagbag.py:507} INFO - Filling up the DagBag from /home/gustavo/Documents/etl_api_twitter/venv/lib/python3.9/site-packages/airflow/example_dags/subdags/subdag.py
[2023-01-04 07:50:22,627] {processor.py:653} WARNING - No viable dags retrieved from /home/gustavo/Documents/etl_api_twitter/venv/lib/python3.9/site-packages/airflow/example_dags/subdags/subdag.py
[2023-01-04 07:50:22,646] {processor.py:161} INFO - Processing /home/gustavo/Documents/etl_api_twitter/venv/lib/python3.9/site-packages/airflow/example_dags/subdags/subdag.py took 0.027 seconds
[2023-01-04 07:51:01,569] {processor.py:153} INFO - Started process (PID=23038) to work on /home/gustavo/Documents/etl_api_twitter/venv/lib/python3.9/site-packages/airflow/example_dags/subdags/subdag.py
[2023-01-04 07:51:01,571] {processor.py:641} INFO - Processing file /home/gustavo/Documents/etl_api_twitter/venv/lib/python3.9/site-packages/airflow/example_dags/subdags/subdag.py for tasks to queue
[2023-01-04 07:51:01,571] {logging_mixin.py:115} INFO - [2023-01-04 07:51:01,571] {dagbag.py:507} INFO - Filling up the DagBag from /home/gustavo/Documents/etl_api_twitter/venv/lib/python3.9/site-packages/airflow/example_dags/subdags/subdag.py
[2023-01-04 07:51:01,573] {processor.py:653} WARNING - No viable dags retrieved from /home/gustavo/Documents/etl_api_twitter/venv/lib/python3.9/site-packages/airflow/example_dags/subdags/subdag.py
[2023-01-04 07:51:01,608] {processor.py:161} INFO - Processing /home/gustavo/Documents/etl_api_twitter/venv/lib/python3.9/site-packages/airflow/example_dags/subdags/subdag.py took 0.046 seconds
[2023-01-04 07:51:41,396] {processor.py:153} INFO - Started process (PID=23256) to work on /home/gustavo/Documents/etl_api_twitter/venv/lib/python3.9/site-packages/airflow/example_dags/subdags/subdag.py
[2023-01-04 07:51:41,400] {processor.py:641} INFO - Processing file /home/gustavo/Documents/etl_api_twitter/venv/lib/python3.9/site-packages/airflow/example_dags/subdags/subdag.py for tasks to queue
[2023-01-04 07:51:41,401] {logging_mixin.py:115} INFO - [2023-01-04 07:51:41,401] {dagbag.py:507} INFO - Filling up the DagBag from /home/gustavo/Documents/etl_api_twitter/venv/lib/python3.9/site-packages/airflow/example_dags/subdags/subdag.py
[2023-01-04 07:51:41,403] {processor.py:653} WARNING - No viable dags retrieved from /home/gustavo/Documents/etl_api_twitter/venv/lib/python3.9/site-packages/airflow/example_dags/subdags/subdag.py
[2023-01-04 07:51:41,427] {processor.py:161} INFO - Processing /home/gustavo/Documents/etl_api_twitter/venv/lib/python3.9/site-packages/airflow/example_dags/subdags/subdag.py took 0.035 seconds
[2023-01-04 07:52:56,503] {processor.py:153} INFO - Started process (PID=23902) to work on /home/gustavo/Documents/etl_api_twitter/venv/lib/python3.9/site-packages/airflow/example_dags/subdags/subdag.py
[2023-01-04 07:52:56,505] {processor.py:641} INFO - Processing file /home/gustavo/Documents/etl_api_twitter/venv/lib/python3.9/site-packages/airflow/example_dags/subdags/subdag.py for tasks to queue
[2023-01-04 07:52:56,506] {logging_mixin.py:115} INFO - [2023-01-04 07:52:56,505] {dagbag.py:507} INFO - Filling up the DagBag from /home/gustavo/Documents/etl_api_twitter/venv/lib/python3.9/site-packages/airflow/example_dags/subdags/subdag.py
[2023-01-04 07:52:56,508] {processor.py:653} WARNING - No viable dags retrieved from /home/gustavo/Documents/etl_api_twitter/venv/lib/python3.9/site-packages/airflow/example_dags/subdags/subdag.py
[2023-01-04 07:52:56,534] {processor.py:161} INFO - Processing /home/gustavo/Documents/etl_api_twitter/venv/lib/python3.9/site-packages/airflow/example_dags/subdags/subdag.py took 0.036 seconds
[2023-01-04 07:53:33,657] {processor.py:153} INFO - Started process (PID=24349) to work on /home/gustavo/Documents/etl_api_twitter/venv/lib/python3.9/site-packages/airflow/example_dags/subdags/subdag.py
[2023-01-04 07:53:33,659] {processor.py:641} INFO - Processing file /home/gustavo/Documents/etl_api_twitter/venv/lib/python3.9/site-packages/airflow/example_dags/subdags/subdag.py for tasks to queue
[2023-01-04 07:53:33,660] {logging_mixin.py:115} INFO - [2023-01-04 07:53:33,660] {dagbag.py:507} INFO - Filling up the DagBag from /home/gustavo/Documents/etl_api_twitter/venv/lib/python3.9/site-packages/airflow/example_dags/subdags/subdag.py
[2023-01-04 07:53:33,663] {processor.py:653} WARNING - No viable dags retrieved from /home/gustavo/Documents/etl_api_twitter/venv/lib/python3.9/site-packages/airflow/example_dags/subdags/subdag.py
[2023-01-04 07:53:33,705] {processor.py:161} INFO - Processing /home/gustavo/Documents/etl_api_twitter/venv/lib/python3.9/site-packages/airflow/example_dags/subdags/subdag.py took 0.065 seconds
